CRITICAL - 2022-05-14 00:20:55 --> Trying to access array offset on value of type null
#0 C:\Users\SERVER\Desktop\ICTD_INHS_WEBSITE\INHS_Integrated\app\Views\f_application\application_header.php(100): CodeIgniter\Debug\Exceptions->errorHandler(2, 'Trying to acces...', 'C:\\Users\\SERVER...', 100)
#1 C:\Users\SERVER\Desktop\ICTD_INHS_WEBSITE\INHS_Integrated\vendor\codeigniter4\framework\system\View\View.php(230): include('C:\\Users\\SERVER...')
#2 C:\Users\SERVER\Desktop\ICTD_INHS_WEBSITE\INHS_Integrated\vendor\codeigniter4\framework\system\View\View.php(232): CodeIgniter\View\View->CodeIgniter\View\{closure}()
#3 C:\Users\SERVER\Desktop\ICTD_INHS_WEBSITE\INHS_Integrated\vendor\codeigniter4\framework\system\Common.php(1250): CodeIgniter\View\View->render('f_application/a...', Array, true)
#4 C:\Users\SERVER\Desktop\ICTD_INHS_WEBSITE\INHS_Integrated\app\Controllers\Application.php(221): view('f_application/a...', Array)
#5 C:\Users\SERVER\Desktop\ICTD_INHS_WEBSITE\INHS_Integrated\vendor\codeigniter4\framework\system\CodeIgniter.php(931): App\Controllers\Application->getForm()
#6 C:\Users\SERVER\Desktop\ICTD_INHS_WEBSITE\INHS_Integrated\vendor\codeigniter4\framework\system\CodeIgniter.php(439): CodeIgniter\CodeIgniter->runController(Object(App\Controllers\Application))
#7 C:\Users\SERVER\Desktop\ICTD_INHS_WEBSITE\INHS_Integrated\vendor\codeigniter4\framework\system\CodeIgniter.php(339): CodeIgniter\CodeIgniter->handleRequest(NULL, Object(Config\Cache), false)
#8 C:\Users\SERVER\Desktop\ICTD_INHS_WEBSITE\INHS_Integrated\public\index.php(36): CodeIgniter\CodeIgniter->run()
#9 C:\Users\SERVER\Desktop\ICTD_INHS_WEBSITE\INHS_Integrated\vendor\codeigniter4\framework\system\Commands\Server\rewrite.php(45): require_once('C:\\Users\\SERVER...')
#10 {main}
CRITICAL - 2022-05-14 00:49:41 --> Trying to access array offset on value of type null
#0 C:\Users\SERVER\Desktop\ICTD_INHS_WEBSITE\INHS_Integrated\app\Views\f_application\application_header.php(100): CodeIgniter\Debug\Exceptions->errorHandler(2, 'Trying to acces...', 'C:\\Users\\SERVER...', 100)
#1 C:\Users\SERVER\Desktop\ICTD_INHS_WEBSITE\INHS_Integrated\vendor\codeigniter4\framework\system\View\View.php(230): include('C:\\Users\\SERVER...')
#2 C:\Users\SERVER\Desktop\ICTD_INHS_WEBSITE\INHS_Integrated\vendor\codeigniter4\framework\system\View\View.php(232): CodeIgniter\View\View->CodeIgniter\View\{closure}()
#3 C:\Users\SERVER\Desktop\ICTD_INHS_WEBSITE\INHS_Integrated\vendor\codeigniter4\framework\system\Common.php(1250): CodeIgniter\View\View->render('f_application/a...', Array, true)
#4 C:\Users\SERVER\Desktop\ICTD_INHS_WEBSITE\INHS_Integrated\app\Controllers\Application.php(221): view('f_application/a...', Array)
#5 C:\Users\SERVER\Desktop\ICTD_INHS_WEBSITE\INHS_Integrated\vendor\codeigniter4\framework\system\CodeIgniter.php(931): App\Controllers\Application->getForm()
#6 C:\Users\SERVER\Desktop\ICTD_INHS_WEBSITE\INHS_Integrated\vendor\codeigniter4\framework\system\CodeIgniter.php(439): CodeIgniter\CodeIgniter->runController(Object(App\Controllers\Application))
#7 C:\Users\SERVER\Desktop\ICTD_INHS_WEBSITE\INHS_Integrated\vendor\codeigniter4\framework\system\CodeIgniter.php(339): CodeIgniter\CodeIgniter->handleRequest(NULL, Object(Config\Cache), false)
#8 C:\Users\SERVER\Desktop\ICTD_INHS_WEBSITE\INHS_Integrated\public\index.php(36): CodeIgniter\CodeIgniter->run()
#9 C:\Users\SERVER\Desktop\ICTD_INHS_WEBSITE\INHS_Integrated\vendor\codeigniter4\framework\system\Commands\Server\rewrite.php(45): require_once('C:\\Users\\SERVER...')
#10 {main}
CRITICAL - 2022-05-14 00:49:44 --> Trying to access array offset on value of type null
#0 C:\Users\SERVER\Desktop\ICTD_INHS_WEBSITE\INHS_Integrated\app\Views\f_application\application_header.php(100): CodeIgniter\Debug\Exceptions->errorHandler(2, 'Trying to acces...', 'C:\\Users\\SERVER...', 100)
#1 C:\Users\SERVER\Desktop\ICTD_INHS_WEBSITE\INHS_Integrated\vendor\codeigniter4\framework\system\View\View.php(230): include('C:\\Users\\SERVER...')
#2 C:\Users\SERVER\Desktop\ICTD_INHS_WEBSITE\INHS_Integrated\vendor\codeigniter4\framework\system\View\View.php(232): CodeIgniter\View\View->CodeIgniter\View\{closure}()
#3 C:\Users\SERVER\Desktop\ICTD_INHS_WEBSITE\INHS_Integrated\vendor\codeigniter4\framework\system\Common.php(1250): CodeIgniter\View\View->render('f_application/a...', Array, true)
#4 C:\Users\SERVER\Desktop\ICTD_INHS_WEBSITE\INHS_Integrated\app\Controllers\Application.php(221): view('f_application/a...', Array)
#5 C:\Users\SERVER\Desktop\ICTD_INHS_WEBSITE\INHS_Integrated\vendor\codeigniter4\framework\system\CodeIgniter.php(931): App\Controllers\Application->getForm()
#6 C:\Users\SERVER\Desktop\ICTD_INHS_WEBSITE\INHS_Integrated\vendor\codeigniter4\framework\system\CodeIgniter.php(439): CodeIgniter\CodeIgniter->runController(Object(App\Controllers\Application))
#7 C:\Users\SERVER\Desktop\ICTD_INHS_WEBSITE\INHS_Integrated\vendor\codeigniter4\framework\system\CodeIgniter.php(339): CodeIgniter\CodeIgniter->handleRequest(NULL, Object(Config\Cache), false)
#8 C:\Users\SERVER\Desktop\ICTD_INHS_WEBSITE\INHS_Integrated\public\index.php(36): CodeIgniter\CodeIgniter->run()
#9 C:\Users\SERVER\Desktop\ICTD_INHS_WEBSITE\INHS_Integrated\vendor\codeigniter4\framework\system\Commands\Server\rewrite.php(45): require_once('C:\\Users\\SERVER...')
#10 {main}
CRITICAL - 2022-05-14 00:49:46 --> Trying to access array offset on value of type null
#0 C:\Users\SERVER\Desktop\ICTD_INHS_WEBSITE\INHS_Integrated\app\Views\f_application\application_header.php(100): CodeIgniter\Debug\Exceptions->errorHandler(2, 'Trying to acces...', 'C:\\Users\\SERVER...', 100)
#1 C:\Users\SERVER\Desktop\ICTD_INHS_WEBSITE\INHS_Integrated\vendor\codeigniter4\framework\system\View\View.php(230): include('C:\\Users\\SERVER...')
#2 C:\Users\SERVER\Desktop\ICTD_INHS_WEBSITE\INHS_Integrated\vendor\codeigniter4\framework\system\View\View.php(232): CodeIgniter\View\View->CodeIgniter\View\{closure}()
#3 C:\Users\SERVER\Desktop\ICTD_INHS_WEBSITE\INHS_Integrated\vendor\codeigniter4\framework\system\Common.php(1250): CodeIgniter\View\View->render('f_application/a...', Array, true)
#4 C:\Users\SERVER\Desktop\ICTD_INHS_WEBSITE\INHS_Integrated\app\Controllers\Application.php(221): view('f_application/a...', Array)
#5 C:\Users\SERVER\Desktop\ICTD_INHS_WEBSITE\INHS_Integrated\vendor\codeigniter4\framework\system\CodeIgniter.php(931): App\Controllers\Application->getForm()
#6 C:\Users\SERVER\Desktop\ICTD_INHS_WEBSITE\INHS_Integrated\vendor\codeigniter4\framework\system\CodeIgniter.php(439): CodeIgniter\CodeIgniter->runController(Object(App\Controllers\Application))
#7 C:\Users\SERVER\Desktop\ICTD_INHS_WEBSITE\INHS_Integrated\vendor\codeigniter4\framework\system\CodeIgniter.php(339): CodeIgniter\CodeIgniter->handleRequest(NULL, Object(Config\Cache), false)
#8 C:\Users\SERVER\Desktop\ICTD_INHS_WEBSITE\INHS_Integrated\public\index.php(36): CodeIgniter\CodeIgniter->run()
#9 C:\Users\SERVER\Desktop\ICTD_INHS_WEBSITE\INHS_Integrated\vendor\codeigniter4\framework\system\Commands\Server\rewrite.php(45): require_once('C:\\Users\\SERVER...')
#10 {main}
CRITICAL - 2022-05-14 00:50:16 --> Trying to access array offset on value of type null
#0 C:\Users\SERVER\Desktop\ICTD_INHS_WEBSITE\INHS_Integrated\app\Views\f_application\application_header.php(100): CodeIgniter\Debug\Exceptions->errorHandler(2, 'Trying to acces...', 'C:\\Users\\SERVER...', 100)
#1 C:\Users\SERVER\Desktop\ICTD_INHS_WEBSITE\INHS_Integrated\vendor\codeigniter4\framework\system\View\View.php(230): include('C:\\Users\\SERVER...')
#2 C:\Users\SERVER\Desktop\ICTD_INHS_WEBSITE\INHS_Integrated\vendor\codeigniter4\framework\system\View\View.php(232): CodeIgniter\View\View->CodeIgniter\View\{closure}()
#3 C:\Users\SERVER\Desktop\ICTD_INHS_WEBSITE\INHS_Integrated\vendor\codeigniter4\framework\system\Common.php(1250): CodeIgniter\View\View->render('f_application/a...', Array, true)
#4 C:\Users\SERVER\Desktop\ICTD_INHS_WEBSITE\INHS_Integrated\app\Controllers\Application.php(221): view('f_application/a...', Array)
#5 C:\Users\SERVER\Desktop\ICTD_INHS_WEBSITE\INHS_Integrated\vendor\codeigniter4\framework\system\CodeIgniter.php(931): App\Controllers\Application->getForm()
#6 C:\Users\SERVER\Desktop\ICTD_INHS_WEBSITE\INHS_Integrated\vendor\codeigniter4\framework\system\CodeIgniter.php(439): CodeIgniter\CodeIgniter->runController(Object(App\Controllers\Application))
#7 C:\Users\SERVER\Desktop\ICTD_INHS_WEBSITE\INHS_Integrated\vendor\codeigniter4\framework\system\CodeIgniter.php(339): CodeIgniter\CodeIgniter->handleRequest(NULL, Object(Config\Cache), false)
#8 C:\Users\SERVER\Desktop\ICTD_INHS_WEBSITE\INHS_Integrated\public\index.php(36): CodeIgniter\CodeIgniter->run()
#9 C:\Users\SERVER\Desktop\ICTD_INHS_WEBSITE\INHS_Integrated\vendor\codeigniter4\framework\system\Commands\Server\rewrite.php(45): require_once('C:\\Users\\SERVER...')
#10 {main}
CRITICAL - 2022-05-14 00:51:02 --> Trying to access array offset on value of type null
#0 C:\Users\SERVER\Desktop\ICTD_INHS_WEBSITE\INHS_Integrated\app\Views\f_application\application_header.php(100): CodeIgniter\Debug\Exceptions->errorHandler(2, 'Trying to acces...', 'C:\\Users\\SERVER...', 100)
#1 C:\Users\SERVER\Desktop\ICTD_INHS_WEBSITE\INHS_Integrated\vendor\codeigniter4\framework\system\View\View.php(230): include('C:\\Users\\SERVER...')
#2 C:\Users\SERVER\Desktop\ICTD_INHS_WEBSITE\INHS_Integrated\vendor\codeigniter4\framework\system\View\View.php(232): CodeIgniter\View\View->CodeIgniter\View\{closure}()
#3 C:\Users\SERVER\Desktop\ICTD_INHS_WEBSITE\INHS_Integrated\vendor\codeigniter4\framework\system\Common.php(1250): CodeIgniter\View\View->render('f_application/a...', Array, true)
#4 C:\Users\SERVER\Desktop\ICTD_INHS_WEBSITE\INHS_Integrated\app\Controllers\Application.php(221): view('f_application/a...', Array)
#5 C:\Users\SERVER\Desktop\ICTD_INHS_WEBSITE\INHS_Integrated\vendor\codeigniter4\framework\system\CodeIgniter.php(931): App\Controllers\Application->getForm()
#6 C:\Users\SERVER\Desktop\ICTD_INHS_WEBSITE\INHS_Integrated\vendor\codeigniter4\framework\system\CodeIgniter.php(439): CodeIgniter\CodeIgniter->runController(Object(App\Controllers\Application))
#7 C:\Users\SERVER\Desktop\ICTD_INHS_WEBSITE\INHS_Integrated\vendor\codeigniter4\framework\system\CodeIgniter.php(339): CodeIgniter\CodeIgniter->handleRequest(NULL, Object(Config\Cache), false)
#8 C:\Users\SERVER\Desktop\ICTD_INHS_WEBSITE\INHS_Integrated\public\index.php(36): CodeIgniter\CodeIgniter->run()
#9 C:\Users\SERVER\Desktop\ICTD_INHS_WEBSITE\INHS_Integrated\vendor\codeigniter4\framework\system\Commands\Server\rewrite.php(45): require_once('C:\\Users\\SERVER...')
#10 {main}
CRITICAL - 2022-05-14 00:51:03 --> Trying to access array offset on value of type null
#0 C:\Users\SERVER\Desktop\ICTD_INHS_WEBSITE\INHS_Integrated\app\Views\f_application\application_header.php(100): CodeIgniter\Debug\Exceptions->errorHandler(2, 'Trying to acces...', 'C:\\Users\\SERVER...', 100)
#1 C:\Users\SERVER\Desktop\ICTD_INHS_WEBSITE\INHS_Integrated\vendor\codeigniter4\framework\system\View\View.php(230): include('C:\\Users\\SERVER...')
#2 C:\Users\SERVER\Desktop\ICTD_INHS_WEBSITE\INHS_Integrated\vendor\codeigniter4\framework\system\View\View.php(232): CodeIgniter\View\View->CodeIgniter\View\{closure}()
#3 C:\Users\SERVER\Desktop\ICTD_INHS_WEBSITE\INHS_Integrated\vendor\codeigniter4\framework\system\Common.php(1250): CodeIgniter\View\View->render('f_application/a...', Array, true)
#4 C:\Users\SERVER\Desktop\ICTD_INHS_WEBSITE\INHS_Integrated\app\Controllers\Application.php(221): view('f_application/a...', Array)
#5 C:\Users\SERVER\Desktop\ICTD_INHS_WEBSITE\INHS_Integrated\vendor\codeigniter4\framework\system\CodeIgniter.php(931): App\Controllers\Application->getForm()
#6 C:\Users\SERVER\Desktop\ICTD_INHS_WEBSITE\INHS_Integrated\vendor\codeigniter4\framework\system\CodeIgniter.php(439): CodeIgniter\CodeIgniter->runController(Object(App\Controllers\Application))
#7 C:\Users\SERVER\Desktop\ICTD_INHS_WEBSITE\INHS_Integrated\vendor\codeigniter4\framework\system\CodeIgniter.php(339): CodeIgniter\CodeIgniter->handleRequest(NULL, Object(Config\Cache), false)
#8 C:\Users\SERVER\Desktop\ICTD_INHS_WEBSITE\INHS_Integrated\public\index.php(36): CodeIgniter\CodeIgniter->run()
#9 C:\Users\SERVER\Desktop\ICTD_INHS_WEBSITE\INHS_Integrated\vendor\codeigniter4\framework\system\Commands\Server\rewrite.php(45): require_once('C:\\Users\\SERVER...')
#10 {main}
CRITICAL - 2022-05-14 01:00:09 --> Trying to access array offset on value of type null
#0 C:\Users\SERVER\Desktop\ICTD_INHS_WEBSITE\INHS_Integrated\app\Views\f_application\application_header.php(100): CodeIgniter\Debug\Exceptions->errorHandler(2, 'Trying to acces...', 'C:\\Users\\SERVER...', 100)
#1 C:\Users\SERVER\Desktop\ICTD_INHS_WEBSITE\INHS_Integrated\vendor\codeigniter4\framework\system\View\View.php(230): include('C:\\Users\\SERVER...')
#2 C:\Users\SERVER\Desktop\ICTD_INHS_WEBSITE\INHS_Integrated\vendor\codeigniter4\framework\system\View\View.php(232): CodeIgniter\View\View->CodeIgniter\View\{closure}()
#3 C:\Users\SERVER\Desktop\ICTD_INHS_WEBSITE\INHS_Integrated\vendor\codeigniter4\framework\system\Common.php(1250): CodeIgniter\View\View->render('f_application/a...', Array, true)
#4 C:\Users\SERVER\Desktop\ICTD_INHS_WEBSITE\INHS_Integrated\app\Controllers\Application.php(773): view('f_application/a...', Array)
#5 C:\Users\SERVER\Desktop\ICTD_INHS_WEBSITE\INHS_Integrated\vendor\codeigniter4\framework\system\CodeIgniter.php(931): App\Controllers\Application->reprocessAppForm()
#6 C:\Users\SERVER\Desktop\ICTD_INHS_WEBSITE\INHS_Integrated\vendor\codeigniter4\framework\system\CodeIgniter.php(439): CodeIgniter\CodeIgniter->runController(Object(App\Controllers\Application))
#7 C:\Users\SERVER\Desktop\ICTD_INHS_WEBSITE\INHS_Integrated\vendor\codeigniter4\framework\system\CodeIgniter.php(339): CodeIgniter\CodeIgniter->handleRequest(NULL, Object(Config\Cache), false)
#8 C:\Users\SERVER\Desktop\ICTD_INHS_WEBSITE\INHS_Integrated\public\index.php(36): CodeIgniter\CodeIgniter->run()
#9 C:\Users\SERVER\Desktop\ICTD_INHS_WEBSITE\INHS_Integrated\vendor\codeigniter4\framework\system\Commands\Server\rewrite.php(45): require_once('C:\\Users\\SERVER...')
#10 {main}
CRITICAL - 2022-05-14 01:00:10 --> Trying to access array offset on value of type null
#0 C:\Users\SERVER\Desktop\ICTD_INHS_WEBSITE\INHS_Integrated\app\Views\f_application\application_header.php(100): CodeIgniter\Debug\Exceptions->errorHandler(2, 'Trying to acces...', 'C:\\Users\\SERVER...', 100)
#1 C:\Users\SERVER\Desktop\ICTD_INHS_WEBSITE\INHS_Integrated\vendor\codeigniter4\framework\system\View\View.php(230): include('C:\\Users\\SERVER...')
#2 C:\Users\SERVER\Desktop\ICTD_INHS_WEBSITE\INHS_Integrated\vendor\codeigniter4\framework\system\View\View.php(232): CodeIgniter\View\View->CodeIgniter\View\{closure}()
#3 C:\Users\SERVER\Desktop\ICTD_INHS_WEBSITE\INHS_Integrated\vendor\codeigniter4\framework\system\Common.php(1250): CodeIgniter\View\View->render('f_application/a...', Array, true)
#4 C:\Users\SERVER\Desktop\ICTD_INHS_WEBSITE\INHS_Integrated\app\Controllers\Application.php(773): view('f_application/a...', Array)
#5 C:\Users\SERVER\Desktop\ICTD_INHS_WEBSITE\INHS_Integrated\vendor\codeigniter4\framework\system\CodeIgniter.php(931): App\Controllers\Application->reprocessAppForm()
#6 C:\Users\SERVER\Desktop\ICTD_INHS_WEBSITE\INHS_Integrated\vendor\codeigniter4\framework\system\CodeIgniter.php(439): CodeIgniter\CodeIgniter->runController(Object(App\Controllers\Application))
#7 C:\Users\SERVER\Desktop\ICTD_INHS_WEBSITE\INHS_Integrated\vendor\codeigniter4\framework\system\CodeIgniter.php(339): CodeIgniter\CodeIgniter->handleRequest(NULL, Object(Config\Cache), false)
#8 C:\Users\SERVER\Desktop\ICTD_INHS_WEBSITE\INHS_Integrated\public\index.php(36): CodeIgniter\CodeIgniter->run()
#9 C:\Users\SERVER\Desktop\ICTD_INHS_WEBSITE\INHS_Integrated\vendor\codeigniter4\framework\system\Commands\Server\rewrite.php(45): require_once('C:\\Users\\SERVER...')
#10 {main}
CRITICAL - 2022-05-14 01:00:12 --> Trying to access array offset on value of type null
#0 C:\Users\SERVER\Desktop\ICTD_INHS_WEBSITE\INHS_Integrated\app\Views\f_application\application_header.php(100): CodeIgniter\Debug\Exceptions->errorHandler(2, 'Trying to acces...', 'C:\\Users\\SERVER...', 100)
#1 C:\Users\SERVER\Desktop\ICTD_INHS_WEBSITE\INHS_Integrated\vendor\codeigniter4\framework\system\View\View.php(230): include('C:\\Users\\SERVER...')
#2 C:\Users\SERVER\Desktop\ICTD_INHS_WEBSITE\INHS_Integrated\vendor\codeigniter4\framework\system\View\View.php(232): CodeIgniter\View\View->CodeIgniter\View\{closure}()
#3 C:\Users\SERVER\Desktop\ICTD_INHS_WEBSITE\INHS_Integrated\vendor\codeigniter4\framework\system\Common.php(1250): CodeIgniter\View\View->render('f_application/a...', Array, true)
#4 C:\Users\SERVER\Desktop\ICTD_INHS_WEBSITE\INHS_Integrated\app\Controllers\Application.php(773): view('f_application/a...', Array)
#5 C:\Users\SERVER\Desktop\ICTD_INHS_WEBSITE\INHS_Integrated\vendor\codeigniter4\framework\system\CodeIgniter.php(931): App\Controllers\Application->reprocessAppForm()
#6 C:\Users\SERVER\Desktop\ICTD_INHS_WEBSITE\INHS_Integrated\vendor\codeigniter4\framework\system\CodeIgniter.php(439): CodeIgniter\CodeIgniter->runController(Object(App\Controllers\Application))
#7 C:\Users\SERVER\Desktop\ICTD_INHS_WEBSITE\INHS_Integrated\vendor\codeigniter4\framework\system\CodeIgniter.php(339): CodeIgniter\CodeIgniter->handleRequest(NULL, Object(Config\Cache), false)
#8 C:\Users\SERVER\Desktop\ICTD_INHS_WEBSITE\INHS_Integrated\public\index.php(36): CodeIgniter\CodeIgniter->run()
#9 C:\Users\SERVER\Desktop\ICTD_INHS_WEBSITE\INHS_Integrated\vendor\codeigniter4\framework\system\Commands\Server\rewrite.php(45): require_once('C:\\Users\\SERVER...')
#10 {main}
CRITICAL - 2022-05-14 01:00:13 --> Trying to access array offset on value of type null
#0 C:\Users\SERVER\Desktop\ICTD_INHS_WEBSITE\INHS_Integrated\app\Views\f_application\application_header.php(100): CodeIgniter\Debug\Exceptions->errorHandler(2, 'Trying to acces...', 'C:\\Users\\SERVER...', 100)
#1 C:\Users\SERVER\Desktop\ICTD_INHS_WEBSITE\INHS_Integrated\vendor\codeigniter4\framework\system\View\View.php(230): include('C:\\Users\\SERVER...')
#2 C:\Users\SERVER\Desktop\ICTD_INHS_WEBSITE\INHS_Integrated\vendor\codeigniter4\framework\system\View\View.php(232): CodeIgniter\View\View->CodeIgniter\View\{closure}()
#3 C:\Users\SERVER\Desktop\ICTD_INHS_WEBSITE\INHS_Integrated\vendor\codeigniter4\framework\system\Common.php(1250): CodeIgniter\View\View->render('f_application/a...', Array, true)
#4 C:\Users\SERVER\Desktop\ICTD_INHS_WEBSITE\INHS_Integrated\app\Controllers\Application.php(773): view('f_application/a...', Array)
#5 C:\Users\SERVER\Desktop\ICTD_INHS_WEBSITE\INHS_Integrated\vendor\codeigniter4\framework\system\CodeIgniter.php(931): App\Controllers\Application->reprocessAppForm()
#6 C:\Users\SERVER\Desktop\ICTD_INHS_WEBSITE\INHS_Integrated\vendor\codeigniter4\framework\system\CodeIgniter.php(439): CodeIgniter\CodeIgniter->runController(Object(App\Controllers\Application))
#7 C:\Users\SERVER\Desktop\ICTD_INHS_WEBSITE\INHS_Integrated\vendor\codeigniter4\framework\system\CodeIgniter.php(339): CodeIgniter\CodeIgniter->handleRequest(NULL, Object(Config\Cache), false)
#8 C:\Users\SERVER\Desktop\ICTD_INHS_WEBSITE\INHS_Integrated\public\index.php(36): CodeIgniter\CodeIgniter->run()
#9 C:\Users\SERVER\Desktop\ICTD_INHS_WEBSITE\INHS_Integrated\vendor\codeigniter4\framework\system\Commands\Server\rewrite.php(45): require_once('C:\\Users\\SERVER...')
#10 {main}
CRITICAL - 2022-05-14 01:00:13 --> Trying to access array offset on value of type null
#0 C:\Users\SERVER\Desktop\ICTD_INHS_WEBSITE\INHS_Integrated\app\Views\f_application\application_header.php(100): CodeIgniter\Debug\Exceptions->errorHandler(2, 'Trying to acces...', 'C:\\Users\\SERVER...', 100)
#1 C:\Users\SERVER\Desktop\ICTD_INHS_WEBSITE\INHS_Integrated\vendor\codeigniter4\framework\system\View\View.php(230): include('C:\\Users\\SERVER...')
#2 C:\Users\SERVER\Desktop\ICTD_INHS_WEBSITE\INHS_Integrated\vendor\codeigniter4\framework\system\View\View.php(232): CodeIgniter\View\View->CodeIgniter\View\{closure}()
#3 C:\Users\SERVER\Desktop\ICTD_INHS_WEBSITE\INHS_Integrated\vendor\codeigniter4\framework\system\Common.php(1250): CodeIgniter\View\View->render('f_application/a...', Array, true)
#4 C:\Users\SERVER\Desktop\ICTD_INHS_WEBSITE\INHS_Integrated\app\Controllers\Application.php(773): view('f_application/a...', Array)
#5 C:\Users\SERVER\Desktop\ICTD_INHS_WEBSITE\INHS_Integrated\vendor\codeigniter4\framework\system\CodeIgniter.php(931): App\Controllers\Application->reprocessAppForm()
#6 C:\Users\SERVER\Desktop\ICTD_INHS_WEBSITE\INHS_Integrated\vendor\codeigniter4\framework\system\CodeIgniter.php(439): CodeIgniter\CodeIgniter->runController(Object(App\Controllers\Application))
#7 C:\Users\SERVER\Desktop\ICTD_INHS_WEBSITE\INHS_Integrated\vendor\codeigniter4\framework\system\CodeIgniter.php(339): CodeIgniter\CodeIgniter->handleRequest(NULL, Object(Config\Cache), false)
#8 C:\Users\SERVER\Desktop\ICTD_INHS_WEBSITE\INHS_Integrated\public\index.php(36): CodeIgniter\CodeIgniter->run()
#9 C:\Users\SERVER\Desktop\ICTD_INHS_WEBSITE\INHS_Integrated\vendor\codeigniter4\framework\system\Commands\Server\rewrite.php(45): require_once('C:\\Users\\SERVER...')
#10 {main}
CRITICAL - 2022-05-14 01:00:16 --> Trying to access array offset on value of type null
#0 C:\Users\SERVER\Desktop\ICTD_INHS_WEBSITE\INHS_Integrated\app\Views\f_application\application_header.php(100): CodeIgniter\Debug\Exceptions->errorHandler(2, 'Trying to acces...', 'C:\\Users\\SERVER...', 100)
#1 C:\Users\SERVER\Desktop\ICTD_INHS_WEBSITE\INHS_Integrated\vendor\codeigniter4\framework\system\View\View.php(230): include('C:\\Users\\SERVER...')
#2 C:\Users\SERVER\Desktop\ICTD_INHS_WEBSITE\INHS_Integrated\vendor\codeigniter4\framework\system\View\View.php(232): CodeIgniter\View\View->CodeIgniter\View\{closure}()
#3 C:\Users\SERVER\Desktop\ICTD_INHS_WEBSITE\INHS_Integrated\vendor\codeigniter4\framework\system\Common.php(1250): CodeIgniter\View\View->render('f_application/a...', Array, true)
#4 C:\Users\SERVER\Desktop\ICTD_INHS_WEBSITE\INHS_Integrated\app\Controllers\Application.php(773): view('f_application/a...', Array)
#5 C:\Users\SERVER\Desktop\ICTD_INHS_WEBSITE\INHS_Integrated\vendor\codeigniter4\framework\system\CodeIgniter.php(931): App\Controllers\Application->reprocessAppForm()
#6 C:\Users\SERVER\Desktop\ICTD_INHS_WEBSITE\INHS_Integrated\vendor\codeigniter4\framework\system\CodeIgniter.php(439): CodeIgniter\CodeIgniter->runController(Object(App\Controllers\Application))
#7 C:\Users\SERVER\Desktop\ICTD_INHS_WEBSITE\INHS_Integrated\vendor\codeigniter4\framework\system\CodeIgniter.php(339): CodeIgniter\CodeIgniter->handleRequest(NULL, Object(Config\Cache), false)
#8 C:\Users\SERVER\Desktop\ICTD_INHS_WEBSITE\INHS_Integrated\public\index.php(36): CodeIgniter\CodeIgniter->run()
#9 C:\Users\SERVER\Desktop\ICTD_INHS_WEBSITE\INHS_Integrated\vendor\codeigniter4\framework\system\Commands\Server\rewrite.php(45): require_once('C:\\Users\\SERVER...')
#10 {main}
CRITICAL - 2022-05-14 01:00:17 --> Trying to access array offset on value of type null
#0 C:\Users\SERVER\Desktop\ICTD_INHS_WEBSITE\INHS_Integrated\app\Views\f_application\application_header.php(100): CodeIgniter\Debug\Exceptions->errorHandler(2, 'Trying to acces...', 'C:\\Users\\SERVER...', 100)
#1 C:\Users\SERVER\Desktop\ICTD_INHS_WEBSITE\INHS_Integrated\vendor\codeigniter4\framework\system\View\View.php(230): include('C:\\Users\\SERVER...')
#2 C:\Users\SERVER\Desktop\ICTD_INHS_WEBSITE\INHS_Integrated\vendor\codeigniter4\framework\system\View\View.php(232): CodeIgniter\View\View->CodeIgniter\View\{closure}()
#3 C:\Users\SERVER\Desktop\ICTD_INHS_WEBSITE\INHS_Integrated\vendor\codeigniter4\framework\system\Common.php(1250): CodeIgniter\View\View->render('f_application/a...', Array, true)
#4 C:\Users\SERVER\Desktop\ICTD_INHS_WEBSITE\INHS_Integrated\app\Controllers\Application.php(773): view('f_application/a...', Array)
#5 C:\Users\SERVER\Desktop\ICTD_INHS_WEBSITE\INHS_Integrated\vendor\codeigniter4\framework\system\CodeIgniter.php(931): App\Controllers\Application->reprocessAppForm()
#6 C:\Users\SERVER\Desktop\ICTD_INHS_WEBSITE\INHS_Integrated\vendor\codeigniter4\framework\system\CodeIgniter.php(439): CodeIgniter\CodeIgniter->runController(Object(App\Controllers\Application))
#7 C:\Users\SERVER\Desktop\ICTD_INHS_WEBSITE\INHS_Integrated\vendor\codeigniter4\framework\system\CodeIgniter.php(339): CodeIgniter\CodeIgniter->handleRequest(NULL, Object(Config\Cache), false)
#8 C:\Users\SERVER\Desktop\ICTD_INHS_WEBSITE\INHS_Integrated\public\index.php(36): CodeIgniter\CodeIgniter->run()
#9 C:\Users\SERVER\Desktop\ICTD_INHS_WEBSITE\INHS_Integrated\vendor\codeigniter4\framework\system\Commands\Server\rewrite.php(45): require_once('C:\\Users\\SERVER...')
#10 {main}
CRITICAL - 2022-05-14 01:00:17 --> Trying to access array offset on value of type null
#0 C:\Users\SERVER\Desktop\ICTD_INHS_WEBSITE\INHS_Integrated\app\Views\f_application\application_header.php(100): CodeIgniter\Debug\Exceptions->errorHandler(2, 'Trying to acces...', 'C:\\Users\\SERVER...', 100)
#1 C:\Users\SERVER\Desktop\ICTD_INHS_WEBSITE\INHS_Integrated\vendor\codeigniter4\framework\system\View\View.php(230): include('C:\\Users\\SERVER...')
#2 C:\Users\SERVER\Desktop\ICTD_INHS_WEBSITE\INHS_Integrated\vendor\codeigniter4\framework\system\View\View.php(232): CodeIgniter\View\View->CodeIgniter\View\{closure}()
#3 C:\Users\SERVER\Desktop\ICTD_INHS_WEBSITE\INHS_Integrated\vendor\codeigniter4\framework\system\Common.php(1250): CodeIgniter\View\View->render('f_application/a...', Array, true)
#4 C:\Users\SERVER\Desktop\ICTD_INHS_WEBSITE\INHS_Integrated\app\Controllers\Application.php(773): view('f_application/a...', Array)
#5 C:\Users\SERVER\Desktop\ICTD_INHS_WEBSITE\INHS_Integrated\vendor\codeigniter4\framework\system\CodeIgniter.php(931): App\Controllers\Application->reprocessAppForm()
#6 C:\Users\SERVER\Desktop\ICTD_INHS_WEBSITE\INHS_Integrated\vendor\codeigniter4\framework\system\CodeIgniter.php(439): CodeIgniter\CodeIgniter->runController(Object(App\Controllers\Application))
#7 C:\Users\SERVER\Desktop\ICTD_INHS_WEBSITE\INHS_Integrated\vendor\codeigniter4\framework\system\CodeIgniter.php(339): CodeIgniter\CodeIgniter->handleRequest(NULL, Object(Config\Cache), false)
#8 C:\Users\SERVER\Desktop\ICTD_INHS_WEBSITE\INHS_Integrated\public\index.php(36): CodeIgniter\CodeIgniter->run()
#9 C:\Users\SERVER\Desktop\ICTD_INHS_WEBSITE\INHS_Integrated\vendor\codeigniter4\framework\system\Commands\Server\rewrite.php(45): require_once('C:\\Users\\SERVER...')
#10 {main}
CRITICAL - 2022-05-14 01:00:17 --> Trying to access array offset on value of type null
#0 C:\Users\SERVER\Desktop\ICTD_INHS_WEBSITE\INHS_Integrated\app\Views\f_application\application_header.php(100): CodeIgniter\Debug\Exceptions->errorHandler(2, 'Trying to acces...', 'C:\\Users\\SERVER...', 100)
#1 C:\Users\SERVER\Desktop\ICTD_INHS_WEBSITE\INHS_Integrated\vendor\codeigniter4\framework\system\View\View.php(230): include('C:\\Users\\SERVER...')
#2 C:\Users\SERVER\Desktop\ICTD_INHS_WEBSITE\INHS_Integrated\vendor\codeigniter4\framework\system\View\View.php(232): CodeIgniter\View\View->CodeIgniter\View\{closure}()
#3 C:\Users\SERVER\Desktop\ICTD_INHS_WEBSITE\INHS_Integrated\vendor\codeigniter4\framework\system\Common.php(1250): CodeIgniter\View\View->render('f_application/a...', Array, true)
#4 C:\Users\SERVER\Desktop\ICTD_INHS_WEBSITE\INHS_Integrated\app\Controllers\Application.php(773): view('f_application/a...', Array)
#5 C:\Users\SERVER\Desktop\ICTD_INHS_WEBSITE\INHS_Integrated\vendor\codeigniter4\framework\system\CodeIgniter.php(931): App\Controllers\Application->reprocessAppForm()
#6 C:\Users\SERVER\Desktop\ICTD_INHS_WEBSITE\INHS_Integrated\vendor\codeigniter4\framework\system\CodeIgniter.php(439): CodeIgniter\CodeIgniter->runController(Object(App\Controllers\Application))
#7 C:\Users\SERVER\Desktop\ICTD_INHS_WEBSITE\INHS_Integrated\vendor\codeigniter4\framework\system\CodeIgniter.php(339): CodeIgniter\CodeIgniter->handleRequest(NULL, Object(Config\Cache), false)
#8 C:\Users\SERVER\Desktop\ICTD_INHS_WEBSITE\INHS_Integrated\public\index.php(36): CodeIgniter\CodeIgniter->run()
#9 C:\Users\SERVER\Desktop\ICTD_INHS_WEBSITE\INHS_Integrated\vendor\codeigniter4\framework\system\Commands\Server\rewrite.php(45): require_once('C:\\Users\\SERVER...')
#10 {main}
CRITICAL - 2022-05-14 01:00:17 --> Trying to access array offset on value of type null
#0 C:\Users\SERVER\Desktop\ICTD_INHS_WEBSITE\INHS_Integrated\app\Views\f_application\application_header.php(100): CodeIgniter\Debug\Exceptions->errorHandler(2, 'Trying to acces...', 'C:\\Users\\SERVER...', 100)
#1 C:\Users\SERVER\Desktop\ICTD_INHS_WEBSITE\INHS_Integrated\vendor\codeigniter4\framework\system\View\View.php(230): include('C:\\Users\\SERVER...')
#2 C:\Users\SERVER\Desktop\ICTD_INHS_WEBSITE\INHS_Integrated\vendor\codeigniter4\framework\system\View\View.php(232): CodeIgniter\View\View->CodeIgniter\View\{closure}()
#3 C:\Users\SERVER\Desktop\ICTD_INHS_WEBSITE\INHS_Integrated\vendor\codeigniter4\framework\system\Common.php(1250): CodeIgniter\View\View->render('f_application/a...', Array, true)
#4 C:\Users\SERVER\Desktop\ICTD_INHS_WEBSITE\INHS_Integrated\app\Controllers\Application.php(773): view('f_application/a...', Array)
#5 C:\Users\SERVER\Desktop\ICTD_INHS_WEBSITE\INHS_Integrated\vendor\codeigniter4\framework\system\CodeIgniter.php(931): App\Controllers\Application->reprocessAppForm()
#6 C:\Users\SERVER\Desktop\ICTD_INHS_WEBSITE\INHS_Integrated\vendor\codeigniter4\framework\system\CodeIgniter.php(439): CodeIgniter\CodeIgniter->runController(Object(App\Controllers\Application))
#7 C:\Users\SERVER\Desktop\ICTD_INHS_WEBSITE\INHS_Integrated\vendor\codeigniter4\framework\system\CodeIgniter.php(339): CodeIgniter\CodeIgniter->handleRequest(NULL, Object(Config\Cache), false)
#8 C:\Users\SERVER\Desktop\ICTD_INHS_WEBSITE\INHS_Integrated\public\index.php(36): CodeIgniter\CodeIgniter->run()
#9 C:\Users\SERVER\Desktop\ICTD_INHS_WEBSITE\INHS_Integrated\vendor\codeigniter4\framework\system\Commands\Server\rewrite.php(45): require_once('C:\\Users\\SERVER...')
#10 {main}
CRITICAL - 2022-05-14 01:00:17 --> Trying to access array offset on value of type null
#0 C:\Users\SERVER\Desktop\ICTD_INHS_WEBSITE\INHS_Integrated\app\Views\f_application\application_header.php(100): CodeIgniter\Debug\Exceptions->errorHandler(2, 'Trying to acces...', 'C:\\Users\\SERVER...', 100)
#1 C:\Users\SERVER\Desktop\ICTD_INHS_WEBSITE\INHS_Integrated\vendor\codeigniter4\framework\system\View\View.php(230): include('C:\\Users\\SERVER...')
#2 C:\Users\SERVER\Desktop\ICTD_INHS_WEBSITE\INHS_Integrated\vendor\codeigniter4\framework\system\View\View.php(232): CodeIgniter\View\View->CodeIgniter\View\{closure}()
#3 C:\Users\SERVER\Desktop\ICTD_INHS_WEBSITE\INHS_Integrated\vendor\codeigniter4\framework\system\Common.php(1250): CodeIgniter\View\View->render('f_application/a...', Array, true)
#4 C:\Users\SERVER\Desktop\ICTD_INHS_WEBSITE\INHS_Integrated\app\Controllers\Application.php(773): view('f_application/a...', Array)
#5 C:\Users\SERVER\Desktop\ICTD_INHS_WEBSITE\INHS_Integrated\vendor\codeigniter4\framework\system\CodeIgniter.php(931): App\Controllers\Application->reprocessAppForm()
#6 C:\Users\SERVER\Desktop\ICTD_INHS_WEBSITE\INHS_Integrated\vendor\codeigniter4\framework\system\CodeIgniter.php(439): CodeIgniter\CodeIgniter->runController(Object(App\Controllers\Application))
#7 C:\Users\SERVER\Desktop\ICTD_INHS_WEBSITE\INHS_Integrated\vendor\codeigniter4\framework\system\CodeIgniter.php(339): CodeIgniter\CodeIgniter->handleRequest(NULL, Object(Config\Cache), false)
#8 C:\Users\SERVER\Desktop\ICTD_INHS_WEBSITE\INHS_Integrated\public\index.php(36): CodeIgniter\CodeIgniter->run()
#9 C:\Users\SERVER\Desktop\ICTD_INHS_WEBSITE\INHS_Integrated\vendor\codeigniter4\framework\system\Commands\Server\rewrite.php(45): require_once('C:\\Users\\SERVER...')
#10 {main}
CRITICAL - 2022-05-14 01:00:17 --> Trying to access array offset on value of type null
#0 C:\Users\SERVER\Desktop\ICTD_INHS_WEBSITE\INHS_Integrated\app\Views\f_application\application_header.php(100): CodeIgniter\Debug\Exceptions->errorHandler(2, 'Trying to acces...', 'C:\\Users\\SERVER...', 100)
#1 C:\Users\SERVER\Desktop\ICTD_INHS_WEBSITE\INHS_Integrated\vendor\codeigniter4\framework\system\View\View.php(230): include('C:\\Users\\SERVER...')
#2 C:\Users\SERVER\Desktop\ICTD_INHS_WEBSITE\INHS_Integrated\vendor\codeigniter4\framework\system\View\View.php(232): CodeIgniter\View\View->CodeIgniter\View\{closure}()
#3 C:\Users\SERVER\Desktop\ICTD_INHS_WEBSITE\INHS_Integrated\vendor\codeigniter4\framework\system\Common.php(1250): CodeIgniter\View\View->render('f_application/a...', Array, true)
#4 C:\Users\SERVER\Desktop\ICTD_INHS_WEBSITE\INHS_Integrated\app\Controllers\Application.php(773): view('f_application/a...', Array)
#5 C:\Users\SERVER\Desktop\ICTD_INHS_WEBSITE\INHS_Integrated\vendor\codeigniter4\framework\system\CodeIgniter.php(931): App\Controllers\Application->reprocessAppForm()
#6 C:\Users\SERVER\Desktop\ICTD_INHS_WEBSITE\INHS_Integrated\vendor\codeigniter4\framework\system\CodeIgniter.php(439): CodeIgniter\CodeIgniter->runController(Object(App\Controllers\Application))
#7 C:\Users\SERVER\Desktop\ICTD_INHS_WEBSITE\INHS_Integrated\vendor\codeigniter4\framework\system\CodeIgniter.php(339): CodeIgniter\CodeIgniter->handleRequest(NULL, Object(Config\Cache), false)
#8 C:\Users\SERVER\Desktop\ICTD_INHS_WEBSITE\INHS_Integrated\public\index.php(36): CodeIgniter\CodeIgniter->run()
#9 C:\Users\SERVER\Desktop\ICTD_INHS_WEBSITE\INHS_Integrated\vendor\codeigniter4\framework\system\Commands\Server\rewrite.php(45): require_once('C:\\Users\\SERVER...')
#10 {main}
CRITICAL - 2022-05-14 01:00:17 --> Trying to access array offset on value of type null
#0 C:\Users\SERVER\Desktop\ICTD_INHS_WEBSITE\INHS_Integrated\app\Views\f_application\application_header.php(100): CodeIgniter\Debug\Exceptions->errorHandler(2, 'Trying to acces...', 'C:\\Users\\SERVER...', 100)
#1 C:\Users\SERVER\Desktop\ICTD_INHS_WEBSITE\INHS_Integrated\vendor\codeigniter4\framework\system\View\View.php(230): include('C:\\Users\\SERVER...')
#2 C:\Users\SERVER\Desktop\ICTD_INHS_WEBSITE\INHS_Integrated\vendor\codeigniter4\framework\system\View\View.php(232): CodeIgniter\View\View->CodeIgniter\View\{closure}()
#3 C:\Users\SERVER\Desktop\ICTD_INHS_WEBSITE\INHS_Integrated\vendor\codeigniter4\framework\system\Common.php(1250): CodeIgniter\View\View->render('f_application/a...', Array, true)
#4 C:\Users\SERVER\Desktop\ICTD_INHS_WEBSITE\INHS_Integrated\app\Controllers\Application.php(773): view('f_application/a...', Array)
#5 C:\Users\SERVER\Desktop\ICTD_INHS_WEBSITE\INHS_Integrated\vendor\codeigniter4\framework\system\CodeIgniter.php(931): App\Controllers\Application->reprocessAppForm()
#6 C:\Users\SERVER\Desktop\ICTD_INHS_WEBSITE\INHS_Integrated\vendor\codeigniter4\framework\system\CodeIgniter.php(439): CodeIgniter\CodeIgniter->runController(Object(App\Controllers\Application))
#7 C:\Users\SERVER\Desktop\ICTD_INHS_WEBSITE\INHS_Integrated\vendor\codeigniter4\framework\system\CodeIgniter.php(339): CodeIgniter\CodeIgniter->handleRequest(NULL, Object(Config\Cache), false)
#8 C:\Users\SERVER\Desktop\ICTD_INHS_WEBSITE\INHS_Integrated\public\index.php(36): CodeIgniter\CodeIgniter->run()
#9 C:\Users\SERVER\Desktop\ICTD_INHS_WEBSITE\INHS_Integrated\vendor\codeigniter4\framework\system\Commands\Server\rewrite.php(45): require_once('C:\\Users\\SERVER...')
#10 {main}
CRITICAL - 2022-05-14 01:00:19 --> Trying to access array offset on value of type null
#0 C:\Users\SERVER\Desktop\ICTD_INHS_WEBSITE\INHS_Integrated\app\Views\f_application\application_header.php(100): CodeIgniter\Debug\Exceptions->errorHandler(2, 'Trying to acces...', 'C:\\Users\\SERVER...', 100)
#1 C:\Users\SERVER\Desktop\ICTD_INHS_WEBSITE\INHS_Integrated\vendor\codeigniter4\framework\system\View\View.php(230): include('C:\\Users\\SERVER...')
#2 C:\Users\SERVER\Desktop\ICTD_INHS_WEBSITE\INHS_Integrated\vendor\codeigniter4\framework\system\View\View.php(232): CodeIgniter\View\View->CodeIgniter\View\{closure}()
#3 C:\Users\SERVER\Desktop\ICTD_INHS_WEBSITE\INHS_Integrated\vendor\codeigniter4\framework\system\Common.php(1250): CodeIgniter\View\View->render('f_application/a...', Array, true)
#4 C:\Users\SERVER\Desktop\ICTD_INHS_WEBSITE\INHS_Integrated\app\Controllers\Application.php(773): view('f_application/a...', Array)
#5 C:\Users\SERVER\Desktop\ICTD_INHS_WEBSITE\INHS_Integrated\vendor\codeigniter4\framework\system\CodeIgniter.php(931): App\Controllers\Application->reprocessAppForm()
#6 C:\Users\SERVER\Desktop\ICTD_INHS_WEBSITE\INHS_Integrated\vendor\codeigniter4\framework\system\CodeIgniter.php(439): CodeIgniter\CodeIgniter->runController(Object(App\Controllers\Application))
#7 C:\Users\SERVER\Desktop\ICTD_INHS_WEBSITE\INHS_Integrated\vendor\codeigniter4\framework\system\CodeIgniter.php(339): CodeIgniter\CodeIgniter->handleRequest(NULL, Object(Config\Cache), false)
#8 C:\Users\SERVER\Desktop\ICTD_INHS_WEBSITE\INHS_Integrated\public\index.php(36): CodeIgniter\CodeIgniter->run()
#9 C:\Users\SERVER\Desktop\ICTD_INHS_WEBSITE\INHS_Integrated\vendor\codeigniter4\framework\system\Commands\Server\rewrite.php(45): require_once('C:\\Users\\SERVER...')
#10 {main}
CRITICAL - 2022-05-14 01:00:35 --> Trying to access array offset on value of type null
#0 C:\Users\SERVER\Desktop\ICTD_INHS_WEBSITE\INHS_Integrated\app\Views\f_application\application_header.php(100): CodeIgniter\Debug\Exceptions->errorHandler(2, 'Trying to acces...', 'C:\\Users\\SERVER...', 100)
#1 C:\Users\SERVER\Desktop\ICTD_INHS_WEBSITE\INHS_Integrated\vendor\codeigniter4\framework\system\View\View.php(230): include('C:\\Users\\SERVER...')
#2 C:\Users\SERVER\Desktop\ICTD_INHS_WEBSITE\INHS_Integrated\vendor\codeigniter4\framework\system\View\View.php(232): CodeIgniter\View\View->CodeIgniter\View\{closure}()
#3 C:\Users\SERVER\Desktop\ICTD_INHS_WEBSITE\INHS_Integrated\vendor\codeigniter4\framework\system\Common.php(1250): CodeIgniter\View\View->render('f_application/a...', Array, true)
#4 C:\Users\SERVER\Desktop\ICTD_INHS_WEBSITE\INHS_Integrated\app\Controllers\Application.php(773): view('f_application/a...', Array)
#5 C:\Users\SERVER\Desktop\ICTD_INHS_WEBSITE\INHS_Integrated\vendor\codeigniter4\framework\system\CodeIgniter.php(931): App\Controllers\Application->reprocessAppForm()
#6 C:\Users\SERVER\Desktop\ICTD_INHS_WEBSITE\INHS_Integrated\vendor\codeigniter4\framework\system\CodeIgniter.php(439): CodeIgniter\CodeIgniter->runController(Object(App\Controllers\Application))
#7 C:\Users\SERVER\Desktop\ICTD_INHS_WEBSITE\INHS_Integrated\vendor\codeigniter4\framework\system\CodeIgniter.php(339): CodeIgniter\CodeIgniter->handleRequest(NULL, Object(Config\Cache), false)
#8 C:\Users\SERVER\Desktop\ICTD_INHS_WEBSITE\INHS_Integrated\public\index.php(36): CodeIgniter\CodeIgniter->run()
#9 C:\Users\SERVER\Desktop\ICTD_INHS_WEBSITE\INHS_Integrated\vendor\codeigniter4\framework\system\Commands\Server\rewrite.php(45): require_once('C:\\Users\\SERVER...')
#10 {main}
CRITICAL - 2022-05-14 01:00:42 --> Trying to access array offset on value of type null
#0 C:\Users\SERVER\Desktop\ICTD_INHS_WEBSITE\INHS_Integrated\app\Views\f_application\application_header.php(100): CodeIgniter\Debug\Exceptions->errorHandler(2, 'Trying to acces...', 'C:\\Users\\SERVER...', 100)
#1 C:\Users\SERVER\Desktop\ICTD_INHS_WEBSITE\INHS_Integrated\vendor\codeigniter4\framework\system\View\View.php(230): include('C:\\Users\\SERVER...')
#2 C:\Users\SERVER\Desktop\ICTD_INHS_WEBSITE\INHS_Integrated\vendor\codeigniter4\framework\system\View\View.php(232): CodeIgniter\View\View->CodeIgniter\View\{closure}()
#3 C:\Users\SERVER\Desktop\ICTD_INHS_WEBSITE\INHS_Integrated\vendor\codeigniter4\framework\system\Common.php(1250): CodeIgniter\View\View->render('f_application/a...', Array, true)
#4 C:\Users\SERVER\Desktop\ICTD_INHS_WEBSITE\INHS_Integrated\app\Controllers\Application.php(773): view('f_application/a...', Array)
#5 C:\Users\SERVER\Desktop\ICTD_INHS_WEBSITE\INHS_Integrated\vendor\codeigniter4\framework\system\CodeIgniter.php(931): App\Controllers\Application->reprocessAppForm()
#6 C:\Users\SERVER\Desktop\ICTD_INHS_WEBSITE\INHS_Integrated\vendor\codeigniter4\framework\system\CodeIgniter.php(439): CodeIgniter\CodeIgniter->runController(Object(App\Controllers\Application))
#7 C:\Users\SERVER\Desktop\ICTD_INHS_WEBSITE\INHS_Integrated\vendor\codeigniter4\framework\system\CodeIgniter.php(339): CodeIgniter\CodeIgniter->handleRequest(NULL, Object(Config\Cache), false)
#8 C:\Users\SERVER\Desktop\ICTD_INHS_WEBSITE\INHS_Integrated\public\index.php(36): CodeIgniter\CodeIgniter->run()
#9 C:\Users\SERVER\Desktop\ICTD_INHS_WEBSITE\INHS_Integrated\vendor\codeigniter4\framework\system\Commands\Server\rewrite.php(45): require_once('C:\\Users\\SERVER...')
#10 {main}
CRITICAL - 2022-05-14 04:17:50 --> Trying to access array offset on value of type null
#0 C:\Users\SERVER\Desktop\ICTD_INHS_WEBSITE\INHS_Integrated\app\Views\f_application\application_header.php(100): CodeIgniter\Debug\Exceptions->errorHandler(2, 'Trying to acces...', 'C:\\Users\\SERVER...', 100)
#1 C:\Users\SERVER\Desktop\ICTD_INHS_WEBSITE\INHS_Integrated\vendor\codeigniter4\framework\system\View\View.php(230): include('C:\\Users\\SERVER...')
#2 C:\Users\SERVER\Desktop\ICTD_INHS_WEBSITE\INHS_Integrated\vendor\codeigniter4\framework\system\View\View.php(232): CodeIgniter\View\View->CodeIgniter\View\{closure}()
#3 C:\Users\SERVER\Desktop\ICTD_INHS_WEBSITE\INHS_Integrated\vendor\codeigniter4\framework\system\Common.php(1250): CodeIgniter\View\View->render('f_application/a...', Array, true)
#4 C:\Users\SERVER\Desktop\ICTD_INHS_WEBSITE\INHS_Integrated\app\Controllers\Application.php(773): view('f_application/a...', Array)
#5 C:\Users\SERVER\Desktop\ICTD_INHS_WEBSITE\INHS_Integrated\vendor\codeigniter4\framework\system\CodeIgniter.php(931): App\Controllers\Application->reprocessAppForm()
#6 C:\Users\SERVER\Desktop\ICTD_INHS_WEBSITE\INHS_Integrated\vendor\codeigniter4\framework\system\CodeIgniter.php(439): CodeIgniter\CodeIgniter->runController(Object(App\Controllers\Application))
#7 C:\Users\SERVER\Desktop\ICTD_INHS_WEBSITE\INHS_Integrated\vendor\codeigniter4\framework\system\CodeIgniter.php(339): CodeIgniter\CodeIgniter->handleRequest(NULL, Object(Config\Cache), false)
#8 C:\Users\SERVER\Desktop\ICTD_INHS_WEBSITE\INHS_Integrated\public\index.php(36): CodeIgniter\CodeIgniter->run()
#9 C:\Users\SERVER\Desktop\ICTD_INHS_WEBSITE\INHS_Integrated\vendor\codeigniter4\framework\system\Commands\Server\rewrite.php(45): require_once('C:\\Users\\SERVER...')
#10 {main}
CRITICAL - 2022-05-14 04:17:54 --> Trying to access array offset on value of type null
#0 C:\Users\SERVER\Desktop\ICTD_INHS_WEBSITE\INHS_Integrated\app\Views\f_application\application_header.php(100): CodeIgniter\Debug\Exceptions->errorHandler(2, 'Trying to acces...', 'C:\\Users\\SERVER...', 100)
#1 C:\Users\SERVER\Desktop\ICTD_INHS_WEBSITE\INHS_Integrated\vendor\codeigniter4\framework\system\View\View.php(230): include('C:\\Users\\SERVER...')
#2 C:\Users\SERVER\Desktop\ICTD_INHS_WEBSITE\INHS_Integrated\vendor\codeigniter4\framework\system\View\View.php(232): CodeIgniter\View\View->CodeIgniter\View\{closure}()
#3 C:\Users\SERVER\Desktop\ICTD_INHS_WEBSITE\INHS_Integrated\vendor\codeigniter4\framework\system\Common.php(1250): CodeIgniter\View\View->render('f_application/a...', Array, true)
#4 C:\Users\SERVER\Desktop\ICTD_INHS_WEBSITE\INHS_Integrated\app\Controllers\Application.php(773): view('f_application/a...', Array)
#5 C:\Users\SERVER\Desktop\ICTD_INHS_WEBSITE\INHS_Integrated\vendor\codeigniter4\framework\system\CodeIgniter.php(931): App\Controllers\Application->reprocessAppForm()
#6 C:\Users\SERVER\Desktop\ICTD_INHS_WEBSITE\INHS_Integrated\vendor\codeigniter4\framework\system\CodeIgniter.php(439): CodeIgniter\CodeIgniter->runController(Object(App\Controllers\Application))
#7 C:\Users\SERVER\Desktop\ICTD_INHS_WEBSITE\INHS_Integrated\vendor\codeigniter4\framework\system\CodeIgniter.php(339): CodeIgniter\CodeIgniter->handleRequest(NULL, Object(Config\Cache), false)
#8 C:\Users\SERVER\Desktop\ICTD_INHS_WEBSITE\INHS_Integrated\public\index.php(36): CodeIgniter\CodeIgniter->run()
#9 C:\Users\SERVER\Desktop\ICTD_INHS_WEBSITE\INHS_Integrated\vendor\codeigniter4\framework\system\Commands\Server\rewrite.php(45): require_once('C:\\Users\\SERVER...')
#10 {main}
CRITICAL - 2022-05-14 05:40:13 --> Trying to access array offset on value of type null
#0 C:\Users\SERVER\Desktop\ICTD_INHS_WEBSITE\INHS_Integrated\app\Views\f_application\application_header.php(100): CodeIgniter\Debug\Exceptions->errorHandler(2, 'Trying to acces...', 'C:\\Users\\SERVER...', 100)
#1 C:\Users\SERVER\Desktop\ICTD_INHS_WEBSITE\INHS_Integrated\vendor\codeigniter4\framework\system\View\View.php(230): include('C:\\Users\\SERVER...')
#2 C:\Users\SERVER\Desktop\ICTD_INHS_WEBSITE\INHS_Integrated\vendor\codeigniter4\framework\system\View\View.php(232): CodeIgniter\View\View->CodeIgniter\View\{closure}()
#3 C:\Users\SERVER\Desktop\ICTD_INHS_WEBSITE\INHS_Integrated\vendor\codeigniter4\framework\system\Common.php(1250): CodeIgniter\View\View->render('f_application/a...', Array, true)
#4 C:\Users\SERVER\Desktop\ICTD_INHS_WEBSITE\INHS_Integrated\app\Controllers\Application.php(221): view('f_application/a...', Array)
#5 C:\Users\SERVER\Desktop\ICTD_INHS_WEBSITE\INHS_Integrated\vendor\codeigniter4\framework\system\CodeIgniter.php(931): App\Controllers\Application->getForm()
#6 C:\Users\SERVER\Desktop\ICTD_INHS_WEBSITE\INHS_Integrated\vendor\codeigniter4\framework\system\CodeIgniter.php(439): CodeIgniter\CodeIgniter->runController(Object(App\Controllers\Application))
#7 C:\Users\SERVER\Desktop\ICTD_INHS_WEBSITE\INHS_Integrated\vendor\codeigniter4\framework\system\CodeIgniter.php(339): CodeIgniter\CodeIgniter->handleRequest(NULL, Object(Config\Cache), false)
#8 C:\Users\SERVER\Desktop\ICTD_INHS_WEBSITE\INHS_Integrated\public\index.php(36): CodeIgniter\CodeIgniter->run()
#9 C:\Users\SERVER\Desktop\ICTD_INHS_WEBSITE\INHS_Integrated\vendor\codeigniter4\framework\system\Commands\Server\rewrite.php(45): require_once('C:\\Users\\SERVER...')
#10 {main}
CRITICAL - 2022-05-14 07:04:34 --> Trying to access array offset on value of type null
#0 C:\Users\SERVER\Desktop\ICTD_INHS_WEBSITE\INHS_Integrated\app\Views\f_application\application_header.php(100): CodeIgniter\Debug\Exceptions->errorHandler(2, 'Trying to acces...', 'C:\\Users\\SERVER...', 100)
#1 C:\Users\SERVER\Desktop\ICTD_INHS_WEBSITE\INHS_Integrated\vendor\codeigniter4\framework\system\View\View.php(230): include('C:\\Users\\SERVER...')
#2 C:\Users\SERVER\Desktop\ICTD_INHS_WEBSITE\INHS_Integrated\vendor\codeigniter4\framework\system\View\View.php(232): CodeIgniter\View\View->CodeIgniter\View\{closure}()
#3 C:\Users\SERVER\Desktop\ICTD_INHS_WEBSITE\INHS_Integrated\vendor\codeigniter4\framework\system\Common.php(1250): CodeIgniter\View\View->render('f_application/a...', Array, true)
#4 C:\Users\SERVER\Desktop\ICTD_INHS_WEBSITE\INHS_Integrated\app\Controllers\Application.php(221): view('f_application/a...', Array)
#5 C:\Users\SERVER\Desktop\ICTD_INHS_WEBSITE\INHS_Integrated\vendor\codeigniter4\framework\system\CodeIgniter.php(931): App\Controllers\Application->getForm()
#6 C:\Users\SERVER\Desktop\ICTD_INHS_WEBSITE\INHS_Integrated\vendor\codeigniter4\framework\system\CodeIgniter.php(439): CodeIgniter\CodeIgniter->runController(Object(App\Controllers\Application))
#7 C:\Users\SERVER\Desktop\ICTD_INHS_WEBSITE\INHS_Integrated\vendor\codeigniter4\framework\system\CodeIgniter.php(339): CodeIgniter\CodeIgniter->handleRequest(NULL, Object(Config\Cache), false)
#8 C:\Users\SERVER\Desktop\ICTD_INHS_WEBSITE\INHS_Integrated\public\index.php(36): CodeIgniter\CodeIgniter->run()
#9 C:\Users\SERVER\Desktop\ICTD_INHS_WEBSITE\INHS_Integrated\vendor\codeigniter4\framework\system\Commands\Server\rewrite.php(45): require_once('C:\\Users\\SERVER...')
#10 {main}
CRITICAL - 2022-05-14 07:46:24 --> Trying to access array offset on value of type null
#0 C:\Users\SERVER\Desktop\ICTD_INHS_WEBSITE\INHS_Integrated\app\Views\f_application\application_header.php(100): CodeIgniter\Debug\Exceptions->errorHandler(2, 'Trying to acces...', 'C:\\Users\\SERVER...', 100)
#1 C:\Users\SERVER\Desktop\ICTD_INHS_WEBSITE\INHS_Integrated\vendor\codeigniter4\framework\system\View\View.php(230): include('C:\\Users\\SERVER...')
#2 C:\Users\SERVER\Desktop\ICTD_INHS_WEBSITE\INHS_Integrated\vendor\codeigniter4\framework\system\View\View.php(232): CodeIgniter\View\View->CodeIgniter\View\{closure}()
#3 C:\Users\SERVER\Desktop\ICTD_INHS_WEBSITE\INHS_Integrated\vendor\codeigniter4\framework\system\Common.php(1250): CodeIgniter\View\View->render('f_application/a...', Array, true)
#4 C:\Users\SERVER\Desktop\ICTD_INHS_WEBSITE\INHS_Integrated\app\Controllers\Application.php(221): view('f_application/a...', Array)
#5 C:\Users\SERVER\Desktop\ICTD_INHS_WEBSITE\INHS_Integrated\vendor\codeigniter4\framework\system\CodeIgniter.php(931): App\Controllers\Application->getForm()
#6 C:\Users\SERVER\Desktop\ICTD_INHS_WEBSITE\INHS_Integrated\vendor\codeigniter4\framework\system\CodeIgniter.php(439): CodeIgniter\CodeIgniter->runController(Object(App\Controllers\Application))
#7 C:\Users\SERVER\Desktop\ICTD_INHS_WEBSITE\INHS_Integrated\vendor\codeigniter4\framework\system\CodeIgniter.php(339): CodeIgniter\CodeIgniter->handleRequest(NULL, Object(Config\Cache), false)
#8 C:\Users\SERVER\Desktop\ICTD_INHS_WEBSITE\INHS_Integrated\public\index.php(36): CodeIgniter\CodeIgniter->run()
#9 C:\Users\SERVER\Desktop\ICTD_INHS_WEBSITE\INHS_Integrated\vendor\codeigniter4\framework\system\Commands\Server\rewrite.php(45): require_once('C:\\Users\\SERVER...')
#10 {main}
CRITICAL - 2022-05-14 08:07:04 --> Trying to access array offset on value of type null
#0 C:\Users\SERVER\Desktop\ICTD_INHS_WEBSITE\INHS_Integrated\app\Views\f_application\application_header.php(100): CodeIgniter\Debug\Exceptions->errorHandler(2, 'Trying to acces...', 'C:\\Users\\SERVER...', 100)
#1 C:\Users\SERVER\Desktop\ICTD_INHS_WEBSITE\INHS_Integrated\vendor\codeigniter4\framework\system\View\View.php(230): include('C:\\Users\\SERVER...')
#2 C:\Users\SERVER\Desktop\ICTD_INHS_WEBSITE\INHS_Integrated\vendor\codeigniter4\framework\system\View\View.php(232): CodeIgniter\View\View->CodeIgniter\View\{closure}()
#3 C:\Users\SERVER\Desktop\ICTD_INHS_WEBSITE\INHS_Integrated\vendor\codeigniter4\framework\system\Common.php(1250): CodeIgniter\View\View->render('f_application/a...', Array, true)
#4 C:\Users\SERVER\Desktop\ICTD_INHS_WEBSITE\INHS_Integrated\app\Controllers\Application.php(221): view('f_application/a...', Array)
#5 C:\Users\SERVER\Desktop\ICTD_INHS_WEBSITE\INHS_Integrated\vendor\codeigniter4\framework\system\CodeIgniter.php(931): App\Controllers\Application->getForm()
#6 C:\Users\SERVER\Desktop\ICTD_INHS_WEBSITE\INHS_Integrated\vendor\codeigniter4\framework\system\CodeIgniter.php(439): CodeIgniter\CodeIgniter->runController(Object(App\Controllers\Application))
#7 C:\Users\SERVER\Desktop\ICTD_INHS_WEBSITE\INHS_Integrated\vendor\codeigniter4\framework\system\CodeIgniter.php(339): CodeIgniter\CodeIgniter->handleRequest(NULL, Object(Config\Cache), false)
#8 C:\Users\SERVER\Desktop\ICTD_INHS_WEBSITE\INHS_Integrated\public\index.php(36): CodeIgniter\CodeIgniter->run()
#9 C:\Users\SERVER\Desktop\ICTD_INHS_WEBSITE\INHS_Integrated\vendor\codeigniter4\framework\system\Commands\Server\rewrite.php(45): require_once('C:\\Users\\SERVER...')
#10 {main}
CRITICAL - 2022-05-14 08:11:30 --> Trying to access array offset on value of type null
#0 C:\Users\SERVER\Desktop\ICTD_INHS_WEBSITE\INHS_Integrated\app\Views\f_application\application_header.php(100): CodeIgniter\Debug\Exceptions->errorHandler(2, 'Trying to acces...', 'C:\\Users\\SERVER...', 100)
#1 C:\Users\SERVER\Desktop\ICTD_INHS_WEBSITE\INHS_Integrated\vendor\codeigniter4\framework\system\View\View.php(230): include('C:\\Users\\SERVER...')
#2 C:\Users\SERVER\Desktop\ICTD_INHS_WEBSITE\INHS_Integrated\vendor\codeigniter4\framework\system\View\View.php(232): CodeIgniter\View\View->CodeIgniter\View\{closure}()
#3 C:\Users\SERVER\Desktop\ICTD_INHS_WEBSITE\INHS_Integrated\vendor\codeigniter4\framework\system\Common.php(1250): CodeIgniter\View\View->render('f_application/a...', Array, true)
#4 C:\Users\SERVER\Desktop\ICTD_INHS_WEBSITE\INHS_Integrated\app\Controllers\Application.php(221): view('f_application/a...', Array)
#5 C:\Users\SERVER\Desktop\ICTD_INHS_WEBSITE\INHS_Integrated\vendor\codeigniter4\framework\system\CodeIgniter.php(931): App\Controllers\Application->getForm()
#6 C:\Users\SERVER\Desktop\ICTD_INHS_WEBSITE\INHS_Integrated\vendor\codeigniter4\framework\system\CodeIgniter.php(439): CodeIgniter\CodeIgniter->runController(Object(App\Controllers\Application))
#7 C:\Users\SERVER\Desktop\ICTD_INHS_WEBSITE\INHS_Integrated\vendor\codeigniter4\framework\system\CodeIgniter.php(339): CodeIgniter\CodeIgniter->handleRequest(NULL, Object(Config\Cache), false)
#8 C:\Users\SERVER\Desktop\ICTD_INHS_WEBSITE\INHS_Integrated\public\index.php(36): CodeIgniter\CodeIgniter->run()
#9 C:\Users\SERVER\Desktop\ICTD_INHS_WEBSITE\INHS_Integrated\vendor\codeigniter4\framework\system\Commands\Server\rewrite.php(45): require_once('C:\\Users\\SERVER...')
#10 {main}
CRITICAL - 2022-05-14 09:01:46 --> Trying to access array offset on value of type null
#0 C:\Users\SERVER\Desktop\ICTD_INHS_WEBSITE\INHS_Integrated\app\Views\f_application\application_header.php(100): CodeIgniter\Debug\Exceptions->errorHandler(2, 'Trying to acces...', 'C:\\Users\\SERVER...', 100)
#1 C:\Users\SERVER\Desktop\ICTD_INHS_WEBSITE\INHS_Integrated\vendor\codeigniter4\framework\system\View\View.php(230): include('C:\\Users\\SERVER...')
#2 C:\Users\SERVER\Desktop\ICTD_INHS_WEBSITE\INHS_Integrated\vendor\codeigniter4\framework\system\View\View.php(232): CodeIgniter\View\View->CodeIgniter\View\{closure}()
#3 C:\Users\SERVER\Desktop\ICTD_INHS_WEBSITE\INHS_Integrated\vendor\codeigniter4\framework\system\Common.php(1250): CodeIgniter\View\View->render('f_application/a...', Array, true)
#4 C:\Users\SERVER\Desktop\ICTD_INHS_WEBSITE\INHS_Integrated\app\Controllers\Application.php(221): view('f_application/a...', Array)
#5 C:\Users\SERVER\Desktop\ICTD_INHS_WEBSITE\INHS_Integrated\vendor\codeigniter4\framework\system\CodeIgniter.php(931): App\Controllers\Application->getForm()
#6 C:\Users\SERVER\Desktop\ICTD_INHS_WEBSITE\INHS_Integrated\vendor\codeigniter4\framework\system\CodeIgniter.php(439): CodeIgniter\CodeIgniter->runController(Object(App\Controllers\Application))
#7 C:\Users\SERVER\Desktop\ICTD_INHS_WEBSITE\INHS_Integrated\vendor\codeigniter4\framework\system\CodeIgniter.php(339): CodeIgniter\CodeIgniter->handleRequest(NULL, Object(Config\Cache), false)
#8 C:\Users\SERVER\Desktop\ICTD_INHS_WEBSITE\INHS_Integrated\public\index.php(36): CodeIgniter\CodeIgniter->run()
#9 C:\Users\SERVER\Desktop\ICTD_INHS_WEBSITE\INHS_Integrated\vendor\codeigniter4\framework\system\Commands\Server\rewrite.php(45): require_once('C:\\Users\\SERVER...')
#10 {main}
CRITICAL - 2022-05-14 09:55:08 --> Trying to access array offset on value of type null
#0 C:\Users\SERVER\Desktop\ICTD_INHS_WEBSITE\INHS_Integrated\app\Controllers\Application.php(973): CodeIgniter\Debug\Exceptions->errorHandler(2, 'Trying to acces...', 'C:\\Users\\SERVER...', 973)
#1 C:\Users\SERVER\Desktop\ICTD_INHS_WEBSITE\INHS_Integrated\vendor\codeigniter4\framework\system\CodeIgniter.php(931): App\Controllers\Application->viewProfile()
#2 C:\Users\SERVER\Desktop\ICTD_INHS_WEBSITE\INHS_Integrated\vendor\codeigniter4\framework\system\CodeIgniter.php(439): CodeIgniter\CodeIgniter->runController(Object(App\Controllers\Application))
#3 C:\Users\SERVER\Desktop\ICTD_INHS_WEBSITE\INHS_Integrated\vendor\codeigniter4\framework\system\CodeIgniter.php(339): CodeIgniter\CodeIgniter->handleRequest(NULL, Object(Config\Cache), false)
#4 C:\Users\SERVER\Desktop\ICTD_INHS_WEBSITE\INHS_Integrated\public\index.php(36): CodeIgniter\CodeIgniter->run()
#5 C:\Users\SERVER\Desktop\ICTD_INHS_WEBSITE\INHS_Integrated\vendor\codeigniter4\framework\system\Commands\Server\rewrite.php(45): require_once('C:\\Users\\SERVER...')
#6 {main}
CRITICAL - 2022-05-14 09:55:20 --> Trying to access array offset on value of type null
#0 C:\Users\SERVER\Desktop\ICTD_INHS_WEBSITE\INHS_Integrated\app\Controllers\Application.php(832): CodeIgniter\Debug\Exceptions->errorHandler(2, 'Trying to acces...', 'C:\\Users\\SERVER...', 832)
#1 C:\Users\SERVER\Desktop\ICTD_INHS_WEBSITE\INHS_Integrated\vendor\codeigniter4\framework\system\CodeIgniter.php(931): App\Controllers\Application->viewUploads()
#2 C:\Users\SERVER\Desktop\ICTD_INHS_WEBSITE\INHS_Integrated\vendor\codeigniter4\framework\system\CodeIgniter.php(439): CodeIgniter\CodeIgniter->runController(Object(App\Controllers\Application))
#3 C:\Users\SERVER\Desktop\ICTD_INHS_WEBSITE\INHS_Integrated\vendor\codeigniter4\framework\system\CodeIgniter.php(339): CodeIgniter\CodeIgniter->handleRequest(NULL, Object(Config\Cache), false)
#4 C:\Users\SERVER\Desktop\ICTD_INHS_WEBSITE\INHS_Integrated\public\index.php(36): CodeIgniter\CodeIgniter->run()
#5 C:\Users\SERVER\Desktop\ICTD_INHS_WEBSITE\INHS_Integrated\vendor\codeigniter4\framework\system\Commands\Server\rewrite.php(45): require_once('C:\\Users\\SERVER...')
#6 {main}
CRITICAL - 2022-05-14 09:55:22 --> Trying to access array offset on value of type null
#0 C:\Users\SERVER\Desktop\ICTD_INHS_WEBSITE\INHS_Integrated\app\Controllers\Application.php(973): CodeIgniter\Debug\Exceptions->errorHandler(2, 'Trying to acces...', 'C:\\Users\\SERVER...', 973)
#1 C:\Users\SERVER\Desktop\ICTD_INHS_WEBSITE\INHS_Integrated\vendor\codeigniter4\framework\system\CodeIgniter.php(931): App\Controllers\Application->viewProfile()
#2 C:\Users\SERVER\Desktop\ICTD_INHS_WEBSITE\INHS_Integrated\vendor\codeigniter4\framework\system\CodeIgniter.php(439): CodeIgniter\CodeIgniter->runController(Object(App\Controllers\Application))
#3 C:\Users\SERVER\Desktop\ICTD_INHS_WEBSITE\INHS_Integrated\vendor\codeigniter4\framework\system\CodeIgniter.php(339): CodeIgniter\CodeIgniter->handleRequest(NULL, Object(Config\Cache), false)
#4 C:\Users\SERVER\Desktop\ICTD_INHS_WEBSITE\INHS_Integrated\public\index.php(36): CodeIgniter\CodeIgniter->run()
#5 C:\Users\SERVER\Desktop\ICTD_INHS_WEBSITE\INHS_Integrated\vendor\codeigniter4\framework\system\Commands\Server\rewrite.php(45): require_once('C:\\Users\\SERVER...')
#6 {main}
CRITICAL - 2022-05-14 11:20:15 --> Trying to access array offset on value of type null
#0 C:\Users\SERVER\Desktop\ICTD_INHS_WEBSITE\INHS_Integrated\app\Controllers\Application.php(932): CodeIgniter\Debug\Exceptions->errorHandler(2, 'Trying to acces...', 'C:\\Users\\SERVER...', 932)
#1 C:\Users\SERVER\Desktop\ICTD_INHS_WEBSITE\INHS_Integrated\vendor\codeigniter4\framework\system\CodeIgniter.php(931): App\Controllers\Application->viewApplication()
#2 C:\Users\SERVER\Desktop\ICTD_INHS_WEBSITE\INHS_Integrated\vendor\codeigniter4\framework\system\CodeIgniter.php(439): CodeIgniter\CodeIgniter->runController(Object(App\Controllers\Application))
#3 C:\Users\SERVER\Desktop\ICTD_INHS_WEBSITE\INHS_Integrated\vendor\codeigniter4\framework\system\CodeIgniter.php(339): CodeIgniter\CodeIgniter->handleRequest(NULL, Object(Config\Cache), false)
#4 C:\Users\SERVER\Desktop\ICTD_INHS_WEBSITE\INHS_Integrated\public\index.php(36): CodeIgniter\CodeIgniter->run()
#5 C:\Users\SERVER\Desktop\ICTD_INHS_WEBSITE\INHS_Integrated\vendor\codeigniter4\framework\system\Commands\Server\rewrite.php(45): require_once('C:\\Users\\SERVER...')
#6 {main}
CRITICAL - 2022-05-14 12:23:45 --> Trying to access array offset on value of type null
#0 C:\Users\SERVER\Desktop\ICTD_INHS_WEBSITE\INHS_Integrated\app\Views\f_application\application_header.php(100): CodeIgniter\Debug\Exceptions->errorHandler(2, 'Trying to acces...', 'C:\\Users\\SERVER...', 100)
#1 C:\Users\SERVER\Desktop\ICTD_INHS_WEBSITE\INHS_Integrated\vendor\codeigniter4\framework\system\View\View.php(230): include('C:\\Users\\SERVER...')
#2 C:\Users\SERVER\Desktop\ICTD_INHS_WEBSITE\INHS_Integrated\vendor\codeigniter4\framework\system\View\View.php(232): CodeIgniter\View\View->CodeIgniter\View\{closure}()
#3 C:\Users\SERVER\Desktop\ICTD_INHS_WEBSITE\INHS_Integrated\vendor\codeigniter4\framework\system\Common.php(1250): CodeIgniter\View\View->render('f_application/a...', Array, true)
#4 C:\Users\SERVER\Desktop\ICTD_INHS_WEBSITE\INHS_Integrated\app\Controllers\Application.php(221): view('f_application/a...', Array)
#5 C:\Users\SERVER\Desktop\ICTD_INHS_WEBSITE\INHS_Integrated\vendor\codeigniter4\framework\system\CodeIgniter.php(931): App\Controllers\Application->getForm()
#6 C:\Users\SERVER\Desktop\ICTD_INHS_WEBSITE\INHS_Integrated\vendor\codeigniter4\framework\system\CodeIgniter.php(439): CodeIgniter\CodeIgniter->runController(Object(App\Controllers\Application))
#7 C:\Users\SERVER\Desktop\ICTD_INHS_WEBSITE\INHS_Integrated\vendor\codeigniter4\framework\system\CodeIgniter.php(339): CodeIgniter\CodeIgniter->handleRequest(NULL, Object(Config\Cache), false)
#8 C:\Users\SERVER\Desktop\ICTD_INHS_WEBSITE\INHS_Integrated\public\index.php(36): CodeIgniter\CodeIgniter->run()
#9 C:\Users\SERVER\Desktop\ICTD_INHS_WEBSITE\INHS_Integrated\vendor\codeigniter4\framework\system\Commands\Server\rewrite.php(45): require_once('C:\\Users\\SERVER...')
#10 {main}
CRITICAL - 2022-05-14 21:26:13 --> unlink(upload/student_files/admission_files/): Is a directory
#0 [internal function]: CodeIgniter\Debug\Exceptions->errorHandler(2, 'unlink(upload/s...', 'C:\\Users\\SERVER...', 667)
#1 C:\Users\SERVER\Desktop\ICTD_INHS_WEBSITE\INHS_Integrated\app\Controllers\Application.php(667): unlink('upload/student_...')
#2 C:\Users\SERVER\Desktop\ICTD_INHS_WEBSITE\INHS_Integrated\vendor\codeigniter4\framework\system\CodeIgniter.php(931): App\Controllers\Application->deleteDropzone()
#3 C:\Users\SERVER\Desktop\ICTD_INHS_WEBSITE\INHS_Integrated\vendor\codeigniter4\framework\system\CodeIgniter.php(439): CodeIgniter\CodeIgniter->runController(Object(App\Controllers\Application))
#4 C:\Users\SERVER\Desktop\ICTD_INHS_WEBSITE\INHS_Integrated\vendor\codeigniter4\framework\system\CodeIgniter.php(339): CodeIgniter\CodeIgniter->handleRequest(NULL, Object(Config\Cache), false)
#5 C:\Users\SERVER\Desktop\ICTD_INHS_WEBSITE\INHS_Integrated\public\index.php(36): CodeIgniter\CodeIgniter->run()
#6 C:\Users\SERVER\Desktop\ICTD_INHS_WEBSITE\INHS_Integrated\vendor\codeigniter4\framework\system\Commands\Server\rewrite.php(45): require_once('C:\\Users\\SERVER...')
#7 {main}
CRITICAL - 2022-05-14 21:31:08 --> unlink(upload/student_files/admission_files/): Is a directory
#0 [internal function]: CodeIgniter\Debug\Exceptions->errorHandler(2, 'unlink(upload/s...', 'C:\\Users\\SERVER...', 667)
#1 C:\Users\SERVER\Desktop\ICTD_INHS_WEBSITE\INHS_Integrated\app\Controllers\Application.php(667): unlink('upload/student_...')
#2 C:\Users\SERVER\Desktop\ICTD_INHS_WEBSITE\INHS_Integrated\vendor\codeigniter4\framework\system\CodeIgniter.php(931): App\Controllers\Application->deleteDropzone()
#3 C:\Users\SERVER\Desktop\ICTD_INHS_WEBSITE\INHS_Integrated\vendor\codeigniter4\framework\system\CodeIgniter.php(439): CodeIgniter\CodeIgniter->runController(Object(App\Controllers\Application))
#4 C:\Users\SERVER\Desktop\ICTD_INHS_WEBSITE\INHS_Integrated\vendor\codeigniter4\framework\system\CodeIgniter.php(339): CodeIgniter\CodeIgniter->handleRequest(NULL, Object(Config\Cache), false)
#5 C:\Users\SERVER\Desktop\ICTD_INHS_WEBSITE\INHS_Integrated\public\index.php(36): CodeIgniter\CodeIgniter->run()
#6 C:\Users\SERVER\Desktop\ICTD_INHS_WEBSITE\INHS_Integrated\vendor\codeigniter4\framework\system\Commands\Server\rewrite.php(45): require_once('C:\\Users\\SERVER...')
#7 {main}
CRITICAL - 2022-05-14 21:52:50 --> unlink(upload/student_files/admission_files/): Is a directory
#0 [internal function]: CodeIgniter\Debug\Exceptions->errorHandler(2, 'unlink(upload/s...', 'C:\\Users\\SERVER...', 667)
#1 C:\Users\SERVER\Desktop\ICTD_INHS_WEBSITE\INHS_Integrated\app\Controllers\Application.php(667): unlink('upload/student_...')
#2 C:\Users\SERVER\Desktop\ICTD_INHS_WEBSITE\INHS_Integrated\vendor\codeigniter4\framework\system\CodeIgniter.php(931): App\Controllers\Application->deleteDropzone()
#3 C:\Users\SERVER\Desktop\ICTD_INHS_WEBSITE\INHS_Integrated\vendor\codeigniter4\framework\system\CodeIgniter.php(439): CodeIgniter\CodeIgniter->runController(Object(App\Controllers\Application))
#4 C:\Users\SERVER\Desktop\ICTD_INHS_WEBSITE\INHS_Integrated\vendor\codeigniter4\framework\system\CodeIgniter.php(339): CodeIgniter\CodeIgniter->handleRequest(NULL, Object(Config\Cache), false)
#5 C:\Users\SERVER\Desktop\ICTD_INHS_WEBSITE\INHS_Integrated\public\index.php(36): CodeIgniter\CodeIgniter->run()
#6 C:\Users\SERVER\Desktop\ICTD_INHS_WEBSITE\INHS_Integrated\vendor\codeigniter4\framework\system\Commands\Server\rewrite.php(45): require_once('C:\\Users\\SERVER...')
#7 {main}
