CRITICAL - 2023-07-17 12:02:36 --> Undefined variable: randomFileName
#0 C:\Users\yvesk\OneDrive - iloilonhs.edu.ph\Desktop\nasyo_integrated_2\app\Controllers\Admin.php(135): CodeIgniter\Debug\Exceptions->errorHandler(8, 'Undefined varia...', 'C:\\Users\\yvesk\\...', 135, Array)
#1 C:\Users\yvesk\OneDrive - iloilonhs.edu.ph\Desktop\nasyo_integrated_2\vendor\codeigniter4\framework\system\CodeIgniter.php(802): App\Controllers\Admin->insertEmpPersonalInfo()
#2 C:\Users\yvesk\OneDrive - iloilonhs.edu.ph\Desktop\nasyo_integrated_2\vendor\codeigniter4\framework\system\CodeIgniter.php(399): CodeIgniter\CodeIgniter->runController(Object(App\Controllers\Admin))
#3 C:\Users\yvesk\OneDrive - iloilonhs.edu.ph\Desktop\nasyo_integrated_2\vendor\codeigniter4\framework\system\CodeIgniter.php(317): CodeIgniter\CodeIgniter->handleRequest(NULL, Object(Config\Cache), false)
#4 C:\Users\yvesk\OneDrive - iloilonhs.edu.ph\Desktop\nasyo_integrated_2\public\index.php(36): CodeIgniter\CodeIgniter->run()
#5 C:\Users\yvesk\OneDrive - iloilonhs.edu.ph\Desktop\nasyo_integrated_2\vendor\codeigniter4\framework\system\Commands\Server\rewrite.php(43): require_once('C:\\Users\\yvesk\\...')
#6 {main}
CRITICAL - 2023-07-17 12:02:46 --> Undefined variable: randomFileName
#0 C:\Users\yvesk\OneDrive - iloilonhs.edu.ph\Desktop\nasyo_integrated_2\app\Controllers\Admin.php(135): CodeIgniter\Debug\Exceptions->errorHandler(8, 'Undefined varia...', 'C:\\Users\\yvesk\\...', 135, Array)
#1 C:\Users\yvesk\OneDrive - iloilonhs.edu.ph\Desktop\nasyo_integrated_2\vendor\codeigniter4\framework\system\CodeIgniter.php(802): App\Controllers\Admin->insertEmpPersonalInfo()
#2 C:\Users\yvesk\OneDrive - iloilonhs.edu.ph\Desktop\nasyo_integrated_2\vendor\codeigniter4\framework\system\CodeIgniter.php(399): CodeIgniter\CodeIgniter->runController(Object(App\Controllers\Admin))
#3 C:\Users\yvesk\OneDrive - iloilonhs.edu.ph\Desktop\nasyo_integrated_2\vendor\codeigniter4\framework\system\CodeIgniter.php(317): CodeIgniter\CodeIgniter->handleRequest(NULL, Object(Config\Cache), false)
#4 C:\Users\yvesk\OneDrive - iloilonhs.edu.ph\Desktop\nasyo_integrated_2\public\index.php(36): CodeIgniter\CodeIgniter->run()
#5 C:\Users\yvesk\OneDrive - iloilonhs.edu.ph\Desktop\nasyo_integrated_2\vendor\codeigniter4\framework\system\Commands\Server\rewrite.php(43): require_once('C:\\Users\\yvesk\\...')
#6 {main}
CRITICAL - 2023-07-17 13:35:51 --> Undefined variable: user_restriction
#0 C:\Users\yvesk\OneDrive - iloilonhs.edu.ph\Desktop\nasyo_integrated_2\app\Views\f_layout\admin_layout.php(174): CodeIgniter\Debug\Exceptions->errorHandler(8, 'Undefined varia...', 'C:\\Users\\yvesk\\...', 174, Array)
#1 C:\Users\yvesk\OneDrive - iloilonhs.edu.ph\Desktop\nasyo_integrated_2\vendor\codeigniter4\framework\system\View\View.php(214): include('C:\\Users\\yvesk\\...')
#2 C:\Users\yvesk\OneDrive - iloilonhs.edu.ph\Desktop\nasyo_integrated_2\vendor\codeigniter4\framework\system\View\View.php(217): CodeIgniter\View\View->CodeIgniter\View\{closure}()
#3 C:\Users\yvesk\OneDrive - iloilonhs.edu.ph\Desktop\nasyo_integrated_2\vendor\codeigniter4\framework\system\View\View.php(230): CodeIgniter\View\View->render('f_layout/admin_...', Array, true)
#4 C:\Users\yvesk\OneDrive - iloilonhs.edu.ph\Desktop\nasyo_integrated_2\vendor\codeigniter4\framework\system\Common.php(1092): CodeIgniter\View\View->render('f_admin/index', Array, true)
#5 C:\Users\yvesk\OneDrive - iloilonhs.edu.ph\Desktop\nasyo_integrated_2\app\Controllers\Admin.php(60): view('f_admin/index', Array)
#6 C:\Users\yvesk\OneDrive - iloilonhs.edu.ph\Desktop\nasyo_integrated_2\vendor\codeigniter4\framework\system\CodeIgniter.php(802): App\Controllers\Admin->index()
#7 C:\Users\yvesk\OneDrive - iloilonhs.edu.ph\Desktop\nasyo_integrated_2\vendor\codeigniter4\framework\system\CodeIgniter.php(399): CodeIgniter\CodeIgniter->runController(Object(App\Controllers\Admin))
#8 C:\Users\yvesk\OneDrive - iloilonhs.edu.ph\Desktop\nasyo_integrated_2\vendor\codeigniter4\framework\system\CodeIgniter.php(317): CodeIgniter\CodeIgniter->handleRequest(NULL, Object(Config\Cache), false)
#9 C:\Users\yvesk\OneDrive - iloilonhs.edu.ph\Desktop\nasyo_integrated_2\public\index.php(36): CodeIgniter\CodeIgniter->run()
#10 C:\Users\yvesk\OneDrive - iloilonhs.edu.ph\Desktop\nasyo_integrated_2\vendor\codeigniter4\framework\system\Commands\Server\rewrite.php(43): require_once('C:\\Users\\yvesk\\...')
#11 {main}
CRITICAL - 2023-07-17 13:36:57 --> Undefined variable: user_restriction
#0 C:\Users\yvesk\OneDrive - iloilonhs.edu.ph\Desktop\nasyo_integrated_2\app\Views\f_layout\admin_layout.php(174): CodeIgniter\Debug\Exceptions->errorHandler(8, 'Undefined varia...', 'C:\\Users\\yvesk\\...', 174, Array)
#1 C:\Users\yvesk\OneDrive - iloilonhs.edu.ph\Desktop\nasyo_integrated_2\vendor\codeigniter4\framework\system\View\View.php(214): include('C:\\Users\\yvesk\\...')
#2 C:\Users\yvesk\OneDrive - iloilonhs.edu.ph\Desktop\nasyo_integrated_2\vendor\codeigniter4\framework\system\View\View.php(217): CodeIgniter\View\View->CodeIgniter\View\{closure}()
#3 C:\Users\yvesk\OneDrive - iloilonhs.edu.ph\Desktop\nasyo_integrated_2\vendor\codeigniter4\framework\system\View\View.php(230): CodeIgniter\View\View->render('f_layout/admin_...', Array, true)
#4 C:\Users\yvesk\OneDrive - iloilonhs.edu.ph\Desktop\nasyo_integrated_2\vendor\codeigniter4\framework\system\Common.php(1092): CodeIgniter\View\View->render('f_admin/index', Array, true)
#5 C:\Users\yvesk\OneDrive - iloilonhs.edu.ph\Desktop\nasyo_integrated_2\app\Controllers\Admin.php(60): view('f_admin/index', Array)
#6 C:\Users\yvesk\OneDrive - iloilonhs.edu.ph\Desktop\nasyo_integrated_2\vendor\codeigniter4\framework\system\CodeIgniter.php(802): App\Controllers\Admin->index()
#7 C:\Users\yvesk\OneDrive - iloilonhs.edu.ph\Desktop\nasyo_integrated_2\vendor\codeigniter4\framework\system\CodeIgniter.php(399): CodeIgniter\CodeIgniter->runController(Object(App\Controllers\Admin))
#8 C:\Users\yvesk\OneDrive - iloilonhs.edu.ph\Desktop\nasyo_integrated_2\vendor\codeigniter4\framework\system\CodeIgniter.php(317): CodeIgniter\CodeIgniter->handleRequest(NULL, Object(Config\Cache), false)
#9 C:\Users\yvesk\OneDrive - iloilonhs.edu.ph\Desktop\nasyo_integrated_2\public\index.php(36): CodeIgniter\CodeIgniter->run()
#10 C:\Users\yvesk\OneDrive - iloilonhs.edu.ph\Desktop\nasyo_integrated_2\vendor\codeigniter4\framework\system\Commands\Server\rewrite.php(43): require_once('C:\\Users\\yvesk\\...')
#11 {main}
ERROR - 2023-07-17 14:50:08 --> Unknown column 'ave_id' in 'where clause'
CRITICAL - 2023-07-17 14:50:08 --> Unknown column 'ave_id' in 'where clause'
#0 C:\Users\yvesk\OneDrive - iloilonhs.edu.ph\Desktop\nasyo_integrated_2\vendor\codeigniter4\framework\system\Database\MySQLi\Connection.php(280): mysqli->query('DELETE FROM `gr...')
#1 C:\Users\yvesk\OneDrive - iloilonhs.edu.ph\Desktop\nasyo_integrated_2\vendor\codeigniter4\framework\system\Database\BaseConnection.php(663): CodeIgniter\Database\MySQLi\Connection->execute('DELETE FROM `gr...')
#2 C:\Users\yvesk\OneDrive - iloilonhs.edu.ph\Desktop\nasyo_integrated_2\vendor\codeigniter4\framework\system\Database\BaseConnection.php(591): CodeIgniter\Database\BaseConnection->simpleQuery('DELETE FROM `gr...')
#3 C:\Users\yvesk\OneDrive - iloilonhs.edu.ph\Desktop\nasyo_integrated_2\vendor\codeigniter4\framework\system\Database\BaseBuilder.php(2175): CodeIgniter\Database\BaseConnection->query('DELETE FROM `gr...', Array, false)
#4 C:\Users\yvesk\OneDrive - iloilonhs.edu.ph\Desktop\nasyo_integrated_2\vendor\codeigniter4\framework\system\Model.php(359): CodeIgniter\Database\BaseBuilder->delete()
#5 C:\Users\yvesk\OneDrive - iloilonhs.edu.ph\Desktop\nasyo_integrated_2\vendor\codeigniter4\framework\system\BaseModel.php(963): CodeIgniter\Model->doDelete(NULL, false)
#6 C:\Users\yvesk\OneDrive - iloilonhs.edu.ph\Desktop\nasyo_integrated_2\app\Controllers\Student.php(250): CodeIgniter\BaseModel->delete()
#7 C:\Users\yvesk\OneDrive - iloilonhs.edu.ph\Desktop\nasyo_integrated_2\vendor\codeigniter4\framework\system\CodeIgniter.php(802): App\Controllers\Student->deleteGrade()
#8 C:\Users\yvesk\OneDrive - iloilonhs.edu.ph\Desktop\nasyo_integrated_2\vendor\codeigniter4\framework\system\CodeIgniter.php(399): CodeIgniter\CodeIgniter->runController(Object(App\Controllers\Student))
#9 C:\Users\yvesk\OneDrive - iloilonhs.edu.ph\Desktop\nasyo_integrated_2\vendor\codeigniter4\framework\system\CodeIgniter.php(317): CodeIgniter\CodeIgniter->handleRequest(NULL, Object(Config\Cache), false)
#10 C:\Users\yvesk\OneDrive - iloilonhs.edu.ph\Desktop\nasyo_integrated_2\public\index.php(36): CodeIgniter\CodeIgniter->run()
#11 C:\Users\yvesk\OneDrive - iloilonhs.edu.ph\Desktop\nasyo_integrated_2\vendor\codeigniter4\framework\system\Commands\Server\rewrite.php(43): require_once('C:\\Users\\yvesk\\...')
#12 {main}
CRITICAL - 2023-07-17 17:09:50 -->  route cannot be found while reverse-routing.
#0 C:\Users\yvesk\OneDrive - iloilonhs.edu.ph\Desktop\nasyo_integrated_2\vendor\codeigniter4\framework\system\HTTP\RedirectResponse.php(56): CodeIgniter\HTTP\Exceptions\HTTPException::forInvalidRedirectRoute('')
#1 C:\Users\yvesk\OneDrive - iloilonhs.edu.ph\Desktop\nasyo_integrated_2\app\Controllers\Login.php(70): CodeIgniter\HTTP\RedirectResponse->route(false)
#2 C:\Users\yvesk\OneDrive - iloilonhs.edu.ph\Desktop\nasyo_integrated_2\vendor\codeigniter4\framework\system\CodeIgniter.php(802): App\Controllers\Login->validation()
#3 C:\Users\yvesk\OneDrive - iloilonhs.edu.ph\Desktop\nasyo_integrated_2\vendor\codeigniter4\framework\system\CodeIgniter.php(399): CodeIgniter\CodeIgniter->runController(Object(App\Controllers\Login))
#4 C:\Users\yvesk\OneDrive - iloilonhs.edu.ph\Desktop\nasyo_integrated_2\vendor\codeigniter4\framework\system\CodeIgniter.php(317): CodeIgniter\CodeIgniter->handleRequest(NULL, Object(Config\Cache), false)
#5 C:\Users\yvesk\OneDrive - iloilonhs.edu.ph\Desktop\nasyo_integrated_2\public\index.php(36): CodeIgniter\CodeIgniter->run()
#6 C:\Users\yvesk\OneDrive - iloilonhs.edu.ph\Desktop\nasyo_integrated_2\vendor\codeigniter4\framework\system\Commands\Server\rewrite.php(43): require_once('C:\\Users\\yvesk\\...')
#7 {main}
CRITICAL - 2023-07-17 17:10:53 -->  route cannot be found while reverse-routing.
#0 C:\Users\yvesk\OneDrive - iloilonhs.edu.ph\Desktop\nasyo_integrated_2\vendor\codeigniter4\framework\system\HTTP\RedirectResponse.php(56): CodeIgniter\HTTP\Exceptions\HTTPException::forInvalidRedirectRoute('')
#1 C:\Users\yvesk\OneDrive - iloilonhs.edu.ph\Desktop\nasyo_integrated_2\app\Controllers\Login.php(70): CodeIgniter\HTTP\RedirectResponse->route(false)
#2 C:\Users\yvesk\OneDrive - iloilonhs.edu.ph\Desktop\nasyo_integrated_2\vendor\codeigniter4\framework\system\CodeIgniter.php(802): App\Controllers\Login->validation()
#3 C:\Users\yvesk\OneDrive - iloilonhs.edu.ph\Desktop\nasyo_integrated_2\vendor\codeigniter4\framework\system\CodeIgniter.php(399): CodeIgniter\CodeIgniter->runController(Object(App\Controllers\Login))
#4 C:\Users\yvesk\OneDrive - iloilonhs.edu.ph\Desktop\nasyo_integrated_2\vendor\codeigniter4\framework\system\CodeIgniter.php(317): CodeIgniter\CodeIgniter->handleRequest(NULL, Object(Config\Cache), false)
#5 C:\Users\yvesk\OneDrive - iloilonhs.edu.ph\Desktop\nasyo_integrated_2\public\index.php(36): CodeIgniter\CodeIgniter->run()
#6 C:\Users\yvesk\OneDrive - iloilonhs.edu.ph\Desktop\nasyo_integrated_2\vendor\codeigniter4\framework\system\Commands\Server\rewrite.php(43): require_once('C:\\Users\\yvesk\\...')
#7 {main}
CRITICAL - 2023-07-17 17:11:06 -->  route cannot be found while reverse-routing.
#0 C:\Users\yvesk\OneDrive - iloilonhs.edu.ph\Desktop\nasyo_integrated_2\vendor\codeigniter4\framework\system\HTTP\RedirectResponse.php(56): CodeIgniter\HTTP\Exceptions\HTTPException::forInvalidRedirectRoute('')
#1 C:\Users\yvesk\OneDrive - iloilonhs.edu.ph\Desktop\nasyo_integrated_2\app\Controllers\Login.php(70): CodeIgniter\HTTP\RedirectResponse->route(false)
#2 C:\Users\yvesk\OneDrive - iloilonhs.edu.ph\Desktop\nasyo_integrated_2\vendor\codeigniter4\framework\system\CodeIgniter.php(802): App\Controllers\Login->validation()
#3 C:\Users\yvesk\OneDrive - iloilonhs.edu.ph\Desktop\nasyo_integrated_2\vendor\codeigniter4\framework\system\CodeIgniter.php(399): CodeIgniter\CodeIgniter->runController(Object(App\Controllers\Login))
#4 C:\Users\yvesk\OneDrive - iloilonhs.edu.ph\Desktop\nasyo_integrated_2\vendor\codeigniter4\framework\system\CodeIgniter.php(317): CodeIgniter\CodeIgniter->handleRequest(NULL, Object(Config\Cache), false)
#5 C:\Users\yvesk\OneDrive - iloilonhs.edu.ph\Desktop\nasyo_integrated_2\public\index.php(36): CodeIgniter\CodeIgniter->run()
#6 C:\Users\yvesk\OneDrive - iloilonhs.edu.ph\Desktop\nasyo_integrated_2\vendor\codeigniter4\framework\system\Commands\Server\rewrite.php(43): require_once('C:\\Users\\yvesk\\...')
#7 {main}
CRITICAL - 2023-07-17 17:19:33 --> syntax error, unexpected 'endif' (T_ENDIF), expecting end of file
#0 C:\Users\yvesk\OneDrive - iloilonhs.edu.ph\Desktop\nasyo_integrated_2\vendor\codeigniter4\framework\system\View\View.php(217): CodeIgniter\View\View->CodeIgniter\View\{closure}()
#1 C:\Users\yvesk\OneDrive - iloilonhs.edu.ph\Desktop\nasyo_integrated_2\vendor\codeigniter4\framework\system\View\View.php(230): CodeIgniter\View\View->render('f_layout/admin_...', Array, true)
#2 C:\Users\yvesk\OneDrive - iloilonhs.edu.ph\Desktop\nasyo_integrated_2\vendor\codeigniter4\framework\system\Common.php(1092): CodeIgniter\View\View->render('f_admin/index', Array, true)
#3 C:\Users\yvesk\OneDrive - iloilonhs.edu.ph\Desktop\nasyo_integrated_2\app\Controllers\Admin.php(60): view('f_admin/index', Array)
#4 C:\Users\yvesk\OneDrive - iloilonhs.edu.ph\Desktop\nasyo_integrated_2\vendor\codeigniter4\framework\system\CodeIgniter.php(802): App\Controllers\Admin->index()
#5 C:\Users\yvesk\OneDrive - iloilonhs.edu.ph\Desktop\nasyo_integrated_2\vendor\codeigniter4\framework\system\CodeIgniter.php(399): CodeIgniter\CodeIgniter->runController(Object(App\Controllers\Admin))
#6 C:\Users\yvesk\OneDrive - iloilonhs.edu.ph\Desktop\nasyo_integrated_2\vendor\codeigniter4\framework\system\CodeIgniter.php(317): CodeIgniter\CodeIgniter->handleRequest(NULL, Object(Config\Cache), false)
#7 C:\Users\yvesk\OneDrive - iloilonhs.edu.ph\Desktop\nasyo_integrated_2\public\index.php(36): CodeIgniter\CodeIgniter->run()
#8 C:\Users\yvesk\OneDrive - iloilonhs.edu.ph\Desktop\nasyo_integrated_2\vendor\codeigniter4\framework\system\Commands\Server\rewrite.php(43): require_once('C:\\Users\\yvesk\\...')
#9 {main}
CRITICAL - 2023-07-17 17:20:17 --> syntax error, unexpected 'endif' (T_ENDIF), expecting end of file
#0 C:\Users\yvesk\OneDrive - iloilonhs.edu.ph\Desktop\nasyo_integrated_2\vendor\codeigniter4\framework\system\View\View.php(217): CodeIgniter\View\View->CodeIgniter\View\{closure}()
#1 C:\Users\yvesk\OneDrive - iloilonhs.edu.ph\Desktop\nasyo_integrated_2\vendor\codeigniter4\framework\system\View\View.php(230): CodeIgniter\View\View->render('f_layout/admin_...', Array, true)
#2 C:\Users\yvesk\OneDrive - iloilonhs.edu.ph\Desktop\nasyo_integrated_2\vendor\codeigniter4\framework\system\Common.php(1092): CodeIgniter\View\View->render('f_admin/index', Array, true)
#3 C:\Users\yvesk\OneDrive - iloilonhs.edu.ph\Desktop\nasyo_integrated_2\app\Controllers\Admin.php(60): view('f_admin/index', Array)
#4 C:\Users\yvesk\OneDrive - iloilonhs.edu.ph\Desktop\nasyo_integrated_2\vendor\codeigniter4\framework\system\CodeIgniter.php(802): App\Controllers\Admin->index()
#5 C:\Users\yvesk\OneDrive - iloilonhs.edu.ph\Desktop\nasyo_integrated_2\vendor\codeigniter4\framework\system\CodeIgniter.php(399): CodeIgniter\CodeIgniter->runController(Object(App\Controllers\Admin))
#6 C:\Users\yvesk\OneDrive - iloilonhs.edu.ph\Desktop\nasyo_integrated_2\vendor\codeigniter4\framework\system\CodeIgniter.php(317): CodeIgniter\CodeIgniter->handleRequest(NULL, Object(Config\Cache), false)
#7 C:\Users\yvesk\OneDrive - iloilonhs.edu.ph\Desktop\nasyo_integrated_2\public\index.php(36): CodeIgniter\CodeIgniter->run()
#8 C:\Users\yvesk\OneDrive - iloilonhs.edu.ph\Desktop\nasyo_integrated_2\vendor\codeigniter4\framework\system\Commands\Server\rewrite.php(43): require_once('C:\\Users\\yvesk\\...')
#9 {main}
CRITICAL - 2023-07-17 17:20:19 --> syntax error, unexpected 'endif' (T_ENDIF), expecting end of file
#0 C:\Users\yvesk\OneDrive - iloilonhs.edu.ph\Desktop\nasyo_integrated_2\vendor\codeigniter4\framework\system\View\View.php(217): CodeIgniter\View\View->CodeIgniter\View\{closure}()
#1 C:\Users\yvesk\OneDrive - iloilonhs.edu.ph\Desktop\nasyo_integrated_2\vendor\codeigniter4\framework\system\View\View.php(230): CodeIgniter\View\View->render('f_layout/admin_...', Array, true)
#2 C:\Users\yvesk\OneDrive - iloilonhs.edu.ph\Desktop\nasyo_integrated_2\vendor\codeigniter4\framework\system\Common.php(1092): CodeIgniter\View\View->render('f_admin/index', Array, true)
#3 C:\Users\yvesk\OneDrive - iloilonhs.edu.ph\Desktop\nasyo_integrated_2\app\Controllers\Admin.php(60): view('f_admin/index', Array)
#4 C:\Users\yvesk\OneDrive - iloilonhs.edu.ph\Desktop\nasyo_integrated_2\vendor\codeigniter4\framework\system\CodeIgniter.php(802): App\Controllers\Admin->index()
#5 C:\Users\yvesk\OneDrive - iloilonhs.edu.ph\Desktop\nasyo_integrated_2\vendor\codeigniter4\framework\system\CodeIgniter.php(399): CodeIgniter\CodeIgniter->runController(Object(App\Controllers\Admin))
#6 C:\Users\yvesk\OneDrive - iloilonhs.edu.ph\Desktop\nasyo_integrated_2\vendor\codeigniter4\framework\system\CodeIgniter.php(317): CodeIgniter\CodeIgniter->handleRequest(NULL, Object(Config\Cache), false)
#7 C:\Users\yvesk\OneDrive - iloilonhs.edu.ph\Desktop\nasyo_integrated_2\public\index.php(36): CodeIgniter\CodeIgniter->run()
#8 C:\Users\yvesk\OneDrive - iloilonhs.edu.ph\Desktop\nasyo_integrated_2\vendor\codeigniter4\framework\system\Commands\Server\rewrite.php(43): require_once('C:\\Users\\yvesk\\...')
#9 {main}
CRITICAL - 2023-07-17 17:22:13 --> syntax error, unexpected 'endif' (T_ENDIF), expecting end of file
#0 C:\Users\yvesk\OneDrive - iloilonhs.edu.ph\Desktop\nasyo_integrated_2\vendor\codeigniter4\framework\system\View\View.php(217): CodeIgniter\View\View->CodeIgniter\View\{closure}()
#1 C:\Users\yvesk\OneDrive - iloilonhs.edu.ph\Desktop\nasyo_integrated_2\vendor\codeigniter4\framework\system\View\View.php(230): CodeIgniter\View\View->render('f_layout/admin_...', Array, true)
#2 C:\Users\yvesk\OneDrive - iloilonhs.edu.ph\Desktop\nasyo_integrated_2\vendor\codeigniter4\framework\system\Common.php(1092): CodeIgniter\View\View->render('f_admin/index', Array, true)
#3 C:\Users\yvesk\OneDrive - iloilonhs.edu.ph\Desktop\nasyo_integrated_2\app\Controllers\Admin.php(60): view('f_admin/index', Array)
#4 C:\Users\yvesk\OneDrive - iloilonhs.edu.ph\Desktop\nasyo_integrated_2\vendor\codeigniter4\framework\system\CodeIgniter.php(802): App\Controllers\Admin->index()
#5 C:\Users\yvesk\OneDrive - iloilonhs.edu.ph\Desktop\nasyo_integrated_2\vendor\codeigniter4\framework\system\CodeIgniter.php(399): CodeIgniter\CodeIgniter->runController(Object(App\Controllers\Admin))
#6 C:\Users\yvesk\OneDrive - iloilonhs.edu.ph\Desktop\nasyo_integrated_2\vendor\codeigniter4\framework\system\CodeIgniter.php(317): CodeIgniter\CodeIgniter->handleRequest(NULL, Object(Config\Cache), false)
#7 C:\Users\yvesk\OneDrive - iloilonhs.edu.ph\Desktop\nasyo_integrated_2\public\index.php(36): CodeIgniter\CodeIgniter->run()
#8 C:\Users\yvesk\OneDrive - iloilonhs.edu.ph\Desktop\nasyo_integrated_2\vendor\codeigniter4\framework\system\Commands\Server\rewrite.php(43): require_once('C:\\Users\\yvesk\\...')
#9 {main}
CRITICAL - 2023-07-17 17:22:31 --> syntax error, unexpected 'endif' (T_ENDIF), expecting end of file
#0 C:\Users\yvesk\OneDrive - iloilonhs.edu.ph\Desktop\nasyo_integrated_2\vendor\codeigniter4\framework\system\View\View.php(217): CodeIgniter\View\View->CodeIgniter\View\{closure}()
#1 C:\Users\yvesk\OneDrive - iloilonhs.edu.ph\Desktop\nasyo_integrated_2\vendor\codeigniter4\framework\system\View\View.php(230): CodeIgniter\View\View->render('f_layout/admin_...', Array, true)
#2 C:\Users\yvesk\OneDrive - iloilonhs.edu.ph\Desktop\nasyo_integrated_2\vendor\codeigniter4\framework\system\Common.php(1092): CodeIgniter\View\View->render('f_admin/index', Array, true)
#3 C:\Users\yvesk\OneDrive - iloilonhs.edu.ph\Desktop\nasyo_integrated_2\app\Controllers\Admin.php(60): view('f_admin/index', Array)
#4 C:\Users\yvesk\OneDrive - iloilonhs.edu.ph\Desktop\nasyo_integrated_2\vendor\codeigniter4\framework\system\CodeIgniter.php(802): App\Controllers\Admin->index()
#5 C:\Users\yvesk\OneDrive - iloilonhs.edu.ph\Desktop\nasyo_integrated_2\vendor\codeigniter4\framework\system\CodeIgniter.php(399): CodeIgniter\CodeIgniter->runController(Object(App\Controllers\Admin))
#6 C:\Users\yvesk\OneDrive - iloilonhs.edu.ph\Desktop\nasyo_integrated_2\vendor\codeigniter4\framework\system\CodeIgniter.php(317): CodeIgniter\CodeIgniter->handleRequest(NULL, Object(Config\Cache), false)
#7 C:\Users\yvesk\OneDrive - iloilonhs.edu.ph\Desktop\nasyo_integrated_2\public\index.php(36): CodeIgniter\CodeIgniter->run()
#8 C:\Users\yvesk\OneDrive - iloilonhs.edu.ph\Desktop\nasyo_integrated_2\vendor\codeigniter4\framework\system\Commands\Server\rewrite.php(43): require_once('C:\\Users\\yvesk\\...')
#9 {main}
CRITICAL - 2023-07-17 17:22:32 --> syntax error, unexpected 'endif' (T_ENDIF), expecting end of file
#0 C:\Users\yvesk\OneDrive - iloilonhs.edu.ph\Desktop\nasyo_integrated_2\vendor\codeigniter4\framework\system\View\View.php(217): CodeIgniter\View\View->CodeIgniter\View\{closure}()
#1 C:\Users\yvesk\OneDrive - iloilonhs.edu.ph\Desktop\nasyo_integrated_2\vendor\codeigniter4\framework\system\View\View.php(230): CodeIgniter\View\View->render('f_layout/admin_...', Array, true)
#2 C:\Users\yvesk\OneDrive - iloilonhs.edu.ph\Desktop\nasyo_integrated_2\vendor\codeigniter4\framework\system\Common.php(1092): CodeIgniter\View\View->render('f_admin/index', Array, true)
#3 C:\Users\yvesk\OneDrive - iloilonhs.edu.ph\Desktop\nasyo_integrated_2\app\Controllers\Admin.php(60): view('f_admin/index', Array)
#4 C:\Users\yvesk\OneDrive - iloilonhs.edu.ph\Desktop\nasyo_integrated_2\vendor\codeigniter4\framework\system\CodeIgniter.php(802): App\Controllers\Admin->index()
#5 C:\Users\yvesk\OneDrive - iloilonhs.edu.ph\Desktop\nasyo_integrated_2\vendor\codeigniter4\framework\system\CodeIgniter.php(399): CodeIgniter\CodeIgniter->runController(Object(App\Controllers\Admin))
#6 C:\Users\yvesk\OneDrive - iloilonhs.edu.ph\Desktop\nasyo_integrated_2\vendor\codeigniter4\framework\system\CodeIgniter.php(317): CodeIgniter\CodeIgniter->handleRequest(NULL, Object(Config\Cache), false)
#7 C:\Users\yvesk\OneDrive - iloilonhs.edu.ph\Desktop\nasyo_integrated_2\public\index.php(36): CodeIgniter\CodeIgniter->run()
#8 C:\Users\yvesk\OneDrive - iloilonhs.edu.ph\Desktop\nasyo_integrated_2\vendor\codeigniter4\framework\system\Commands\Server\rewrite.php(43): require_once('C:\\Users\\yvesk\\...')
#9 {main}
CRITICAL - 2023-07-17 17:28:04 --> syntax error, unexpected end of file, expecting elseif (T_ELSEIF) or else (T_ELSE) or endif (T_ENDIF)
#0 C:\Users\yvesk\OneDrive - iloilonhs.edu.ph\Desktop\nasyo_integrated_2\vendor\codeigniter4\framework\system\View\View.php(217): CodeIgniter\View\View->CodeIgniter\View\{closure}()
#1 C:\Users\yvesk\OneDrive - iloilonhs.edu.ph\Desktop\nasyo_integrated_2\vendor\codeigniter4\framework\system\View\View.php(230): CodeIgniter\View\View->render('f_layout/admin_...', Array, true)
#2 C:\Users\yvesk\OneDrive - iloilonhs.edu.ph\Desktop\nasyo_integrated_2\vendor\codeigniter4\framework\system\Common.php(1092): CodeIgniter\View\View->render('f_admin/index', Array, true)
#3 C:\Users\yvesk\OneDrive - iloilonhs.edu.ph\Desktop\nasyo_integrated_2\app\Controllers\Admin.php(60): view('f_admin/index', Array)
#4 C:\Users\yvesk\OneDrive - iloilonhs.edu.ph\Desktop\nasyo_integrated_2\vendor\codeigniter4\framework\system\CodeIgniter.php(802): App\Controllers\Admin->index()
#5 C:\Users\yvesk\OneDrive - iloilonhs.edu.ph\Desktop\nasyo_integrated_2\vendor\codeigniter4\framework\system\CodeIgniter.php(399): CodeIgniter\CodeIgniter->runController(Object(App\Controllers\Admin))
#6 C:\Users\yvesk\OneDrive - iloilonhs.edu.ph\Desktop\nasyo_integrated_2\vendor\codeigniter4\framework\system\CodeIgniter.php(317): CodeIgniter\CodeIgniter->handleRequest(NULL, Object(Config\Cache), false)
#7 C:\Users\yvesk\OneDrive - iloilonhs.edu.ph\Desktop\nasyo_integrated_2\public\index.php(36): CodeIgniter\CodeIgniter->run()
#8 C:\Users\yvesk\OneDrive - iloilonhs.edu.ph\Desktop\nasyo_integrated_2\vendor\codeigniter4\framework\system\Commands\Server\rewrite.php(43): require_once('C:\\Users\\yvesk\\...')
#9 {main}
