CRITICAL - 2021-11-08 01:02:26 --> syntax error, unexpected single-quoted string "emp_gender", expecting "]"
#0 C:\xampp\htdocs\nasyoDevPractice\nasyoDevPractice\vendor\codeigniter4\framework\system\Autoloader\Autoloader.php(241): CodeIgniter\Autoloader\Autoloader->includeFile('C:\\xampp\\htdocs...')
#1 C:\xampp\htdocs\nasyoDevPractice\nasyoDevPractice\vendor\codeigniter4\framework\system\Autoloader\Autoloader.php(219): CodeIgniter\Autoloader\Autoloader->loadInNamespace('App\\Models\\EmpM...')
#2 C:\xampp\htdocs\nasyoDevPractice\nasyoDevPractice\app\Controllers\Admin.php(24): CodeIgniter\Autoloader\Autoloader->loadClass('App\\Models\\EmpM...')
#3 C:\xampp\htdocs\nasyoDevPractice\nasyoDevPractice\vendor\codeigniter4\framework\system\CodeIgniter.php(802): App\Controllers\Admin->index()
#4 C:\xampp\htdocs\nasyoDevPractice\nasyoDevPractice\vendor\codeigniter4\framework\system\CodeIgniter.php(399): CodeIgniter\CodeIgniter->runController(Object(App\Controllers\Admin))
#5 C:\xampp\htdocs\nasyoDevPractice\nasyoDevPractice\vendor\codeigniter4\framework\system\CodeIgniter.php(317): CodeIgniter\CodeIgniter->handleRequest(NULL, Object(Config\Cache), false)
#6 C:\xampp\htdocs\nasyoDevPractice\nasyoDevPractice\public\index.php(36): CodeIgniter\CodeIgniter->run()
#7 C:\xampp\htdocs\nasyoDevPractice\nasyoDevPractice\vendor\codeigniter4\framework\system\Commands\Server\rewrite.php(43): require_once('C:\\xampp\\htdocs...')
#8 {main}
CRITICAL - 2021-11-08 01:03:36 --> syntax error, unexpected single-quoted string "emp_gender", expecting "]"
#0 C:\xampp\htdocs\nasyoDevPractice\nasyoDevPractice\vendor\codeigniter4\framework\system\Autoloader\Autoloader.php(241): CodeIgniter\Autoloader\Autoloader->includeFile('C:\\xampp\\htdocs...')
#1 C:\xampp\htdocs\nasyoDevPractice\nasyoDevPractice\vendor\codeigniter4\framework\system\Autoloader\Autoloader.php(219): CodeIgniter\Autoloader\Autoloader->loadInNamespace('App\\Models\\EmpM...')
#2 C:\xampp\htdocs\nasyoDevPractice\nasyoDevPractice\app\Controllers\Admin.php(24): CodeIgniter\Autoloader\Autoloader->loadClass('App\\Models\\EmpM...')
#3 C:\xampp\htdocs\nasyoDevPractice\nasyoDevPractice\vendor\codeigniter4\framework\system\CodeIgniter.php(802): App\Controllers\Admin->index()
#4 C:\xampp\htdocs\nasyoDevPractice\nasyoDevPractice\vendor\codeigniter4\framework\system\CodeIgniter.php(399): CodeIgniter\CodeIgniter->runController(Object(App\Controllers\Admin))
#5 C:\xampp\htdocs\nasyoDevPractice\nasyoDevPractice\vendor\codeigniter4\framework\system\CodeIgniter.php(317): CodeIgniter\CodeIgniter->handleRequest(NULL, Object(Config\Cache), false)
#6 C:\xampp\htdocs\nasyoDevPractice\nasyoDevPractice\public\index.php(36): CodeIgniter\CodeIgniter->run()
#7 C:\xampp\htdocs\nasyoDevPractice\nasyoDevPractice\vendor\codeigniter4\framework\system\Commands\Server\rewrite.php(43): require_once('C:\\xampp\\htdocs...')
#8 {main}
CRITICAL - 2021-11-08 01:09:43 --> Cannot access offset of type string on string
#0 C:\xampp\htdocs\nasyoDevPractice\nasyoDevPractice\vendor\codeigniter4\framework\system\View\View.php(214): include()
#1 C:\xampp\htdocs\nasyoDevPractice\nasyoDevPractice\vendor\codeigniter4\framework\system\View\View.php(217): CodeIgniter\View\View->CodeIgniter\View\{closure}()
#2 C:\xampp\htdocs\nasyoDevPractice\nasyoDevPractice\vendor\codeigniter4\framework\system\View\View.php(230): CodeIgniter\View\View->render('f_layout/admin_...', Array, true)
#3 C:\xampp\htdocs\nasyoDevPractice\nasyoDevPractice\vendor\codeigniter4\framework\system\Common.php(1092): CodeIgniter\View\View->render('f_admin/index', Array, true)
#4 C:\xampp\htdocs\nasyoDevPractice\nasyoDevPractice\app\Controllers\Admin.php(34): view('f_admin/index', Array)
#5 C:\xampp\htdocs\nasyoDevPractice\nasyoDevPractice\vendor\codeigniter4\framework\system\CodeIgniter.php(802): App\Controllers\Admin->index()
#6 C:\xampp\htdocs\nasyoDevPractice\nasyoDevPractice\vendor\codeigniter4\framework\system\CodeIgniter.php(399): CodeIgniter\CodeIgniter->runController(Object(App\Controllers\Admin))
#7 C:\xampp\htdocs\nasyoDevPractice\nasyoDevPractice\vendor\codeigniter4\framework\system\CodeIgniter.php(317): CodeIgniter\CodeIgniter->handleRequest(NULL, Object(Config\Cache), false)
#8 C:\xampp\htdocs\nasyoDevPractice\nasyoDevPractice\public\index.php(36): CodeIgniter\CodeIgniter->run()
#9 C:\xampp\htdocs\nasyoDevPractice\nasyoDevPractice\vendor\codeigniter4\framework\system\Commands\Server\rewrite.php(43): require_once('C:\\xampp\\htdocs...')
#10 {main}
CRITICAL - 2021-11-08 01:53:04 --> syntax error, unexpected token "->"
#0 C:\xampp\htdocs\nasyoDevPractice\nasyoDevPractice\vendor\codeigniter4\framework\system\Autoloader\Autoloader.php(241): CodeIgniter\Autoloader\Autoloader->includeFile('C:\\xampp\\htdocs...')
#1 C:\xampp\htdocs\nasyoDevPractice\nasyoDevPractice\vendor\codeigniter4\framework\system\Autoloader\Autoloader.php(219): CodeIgniter\Autoloader\Autoloader->loadInNamespace('App\\Controllers...')
#2 [internal function]: CodeIgniter\Autoloader\Autoloader->loadClass('App\\Controllers...')
#3 C:\xampp\htdocs\nasyoDevPractice\nasyoDevPractice\vendor\codeigniter4\framework\system\CodeIgniter.php(767): class_exists('\\App\\Controller...', true)
#4 C:\xampp\htdocs\nasyoDevPractice\nasyoDevPractice\vendor\codeigniter4\framework\system\CodeIgniter.php(386): CodeIgniter\CodeIgniter->startController()
#5 C:\xampp\htdocs\nasyoDevPractice\nasyoDevPractice\vendor\codeigniter4\framework\system\CodeIgniter.php(317): CodeIgniter\CodeIgniter->handleRequest(NULL, Object(Config\Cache), false)
#6 C:\xampp\htdocs\nasyoDevPractice\nasyoDevPractice\public\index.php(36): CodeIgniter\CodeIgniter->run()
#7 C:\xampp\htdocs\nasyoDevPractice\nasyoDevPractice\vendor\codeigniter4\framework\system\Commands\Server\rewrite.php(43): require_once('C:\\xampp\\htdocs...')
#8 {main}
ERROR - 2021-11-08 01:53:26 --> Unknown table 'inhs_integrated.admission'
CRITICAL - 2021-11-08 01:53:26 --> Call to a member function getResult() on bool
#0 C:\xampp\htdocs\nasyoDevPractice\nasyoDevPractice\vendor\codeigniter4\framework\system\BaseModel.php(584): CodeIgniter\Model->doFindAll(0, 0)
#1 C:\xampp\htdocs\nasyoDevPractice\nasyoDevPractice\app\Controllers\Admission.php(38): CodeIgniter\BaseModel->findAll()
#2 C:\xampp\htdocs\nasyoDevPractice\nasyoDevPractice\vendor\codeigniter4\framework\system\CodeIgniter.php(802): App\Controllers\Admission->loadAdmission()
#3 C:\xampp\htdocs\nasyoDevPractice\nasyoDevPractice\vendor\codeigniter4\framework\system\CodeIgniter.php(399): CodeIgniter\CodeIgniter->runController(Object(App\Controllers\Admission))
#4 C:\xampp\htdocs\nasyoDevPractice\nasyoDevPractice\vendor\codeigniter4\framework\system\CodeIgniter.php(317): CodeIgniter\CodeIgniter->handleRequest(NULL, Object(Config\Cache), false)
#5 C:\xampp\htdocs\nasyoDevPractice\nasyoDevPractice\public\index.php(36): CodeIgniter\CodeIgniter->run()
#6 C:\xampp\htdocs\nasyoDevPractice\nasyoDevPractice\vendor\codeigniter4\framework\system\Commands\Server\rewrite.php(43): require_once('C:\\xampp\\htdocs...')
#7 {main}
ERROR - 2021-11-08 01:53:42 --> Unknown table 'inhs_integrated.admission'
CRITICAL - 2021-11-08 01:53:42 --> Call to a member function getResult() on bool
#0 C:\xampp\htdocs\nasyoDevPractice\nasyoDevPractice\vendor\codeigniter4\framework\system\BaseModel.php(584): CodeIgniter\Model->doFindAll(0, 0)
#1 C:\xampp\htdocs\nasyoDevPractice\nasyoDevPractice\app\Controllers\Admission.php(38): CodeIgniter\BaseModel->findAll()
#2 C:\xampp\htdocs\nasyoDevPractice\nasyoDevPractice\vendor\codeigniter4\framework\system\CodeIgniter.php(802): App\Controllers\Admission->loadAdmission()
#3 C:\xampp\htdocs\nasyoDevPractice\nasyoDevPractice\vendor\codeigniter4\framework\system\CodeIgniter.php(399): CodeIgniter\CodeIgniter->runController(Object(App\Controllers\Admission))
#4 C:\xampp\htdocs\nasyoDevPractice\nasyoDevPractice\vendor\codeigniter4\framework\system\CodeIgniter.php(317): CodeIgniter\CodeIgniter->handleRequest(NULL, Object(Config\Cache), false)
#5 C:\xampp\htdocs\nasyoDevPractice\nasyoDevPractice\public\index.php(36): CodeIgniter\CodeIgniter->run()
#6 C:\xampp\htdocs\nasyoDevPractice\nasyoDevPractice\vendor\codeigniter4\framework\system\Commands\Server\rewrite.php(43): require_once('C:\\xampp\\htdocs...')
#7 {main}
ERROR - 2021-11-08 01:54:37 --> Unknown table 'inhs_integrated.admission'
CRITICAL - 2021-11-08 01:54:37 --> Call to a member function getResult() on bool
#0 C:\xampp\htdocs\nasyoDevPractice\nasyoDevPractice\vendor\codeigniter4\framework\system\BaseModel.php(584): CodeIgniter\Model->doFindAll(0, 0)
#1 C:\xampp\htdocs\nasyoDevPractice\nasyoDevPractice\app\Controllers\Admission.php(38): CodeIgniter\BaseModel->findAll()
#2 C:\xampp\htdocs\nasyoDevPractice\nasyoDevPractice\vendor\codeigniter4\framework\system\CodeIgniter.php(802): App\Controllers\Admission->loadAdmission()
#3 C:\xampp\htdocs\nasyoDevPractice\nasyoDevPractice\vendor\codeigniter4\framework\system\CodeIgniter.php(399): CodeIgniter\CodeIgniter->runController(Object(App\Controllers\Admission))
#4 C:\xampp\htdocs\nasyoDevPractice\nasyoDevPractice\vendor\codeigniter4\framework\system\CodeIgniter.php(317): CodeIgniter\CodeIgniter->handleRequest(NULL, Object(Config\Cache), false)
#5 C:\xampp\htdocs\nasyoDevPractice\nasyoDevPractice\public\index.php(36): CodeIgniter\CodeIgniter->run()
#6 C:\xampp\htdocs\nasyoDevPractice\nasyoDevPractice\vendor\codeigniter4\framework\system\Commands\Server\rewrite.php(43): require_once('C:\\xampp\\htdocs...')
#7 {main}
ERROR - 2021-11-08 01:54:41 --> Unknown table 'inhs_integrated.admission'
CRITICAL - 2021-11-08 01:54:41 --> Call to a member function getResult() on bool
#0 C:\xampp\htdocs\nasyoDevPractice\nasyoDevPractice\vendor\codeigniter4\framework\system\BaseModel.php(584): CodeIgniter\Model->doFindAll(0, 0)
#1 C:\xampp\htdocs\nasyoDevPractice\nasyoDevPractice\app\Controllers\Admission.php(38): CodeIgniter\BaseModel->findAll()
#2 C:\xampp\htdocs\nasyoDevPractice\nasyoDevPractice\vendor\codeigniter4\framework\system\CodeIgniter.php(802): App\Controllers\Admission->loadAdmission()
#3 C:\xampp\htdocs\nasyoDevPractice\nasyoDevPractice\vendor\codeigniter4\framework\system\CodeIgniter.php(399): CodeIgniter\CodeIgniter->runController(Object(App\Controllers\Admission))
#4 C:\xampp\htdocs\nasyoDevPractice\nasyoDevPractice\vendor\codeigniter4\framework\system\CodeIgniter.php(317): CodeIgniter\CodeIgniter->handleRequest(NULL, Object(Config\Cache), false)
#5 C:\xampp\htdocs\nasyoDevPractice\nasyoDevPractice\public\index.php(36): CodeIgniter\CodeIgniter->run()
#6 C:\xampp\htdocs\nasyoDevPractice\nasyoDevPractice\vendor\codeigniter4\framework\system\Commands\Server\rewrite.php(43): require_once('C:\\xampp\\htdocs...')
#7 {main}
ERROR - 2021-11-08 01:59:34 --> Unknown table 'inhs_integrated.admission'
CRITICAL - 2021-11-08 01:59:34 --> Call to a member function getResult() on bool
#0 C:\xampp\htdocs\nasyoDevPractice\nasyoDevPractice\vendor\codeigniter4\framework\system\BaseModel.php(584): CodeIgniter\Model->doFindAll(0, 0)
#1 C:\xampp\htdocs\nasyoDevPractice\nasyoDevPractice\app\Controllers\Admission.php(38): CodeIgniter\BaseModel->findAll()
#2 C:\xampp\htdocs\nasyoDevPractice\nasyoDevPractice\vendor\codeigniter4\framework\system\CodeIgniter.php(802): App\Controllers\Admission->loadAdmission()
#3 C:\xampp\htdocs\nasyoDevPractice\nasyoDevPractice\vendor\codeigniter4\framework\system\CodeIgniter.php(399): CodeIgniter\CodeIgniter->runController(Object(App\Controllers\Admission))
#4 C:\xampp\htdocs\nasyoDevPractice\nasyoDevPractice\vendor\codeigniter4\framework\system\CodeIgniter.php(317): CodeIgniter\CodeIgniter->handleRequest(NULL, Object(Config\Cache), false)
#5 C:\xampp\htdocs\nasyoDevPractice\nasyoDevPractice\public\index.php(36): CodeIgniter\CodeIgniter->run()
#6 C:\xampp\htdocs\nasyoDevPractice\nasyoDevPractice\vendor\codeigniter4\framework\system\Commands\Server\rewrite.php(43): require_once('C:\\xampp\\htdocs...')
#7 {main}
ERROR - 2021-11-08 01:59:35 --> Unknown table 'inhs_integrated.admission'
CRITICAL - 2021-11-08 01:59:35 --> Call to a member function getResult() on bool
#0 C:\xampp\htdocs\nasyoDevPractice\nasyoDevPractice\vendor\codeigniter4\framework\system\BaseModel.php(584): CodeIgniter\Model->doFindAll(0, 0)
#1 C:\xampp\htdocs\nasyoDevPractice\nasyoDevPractice\app\Controllers\Admission.php(38): CodeIgniter\BaseModel->findAll()
#2 C:\xampp\htdocs\nasyoDevPractice\nasyoDevPractice\vendor\codeigniter4\framework\system\CodeIgniter.php(802): App\Controllers\Admission->loadAdmission()
#3 C:\xampp\htdocs\nasyoDevPractice\nasyoDevPractice\vendor\codeigniter4\framework\system\CodeIgniter.php(399): CodeIgniter\CodeIgniter->runController(Object(App\Controllers\Admission))
#4 C:\xampp\htdocs\nasyoDevPractice\nasyoDevPractice\vendor\codeigniter4\framework\system\CodeIgniter.php(317): CodeIgniter\CodeIgniter->handleRequest(NULL, Object(Config\Cache), false)
#5 C:\xampp\htdocs\nasyoDevPractice\nasyoDevPractice\public\index.php(36): CodeIgniter\CodeIgniter->run()
#6 C:\xampp\htdocs\nasyoDevPractice\nasyoDevPractice\vendor\codeigniter4\framework\system\Commands\Server\rewrite.php(43): require_once('C:\\xampp\\htdocs...')
#7 {main}
ERROR - 2021-11-08 01:59:42 --> Unknown table 'inhs_integrated.admission'
CRITICAL - 2021-11-08 01:59:42 --> Call to a member function getResult() on bool
#0 C:\xampp\htdocs\nasyoDevPractice\nasyoDevPractice\vendor\codeigniter4\framework\system\BaseModel.php(584): CodeIgniter\Model->doFindAll(0, 0)
#1 C:\xampp\htdocs\nasyoDevPractice\nasyoDevPractice\app\Controllers\Admission.php(38): CodeIgniter\BaseModel->findAll()
#2 C:\xampp\htdocs\nasyoDevPractice\nasyoDevPractice\vendor\codeigniter4\framework\system\CodeIgniter.php(802): App\Controllers\Admission->loadAdmission()
#3 C:\xampp\htdocs\nasyoDevPractice\nasyoDevPractice\vendor\codeigniter4\framework\system\CodeIgniter.php(399): CodeIgniter\CodeIgniter->runController(Object(App\Controllers\Admission))
#4 C:\xampp\htdocs\nasyoDevPractice\nasyoDevPractice\vendor\codeigniter4\framework\system\CodeIgniter.php(317): CodeIgniter\CodeIgniter->handleRequest(NULL, Object(Config\Cache), false)
#5 C:\xampp\htdocs\nasyoDevPractice\nasyoDevPractice\public\index.php(36): CodeIgniter\CodeIgniter->run()
#6 C:\xampp\htdocs\nasyoDevPractice\nasyoDevPractice\vendor\codeigniter4\framework\system\Commands\Server\rewrite.php(43): require_once('C:\\xampp\\htdocs...')
#7 {main}
ERROR - 2021-11-08 02:02:56 --> Unknown column 'admission.admission_id' in 'on clause'
CRITICAL - 2021-11-08 02:02:56 --> Call to a member function getResult() on bool
#0 C:\xampp\htdocs\nasyoDevPractice\nasyoDevPractice\vendor\codeigniter4\framework\system\BaseModel.php(584): CodeIgniter\Model->doFindAll(0, 0)
#1 C:\xampp\htdocs\nasyoDevPractice\nasyoDevPractice\app\Controllers\Admission.php(38): CodeIgniter\BaseModel->findAll()
#2 C:\xampp\htdocs\nasyoDevPractice\nasyoDevPractice\vendor\codeigniter4\framework\system\CodeIgniter.php(802): App\Controllers\Admission->loadAdmission()
#3 C:\xampp\htdocs\nasyoDevPractice\nasyoDevPractice\vendor\codeigniter4\framework\system\CodeIgniter.php(399): CodeIgniter\CodeIgniter->runController(Object(App\Controllers\Admission))
#4 C:\xampp\htdocs\nasyoDevPractice\nasyoDevPractice\vendor\codeigniter4\framework\system\CodeIgniter.php(317): CodeIgniter\CodeIgniter->handleRequest(NULL, Object(Config\Cache), false)
#5 C:\xampp\htdocs\nasyoDevPractice\nasyoDevPractice\public\index.php(36): CodeIgniter\CodeIgniter->run()
#6 C:\xampp\htdocs\nasyoDevPractice\nasyoDevPractice\vendor\codeigniter4\framework\system\Commands\Server\rewrite.php(43): require_once('C:\\xampp\\htdocs...')
#7 {main}
CRITICAL - 2021-11-08 02:28:36 --> Call to undefined method CodeIgniter\Database\MySQLi\Builder::findAll()
#0 C:\xampp\htdocs\nasyoDevPractice\nasyoDevPractice\app\Controllers\Admission.php(32): App\Models\StudentAdmissionModel->getAdmissionData()
#1 C:\xampp\htdocs\nasyoDevPractice\nasyoDevPractice\vendor\codeigniter4\framework\system\CodeIgniter.php(802): App\Controllers\Admission->loadAdmission()
#2 C:\xampp\htdocs\nasyoDevPractice\nasyoDevPractice\vendor\codeigniter4\framework\system\CodeIgniter.php(399): CodeIgniter\CodeIgniter->runController(Object(App\Controllers\Admission))
#3 C:\xampp\htdocs\nasyoDevPractice\nasyoDevPractice\vendor\codeigniter4\framework\system\CodeIgniter.php(317): CodeIgniter\CodeIgniter->handleRequest(NULL, Object(Config\Cache), false)
#4 C:\xampp\htdocs\nasyoDevPractice\nasyoDevPractice\public\index.php(36): CodeIgniter\CodeIgniter->run()
#5 C:\xampp\htdocs\nasyoDevPractice\nasyoDevPractice\vendor\codeigniter4\framework\system\Commands\Server\rewrite.php(43): require_once('C:\\xampp\\htdocs...')
#6 {main}
CRITICAL - 2021-11-08 02:46:37 --> Call to a member function findAll() on array
#0 C:\xampp\htdocs\nasyoDevPractice\nasyoDevPractice\vendor\codeigniter4\framework\system\CodeIgniter.php(802): App\Controllers\Admission->loadAdmission()
#1 C:\xampp\htdocs\nasyoDevPractice\nasyoDevPractice\vendor\codeigniter4\framework\system\CodeIgniter.php(399): CodeIgniter\CodeIgniter->runController(Object(App\Controllers\Admission))
#2 C:\xampp\htdocs\nasyoDevPractice\nasyoDevPractice\vendor\codeigniter4\framework\system\CodeIgniter.php(317): CodeIgniter\CodeIgniter->handleRequest(NULL, Object(Config\Cache), false)
#3 C:\xampp\htdocs\nasyoDevPractice\nasyoDevPractice\public\index.php(36): CodeIgniter\CodeIgniter->run()
#4 C:\xampp\htdocs\nasyoDevPractice\nasyoDevPractice\vendor\codeigniter4\framework\system\Commands\Server\rewrite.php(43): require_once('C:\\xampp\\htdocs...')
#5 {main}
CRITICAL - 2021-11-08 02:47:51 --> Call to a member function all() on array
#0 C:\xampp\htdocs\nasyoDevPractice\nasyoDevPractice\vendor\codeigniter4\framework\system\CodeIgniter.php(802): App\Controllers\Admission->loadAdmission()
#1 C:\xampp\htdocs\nasyoDevPractice\nasyoDevPractice\vendor\codeigniter4\framework\system\CodeIgniter.php(399): CodeIgniter\CodeIgniter->runController(Object(App\Controllers\Admission))
#2 C:\xampp\htdocs\nasyoDevPractice\nasyoDevPractice\vendor\codeigniter4\framework\system\CodeIgniter.php(317): CodeIgniter\CodeIgniter->handleRequest(NULL, Object(Config\Cache), false)
#3 C:\xampp\htdocs\nasyoDevPractice\nasyoDevPractice\public\index.php(36): CodeIgniter\CodeIgniter->run()
#4 C:\xampp\htdocs\nasyoDevPractice\nasyoDevPractice\vendor\codeigniter4\framework\system\Commands\Server\rewrite.php(43): require_once('C:\\xampp\\htdocs...')
#5 {main}
CRITICAL - 2021-11-08 03:01:11 --> Call to undefined method CodeIgniter\Database\MySQLi\Builder::getResult()
#0 C:\xampp\htdocs\nasyoDevPractice\nasyoDevPractice\app\Controllers\Admission.php(32): App\Models\StudentAdmissionModel->getAdmissionData()
#1 C:\xampp\htdocs\nasyoDevPractice\nasyoDevPractice\vendor\codeigniter4\framework\system\CodeIgniter.php(802): App\Controllers\Admission->loadAdmission()
#2 C:\xampp\htdocs\nasyoDevPractice\nasyoDevPractice\vendor\codeigniter4\framework\system\CodeIgniter.php(399): CodeIgniter\CodeIgniter->runController(Object(App\Controllers\Admission))
#3 C:\xampp\htdocs\nasyoDevPractice\nasyoDevPractice\vendor\codeigniter4\framework\system\CodeIgniter.php(317): CodeIgniter\CodeIgniter->handleRequest(NULL, Object(Config\Cache), false)
#4 C:\xampp\htdocs\nasyoDevPractice\nasyoDevPractice\public\index.php(36): CodeIgniter\CodeIgniter->run()
#5 C:\xampp\htdocs\nasyoDevPractice\nasyoDevPractice\vendor\codeigniter4\framework\system\Commands\Server\rewrite.php(43): require_once('C:\\xampp\\htdocs...')
#6 {main}
CRITICAL - 2021-11-08 03:01:38 --> Call to undefined method CodeIgniter\Database\MySQLi\Builder::findAll()
#0 C:\xampp\htdocs\nasyoDevPractice\nasyoDevPractice\app\Controllers\Admission.php(32): App\Models\StudentAdmissionModel->getAdmissionData()
#1 C:\xampp\htdocs\nasyoDevPractice\nasyoDevPractice\vendor\codeigniter4\framework\system\CodeIgniter.php(802): App\Controllers\Admission->loadAdmission()
#2 C:\xampp\htdocs\nasyoDevPractice\nasyoDevPractice\vendor\codeigniter4\framework\system\CodeIgniter.php(399): CodeIgniter\CodeIgniter->runController(Object(App\Controllers\Admission))
#3 C:\xampp\htdocs\nasyoDevPractice\nasyoDevPractice\vendor\codeigniter4\framework\system\CodeIgniter.php(317): CodeIgniter\CodeIgniter->handleRequest(NULL, Object(Config\Cache), false)
#4 C:\xampp\htdocs\nasyoDevPractice\nasyoDevPractice\public\index.php(36): CodeIgniter\CodeIgniter->run()
#5 C:\xampp\htdocs\nasyoDevPractice\nasyoDevPractice\vendor\codeigniter4\framework\system\Commands\Server\rewrite.php(43): require_once('C:\\xampp\\htdocs...')
#6 {main}
CRITICAL - 2021-11-08 03:14:43 --> Call to undefined method CodeIgniter\Database\MySQLi\Result::findAll()
#0 C:\xampp\htdocs\nasyoDevPractice\nasyoDevPractice\vendor\codeigniter4\framework\system\CodeIgniter.php(802): App\Controllers\Admission->loadAdmission()
#1 C:\xampp\htdocs\nasyoDevPractice\nasyoDevPractice\vendor\codeigniter4\framework\system\CodeIgniter.php(399): CodeIgniter\CodeIgniter->runController(Object(App\Controllers\Admission))
#2 C:\xampp\htdocs\nasyoDevPractice\nasyoDevPractice\vendor\codeigniter4\framework\system\CodeIgniter.php(317): CodeIgniter\CodeIgniter->handleRequest(NULL, Object(Config\Cache), false)
#3 C:\xampp\htdocs\nasyoDevPractice\nasyoDevPractice\public\index.php(36): CodeIgniter\CodeIgniter->run()
#4 C:\xampp\htdocs\nasyoDevPractice\nasyoDevPractice\vendor\codeigniter4\framework\system\Commands\Server\rewrite.php(43): require_once('C:\\xampp\\htdocs...')
#5 {main}
CRITICAL - 2021-11-08 03:19:53 --> Call to undefined method CodeIgniter\Database\MySQLi\Result::findAll()
#0 C:\xampp\htdocs\nasyoDevPractice\nasyoDevPractice\vendor\codeigniter4\framework\system\CodeIgniter.php(802): App\Controllers\Admission->loadAdmission()
#1 C:\xampp\htdocs\nasyoDevPractice\nasyoDevPractice\vendor\codeigniter4\framework\system\CodeIgniter.php(399): CodeIgniter\CodeIgniter->runController(Object(App\Controllers\Admission))
#2 C:\xampp\htdocs\nasyoDevPractice\nasyoDevPractice\vendor\codeigniter4\framework\system\CodeIgniter.php(317): CodeIgniter\CodeIgniter->handleRequest(NULL, Object(Config\Cache), false)
#3 C:\xampp\htdocs\nasyoDevPractice\nasyoDevPractice\public\index.php(36): CodeIgniter\CodeIgniter->run()
#4 C:\xampp\htdocs\nasyoDevPractice\nasyoDevPractice\vendor\codeigniter4\framework\system\Commands\Server\rewrite.php(43): require_once('C:\\xampp\\htdocs...')
#5 {main}
CRITICAL - 2021-11-08 03:20:01 --> Call to undefined method CodeIgniter\Database\MySQLi\Result::all()
#0 C:\xampp\htdocs\nasyoDevPractice\nasyoDevPractice\vendor\codeigniter4\framework\system\CodeIgniter.php(802): App\Controllers\Admission->loadAdmission()
#1 C:\xampp\htdocs\nasyoDevPractice\nasyoDevPractice\vendor\codeigniter4\framework\system\CodeIgniter.php(399): CodeIgniter\CodeIgniter->runController(Object(App\Controllers\Admission))
#2 C:\xampp\htdocs\nasyoDevPractice\nasyoDevPractice\vendor\codeigniter4\framework\system\CodeIgniter.php(317): CodeIgniter\CodeIgniter->handleRequest(NULL, Object(Config\Cache), false)
#3 C:\xampp\htdocs\nasyoDevPractice\nasyoDevPractice\public\index.php(36): CodeIgniter\CodeIgniter->run()
#4 C:\xampp\htdocs\nasyoDevPractice\nasyoDevPractice\vendor\codeigniter4\framework\system\Commands\Server\rewrite.php(43): require_once('C:\\xampp\\htdocs...')
#5 {main}
ERROR - 2021-11-08 03:22:21 --> Unknown column 'stud_barangay' in 'field list'
ERROR - 2021-11-08 07:17:05 --> Table 'inhs_integrated.admission_status_t' doesn't exist
CRITICAL - 2021-11-08 07:17:05 --> Call to a member function getResult() on bool
#0 C:\xampp\htdocs\INHS_Dev\git\inhsDev\app\Controllers\Admission.php(32): App\Models\StudentAdmissionModel->getAdmissionData()
#1 C:\xampp\htdocs\INHS_Dev\git\inhsDev\vendor\codeigniter4\framework\system\CodeIgniter.php(802): App\Controllers\Admission->loadAdmission()
#2 C:\xampp\htdocs\INHS_Dev\git\inhsDev\vendor\codeigniter4\framework\system\CodeIgniter.php(399): CodeIgniter\CodeIgniter->runController(Object(App\Controllers\Admission))
#3 C:\xampp\htdocs\INHS_Dev\git\inhsDev\vendor\codeigniter4\framework\system\CodeIgniter.php(317): CodeIgniter\CodeIgniter->handleRequest(NULL, Object(Config\Cache), false)
#4 C:\xampp\htdocs\INHS_Dev\git\inhsDev\public\index.php(36): CodeIgniter\CodeIgniter->run()
#5 C:\xampp\htdocs\INHS_Dev\git\inhsDev\vendor\codeigniter4\framework\system\Commands\Server\rewrite.php(43): require_once('C:\\xampp\\htdocs...')
#6 {main}
ERROR - 2021-11-08 07:17:15 --> Table 'inhs_integrated.admission_status_t' doesn't exist
CRITICAL - 2021-11-08 07:17:15 --> Call to a member function getResult() on bool
#0 C:\xampp\htdocs\INHS_Dev\git\inhsDev\app\Controllers\Admission.php(32): App\Models\StudentAdmissionModel->getAdmissionData()
#1 C:\xampp\htdocs\INHS_Dev\git\inhsDev\vendor\codeigniter4\framework\system\CodeIgniter.php(802): App\Controllers\Admission->loadAdmission()
#2 C:\xampp\htdocs\INHS_Dev\git\inhsDev\vendor\codeigniter4\framework\system\CodeIgniter.php(399): CodeIgniter\CodeIgniter->runController(Object(App\Controllers\Admission))
#3 C:\xampp\htdocs\INHS_Dev\git\inhsDev\vendor\codeigniter4\framework\system\CodeIgniter.php(317): CodeIgniter\CodeIgniter->handleRequest(NULL, Object(Config\Cache), false)
#4 C:\xampp\htdocs\INHS_Dev\git\inhsDev\public\index.php(36): CodeIgniter\CodeIgniter->run()
#5 C:\xampp\htdocs\INHS_Dev\git\inhsDev\vendor\codeigniter4\framework\system\Commands\Server\rewrite.php(43): require_once('C:\\xampp\\htdocs...')
#6 {main}
ERROR - 2021-11-08 09:42:52 --> Column 'as_date_change' cannot be null
ERROR - 2021-11-08 09:43:07 --> Column 'as_date_change' cannot be null
ERROR - 2021-11-08 09:44:26 --> Column 'as_date_change' cannot be null
ERROR - 2021-11-08 09:44:46 --> Column 'as_date_change' cannot be null
CRITICAL - 2021-11-08 09:46:12 --> syntax error, unexpected ';', expecting ']'
#0 C:\xampp\htdocs\INHS_Dev\git\inhsDev\vendor\codeigniter4\framework\system\Autoloader\Autoloader.php(241): CodeIgniter\Autoloader\Autoloader->includeFile('C:\\xampp\\htdocs...')
#1 C:\xampp\htdocs\INHS_Dev\git\inhsDev\vendor\codeigniter4\framework\system\Autoloader\Autoloader.php(219): CodeIgniter\Autoloader\Autoloader->loadInNamespace('App\\Controllers...')
#2 [internal function]: CodeIgniter\Autoloader\Autoloader->loadClass('App\\Controllers...')
#3 [internal function]: spl_autoload_call('App\\Controllers...')
#4 C:\xampp\htdocs\INHS_Dev\git\inhsDev\vendor\codeigniter4\framework\system\CodeIgniter.php(767): class_exists('\\App\\Controller...', true)
#5 C:\xampp\htdocs\INHS_Dev\git\inhsDev\vendor\codeigniter4\framework\system\CodeIgniter.php(386): CodeIgniter\CodeIgniter->startController()
#6 C:\xampp\htdocs\INHS_Dev\git\inhsDev\vendor\codeigniter4\framework\system\CodeIgniter.php(317): CodeIgniter\CodeIgniter->handleRequest(NULL, Object(Config\Cache), false)
#7 C:\xampp\htdocs\INHS_Dev\git\inhsDev\public\index.php(36): CodeIgniter\CodeIgniter->run()
#8 C:\xampp\htdocs\INHS_Dev\git\inhsDev\vendor\codeigniter4\framework\system\Commands\Server\rewrite.php(43): require_once('C:\\xampp\\htdocs...')
#9 {main}
CRITICAL - 2021-11-08 09:46:15 --> syntax error, unexpected ';', expecting ']'
#0 C:\xampp\htdocs\INHS_Dev\git\inhsDev\vendor\codeigniter4\framework\system\Autoloader\Autoloader.php(241): CodeIgniter\Autoloader\Autoloader->includeFile('C:\\xampp\\htdocs...')
#1 C:\xampp\htdocs\INHS_Dev\git\inhsDev\vendor\codeigniter4\framework\system\Autoloader\Autoloader.php(219): CodeIgniter\Autoloader\Autoloader->loadInNamespace('App\\Controllers...')
#2 [internal function]: CodeIgniter\Autoloader\Autoloader->loadClass('App\\Controllers...')
#3 [internal function]: spl_autoload_call('App\\Controllers...')
#4 C:\xampp\htdocs\INHS_Dev\git\inhsDev\vendor\codeigniter4\framework\system\CodeIgniter.php(767): class_exists('\\App\\Controller...', true)
#5 C:\xampp\htdocs\INHS_Dev\git\inhsDev\vendor\codeigniter4\framework\system\CodeIgniter.php(386): CodeIgniter\CodeIgniter->startController()
#6 C:\xampp\htdocs\INHS_Dev\git\inhsDev\vendor\codeigniter4\framework\system\CodeIgniter.php(317): CodeIgniter\CodeIgniter->handleRequest(NULL, Object(Config\Cache), false)
#7 C:\xampp\htdocs\INHS_Dev\git\inhsDev\public\index.php(36): CodeIgniter\CodeIgniter->run()
#8 C:\xampp\htdocs\INHS_Dev\git\inhsDev\vendor\codeigniter4\framework\system\Commands\Server\rewrite.php(43): require_once('C:\\xampp\\htdocs...')
#9 {main}
CRITICAL - 2021-11-08 09:46:19 --> syntax error, unexpected ';', expecting ']'
#0 C:\xampp\htdocs\INHS_Dev\git\inhsDev\vendor\codeigniter4\framework\system\Autoloader\Autoloader.php(241): CodeIgniter\Autoloader\Autoloader->includeFile('C:\\xampp\\htdocs...')
#1 C:\xampp\htdocs\INHS_Dev\git\inhsDev\vendor\codeigniter4\framework\system\Autoloader\Autoloader.php(219): CodeIgniter\Autoloader\Autoloader->loadInNamespace('App\\Controllers...')
#2 [internal function]: CodeIgniter\Autoloader\Autoloader->loadClass('App\\Controllers...')
#3 [internal function]: spl_autoload_call('App\\Controllers...')
#4 C:\xampp\htdocs\INHS_Dev\git\inhsDev\vendor\codeigniter4\framework\system\CodeIgniter.php(767): class_exists('\\App\\Controller...', true)
#5 C:\xampp\htdocs\INHS_Dev\git\inhsDev\vendor\codeigniter4\framework\system\CodeIgniter.php(386): CodeIgniter\CodeIgniter->startController()
#6 C:\xampp\htdocs\INHS_Dev\git\inhsDev\vendor\codeigniter4\framework\system\CodeIgniter.php(317): CodeIgniter\CodeIgniter->handleRequest(NULL, Object(Config\Cache), false)
#7 C:\xampp\htdocs\INHS_Dev\git\inhsDev\public\index.php(36): CodeIgniter\CodeIgniter->run()
#8 C:\xampp\htdocs\INHS_Dev\git\inhsDev\vendor\codeigniter4\framework\system\Commands\Server\rewrite.php(43): require_once('C:\\xampp\\htdocs...')
#9 {main}
CRITICAL - 2021-11-08 18:52:11 --> Call to a member function getResult() on array
#0 C:\xampp\htdocs\INHS_Dev\git\inhsDev\vendor\codeigniter4\framework\system\CodeIgniter.php(802): App\Controllers\Admission->acceptRequest()
#1 C:\xampp\htdocs\INHS_Dev\git\inhsDev\vendor\codeigniter4\framework\system\CodeIgniter.php(399): CodeIgniter\CodeIgniter->runController(Object(App\Controllers\Admission))
#2 C:\xampp\htdocs\INHS_Dev\git\inhsDev\vendor\codeigniter4\framework\system\CodeIgniter.php(317): CodeIgniter\CodeIgniter->handleRequest(NULL, Object(Config\Cache), false)
#3 C:\xampp\htdocs\INHS_Dev\git\inhsDev\public\index.php(36): CodeIgniter\CodeIgniter->run()
#4 C:\xampp\htdocs\INHS_Dev\git\inhsDev\vendor\codeigniter4\framework\system\Commands\Server\rewrite.php(43): require_once('C:\\xampp\\htdocs...')
#5 {main}
CRITICAL - 2021-11-08 18:52:12 --> Call to a member function getResult() on array
#0 C:\xampp\htdocs\INHS_Dev\git\inhsDev\vendor\codeigniter4\framework\system\CodeIgniter.php(802): App\Controllers\Admission->acceptRequest()
#1 C:\xampp\htdocs\INHS_Dev\git\inhsDev\vendor\codeigniter4\framework\system\CodeIgniter.php(399): CodeIgniter\CodeIgniter->runController(Object(App\Controllers\Admission))
#2 C:\xampp\htdocs\INHS_Dev\git\inhsDev\vendor\codeigniter4\framework\system\CodeIgniter.php(317): CodeIgniter\CodeIgniter->handleRequest(NULL, Object(Config\Cache), false)
#3 C:\xampp\htdocs\INHS_Dev\git\inhsDev\public\index.php(36): CodeIgniter\CodeIgniter->run()
#4 C:\xampp\htdocs\INHS_Dev\git\inhsDev\vendor\codeigniter4\framework\system\Commands\Server\rewrite.php(43): require_once('C:\\xampp\\htdocs...')
#5 {main}
CRITICAL - 2021-11-08 18:52:12 --> Call to a member function getResult() on array
#0 C:\xampp\htdocs\INHS_Dev\git\inhsDev\vendor\codeigniter4\framework\system\CodeIgniter.php(802): App\Controllers\Admission->acceptRequest()
#1 C:\xampp\htdocs\INHS_Dev\git\inhsDev\vendor\codeigniter4\framework\system\CodeIgniter.php(399): CodeIgniter\CodeIgniter->runController(Object(App\Controllers\Admission))
#2 C:\xampp\htdocs\INHS_Dev\git\inhsDev\vendor\codeigniter4\framework\system\CodeIgniter.php(317): CodeIgniter\CodeIgniter->handleRequest(NULL, Object(Config\Cache), false)
#3 C:\xampp\htdocs\INHS_Dev\git\inhsDev\public\index.php(36): CodeIgniter\CodeIgniter->run()
#4 C:\xampp\htdocs\INHS_Dev\git\inhsDev\vendor\codeigniter4\framework\system\Commands\Server\rewrite.php(43): require_once('C:\\xampp\\htdocs...')
#5 {main}
CRITICAL - 2021-11-08 18:52:19 --> Call to a member function getResult() on array
#0 C:\xampp\htdocs\INHS_Dev\git\inhsDev\vendor\codeigniter4\framework\system\CodeIgniter.php(802): App\Controllers\Admission->acceptRequest()
#1 C:\xampp\htdocs\INHS_Dev\git\inhsDev\vendor\codeigniter4\framework\system\CodeIgniter.php(399): CodeIgniter\CodeIgniter->runController(Object(App\Controllers\Admission))
#2 C:\xampp\htdocs\INHS_Dev\git\inhsDev\vendor\codeigniter4\framework\system\CodeIgniter.php(317): CodeIgniter\CodeIgniter->handleRequest(NULL, Object(Config\Cache), false)
#3 C:\xampp\htdocs\INHS_Dev\git\inhsDev\public\index.php(36): CodeIgniter\CodeIgniter->run()
#4 C:\xampp\htdocs\INHS_Dev\git\inhsDev\vendor\codeigniter4\framework\system\Commands\Server\rewrite.php(43): require_once('C:\\xampp\\htdocs...')
#5 {main}
CRITICAL - 2021-11-08 18:54:27 --> Call to undefined method App\Models\AdmissionStatusModel::getResult
#0 C:\xampp\htdocs\INHS_Dev\git\inhsDev\app\Controllers\Admission.php(200): CodeIgniter\Model->__call('getResult', Array)
#1 C:\xampp\htdocs\INHS_Dev\git\inhsDev\vendor\codeigniter4\framework\system\CodeIgniter.php(802): App\Controllers\Admission->acceptRequest()
#2 C:\xampp\htdocs\INHS_Dev\git\inhsDev\vendor\codeigniter4\framework\system\CodeIgniter.php(399): CodeIgniter\CodeIgniter->runController(Object(App\Controllers\Admission))
#3 C:\xampp\htdocs\INHS_Dev\git\inhsDev\vendor\codeigniter4\framework\system\CodeIgniter.php(317): CodeIgniter\CodeIgniter->handleRequest(NULL, Object(Config\Cache), false)
#4 C:\xampp\htdocs\INHS_Dev\git\inhsDev\public\index.php(36): CodeIgniter\CodeIgniter->run()
#5 C:\xampp\htdocs\INHS_Dev\git\inhsDev\vendor\codeigniter4\framework\system\Commands\Server\rewrite.php(43): require_once('C:\\xampp\\htdocs...')
#6 {main}
CRITICAL - 2021-11-08 18:54:57 --> Call to undefined method App\Models\AdmissionStatusModel::getResult
#0 C:\xampp\htdocs\INHS_Dev\git\inhsDev\app\Controllers\Admission.php(200): CodeIgniter\Model->__call('getResult', Array)
#1 C:\xampp\htdocs\INHS_Dev\git\inhsDev\vendor\codeigniter4\framework\system\CodeIgniter.php(802): App\Controllers\Admission->acceptRequest()
#2 C:\xampp\htdocs\INHS_Dev\git\inhsDev\vendor\codeigniter4\framework\system\CodeIgniter.php(399): CodeIgniter\CodeIgniter->runController(Object(App\Controllers\Admission))
#3 C:\xampp\htdocs\INHS_Dev\git\inhsDev\vendor\codeigniter4\framework\system\CodeIgniter.php(317): CodeIgniter\CodeIgniter->handleRequest(NULL, Object(Config\Cache), false)
#4 C:\xampp\htdocs\INHS_Dev\git\inhsDev\public\index.php(36): CodeIgniter\CodeIgniter->run()
#5 C:\xampp\htdocs\INHS_Dev\git\inhsDev\vendor\codeigniter4\framework\system\Commands\Server\rewrite.php(43): require_once('C:\\xampp\\htdocs...')
#6 {main}
CRITICAL - 2021-11-08 19:12:26 --> Call to undefined method App\Models\AdmissionStatusModel::row
#0 C:\xampp\htdocs\INHS_Dev\git\inhsDev\app\Controllers\Admission.php(199): CodeIgniter\Model->__call('row', Array)
#1 C:\xampp\htdocs\INHS_Dev\git\inhsDev\vendor\codeigniter4\framework\system\CodeIgniter.php(802): App\Controllers\Admission->acceptRequest()
#2 C:\xampp\htdocs\INHS_Dev\git\inhsDev\vendor\codeigniter4\framework\system\CodeIgniter.php(399): CodeIgniter\CodeIgniter->runController(Object(App\Controllers\Admission))
#3 C:\xampp\htdocs\INHS_Dev\git\inhsDev\vendor\codeigniter4\framework\system\CodeIgniter.php(317): CodeIgniter\CodeIgniter->handleRequest(NULL, Object(Config\Cache), false)
#4 C:\xampp\htdocs\INHS_Dev\git\inhsDev\public\index.php(36): CodeIgniter\CodeIgniter->run()
#5 C:\xampp\htdocs\INHS_Dev\git\inhsDev\vendor\codeigniter4\framework\system\Commands\Server\rewrite.php(43): require_once('C:\\xampp\\htdocs...')
#6 {main}
CRITICAL - 2021-11-08 19:12:27 --> Call to undefined method App\Models\AdmissionStatusModel::row
#0 C:\xampp\htdocs\INHS_Dev\git\inhsDev\app\Controllers\Admission.php(199): CodeIgniter\Model->__call('row', Array)
#1 C:\xampp\htdocs\INHS_Dev\git\inhsDev\vendor\codeigniter4\framework\system\CodeIgniter.php(802): App\Controllers\Admission->acceptRequest()
#2 C:\xampp\htdocs\INHS_Dev\git\inhsDev\vendor\codeigniter4\framework\system\CodeIgniter.php(399): CodeIgniter\CodeIgniter->runController(Object(App\Controllers\Admission))
#3 C:\xampp\htdocs\INHS_Dev\git\inhsDev\vendor\codeigniter4\framework\system\CodeIgniter.php(317): CodeIgniter\CodeIgniter->handleRequest(NULL, Object(Config\Cache), false)
#4 C:\xampp\htdocs\INHS_Dev\git\inhsDev\public\index.php(36): CodeIgniter\CodeIgniter->run()
#5 C:\xampp\htdocs\INHS_Dev\git\inhsDev\vendor\codeigniter4\framework\system\Commands\Server\rewrite.php(43): require_once('C:\\xampp\\htdocs...')
#6 {main}
CRITICAL - 2021-11-08 19:14:10 --> Call to undefined method App\Models\AdmissionStatusModel::getRow
#0 C:\xampp\htdocs\INHS_Dev\git\inhsDev\app\Controllers\Admission.php(200): CodeIgniter\Model->__call('getRow', Array)
#1 C:\xampp\htdocs\INHS_Dev\git\inhsDev\vendor\codeigniter4\framework\system\CodeIgniter.php(802): App\Controllers\Admission->acceptRequest()
#2 C:\xampp\htdocs\INHS_Dev\git\inhsDev\vendor\codeigniter4\framework\system\CodeIgniter.php(399): CodeIgniter\CodeIgniter->runController(Object(App\Controllers\Admission))
#3 C:\xampp\htdocs\INHS_Dev\git\inhsDev\vendor\codeigniter4\framework\system\CodeIgniter.php(317): CodeIgniter\CodeIgniter->handleRequest(NULL, Object(Config\Cache), false)
#4 C:\xampp\htdocs\INHS_Dev\git\inhsDev\public\index.php(36): CodeIgniter\CodeIgniter->run()
#5 C:\xampp\htdocs\INHS_Dev\git\inhsDev\vendor\codeigniter4\framework\system\Commands\Server\rewrite.php(43): require_once('C:\\xampp\\htdocs...')
#6 {main}
CRITICAL - 2021-11-08 19:14:11 --> Call to undefined method App\Models\AdmissionStatusModel::getRow
#0 C:\xampp\htdocs\INHS_Dev\git\inhsDev\app\Controllers\Admission.php(200): CodeIgniter\Model->__call('getRow', Array)
#1 C:\xampp\htdocs\INHS_Dev\git\inhsDev\vendor\codeigniter4\framework\system\CodeIgniter.php(802): App\Controllers\Admission->acceptRequest()
#2 C:\xampp\htdocs\INHS_Dev\git\inhsDev\vendor\codeigniter4\framework\system\CodeIgniter.php(399): CodeIgniter\CodeIgniter->runController(Object(App\Controllers\Admission))
#3 C:\xampp\htdocs\INHS_Dev\git\inhsDev\vendor\codeigniter4\framework\system\CodeIgniter.php(317): CodeIgniter\CodeIgniter->handleRequest(NULL, Object(Config\Cache), false)
#4 C:\xampp\htdocs\INHS_Dev\git\inhsDev\public\index.php(36): CodeIgniter\CodeIgniter->run()
#5 C:\xampp\htdocs\INHS_Dev\git\inhsDev\vendor\codeigniter4\framework\system\Commands\Server\rewrite.php(43): require_once('C:\\xampp\\htdocs...')
#6 {main}
CRITICAL - 2021-11-08 19:14:11 --> Call to undefined method App\Models\AdmissionStatusModel::getRow
#0 C:\xampp\htdocs\INHS_Dev\git\inhsDev\app\Controllers\Admission.php(200): CodeIgniter\Model->__call('getRow', Array)
#1 C:\xampp\htdocs\INHS_Dev\git\inhsDev\vendor\codeigniter4\framework\system\CodeIgniter.php(802): App\Controllers\Admission->acceptRequest()
#2 C:\xampp\htdocs\INHS_Dev\git\inhsDev\vendor\codeigniter4\framework\system\CodeIgniter.php(399): CodeIgniter\CodeIgniter->runController(Object(App\Controllers\Admission))
#3 C:\xampp\htdocs\INHS_Dev\git\inhsDev\vendor\codeigniter4\framework\system\CodeIgniter.php(317): CodeIgniter\CodeIgniter->handleRequest(NULL, Object(Config\Cache), false)
#4 C:\xampp\htdocs\INHS_Dev\git\inhsDev\public\index.php(36): CodeIgniter\CodeIgniter->run()
#5 C:\xampp\htdocs\INHS_Dev\git\inhsDev\vendor\codeigniter4\framework\system\Commands\Server\rewrite.php(43): require_once('C:\\xampp\\htdocs...')
#6 {main}
CRITICAL - 2021-11-08 19:16:52 --> syntax error, unexpected '$date_accepted' (T_VARIABLE)
#0 C:\xampp\htdocs\INHS_Dev\git\inhsDev\vendor\codeigniter4\framework\system\Autoloader\Autoloader.php(241): CodeIgniter\Autoloader\Autoloader->includeFile('C:\\xampp\\htdocs...')
#1 C:\xampp\htdocs\INHS_Dev\git\inhsDev\vendor\codeigniter4\framework\system\Autoloader\Autoloader.php(219): CodeIgniter\Autoloader\Autoloader->loadInNamespace('App\\Controllers...')
#2 [internal function]: CodeIgniter\Autoloader\Autoloader->loadClass('App\\Controllers...')
#3 [internal function]: spl_autoload_call('App\\Controllers...')
#4 C:\xampp\htdocs\INHS_Dev\git\inhsDev\vendor\codeigniter4\framework\system\CodeIgniter.php(767): class_exists('\\App\\Controller...', true)
#5 C:\xampp\htdocs\INHS_Dev\git\inhsDev\vendor\codeigniter4\framework\system\CodeIgniter.php(386): CodeIgniter\CodeIgniter->startController()
#6 C:\xampp\htdocs\INHS_Dev\git\inhsDev\vendor\codeigniter4\framework\system\CodeIgniter.php(317): CodeIgniter\CodeIgniter->handleRequest(NULL, Object(Config\Cache), false)
#7 C:\xampp\htdocs\INHS_Dev\git\inhsDev\public\index.php(36): CodeIgniter\CodeIgniter->run()
#8 C:\xampp\htdocs\INHS_Dev\git\inhsDev\vendor\codeigniter4\framework\system\Commands\Server\rewrite.php(43): require_once('C:\\xampp\\htdocs...')
#9 {main}
CRITICAL - 2021-11-08 19:17:15 --> Call to undefined method App\Models\AdmissionStatusModel::getRow
#0 C:\xampp\htdocs\INHS_Dev\git\inhsDev\app\Controllers\Admission.php(201): CodeIgniter\Model->__call('getRow', Array)
#1 C:\xampp\htdocs\INHS_Dev\git\inhsDev\vendor\codeigniter4\framework\system\CodeIgniter.php(802): App\Controllers\Admission->acceptRequest()
#2 C:\xampp\htdocs\INHS_Dev\git\inhsDev\vendor\codeigniter4\framework\system\CodeIgniter.php(399): CodeIgniter\CodeIgniter->runController(Object(App\Controllers\Admission))
#3 C:\xampp\htdocs\INHS_Dev\git\inhsDev\vendor\codeigniter4\framework\system\CodeIgniter.php(317): CodeIgniter\CodeIgniter->handleRequest(NULL, Object(Config\Cache), false)
#4 C:\xampp\htdocs\INHS_Dev\git\inhsDev\public\index.php(36): CodeIgniter\CodeIgniter->run()
#5 C:\xampp\htdocs\INHS_Dev\git\inhsDev\vendor\codeigniter4\framework\system\Commands\Server\rewrite.php(43): require_once('C:\\xampp\\htdocs...')
#6 {main}
CRITICAL - 2021-11-08 19:17:16 --> Call to undefined method App\Models\AdmissionStatusModel::getRow
#0 C:\xampp\htdocs\INHS_Dev\git\inhsDev\app\Controllers\Admission.php(201): CodeIgniter\Model->__call('getRow', Array)
#1 C:\xampp\htdocs\INHS_Dev\git\inhsDev\vendor\codeigniter4\framework\system\CodeIgniter.php(802): App\Controllers\Admission->acceptRequest()
#2 C:\xampp\htdocs\INHS_Dev\git\inhsDev\vendor\codeigniter4\framework\system\CodeIgniter.php(399): CodeIgniter\CodeIgniter->runController(Object(App\Controllers\Admission))
#3 C:\xampp\htdocs\INHS_Dev\git\inhsDev\vendor\codeigniter4\framework\system\CodeIgniter.php(317): CodeIgniter\CodeIgniter->handleRequest(NULL, Object(Config\Cache), false)
#4 C:\xampp\htdocs\INHS_Dev\git\inhsDev\public\index.php(36): CodeIgniter\CodeIgniter->run()
#5 C:\xampp\htdocs\INHS_Dev\git\inhsDev\vendor\codeigniter4\framework\system\Commands\Server\rewrite.php(43): require_once('C:\\xampp\\htdocs...')
#6 {main}
CRITICAL - 2021-11-08 19:17:16 --> Call to undefined method App\Models\AdmissionStatusModel::getRow
#0 C:\xampp\htdocs\INHS_Dev\git\inhsDev\app\Controllers\Admission.php(201): CodeIgniter\Model->__call('getRow', Array)
#1 C:\xampp\htdocs\INHS_Dev\git\inhsDev\vendor\codeigniter4\framework\system\CodeIgniter.php(802): App\Controllers\Admission->acceptRequest()
#2 C:\xampp\htdocs\INHS_Dev\git\inhsDev\vendor\codeigniter4\framework\system\CodeIgniter.php(399): CodeIgniter\CodeIgniter->runController(Object(App\Controllers\Admission))
#3 C:\xampp\htdocs\INHS_Dev\git\inhsDev\vendor\codeigniter4\framework\system\CodeIgniter.php(317): CodeIgniter\CodeIgniter->handleRequest(NULL, Object(Config\Cache), false)
#4 C:\xampp\htdocs\INHS_Dev\git\inhsDev\public\index.php(36): CodeIgniter\CodeIgniter->run()
#5 C:\xampp\htdocs\INHS_Dev\git\inhsDev\vendor\codeigniter4\framework\system\Commands\Server\rewrite.php(43): require_once('C:\\xampp\\htdocs...')
#6 {main}
CRITICAL - 2021-11-08 19:17:47 --> Call to undefined method App\Models\AdmissionStatusModel::getRowArray
#0 C:\xampp\htdocs\INHS_Dev\git\inhsDev\app\Controllers\Admission.php(201): CodeIgniter\Model->__call('getRowArray', Array)
#1 C:\xampp\htdocs\INHS_Dev\git\inhsDev\vendor\codeigniter4\framework\system\CodeIgniter.php(802): App\Controllers\Admission->acceptRequest()
#2 C:\xampp\htdocs\INHS_Dev\git\inhsDev\vendor\codeigniter4\framework\system\CodeIgniter.php(399): CodeIgniter\CodeIgniter->runController(Object(App\Controllers\Admission))
#3 C:\xampp\htdocs\INHS_Dev\git\inhsDev\vendor\codeigniter4\framework\system\CodeIgniter.php(317): CodeIgniter\CodeIgniter->handleRequest(NULL, Object(Config\Cache), false)
#4 C:\xampp\htdocs\INHS_Dev\git\inhsDev\public\index.php(36): CodeIgniter\CodeIgniter->run()
#5 C:\xampp\htdocs\INHS_Dev\git\inhsDev\vendor\codeigniter4\framework\system\Commands\Server\rewrite.php(43): require_once('C:\\xampp\\htdocs...')
#6 {main}
CRITICAL - 2021-11-08 19:17:48 --> Call to undefined method App\Models\AdmissionStatusModel::getRowArray
#0 C:\xampp\htdocs\INHS_Dev\git\inhsDev\app\Controllers\Admission.php(201): CodeIgniter\Model->__call('getRowArray', Array)
#1 C:\xampp\htdocs\INHS_Dev\git\inhsDev\vendor\codeigniter4\framework\system\CodeIgniter.php(802): App\Controllers\Admission->acceptRequest()
#2 C:\xampp\htdocs\INHS_Dev\git\inhsDev\vendor\codeigniter4\framework\system\CodeIgniter.php(399): CodeIgniter\CodeIgniter->runController(Object(App\Controllers\Admission))
#3 C:\xampp\htdocs\INHS_Dev\git\inhsDev\vendor\codeigniter4\framework\system\CodeIgniter.php(317): CodeIgniter\CodeIgniter->handleRequest(NULL, Object(Config\Cache), false)
#4 C:\xampp\htdocs\INHS_Dev\git\inhsDev\public\index.php(36): CodeIgniter\CodeIgniter->run()
#5 C:\xampp\htdocs\INHS_Dev\git\inhsDev\vendor\codeigniter4\framework\system\Commands\Server\rewrite.php(43): require_once('C:\\xampp\\htdocs...')
#6 {main}
CRITICAL - 2021-11-08 19:17:48 --> Call to undefined method App\Models\AdmissionStatusModel::getRowArray
#0 C:\xampp\htdocs\INHS_Dev\git\inhsDev\app\Controllers\Admission.php(201): CodeIgniter\Model->__call('getRowArray', Array)
#1 C:\xampp\htdocs\INHS_Dev\git\inhsDev\vendor\codeigniter4\framework\system\CodeIgniter.php(802): App\Controllers\Admission->acceptRequest()
#2 C:\xampp\htdocs\INHS_Dev\git\inhsDev\vendor\codeigniter4\framework\system\CodeIgniter.php(399): CodeIgniter\CodeIgniter->runController(Object(App\Controllers\Admission))
#3 C:\xampp\htdocs\INHS_Dev\git\inhsDev\vendor\codeigniter4\framework\system\CodeIgniter.php(317): CodeIgniter\CodeIgniter->handleRequest(NULL, Object(Config\Cache), false)
#4 C:\xampp\htdocs\INHS_Dev\git\inhsDev\public\index.php(36): CodeIgniter\CodeIgniter->run()
#5 C:\xampp\htdocs\INHS_Dev\git\inhsDev\vendor\codeigniter4\framework\system\Commands\Server\rewrite.php(43): require_once('C:\\xampp\\htdocs...')
#6 {main}
CRITICAL - 2021-11-08 19:17:49 --> Call to undefined method App\Models\AdmissionStatusModel::getRowArray
#0 C:\xampp\htdocs\INHS_Dev\git\inhsDev\app\Controllers\Admission.php(201): CodeIgniter\Model->__call('getRowArray', Array)
#1 C:\xampp\htdocs\INHS_Dev\git\inhsDev\vendor\codeigniter4\framework\system\CodeIgniter.php(802): App\Controllers\Admission->acceptRequest()
#2 C:\xampp\htdocs\INHS_Dev\git\inhsDev\vendor\codeigniter4\framework\system\CodeIgniter.php(399): CodeIgniter\CodeIgniter->runController(Object(App\Controllers\Admission))
#3 C:\xampp\htdocs\INHS_Dev\git\inhsDev\vendor\codeigniter4\framework\system\CodeIgniter.php(317): CodeIgniter\CodeIgniter->handleRequest(NULL, Object(Config\Cache), false)
#4 C:\xampp\htdocs\INHS_Dev\git\inhsDev\public\index.php(36): CodeIgniter\CodeIgniter->run()
#5 C:\xampp\htdocs\INHS_Dev\git\inhsDev\vendor\codeigniter4\framework\system\Commands\Server\rewrite.php(43): require_once('C:\\xampp\\htdocs...')
#6 {main}
CRITICAL - 2021-11-08 19:17:49 --> Call to undefined method App\Models\AdmissionStatusModel::getRowArray
#0 C:\xampp\htdocs\INHS_Dev\git\inhsDev\app\Controllers\Admission.php(201): CodeIgniter\Model->__call('getRowArray', Array)
#1 C:\xampp\htdocs\INHS_Dev\git\inhsDev\vendor\codeigniter4\framework\system\CodeIgniter.php(802): App\Controllers\Admission->acceptRequest()
#2 C:\xampp\htdocs\INHS_Dev\git\inhsDev\vendor\codeigniter4\framework\system\CodeIgniter.php(399): CodeIgniter\CodeIgniter->runController(Object(App\Controllers\Admission))
#3 C:\xampp\htdocs\INHS_Dev\git\inhsDev\vendor\codeigniter4\framework\system\CodeIgniter.php(317): CodeIgniter\CodeIgniter->handleRequest(NULL, Object(Config\Cache), false)
#4 C:\xampp\htdocs\INHS_Dev\git\inhsDev\public\index.php(36): CodeIgniter\CodeIgniter->run()
#5 C:\xampp\htdocs\INHS_Dev\git\inhsDev\vendor\codeigniter4\framework\system\Commands\Server\rewrite.php(43): require_once('C:\\xampp\\htdocs...')
#6 {main}
