CRITICAL - 2022-02-13 06:55:54 --> Undefined variable: admission_id
#0 C:\xampp\htdocs\INHS_Dev\git\inhsDev\app\Views\f_application\application_header.php(82): CodeIgniter\Debug\Exceptions->errorHandler(8, 'Undefined varia...', 'C:\\xampp\\htdocs...', 82, Array)
#1 C:\xampp\htdocs\INHS_Dev\git\inhsDev\vendor\codeigniter4\framework\system\View\View.php(214): include('C:\\xampp\\htdocs...')
#2 C:\xampp\htdocs\INHS_Dev\git\inhsDev\vendor\codeigniter4\framework\system\View\View.php(217): CodeIgniter\View\View->CodeIgniter\View\{closure}()
#3 C:\xampp\htdocs\INHS_Dev\git\inhsDev\vendor\codeigniter4\framework\system\Common.php(1092): CodeIgniter\View\View->render('f_application/a...', Array, true)
#4 C:\xampp\htdocs\INHS_Dev\git\inhsDev\app\Controllers\Application.php(113): view('f_application/a...', Array)
#5 C:\xampp\htdocs\INHS_Dev\git\inhsDev\vendor\codeigniter4\framework\system\CodeIgniter.php(802): App\Controllers\Application->index()
#6 C:\xampp\htdocs\INHS_Dev\git\inhsDev\vendor\codeigniter4\framework\system\CodeIgniter.php(399): CodeIgniter\CodeIgniter->runController(Object(App\Controllers\Application))
#7 C:\xampp\htdocs\INHS_Dev\git\inhsDev\vendor\codeigniter4\framework\system\CodeIgniter.php(317): CodeIgniter\CodeIgniter->handleRequest(NULL, Object(Config\Cache), false)
#8 C:\xampp\htdocs\INHS_Dev\git\inhsDev\public\index.php(36): CodeIgniter\CodeIgniter->run()
#9 C:\xampp\htdocs\INHS_Dev\git\inhsDev\vendor\codeigniter4\framework\system\Commands\Server\rewrite.php(43): require_once('C:\\xampp\\htdocs...')
#10 {main}
CRITICAL - 2022-02-13 06:56:17 --> Undefined variable: admission_id
#0 C:\xampp\htdocs\INHS_Dev\git\inhsDev\app\Views\f_application\application_header.php(82): CodeIgniter\Debug\Exceptions->errorHandler(8, 'Undefined varia...', 'C:\\xampp\\htdocs...', 82, Array)
#1 C:\xampp\htdocs\INHS_Dev\git\inhsDev\vendor\codeigniter4\framework\system\View\View.php(214): include('C:\\xampp\\htdocs...')
#2 C:\xampp\htdocs\INHS_Dev\git\inhsDev\vendor\codeigniter4\framework\system\View\View.php(217): CodeIgniter\View\View->CodeIgniter\View\{closure}()
#3 C:\xampp\htdocs\INHS_Dev\git\inhsDev\vendor\codeigniter4\framework\system\Common.php(1092): CodeIgniter\View\View->render('f_application/a...', Array, true)
#4 C:\xampp\htdocs\INHS_Dev\git\inhsDev\app\Controllers\Application.php(113): view('f_application/a...', Array)
#5 C:\xampp\htdocs\INHS_Dev\git\inhsDev\vendor\codeigniter4\framework\system\CodeIgniter.php(802): App\Controllers\Application->index()
#6 C:\xampp\htdocs\INHS_Dev\git\inhsDev\vendor\codeigniter4\framework\system\CodeIgniter.php(399): CodeIgniter\CodeIgniter->runController(Object(App\Controllers\Application))
#7 C:\xampp\htdocs\INHS_Dev\git\inhsDev\vendor\codeigniter4\framework\system\CodeIgniter.php(317): CodeIgniter\CodeIgniter->handleRequest(NULL, Object(Config\Cache), false)
#8 C:\xampp\htdocs\INHS_Dev\git\inhsDev\public\index.php(36): CodeIgniter\CodeIgniter->run()
#9 C:\xampp\htdocs\INHS_Dev\git\inhsDev\vendor\codeigniter4\framework\system\Commands\Server\rewrite.php(43): require_once('C:\\xampp\\htdocs...')
#10 {main}
CRITICAL - 2022-02-13 07:14:52 --> Undefined variable: admission
#0 C:\xampp\htdocs\INHS_Dev\git\inhsDev\app\Views\f_application\application_header.php(88): CodeIgniter\Debug\Exceptions->errorHandler(8, 'Undefined varia...', 'C:\\xampp\\htdocs...', 88, Array)
#1 C:\xampp\htdocs\INHS_Dev\git\inhsDev\vendor\codeigniter4\framework\system\View\View.php(214): include('C:\\xampp\\htdocs...')
#2 C:\xampp\htdocs\INHS_Dev\git\inhsDev\vendor\codeigniter4\framework\system\View\View.php(217): CodeIgniter\View\View->CodeIgniter\View\{closure}()
#3 C:\xampp\htdocs\INHS_Dev\git\inhsDev\vendor\codeigniter4\framework\system\Common.php(1092): CodeIgniter\View\View->render('f_application/a...', Array, true)
#4 C:\xampp\htdocs\INHS_Dev\git\inhsDev\app\Controllers\Application.php(679): view('f_application/a...', Array)
#5 C:\xampp\htdocs\INHS_Dev\git\inhsDev\vendor\codeigniter4\framework\system\CodeIgniter.php(802): App\Controllers\Application->viewUploads()
#6 C:\xampp\htdocs\INHS_Dev\git\inhsDev\vendor\codeigniter4\framework\system\CodeIgniter.php(399): CodeIgniter\CodeIgniter->runController(Object(App\Controllers\Application))
#7 C:\xampp\htdocs\INHS_Dev\git\inhsDev\vendor\codeigniter4\framework\system\CodeIgniter.php(317): CodeIgniter\CodeIgniter->handleRequest(NULL, Object(Config\Cache), false)
#8 C:\xampp\htdocs\INHS_Dev\git\inhsDev\public\index.php(36): CodeIgniter\CodeIgniter->run()
#9 C:\xampp\htdocs\INHS_Dev\git\inhsDev\vendor\codeigniter4\framework\system\Commands\Server\rewrite.php(43): require_once('C:\\xampp\\htdocs...')
#10 {main}
CRITICAL - 2022-02-13 08:22:02 --> Undefined variable: admission_id
#0 C:\xampp\htdocs\INHS_Dev\git\inhsDev\app\Views\f_application\application_header.php(90): CodeIgniter\Debug\Exceptions->errorHandler(8, 'Undefined varia...', 'C:\\xampp\\htdocs...', 90, Array)
#1 C:\xampp\htdocs\INHS_Dev\git\inhsDev\vendor\codeigniter4\framework\system\View\View.php(214): include('C:\\xampp\\htdocs...')
#2 C:\xampp\htdocs\INHS_Dev\git\inhsDev\vendor\codeigniter4\framework\system\View\View.php(217): CodeIgniter\View\View->CodeIgniter\View\{closure}()
#3 C:\xampp\htdocs\INHS_Dev\git\inhsDev\vendor\codeigniter4\framework\system\Common.php(1092): CodeIgniter\View\View->render('f_application/a...', Array, true)
#4 C:\xampp\htdocs\INHS_Dev\git\inhsDev\app\Controllers\Application.php(113): view('f_application/a...', Array)
#5 C:\xampp\htdocs\INHS_Dev\git\inhsDev\vendor\codeigniter4\framework\system\CodeIgniter.php(802): App\Controllers\Application->index()
#6 C:\xampp\htdocs\INHS_Dev\git\inhsDev\vendor\codeigniter4\framework\system\CodeIgniter.php(399): CodeIgniter\CodeIgniter->runController(Object(App\Controllers\Application))
#7 C:\xampp\htdocs\INHS_Dev\git\inhsDev\vendor\codeigniter4\framework\system\CodeIgniter.php(317): CodeIgniter\CodeIgniter->handleRequest(NULL, Object(Config\Cache), false)
#8 C:\xampp\htdocs\INHS_Dev\git\inhsDev\public\index.php(36): CodeIgniter\CodeIgniter->run()
#9 C:\xampp\htdocs\INHS_Dev\git\inhsDev\vendor\codeigniter4\framework\system\Commands\Server\rewrite.php(43): require_once('C:\\xampp\\htdocs...')
#10 {main}
CRITICAL - 2022-02-13 08:22:58 --> Undefined variable: admission_id
#0 C:\xampp\htdocs\INHS_Dev\git\inhsDev\app\Views\f_application\application_header.php(90): CodeIgniter\Debug\Exceptions->errorHandler(8, 'Undefined varia...', 'C:\\xampp\\htdocs...', 90, Array)
#1 C:\xampp\htdocs\INHS_Dev\git\inhsDev\vendor\codeigniter4\framework\system\View\View.php(214): include('C:\\xampp\\htdocs...')
#2 C:\xampp\htdocs\INHS_Dev\git\inhsDev\vendor\codeigniter4\framework\system\View\View.php(217): CodeIgniter\View\View->CodeIgniter\View\{closure}()
#3 C:\xampp\htdocs\INHS_Dev\git\inhsDev\vendor\codeigniter4\framework\system\Common.php(1092): CodeIgniter\View\View->render('f_application/a...', Array, true)
#4 C:\xampp\htdocs\INHS_Dev\git\inhsDev\app\Controllers\Application.php(113): view('f_application/a...', Array)
#5 C:\xampp\htdocs\INHS_Dev\git\inhsDev\vendor\codeigniter4\framework\system\CodeIgniter.php(802): App\Controllers\Application->index()
#6 C:\xampp\htdocs\INHS_Dev\git\inhsDev\vendor\codeigniter4\framework\system\CodeIgniter.php(399): CodeIgniter\CodeIgniter->runController(Object(App\Controllers\Application))
#7 C:\xampp\htdocs\INHS_Dev\git\inhsDev\vendor\codeigniter4\framework\system\CodeIgniter.php(317): CodeIgniter\CodeIgniter->handleRequest(NULL, Object(Config\Cache), false)
#8 C:\xampp\htdocs\INHS_Dev\git\inhsDev\public\index.php(36): CodeIgniter\CodeIgniter->run()
#9 C:\xampp\htdocs\INHS_Dev\git\inhsDev\vendor\codeigniter4\framework\system\Commands\Server\rewrite.php(43): require_once('C:\\xampp\\htdocs...')
#10 {main}
CRITICAL - 2022-02-13 08:26:46 --> Undefined index: filename
#0 C:\xampp\htdocs\INHS_Dev\git\inhsDev\app\Views\f_application\f_application_uploads\uploads.php(31): CodeIgniter\Debug\Exceptions->errorHandler(8, 'Undefined index...', 'C:\\xampp\\htdocs...', 31, Array)
#1 C:\xampp\htdocs\INHS_Dev\git\inhsDev\vendor\codeigniter4\framework\system\View\View.php(214): include('C:\\xampp\\htdocs...')
#2 C:\xampp\htdocs\INHS_Dev\git\inhsDev\vendor\codeigniter4\framework\system\View\View.php(217): CodeIgniter\View\View->CodeIgniter\View\{closure}()
#3 C:\xampp\htdocs\INHS_Dev\git\inhsDev\vendor\codeigniter4\framework\system\Common.php(1092): CodeIgniter\View\View->render('f_application/f...', Array, true)
#4 C:\xampp\htdocs\INHS_Dev\git\inhsDev\app\Controllers\Application.php(685): view('f_application/f...', Array)
#5 C:\xampp\htdocs\INHS_Dev\git\inhsDev\vendor\codeigniter4\framework\system\CodeIgniter.php(802): App\Controllers\Application->viewUploads()
#6 C:\xampp\htdocs\INHS_Dev\git\inhsDev\vendor\codeigniter4\framework\system\CodeIgniter.php(399): CodeIgniter\CodeIgniter->runController(Object(App\Controllers\Application))
#7 C:\xampp\htdocs\INHS_Dev\git\inhsDev\vendor\codeigniter4\framework\system\CodeIgniter.php(317): CodeIgniter\CodeIgniter->handleRequest(NULL, Object(Config\Cache), false)
#8 C:\xampp\htdocs\INHS_Dev\git\inhsDev\public\index.php(36): CodeIgniter\CodeIgniter->run()
#9 C:\xampp\htdocs\INHS_Dev\git\inhsDev\vendor\codeigniter4\framework\system\Commands\Server\rewrite.php(43): require_once('C:\\xampp\\htdocs...')
#10 {main}
CRITICAL - 2022-02-13 08:28:38 --> Undefined variable: file
#0 C:\xampp\htdocs\INHS_Dev\git\inhsDev\app\Views\f_application\f_application_uploads\uploads.php(31): CodeIgniter\Debug\Exceptions->errorHandler(8, 'Undefined varia...', 'C:\\xampp\\htdocs...', 31, Array)
#1 C:\xampp\htdocs\INHS_Dev\git\inhsDev\vendor\codeigniter4\framework\system\View\View.php(214): include('C:\\xampp\\htdocs...')
#2 C:\xampp\htdocs\INHS_Dev\git\inhsDev\vendor\codeigniter4\framework\system\View\View.php(217): CodeIgniter\View\View->CodeIgniter\View\{closure}()
#3 C:\xampp\htdocs\INHS_Dev\git\inhsDev\vendor\codeigniter4\framework\system\Common.php(1092): CodeIgniter\View\View->render('f_application/f...', Array, true)
#4 C:\xampp\htdocs\INHS_Dev\git\inhsDev\app\Controllers\Application.php(685): view('f_application/f...', Array)
#5 C:\xampp\htdocs\INHS_Dev\git\inhsDev\vendor\codeigniter4\framework\system\CodeIgniter.php(802): App\Controllers\Application->viewUploads()
#6 C:\xampp\htdocs\INHS_Dev\git\inhsDev\vendor\codeigniter4\framework\system\CodeIgniter.php(399): CodeIgniter\CodeIgniter->runController(Object(App\Controllers\Application))
#7 C:\xampp\htdocs\INHS_Dev\git\inhsDev\vendor\codeigniter4\framework\system\CodeIgniter.php(317): CodeIgniter\CodeIgniter->handleRequest(NULL, Object(Config\Cache), false)
#8 C:\xampp\htdocs\INHS_Dev\git\inhsDev\public\index.php(36): CodeIgniter\CodeIgniter->run()
#9 C:\xampp\htdocs\INHS_Dev\git\inhsDev\vendor\codeigniter4\framework\system\Commands\Server\rewrite.php(43): require_once('C:\\xampp\\htdocs...')
#10 {main}
CRITICAL - 2022-02-13 08:28:47 --> Undefined variable: file
#0 C:\xampp\htdocs\INHS_Dev\git\inhsDev\app\Views\f_application\f_application_uploads\uploads.php(31): CodeIgniter\Debug\Exceptions->errorHandler(8, 'Undefined varia...', 'C:\\xampp\\htdocs...', 31, Array)
#1 C:\xampp\htdocs\INHS_Dev\git\inhsDev\vendor\codeigniter4\framework\system\View\View.php(214): include('C:\\xampp\\htdocs...')
#2 C:\xampp\htdocs\INHS_Dev\git\inhsDev\vendor\codeigniter4\framework\system\View\View.php(217): CodeIgniter\View\View->CodeIgniter\View\{closure}()
#3 C:\xampp\htdocs\INHS_Dev\git\inhsDev\vendor\codeigniter4\framework\system\Common.php(1092): CodeIgniter\View\View->render('f_application/f...', Array, true)
#4 C:\xampp\htdocs\INHS_Dev\git\inhsDev\app\Controllers\Application.php(685): view('f_application/f...', Array)
#5 C:\xampp\htdocs\INHS_Dev\git\inhsDev\vendor\codeigniter4\framework\system\CodeIgniter.php(802): App\Controllers\Application->viewUploads()
#6 C:\xampp\htdocs\INHS_Dev\git\inhsDev\vendor\codeigniter4\framework\system\CodeIgniter.php(399): CodeIgniter\CodeIgniter->runController(Object(App\Controllers\Application))
#7 C:\xampp\htdocs\INHS_Dev\git\inhsDev\vendor\codeigniter4\framework\system\CodeIgniter.php(317): CodeIgniter\CodeIgniter->handleRequest(NULL, Object(Config\Cache), false)
#8 C:\xampp\htdocs\INHS_Dev\git\inhsDev\public\index.php(36): CodeIgniter\CodeIgniter->run()
#9 C:\xampp\htdocs\INHS_Dev\git\inhsDev\vendor\codeigniter4\framework\system\Commands\Server\rewrite.php(43): require_once('C:\\xampp\\htdocs...')
#10 {main}
CRITICAL - 2022-02-13 10:51:51 --> syntax error, unexpected '->' (T_OBJECT_OPERATOR)
#0 C:\xampp\htdocs\INHS_Dev\git\inhsDev\vendor\codeigniter4\framework\system\Autoloader\Autoloader.php(241): CodeIgniter\Autoloader\Autoloader->includeFile('C:\\xampp\\htdocs...')
#1 C:\xampp\htdocs\INHS_Dev\git\inhsDev\vendor\codeigniter4\framework\system\Autoloader\Autoloader.php(219): CodeIgniter\Autoloader\Autoloader->loadInNamespace('App\\Controllers...')
#2 [internal function]: CodeIgniter\Autoloader\Autoloader->loadClass('App\\Controllers...')
#3 [internal function]: spl_autoload_call('App\\Controllers...')
#4 C:\xampp\htdocs\INHS_Dev\git\inhsDev\vendor\codeigniter4\framework\system\CodeIgniter.php(767): class_exists('\\App\\Controller...', true)
#5 C:\xampp\htdocs\INHS_Dev\git\inhsDev\vendor\codeigniter4\framework\system\CodeIgniter.php(386): CodeIgniter\CodeIgniter->startController()
#6 C:\xampp\htdocs\INHS_Dev\git\inhsDev\vendor\codeigniter4\framework\system\CodeIgniter.php(317): CodeIgniter\CodeIgniter->handleRequest(NULL, Object(Config\Cache), false)
#7 C:\xampp\htdocs\INHS_Dev\git\inhsDev\public\index.php(36): CodeIgniter\CodeIgniter->run()
#8 C:\xampp\htdocs\INHS_Dev\git\inhsDev\vendor\codeigniter4\framework\system\Commands\Server\rewrite.php(43): require_once('C:\\xampp\\htdocs...')
#9 {main}
CRITICAL - 2022-02-13 10:52:34 --> Undefined variable: fileModel
#0 C:\xampp\htdocs\INHS_Dev\git\inhsDev\app\Controllers\Application.php(692): CodeIgniter\Debug\Exceptions->errorHandler(8, 'Undefined varia...', 'C:\\xampp\\htdocs...', 692, Array)
#1 C:\xampp\htdocs\INHS_Dev\git\inhsDev\vendor\codeigniter4\framework\system\CodeIgniter.php(802): App\Controllers\Application->deleteUpload()
#2 C:\xampp\htdocs\INHS_Dev\git\inhsDev\vendor\codeigniter4\framework\system\CodeIgniter.php(399): CodeIgniter\CodeIgniter->runController(Object(App\Controllers\Application))
#3 C:\xampp\htdocs\INHS_Dev\git\inhsDev\vendor\codeigniter4\framework\system\CodeIgniter.php(317): CodeIgniter\CodeIgniter->handleRequest(NULL, Object(Config\Cache), false)
#4 C:\xampp\htdocs\INHS_Dev\git\inhsDev\public\index.php(36): CodeIgniter\CodeIgniter->run()
#5 C:\xampp\htdocs\INHS_Dev\git\inhsDev\vendor\codeigniter4\framework\system\Commands\Server\rewrite.php(43): require_once('C:\\xampp\\htdocs...')
#6 {main}
CRITICAL - 2022-02-13 10:52:49 --> Undefined variable: fileName
#0 C:\xampp\htdocs\INHS_Dev\git\inhsDev\app\Controllers\Application.php(692): CodeIgniter\Debug\Exceptions->errorHandler(8, 'Undefined varia...', 'C:\\xampp\\htdocs...', 692, Array)
#1 C:\xampp\htdocs\INHS_Dev\git\inhsDev\vendor\codeigniter4\framework\system\CodeIgniter.php(802): App\Controllers\Application->deleteUpload()
#2 C:\xampp\htdocs\INHS_Dev\git\inhsDev\vendor\codeigniter4\framework\system\CodeIgniter.php(399): CodeIgniter\CodeIgniter->runController(Object(App\Controllers\Application))
#3 C:\xampp\htdocs\INHS_Dev\git\inhsDev\vendor\codeigniter4\framework\system\CodeIgniter.php(317): CodeIgniter\CodeIgniter->handleRequest(NULL, Object(Config\Cache), false)
#4 C:\xampp\htdocs\INHS_Dev\git\inhsDev\public\index.php(36): CodeIgniter\CodeIgniter->run()
#5 C:\xampp\htdocs\INHS_Dev\git\inhsDev\vendor\codeigniter4\framework\system\Commands\Server\rewrite.php(43): require_once('C:\\xampp\\htdocs...')
#6 {main}
