CRITICAL - 2021-06-25 00:32:17 --> Undefined variable $userInfo
#0 C:\xampp\htdocs\NsoftDev\ci4new\app\Views\f_admin\index.php(46): CodeIgniter\Debug\Exceptions->errorHandler(2, 'Undefined varia...', 'C:\\xampp\\htdocs...', 46)
#1 C:\xampp\htdocs\NsoftDev\ci4new\vendor\codeigniter4\framework\system\View\View.php(230): include('C:\\xampp\\htdocs...')
#2 C:\xampp\htdocs\NsoftDev\ci4new\vendor\codeigniter4\framework\system\View\View.php(232): CodeIgniter\View\View->CodeIgniter\View\{closure}()
#3 C:\xampp\htdocs\NsoftDev\ci4new\vendor\codeigniter4\framework\system\Common.php(1250): CodeIgniter\View\View->render('f_admin/index', Array, true)
#4 C:\xampp\htdocs\NsoftDev\ci4new\app\Controllers\Admin.php(16): view('f_admin/index')
#5 C:\xampp\htdocs\NsoftDev\ci4new\vendor\codeigniter4\framework\system\CodeIgniter.php(931): App\Controllers\Admin->index()
#6 C:\xampp\htdocs\NsoftDev\ci4new\vendor\codeigniter4\framework\system\CodeIgniter.php(439): CodeIgniter\CodeIgniter->runController(Object(App\Controllers\Admin))
#7 C:\xampp\htdocs\NsoftDev\ci4new\vendor\codeigniter4\framework\system\CodeIgniter.php(339): CodeIgniter\CodeIgniter->handleRequest(NULL, Object(Config\Cache), false)
#8 C:\xampp\htdocs\NsoftDev\ci4new\public\index.php(36): CodeIgniter\CodeIgniter->run()
#9 C:\xampp\htdocs\NsoftDev\ci4new\vendor\codeigniter4\framework\system\Commands\Server\rewrite.php(45): require_once('C:\\xampp\\htdocs...')
#10 {main}
CRITICAL - 2021-06-25 00:33:34 --> Undefined variable $userInfo
#0 C:\xampp\htdocs\NsoftDev\ci4new\app\Views\f_admin\index.php(46): CodeIgniter\Debug\Exceptions->errorHandler(2, 'Undefined varia...', 'C:\\xampp\\htdocs...', 46)
#1 C:\xampp\htdocs\NsoftDev\ci4new\vendor\codeigniter4\framework\system\View\View.php(230): include('C:\\xampp\\htdocs...')
#2 C:\xampp\htdocs\NsoftDev\ci4new\vendor\codeigniter4\framework\system\View\View.php(232): CodeIgniter\View\View->CodeIgniter\View\{closure}()
#3 C:\xampp\htdocs\NsoftDev\ci4new\vendor\codeigniter4\framework\system\Common.php(1250): CodeIgniter\View\View->render('f_admin/index', Array, true)
#4 C:\xampp\htdocs\NsoftDev\ci4new\app\Controllers\Admin.php(17): view('f_admin/index')
#5 C:\xampp\htdocs\NsoftDev\ci4new\vendor\codeigniter4\framework\system\CodeIgniter.php(931): App\Controllers\Admin->index()
#6 C:\xampp\htdocs\NsoftDev\ci4new\vendor\codeigniter4\framework\system\CodeIgniter.php(439): CodeIgniter\CodeIgniter->runController(Object(App\Controllers\Admin))
#7 C:\xampp\htdocs\NsoftDev\ci4new\vendor\codeigniter4\framework\system\CodeIgniter.php(339): CodeIgniter\CodeIgniter->handleRequest(NULL, Object(Config\Cache), false)
#8 C:\xampp\htdocs\NsoftDev\ci4new\public\index.php(36): CodeIgniter\CodeIgniter->run()
#9 C:\xampp\htdocs\NsoftDev\ci4new\vendor\codeigniter4\framework\system\Commands\Server\rewrite.php(45): require_once('C:\\xampp\\htdocs...')
#10 {main}
CRITICAL - 2021-06-25 03:46:53 --> Undefined variable $userModel
#0 C:\xampp\htdocs\NsoftDev\ci4new\app\Views\f_layout\admin_layout.php(190): CodeIgniter\Debug\Exceptions->errorHandler(2, 'Undefined varia...', 'C:\\xampp\\htdocs...', 190)
#1 C:\xampp\htdocs\NsoftDev\ci4new\vendor\codeigniter4\framework\system\View\View.php(230): include('C:\\xampp\\htdocs...')
#2 C:\xampp\htdocs\NsoftDev\ci4new\vendor\codeigniter4\framework\system\View\View.php(232): CodeIgniter\View\View->CodeIgniter\View\{closure}()
#3 C:\xampp\htdocs\NsoftDev\ci4new\vendor\codeigniter4\framework\system\Common.php(1250): CodeIgniter\View\View->render('f_layout/admin_...', Array, true)
#4 C:\xampp\htdocs\NsoftDev\ci4new\app\Controllers\Admin.php(25): view('f_layout/admin_...', Array)
#5 C:\xampp\htdocs\NsoftDev\ci4new\vendor\codeigniter4\framework\system\CodeIgniter.php(931): App\Controllers\Admin->index()
#6 C:\xampp\htdocs\NsoftDev\ci4new\vendor\codeigniter4\framework\system\CodeIgniter.php(439): CodeIgniter\CodeIgniter->runController(Object(App\Controllers\Admin))
#7 C:\xampp\htdocs\NsoftDev\ci4new\vendor\codeigniter4\framework\system\CodeIgniter.php(339): CodeIgniter\CodeIgniter->handleRequest(NULL, Object(Config\Cache), false)
#8 C:\xampp\htdocs\NsoftDev\ci4new\public\index.php(36): CodeIgniter\CodeIgniter->run()
#9 C:\xampp\htdocs\NsoftDev\ci4new\vendor\codeigniter4\framework\system\Commands\Server\rewrite.php(45): require_once('C:\\xampp\\htdocs...')
#10 {main}
CRITICAL - 2021-06-25 03:57:47 --> syntax error, unexpected token "echo"
#0 C:\xampp\htdocs\NsoftDev\ci4new\vendor\codeigniter4\framework\system\View\View.php(232): CodeIgniter\View\View->CodeIgniter\View\{closure}()
#1 C:\xampp\htdocs\NsoftDev\ci4new\vendor\codeigniter4\framework\system\Common.php(1250): CodeIgniter\View\View->render('f_admin/index', Array, true)
#2 C:\xampp\htdocs\NsoftDev\ci4new\app\Controllers\Admin.php(25): view('f_admin/index', Array)
#3 C:\xampp\htdocs\NsoftDev\ci4new\vendor\codeigniter4\framework\system\CodeIgniter.php(931): App\Controllers\Admin->index()
#4 C:\xampp\htdocs\NsoftDev\ci4new\vendor\codeigniter4\framework\system\CodeIgniter.php(439): CodeIgniter\CodeIgniter->runController(Object(App\Controllers\Admin))
#5 C:\xampp\htdocs\NsoftDev\ci4new\vendor\codeigniter4\framework\system\CodeIgniter.php(339): CodeIgniter\CodeIgniter->handleRequest(NULL, Object(Config\Cache), false)
#6 C:\xampp\htdocs\NsoftDev\ci4new\public\index.php(36): CodeIgniter\CodeIgniter->run()
#7 C:\xampp\htdocs\NsoftDev\ci4new\vendor\codeigniter4\framework\system\Commands\Server\rewrite.php(45): require_once('C:\\xampp\\htdocs...')
#8 {main}
CRITICAL - 2021-06-25 03:57:57 --> syntax error, unexpected variable "$userInfo"
#0 C:\xampp\htdocs\NsoftDev\ci4new\vendor\codeigniter4\framework\system\View\View.php(232): CodeIgniter\View\View->CodeIgniter\View\{closure}()
#1 C:\xampp\htdocs\NsoftDev\ci4new\vendor\codeigniter4\framework\system\Common.php(1250): CodeIgniter\View\View->render('f_admin/index', Array, true)
#2 C:\xampp\htdocs\NsoftDev\ci4new\app\Controllers\Admin.php(25): view('f_admin/index', Array)
#3 C:\xampp\htdocs\NsoftDev\ci4new\vendor\codeigniter4\framework\system\CodeIgniter.php(931): App\Controllers\Admin->index()
#4 C:\xampp\htdocs\NsoftDev\ci4new\vendor\codeigniter4\framework\system\CodeIgniter.php(439): CodeIgniter\CodeIgniter->runController(Object(App\Controllers\Admin))
#5 C:\xampp\htdocs\NsoftDev\ci4new\vendor\codeigniter4\framework\system\CodeIgniter.php(339): CodeIgniter\CodeIgniter->handleRequest(NULL, Object(Config\Cache), false)
#6 C:\xampp\htdocs\NsoftDev\ci4new\public\index.php(36): CodeIgniter\CodeIgniter->run()
#7 C:\xampp\htdocs\NsoftDev\ci4new\vendor\codeigniter4\framework\system\Commands\Server\rewrite.php(45): require_once('C:\\xampp\\htdocs...')
#8 {main}
CRITICAL - 2021-06-25 03:58:09 --> syntax error, unexpected variable "$this"
#0 C:\xampp\htdocs\NsoftDev\ci4new\vendor\codeigniter4\framework\system\View\View.php(232): CodeIgniter\View\View->CodeIgniter\View\{closure}()
#1 C:\xampp\htdocs\NsoftDev\ci4new\vendor\codeigniter4\framework\system\Common.php(1250): CodeIgniter\View\View->render('f_admin/index', Array, true)
#2 C:\xampp\htdocs\NsoftDev\ci4new\app\Controllers\Admin.php(25): view('f_admin/index', Array)
#3 C:\xampp\htdocs\NsoftDev\ci4new\vendor\codeigniter4\framework\system\CodeIgniter.php(931): App\Controllers\Admin->index()
#4 C:\xampp\htdocs\NsoftDev\ci4new\vendor\codeigniter4\framework\system\CodeIgniter.php(439): CodeIgniter\CodeIgniter->runController(Object(App\Controllers\Admin))
#5 C:\xampp\htdocs\NsoftDev\ci4new\vendor\codeigniter4\framework\system\CodeIgniter.php(339): CodeIgniter\CodeIgniter->handleRequest(NULL, Object(Config\Cache), false)
#6 C:\xampp\htdocs\NsoftDev\ci4new\public\index.php(36): CodeIgniter\CodeIgniter->run()
#7 C:\xampp\htdocs\NsoftDev\ci4new\vendor\codeigniter4\framework\system\Commands\Server\rewrite.php(45): require_once('C:\\xampp\\htdocs...')
#8 {main}
CRITICAL - 2021-06-25 03:59:30 --> Undefined array key "title"
#0 C:\xampp\htdocs\NsoftDev\ci4new\app\Views\f_layout\admin_layout.php(11): CodeIgniter\Debug\Exceptions->errorHandler(2, 'Undefined array...', 'C:\\xampp\\htdocs...', 11)
#1 C:\xampp\htdocs\NsoftDev\ci4new\vendor\codeigniter4\framework\system\View\View.php(230): include('C:\\xampp\\htdocs...')
#2 C:\xampp\htdocs\NsoftDev\ci4new\vendor\codeigniter4\framework\system\View\View.php(232): CodeIgniter\View\View->CodeIgniter\View\{closure}()
#3 C:\xampp\htdocs\NsoftDev\ci4new\vendor\codeigniter4\framework\system\View\View.php(246): CodeIgniter\View\View->render('f_layout/admin_...', Array, true)
#4 C:\xampp\htdocs\NsoftDev\ci4new\vendor\codeigniter4\framework\system\Common.php(1250): CodeIgniter\View\View->render('f_admin/index', Array, true)
#5 C:\xampp\htdocs\NsoftDev\ci4new\app\Controllers\Admin.php(25): view('f_admin/index', Array)
#6 C:\xampp\htdocs\NsoftDev\ci4new\vendor\codeigniter4\framework\system\CodeIgniter.php(931): App\Controllers\Admin->index()
#7 C:\xampp\htdocs\NsoftDev\ci4new\vendor\codeigniter4\framework\system\CodeIgniter.php(439): CodeIgniter\CodeIgniter->runController(Object(App\Controllers\Admin))
#8 C:\xampp\htdocs\NsoftDev\ci4new\vendor\codeigniter4\framework\system\CodeIgniter.php(339): CodeIgniter\CodeIgniter->handleRequest(NULL, Object(Config\Cache), false)
#9 C:\xampp\htdocs\NsoftDev\ci4new\public\index.php(36): CodeIgniter\CodeIgniter->run()
#10 C:\xampp\htdocs\NsoftDev\ci4new\vendor\codeigniter4\framework\system\Commands\Server\rewrite.php(45): require_once('C:\\xampp\\htdocs...')
#11 {main}
