CRITICAL - 2022-05-10 02:00:22 --> Trying to access array offset on value of type null
#0 C:\Users\SERVER\Desktop\ICTD_INHS_WEBSITE\INHS_Integrated\app\Controllers\Application.php(932): CodeIgniter\Debug\Exceptions->errorHandler(2, 'Trying to acces...', 'C:\\Users\\SERVER...', 932)
#1 C:\Users\SERVER\Desktop\ICTD_INHS_WEBSITE\INHS_Integrated\vendor\codeigniter4\framework\system\CodeIgniter.php(931): App\Controllers\Application->viewApplication()
#2 C:\Users\SERVER\Desktop\ICTD_INHS_WEBSITE\INHS_Integrated\vendor\codeigniter4\framework\system\CodeIgniter.php(439): CodeIgniter\CodeIgniter->runController(Object(App\Controllers\Application))
#3 C:\Users\SERVER\Desktop\ICTD_INHS_WEBSITE\INHS_Integrated\vendor\codeigniter4\framework\system\CodeIgniter.php(339): CodeIgniter\CodeIgniter->handleRequest(NULL, Object(Config\Cache), false)
#4 C:\Users\SERVER\Desktop\ICTD_INHS_WEBSITE\INHS_Integrated\public\index.php(36): CodeIgniter\CodeIgniter->run()
#5 C:\Users\SERVER\Desktop\ICTD_INHS_WEBSITE\INHS_Integrated\vendor\codeigniter4\framework\system\Commands\Server\rewrite.php(45): require_once('C:\\Users\\SERVER...')
#6 {main}
CRITICAL - 2022-05-10 02:01:27 --> Trying to access array offset on value of type null
#0 C:\Users\SERVER\Desktop\ICTD_INHS_WEBSITE\INHS_Integrated\app\Controllers\Application.php(932): CodeIgniter\Debug\Exceptions->errorHandler(2, 'Trying to acces...', 'C:\\Users\\SERVER...', 932)
#1 C:\Users\SERVER\Desktop\ICTD_INHS_WEBSITE\INHS_Integrated\vendor\codeigniter4\framework\system\CodeIgniter.php(931): App\Controllers\Application->viewApplication()
#2 C:\Users\SERVER\Desktop\ICTD_INHS_WEBSITE\INHS_Integrated\vendor\codeigniter4\framework\system\CodeIgniter.php(439): CodeIgniter\CodeIgniter->runController(Object(App\Controllers\Application))
#3 C:\Users\SERVER\Desktop\ICTD_INHS_WEBSITE\INHS_Integrated\vendor\codeigniter4\framework\system\CodeIgniter.php(339): CodeIgniter\CodeIgniter->handleRequest(NULL, Object(Config\Cache), false)
#4 C:\Users\SERVER\Desktop\ICTD_INHS_WEBSITE\INHS_Integrated\public\index.php(36): CodeIgniter\CodeIgniter->run()
#5 C:\Users\SERVER\Desktop\ICTD_INHS_WEBSITE\INHS_Integrated\vendor\codeigniter4\framework\system\Commands\Server\rewrite.php(45): require_once('C:\\Users\\SERVER...')
#6 {main}
CRITICAL - 2022-05-10 04:44:53 --> Trying to access array offset on value of type null
#0 C:\Users\SERVER\Desktop\ICTD_INHS_WEBSITE\INHS_Integrated\app\Views\f_application\application_header.php(100): CodeIgniter\Debug\Exceptions->errorHandler(2, 'Trying to acces...', 'C:\\Users\\SERVER...', 100)
#1 C:\Users\SERVER\Desktop\ICTD_INHS_WEBSITE\INHS_Integrated\vendor\codeigniter4\framework\system\View\View.php(230): include('C:\\Users\\SERVER...')
#2 C:\Users\SERVER\Desktop\ICTD_INHS_WEBSITE\INHS_Integrated\vendor\codeigniter4\framework\system\View\View.php(232): CodeIgniter\View\View->CodeIgniter\View\{closure}()
#3 C:\Users\SERVER\Desktop\ICTD_INHS_WEBSITE\INHS_Integrated\vendor\codeigniter4\framework\system\Common.php(1250): CodeIgniter\View\View->render('f_application/a...', Array, true)
#4 C:\Users\SERVER\Desktop\ICTD_INHS_WEBSITE\INHS_Integrated\app\Controllers\Application.php(221): view('f_application/a...', Array)
#5 C:\Users\SERVER\Desktop\ICTD_INHS_WEBSITE\INHS_Integrated\vendor\codeigniter4\framework\system\CodeIgniter.php(931): App\Controllers\Application->getForm()
#6 C:\Users\SERVER\Desktop\ICTD_INHS_WEBSITE\INHS_Integrated\vendor\codeigniter4\framework\system\CodeIgniter.php(439): CodeIgniter\CodeIgniter->runController(Object(App\Controllers\Application))
#7 C:\Users\SERVER\Desktop\ICTD_INHS_WEBSITE\INHS_Integrated\vendor\codeigniter4\framework\system\CodeIgniter.php(339): CodeIgniter\CodeIgniter->handleRequest(NULL, Object(Config\Cache), false)
#8 C:\Users\SERVER\Desktop\ICTD_INHS_WEBSITE\INHS_Integrated\public\index.php(36): CodeIgniter\CodeIgniter->run()
#9 C:\Users\SERVER\Desktop\ICTD_INHS_WEBSITE\INHS_Integrated\vendor\codeigniter4\framework\system\Commands\Server\rewrite.php(45): require_once('C:\\Users\\SERVER...')
#10 {main}
CRITICAL - 2022-05-10 05:31:35 --> Trying to access array offset on value of type null
#0 C:\Users\SERVER\Desktop\ICTD_INHS_WEBSITE\INHS_Integrated\app\Controllers\Application.php(932): CodeIgniter\Debug\Exceptions->errorHandler(2, 'Trying to acces...', 'C:\\Users\\SERVER...', 932)
#1 C:\Users\SERVER\Desktop\ICTD_INHS_WEBSITE\INHS_Integrated\vendor\codeigniter4\framework\system\CodeIgniter.php(931): App\Controllers\Application->viewApplication()
#2 C:\Users\SERVER\Desktop\ICTD_INHS_WEBSITE\INHS_Integrated\vendor\codeigniter4\framework\system\CodeIgniter.php(439): CodeIgniter\CodeIgniter->runController(Object(App\Controllers\Application))
#3 C:\Users\SERVER\Desktop\ICTD_INHS_WEBSITE\INHS_Integrated\vendor\codeigniter4\framework\system\CodeIgniter.php(339): CodeIgniter\CodeIgniter->handleRequest(NULL, Object(Config\Cache), false)
#4 C:\Users\SERVER\Desktop\ICTD_INHS_WEBSITE\INHS_Integrated\public\index.php(36): CodeIgniter\CodeIgniter->run()
#5 C:\Users\SERVER\Desktop\ICTD_INHS_WEBSITE\INHS_Integrated\vendor\codeigniter4\framework\system\Commands\Server\rewrite.php(45): require_once('C:\\Users\\SERVER...')
#6 {main}
CRITICAL - 2022-05-10 18:30:53 --> Trying to access array offset on value of type null
#0 C:\Users\SERVER\Desktop\ICTD_INHS_WEBSITE\INHS_Integrated\app\Controllers\Application.php(932): CodeIgniter\Debug\Exceptions->errorHandler(2, 'Trying to acces...', 'C:\\Users\\SERVER...', 932)
#1 C:\Users\SERVER\Desktop\ICTD_INHS_WEBSITE\INHS_Integrated\vendor\codeigniter4\framework\system\CodeIgniter.php(931): App\Controllers\Application->viewApplication()
#2 C:\Users\SERVER\Desktop\ICTD_INHS_WEBSITE\INHS_Integrated\vendor\codeigniter4\framework\system\CodeIgniter.php(439): CodeIgniter\CodeIgniter->runController(Object(App\Controllers\Application))
#3 C:\Users\SERVER\Desktop\ICTD_INHS_WEBSITE\INHS_Integrated\vendor\codeigniter4\framework\system\CodeIgniter.php(339): CodeIgniter\CodeIgniter->handleRequest(NULL, Object(Config\Cache), false)
#4 C:\Users\SERVER\Desktop\ICTD_INHS_WEBSITE\INHS_Integrated\public\index.php(36): CodeIgniter\CodeIgniter->run()
#5 C:\Users\SERVER\Desktop\ICTD_INHS_WEBSITE\INHS_Integrated\vendor\codeigniter4\framework\system\Commands\Server\rewrite.php(45): require_once('C:\\Users\\SERVER...')
#6 {main}
CRITICAL - 2022-05-10 18:45:38 --> Trying to access array offset on value of type null
#0 C:\Users\SERVER\Desktop\ICTD_INHS_WEBSITE\INHS_Integrated\app\Views\f_application\application_header.php(100): CodeIgniter\Debug\Exceptions->errorHandler(2, 'Trying to acces...', 'C:\\Users\\SERVER...', 100)
#1 C:\Users\SERVER\Desktop\ICTD_INHS_WEBSITE\INHS_Integrated\vendor\codeigniter4\framework\system\View\View.php(230): include('C:\\Users\\SERVER...')
#2 C:\Users\SERVER\Desktop\ICTD_INHS_WEBSITE\INHS_Integrated\vendor\codeigniter4\framework\system\View\View.php(232): CodeIgniter\View\View->CodeIgniter\View\{closure}()
#3 C:\Users\SERVER\Desktop\ICTD_INHS_WEBSITE\INHS_Integrated\vendor\codeigniter4\framework\system\Common.php(1250): CodeIgniter\View\View->render('f_application/a...', Array, true)
#4 C:\Users\SERVER\Desktop\ICTD_INHS_WEBSITE\INHS_Integrated\app\Controllers\Application.php(221): view('f_application/a...', Array)
#5 C:\Users\SERVER\Desktop\ICTD_INHS_WEBSITE\INHS_Integrated\vendor\codeigniter4\framework\system\CodeIgniter.php(931): App\Controllers\Application->getForm()
#6 C:\Users\SERVER\Desktop\ICTD_INHS_WEBSITE\INHS_Integrated\vendor\codeigniter4\framework\system\CodeIgniter.php(439): CodeIgniter\CodeIgniter->runController(Object(App\Controllers\Application))
#7 C:\Users\SERVER\Desktop\ICTD_INHS_WEBSITE\INHS_Integrated\vendor\codeigniter4\framework\system\CodeIgniter.php(339): CodeIgniter\CodeIgniter->handleRequest(NULL, Object(Config\Cache), false)
#8 C:\Users\SERVER\Desktop\ICTD_INHS_WEBSITE\INHS_Integrated\public\index.php(36): CodeIgniter\CodeIgniter->run()
#9 C:\Users\SERVER\Desktop\ICTD_INHS_WEBSITE\INHS_Integrated\vendor\codeigniter4\framework\system\Commands\Server\rewrite.php(45): require_once('C:\\Users\\SERVER...')
#10 {main}
CRITICAL - 2022-05-10 19:07:59 --> Trying to access array offset on value of type null
#0 C:\Users\SERVER\Desktop\ICTD_INHS_WEBSITE\INHS_Integrated\app\Views\f_application\application_header.php(100): CodeIgniter\Debug\Exceptions->errorHandler(2, 'Trying to acces...', 'C:\\Users\\SERVER...', 100)
#1 C:\Users\SERVER\Desktop\ICTD_INHS_WEBSITE\INHS_Integrated\vendor\codeigniter4\framework\system\View\View.php(230): include('C:\\Users\\SERVER...')
#2 C:\Users\SERVER\Desktop\ICTD_INHS_WEBSITE\INHS_Integrated\vendor\codeigniter4\framework\system\View\View.php(232): CodeIgniter\View\View->CodeIgniter\View\{closure}()
#3 C:\Users\SERVER\Desktop\ICTD_INHS_WEBSITE\INHS_Integrated\vendor\codeigniter4\framework\system\Common.php(1250): CodeIgniter\View\View->render('f_application/a...', Array, true)
#4 C:\Users\SERVER\Desktop\ICTD_INHS_WEBSITE\INHS_Integrated\app\Controllers\Application.php(221): view('f_application/a...', Array)
#5 C:\Users\SERVER\Desktop\ICTD_INHS_WEBSITE\INHS_Integrated\vendor\codeigniter4\framework\system\CodeIgniter.php(931): App\Controllers\Application->getForm()
#6 C:\Users\SERVER\Desktop\ICTD_INHS_WEBSITE\INHS_Integrated\vendor\codeigniter4\framework\system\CodeIgniter.php(439): CodeIgniter\CodeIgniter->runController(Object(App\Controllers\Application))
#7 C:\Users\SERVER\Desktop\ICTD_INHS_WEBSITE\INHS_Integrated\vendor\codeigniter4\framework\system\CodeIgniter.php(339): CodeIgniter\CodeIgniter->handleRequest(NULL, Object(Config\Cache), false)
#8 C:\Users\SERVER\Desktop\ICTD_INHS_WEBSITE\INHS_Integrated\public\index.php(36): CodeIgniter\CodeIgniter->run()
#9 C:\Users\SERVER\Desktop\ICTD_INHS_WEBSITE\INHS_Integrated\vendor\codeigniter4\framework\system\Commands\Server\rewrite.php(45): require_once('C:\\Users\\SERVER...')
#10 {main}
CRITICAL - 2022-05-10 19:08:07 --> Trying to access array offset on value of type null
#0 C:\Users\SERVER\Desktop\ICTD_INHS_WEBSITE\INHS_Integrated\app\Views\f_application\application_header.php(100): CodeIgniter\Debug\Exceptions->errorHandler(2, 'Trying to acces...', 'C:\\Users\\SERVER...', 100)
#1 C:\Users\SERVER\Desktop\ICTD_INHS_WEBSITE\INHS_Integrated\vendor\codeigniter4\framework\system\View\View.php(230): include('C:\\Users\\SERVER...')
#2 C:\Users\SERVER\Desktop\ICTD_INHS_WEBSITE\INHS_Integrated\vendor\codeigniter4\framework\system\View\View.php(232): CodeIgniter\View\View->CodeIgniter\View\{closure}()
#3 C:\Users\SERVER\Desktop\ICTD_INHS_WEBSITE\INHS_Integrated\vendor\codeigniter4\framework\system\Common.php(1250): CodeIgniter\View\View->render('f_application/a...', Array, true)
#4 C:\Users\SERVER\Desktop\ICTD_INHS_WEBSITE\INHS_Integrated\app\Controllers\Application.php(221): view('f_application/a...', Array)
#5 C:\Users\SERVER\Desktop\ICTD_INHS_WEBSITE\INHS_Integrated\vendor\codeigniter4\framework\system\CodeIgniter.php(931): App\Controllers\Application->getForm()
#6 C:\Users\SERVER\Desktop\ICTD_INHS_WEBSITE\INHS_Integrated\vendor\codeigniter4\framework\system\CodeIgniter.php(439): CodeIgniter\CodeIgniter->runController(Object(App\Controllers\Application))
#7 C:\Users\SERVER\Desktop\ICTD_INHS_WEBSITE\INHS_Integrated\vendor\codeigniter4\framework\system\CodeIgniter.php(339): CodeIgniter\CodeIgniter->handleRequest(NULL, Object(Config\Cache), false)
#8 C:\Users\SERVER\Desktop\ICTD_INHS_WEBSITE\INHS_Integrated\public\index.php(36): CodeIgniter\CodeIgniter->run()
#9 C:\Users\SERVER\Desktop\ICTD_INHS_WEBSITE\INHS_Integrated\vendor\codeigniter4\framework\system\Commands\Server\rewrite.php(45): require_once('C:\\Users\\SERVER...')
#10 {main}
CRITICAL - 2022-05-10 19:10:18 --> Trying to access array offset on value of type null
#0 C:\Users\SERVER\Desktop\ICTD_INHS_WEBSITE\INHS_Integrated\app\Controllers\Application.php(832): CodeIgniter\Debug\Exceptions->errorHandler(2, 'Trying to acces...', 'C:\\Users\\SERVER...', 832)
#1 C:\Users\SERVER\Desktop\ICTD_INHS_WEBSITE\INHS_Integrated\vendor\codeigniter4\framework\system\CodeIgniter.php(931): App\Controllers\Application->viewUploads()
#2 C:\Users\SERVER\Desktop\ICTD_INHS_WEBSITE\INHS_Integrated\vendor\codeigniter4\framework\system\CodeIgniter.php(439): CodeIgniter\CodeIgniter->runController(Object(App\Controllers\Application))
#3 C:\Users\SERVER\Desktop\ICTD_INHS_WEBSITE\INHS_Integrated\vendor\codeigniter4\framework\system\CodeIgniter.php(339): CodeIgniter\CodeIgniter->handleRequest(NULL, Object(Config\Cache), false)
#4 C:\Users\SERVER\Desktop\ICTD_INHS_WEBSITE\INHS_Integrated\public\index.php(36): CodeIgniter\CodeIgniter->run()
#5 C:\Users\SERVER\Desktop\ICTD_INHS_WEBSITE\INHS_Integrated\vendor\codeigniter4\framework\system\Commands\Server\rewrite.php(45): require_once('C:\\Users\\SERVER...')
#6 {main}
CRITICAL - 2022-05-10 19:35:00 --> Trying to access array offset on value of type null
#0 C:\Users\SERVER\Desktop\ICTD_INHS_WEBSITE\INHS_Integrated\app\Views\f_application\application_header.php(100): CodeIgniter\Debug\Exceptions->errorHandler(2, 'Trying to acces...', 'C:\\Users\\SERVER...', 100)
#1 C:\Users\SERVER\Desktop\ICTD_INHS_WEBSITE\INHS_Integrated\vendor\codeigniter4\framework\system\View\View.php(230): include('C:\\Users\\SERVER...')
#2 C:\Users\SERVER\Desktop\ICTD_INHS_WEBSITE\INHS_Integrated\vendor\codeigniter4\framework\system\View\View.php(232): CodeIgniter\View\View->CodeIgniter\View\{closure}()
#3 C:\Users\SERVER\Desktop\ICTD_INHS_WEBSITE\INHS_Integrated\vendor\codeigniter4\framework\system\Common.php(1250): CodeIgniter\View\View->render('f_application/a...', Array, true)
#4 C:\Users\SERVER\Desktop\ICTD_INHS_WEBSITE\INHS_Integrated\app\Controllers\Application.php(221): view('f_application/a...', Array)
#5 C:\Users\SERVER\Desktop\ICTD_INHS_WEBSITE\INHS_Integrated\vendor\codeigniter4\framework\system\CodeIgniter.php(931): App\Controllers\Application->getForm()
#6 C:\Users\SERVER\Desktop\ICTD_INHS_WEBSITE\INHS_Integrated\vendor\codeigniter4\framework\system\CodeIgniter.php(439): CodeIgniter\CodeIgniter->runController(Object(App\Controllers\Application))
#7 C:\Users\SERVER\Desktop\ICTD_INHS_WEBSITE\INHS_Integrated\vendor\codeigniter4\framework\system\CodeIgniter.php(339): CodeIgniter\CodeIgniter->handleRequest(NULL, Object(Config\Cache), false)
#8 C:\Users\SERVER\Desktop\ICTD_INHS_WEBSITE\INHS_Integrated\public\index.php(36): CodeIgniter\CodeIgniter->run()
#9 C:\Users\SERVER\Desktop\ICTD_INHS_WEBSITE\INHS_Integrated\vendor\codeigniter4\framework\system\Commands\Server\rewrite.php(45): require_once('C:\\Users\\SERVER...')
#10 {main}
CRITICAL - 2022-05-10 19:35:07 --> Trying to access array offset on value of type null
#0 C:\Users\SERVER\Desktop\ICTD_INHS_WEBSITE\INHS_Integrated\app\Views\f_application\application_header.php(100): CodeIgniter\Debug\Exceptions->errorHandler(2, 'Trying to acces...', 'C:\\Users\\SERVER...', 100)
#1 C:\Users\SERVER\Desktop\ICTD_INHS_WEBSITE\INHS_Integrated\vendor\codeigniter4\framework\system\View\View.php(230): include('C:\\Users\\SERVER...')
#2 C:\Users\SERVER\Desktop\ICTD_INHS_WEBSITE\INHS_Integrated\vendor\codeigniter4\framework\system\View\View.php(232): CodeIgniter\View\View->CodeIgniter\View\{closure}()
#3 C:\Users\SERVER\Desktop\ICTD_INHS_WEBSITE\INHS_Integrated\vendor\codeigniter4\framework\system\Common.php(1250): CodeIgniter\View\View->render('f_application/a...', Array, true)
#4 C:\Users\SERVER\Desktop\ICTD_INHS_WEBSITE\INHS_Integrated\app\Controllers\Application.php(221): view('f_application/a...', Array)
#5 C:\Users\SERVER\Desktop\ICTD_INHS_WEBSITE\INHS_Integrated\vendor\codeigniter4\framework\system\CodeIgniter.php(931): App\Controllers\Application->getForm()
#6 C:\Users\SERVER\Desktop\ICTD_INHS_WEBSITE\INHS_Integrated\vendor\codeigniter4\framework\system\CodeIgniter.php(439): CodeIgniter\CodeIgniter->runController(Object(App\Controllers\Application))
#7 C:\Users\SERVER\Desktop\ICTD_INHS_WEBSITE\INHS_Integrated\vendor\codeigniter4\framework\system\CodeIgniter.php(339): CodeIgniter\CodeIgniter->handleRequest(NULL, Object(Config\Cache), false)
#8 C:\Users\SERVER\Desktop\ICTD_INHS_WEBSITE\INHS_Integrated\public\index.php(36): CodeIgniter\CodeIgniter->run()
#9 C:\Users\SERVER\Desktop\ICTD_INHS_WEBSITE\INHS_Integrated\vendor\codeigniter4\framework\system\Commands\Server\rewrite.php(45): require_once('C:\\Users\\SERVER...')
#10 {main}
CRITICAL - 2022-05-10 19:56:53 --> unlink(upload/student_files/admission_files/): Is a directory
#0 [internal function]: CodeIgniter\Debug\Exceptions->errorHandler(2, 'unlink(upload/s...', 'C:\\Users\\SERVER...', 667)
#1 C:\Users\SERVER\Desktop\ICTD_INHS_WEBSITE\INHS_Integrated\app\Controllers\Application.php(667): unlink('upload/student_...')
#2 C:\Users\SERVER\Desktop\ICTD_INHS_WEBSITE\INHS_Integrated\vendor\codeigniter4\framework\system\CodeIgniter.php(931): App\Controllers\Application->deleteDropzone()
#3 C:\Users\SERVER\Desktop\ICTD_INHS_WEBSITE\INHS_Integrated\vendor\codeigniter4\framework\system\CodeIgniter.php(439): CodeIgniter\CodeIgniter->runController(Object(App\Controllers\Application))
#4 C:\Users\SERVER\Desktop\ICTD_INHS_WEBSITE\INHS_Integrated\vendor\codeigniter4\framework\system\CodeIgniter.php(339): CodeIgniter\CodeIgniter->handleRequest(NULL, Object(Config\Cache), false)
#5 C:\Users\SERVER\Desktop\ICTD_INHS_WEBSITE\INHS_Integrated\public\index.php(36): CodeIgniter\CodeIgniter->run()
#6 C:\Users\SERVER\Desktop\ICTD_INHS_WEBSITE\INHS_Integrated\vendor\codeigniter4\framework\system\Commands\Server\rewrite.php(45): require_once('C:\\Users\\SERVER...')
#7 {main}
CRITICAL - 2022-05-10 19:58:15 --> Trying to access array offset on value of type null
#0 C:\Users\SERVER\Desktop\ICTD_INHS_WEBSITE\INHS_Integrated\app\Views\f_application\application_header.php(100): CodeIgniter\Debug\Exceptions->errorHandler(2, 'Trying to acces...', 'C:\\Users\\SERVER...', 100)
#1 C:\Users\SERVER\Desktop\ICTD_INHS_WEBSITE\INHS_Integrated\vendor\codeigniter4\framework\system\View\View.php(230): include('C:\\Users\\SERVER...')
#2 C:\Users\SERVER\Desktop\ICTD_INHS_WEBSITE\INHS_Integrated\vendor\codeigniter4\framework\system\View\View.php(232): CodeIgniter\View\View->CodeIgniter\View\{closure}()
#3 C:\Users\SERVER\Desktop\ICTD_INHS_WEBSITE\INHS_Integrated\vendor\codeigniter4\framework\system\Common.php(1250): CodeIgniter\View\View->render('f_application/a...', Array, true)
#4 C:\Users\SERVER\Desktop\ICTD_INHS_WEBSITE\INHS_Integrated\app\Controllers\Application.php(221): view('f_application/a...', Array)
#5 C:\Users\SERVER\Desktop\ICTD_INHS_WEBSITE\INHS_Integrated\vendor\codeigniter4\framework\system\CodeIgniter.php(931): App\Controllers\Application->getForm()
#6 C:\Users\SERVER\Desktop\ICTD_INHS_WEBSITE\INHS_Integrated\vendor\codeigniter4\framework\system\CodeIgniter.php(439): CodeIgniter\CodeIgniter->runController(Object(App\Controllers\Application))
#7 C:\Users\SERVER\Desktop\ICTD_INHS_WEBSITE\INHS_Integrated\vendor\codeigniter4\framework\system\CodeIgniter.php(339): CodeIgniter\CodeIgniter->handleRequest(NULL, Object(Config\Cache), false)
#8 C:\Users\SERVER\Desktop\ICTD_INHS_WEBSITE\INHS_Integrated\public\index.php(36): CodeIgniter\CodeIgniter->run()
#9 C:\Users\SERVER\Desktop\ICTD_INHS_WEBSITE\INHS_Integrated\vendor\codeigniter4\framework\system\Commands\Server\rewrite.php(45): require_once('C:\\Users\\SERVER...')
#10 {main}
CRITICAL - 2022-05-10 20:46:04 --> Trying to access array offset on value of type null
#0 C:\Users\SERVER\Desktop\ICTD_INHS_WEBSITE\INHS_Integrated\app\Controllers\Application.php(932): CodeIgniter\Debug\Exceptions->errorHandler(2, 'Trying to acces...', 'C:\\Users\\SERVER...', 932)
#1 C:\Users\SERVER\Desktop\ICTD_INHS_WEBSITE\INHS_Integrated\vendor\codeigniter4\framework\system\CodeIgniter.php(931): App\Controllers\Application->viewApplication()
#2 C:\Users\SERVER\Desktop\ICTD_INHS_WEBSITE\INHS_Integrated\vendor\codeigniter4\framework\system\CodeIgniter.php(439): CodeIgniter\CodeIgniter->runController(Object(App\Controllers\Application))
#3 C:\Users\SERVER\Desktop\ICTD_INHS_WEBSITE\INHS_Integrated\vendor\codeigniter4\framework\system\CodeIgniter.php(339): CodeIgniter\CodeIgniter->handleRequest(NULL, Object(Config\Cache), false)
#4 C:\Users\SERVER\Desktop\ICTD_INHS_WEBSITE\INHS_Integrated\public\index.php(36): CodeIgniter\CodeIgniter->run()
#5 C:\Users\SERVER\Desktop\ICTD_INHS_WEBSITE\INHS_Integrated\vendor\codeigniter4\framework\system\Commands\Server\rewrite.php(45): require_once('C:\\Users\\SERVER...')
#6 {main}
CRITICAL - 2022-05-10 21:21:38 --> Trying to access array offset on value of type null
#0 C:\Users\SERVER\Desktop\ICTD_INHS_WEBSITE\INHS_Integrated\app\Views\f_application\application_header.php(100): CodeIgniter\Debug\Exceptions->errorHandler(2, 'Trying to acces...', 'C:\\Users\\SERVER...', 100)
#1 C:\Users\SERVER\Desktop\ICTD_INHS_WEBSITE\INHS_Integrated\vendor\codeigniter4\framework\system\View\View.php(230): include('C:\\Users\\SERVER...')
#2 C:\Users\SERVER\Desktop\ICTD_INHS_WEBSITE\INHS_Integrated\vendor\codeigniter4\framework\system\View\View.php(232): CodeIgniter\View\View->CodeIgniter\View\{closure}()
#3 C:\Users\SERVER\Desktop\ICTD_INHS_WEBSITE\INHS_Integrated\vendor\codeigniter4\framework\system\Common.php(1250): CodeIgniter\View\View->render('f_application/a...', Array, true)
#4 C:\Users\SERVER\Desktop\ICTD_INHS_WEBSITE\INHS_Integrated\app\Controllers\Application.php(773): view('f_application/a...', Array)
#5 C:\Users\SERVER\Desktop\ICTD_INHS_WEBSITE\INHS_Integrated\vendor\codeigniter4\framework\system\CodeIgniter.php(931): App\Controllers\Application->reprocessAppForm()
#6 C:\Users\SERVER\Desktop\ICTD_INHS_WEBSITE\INHS_Integrated\vendor\codeigniter4\framework\system\CodeIgniter.php(439): CodeIgniter\CodeIgniter->runController(Object(App\Controllers\Application))
#7 C:\Users\SERVER\Desktop\ICTD_INHS_WEBSITE\INHS_Integrated\vendor\codeigniter4\framework\system\CodeIgniter.php(339): CodeIgniter\CodeIgniter->handleRequest(NULL, Object(Config\Cache), false)
#8 C:\Users\SERVER\Desktop\ICTD_INHS_WEBSITE\INHS_Integrated\public\index.php(36): CodeIgniter\CodeIgniter->run()
#9 C:\Users\SERVER\Desktop\ICTD_INHS_WEBSITE\INHS_Integrated\vendor\codeigniter4\framework\system\Commands\Server\rewrite.php(45): require_once('C:\\Users\\SERVER...')
#10 {main}
ERROR - 2022-05-10 21:29:48 --> Cannot add or update a child row: a foreign key constraint fails (`inhs_integrated_v2`.`student_application_t`, CONSTRAINT `student_application_t_ibfk_4` FOREIGN KEY (`s_app_alternative_program_code`) REFERENCES `student_program_t` (`sp_code`) ON DELETE CASC)
ERROR - 2022-05-10 21:33:55 --> Cannot add or update a child row: a foreign key constraint fails (`inhs_integrated_v2`.`student_application_t`, CONSTRAINT `student_application_t_ibfk_4` FOREIGN KEY (`s_app_alternative_program_code`) REFERENCES `student_program_t` (`sp_code`) ON DELETE CASC)
ERROR - 2022-05-10 21:36:02 --> Cannot add or update a child row: a foreign key constraint fails (`inhs_integrated_v2`.`student_application_t`, CONSTRAINT `student_application_t_ibfk_4` FOREIGN KEY (`s_app_alternative_program_code`) REFERENCES `student_program_t` (`sp_code`) ON DELETE CASC)
CRITICAL - 2022-05-10 22:04:21 --> Trying to access array offset on value of type null
#0 C:\Users\SERVER\Desktop\ICTD_INHS_WEBSITE\INHS_Integrated\app\Controllers\Application.php(932): CodeIgniter\Debug\Exceptions->errorHandler(2, 'Trying to acces...', 'C:\\Users\\SERVER...', 932)
#1 C:\Users\SERVER\Desktop\ICTD_INHS_WEBSITE\INHS_Integrated\vendor\codeigniter4\framework\system\CodeIgniter.php(931): App\Controllers\Application->viewApplication()
#2 C:\Users\SERVER\Desktop\ICTD_INHS_WEBSITE\INHS_Integrated\vendor\codeigniter4\framework\system\CodeIgniter.php(439): CodeIgniter\CodeIgniter->runController(Object(App\Controllers\Application))
#3 C:\Users\SERVER\Desktop\ICTD_INHS_WEBSITE\INHS_Integrated\vendor\codeigniter4\framework\system\CodeIgniter.php(339): CodeIgniter\CodeIgniter->handleRequest(NULL, Object(Config\Cache), false)
#4 C:\Users\SERVER\Desktop\ICTD_INHS_WEBSITE\INHS_Integrated\public\index.php(36): CodeIgniter\CodeIgniter->run()
#5 C:\Users\SERVER\Desktop\ICTD_INHS_WEBSITE\INHS_Integrated\vendor\codeigniter4\framework\system\Commands\Server\rewrite.php(45): require_once('C:\\Users\\SERVER...')
#6 {main}
CRITICAL - 2022-05-10 22:55:33 --> Trying to access array offset on value of type null
#0 C:\Users\SERVER\Desktop\ICTD_INHS_WEBSITE\INHS_Integrated\app\Controllers\Application.php(932): CodeIgniter\Debug\Exceptions->errorHandler(2, 'Trying to acces...', 'C:\\Users\\SERVER...', 932)
#1 C:\Users\SERVER\Desktop\ICTD_INHS_WEBSITE\INHS_Integrated\vendor\codeigniter4\framework\system\CodeIgniter.php(931): App\Controllers\Application->viewApplication()
#2 C:\Users\SERVER\Desktop\ICTD_INHS_WEBSITE\INHS_Integrated\vendor\codeigniter4\framework\system\CodeIgniter.php(439): CodeIgniter\CodeIgniter->runController(Object(App\Controllers\Application))
#3 C:\Users\SERVER\Desktop\ICTD_INHS_WEBSITE\INHS_Integrated\vendor\codeigniter4\framework\system\CodeIgniter.php(339): CodeIgniter\CodeIgniter->handleRequest(NULL, Object(Config\Cache), false)
#4 C:\Users\SERVER\Desktop\ICTD_INHS_WEBSITE\INHS_Integrated\public\index.php(36): CodeIgniter\CodeIgniter->run()
#5 C:\Users\SERVER\Desktop\ICTD_INHS_WEBSITE\INHS_Integrated\vendor\codeigniter4\framework\system\Commands\Server\rewrite.php(45): require_once('C:\\Users\\SERVER...')
#6 {main}
CRITICAL - 2022-05-10 22:55:34 --> Trying to access array offset on value of type null
#0 C:\Users\SERVER\Desktop\ICTD_INHS_WEBSITE\INHS_Integrated\app\Controllers\Application.php(932): CodeIgniter\Debug\Exceptions->errorHandler(2, 'Trying to acces...', 'C:\\Users\\SERVER...', 932)
#1 C:\Users\SERVER\Desktop\ICTD_INHS_WEBSITE\INHS_Integrated\vendor\codeigniter4\framework\system\CodeIgniter.php(931): App\Controllers\Application->viewApplication()
#2 C:\Users\SERVER\Desktop\ICTD_INHS_WEBSITE\INHS_Integrated\vendor\codeigniter4\framework\system\CodeIgniter.php(439): CodeIgniter\CodeIgniter->runController(Object(App\Controllers\Application))
#3 C:\Users\SERVER\Desktop\ICTD_INHS_WEBSITE\INHS_Integrated\vendor\codeigniter4\framework\system\CodeIgniter.php(339): CodeIgniter\CodeIgniter->handleRequest(NULL, Object(Config\Cache), false)
#4 C:\Users\SERVER\Desktop\ICTD_INHS_WEBSITE\INHS_Integrated\public\index.php(36): CodeIgniter\CodeIgniter->run()
#5 C:\Users\SERVER\Desktop\ICTD_INHS_WEBSITE\INHS_Integrated\vendor\codeigniter4\framework\system\Commands\Server\rewrite.php(45): require_once('C:\\Users\\SERVER...')
#6 {main}
CRITICAL - 2022-05-10 22:55:35 --> Trying to access array offset on value of type null
#0 C:\Users\SERVER\Desktop\ICTD_INHS_WEBSITE\INHS_Integrated\app\Controllers\Application.php(932): CodeIgniter\Debug\Exceptions->errorHandler(2, 'Trying to acces...', 'C:\\Users\\SERVER...', 932)
#1 C:\Users\SERVER\Desktop\ICTD_INHS_WEBSITE\INHS_Integrated\vendor\codeigniter4\framework\system\CodeIgniter.php(931): App\Controllers\Application->viewApplication()
#2 C:\Users\SERVER\Desktop\ICTD_INHS_WEBSITE\INHS_Integrated\vendor\codeigniter4\framework\system\CodeIgniter.php(439): CodeIgniter\CodeIgniter->runController(Object(App\Controllers\Application))
#3 C:\Users\SERVER\Desktop\ICTD_INHS_WEBSITE\INHS_Integrated\vendor\codeigniter4\framework\system\CodeIgniter.php(339): CodeIgniter\CodeIgniter->handleRequest(NULL, Object(Config\Cache), false)
#4 C:\Users\SERVER\Desktop\ICTD_INHS_WEBSITE\INHS_Integrated\public\index.php(36): CodeIgniter\CodeIgniter->run()
#5 C:\Users\SERVER\Desktop\ICTD_INHS_WEBSITE\INHS_Integrated\vendor\codeigniter4\framework\system\Commands\Server\rewrite.php(45): require_once('C:\\Users\\SERVER...')
#6 {main}
CRITICAL - 2022-05-10 22:55:36 --> Trying to access array offset on value of type null
#0 C:\Users\SERVER\Desktop\ICTD_INHS_WEBSITE\INHS_Integrated\app\Controllers\Application.php(932): CodeIgniter\Debug\Exceptions->errorHandler(2, 'Trying to acces...', 'C:\\Users\\SERVER...', 932)
#1 C:\Users\SERVER\Desktop\ICTD_INHS_WEBSITE\INHS_Integrated\vendor\codeigniter4\framework\system\CodeIgniter.php(931): App\Controllers\Application->viewApplication()
#2 C:\Users\SERVER\Desktop\ICTD_INHS_WEBSITE\INHS_Integrated\vendor\codeigniter4\framework\system\CodeIgniter.php(439): CodeIgniter\CodeIgniter->runController(Object(App\Controllers\Application))
#3 C:\Users\SERVER\Desktop\ICTD_INHS_WEBSITE\INHS_Integrated\vendor\codeigniter4\framework\system\CodeIgniter.php(339): CodeIgniter\CodeIgniter->handleRequest(NULL, Object(Config\Cache), false)
#4 C:\Users\SERVER\Desktop\ICTD_INHS_WEBSITE\INHS_Integrated\public\index.php(36): CodeIgniter\CodeIgniter->run()
#5 C:\Users\SERVER\Desktop\ICTD_INHS_WEBSITE\INHS_Integrated\vendor\codeigniter4\framework\system\Commands\Server\rewrite.php(45): require_once('C:\\Users\\SERVER...')
#6 {main}
CRITICAL - 2022-05-10 22:55:37 --> Trying to access array offset on value of type null
#0 C:\Users\SERVER\Desktop\ICTD_INHS_WEBSITE\INHS_Integrated\app\Controllers\Application.php(932): CodeIgniter\Debug\Exceptions->errorHandler(2, 'Trying to acces...', 'C:\\Users\\SERVER...', 932)
#1 C:\Users\SERVER\Desktop\ICTD_INHS_WEBSITE\INHS_Integrated\vendor\codeigniter4\framework\system\CodeIgniter.php(931): App\Controllers\Application->viewApplication()
#2 C:\Users\SERVER\Desktop\ICTD_INHS_WEBSITE\INHS_Integrated\vendor\codeigniter4\framework\system\CodeIgniter.php(439): CodeIgniter\CodeIgniter->runController(Object(App\Controllers\Application))
#3 C:\Users\SERVER\Desktop\ICTD_INHS_WEBSITE\INHS_Integrated\vendor\codeigniter4\framework\system\CodeIgniter.php(339): CodeIgniter\CodeIgniter->handleRequest(NULL, Object(Config\Cache), false)
#4 C:\Users\SERVER\Desktop\ICTD_INHS_WEBSITE\INHS_Integrated\public\index.php(36): CodeIgniter\CodeIgniter->run()
#5 C:\Users\SERVER\Desktop\ICTD_INHS_WEBSITE\INHS_Integrated\vendor\codeigniter4\framework\system\Commands\Server\rewrite.php(45): require_once('C:\\Users\\SERVER...')
#6 {main}
CRITICAL - 2022-05-10 22:55:38 --> Trying to access array offset on value of type null
#0 C:\Users\SERVER\Desktop\ICTD_INHS_WEBSITE\INHS_Integrated\app\Controllers\Application.php(932): CodeIgniter\Debug\Exceptions->errorHandler(2, 'Trying to acces...', 'C:\\Users\\SERVER...', 932)
#1 C:\Users\SERVER\Desktop\ICTD_INHS_WEBSITE\INHS_Integrated\vendor\codeigniter4\framework\system\CodeIgniter.php(931): App\Controllers\Application->viewApplication()
#2 C:\Users\SERVER\Desktop\ICTD_INHS_WEBSITE\INHS_Integrated\vendor\codeigniter4\framework\system\CodeIgniter.php(439): CodeIgniter\CodeIgniter->runController(Object(App\Controllers\Application))
#3 C:\Users\SERVER\Desktop\ICTD_INHS_WEBSITE\INHS_Integrated\vendor\codeigniter4\framework\system\CodeIgniter.php(339): CodeIgniter\CodeIgniter->handleRequest(NULL, Object(Config\Cache), false)
#4 C:\Users\SERVER\Desktop\ICTD_INHS_WEBSITE\INHS_Integrated\public\index.php(36): CodeIgniter\CodeIgniter->run()
#5 C:\Users\SERVER\Desktop\ICTD_INHS_WEBSITE\INHS_Integrated\vendor\codeigniter4\framework\system\Commands\Server\rewrite.php(45): require_once('C:\\Users\\SERVER...')
#6 {main}
CRITICAL - 2022-05-10 22:55:44 --> Trying to access array offset on value of type null
#0 C:\Users\SERVER\Desktop\ICTD_INHS_WEBSITE\INHS_Integrated\app\Controllers\Application.php(932): CodeIgniter\Debug\Exceptions->errorHandler(2, 'Trying to acces...', 'C:\\Users\\SERVER...', 932)
#1 C:\Users\SERVER\Desktop\ICTD_INHS_WEBSITE\INHS_Integrated\vendor\codeigniter4\framework\system\CodeIgniter.php(931): App\Controllers\Application->viewApplication()
#2 C:\Users\SERVER\Desktop\ICTD_INHS_WEBSITE\INHS_Integrated\vendor\codeigniter4\framework\system\CodeIgniter.php(439): CodeIgniter\CodeIgniter->runController(Object(App\Controllers\Application))
#3 C:\Users\SERVER\Desktop\ICTD_INHS_WEBSITE\INHS_Integrated\vendor\codeigniter4\framework\system\CodeIgniter.php(339): CodeIgniter\CodeIgniter->handleRequest(NULL, Object(Config\Cache), false)
#4 C:\Users\SERVER\Desktop\ICTD_INHS_WEBSITE\INHS_Integrated\public\index.php(36): CodeIgniter\CodeIgniter->run()
#5 C:\Users\SERVER\Desktop\ICTD_INHS_WEBSITE\INHS_Integrated\vendor\codeigniter4\framework\system\Commands\Server\rewrite.php(45): require_once('C:\\Users\\SERVER...')
#6 {main}
CRITICAL - 2022-05-10 22:55:44 --> Trying to access array offset on value of type null
#0 C:\Users\SERVER\Desktop\ICTD_INHS_WEBSITE\INHS_Integrated\app\Controllers\Application.php(932): CodeIgniter\Debug\Exceptions->errorHandler(2, 'Trying to acces...', 'C:\\Users\\SERVER...', 932)
#1 C:\Users\SERVER\Desktop\ICTD_INHS_WEBSITE\INHS_Integrated\vendor\codeigniter4\framework\system\CodeIgniter.php(931): App\Controllers\Application->viewApplication()
#2 C:\Users\SERVER\Desktop\ICTD_INHS_WEBSITE\INHS_Integrated\vendor\codeigniter4\framework\system\CodeIgniter.php(439): CodeIgniter\CodeIgniter->runController(Object(App\Controllers\Application))
#3 C:\Users\SERVER\Desktop\ICTD_INHS_WEBSITE\INHS_Integrated\vendor\codeigniter4\framework\system\CodeIgniter.php(339): CodeIgniter\CodeIgniter->handleRequest(NULL, Object(Config\Cache), false)
#4 C:\Users\SERVER\Desktop\ICTD_INHS_WEBSITE\INHS_Integrated\public\index.php(36): CodeIgniter\CodeIgniter->run()
#5 C:\Users\SERVER\Desktop\ICTD_INHS_WEBSITE\INHS_Integrated\vendor\codeigniter4\framework\system\Commands\Server\rewrite.php(45): require_once('C:\\Users\\SERVER...')
#6 {main}
CRITICAL - 2022-05-10 22:55:46 --> Trying to access array offset on value of type null
#0 C:\Users\SERVER\Desktop\ICTD_INHS_WEBSITE\INHS_Integrated\app\Controllers\Application.php(932): CodeIgniter\Debug\Exceptions->errorHandler(2, 'Trying to acces...', 'C:\\Users\\SERVER...', 932)
#1 C:\Users\SERVER\Desktop\ICTD_INHS_WEBSITE\INHS_Integrated\vendor\codeigniter4\framework\system\CodeIgniter.php(931): App\Controllers\Application->viewApplication()
#2 C:\Users\SERVER\Desktop\ICTD_INHS_WEBSITE\INHS_Integrated\vendor\codeigniter4\framework\system\CodeIgniter.php(439): CodeIgniter\CodeIgniter->runController(Object(App\Controllers\Application))
#3 C:\Users\SERVER\Desktop\ICTD_INHS_WEBSITE\INHS_Integrated\vendor\codeigniter4\framework\system\CodeIgniter.php(339): CodeIgniter\CodeIgniter->handleRequest(NULL, Object(Config\Cache), false)
#4 C:\Users\SERVER\Desktop\ICTD_INHS_WEBSITE\INHS_Integrated\public\index.php(36): CodeIgniter\CodeIgniter->run()
#5 C:\Users\SERVER\Desktop\ICTD_INHS_WEBSITE\INHS_Integrated\vendor\codeigniter4\framework\system\Commands\Server\rewrite.php(45): require_once('C:\\Users\\SERVER...')
#6 {main}
CRITICAL - 2022-05-10 23:12:40 --> Trying to access array offset on value of type null
#0 C:\Users\SERVER\Desktop\ICTD_INHS_WEBSITE\INHS_Integrated\app\Controllers\Admission.php(95): CodeIgniter\Debug\Exceptions->errorHandler(2, 'Trying to acces...', 'C:\\Users\\SERVER...', 95)
#1 C:\Users\SERVER\Desktop\ICTD_INHS_WEBSITE\INHS_Integrated\vendor\codeigniter4\framework\system\CodeIgniter.php(931): App\Controllers\Admission->captcha_verify()
#2 C:\Users\SERVER\Desktop\ICTD_INHS_WEBSITE\INHS_Integrated\vendor\codeigniter4\framework\system\CodeIgniter.php(439): CodeIgniter\CodeIgniter->runController(Object(App\Controllers\Admission))
#3 C:\Users\SERVER\Desktop\ICTD_INHS_WEBSITE\INHS_Integrated\vendor\codeigniter4\framework\system\CodeIgniter.php(339): CodeIgniter\CodeIgniter->handleRequest(NULL, Object(Config\Cache), false)
#4 C:\Users\SERVER\Desktop\ICTD_INHS_WEBSITE\INHS_Integrated\public\index.php(36): CodeIgniter\CodeIgniter->run()
#5 C:\Users\SERVER\Desktop\ICTD_INHS_WEBSITE\INHS_Integrated\vendor\codeigniter4\framework\system\Commands\Server\rewrite.php(45): require_once('C:\\Users\\SERVER...')
#6 {main}
CRITICAL - 2022-05-10 23:12:54 --> Trying to access array offset on value of type null
#0 C:\Users\SERVER\Desktop\ICTD_INHS_WEBSITE\INHS_Integrated\app\Controllers\Admission.php(95): CodeIgniter\Debug\Exceptions->errorHandler(2, 'Trying to acces...', 'C:\\Users\\SERVER...', 95)
#1 C:\Users\SERVER\Desktop\ICTD_INHS_WEBSITE\INHS_Integrated\vendor\codeigniter4\framework\system\CodeIgniter.php(931): App\Controllers\Admission->captcha_verify()
#2 C:\Users\SERVER\Desktop\ICTD_INHS_WEBSITE\INHS_Integrated\vendor\codeigniter4\framework\system\CodeIgniter.php(439): CodeIgniter\CodeIgniter->runController(Object(App\Controllers\Admission))
#3 C:\Users\SERVER\Desktop\ICTD_INHS_WEBSITE\INHS_Integrated\vendor\codeigniter4\framework\system\CodeIgniter.php(339): CodeIgniter\CodeIgniter->handleRequest(NULL, Object(Config\Cache), false)
#4 C:\Users\SERVER\Desktop\ICTD_INHS_WEBSITE\INHS_Integrated\public\index.php(36): CodeIgniter\CodeIgniter->run()
#5 C:\Users\SERVER\Desktop\ICTD_INHS_WEBSITE\INHS_Integrated\vendor\codeigniter4\framework\system\Commands\Server\rewrite.php(45): require_once('C:\\Users\\SERVER...')
#6 {main}
CRITICAL - 2022-05-10 23:13:19 --> Trying to access array offset on value of type null
#0 C:\Users\SERVER\Desktop\ICTD_INHS_WEBSITE\INHS_Integrated\app\Controllers\Admission.php(95): CodeIgniter\Debug\Exceptions->errorHandler(2, 'Trying to acces...', 'C:\\Users\\SERVER...', 95)
#1 C:\Users\SERVER\Desktop\ICTD_INHS_WEBSITE\INHS_Integrated\vendor\codeigniter4\framework\system\CodeIgniter.php(931): App\Controllers\Admission->captcha_verify()
#2 C:\Users\SERVER\Desktop\ICTD_INHS_WEBSITE\INHS_Integrated\vendor\codeigniter4\framework\system\CodeIgniter.php(439): CodeIgniter\CodeIgniter->runController(Object(App\Controllers\Admission))
#3 C:\Users\SERVER\Desktop\ICTD_INHS_WEBSITE\INHS_Integrated\vendor\codeigniter4\framework\system\CodeIgniter.php(339): CodeIgniter\CodeIgniter->handleRequest(NULL, Object(Config\Cache), false)
#4 C:\Users\SERVER\Desktop\ICTD_INHS_WEBSITE\INHS_Integrated\public\index.php(36): CodeIgniter\CodeIgniter->run()
#5 C:\Users\SERVER\Desktop\ICTD_INHS_WEBSITE\INHS_Integrated\vendor\codeigniter4\framework\system\Commands\Server\rewrite.php(45): require_once('C:\\Users\\SERVER...')
#6 {main}
CRITICAL - 2022-05-10 23:13:41 --> Trying to access array offset on value of type null
#0 C:\Users\SERVER\Desktop\ICTD_INHS_WEBSITE\INHS_Integrated\app\Controllers\Admission.php(95): CodeIgniter\Debug\Exceptions->errorHandler(2, 'Trying to acces...', 'C:\\Users\\SERVER...', 95)
#1 C:\Users\SERVER\Desktop\ICTD_INHS_WEBSITE\INHS_Integrated\vendor\codeigniter4\framework\system\CodeIgniter.php(931): App\Controllers\Admission->captcha_verify()
#2 C:\Users\SERVER\Desktop\ICTD_INHS_WEBSITE\INHS_Integrated\vendor\codeigniter4\framework\system\CodeIgniter.php(439): CodeIgniter\CodeIgniter->runController(Object(App\Controllers\Admission))
#3 C:\Users\SERVER\Desktop\ICTD_INHS_WEBSITE\INHS_Integrated\vendor\codeigniter4\framework\system\CodeIgniter.php(339): CodeIgniter\CodeIgniter->handleRequest(NULL, Object(Config\Cache), false)
#4 C:\Users\SERVER\Desktop\ICTD_INHS_WEBSITE\INHS_Integrated\public\index.php(36): CodeIgniter\CodeIgniter->run()
#5 C:\Users\SERVER\Desktop\ICTD_INHS_WEBSITE\INHS_Integrated\vendor\codeigniter4\framework\system\Commands\Server\rewrite.php(45): require_once('C:\\Users\\SERVER...')
#6 {main}
ERROR - 2022-05-10 23:15:38 --> Email: sendWithSmtp throwed fsockopen(): php_network_getaddresses: getaddrinfo failed: No such host is known. 
CRITICAL - 2022-05-10 23:15:39 --> Trying to access array offset on value of type null
#0 C:\Users\SERVER\Desktop\ICTD_INHS_WEBSITE\INHS_Integrated\app\Controllers\Admission.php(95): CodeIgniter\Debug\Exceptions->errorHandler(2, 'Trying to acces...', 'C:\\Users\\SERVER...', 95)
#1 C:\Users\SERVER\Desktop\ICTD_INHS_WEBSITE\INHS_Integrated\vendor\codeigniter4\framework\system\CodeIgniter.php(931): App\Controllers\Admission->captcha_verify()
#2 C:\Users\SERVER\Desktop\ICTD_INHS_WEBSITE\INHS_Integrated\vendor\codeigniter4\framework\system\CodeIgniter.php(439): CodeIgniter\CodeIgniter->runController(Object(App\Controllers\Admission))
#3 C:\Users\SERVER\Desktop\ICTD_INHS_WEBSITE\INHS_Integrated\vendor\codeigniter4\framework\system\CodeIgniter.php(339): CodeIgniter\CodeIgniter->handleRequest(NULL, Object(Config\Cache), false)
#4 C:\Users\SERVER\Desktop\ICTD_INHS_WEBSITE\INHS_Integrated\public\index.php(36): CodeIgniter\CodeIgniter->run()
#5 C:\Users\SERVER\Desktop\ICTD_INHS_WEBSITE\INHS_Integrated\vendor\codeigniter4\framework\system\Commands\Server\rewrite.php(45): require_once('C:\\Users\\SERVER...')
#6 {main}
CRITICAL - 2022-05-10 23:18:11 --> Trying to access array offset on value of type null
#0 C:\Users\SERVER\Desktop\ICTD_INHS_WEBSITE\INHS_Integrated\app\Views\f_application\application_header.php(100): CodeIgniter\Debug\Exceptions->errorHandler(2, 'Trying to acces...', 'C:\\Users\\SERVER...', 100)
#1 C:\Users\SERVER\Desktop\ICTD_INHS_WEBSITE\INHS_Integrated\vendor\codeigniter4\framework\system\View\View.php(230): include('C:\\Users\\SERVER...')
#2 C:\Users\SERVER\Desktop\ICTD_INHS_WEBSITE\INHS_Integrated\vendor\codeigniter4\framework\system\View\View.php(232): CodeIgniter\View\View->CodeIgniter\View\{closure}()
#3 C:\Users\SERVER\Desktop\ICTD_INHS_WEBSITE\INHS_Integrated\vendor\codeigniter4\framework\system\Common.php(1250): CodeIgniter\View\View->render('f_application/a...', Array, true)
#4 C:\Users\SERVER\Desktop\ICTD_INHS_WEBSITE\INHS_Integrated\app\Controllers\Application.php(221): view('f_application/a...', Array)
#5 C:\Users\SERVER\Desktop\ICTD_INHS_WEBSITE\INHS_Integrated\vendor\codeigniter4\framework\system\CodeIgniter.php(931): App\Controllers\Application->getForm()
#6 C:\Users\SERVER\Desktop\ICTD_INHS_WEBSITE\INHS_Integrated\vendor\codeigniter4\framework\system\CodeIgniter.php(439): CodeIgniter\CodeIgniter->runController(Object(App\Controllers\Application))
#7 C:\Users\SERVER\Desktop\ICTD_INHS_WEBSITE\INHS_Integrated\vendor\codeigniter4\framework\system\CodeIgniter.php(339): CodeIgniter\CodeIgniter->handleRequest(NULL, Object(Config\Cache), false)
#8 C:\Users\SERVER\Desktop\ICTD_INHS_WEBSITE\INHS_Integrated\public\index.php(36): CodeIgniter\CodeIgniter->run()
#9 C:\Users\SERVER\Desktop\ICTD_INHS_WEBSITE\INHS_Integrated\vendor\codeigniter4\framework\system\Commands\Server\rewrite.php(45): require_once('C:\\Users\\SERVER...')
#10 {main}
CRITICAL - 2022-05-10 23:18:27 --> Trying to access array offset on value of type null
#0 C:\Users\SERVER\Desktop\ICTD_INHS_WEBSITE\INHS_Integrated\app\Views\f_application\application_header.php(100): CodeIgniter\Debug\Exceptions->errorHandler(2, 'Trying to acces...', 'C:\\Users\\SERVER...', 100)
#1 C:\Users\SERVER\Desktop\ICTD_INHS_WEBSITE\INHS_Integrated\vendor\codeigniter4\framework\system\View\View.php(230): include('C:\\Users\\SERVER...')
#2 C:\Users\SERVER\Desktop\ICTD_INHS_WEBSITE\INHS_Integrated\vendor\codeigniter4\framework\system\View\View.php(232): CodeIgniter\View\View->CodeIgniter\View\{closure}()
#3 C:\Users\SERVER\Desktop\ICTD_INHS_WEBSITE\INHS_Integrated\vendor\codeigniter4\framework\system\Common.php(1250): CodeIgniter\View\View->render('f_application/a...', Array, true)
#4 C:\Users\SERVER\Desktop\ICTD_INHS_WEBSITE\INHS_Integrated\app\Controllers\Application.php(221): view('f_application/a...', Array)
#5 C:\Users\SERVER\Desktop\ICTD_INHS_WEBSITE\INHS_Integrated\vendor\codeigniter4\framework\system\CodeIgniter.php(931): App\Controllers\Application->getForm()
#6 C:\Users\SERVER\Desktop\ICTD_INHS_WEBSITE\INHS_Integrated\vendor\codeigniter4\framework\system\CodeIgniter.php(439): CodeIgniter\CodeIgniter->runController(Object(App\Controllers\Application))
#7 C:\Users\SERVER\Desktop\ICTD_INHS_WEBSITE\INHS_Integrated\vendor\codeigniter4\framework\system\CodeIgniter.php(339): CodeIgniter\CodeIgniter->handleRequest(NULL, Object(Config\Cache), false)
#8 C:\Users\SERVER\Desktop\ICTD_INHS_WEBSITE\INHS_Integrated\public\index.php(36): CodeIgniter\CodeIgniter->run()
#9 C:\Users\SERVER\Desktop\ICTD_INHS_WEBSITE\INHS_Integrated\vendor\codeigniter4\framework\system\Commands\Server\rewrite.php(45): require_once('C:\\Users\\SERVER...')
#10 {main}
CRITICAL - 2022-05-10 23:30:48 --> Trying to access array offset on value of type null
#0 C:\Users\SERVER\Desktop\ICTD_INHS_WEBSITE\INHS_Integrated\app\Views\f_application\application_header.php(100): CodeIgniter\Debug\Exceptions->errorHandler(2, 'Trying to acces...', 'C:\\Users\\SERVER...', 100)
#1 C:\Users\SERVER\Desktop\ICTD_INHS_WEBSITE\INHS_Integrated\vendor\codeigniter4\framework\system\View\View.php(230): include('C:\\Users\\SERVER...')
#2 C:\Users\SERVER\Desktop\ICTD_INHS_WEBSITE\INHS_Integrated\vendor\codeigniter4\framework\system\View\View.php(232): CodeIgniter\View\View->CodeIgniter\View\{closure}()
#3 C:\Users\SERVER\Desktop\ICTD_INHS_WEBSITE\INHS_Integrated\vendor\codeigniter4\framework\system\Common.php(1250): CodeIgniter\View\View->render('f_application/a...', Array, true)
#4 C:\Users\SERVER\Desktop\ICTD_INHS_WEBSITE\INHS_Integrated\app\Controllers\Application.php(221): view('f_application/a...', Array)
#5 C:\Users\SERVER\Desktop\ICTD_INHS_WEBSITE\INHS_Integrated\vendor\codeigniter4\framework\system\CodeIgniter.php(931): App\Controllers\Application->getForm()
#6 C:\Users\SERVER\Desktop\ICTD_INHS_WEBSITE\INHS_Integrated\vendor\codeigniter4\framework\system\CodeIgniter.php(439): CodeIgniter\CodeIgniter->runController(Object(App\Controllers\Application))
#7 C:\Users\SERVER\Desktop\ICTD_INHS_WEBSITE\INHS_Integrated\vendor\codeigniter4\framework\system\CodeIgniter.php(339): CodeIgniter\CodeIgniter->handleRequest(NULL, Object(Config\Cache), false)
#8 C:\Users\SERVER\Desktop\ICTD_INHS_WEBSITE\INHS_Integrated\public\index.php(36): CodeIgniter\CodeIgniter->run()
#9 C:\Users\SERVER\Desktop\ICTD_INHS_WEBSITE\INHS_Integrated\vendor\codeigniter4\framework\system\Commands\Server\rewrite.php(45): require_once('C:\\Users\\SERVER...')
#10 {main}
CRITICAL - 2022-05-10 23:32:43 --> Trying to access array offset on value of type null
#0 C:\Users\SERVER\Desktop\ICTD_INHS_WEBSITE\INHS_Integrated\app\Views\f_application\application_header.php(100): CodeIgniter\Debug\Exceptions->errorHandler(2, 'Trying to acces...', 'C:\\Users\\SERVER...', 100)
#1 C:\Users\SERVER\Desktop\ICTD_INHS_WEBSITE\INHS_Integrated\vendor\codeigniter4\framework\system\View\View.php(230): include('C:\\Users\\SERVER...')
#2 C:\Users\SERVER\Desktop\ICTD_INHS_WEBSITE\INHS_Integrated\vendor\codeigniter4\framework\system\View\View.php(232): CodeIgniter\View\View->CodeIgniter\View\{closure}()
#3 C:\Users\SERVER\Desktop\ICTD_INHS_WEBSITE\INHS_Integrated\vendor\codeigniter4\framework\system\Common.php(1250): CodeIgniter\View\View->render('f_application/a...', Array, true)
#4 C:\Users\SERVER\Desktop\ICTD_INHS_WEBSITE\INHS_Integrated\app\Controllers\Application.php(221): view('f_application/a...', Array)
#5 C:\Users\SERVER\Desktop\ICTD_INHS_WEBSITE\INHS_Integrated\vendor\codeigniter4\framework\system\CodeIgniter.php(931): App\Controllers\Application->getForm()
#6 C:\Users\SERVER\Desktop\ICTD_INHS_WEBSITE\INHS_Integrated\vendor\codeigniter4\framework\system\CodeIgniter.php(439): CodeIgniter\CodeIgniter->runController(Object(App\Controllers\Application))
#7 C:\Users\SERVER\Desktop\ICTD_INHS_WEBSITE\INHS_Integrated\vendor\codeigniter4\framework\system\CodeIgniter.php(339): CodeIgniter\CodeIgniter->handleRequest(NULL, Object(Config\Cache), false)
#8 C:\Users\SERVER\Desktop\ICTD_INHS_WEBSITE\INHS_Integrated\public\index.php(36): CodeIgniter\CodeIgniter->run()
#9 C:\Users\SERVER\Desktop\ICTD_INHS_WEBSITE\INHS_Integrated\vendor\codeigniter4\framework\system\Commands\Server\rewrite.php(45): require_once('C:\\Users\\SERVER...')
#10 {main}
CRITICAL - 2022-05-10 23:40:15 --> Trying to access array offset on value of type null
#0 C:\Users\SERVER\Desktop\ICTD_INHS_WEBSITE\INHS_Integrated\app\Views\f_application\application_header.php(100): CodeIgniter\Debug\Exceptions->errorHandler(2, 'Trying to acces...', 'C:\\Users\\SERVER...', 100)
#1 C:\Users\SERVER\Desktop\ICTD_INHS_WEBSITE\INHS_Integrated\vendor\codeigniter4\framework\system\View\View.php(230): include('C:\\Users\\SERVER...')
#2 C:\Users\SERVER\Desktop\ICTD_INHS_WEBSITE\INHS_Integrated\vendor\codeigniter4\framework\system\View\View.php(232): CodeIgniter\View\View->CodeIgniter\View\{closure}()
#3 C:\Users\SERVER\Desktop\ICTD_INHS_WEBSITE\INHS_Integrated\vendor\codeigniter4\framework\system\Common.php(1250): CodeIgniter\View\View->render('f_application/a...', Array, true)
#4 C:\Users\SERVER\Desktop\ICTD_INHS_WEBSITE\INHS_Integrated\app\Controllers\Application.php(221): view('f_application/a...', Array)
#5 C:\Users\SERVER\Desktop\ICTD_INHS_WEBSITE\INHS_Integrated\vendor\codeigniter4\framework\system\CodeIgniter.php(931): App\Controllers\Application->getForm()
#6 C:\Users\SERVER\Desktop\ICTD_INHS_WEBSITE\INHS_Integrated\vendor\codeigniter4\framework\system\CodeIgniter.php(439): CodeIgniter\CodeIgniter->runController(Object(App\Controllers\Application))
#7 C:\Users\SERVER\Desktop\ICTD_INHS_WEBSITE\INHS_Integrated\vendor\codeigniter4\framework\system\CodeIgniter.php(339): CodeIgniter\CodeIgniter->handleRequest(NULL, Object(Config\Cache), false)
#8 C:\Users\SERVER\Desktop\ICTD_INHS_WEBSITE\INHS_Integrated\public\index.php(36): CodeIgniter\CodeIgniter->run()
#9 C:\Users\SERVER\Desktop\ICTD_INHS_WEBSITE\INHS_Integrated\vendor\codeigniter4\framework\system\Commands\Server\rewrite.php(45): require_once('C:\\Users\\SERVER...')
#10 {main}
