CRITICAL - 2022-07-02 21:37:31 --> Uncaught ErrorException: Cannot modify header information - headers already sent by (output started at C:\Users\SERVER\Desktop\ICTD_INHS_WEBSITE\INHS_Integrated_v3\app\Config\Events.php:35) in C:\Users\SERVER\Desktop\ICTD_INHS_WEBSITE\INHS_Integrated_v3\vendor\codeigniter4\framework\system\Debug\Exceptions.php:137
Stack trace:
#0 [internal function]: CodeIgniter\Debug\Exceptions->errorHandler(2, 'Cannot modify h...', 'C:\\Users\\SERVER...', 137)
#1 C:\Users\SERVER\Desktop\ICTD_INHS_WEBSITE\INHS_Integrated_v3\vendor\codeigniter4\framework\system\Debug\Exceptions.php(137): header('HTTP/1.1 404 No...', true, 404)
#2 [internal function]: CodeIgniter\Debug\Exceptions->exceptionHandler(Object(CodeIgniter\Exceptions\PageNotFoundException))
#3 {main}
  thrown
#0 [internal function]: CodeIgniter\Debug\Exceptions->shutdownHandler()
#1 {main}
ERROR - 2022-07-02 21:40:15 --> Cannot add or update a child row: a foreign key constraint fails (`inhs_integrated_v3`.`users`, CONSTRAINT `users_ibfk_1` FOREIGN KEY (`emp_id`) REFERENCES `employee_t` (`emp_id`) ON DELETE CASCADE ON UPDATE CASCADE)
ERROR - 2022-07-02 21:40:15 --> Cannot add or update a child row: a foreign key constraint fails (`inhs_integrated_v3`.`users`, CONSTRAINT `users_ibfk_1` FOREIGN KEY (`emp_id`) REFERENCES `employee_t` (`emp_id`) ON DELETE CASCADE ON UPDATE CASCADE)
ERROR - 2022-07-02 21:40:15 --> Cannot add or update a child row: a foreign key constraint fails (`inhs_integrated_v3`.`users`, CONSTRAINT `users_ibfk_1` FOREIGN KEY (`emp_id`) REFERENCES `employee_t` (`emp_id`) ON DELETE CASCADE ON UPDATE CASCADE)
ERROR - 2022-07-02 21:40:15 --> Cannot add or update a child row: a foreign key constraint fails (`inhs_integrated_v3`.`users`, CONSTRAINT `users_ibfk_1` FOREIGN KEY (`emp_id`) REFERENCES `employee_t` (`emp_id`) ON DELETE CASCADE ON UPDATE CASCADE)
ERROR - 2022-07-02 21:40:16 --> Cannot add or update a child row: a foreign key constraint fails (`inhs_integrated_v3`.`users`, CONSTRAINT `users_ibfk_1` FOREIGN KEY (`emp_id`) REFERENCES `employee_t` (`emp_id`) ON DELETE CASCADE ON UPDATE CASCADE)
ERROR - 2022-07-02 21:40:17 --> Cannot add or update a child row: a foreign key constraint fails (`inhs_integrated_v3`.`users`, CONSTRAINT `users_ibfk_1` FOREIGN KEY (`emp_id`) REFERENCES `employee_t` (`emp_id`) ON DELETE CASCADE ON UPDATE CASCADE)
ERROR - 2022-07-02 21:40:18 --> Cannot add or update a child row: a foreign key constraint fails (`inhs_integrated_v3`.`users`, CONSTRAINT `users_ibfk_1` FOREIGN KEY (`emp_id`) REFERENCES `employee_t` (`emp_id`) ON DELETE CASCADE ON UPDATE CASCADE)
ERROR - 2022-07-02 21:40:21 --> Cannot add or update a child row: a foreign key constraint fails (`inhs_integrated_v3`.`users`, CONSTRAINT `users_ibfk_1` FOREIGN KEY (`emp_id`) REFERENCES `employee_t` (`emp_id`) ON DELETE CASCADE ON UPDATE CASCADE)
ERROR - 2022-07-02 21:40:21 --> Cannot add or update a child row: a foreign key constraint fails (`inhs_integrated_v3`.`users`, CONSTRAINT `users_ibfk_1` FOREIGN KEY (`emp_id`) REFERENCES `employee_t` (`emp_id`) ON DELETE CASCADE ON UPDATE CASCADE)
ERROR - 2022-07-02 21:40:21 --> Cannot add or update a child row: a foreign key constraint fails (`inhs_integrated_v3`.`users`, CONSTRAINT `users_ibfk_1` FOREIGN KEY (`emp_id`) REFERENCES `employee_t` (`emp_id`) ON DELETE CASCADE ON UPDATE CASCADE)
ERROR - 2022-07-02 21:40:21 --> Cannot add or update a child row: a foreign key constraint fails (`inhs_integrated_v3`.`users`, CONSTRAINT `users_ibfk_1` FOREIGN KEY (`emp_id`) REFERENCES `employee_t` (`emp_id`) ON DELETE CASCADE ON UPDATE CASCADE)
ERROR - 2022-07-02 21:40:22 --> Cannot add or update a child row: a foreign key constraint fails (`inhs_integrated_v3`.`users`, CONSTRAINT `users_ibfk_1` FOREIGN KEY (`emp_id`) REFERENCES `employee_t` (`emp_id`) ON DELETE CASCADE ON UPDATE CASCADE)
ERROR - 2022-07-02 21:40:23 --> Cannot add or update a child row: a foreign key constraint fails (`inhs_integrated_v3`.`users`, CONSTRAINT `users_ibfk_1` FOREIGN KEY (`emp_id`) REFERENCES `employee_t` (`emp_id`) ON DELETE CASCADE ON UPDATE CASCADE)
ERROR - 2022-07-02 21:40:23 --> Cannot add or update a child row: a foreign key constraint fails (`inhs_integrated_v3`.`users`, CONSTRAINT `users_ibfk_1` FOREIGN KEY (`emp_id`) REFERENCES `employee_t` (`emp_id`) ON DELETE CASCADE ON UPDATE CASCADE)
ERROR - 2022-07-02 21:40:23 --> Cannot add or update a child row: a foreign key constraint fails (`inhs_integrated_v3`.`users`, CONSTRAINT `users_ibfk_1` FOREIGN KEY (`emp_id`) REFERENCES `employee_t` (`emp_id`) ON DELETE CASCADE ON UPDATE CASCADE)
ERROR - 2022-07-02 21:40:23 --> Cannot add or update a child row: a foreign key constraint fails (`inhs_integrated_v3`.`users`, CONSTRAINT `users_ibfk_1` FOREIGN KEY (`emp_id`) REFERENCES `employee_t` (`emp_id`) ON DELETE CASCADE ON UPDATE CASCADE)
ERROR - 2022-07-02 21:40:24 --> Cannot add or update a child row: a foreign key constraint fails (`inhs_integrated_v3`.`users`, CONSTRAINT `users_ibfk_1` FOREIGN KEY (`emp_id`) REFERENCES `employee_t` (`emp_id`) ON DELETE CASCADE ON UPDATE CASCADE)
ERROR - 2022-07-02 21:40:25 --> Cannot add or update a child row: a foreign key constraint fails (`inhs_integrated_v3`.`users`, CONSTRAINT `users_ibfk_1` FOREIGN KEY (`emp_id`) REFERENCES `employee_t` (`emp_id`) ON DELETE CASCADE ON UPDATE CASCADE)
ERROR - 2022-07-02 21:40:25 --> Cannot add or update a child row: a foreign key constraint fails (`inhs_integrated_v3`.`users`, CONSTRAINT `users_ibfk_1` FOREIGN KEY (`emp_id`) REFERENCES `employee_t` (`emp_id`) ON DELETE CASCADE ON UPDATE CASCADE)
ERROR - 2022-07-02 21:40:26 --> Cannot add or update a child row: a foreign key constraint fails (`inhs_integrated_v3`.`users`, CONSTRAINT `users_ibfk_1` FOREIGN KEY (`emp_id`) REFERENCES `employee_t` (`emp_id`) ON DELETE CASCADE ON UPDATE CASCADE)
ERROR - 2022-07-02 21:40:26 --> Cannot add or update a child row: a foreign key constraint fails (`inhs_integrated_v3`.`users`, CONSTRAINT `users_ibfk_1` FOREIGN KEY (`emp_id`) REFERENCES `employee_t` (`emp_id`) ON DELETE CASCADE ON UPDATE CASCADE)
ERROR - 2022-07-02 21:40:27 --> Cannot add or update a child row: a foreign key constraint fails (`inhs_integrated_v3`.`users`, CONSTRAINT `users_ibfk_1` FOREIGN KEY (`emp_id`) REFERENCES `employee_t` (`emp_id`) ON DELETE CASCADE ON UPDATE CASCADE)
ERROR - 2022-07-02 21:40:27 --> Cannot add or update a child row: a foreign key constraint fails (`inhs_integrated_v3`.`users`, CONSTRAINT `users_ibfk_1` FOREIGN KEY (`emp_id`) REFERENCES `employee_t` (`emp_id`) ON DELETE CASCADE ON UPDATE CASCADE)
ERROR - 2022-07-02 21:40:27 --> Cannot add or update a child row: a foreign key constraint fails (`inhs_integrated_v3`.`users`, CONSTRAINT `users_ibfk_1` FOREIGN KEY (`emp_id`) REFERENCES `employee_t` (`emp_id`) ON DELETE CASCADE ON UPDATE CASCADE)
ERROR - 2022-07-02 21:40:28 --> Cannot add or update a child row: a foreign key constraint fails (`inhs_integrated_v3`.`users`, CONSTRAINT `users_ibfk_1` FOREIGN KEY (`emp_id`) REFERENCES `employee_t` (`emp_id`) ON DELETE CASCADE ON UPDATE CASCADE)
ERROR - 2022-07-02 21:40:28 --> Cannot add or update a child row: a foreign key constraint fails (`inhs_integrated_v3`.`users`, CONSTRAINT `users_ibfk_1` FOREIGN KEY (`emp_id`) REFERENCES `employee_t` (`emp_id`) ON DELETE CASCADE ON UPDATE CASCADE)
ERROR - 2022-07-02 21:40:28 --> Cannot add or update a child row: a foreign key constraint fails (`inhs_integrated_v3`.`users`, CONSTRAINT `users_ibfk_1` FOREIGN KEY (`emp_id`) REFERENCES `employee_t` (`emp_id`) ON DELETE CASCADE ON UPDATE CASCADE)
ERROR - 2022-07-02 21:40:29 --> Cannot add or update a child row: a foreign key constraint fails (`inhs_integrated_v3`.`users`, CONSTRAINT `users_ibfk_1` FOREIGN KEY (`emp_id`) REFERENCES `employee_t` (`emp_id`) ON DELETE CASCADE ON UPDATE CASCADE)
ERROR - 2022-07-02 21:40:29 --> Cannot add or update a child row: a foreign key constraint fails (`inhs_integrated_v3`.`users`, CONSTRAINT `users_ibfk_1` FOREIGN KEY (`emp_id`) REFERENCES `employee_t` (`emp_id`) ON DELETE CASCADE ON UPDATE CASCADE)
ERROR - 2022-07-02 21:40:30 --> Cannot add or update a child row: a foreign key constraint fails (`inhs_integrated_v3`.`users`, CONSTRAINT `users_ibfk_1` FOREIGN KEY (`emp_id`) REFERENCES `employee_t` (`emp_id`) ON DELETE CASCADE ON UPDATE CASCADE)
ERROR - 2022-07-02 21:40:30 --> Cannot add or update a child row: a foreign key constraint fails (`inhs_integrated_v3`.`users`, CONSTRAINT `users_ibfk_1` FOREIGN KEY (`emp_id`) REFERENCES `employee_t` (`emp_id`) ON DELETE CASCADE ON UPDATE CASCADE)
ERROR - 2022-07-02 21:40:31 --> Cannot add or update a child row: a foreign key constraint fails (`inhs_integrated_v3`.`users`, CONSTRAINT `users_ibfk_1` FOREIGN KEY (`emp_id`) REFERENCES `employee_t` (`emp_id`) ON DELETE CASCADE ON UPDATE CASCADE)
ERROR - 2022-07-02 21:40:31 --> Cannot add or update a child row: a foreign key constraint fails (`inhs_integrated_v3`.`users`, CONSTRAINT `users_ibfk_1` FOREIGN KEY (`emp_id`) REFERENCES `employee_t` (`emp_id`) ON DELETE CASCADE ON UPDATE CASCADE)
ERROR - 2022-07-02 21:40:32 --> Cannot add or update a child row: a foreign key constraint fails (`inhs_integrated_v3`.`users`, CONSTRAINT `users_ibfk_1` FOREIGN KEY (`emp_id`) REFERENCES `employee_t` (`emp_id`) ON DELETE CASCADE ON UPDATE CASCADE)
ERROR - 2022-07-02 21:40:34 --> Cannot add or update a child row: a foreign key constraint fails (`inhs_integrated_v3`.`users`, CONSTRAINT `users_ibfk_1` FOREIGN KEY (`emp_id`) REFERENCES `employee_t` (`emp_id`) ON DELETE CASCADE ON UPDATE CASCADE)
ERROR - 2022-07-02 21:40:34 --> Cannot add or update a child row: a foreign key constraint fails (`inhs_integrated_v3`.`users`, CONSTRAINT `users_ibfk_1` FOREIGN KEY (`emp_id`) REFERENCES `employee_t` (`emp_id`) ON DELETE CASCADE ON UPDATE CASCADE)
ERROR - 2022-07-02 21:40:36 --> Cannot add or update a child row: a foreign key constraint fails (`inhs_integrated_v3`.`users`, CONSTRAINT `users_ibfk_1` FOREIGN KEY (`emp_id`) REFERENCES `employee_t` (`emp_id`) ON DELETE CASCADE ON UPDATE CASCADE)
ERROR - 2022-07-02 21:40:36 --> Cannot add or update a child row: a foreign key constraint fails (`inhs_integrated_v3`.`users`, CONSTRAINT `users_ibfk_1` FOREIGN KEY (`emp_id`) REFERENCES `employee_t` (`emp_id`) ON DELETE CASCADE ON UPDATE CASCADE)
ERROR - 2022-07-02 21:40:37 --> Cannot add or update a child row: a foreign key constraint fails (`inhs_integrated_v3`.`users`, CONSTRAINT `users_ibfk_1` FOREIGN KEY (`emp_id`) REFERENCES `employee_t` (`emp_id`) ON DELETE CASCADE ON UPDATE CASCADE)
ERROR - 2022-07-02 21:40:39 --> Cannot add or update a child row: a foreign key constraint fails (`inhs_integrated_v3`.`users`, CONSTRAINT `users_ibfk_1` FOREIGN KEY (`emp_id`) REFERENCES `employee_t` (`emp_id`) ON DELETE CASCADE ON UPDATE CASCADE)
ERROR - 2022-07-02 21:40:39 --> Cannot add or update a child row: a foreign key constraint fails (`inhs_integrated_v3`.`users`, CONSTRAINT `users_ibfk_1` FOREIGN KEY (`emp_id`) REFERENCES `employee_t` (`emp_id`) ON DELETE CASCADE ON UPDATE CASCADE)
ERROR - 2022-07-02 21:40:40 --> Cannot add or update a child row: a foreign key constraint fails (`inhs_integrated_v3`.`users`, CONSTRAINT `users_ibfk_1` FOREIGN KEY (`emp_id`) REFERENCES `employee_t` (`emp_id`) ON DELETE CASCADE ON UPDATE CASCADE)
ERROR - 2022-07-02 21:40:40 --> Cannot add or update a child row: a foreign key constraint fails (`inhs_integrated_v3`.`users`, CONSTRAINT `users_ibfk_1` FOREIGN KEY (`emp_id`) REFERENCES `employee_t` (`emp_id`) ON DELETE CASCADE ON UPDATE CASCADE)
ERROR - 2022-07-02 21:40:41 --> Cannot add or update a child row: a foreign key constraint fails (`inhs_integrated_v3`.`users`, CONSTRAINT `users_ibfk_1` FOREIGN KEY (`emp_id`) REFERENCES `employee_t` (`emp_id`) ON DELETE CASCADE ON UPDATE CASCADE)
ERROR - 2022-07-02 21:40:41 --> Cannot add or update a child row: a foreign key constraint fails (`inhs_integrated_v3`.`users`, CONSTRAINT `users_ibfk_1` FOREIGN KEY (`emp_id`) REFERENCES `employee_t` (`emp_id`) ON DELETE CASCADE ON UPDATE CASCADE)
ERROR - 2022-07-02 21:40:42 --> Cannot add or update a child row: a foreign key constraint fails (`inhs_integrated_v3`.`users`, CONSTRAINT `users_ibfk_1` FOREIGN KEY (`emp_id`) REFERENCES `employee_t` (`emp_id`) ON DELETE CASCADE ON UPDATE CASCADE)
ERROR - 2022-07-02 21:40:42 --> Cannot add or update a child row: a foreign key constraint fails (`inhs_integrated_v3`.`users`, CONSTRAINT `users_ibfk_1` FOREIGN KEY (`emp_id`) REFERENCES `employee_t` (`emp_id`) ON DELETE CASCADE ON UPDATE CASCADE)
ERROR - 2022-07-02 21:40:42 --> Cannot add or update a child row: a foreign key constraint fails (`inhs_integrated_v3`.`users`, CONSTRAINT `users_ibfk_1` FOREIGN KEY (`emp_id`) REFERENCES `employee_t` (`emp_id`) ON DELETE CASCADE ON UPDATE CASCADE)
ERROR - 2022-07-02 21:40:43 --> Cannot add or update a child row: a foreign key constraint fails (`inhs_integrated_v3`.`users`, CONSTRAINT `users_ibfk_1` FOREIGN KEY (`emp_id`) REFERENCES `employee_t` (`emp_id`) ON DELETE CASCADE ON UPDATE CASCADE)
ERROR - 2022-07-02 21:40:44 --> Cannot add or update a child row: a foreign key constraint fails (`inhs_integrated_v3`.`users`, CONSTRAINT `users_ibfk_1` FOREIGN KEY (`emp_id`) REFERENCES `employee_t` (`emp_id`) ON DELETE CASCADE ON UPDATE CASCADE)
ERROR - 2022-07-02 21:40:44 --> Cannot add or update a child row: a foreign key constraint fails (`inhs_integrated_v3`.`users`, CONSTRAINT `users_ibfk_1` FOREIGN KEY (`emp_id`) REFERENCES `employee_t` (`emp_id`) ON DELETE CASCADE ON UPDATE CASCADE)
ERROR - 2022-07-02 21:40:45 --> Cannot add or update a child row: a foreign key constraint fails (`inhs_integrated_v3`.`users`, CONSTRAINT `users_ibfk_1` FOREIGN KEY (`emp_id`) REFERENCES `employee_t` (`emp_id`) ON DELETE CASCADE ON UPDATE CASCADE)
ERROR - 2022-07-02 21:40:45 --> Cannot add or update a child row: a foreign key constraint fails (`inhs_integrated_v3`.`users`, CONSTRAINT `users_ibfk_1` FOREIGN KEY (`emp_id`) REFERENCES `employee_t` (`emp_id`) ON DELETE CASCADE ON UPDATE CASCADE)
ERROR - 2022-07-02 21:40:45 --> Cannot add or update a child row: a foreign key constraint fails (`inhs_integrated_v3`.`users`, CONSTRAINT `users_ibfk_1` FOREIGN KEY (`emp_id`) REFERENCES `employee_t` (`emp_id`) ON DELETE CASCADE ON UPDATE CASCADE)
ERROR - 2022-07-02 21:40:46 --> Cannot add or update a child row: a foreign key constraint fails (`inhs_integrated_v3`.`users`, CONSTRAINT `users_ibfk_1` FOREIGN KEY (`emp_id`) REFERENCES `employee_t` (`emp_id`) ON DELETE CASCADE ON UPDATE CASCADE)
ERROR - 2022-07-02 21:40:46 --> Cannot add or update a child row: a foreign key constraint fails (`inhs_integrated_v3`.`users`, CONSTRAINT `users_ibfk_1` FOREIGN KEY (`emp_id`) REFERENCES `employee_t` (`emp_id`) ON DELETE CASCADE ON UPDATE CASCADE)
ERROR - 2022-07-02 21:40:46 --> Cannot add or update a child row: a foreign key constraint fails (`inhs_integrated_v3`.`users`, CONSTRAINT `users_ibfk_1` FOREIGN KEY (`emp_id`) REFERENCES `employee_t` (`emp_id`) ON DELETE CASCADE ON UPDATE CASCADE)
ERROR - 2022-07-02 21:40:47 --> Cannot add or update a child row: a foreign key constraint fails (`inhs_integrated_v3`.`users`, CONSTRAINT `users_ibfk_1` FOREIGN KEY (`emp_id`) REFERENCES `employee_t` (`emp_id`) ON DELETE CASCADE ON UPDATE CASCADE)
ERROR - 2022-07-02 21:40:48 --> Cannot add or update a child row: a foreign key constraint fails (`inhs_integrated_v3`.`users`, CONSTRAINT `users_ibfk_1` FOREIGN KEY (`emp_id`) REFERENCES `employee_t` (`emp_id`) ON DELETE CASCADE ON UPDATE CASCADE)
ERROR - 2022-07-02 21:40:48 --> Cannot add or update a child row: a foreign key constraint fails (`inhs_integrated_v3`.`users`, CONSTRAINT `users_ibfk_1` FOREIGN KEY (`emp_id`) REFERENCES `employee_t` (`emp_id`) ON DELETE CASCADE ON UPDATE CASCADE)
ERROR - 2022-07-02 21:40:48 --> Cannot add or update a child row: a foreign key constraint fails (`inhs_integrated_v3`.`users`, CONSTRAINT `users_ibfk_1` FOREIGN KEY (`emp_id`) REFERENCES `employee_t` (`emp_id`) ON DELETE CASCADE ON UPDATE CASCADE)
ERROR - 2022-07-02 21:40:50 --> Cannot add or update a child row: a foreign key constraint fails (`inhs_integrated_v3`.`users`, CONSTRAINT `users_ibfk_1` FOREIGN KEY (`emp_id`) REFERENCES `employee_t` (`emp_id`) ON DELETE CASCADE ON UPDATE CASCADE)
ERROR - 2022-07-02 21:40:50 --> Cannot add or update a child row: a foreign key constraint fails (`inhs_integrated_v3`.`users`, CONSTRAINT `users_ibfk_1` FOREIGN KEY (`emp_id`) REFERENCES `employee_t` (`emp_id`) ON DELETE CASCADE ON UPDATE CASCADE)
ERROR - 2022-07-02 21:40:51 --> Cannot add or update a child row: a foreign key constraint fails (`inhs_integrated_v3`.`users`, CONSTRAINT `users_ibfk_1` FOREIGN KEY (`emp_id`) REFERENCES `employee_t` (`emp_id`) ON DELETE CASCADE ON UPDATE CASCADE)
ERROR - 2022-07-02 21:40:51 --> Cannot add or update a child row: a foreign key constraint fails (`inhs_integrated_v3`.`users`, CONSTRAINT `users_ibfk_1` FOREIGN KEY (`emp_id`) REFERENCES `employee_t` (`emp_id`) ON DELETE CASCADE ON UPDATE CASCADE)
ERROR - 2022-07-02 21:40:52 --> Cannot add or update a child row: a foreign key constraint fails (`inhs_integrated_v3`.`users`, CONSTRAINT `users_ibfk_1` FOREIGN KEY (`emp_id`) REFERENCES `employee_t` (`emp_id`) ON DELETE CASCADE ON UPDATE CASCADE)
ERROR - 2022-07-02 21:40:52 --> Cannot add or update a child row: a foreign key constraint fails (`inhs_integrated_v3`.`users`, CONSTRAINT `users_ibfk_1` FOREIGN KEY (`emp_id`) REFERENCES `employee_t` (`emp_id`) ON DELETE CASCADE ON UPDATE CASCADE)
ERROR - 2022-07-02 21:40:52 --> Cannot add or update a child row: a foreign key constraint fails (`inhs_integrated_v3`.`users`, CONSTRAINT `users_ibfk_1` FOREIGN KEY (`emp_id`) REFERENCES `employee_t` (`emp_id`) ON DELETE CASCADE ON UPDATE CASCADE)
ERROR - 2022-07-02 21:40:53 --> Cannot add or update a child row: a foreign key constraint fails (`inhs_integrated_v3`.`users`, CONSTRAINT `users_ibfk_1` FOREIGN KEY (`emp_id`) REFERENCES `employee_t` (`emp_id`) ON DELETE CASCADE ON UPDATE CASCADE)
ERROR - 2022-07-02 21:40:54 --> Cannot add or update a child row: a foreign key constraint fails (`inhs_integrated_v3`.`users`, CONSTRAINT `users_ibfk_1` FOREIGN KEY (`emp_id`) REFERENCES `employee_t` (`emp_id`) ON DELETE CASCADE ON UPDATE CASCADE)
ERROR - 2022-07-02 21:40:54 --> Cannot add or update a child row: a foreign key constraint fails (`inhs_integrated_v3`.`users`, CONSTRAINT `users_ibfk_1` FOREIGN KEY (`emp_id`) REFERENCES `employee_t` (`emp_id`) ON DELETE CASCADE ON UPDATE CASCADE)
ERROR - 2022-07-02 21:40:54 --> Cannot add or update a child row: a foreign key constraint fails (`inhs_integrated_v3`.`users`, CONSTRAINT `users_ibfk_1` FOREIGN KEY (`emp_id`) REFERENCES `employee_t` (`emp_id`) ON DELETE CASCADE ON UPDATE CASCADE)
ERROR - 2022-07-02 21:40:55 --> Cannot add or update a child row: a foreign key constraint fails (`inhs_integrated_v3`.`users`, CONSTRAINT `users_ibfk_1` FOREIGN KEY (`emp_id`) REFERENCES `employee_t` (`emp_id`) ON DELETE CASCADE ON UPDATE CASCADE)
ERROR - 2022-07-02 21:40:56 --> Cannot add or update a child row: a foreign key constraint fails (`inhs_integrated_v3`.`users`, CONSTRAINT `users_ibfk_1` FOREIGN KEY (`emp_id`) REFERENCES `employee_t` (`emp_id`) ON DELETE CASCADE ON UPDATE CASCADE)
ERROR - 2022-07-02 21:40:56 --> Cannot add or update a child row: a foreign key constraint fails (`inhs_integrated_v3`.`users`, CONSTRAINT `users_ibfk_1` FOREIGN KEY (`emp_id`) REFERENCES `employee_t` (`emp_id`) ON DELETE CASCADE ON UPDATE CASCADE)
ERROR - 2022-07-02 21:40:57 --> Cannot add or update a child row: a foreign key constraint fails (`inhs_integrated_v3`.`users`, CONSTRAINT `users_ibfk_1` FOREIGN KEY (`emp_id`) REFERENCES `employee_t` (`emp_id`) ON DELETE CASCADE ON UPDATE CASCADE)
ERROR - 2022-07-02 21:40:57 --> Cannot add or update a child row: a foreign key constraint fails (`inhs_integrated_v3`.`users`, CONSTRAINT `users_ibfk_1` FOREIGN KEY (`emp_id`) REFERENCES `employee_t` (`emp_id`) ON DELETE CASCADE ON UPDATE CASCADE)
ERROR - 2022-07-02 21:40:58 --> Cannot add or update a child row: a foreign key constraint fails (`inhs_integrated_v3`.`users`, CONSTRAINT `users_ibfk_1` FOREIGN KEY (`emp_id`) REFERENCES `employee_t` (`emp_id`) ON DELETE CASCADE ON UPDATE CASCADE)
ERROR - 2022-07-02 21:40:59 --> Cannot add or update a child row: a foreign key constraint fails (`inhs_integrated_v3`.`users`, CONSTRAINT `users_ibfk_1` FOREIGN KEY (`emp_id`) REFERENCES `employee_t` (`emp_id`) ON DELETE CASCADE ON UPDATE CASCADE)
ERROR - 2022-07-02 21:41:00 --> Cannot add or update a child row: a foreign key constraint fails (`inhs_integrated_v3`.`users`, CONSTRAINT `users_ibfk_1` FOREIGN KEY (`emp_id`) REFERENCES `employee_t` (`emp_id`) ON DELETE CASCADE ON UPDATE CASCADE)
ERROR - 2022-07-02 21:41:00 --> Cannot add or update a child row: a foreign key constraint fails (`inhs_integrated_v3`.`users`, CONSTRAINT `users_ibfk_1` FOREIGN KEY (`emp_id`) REFERENCES `employee_t` (`emp_id`) ON DELETE CASCADE ON UPDATE CASCADE)
ERROR - 2022-07-02 21:41:01 --> Cannot add or update a child row: a foreign key constraint fails (`inhs_integrated_v3`.`users`, CONSTRAINT `users_ibfk_1` FOREIGN KEY (`emp_id`) REFERENCES `employee_t` (`emp_id`) ON DELETE CASCADE ON UPDATE CASCADE)
ERROR - 2022-07-02 21:41:02 --> Cannot add or update a child row: a foreign key constraint fails (`inhs_integrated_v3`.`users`, CONSTRAINT `users_ibfk_1` FOREIGN KEY (`emp_id`) REFERENCES `employee_t` (`emp_id`) ON DELETE CASCADE ON UPDATE CASCADE)
ERROR - 2022-07-02 21:41:02 --> Cannot add or update a child row: a foreign key constraint fails (`inhs_integrated_v3`.`users`, CONSTRAINT `users_ibfk_1` FOREIGN KEY (`emp_id`) REFERENCES `employee_t` (`emp_id`) ON DELETE CASCADE ON UPDATE CASCADE)
ERROR - 2022-07-02 21:41:02 --> Cannot add or update a child row: a foreign key constraint fails (`inhs_integrated_v3`.`users`, CONSTRAINT `users_ibfk_1` FOREIGN KEY (`emp_id`) REFERENCES `employee_t` (`emp_id`) ON DELETE CASCADE ON UPDATE CASCADE)
ERROR - 2022-07-02 21:41:03 --> Cannot add or update a child row: a foreign key constraint fails (`inhs_integrated_v3`.`users`, CONSTRAINT `users_ibfk_1` FOREIGN KEY (`emp_id`) REFERENCES `employee_t` (`emp_id`) ON DELETE CASCADE ON UPDATE CASCADE)
ERROR - 2022-07-02 21:41:03 --> Cannot add or update a child row: a foreign key constraint fails (`inhs_integrated_v3`.`users`, CONSTRAINT `users_ibfk_1` FOREIGN KEY (`emp_id`) REFERENCES `employee_t` (`emp_id`) ON DELETE CASCADE ON UPDATE CASCADE)
ERROR - 2022-07-02 21:41:04 --> Cannot add or update a child row: a foreign key constraint fails (`inhs_integrated_v3`.`users`, CONSTRAINT `users_ibfk_1` FOREIGN KEY (`emp_id`) REFERENCES `employee_t` (`emp_id`) ON DELETE CASCADE ON UPDATE CASCADE)
ERROR - 2022-07-02 21:41:04 --> Cannot add or update a child row: a foreign key constraint fails (`inhs_integrated_v3`.`users`, CONSTRAINT `users_ibfk_1` FOREIGN KEY (`emp_id`) REFERENCES `employee_t` (`emp_id`) ON DELETE CASCADE ON UPDATE CASCADE)
ERROR - 2022-07-02 21:41:04 --> Cannot add or update a child row: a foreign key constraint fails (`inhs_integrated_v3`.`users`, CONSTRAINT `users_ibfk_1` FOREIGN KEY (`emp_id`) REFERENCES `employee_t` (`emp_id`) ON DELETE CASCADE ON UPDATE CASCADE)
ERROR - 2022-07-02 21:41:05 --> Cannot add or update a child row: a foreign key constraint fails (`inhs_integrated_v3`.`users`, CONSTRAINT `users_ibfk_1` FOREIGN KEY (`emp_id`) REFERENCES `employee_t` (`emp_id`) ON DELETE CASCADE ON UPDATE CASCADE)
ERROR - 2022-07-02 21:41:07 --> Cannot add or update a child row: a foreign key constraint fails (`inhs_integrated_v3`.`users`, CONSTRAINT `users_ibfk_1` FOREIGN KEY (`emp_id`) REFERENCES `employee_t` (`emp_id`) ON DELETE CASCADE ON UPDATE CASCADE)
ERROR - 2022-07-02 21:41:08 --> Cannot add or update a child row: a foreign key constraint fails (`inhs_integrated_v3`.`users`, CONSTRAINT `users_ibfk_1` FOREIGN KEY (`emp_id`) REFERENCES `employee_t` (`emp_id`) ON DELETE CASCADE ON UPDATE CASCADE)
ERROR - 2022-07-02 21:41:08 --> Cannot add or update a child row: a foreign key constraint fails (`inhs_integrated_v3`.`users`, CONSTRAINT `users_ibfk_1` FOREIGN KEY (`emp_id`) REFERENCES `employee_t` (`emp_id`) ON DELETE CASCADE ON UPDATE CASCADE)
ERROR - 2022-07-02 21:41:09 --> Cannot add or update a child row: a foreign key constraint fails (`inhs_integrated_v3`.`users`, CONSTRAINT `users_ibfk_1` FOREIGN KEY (`emp_id`) REFERENCES `employee_t` (`emp_id`) ON DELETE CASCADE ON UPDATE CASCADE)
ERROR - 2022-07-02 21:41:10 --> Cannot add or update a child row: a foreign key constraint fails (`inhs_integrated_v3`.`users`, CONSTRAINT `users_ibfk_1` FOREIGN KEY (`emp_id`) REFERENCES `employee_t` (`emp_id`) ON DELETE CASCADE ON UPDATE CASCADE)
ERROR - 2022-07-02 21:41:10 --> Cannot add or update a child row: a foreign key constraint fails (`inhs_integrated_v3`.`users`, CONSTRAINT `users_ibfk_1` FOREIGN KEY (`emp_id`) REFERENCES `employee_t` (`emp_id`) ON DELETE CASCADE ON UPDATE CASCADE)
ERROR - 2022-07-02 21:41:35 --> Cannot add or update a child row: a foreign key constraint fails (`inhs_integrated_v3`.`users`, CONSTRAINT `users_ibfk_1` FOREIGN KEY (`emp_id`) REFERENCES `employee_t` (`emp_id`) ON DELETE CASCADE ON UPDATE CASCADE)
ERROR - 2022-07-02 21:41:39 --> Cannot add or update a child row: a foreign key constraint fails (`inhs_integrated_v3`.`users`, CONSTRAINT `users_ibfk_1` FOREIGN KEY (`emp_id`) REFERENCES `employee_t` (`emp_id`) ON DELETE CASCADE ON UPDATE CASCADE)
ERROR - 2022-07-02 21:41:39 --> Cannot add or update a child row: a foreign key constraint fails (`inhs_integrated_v3`.`users`, CONSTRAINT `users_ibfk_1` FOREIGN KEY (`emp_id`) REFERENCES `employee_t` (`emp_id`) ON DELETE CASCADE ON UPDATE CASCADE)
ERROR - 2022-07-02 21:41:40 --> Cannot add or update a child row: a foreign key constraint fails (`inhs_integrated_v3`.`users`, CONSTRAINT `users_ibfk_1` FOREIGN KEY (`emp_id`) REFERENCES `employee_t` (`emp_id`) ON DELETE CASCADE ON UPDATE CASCADE)
ERROR - 2022-07-02 21:41:40 --> Cannot add or update a child row: a foreign key constraint fails (`inhs_integrated_v3`.`users`, CONSTRAINT `users_ibfk_1` FOREIGN KEY (`emp_id`) REFERENCES `employee_t` (`emp_id`) ON DELETE CASCADE ON UPDATE CASCADE)
ERROR - 2022-07-02 21:41:40 --> Cannot add or update a child row: a foreign key constraint fails (`inhs_integrated_v3`.`users`, CONSTRAINT `users_ibfk_1` FOREIGN KEY (`emp_id`) REFERENCES `employee_t` (`emp_id`) ON DELETE CASCADE ON UPDATE CASCADE)
ERROR - 2022-07-02 21:41:41 --> Cannot add or update a child row: a foreign key constraint fails (`inhs_integrated_v3`.`users`, CONSTRAINT `users_ibfk_1` FOREIGN KEY (`emp_id`) REFERENCES `employee_t` (`emp_id`) ON DELETE CASCADE ON UPDATE CASCADE)
ERROR - 2022-07-02 21:41:41 --> Cannot add or update a child row: a foreign key constraint fails (`inhs_integrated_v3`.`users`, CONSTRAINT `users_ibfk_1` FOREIGN KEY (`emp_id`) REFERENCES `employee_t` (`emp_id`) ON DELETE CASCADE ON UPDATE CASCADE)
ERROR - 2022-07-02 21:41:42 --> Cannot add or update a child row: a foreign key constraint fails (`inhs_integrated_v3`.`users`, CONSTRAINT `users_ibfk_1` FOREIGN KEY (`emp_id`) REFERENCES `employee_t` (`emp_id`) ON DELETE CASCADE ON UPDATE CASCADE)
ERROR - 2022-07-02 21:41:42 --> Cannot add or update a child row: a foreign key constraint fails (`inhs_integrated_v3`.`users`, CONSTRAINT `users_ibfk_1` FOREIGN KEY (`emp_id`) REFERENCES `employee_t` (`emp_id`) ON DELETE CASCADE ON UPDATE CASCADE)
ERROR - 2022-07-02 21:41:42 --> Cannot add or update a child row: a foreign key constraint fails (`inhs_integrated_v3`.`users`, CONSTRAINT `users_ibfk_1` FOREIGN KEY (`emp_id`) REFERENCES `employee_t` (`emp_id`) ON DELETE CASCADE ON UPDATE CASCADE)
ERROR - 2022-07-02 21:41:42 --> Cannot add or update a child row: a foreign key constraint fails (`inhs_integrated_v3`.`users`, CONSTRAINT `users_ibfk_1` FOREIGN KEY (`emp_id`) REFERENCES `employee_t` (`emp_id`) ON DELETE CASCADE ON UPDATE CASCADE)
ERROR - 2022-07-02 21:41:43 --> Cannot add or update a child row: a foreign key constraint fails (`inhs_integrated_v3`.`users`, CONSTRAINT `users_ibfk_1` FOREIGN KEY (`emp_id`) REFERENCES `employee_t` (`emp_id`) ON DELETE CASCADE ON UPDATE CASCADE)
ERROR - 2022-07-02 21:41:43 --> Cannot add or update a child row: a foreign key constraint fails (`inhs_integrated_v3`.`users`, CONSTRAINT `users_ibfk_1` FOREIGN KEY (`emp_id`) REFERENCES `employee_t` (`emp_id`) ON DELETE CASCADE ON UPDATE CASCADE)
ERROR - 2022-07-02 21:41:43 --> Cannot add or update a child row: a foreign key constraint fails (`inhs_integrated_v3`.`users`, CONSTRAINT `users_ibfk_1` FOREIGN KEY (`emp_id`) REFERENCES `employee_t` (`emp_id`) ON DELETE CASCADE ON UPDATE CASCADE)
ERROR - 2022-07-02 21:41:43 --> Cannot add or update a child row: a foreign key constraint fails (`inhs_integrated_v3`.`users`, CONSTRAINT `users_ibfk_1` FOREIGN KEY (`emp_id`) REFERENCES `employee_t` (`emp_id`) ON DELETE CASCADE ON UPDATE CASCADE)
ERROR - 2022-07-02 21:41:44 --> Cannot add or update a child row: a foreign key constraint fails (`inhs_integrated_v3`.`users`, CONSTRAINT `users_ibfk_1` FOREIGN KEY (`emp_id`) REFERENCES `employee_t` (`emp_id`) ON DELETE CASCADE ON UPDATE CASCADE)
ERROR - 2022-07-02 21:41:44 --> Cannot add or update a child row: a foreign key constraint fails (`inhs_integrated_v3`.`users`, CONSTRAINT `users_ibfk_1` FOREIGN KEY (`emp_id`) REFERENCES `employee_t` (`emp_id`) ON DELETE CASCADE ON UPDATE CASCADE)
ERROR - 2022-07-02 21:41:44 --> Cannot add or update a child row: a foreign key constraint fails (`inhs_integrated_v3`.`users`, CONSTRAINT `users_ibfk_1` FOREIGN KEY (`emp_id`) REFERENCES `employee_t` (`emp_id`) ON DELETE CASCADE ON UPDATE CASCADE)
ERROR - 2022-07-02 21:41:45 --> Cannot add or update a child row: a foreign key constraint fails (`inhs_integrated_v3`.`users`, CONSTRAINT `users_ibfk_1` FOREIGN KEY (`emp_id`) REFERENCES `employee_t` (`emp_id`) ON DELETE CASCADE ON UPDATE CASCADE)
ERROR - 2022-07-02 21:41:45 --> Cannot add or update a child row: a foreign key constraint fails (`inhs_integrated_v3`.`users`, CONSTRAINT `users_ibfk_1` FOREIGN KEY (`emp_id`) REFERENCES `employee_t` (`emp_id`) ON DELETE CASCADE ON UPDATE CASCADE)
ERROR - 2022-07-02 21:41:46 --> Cannot add or update a child row: a foreign key constraint fails (`inhs_integrated_v3`.`users`, CONSTRAINT `users_ibfk_1` FOREIGN KEY (`emp_id`) REFERENCES `employee_t` (`emp_id`) ON DELETE CASCADE ON UPDATE CASCADE)
ERROR - 2022-07-02 21:41:46 --> Cannot add or update a child row: a foreign key constraint fails (`inhs_integrated_v3`.`users`, CONSTRAINT `users_ibfk_1` FOREIGN KEY (`emp_id`) REFERENCES `employee_t` (`emp_id`) ON DELETE CASCADE ON UPDATE CASCADE)
ERROR - 2022-07-02 21:41:47 --> Cannot add or update a child row: a foreign key constraint fails (`inhs_integrated_v3`.`users`, CONSTRAINT `users_ibfk_1` FOREIGN KEY (`emp_id`) REFERENCES `employee_t` (`emp_id`) ON DELETE CASCADE ON UPDATE CASCADE)
ERROR - 2022-07-02 21:41:47 --> Cannot add or update a child row: a foreign key constraint fails (`inhs_integrated_v3`.`users`, CONSTRAINT `users_ibfk_1` FOREIGN KEY (`emp_id`) REFERENCES `employee_t` (`emp_id`) ON DELETE CASCADE ON UPDATE CASCADE)
ERROR - 2022-07-02 21:41:47 --> Cannot add or update a child row: a foreign key constraint fails (`inhs_integrated_v3`.`users`, CONSTRAINT `users_ibfk_1` FOREIGN KEY (`emp_id`) REFERENCES `employee_t` (`emp_id`) ON DELETE CASCADE ON UPDATE CASCADE)
ERROR - 2022-07-02 21:41:48 --> Cannot add or update a child row: a foreign key constraint fails (`inhs_integrated_v3`.`users`, CONSTRAINT `users_ibfk_1` FOREIGN KEY (`emp_id`) REFERENCES `employee_t` (`emp_id`) ON DELETE CASCADE ON UPDATE CASCADE)
ERROR - 2022-07-02 21:41:49 --> Cannot add or update a child row: a foreign key constraint fails (`inhs_integrated_v3`.`users`, CONSTRAINT `users_ibfk_1` FOREIGN KEY (`emp_id`) REFERENCES `employee_t` (`emp_id`) ON DELETE CASCADE ON UPDATE CASCADE)
ERROR - 2022-07-02 21:41:50 --> Cannot add or update a child row: a foreign key constraint fails (`inhs_integrated_v3`.`users`, CONSTRAINT `users_ibfk_1` FOREIGN KEY (`emp_id`) REFERENCES `employee_t` (`emp_id`) ON DELETE CASCADE ON UPDATE CASCADE)
ERROR - 2022-07-02 21:41:50 --> Cannot add or update a child row: a foreign key constraint fails (`inhs_integrated_v3`.`users`, CONSTRAINT `users_ibfk_1` FOREIGN KEY (`emp_id`) REFERENCES `employee_t` (`emp_id`) ON DELETE CASCADE ON UPDATE CASCADE)
ERROR - 2022-07-02 21:41:51 --> Cannot add or update a child row: a foreign key constraint fails (`inhs_integrated_v3`.`users`, CONSTRAINT `users_ibfk_1` FOREIGN KEY (`emp_id`) REFERENCES `employee_t` (`emp_id`) ON DELETE CASCADE ON UPDATE CASCADE)
ERROR - 2022-07-02 21:41:52 --> Cannot add or update a child row: a foreign key constraint fails (`inhs_integrated_v3`.`users`, CONSTRAINT `users_ibfk_1` FOREIGN KEY (`emp_id`) REFERENCES `employee_t` (`emp_id`) ON DELETE CASCADE ON UPDATE CASCADE)
ERROR - 2022-07-02 21:41:52 --> Cannot add or update a child row: a foreign key constraint fails (`inhs_integrated_v3`.`users`, CONSTRAINT `users_ibfk_1` FOREIGN KEY (`emp_id`) REFERENCES `employee_t` (`emp_id`) ON DELETE CASCADE ON UPDATE CASCADE)
ERROR - 2022-07-02 21:41:53 --> Cannot add or update a child row: a foreign key constraint fails (`inhs_integrated_v3`.`users`, CONSTRAINT `users_ibfk_1` FOREIGN KEY (`emp_id`) REFERENCES `employee_t` (`emp_id`) ON DELETE CASCADE ON UPDATE CASCADE)
ERROR - 2022-07-02 21:41:54 --> Cannot add or update a child row: a foreign key constraint fails (`inhs_integrated_v3`.`users`, CONSTRAINT `users_ibfk_1` FOREIGN KEY (`emp_id`) REFERENCES `employee_t` (`emp_id`) ON DELETE CASCADE ON UPDATE CASCADE)
ERROR - 2022-07-02 21:41:54 --> Cannot add or update a child row: a foreign key constraint fails (`inhs_integrated_v3`.`users`, CONSTRAINT `users_ibfk_1` FOREIGN KEY (`emp_id`) REFERENCES `employee_t` (`emp_id`) ON DELETE CASCADE ON UPDATE CASCADE)
ERROR - 2022-07-02 21:41:55 --> Cannot add or update a child row: a foreign key constraint fails (`inhs_integrated_v3`.`users`, CONSTRAINT `users_ibfk_1` FOREIGN KEY (`emp_id`) REFERENCES `employee_t` (`emp_id`) ON DELETE CASCADE ON UPDATE CASCADE)
ERROR - 2022-07-02 21:41:55 --> Cannot add or update a child row: a foreign key constraint fails (`inhs_integrated_v3`.`users`, CONSTRAINT `users_ibfk_1` FOREIGN KEY (`emp_id`) REFERENCES `employee_t` (`emp_id`) ON DELETE CASCADE ON UPDATE CASCADE)
ERROR - 2022-07-02 21:42:42 --> Cannot add or update a child row: a foreign key constraint fails (`inhs_integrated_v3`.`users`, CONSTRAINT `users_ibfk_1` FOREIGN KEY (`emp_id`) REFERENCES `employee_t` (`emp_id`) ON DELETE CASCADE ON UPDATE CASCADE)
ERROR - 2022-07-02 21:42:42 --> Cannot add or update a child row: a foreign key constraint fails (`inhs_integrated_v3`.`users`, CONSTRAINT `users_ibfk_1` FOREIGN KEY (`emp_id`) REFERENCES `employee_t` (`emp_id`) ON DELETE CASCADE ON UPDATE CASCADE)
ERROR - 2022-07-02 21:42:42 --> Cannot add or update a child row: a foreign key constraint fails (`inhs_integrated_v3`.`users`, CONSTRAINT `users_ibfk_1` FOREIGN KEY (`emp_id`) REFERENCES `employee_t` (`emp_id`) ON DELETE CASCADE ON UPDATE CASCADE)
ERROR - 2022-07-02 21:42:43 --> Cannot add or update a child row: a foreign key constraint fails (`inhs_integrated_v3`.`users`, CONSTRAINT `users_ibfk_1` FOREIGN KEY (`emp_id`) REFERENCES `employee_t` (`emp_id`) ON DELETE CASCADE ON UPDATE CASCADE)
ERROR - 2022-07-02 21:42:43 --> Cannot add or update a child row: a foreign key constraint fails (`inhs_integrated_v3`.`users`, CONSTRAINT `users_ibfk_1` FOREIGN KEY (`emp_id`) REFERENCES `employee_t` (`emp_id`) ON DELETE CASCADE ON UPDATE CASCADE)
ERROR - 2022-07-02 21:42:43 --> Cannot add or update a child row: a foreign key constraint fails (`inhs_integrated_v3`.`users`, CONSTRAINT `users_ibfk_1` FOREIGN KEY (`emp_id`) REFERENCES `employee_t` (`emp_id`) ON DELETE CASCADE ON UPDATE CASCADE)
ERROR - 2022-07-02 21:42:46 --> Cannot add or update a child row: a foreign key constraint fails (`inhs_integrated_v3`.`users`, CONSTRAINT `users_ibfk_1` FOREIGN KEY (`emp_id`) REFERENCES `employee_t` (`emp_id`) ON DELETE CASCADE ON UPDATE CASCADE)
ERROR - 2022-07-02 21:42:46 --> Cannot add or update a child row: a foreign key constraint fails (`inhs_integrated_v3`.`users`, CONSTRAINT `users_ibfk_1` FOREIGN KEY (`emp_id`) REFERENCES `employee_t` (`emp_id`) ON DELETE CASCADE ON UPDATE CASCADE)
ERROR - 2022-07-02 21:42:47 --> Cannot add or update a child row: a foreign key constraint fails (`inhs_integrated_v3`.`users`, CONSTRAINT `users_ibfk_1` FOREIGN KEY (`emp_id`) REFERENCES `employee_t` (`emp_id`) ON DELETE CASCADE ON UPDATE CASCADE)
ERROR - 2022-07-02 21:42:47 --> Cannot add or update a child row: a foreign key constraint fails (`inhs_integrated_v3`.`users`, CONSTRAINT `users_ibfk_1` FOREIGN KEY (`emp_id`) REFERENCES `employee_t` (`emp_id`) ON DELETE CASCADE ON UPDATE CASCADE)
ERROR - 2022-07-02 21:42:47 --> Cannot add or update a child row: a foreign key constraint fails (`inhs_integrated_v3`.`users`, CONSTRAINT `users_ibfk_1` FOREIGN KEY (`emp_id`) REFERENCES `employee_t` (`emp_id`) ON DELETE CASCADE ON UPDATE CASCADE)
ERROR - 2022-07-02 21:42:47 --> Cannot add or update a child row: a foreign key constraint fails (`inhs_integrated_v3`.`users`, CONSTRAINT `users_ibfk_1` FOREIGN KEY (`emp_id`) REFERENCES `employee_t` (`emp_id`) ON DELETE CASCADE ON UPDATE CASCADE)
ERROR - 2022-07-02 21:42:48 --> Cannot add or update a child row: a foreign key constraint fails (`inhs_integrated_v3`.`users`, CONSTRAINT `users_ibfk_1` FOREIGN KEY (`emp_id`) REFERENCES `employee_t` (`emp_id`) ON DELETE CASCADE ON UPDATE CASCADE)
ERROR - 2022-07-02 21:42:48 --> Cannot add or update a child row: a foreign key constraint fails (`inhs_integrated_v3`.`users`, CONSTRAINT `users_ibfk_1` FOREIGN KEY (`emp_id`) REFERENCES `employee_t` (`emp_id`) ON DELETE CASCADE ON UPDATE CASCADE)
ERROR - 2022-07-02 21:42:50 --> Cannot add or update a child row: a foreign key constraint fails (`inhs_integrated_v3`.`users`, CONSTRAINT `users_ibfk_1` FOREIGN KEY (`emp_id`) REFERENCES `employee_t` (`emp_id`) ON DELETE CASCADE ON UPDATE CASCADE)
ERROR - 2022-07-02 21:42:50 --> Cannot add or update a child row: a foreign key constraint fails (`inhs_integrated_v3`.`users`, CONSTRAINT `users_ibfk_1` FOREIGN KEY (`emp_id`) REFERENCES `employee_t` (`emp_id`) ON DELETE CASCADE ON UPDATE CASCADE)
ERROR - 2022-07-02 21:42:51 --> Cannot add or update a child row: a foreign key constraint fails (`inhs_integrated_v3`.`users`, CONSTRAINT `users_ibfk_1` FOREIGN KEY (`emp_id`) REFERENCES `employee_t` (`emp_id`) ON DELETE CASCADE ON UPDATE CASCADE)
ERROR - 2022-07-02 21:42:51 --> Cannot add or update a child row: a foreign key constraint fails (`inhs_integrated_v3`.`users`, CONSTRAINT `users_ibfk_1` FOREIGN KEY (`emp_id`) REFERENCES `employee_t` (`emp_id`) ON DELETE CASCADE ON UPDATE CASCADE)
ERROR - 2022-07-02 21:42:51 --> Cannot add or update a child row: a foreign key constraint fails (`inhs_integrated_v3`.`users`, CONSTRAINT `users_ibfk_1` FOREIGN KEY (`emp_id`) REFERENCES `employee_t` (`emp_id`) ON DELETE CASCADE ON UPDATE CASCADE)
ERROR - 2022-07-02 21:42:52 --> Cannot add or update a child row: a foreign key constraint fails (`inhs_integrated_v3`.`users`, CONSTRAINT `users_ibfk_1` FOREIGN KEY (`emp_id`) REFERENCES `employee_t` (`emp_id`) ON DELETE CASCADE ON UPDATE CASCADE)
ERROR - 2022-07-02 21:42:52 --> Cannot add or update a child row: a foreign key constraint fails (`inhs_integrated_v3`.`users`, CONSTRAINT `users_ibfk_1` FOREIGN KEY (`emp_id`) REFERENCES `employee_t` (`emp_id`) ON DELETE CASCADE ON UPDATE CASCADE)
ERROR - 2022-07-02 21:42:52 --> Cannot add or update a child row: a foreign key constraint fails (`inhs_integrated_v3`.`users`, CONSTRAINT `users_ibfk_1` FOREIGN KEY (`emp_id`) REFERENCES `employee_t` (`emp_id`) ON DELETE CASCADE ON UPDATE CASCADE)
ERROR - 2022-07-02 21:42:52 --> Cannot add or update a child row: a foreign key constraint fails (`inhs_integrated_v3`.`users`, CONSTRAINT `users_ibfk_1` FOREIGN KEY (`emp_id`) REFERENCES `employee_t` (`emp_id`) ON DELETE CASCADE ON UPDATE CASCADE)
ERROR - 2022-07-02 21:42:52 --> Cannot add or update a child row: a foreign key constraint fails (`inhs_integrated_v3`.`users`, CONSTRAINT `users_ibfk_1` FOREIGN KEY (`emp_id`) REFERENCES `employee_t` (`emp_id`) ON DELETE CASCADE ON UPDATE CASCADE)
ERROR - 2022-07-02 21:42:54 --> Cannot add or update a child row: a foreign key constraint fails (`inhs_integrated_v3`.`users`, CONSTRAINT `users_ibfk_1` FOREIGN KEY (`emp_id`) REFERENCES `employee_t` (`emp_id`) ON DELETE CASCADE ON UPDATE CASCADE)
ERROR - 2022-07-02 21:42:54 --> Cannot add or update a child row: a foreign key constraint fails (`inhs_integrated_v3`.`users`, CONSTRAINT `users_ibfk_1` FOREIGN KEY (`emp_id`) REFERENCES `employee_t` (`emp_id`) ON DELETE CASCADE ON UPDATE CASCADE)
ERROR - 2022-07-02 21:42:55 --> Cannot add or update a child row: a foreign key constraint fails (`inhs_integrated_v3`.`users`, CONSTRAINT `users_ibfk_1` FOREIGN KEY (`emp_id`) REFERENCES `employee_t` (`emp_id`) ON DELETE CASCADE ON UPDATE CASCADE)
ERROR - 2022-07-02 21:42:56 --> Cannot add or update a child row: a foreign key constraint fails (`inhs_integrated_v3`.`users`, CONSTRAINT `users_ibfk_1` FOREIGN KEY (`emp_id`) REFERENCES `employee_t` (`emp_id`) ON DELETE CASCADE ON UPDATE CASCADE)
ERROR - 2022-07-02 21:42:57 --> Cannot add or update a child row: a foreign key constraint fails (`inhs_integrated_v3`.`users`, CONSTRAINT `users_ibfk_1` FOREIGN KEY (`emp_id`) REFERENCES `employee_t` (`emp_id`) ON DELETE CASCADE ON UPDATE CASCADE)
ERROR - 2022-07-02 21:42:57 --> Cannot add or update a child row: a foreign key constraint fails (`inhs_integrated_v3`.`users`, CONSTRAINT `users_ibfk_1` FOREIGN KEY (`emp_id`) REFERENCES `employee_t` (`emp_id`) ON DELETE CASCADE ON UPDATE CASCADE)
ERROR - 2022-07-02 21:42:57 --> Cannot add or update a child row: a foreign key constraint fails (`inhs_integrated_v3`.`users`, CONSTRAINT `users_ibfk_1` FOREIGN KEY (`emp_id`) REFERENCES `employee_t` (`emp_id`) ON DELETE CASCADE ON UPDATE CASCADE)
ERROR - 2022-07-02 21:42:58 --> Cannot add or update a child row: a foreign key constraint fails (`inhs_integrated_v3`.`users`, CONSTRAINT `users_ibfk_1` FOREIGN KEY (`emp_id`) REFERENCES `employee_t` (`emp_id`) ON DELETE CASCADE ON UPDATE CASCADE)
ERROR - 2022-07-02 21:42:58 --> Cannot add or update a child row: a foreign key constraint fails (`inhs_integrated_v3`.`users`, CONSTRAINT `users_ibfk_1` FOREIGN KEY (`emp_id`) REFERENCES `employee_t` (`emp_id`) ON DELETE CASCADE ON UPDATE CASCADE)
ERROR - 2022-07-02 21:42:58 --> Cannot add or update a child row: a foreign key constraint fails (`inhs_integrated_v3`.`users`, CONSTRAINT `users_ibfk_1` FOREIGN KEY (`emp_id`) REFERENCES `employee_t` (`emp_id`) ON DELETE CASCADE ON UPDATE CASCADE)
ERROR - 2022-07-02 21:42:58 --> Cannot add or update a child row: a foreign key constraint fails (`inhs_integrated_v3`.`users`, CONSTRAINT `users_ibfk_1` FOREIGN KEY (`emp_id`) REFERENCES `employee_t` (`emp_id`) ON DELETE CASCADE ON UPDATE CASCADE)
ERROR - 2022-07-02 21:42:59 --> Cannot add or update a child row: a foreign key constraint fails (`inhs_integrated_v3`.`users`, CONSTRAINT `users_ibfk_1` FOREIGN KEY (`emp_id`) REFERENCES `employee_t` (`emp_id`) ON DELETE CASCADE ON UPDATE CASCADE)
ERROR - 2022-07-02 21:42:59 --> Cannot add or update a child row: a foreign key constraint fails (`inhs_integrated_v3`.`users`, CONSTRAINT `users_ibfk_1` FOREIGN KEY (`emp_id`) REFERENCES `employee_t` (`emp_id`) ON DELETE CASCADE ON UPDATE CASCADE)
ERROR - 2022-07-02 21:42:59 --> Cannot add or update a child row: a foreign key constraint fails (`inhs_integrated_v3`.`users`, CONSTRAINT `users_ibfk_1` FOREIGN KEY (`emp_id`) REFERENCES `employee_t` (`emp_id`) ON DELETE CASCADE ON UPDATE CASCADE)
ERROR - 2022-07-02 21:43:00 --> Cannot add or update a child row: a foreign key constraint fails (`inhs_integrated_v3`.`users`, CONSTRAINT `users_ibfk_1` FOREIGN KEY (`emp_id`) REFERENCES `employee_t` (`emp_id`) ON DELETE CASCADE ON UPDATE CASCADE)
ERROR - 2022-07-02 21:43:01 --> Cannot add or update a child row: a foreign key constraint fails (`inhs_integrated_v3`.`users`, CONSTRAINT `users_ibfk_1` FOREIGN KEY (`emp_id`) REFERENCES `employee_t` (`emp_id`) ON DELETE CASCADE ON UPDATE CASCADE)
ERROR - 2022-07-02 21:43:03 --> Cannot add or update a child row: a foreign key constraint fails (`inhs_integrated_v3`.`users`, CONSTRAINT `users_ibfk_1` FOREIGN KEY (`emp_id`) REFERENCES `employee_t` (`emp_id`) ON DELETE CASCADE ON UPDATE CASCADE)
ERROR - 2022-07-02 21:43:03 --> Cannot add or update a child row: a foreign key constraint fails (`inhs_integrated_v3`.`users`, CONSTRAINT `users_ibfk_1` FOREIGN KEY (`emp_id`) REFERENCES `employee_t` (`emp_id`) ON DELETE CASCADE ON UPDATE CASCADE)
ERROR - 2022-07-02 21:43:04 --> Cannot add or update a child row: a foreign key constraint fails (`inhs_integrated_v3`.`users`, CONSTRAINT `users_ibfk_1` FOREIGN KEY (`emp_id`) REFERENCES `employee_t` (`emp_id`) ON DELETE CASCADE ON UPDATE CASCADE)
ERROR - 2022-07-02 21:43:04 --> Cannot add or update a child row: a foreign key constraint fails (`inhs_integrated_v3`.`users`, CONSTRAINT `users_ibfk_1` FOREIGN KEY (`emp_id`) REFERENCES `employee_t` (`emp_id`) ON DELETE CASCADE ON UPDATE CASCADE)
ERROR - 2022-07-02 21:43:05 --> Cannot add or update a child row: a foreign key constraint fails (`inhs_integrated_v3`.`users`, CONSTRAINT `users_ibfk_1` FOREIGN KEY (`emp_id`) REFERENCES `employee_t` (`emp_id`) ON DELETE CASCADE ON UPDATE CASCADE)
ERROR - 2022-07-02 21:43:05 --> Cannot add or update a child row: a foreign key constraint fails (`inhs_integrated_v3`.`users`, CONSTRAINT `users_ibfk_1` FOREIGN KEY (`emp_id`) REFERENCES `employee_t` (`emp_id`) ON DELETE CASCADE ON UPDATE CASCADE)
ERROR - 2022-07-02 21:43:05 --> Cannot add or update a child row: a foreign key constraint fails (`inhs_integrated_v3`.`users`, CONSTRAINT `users_ibfk_1` FOREIGN KEY (`emp_id`) REFERENCES `employee_t` (`emp_id`) ON DELETE CASCADE ON UPDATE CASCADE)
ERROR - 2022-07-02 21:43:06 --> Cannot add or update a child row: a foreign key constraint fails (`inhs_integrated_v3`.`users`, CONSTRAINT `users_ibfk_1` FOREIGN KEY (`emp_id`) REFERENCES `employee_t` (`emp_id`) ON DELETE CASCADE ON UPDATE CASCADE)
ERROR - 2022-07-02 21:43:15 --> Cannot add or update a child row: a foreign key constraint fails (`inhs_integrated_v3`.`users`, CONSTRAINT `users_ibfk_1` FOREIGN KEY (`emp_id`) REFERENCES `employee_t` (`emp_id`) ON DELETE CASCADE ON UPDATE CASCADE)
ERROR - 2022-07-02 21:43:15 --> Cannot add or update a child row: a foreign key constraint fails (`inhs_integrated_v3`.`users`, CONSTRAINT `users_ibfk_1` FOREIGN KEY (`emp_id`) REFERENCES `employee_t` (`emp_id`) ON DELETE CASCADE ON UPDATE CASCADE)
ERROR - 2022-07-02 21:43:16 --> Cannot add or update a child row: a foreign key constraint fails (`inhs_integrated_v3`.`users`, CONSTRAINT `users_ibfk_1` FOREIGN KEY (`emp_id`) REFERENCES `employee_t` (`emp_id`) ON DELETE CASCADE ON UPDATE CASCADE)
ERROR - 2022-07-02 21:43:16 --> Cannot add or update a child row: a foreign key constraint fails (`inhs_integrated_v3`.`users`, CONSTRAINT `users_ibfk_1` FOREIGN KEY (`emp_id`) REFERENCES `employee_t` (`emp_id`) ON DELETE CASCADE ON UPDATE CASCADE)
ERROR - 2022-07-02 21:43:17 --> Cannot add or update a child row: a foreign key constraint fails (`inhs_integrated_v3`.`users`, CONSTRAINT `users_ibfk_1` FOREIGN KEY (`emp_id`) REFERENCES `employee_t` (`emp_id`) ON DELETE CASCADE ON UPDATE CASCADE)
ERROR - 2022-07-02 21:43:17 --> Cannot add or update a child row: a foreign key constraint fails (`inhs_integrated_v3`.`users`, CONSTRAINT `users_ibfk_1` FOREIGN KEY (`emp_id`) REFERENCES `employee_t` (`emp_id`) ON DELETE CASCADE ON UPDATE CASCADE)
ERROR - 2022-07-02 21:43:17 --> Cannot add or update a child row: a foreign key constraint fails (`inhs_integrated_v3`.`users`, CONSTRAINT `users_ibfk_1` FOREIGN KEY (`emp_id`) REFERENCES `employee_t` (`emp_id`) ON DELETE CASCADE ON UPDATE CASCADE)
ERROR - 2022-07-02 21:43:18 --> Cannot add or update a child row: a foreign key constraint fails (`inhs_integrated_v3`.`users`, CONSTRAINT `users_ibfk_1` FOREIGN KEY (`emp_id`) REFERENCES `employee_t` (`emp_id`) ON DELETE CASCADE ON UPDATE CASCADE)
ERROR - 2022-07-02 21:43:18 --> Cannot add or update a child row: a foreign key constraint fails (`inhs_integrated_v3`.`users`, CONSTRAINT `users_ibfk_1` FOREIGN KEY (`emp_id`) REFERENCES `employee_t` (`emp_id`) ON DELETE CASCADE ON UPDATE CASCADE)
ERROR - 2022-07-02 21:43:19 --> Cannot add or update a child row: a foreign key constraint fails (`inhs_integrated_v3`.`users`, CONSTRAINT `users_ibfk_1` FOREIGN KEY (`emp_id`) REFERENCES `employee_t` (`emp_id`) ON DELETE CASCADE ON UPDATE CASCADE)
ERROR - 2022-07-02 21:43:19 --> Cannot add or update a child row: a foreign key constraint fails (`inhs_integrated_v3`.`users`, CONSTRAINT `users_ibfk_1` FOREIGN KEY (`emp_id`) REFERENCES `employee_t` (`emp_id`) ON DELETE CASCADE ON UPDATE CASCADE)
ERROR - 2022-07-02 21:43:20 --> Cannot add or update a child row: a foreign key constraint fails (`inhs_integrated_v3`.`users`, CONSTRAINT `users_ibfk_1` FOREIGN KEY (`emp_id`) REFERENCES `employee_t` (`emp_id`) ON DELETE CASCADE ON UPDATE CASCADE)
ERROR - 2022-07-02 21:43:20 --> Cannot add or update a child row: a foreign key constraint fails (`inhs_integrated_v3`.`users`, CONSTRAINT `users_ibfk_1` FOREIGN KEY (`emp_id`) REFERENCES `employee_t` (`emp_id`) ON DELETE CASCADE ON UPDATE CASCADE)
ERROR - 2022-07-02 21:43:20 --> Cannot add or update a child row: a foreign key constraint fails (`inhs_integrated_v3`.`users`, CONSTRAINT `users_ibfk_1` FOREIGN KEY (`emp_id`) REFERENCES `employee_t` (`emp_id`) ON DELETE CASCADE ON UPDATE CASCADE)
ERROR - 2022-07-02 21:43:21 --> Cannot add or update a child row: a foreign key constraint fails (`inhs_integrated_v3`.`users`, CONSTRAINT `users_ibfk_1` FOREIGN KEY (`emp_id`) REFERENCES `employee_t` (`emp_id`) ON DELETE CASCADE ON UPDATE CASCADE)
ERROR - 2022-07-02 21:43:21 --> Cannot add or update a child row: a foreign key constraint fails (`inhs_integrated_v3`.`users`, CONSTRAINT `users_ibfk_1` FOREIGN KEY (`emp_id`) REFERENCES `employee_t` (`emp_id`) ON DELETE CASCADE ON UPDATE CASCADE)
ERROR - 2022-07-02 21:43:22 --> Cannot add or update a child row: a foreign key constraint fails (`inhs_integrated_v3`.`users`, CONSTRAINT `users_ibfk_1` FOREIGN KEY (`emp_id`) REFERENCES `employee_t` (`emp_id`) ON DELETE CASCADE ON UPDATE CASCADE)
ERROR - 2022-07-02 21:43:22 --> Cannot add or update a child row: a foreign key constraint fails (`inhs_integrated_v3`.`users`, CONSTRAINT `users_ibfk_1` FOREIGN KEY (`emp_id`) REFERENCES `employee_t` (`emp_id`) ON DELETE CASCADE ON UPDATE CASCADE)
ERROR - 2022-07-02 21:43:23 --> Cannot add or update a child row: a foreign key constraint fails (`inhs_integrated_v3`.`users`, CONSTRAINT `users_ibfk_1` FOREIGN KEY (`emp_id`) REFERENCES `employee_t` (`emp_id`) ON DELETE CASCADE ON UPDATE CASCADE)
ERROR - 2022-07-02 21:43:23 --> Cannot add or update a child row: a foreign key constraint fails (`inhs_integrated_v3`.`users`, CONSTRAINT `users_ibfk_1` FOREIGN KEY (`emp_id`) REFERENCES `employee_t` (`emp_id`) ON DELETE CASCADE ON UPDATE CASCADE)
ERROR - 2022-07-02 21:43:23 --> Cannot add or update a child row: a foreign key constraint fails (`inhs_integrated_v3`.`users`, CONSTRAINT `users_ibfk_1` FOREIGN KEY (`emp_id`) REFERENCES `employee_t` (`emp_id`) ON DELETE CASCADE ON UPDATE CASCADE)
ERROR - 2022-07-02 21:43:24 --> Cannot add or update a child row: a foreign key constraint fails (`inhs_integrated_v3`.`users`, CONSTRAINT `users_ibfk_1` FOREIGN KEY (`emp_id`) REFERENCES `employee_t` (`emp_id`) ON DELETE CASCADE ON UPDATE CASCADE)
ERROR - 2022-07-02 21:43:24 --> Cannot add or update a child row: a foreign key constraint fails (`inhs_integrated_v3`.`users`, CONSTRAINT `users_ibfk_1` FOREIGN KEY (`emp_id`) REFERENCES `employee_t` (`emp_id`) ON DELETE CASCADE ON UPDATE CASCADE)
ERROR - 2022-07-02 21:43:25 --> Cannot add or update a child row: a foreign key constraint fails (`inhs_integrated_v3`.`users`, CONSTRAINT `users_ibfk_1` FOREIGN KEY (`emp_id`) REFERENCES `employee_t` (`emp_id`) ON DELETE CASCADE ON UPDATE CASCADE)
ERROR - 2022-07-02 21:43:25 --> Cannot add or update a child row: a foreign key constraint fails (`inhs_integrated_v3`.`users`, CONSTRAINT `users_ibfk_1` FOREIGN KEY (`emp_id`) REFERENCES `employee_t` (`emp_id`) ON DELETE CASCADE ON UPDATE CASCADE)
ERROR - 2022-07-02 21:43:26 --> Cannot add or update a child row: a foreign key constraint fails (`inhs_integrated_v3`.`users`, CONSTRAINT `users_ibfk_1` FOREIGN KEY (`emp_id`) REFERENCES `employee_t` (`emp_id`) ON DELETE CASCADE ON UPDATE CASCADE)
ERROR - 2022-07-02 21:43:26 --> Cannot add or update a child row: a foreign key constraint fails (`inhs_integrated_v3`.`users`, CONSTRAINT `users_ibfk_1` FOREIGN KEY (`emp_id`) REFERENCES `employee_t` (`emp_id`) ON DELETE CASCADE ON UPDATE CASCADE)
