CRITICAL - 2023-11-23 07:23:50 --> Invalid argument supplied for foreach()
#0 C:\Users\yvesk\OneDrive - iloilonhs.edu.ph\Desktop\HRMS - DEPED\dg_hrms\app\Controllers\Stations.php(145): CodeIgniter\Debug\Exceptions->errorHandler(2, 'Invalid argumen...', 'C:\\Users\\yvesk\\...', 145, Array)
#1 C:\Users\yvesk\OneDrive - iloilonhs.edu.ph\Desktop\HRMS - DEPED\dg_hrms\vendor\codeigniter4\framework\system\CodeIgniter.php(802): App\Controllers\Stations->setEmployeeStation()
#2 C:\Users\yvesk\OneDrive - iloilonhs.edu.ph\Desktop\HRMS - DEPED\dg_hrms\vendor\codeigniter4\framework\system\CodeIgniter.php(399): CodeIgniter\CodeIgniter->runController(Object(App\Controllers\Stations))
#3 C:\Users\yvesk\OneDrive - iloilonhs.edu.ph\Desktop\HRMS - DEPED\dg_hrms\vendor\codeigniter4\framework\system\CodeIgniter.php(317): CodeIgniter\CodeIgniter->handleRequest(NULL, Object(Config\Cache), false)
#4 C:\Users\yvesk\OneDrive - iloilonhs.edu.ph\Desktop\HRMS - DEPED\dg_hrms\public\index.php(36): CodeIgniter\CodeIgniter->run()
#5 C:\Users\yvesk\OneDrive - iloilonhs.edu.ph\Desktop\HRMS - DEPED\dg_hrms\vendor\codeigniter4\framework\system\Commands\Server\rewrite.php(43): require_once('C:\\Users\\yvesk\\...')
#6 {main}
CRITICAL - 2023-11-23 07:23:52 --> Invalid argument supplied for foreach()
#0 C:\Users\yvesk\OneDrive - iloilonhs.edu.ph\Desktop\HRMS - DEPED\dg_hrms\app\Controllers\Stations.php(145): CodeIgniter\Debug\Exceptions->errorHandler(2, 'Invalid argumen...', 'C:\\Users\\yvesk\\...', 145, Array)
#1 C:\Users\yvesk\OneDrive - iloilonhs.edu.ph\Desktop\HRMS - DEPED\dg_hrms\vendor\codeigniter4\framework\system\CodeIgniter.php(802): App\Controllers\Stations->setEmployeeStation()
#2 C:\Users\yvesk\OneDrive - iloilonhs.edu.ph\Desktop\HRMS - DEPED\dg_hrms\vendor\codeigniter4\framework\system\CodeIgniter.php(399): CodeIgniter\CodeIgniter->runController(Object(App\Controllers\Stations))
#3 C:\Users\yvesk\OneDrive - iloilonhs.edu.ph\Desktop\HRMS - DEPED\dg_hrms\vendor\codeigniter4\framework\system\CodeIgniter.php(317): CodeIgniter\CodeIgniter->handleRequest(NULL, Object(Config\Cache), false)
#4 C:\Users\yvesk\OneDrive - iloilonhs.edu.ph\Desktop\HRMS - DEPED\dg_hrms\public\index.php(36): CodeIgniter\CodeIgniter->run()
#5 C:\Users\yvesk\OneDrive - iloilonhs.edu.ph\Desktop\HRMS - DEPED\dg_hrms\vendor\codeigniter4\framework\system\Commands\Server\rewrite.php(43): require_once('C:\\Users\\yvesk\\...')
#6 {main}
CRITICAL - 2023-11-23 07:23:53 --> Invalid argument supplied for foreach()
#0 C:\Users\yvesk\OneDrive - iloilonhs.edu.ph\Desktop\HRMS - DEPED\dg_hrms\app\Controllers\Stations.php(145): CodeIgniter\Debug\Exceptions->errorHandler(2, 'Invalid argumen...', 'C:\\Users\\yvesk\\...', 145, Array)
#1 C:\Users\yvesk\OneDrive - iloilonhs.edu.ph\Desktop\HRMS - DEPED\dg_hrms\vendor\codeigniter4\framework\system\CodeIgniter.php(802): App\Controllers\Stations->setEmployeeStation()
#2 C:\Users\yvesk\OneDrive - iloilonhs.edu.ph\Desktop\HRMS - DEPED\dg_hrms\vendor\codeigniter4\framework\system\CodeIgniter.php(399): CodeIgniter\CodeIgniter->runController(Object(App\Controllers\Stations))
#3 C:\Users\yvesk\OneDrive - iloilonhs.edu.ph\Desktop\HRMS - DEPED\dg_hrms\vendor\codeigniter4\framework\system\CodeIgniter.php(317): CodeIgniter\CodeIgniter->handleRequest(NULL, Object(Config\Cache), false)
#4 C:\Users\yvesk\OneDrive - iloilonhs.edu.ph\Desktop\HRMS - DEPED\dg_hrms\public\index.php(36): CodeIgniter\CodeIgniter->run()
#5 C:\Users\yvesk\OneDrive - iloilonhs.edu.ph\Desktop\HRMS - DEPED\dg_hrms\vendor\codeigniter4\framework\system\Commands\Server\rewrite.php(43): require_once('C:\\Users\\yvesk\\...')
#6 {main}
CRITICAL - 2023-11-23 07:23:53 --> Invalid argument supplied for foreach()
#0 C:\Users\yvesk\OneDrive - iloilonhs.edu.ph\Desktop\HRMS - DEPED\dg_hrms\app\Controllers\Stations.php(145): CodeIgniter\Debug\Exceptions->errorHandler(2, 'Invalid argumen...', 'C:\\Users\\yvesk\\...', 145, Array)
#1 C:\Users\yvesk\OneDrive - iloilonhs.edu.ph\Desktop\HRMS - DEPED\dg_hrms\vendor\codeigniter4\framework\system\CodeIgniter.php(802): App\Controllers\Stations->setEmployeeStation()
#2 C:\Users\yvesk\OneDrive - iloilonhs.edu.ph\Desktop\HRMS - DEPED\dg_hrms\vendor\codeigniter4\framework\system\CodeIgniter.php(399): CodeIgniter\CodeIgniter->runController(Object(App\Controllers\Stations))
#3 C:\Users\yvesk\OneDrive - iloilonhs.edu.ph\Desktop\HRMS - DEPED\dg_hrms\vendor\codeigniter4\framework\system\CodeIgniter.php(317): CodeIgniter\CodeIgniter->handleRequest(NULL, Object(Config\Cache), false)
#4 C:\Users\yvesk\OneDrive - iloilonhs.edu.ph\Desktop\HRMS - DEPED\dg_hrms\public\index.php(36): CodeIgniter\CodeIgniter->run()
#5 C:\Users\yvesk\OneDrive - iloilonhs.edu.ph\Desktop\HRMS - DEPED\dg_hrms\vendor\codeigniter4\framework\system\Commands\Server\rewrite.php(43): require_once('C:\\Users\\yvesk\\...')
#6 {main}
CRITICAL - 2023-11-23 07:23:53 --> Invalid argument supplied for foreach()
#0 C:\Users\yvesk\OneDrive - iloilonhs.edu.ph\Desktop\HRMS - DEPED\dg_hrms\app\Controllers\Stations.php(145): CodeIgniter\Debug\Exceptions->errorHandler(2, 'Invalid argumen...', 'C:\\Users\\yvesk\\...', 145, Array)
#1 C:\Users\yvesk\OneDrive - iloilonhs.edu.ph\Desktop\HRMS - DEPED\dg_hrms\vendor\codeigniter4\framework\system\CodeIgniter.php(802): App\Controllers\Stations->setEmployeeStation()
#2 C:\Users\yvesk\OneDrive - iloilonhs.edu.ph\Desktop\HRMS - DEPED\dg_hrms\vendor\codeigniter4\framework\system\CodeIgniter.php(399): CodeIgniter\CodeIgniter->runController(Object(App\Controllers\Stations))
#3 C:\Users\yvesk\OneDrive - iloilonhs.edu.ph\Desktop\HRMS - DEPED\dg_hrms\vendor\codeigniter4\framework\system\CodeIgniter.php(317): CodeIgniter\CodeIgniter->handleRequest(NULL, Object(Config\Cache), false)
#4 C:\Users\yvesk\OneDrive - iloilonhs.edu.ph\Desktop\HRMS - DEPED\dg_hrms\public\index.php(36): CodeIgniter\CodeIgniter->run()
#5 C:\Users\yvesk\OneDrive - iloilonhs.edu.ph\Desktop\HRMS - DEPED\dg_hrms\vendor\codeigniter4\framework\system\Commands\Server\rewrite.php(43): require_once('C:\\Users\\yvesk\\...')
#6 {main}
CRITICAL - 2023-11-23 07:24:30 --> Invalid argument supplied for foreach()
#0 C:\Users\yvesk\OneDrive - iloilonhs.edu.ph\Desktop\HRMS - DEPED\dg_hrms\app\Controllers\Stations.php(145): CodeIgniter\Debug\Exceptions->errorHandler(2, 'Invalid argumen...', 'C:\\Users\\yvesk\\...', 145, Array)
#1 C:\Users\yvesk\OneDrive - iloilonhs.edu.ph\Desktop\HRMS - DEPED\dg_hrms\vendor\codeigniter4\framework\system\CodeIgniter.php(802): App\Controllers\Stations->setEmployeeStation()
#2 C:\Users\yvesk\OneDrive - iloilonhs.edu.ph\Desktop\HRMS - DEPED\dg_hrms\vendor\codeigniter4\framework\system\CodeIgniter.php(399): CodeIgniter\CodeIgniter->runController(Object(App\Controllers\Stations))
#3 C:\Users\yvesk\OneDrive - iloilonhs.edu.ph\Desktop\HRMS - DEPED\dg_hrms\vendor\codeigniter4\framework\system\CodeIgniter.php(317): CodeIgniter\CodeIgniter->handleRequest(NULL, Object(Config\Cache), false)
#4 C:\Users\yvesk\OneDrive - iloilonhs.edu.ph\Desktop\HRMS - DEPED\dg_hrms\public\index.php(36): CodeIgniter\CodeIgniter->run()
#5 C:\Users\yvesk\OneDrive - iloilonhs.edu.ph\Desktop\HRMS - DEPED\dg_hrms\vendor\codeigniter4\framework\system\Commands\Server\rewrite.php(43): require_once('C:\\Users\\yvesk\\...')
#6 {main}
CRITICAL - 2023-11-23 07:24:31 --> Invalid argument supplied for foreach()
#0 C:\Users\yvesk\OneDrive - iloilonhs.edu.ph\Desktop\HRMS - DEPED\dg_hrms\app\Controllers\Stations.php(145): CodeIgniter\Debug\Exceptions->errorHandler(2, 'Invalid argumen...', 'C:\\Users\\yvesk\\...', 145, Array)
#1 C:\Users\yvesk\OneDrive - iloilonhs.edu.ph\Desktop\HRMS - DEPED\dg_hrms\vendor\codeigniter4\framework\system\CodeIgniter.php(802): App\Controllers\Stations->setEmployeeStation()
#2 C:\Users\yvesk\OneDrive - iloilonhs.edu.ph\Desktop\HRMS - DEPED\dg_hrms\vendor\codeigniter4\framework\system\CodeIgniter.php(399): CodeIgniter\CodeIgniter->runController(Object(App\Controllers\Stations))
#3 C:\Users\yvesk\OneDrive - iloilonhs.edu.ph\Desktop\HRMS - DEPED\dg_hrms\vendor\codeigniter4\framework\system\CodeIgniter.php(317): CodeIgniter\CodeIgniter->handleRequest(NULL, Object(Config\Cache), false)
#4 C:\Users\yvesk\OneDrive - iloilonhs.edu.ph\Desktop\HRMS - DEPED\dg_hrms\public\index.php(36): CodeIgniter\CodeIgniter->run()
#5 C:\Users\yvesk\OneDrive - iloilonhs.edu.ph\Desktop\HRMS - DEPED\dg_hrms\vendor\codeigniter4\framework\system\Commands\Server\rewrite.php(43): require_once('C:\\Users\\yvesk\\...')
#6 {main}
CRITICAL - 2023-11-23 07:24:31 --> Invalid argument supplied for foreach()
#0 C:\Users\yvesk\OneDrive - iloilonhs.edu.ph\Desktop\HRMS - DEPED\dg_hrms\app\Controllers\Stations.php(145): CodeIgniter\Debug\Exceptions->errorHandler(2, 'Invalid argumen...', 'C:\\Users\\yvesk\\...', 145, Array)
#1 C:\Users\yvesk\OneDrive - iloilonhs.edu.ph\Desktop\HRMS - DEPED\dg_hrms\vendor\codeigniter4\framework\system\CodeIgniter.php(802): App\Controllers\Stations->setEmployeeStation()
#2 C:\Users\yvesk\OneDrive - iloilonhs.edu.ph\Desktop\HRMS - DEPED\dg_hrms\vendor\codeigniter4\framework\system\CodeIgniter.php(399): CodeIgniter\CodeIgniter->runController(Object(App\Controllers\Stations))
#3 C:\Users\yvesk\OneDrive - iloilonhs.edu.ph\Desktop\HRMS - DEPED\dg_hrms\vendor\codeigniter4\framework\system\CodeIgniter.php(317): CodeIgniter\CodeIgniter->handleRequest(NULL, Object(Config\Cache), false)
#4 C:\Users\yvesk\OneDrive - iloilonhs.edu.ph\Desktop\HRMS - DEPED\dg_hrms\public\index.php(36): CodeIgniter\CodeIgniter->run()
#5 C:\Users\yvesk\OneDrive - iloilonhs.edu.ph\Desktop\HRMS - DEPED\dg_hrms\vendor\codeigniter4\framework\system\Commands\Server\rewrite.php(43): require_once('C:\\Users\\yvesk\\...')
#6 {main}
CRITICAL - 2023-11-23 07:24:48 --> Invalid argument supplied for foreach()
#0 C:\Users\yvesk\OneDrive - iloilonhs.edu.ph\Desktop\HRMS - DEPED\dg_hrms\app\Controllers\Stations.php(145): CodeIgniter\Debug\Exceptions->errorHandler(2, 'Invalid argumen...', 'C:\\Users\\yvesk\\...', 145, Array)
#1 C:\Users\yvesk\OneDrive - iloilonhs.edu.ph\Desktop\HRMS - DEPED\dg_hrms\vendor\codeigniter4\framework\system\CodeIgniter.php(802): App\Controllers\Stations->setEmployeeStation()
#2 C:\Users\yvesk\OneDrive - iloilonhs.edu.ph\Desktop\HRMS - DEPED\dg_hrms\vendor\codeigniter4\framework\system\CodeIgniter.php(399): CodeIgniter\CodeIgniter->runController(Object(App\Controllers\Stations))
#3 C:\Users\yvesk\OneDrive - iloilonhs.edu.ph\Desktop\HRMS - DEPED\dg_hrms\vendor\codeigniter4\framework\system\CodeIgniter.php(317): CodeIgniter\CodeIgniter->handleRequest(NULL, Object(Config\Cache), false)
#4 C:\Users\yvesk\OneDrive - iloilonhs.edu.ph\Desktop\HRMS - DEPED\dg_hrms\public\index.php(36): CodeIgniter\CodeIgniter->run()
#5 C:\Users\yvesk\OneDrive - iloilonhs.edu.ph\Desktop\HRMS - DEPED\dg_hrms\vendor\codeigniter4\framework\system\Commands\Server\rewrite.php(43): require_once('C:\\Users\\yvesk\\...')
#6 {main}
CRITICAL - 2023-11-23 07:24:49 --> Invalid argument supplied for foreach()
#0 C:\Users\yvesk\OneDrive - iloilonhs.edu.ph\Desktop\HRMS - DEPED\dg_hrms\app\Controllers\Stations.php(145): CodeIgniter\Debug\Exceptions->errorHandler(2, 'Invalid argumen...', 'C:\\Users\\yvesk\\...', 145, Array)
#1 C:\Users\yvesk\OneDrive - iloilonhs.edu.ph\Desktop\HRMS - DEPED\dg_hrms\vendor\codeigniter4\framework\system\CodeIgniter.php(802): App\Controllers\Stations->setEmployeeStation()
#2 C:\Users\yvesk\OneDrive - iloilonhs.edu.ph\Desktop\HRMS - DEPED\dg_hrms\vendor\codeigniter4\framework\system\CodeIgniter.php(399): CodeIgniter\CodeIgniter->runController(Object(App\Controllers\Stations))
#3 C:\Users\yvesk\OneDrive - iloilonhs.edu.ph\Desktop\HRMS - DEPED\dg_hrms\vendor\codeigniter4\framework\system\CodeIgniter.php(317): CodeIgniter\CodeIgniter->handleRequest(NULL, Object(Config\Cache), false)
#4 C:\Users\yvesk\OneDrive - iloilonhs.edu.ph\Desktop\HRMS - DEPED\dg_hrms\public\index.php(36): CodeIgniter\CodeIgniter->run()
#5 C:\Users\yvesk\OneDrive - iloilonhs.edu.ph\Desktop\HRMS - DEPED\dg_hrms\vendor\codeigniter4\framework\system\Commands\Server\rewrite.php(43): require_once('C:\\Users\\yvesk\\...')
#6 {main}
CRITICAL - 2023-11-23 07:24:49 --> Invalid argument supplied for foreach()
#0 C:\Users\yvesk\OneDrive - iloilonhs.edu.ph\Desktop\HRMS - DEPED\dg_hrms\app\Controllers\Stations.php(145): CodeIgniter\Debug\Exceptions->errorHandler(2, 'Invalid argumen...', 'C:\\Users\\yvesk\\...', 145, Array)
#1 C:\Users\yvesk\OneDrive - iloilonhs.edu.ph\Desktop\HRMS - DEPED\dg_hrms\vendor\codeigniter4\framework\system\CodeIgniter.php(802): App\Controllers\Stations->setEmployeeStation()
#2 C:\Users\yvesk\OneDrive - iloilonhs.edu.ph\Desktop\HRMS - DEPED\dg_hrms\vendor\codeigniter4\framework\system\CodeIgniter.php(399): CodeIgniter\CodeIgniter->runController(Object(App\Controllers\Stations))
#3 C:\Users\yvesk\OneDrive - iloilonhs.edu.ph\Desktop\HRMS - DEPED\dg_hrms\vendor\codeigniter4\framework\system\CodeIgniter.php(317): CodeIgniter\CodeIgniter->handleRequest(NULL, Object(Config\Cache), false)
#4 C:\Users\yvesk\OneDrive - iloilonhs.edu.ph\Desktop\HRMS - DEPED\dg_hrms\public\index.php(36): CodeIgniter\CodeIgniter->run()
#5 C:\Users\yvesk\OneDrive - iloilonhs.edu.ph\Desktop\HRMS - DEPED\dg_hrms\vendor\codeigniter4\framework\system\Commands\Server\rewrite.php(43): require_once('C:\\Users\\yvesk\\...')
#6 {main}
CRITICAL - 2023-11-23 07:25:40 --> Invalid argument supplied for foreach()
#0 C:\Users\yvesk\OneDrive - iloilonhs.edu.ph\Desktop\HRMS - DEPED\dg_hrms\app\Controllers\Stations.php(145): CodeIgniter\Debug\Exceptions->errorHandler(2, 'Invalid argumen...', 'C:\\Users\\yvesk\\...', 145, Array)
#1 C:\Users\yvesk\OneDrive - iloilonhs.edu.ph\Desktop\HRMS - DEPED\dg_hrms\vendor\codeigniter4\framework\system\CodeIgniter.php(802): App\Controllers\Stations->setEmployeeStation()
#2 C:\Users\yvesk\OneDrive - iloilonhs.edu.ph\Desktop\HRMS - DEPED\dg_hrms\vendor\codeigniter4\framework\system\CodeIgniter.php(399): CodeIgniter\CodeIgniter->runController(Object(App\Controllers\Stations))
#3 C:\Users\yvesk\OneDrive - iloilonhs.edu.ph\Desktop\HRMS - DEPED\dg_hrms\vendor\codeigniter4\framework\system\CodeIgniter.php(317): CodeIgniter\CodeIgniter->handleRequest(NULL, Object(Config\Cache), false)
#4 C:\Users\yvesk\OneDrive - iloilonhs.edu.ph\Desktop\HRMS - DEPED\dg_hrms\public\index.php(36): CodeIgniter\CodeIgniter->run()
#5 C:\Users\yvesk\OneDrive - iloilonhs.edu.ph\Desktop\HRMS - DEPED\dg_hrms\vendor\codeigniter4\framework\system\Commands\Server\rewrite.php(43): require_once('C:\\Users\\yvesk\\...')
#6 {main}
CRITICAL - 2023-11-23 07:25:41 --> Invalid argument supplied for foreach()
#0 C:\Users\yvesk\OneDrive - iloilonhs.edu.ph\Desktop\HRMS - DEPED\dg_hrms\app\Controllers\Stations.php(145): CodeIgniter\Debug\Exceptions->errorHandler(2, 'Invalid argumen...', 'C:\\Users\\yvesk\\...', 145, Array)
#1 C:\Users\yvesk\OneDrive - iloilonhs.edu.ph\Desktop\HRMS - DEPED\dg_hrms\vendor\codeigniter4\framework\system\CodeIgniter.php(802): App\Controllers\Stations->setEmployeeStation()
#2 C:\Users\yvesk\OneDrive - iloilonhs.edu.ph\Desktop\HRMS - DEPED\dg_hrms\vendor\codeigniter4\framework\system\CodeIgniter.php(399): CodeIgniter\CodeIgniter->runController(Object(App\Controllers\Stations))
#3 C:\Users\yvesk\OneDrive - iloilonhs.edu.ph\Desktop\HRMS - DEPED\dg_hrms\vendor\codeigniter4\framework\system\CodeIgniter.php(317): CodeIgniter\CodeIgniter->handleRequest(NULL, Object(Config\Cache), false)
#4 C:\Users\yvesk\OneDrive - iloilonhs.edu.ph\Desktop\HRMS - DEPED\dg_hrms\public\index.php(36): CodeIgniter\CodeIgniter->run()
#5 C:\Users\yvesk\OneDrive - iloilonhs.edu.ph\Desktop\HRMS - DEPED\dg_hrms\vendor\codeigniter4\framework\system\Commands\Server\rewrite.php(43): require_once('C:\\Users\\yvesk\\...')
#6 {main}
CRITICAL - 2023-11-23 07:25:42 --> Invalid argument supplied for foreach()
#0 C:\Users\yvesk\OneDrive - iloilonhs.edu.ph\Desktop\HRMS - DEPED\dg_hrms\app\Controllers\Stations.php(145): CodeIgniter\Debug\Exceptions->errorHandler(2, 'Invalid argumen...', 'C:\\Users\\yvesk\\...', 145, Array)
#1 C:\Users\yvesk\OneDrive - iloilonhs.edu.ph\Desktop\HRMS - DEPED\dg_hrms\vendor\codeigniter4\framework\system\CodeIgniter.php(802): App\Controllers\Stations->setEmployeeStation()
#2 C:\Users\yvesk\OneDrive - iloilonhs.edu.ph\Desktop\HRMS - DEPED\dg_hrms\vendor\codeigniter4\framework\system\CodeIgniter.php(399): CodeIgniter\CodeIgniter->runController(Object(App\Controllers\Stations))
#3 C:\Users\yvesk\OneDrive - iloilonhs.edu.ph\Desktop\HRMS - DEPED\dg_hrms\vendor\codeigniter4\framework\system\CodeIgniter.php(317): CodeIgniter\CodeIgniter->handleRequest(NULL, Object(Config\Cache), false)
#4 C:\Users\yvesk\OneDrive - iloilonhs.edu.ph\Desktop\HRMS - DEPED\dg_hrms\public\index.php(36): CodeIgniter\CodeIgniter->run()
#5 C:\Users\yvesk\OneDrive - iloilonhs.edu.ph\Desktop\HRMS - DEPED\dg_hrms\vendor\codeigniter4\framework\system\Commands\Server\rewrite.php(43): require_once('C:\\Users\\yvesk\\...')
#6 {main}
CRITICAL - 2023-11-23 07:25:42 --> Invalid argument supplied for foreach()
#0 C:\Users\yvesk\OneDrive - iloilonhs.edu.ph\Desktop\HRMS - DEPED\dg_hrms\app\Controllers\Stations.php(145): CodeIgniter\Debug\Exceptions->errorHandler(2, 'Invalid argumen...', 'C:\\Users\\yvesk\\...', 145, Array)
#1 C:\Users\yvesk\OneDrive - iloilonhs.edu.ph\Desktop\HRMS - DEPED\dg_hrms\vendor\codeigniter4\framework\system\CodeIgniter.php(802): App\Controllers\Stations->setEmployeeStation()
#2 C:\Users\yvesk\OneDrive - iloilonhs.edu.ph\Desktop\HRMS - DEPED\dg_hrms\vendor\codeigniter4\framework\system\CodeIgniter.php(399): CodeIgniter\CodeIgniter->runController(Object(App\Controllers\Stations))
#3 C:\Users\yvesk\OneDrive - iloilonhs.edu.ph\Desktop\HRMS - DEPED\dg_hrms\vendor\codeigniter4\framework\system\CodeIgniter.php(317): CodeIgniter\CodeIgniter->handleRequest(NULL, Object(Config\Cache), false)
#4 C:\Users\yvesk\OneDrive - iloilonhs.edu.ph\Desktop\HRMS - DEPED\dg_hrms\public\index.php(36): CodeIgniter\CodeIgniter->run()
#5 C:\Users\yvesk\OneDrive - iloilonhs.edu.ph\Desktop\HRMS - DEPED\dg_hrms\vendor\codeigniter4\framework\system\Commands\Server\rewrite.php(43): require_once('C:\\Users\\yvesk\\...')
#6 {main}
CRITICAL - 2023-11-23 07:28:59 --> Invalid argument supplied for foreach()
#0 C:\Users\yvesk\OneDrive - iloilonhs.edu.ph\Desktop\HRMS - DEPED\dg_hrms\app\Controllers\Stations.php(149): CodeIgniter\Debug\Exceptions->errorHandler(2, 'Invalid argumen...', 'C:\\Users\\yvesk\\...', 149, Array)
#1 C:\Users\yvesk\OneDrive - iloilonhs.edu.ph\Desktop\HRMS - DEPED\dg_hrms\vendor\codeigniter4\framework\system\CodeIgniter.php(802): App\Controllers\Stations->setEmployeeStation()
#2 C:\Users\yvesk\OneDrive - iloilonhs.edu.ph\Desktop\HRMS - DEPED\dg_hrms\vendor\codeigniter4\framework\system\CodeIgniter.php(399): CodeIgniter\CodeIgniter->runController(Object(App\Controllers\Stations))
#3 C:\Users\yvesk\OneDrive - iloilonhs.edu.ph\Desktop\HRMS - DEPED\dg_hrms\vendor\codeigniter4\framework\system\CodeIgniter.php(317): CodeIgniter\CodeIgniter->handleRequest(NULL, Object(Config\Cache), false)
#4 C:\Users\yvesk\OneDrive - iloilonhs.edu.ph\Desktop\HRMS - DEPED\dg_hrms\public\index.php(36): CodeIgniter\CodeIgniter->run()
#5 C:\Users\yvesk\OneDrive - iloilonhs.edu.ph\Desktop\HRMS - DEPED\dg_hrms\vendor\codeigniter4\framework\system\Commands\Server\rewrite.php(43): require_once('C:\\Users\\yvesk\\...')
#6 {main}
CRITICAL - 2023-11-23 07:40:31 --> Invalid argument supplied for foreach()
#0 C:\Users\yvesk\OneDrive - iloilonhs.edu.ph\Desktop\HRMS - DEPED\dg_hrms\app\Controllers\Stations.php(148): CodeIgniter\Debug\Exceptions->errorHandler(2, 'Invalid argumen...', 'C:\\Users\\yvesk\\...', 148, Array)
#1 C:\Users\yvesk\OneDrive - iloilonhs.edu.ph\Desktop\HRMS - DEPED\dg_hrms\vendor\codeigniter4\framework\system\CodeIgniter.php(802): App\Controllers\Stations->setEmployeeStation()
#2 C:\Users\yvesk\OneDrive - iloilonhs.edu.ph\Desktop\HRMS - DEPED\dg_hrms\vendor\codeigniter4\framework\system\CodeIgniter.php(399): CodeIgniter\CodeIgniter->runController(Object(App\Controllers\Stations))
#3 C:\Users\yvesk\OneDrive - iloilonhs.edu.ph\Desktop\HRMS - DEPED\dg_hrms\vendor\codeigniter4\framework\system\CodeIgniter.php(317): CodeIgniter\CodeIgniter->handleRequest(NULL, Object(Config\Cache), false)
#4 C:\Users\yvesk\OneDrive - iloilonhs.edu.ph\Desktop\HRMS - DEPED\dg_hrms\public\index.php(36): CodeIgniter\CodeIgniter->run()
#5 C:\Users\yvesk\OneDrive - iloilonhs.edu.ph\Desktop\HRMS - DEPED\dg_hrms\vendor\codeigniter4\framework\system\Commands\Server\rewrite.php(43): require_once('C:\\Users\\yvesk\\...')
#6 {main}
CRITICAL - 2023-11-23 07:40:45 --> Invalid argument supplied for foreach()
#0 C:\Users\yvesk\OneDrive - iloilonhs.edu.ph\Desktop\HRMS - DEPED\dg_hrms\app\Controllers\Stations.php(148): CodeIgniter\Debug\Exceptions->errorHandler(2, 'Invalid argumen...', 'C:\\Users\\yvesk\\...', 148, Array)
#1 C:\Users\yvesk\OneDrive - iloilonhs.edu.ph\Desktop\HRMS - DEPED\dg_hrms\vendor\codeigniter4\framework\system\CodeIgniter.php(802): App\Controllers\Stations->setEmployeeStation()
#2 C:\Users\yvesk\OneDrive - iloilonhs.edu.ph\Desktop\HRMS - DEPED\dg_hrms\vendor\codeigniter4\framework\system\CodeIgniter.php(399): CodeIgniter\CodeIgniter->runController(Object(App\Controllers\Stations))
#3 C:\Users\yvesk\OneDrive - iloilonhs.edu.ph\Desktop\HRMS - DEPED\dg_hrms\vendor\codeigniter4\framework\system\CodeIgniter.php(317): CodeIgniter\CodeIgniter->handleRequest(NULL, Object(Config\Cache), false)
#4 C:\Users\yvesk\OneDrive - iloilonhs.edu.ph\Desktop\HRMS - DEPED\dg_hrms\public\index.php(36): CodeIgniter\CodeIgniter->run()
#5 C:\Users\yvesk\OneDrive - iloilonhs.edu.ph\Desktop\HRMS - DEPED\dg_hrms\vendor\codeigniter4\framework\system\Commands\Server\rewrite.php(43): require_once('C:\\Users\\yvesk\\...')
#6 {main}
CRITICAL - 2023-11-23 07:45:26 --> Trying to access array offset on value of type int
#0 C:\Users\yvesk\OneDrive - iloilonhs.edu.ph\Desktop\HRMS - DEPED\dg_hrms\app\Controllers\Stations.php(147): CodeIgniter\Debug\Exceptions->errorHandler(8, 'Trying to acces...', 'C:\\Users\\yvesk\\...', 147, Array)
#1 C:\Users\yvesk\OneDrive - iloilonhs.edu.ph\Desktop\HRMS - DEPED\dg_hrms\vendor\codeigniter4\framework\system\CodeIgniter.php(802): App\Controllers\Stations->setEmployeeStation()
#2 C:\Users\yvesk\OneDrive - iloilonhs.edu.ph\Desktop\HRMS - DEPED\dg_hrms\vendor\codeigniter4\framework\system\CodeIgniter.php(399): CodeIgniter\CodeIgniter->runController(Object(App\Controllers\Stations))
#3 C:\Users\yvesk\OneDrive - iloilonhs.edu.ph\Desktop\HRMS - DEPED\dg_hrms\vendor\codeigniter4\framework\system\CodeIgniter.php(317): CodeIgniter\CodeIgniter->handleRequest(NULL, Object(Config\Cache), false)
#4 C:\Users\yvesk\OneDrive - iloilonhs.edu.ph\Desktop\HRMS - DEPED\dg_hrms\public\index.php(36): CodeIgniter\CodeIgniter->run()
#5 C:\Users\yvesk\OneDrive - iloilonhs.edu.ph\Desktop\HRMS - DEPED\dg_hrms\vendor\codeigniter4\framework\system\Commands\Server\rewrite.php(43): require_once('C:\\Users\\yvesk\\...')
#6 {main}
CRITICAL - 2023-11-23 07:45:27 --> Trying to access array offset on value of type int
#0 C:\Users\yvesk\OneDrive - iloilonhs.edu.ph\Desktop\HRMS - DEPED\dg_hrms\app\Controllers\Stations.php(147): CodeIgniter\Debug\Exceptions->errorHandler(8, 'Trying to acces...', 'C:\\Users\\yvesk\\...', 147, Array)
#1 C:\Users\yvesk\OneDrive - iloilonhs.edu.ph\Desktop\HRMS - DEPED\dg_hrms\vendor\codeigniter4\framework\system\CodeIgniter.php(802): App\Controllers\Stations->setEmployeeStation()
#2 C:\Users\yvesk\OneDrive - iloilonhs.edu.ph\Desktop\HRMS - DEPED\dg_hrms\vendor\codeigniter4\framework\system\CodeIgniter.php(399): CodeIgniter\CodeIgniter->runController(Object(App\Controllers\Stations))
#3 C:\Users\yvesk\OneDrive - iloilonhs.edu.ph\Desktop\HRMS - DEPED\dg_hrms\vendor\codeigniter4\framework\system\CodeIgniter.php(317): CodeIgniter\CodeIgniter->handleRequest(NULL, Object(Config\Cache), false)
#4 C:\Users\yvesk\OneDrive - iloilonhs.edu.ph\Desktop\HRMS - DEPED\dg_hrms\public\index.php(36): CodeIgniter\CodeIgniter->run()
#5 C:\Users\yvesk\OneDrive - iloilonhs.edu.ph\Desktop\HRMS - DEPED\dg_hrms\vendor\codeigniter4\framework\system\Commands\Server\rewrite.php(43): require_once('C:\\Users\\yvesk\\...')
#6 {main}
CRITICAL - 2023-11-23 08:03:58 --> Undefined index: 3318,3319,3320
#0 C:\Users\yvesk\OneDrive - iloilonhs.edu.ph\Desktop\HRMS - DEPED\dg_hrms\app\Controllers\Stations.php(148): CodeIgniter\Debug\Exceptions->errorHandler(8, 'Undefined index...', 'C:\\Users\\yvesk\\...', 148, Array)
#1 C:\Users\yvesk\OneDrive - iloilonhs.edu.ph\Desktop\HRMS - DEPED\dg_hrms\vendor\codeigniter4\framework\system\CodeIgniter.php(802): App\Controllers\Stations->setEmployeeStation()
#2 C:\Users\yvesk\OneDrive - iloilonhs.edu.ph\Desktop\HRMS - DEPED\dg_hrms\vendor\codeigniter4\framework\system\CodeIgniter.php(399): CodeIgniter\CodeIgniter->runController(Object(App\Controllers\Stations))
#3 C:\Users\yvesk\OneDrive - iloilonhs.edu.ph\Desktop\HRMS - DEPED\dg_hrms\vendor\codeigniter4\framework\system\CodeIgniter.php(317): CodeIgniter\CodeIgniter->handleRequest(NULL, Object(Config\Cache), false)
#4 C:\Users\yvesk\OneDrive - iloilonhs.edu.ph\Desktop\HRMS - DEPED\dg_hrms\public\index.php(36): CodeIgniter\CodeIgniter->run()
#5 C:\Users\yvesk\OneDrive - iloilonhs.edu.ph\Desktop\HRMS - DEPED\dg_hrms\vendor\codeigniter4\framework\system\Commands\Server\rewrite.php(43): require_once('C:\\Users\\yvesk\\...')
#6 {main}
CRITICAL - 2023-11-23 08:12:14 --> Unsupported operand types
#0 C:\Users\yvesk\OneDrive - iloilonhs.edu.ph\Desktop\HRMS - DEPED\dg_hrms\vendor\codeigniter4\framework\system\CodeIgniter.php(802): App\Controllers\Stations->setEmployeeStation()
#1 C:\Users\yvesk\OneDrive - iloilonhs.edu.ph\Desktop\HRMS - DEPED\dg_hrms\vendor\codeigniter4\framework\system\CodeIgniter.php(399): CodeIgniter\CodeIgniter->runController(Object(App\Controllers\Stations))
#2 C:\Users\yvesk\OneDrive - iloilonhs.edu.ph\Desktop\HRMS - DEPED\dg_hrms\vendor\codeigniter4\framework\system\CodeIgniter.php(317): CodeIgniter\CodeIgniter->handleRequest(NULL, Object(Config\Cache), false)
#3 C:\Users\yvesk\OneDrive - iloilonhs.edu.ph\Desktop\HRMS - DEPED\dg_hrms\public\index.php(36): CodeIgniter\CodeIgniter->run()
#4 C:\Users\yvesk\OneDrive - iloilonhs.edu.ph\Desktop\HRMS - DEPED\dg_hrms\vendor\codeigniter4\framework\system\Commands\Server\rewrite.php(43): require_once('C:\\Users\\yvesk\\...')
#5 {main}
CRITICAL - 2023-11-23 08:13:05 --> Cannot use a scalar value as an array
#0 C:\Users\yvesk\OneDrive - iloilonhs.edu.ph\Desktop\HRMS - DEPED\dg_hrms\app\Controllers\Stations.php(147): CodeIgniter\Debug\Exceptions->errorHandler(2, 'Cannot use a sc...', 'C:\\Users\\yvesk\\...', 147, Array)
#1 C:\Users\yvesk\OneDrive - iloilonhs.edu.ph\Desktop\HRMS - DEPED\dg_hrms\vendor\codeigniter4\framework\system\CodeIgniter.php(802): App\Controllers\Stations->setEmployeeStation()
#2 C:\Users\yvesk\OneDrive - iloilonhs.edu.ph\Desktop\HRMS - DEPED\dg_hrms\vendor\codeigniter4\framework\system\CodeIgniter.php(399): CodeIgniter\CodeIgniter->runController(Object(App\Controllers\Stations))
#3 C:\Users\yvesk\OneDrive - iloilonhs.edu.ph\Desktop\HRMS - DEPED\dg_hrms\vendor\codeigniter4\framework\system\CodeIgniter.php(317): CodeIgniter\CodeIgniter->handleRequest(NULL, Object(Config\Cache), false)
#4 C:\Users\yvesk\OneDrive - iloilonhs.edu.ph\Desktop\HRMS - DEPED\dg_hrms\public\index.php(36): CodeIgniter\CodeIgniter->run()
#5 C:\Users\yvesk\OneDrive - iloilonhs.edu.ph\Desktop\HRMS - DEPED\dg_hrms\vendor\codeigniter4\framework\system\Commands\Server\rewrite.php(43): require_once('C:\\Users\\yvesk\\...')
#6 {main}
CRITICAL - 2023-11-23 08:32:31 --> explode() expects parameter 2 to be string, array given
#0 [internal function]: CodeIgniter\Debug\Exceptions->errorHandler(2, 'explode() expec...', 'C:\\Users\\yvesk\\...', 145, Array)
#1 C:\Users\yvesk\OneDrive - iloilonhs.edu.ph\Desktop\HRMS - DEPED\dg_hrms\app\Controllers\Stations.php(145): explode(',', Array, -1)
#2 C:\Users\yvesk\OneDrive - iloilonhs.edu.ph\Desktop\HRMS - DEPED\dg_hrms\vendor\codeigniter4\framework\system\CodeIgniter.php(802): App\Controllers\Stations->setEmployeeStation()
#3 C:\Users\yvesk\OneDrive - iloilonhs.edu.ph\Desktop\HRMS - DEPED\dg_hrms\vendor\codeigniter4\framework\system\CodeIgniter.php(399): CodeIgniter\CodeIgniter->runController(Object(App\Controllers\Stations))
#4 C:\Users\yvesk\OneDrive - iloilonhs.edu.ph\Desktop\HRMS - DEPED\dg_hrms\vendor\codeigniter4\framework\system\CodeIgniter.php(317): CodeIgniter\CodeIgniter->handleRequest(NULL, Object(Config\Cache), false)
#5 C:\Users\yvesk\OneDrive - iloilonhs.edu.ph\Desktop\HRMS - DEPED\dg_hrms\public\index.php(36): CodeIgniter\CodeIgniter->run()
#6 C:\Users\yvesk\OneDrive - iloilonhs.edu.ph\Desktop\HRMS - DEPED\dg_hrms\vendor\codeigniter4\framework\system\Commands\Server\rewrite.php(43): require_once('C:\\Users\\yvesk\\...')
#7 {main}
CRITICAL - 2023-11-23 08:40:42 --> Argument 2 passed to CodeIgniter\Database\BaseBuilder::set() must be of the type string or null, array given, called in C:\Users\yvesk\OneDrive - iloilonhs.edu.ph\Desktop\HRMS - DEPED\dg_hrms\vendor\codeigniter4\framework\system\Model.php on line 236
#0 C:\Users\yvesk\OneDrive - iloilonhs.edu.ph\Desktop\HRMS - DEPED\dg_hrms\vendor\codeigniter4\framework\system\Model.php(236): CodeIgniter\Database\BaseBuilder->set('emp_id', Array, NULL)
#1 C:\Users\yvesk\OneDrive - iloilonhs.edu.ph\Desktop\HRMS - DEPED\dg_hrms\vendor\codeigniter4\framework\system\BaseModel.php(738): CodeIgniter\Model->doInsert(Array)
#2 C:\Users\yvesk\OneDrive - iloilonhs.edu.ph\Desktop\HRMS - DEPED\dg_hrms\vendor\codeigniter4\framework\system\Model.php(620): CodeIgniter\BaseModel->insert(Array, false)
#3 C:\Users\yvesk\OneDrive - iloilonhs.edu.ph\Desktop\HRMS - DEPED\dg_hrms\vendor\codeigniter4\framework\system\BaseModel.php(658): CodeIgniter\Model->insert(Array, false)
#4 C:\Users\yvesk\OneDrive - iloilonhs.edu.ph\Desktop\HRMS - DEPED\dg_hrms\app\Controllers\Stations.php(157): CodeIgniter\BaseModel->save(Array)
#5 C:\Users\yvesk\OneDrive - iloilonhs.edu.ph\Desktop\HRMS - DEPED\dg_hrms\vendor\codeigniter4\framework\system\CodeIgniter.php(802): App\Controllers\Stations->setEmployeeStation()
#6 C:\Users\yvesk\OneDrive - iloilonhs.edu.ph\Desktop\HRMS - DEPED\dg_hrms\vendor\codeigniter4\framework\system\CodeIgniter.php(399): CodeIgniter\CodeIgniter->runController(Object(App\Controllers\Stations))
#7 C:\Users\yvesk\OneDrive - iloilonhs.edu.ph\Desktop\HRMS - DEPED\dg_hrms\vendor\codeigniter4\framework\system\CodeIgniter.php(317): CodeIgniter\CodeIgniter->handleRequest(NULL, Object(Config\Cache), false)
#8 C:\Users\yvesk\OneDrive - iloilonhs.edu.ph\Desktop\HRMS - DEPED\dg_hrms\public\index.php(36): CodeIgniter\CodeIgniter->run()
#9 C:\Users\yvesk\OneDrive - iloilonhs.edu.ph\Desktop\HRMS - DEPED\dg_hrms\vendor\codeigniter4\framework\system\Commands\Server\rewrite.php(43): require_once('C:\\Users\\yvesk\\...')
#10 {main}
CRITICAL - 2023-11-23 08:52:04 --> Argument 2 passed to CodeIgniter\Database\BaseBuilder::set() must be of the type string or null, array given, called in C:\Users\yvesk\OneDrive - iloilonhs.edu.ph\Desktop\HRMS - DEPED\dg_hrms\vendor\codeigniter4\framework\system\Model.php on line 236
#0 C:\Users\yvesk\OneDrive - iloilonhs.edu.ph\Desktop\HRMS - DEPED\dg_hrms\vendor\codeigniter4\framework\system\Model.php(236): CodeIgniter\Database\BaseBuilder->set('emp_id', Array, NULL)
#1 C:\Users\yvesk\OneDrive - iloilonhs.edu.ph\Desktop\HRMS - DEPED\dg_hrms\vendor\codeigniter4\framework\system\BaseModel.php(738): CodeIgniter\Model->doInsert(Array)
#2 C:\Users\yvesk\OneDrive - iloilonhs.edu.ph\Desktop\HRMS - DEPED\dg_hrms\vendor\codeigniter4\framework\system\Model.php(620): CodeIgniter\BaseModel->insert(Array, false)
#3 C:\Users\yvesk\OneDrive - iloilonhs.edu.ph\Desktop\HRMS - DEPED\dg_hrms\vendor\codeigniter4\framework\system\BaseModel.php(658): CodeIgniter\Model->insert(Array, false)
#4 C:\Users\yvesk\OneDrive - iloilonhs.edu.ph\Desktop\HRMS - DEPED\dg_hrms\app\Controllers\Stations.php(156): CodeIgniter\BaseModel->save(Array)
#5 C:\Users\yvesk\OneDrive - iloilonhs.edu.ph\Desktop\HRMS - DEPED\dg_hrms\vendor\codeigniter4\framework\system\CodeIgniter.php(802): App\Controllers\Stations->setEmployeeStation()
#6 C:\Users\yvesk\OneDrive - iloilonhs.edu.ph\Desktop\HRMS - DEPED\dg_hrms\vendor\codeigniter4\framework\system\CodeIgniter.php(399): CodeIgniter\CodeIgniter->runController(Object(App\Controllers\Stations))
#7 C:\Users\yvesk\OneDrive - iloilonhs.edu.ph\Desktop\HRMS - DEPED\dg_hrms\vendor\codeigniter4\framework\system\CodeIgniter.php(317): CodeIgniter\CodeIgniter->handleRequest(NULL, Object(Config\Cache), false)
#8 C:\Users\yvesk\OneDrive - iloilonhs.edu.ph\Desktop\HRMS - DEPED\dg_hrms\public\index.php(36): CodeIgniter\CodeIgniter->run()
#9 C:\Users\yvesk\OneDrive - iloilonhs.edu.ph\Desktop\HRMS - DEPED\dg_hrms\vendor\codeigniter4\framework\system\Commands\Server\rewrite.php(43): require_once('C:\\Users\\yvesk\\...')
#10 {main}
CRITICAL - 2023-11-23 08:52:05 --> Argument 2 passed to CodeIgniter\Database\BaseBuilder::set() must be of the type string or null, array given, called in C:\Users\yvesk\OneDrive - iloilonhs.edu.ph\Desktop\HRMS - DEPED\dg_hrms\vendor\codeigniter4\framework\system\Model.php on line 236
#0 C:\Users\yvesk\OneDrive - iloilonhs.edu.ph\Desktop\HRMS - DEPED\dg_hrms\vendor\codeigniter4\framework\system\Model.php(236): CodeIgniter\Database\BaseBuilder->set('emp_id', Array, NULL)
#1 C:\Users\yvesk\OneDrive - iloilonhs.edu.ph\Desktop\HRMS - DEPED\dg_hrms\vendor\codeigniter4\framework\system\BaseModel.php(738): CodeIgniter\Model->doInsert(Array)
#2 C:\Users\yvesk\OneDrive - iloilonhs.edu.ph\Desktop\HRMS - DEPED\dg_hrms\vendor\codeigniter4\framework\system\Model.php(620): CodeIgniter\BaseModel->insert(Array, false)
#3 C:\Users\yvesk\OneDrive - iloilonhs.edu.ph\Desktop\HRMS - DEPED\dg_hrms\vendor\codeigniter4\framework\system\BaseModel.php(658): CodeIgniter\Model->insert(Array, false)
#4 C:\Users\yvesk\OneDrive - iloilonhs.edu.ph\Desktop\HRMS - DEPED\dg_hrms\app\Controllers\Stations.php(156): CodeIgniter\BaseModel->save(Array)
#5 C:\Users\yvesk\OneDrive - iloilonhs.edu.ph\Desktop\HRMS - DEPED\dg_hrms\vendor\codeigniter4\framework\system\CodeIgniter.php(802): App\Controllers\Stations->setEmployeeStation()
#6 C:\Users\yvesk\OneDrive - iloilonhs.edu.ph\Desktop\HRMS - DEPED\dg_hrms\vendor\codeigniter4\framework\system\CodeIgniter.php(399): CodeIgniter\CodeIgniter->runController(Object(App\Controllers\Stations))
#7 C:\Users\yvesk\OneDrive - iloilonhs.edu.ph\Desktop\HRMS - DEPED\dg_hrms\vendor\codeigniter4\framework\system\CodeIgniter.php(317): CodeIgniter\CodeIgniter->handleRequest(NULL, Object(Config\Cache), false)
#8 C:\Users\yvesk\OneDrive - iloilonhs.edu.ph\Desktop\HRMS - DEPED\dg_hrms\public\index.php(36): CodeIgniter\CodeIgniter->run()
#9 C:\Users\yvesk\OneDrive - iloilonhs.edu.ph\Desktop\HRMS - DEPED\dg_hrms\vendor\codeigniter4\framework\system\Commands\Server\rewrite.php(43): require_once('C:\\Users\\yvesk\\...')
#10 {main}
CRITICAL - 2023-11-23 08:52:06 --> Argument 2 passed to CodeIgniter\Database\BaseBuilder::set() must be of the type string or null, array given, called in C:\Users\yvesk\OneDrive - iloilonhs.edu.ph\Desktop\HRMS - DEPED\dg_hrms\vendor\codeigniter4\framework\system\Model.php on line 236
#0 C:\Users\yvesk\OneDrive - iloilonhs.edu.ph\Desktop\HRMS - DEPED\dg_hrms\vendor\codeigniter4\framework\system\Model.php(236): CodeIgniter\Database\BaseBuilder->set('emp_id', Array, NULL)
#1 C:\Users\yvesk\OneDrive - iloilonhs.edu.ph\Desktop\HRMS - DEPED\dg_hrms\vendor\codeigniter4\framework\system\BaseModel.php(738): CodeIgniter\Model->doInsert(Array)
#2 C:\Users\yvesk\OneDrive - iloilonhs.edu.ph\Desktop\HRMS - DEPED\dg_hrms\vendor\codeigniter4\framework\system\Model.php(620): CodeIgniter\BaseModel->insert(Array, false)
#3 C:\Users\yvesk\OneDrive - iloilonhs.edu.ph\Desktop\HRMS - DEPED\dg_hrms\vendor\codeigniter4\framework\system\BaseModel.php(658): CodeIgniter\Model->insert(Array, false)
#4 C:\Users\yvesk\OneDrive - iloilonhs.edu.ph\Desktop\HRMS - DEPED\dg_hrms\app\Controllers\Stations.php(156): CodeIgniter\BaseModel->save(Array)
#5 C:\Users\yvesk\OneDrive - iloilonhs.edu.ph\Desktop\HRMS - DEPED\dg_hrms\vendor\codeigniter4\framework\system\CodeIgniter.php(802): App\Controllers\Stations->setEmployeeStation()
#6 C:\Users\yvesk\OneDrive - iloilonhs.edu.ph\Desktop\HRMS - DEPED\dg_hrms\vendor\codeigniter4\framework\system\CodeIgniter.php(399): CodeIgniter\CodeIgniter->runController(Object(App\Controllers\Stations))
#7 C:\Users\yvesk\OneDrive - iloilonhs.edu.ph\Desktop\HRMS - DEPED\dg_hrms\vendor\codeigniter4\framework\system\CodeIgniter.php(317): CodeIgniter\CodeIgniter->handleRequest(NULL, Object(Config\Cache), false)
#8 C:\Users\yvesk\OneDrive - iloilonhs.edu.ph\Desktop\HRMS - DEPED\dg_hrms\public\index.php(36): CodeIgniter\CodeIgniter->run()
#9 C:\Users\yvesk\OneDrive - iloilonhs.edu.ph\Desktop\HRMS - DEPED\dg_hrms\vendor\codeigniter4\framework\system\Commands\Server\rewrite.php(43): require_once('C:\\Users\\yvesk\\...')
#10 {main}
