ERROR - 2023-11-20 09:27:44 --> Error connecting to the database: No connection could be made because the target machine actively refused it.

CRITICAL - 2023-11-20 09:27:44 --> Unable to connect to the database.
Main connection [MySQLi]: No connection could be made because the target machine actively refused it.

#0 C:\Users\ICT INHS\OneDrive - Department of Education\Desktop\HRMS\dg_hrms\vendor\codeigniter4\framework\system\Database\BaseConnection.php(570): CodeIgniter\Database\BaseConnection->initialize()
#1 C:\Users\ICT INHS\OneDrive - Department of Education\Desktop\HRMS\dg_hrms\vendor\codeigniter4\framework\system\Database\BaseBuilder.php(1428): CodeIgniter\Database\BaseConnection->query('SELECT *\nFROM `...', Array, false)
#2 C:\Users\ICT INHS\OneDrive - Department of Education\Desktop\HRMS\dg_hrms\vendor\codeigniter4\framework\system\Model.php(210): CodeIgniter\Database\BaseBuilder->get()
#3 C:\Users\ICT INHS\OneDrive - Department of Education\Desktop\HRMS\dg_hrms\vendor\codeigniter4\framework\system\BaseModel.php(622): CodeIgniter\Model->doFirst()
#4 C:\Users\ICT INHS\OneDrive - Department of Education\Desktop\HRMS\dg_hrms\app\Controllers\Login.php(36): CodeIgniter\BaseModel->first()
#5 C:\Users\ICT INHS\OneDrive - Department of Education\Desktop\HRMS\dg_hrms\vendor\codeigniter4\framework\system\CodeIgniter.php(802): App\Controllers\Login->validation()
#6 C:\Users\ICT INHS\OneDrive - Department of Education\Desktop\HRMS\dg_hrms\vendor\codeigniter4\framework\system\CodeIgniter.php(399): CodeIgniter\CodeIgniter->runController(Object(App\Controllers\Login))
#7 C:\Users\ICT INHS\OneDrive - Department of Education\Desktop\HRMS\dg_hrms\vendor\codeigniter4\framework\system\CodeIgniter.php(317): CodeIgniter\CodeIgniter->handleRequest(NULL, Object(Config\Cache), false)
#8 C:\Users\ICT INHS\OneDrive - Department of Education\Desktop\HRMS\dg_hrms\public\index.php(36): CodeIgniter\CodeIgniter->run()
#9 C:\Users\ICT INHS\OneDrive - Department of Education\Desktop\HRMS\dg_hrms\vendor\codeigniter4\framework\system\Commands\Server\rewrite.php(43): require_once('C:\\Users\\ICT IN...')
#10 {main}
CRITICAL - 2023-11-20 09:50:39 --> unlink(upload/user_files/1700444874_477b7c5d93ea964e6728.jpg): No such file or directory
#0 [internal function]: CodeIgniter\Debug\Exceptions->errorHandler(2, 'unlink(upload/u...', 'C:\\Users\\ICT IN...', 83, Array)
#1 C:\Users\ICT INHS\OneDrive - Department of Education\Desktop\HRMS\dg_hrms\app\Controllers\Faculty.php(83): unlink('upload/user_fil...')
#2 C:\Users\ICT INHS\OneDrive - Department of Education\Desktop\HRMS\dg_hrms\vendor\codeigniter4\framework\system\CodeIgniter.php(802): App\Controllers\Faculty->updateProfile()
#3 C:\Users\ICT INHS\OneDrive - Department of Education\Desktop\HRMS\dg_hrms\vendor\codeigniter4\framework\system\CodeIgniter.php(399): CodeIgniter\CodeIgniter->runController(Object(App\Controllers\Faculty))
#4 C:\Users\ICT INHS\OneDrive - Department of Education\Desktop\HRMS\dg_hrms\vendor\codeigniter4\framework\system\CodeIgniter.php(317): CodeIgniter\CodeIgniter->handleRequest(NULL, Object(Config\Cache), false)
#5 C:\Users\ICT INHS\OneDrive - Department of Education\Desktop\HRMS\dg_hrms\public\index.php(36): CodeIgniter\CodeIgniter->run()
#6 C:\Users\ICT INHS\OneDrive - Department of Education\Desktop\HRMS\dg_hrms\vendor\codeigniter4\framework\system\Commands\Server\rewrite.php(43): require_once('C:\\Users\\ICT IN...')
#7 {main}
CRITICAL - 2023-11-20 09:50:43 --> unlink(upload/user_files/1700444874_477b7c5d93ea964e6728.jpg): No such file or directory
#0 [internal function]: CodeIgniter\Debug\Exceptions->errorHandler(2, 'unlink(upload/u...', 'C:\\Users\\ICT IN...', 83, Array)
#1 C:\Users\ICT INHS\OneDrive - Department of Education\Desktop\HRMS\dg_hrms\app\Controllers\Faculty.php(83): unlink('upload/user_fil...')
#2 C:\Users\ICT INHS\OneDrive - Department of Education\Desktop\HRMS\dg_hrms\vendor\codeigniter4\framework\system\CodeIgniter.php(802): App\Controllers\Faculty->updateProfile()
#3 C:\Users\ICT INHS\OneDrive - Department of Education\Desktop\HRMS\dg_hrms\vendor\codeigniter4\framework\system\CodeIgniter.php(399): CodeIgniter\CodeIgniter->runController(Object(App\Controllers\Faculty))
#4 C:\Users\ICT INHS\OneDrive - Department of Education\Desktop\HRMS\dg_hrms\vendor\codeigniter4\framework\system\CodeIgniter.php(317): CodeIgniter\CodeIgniter->handleRequest(NULL, Object(Config\Cache), false)
#5 C:\Users\ICT INHS\OneDrive - Department of Education\Desktop\HRMS\dg_hrms\public\index.php(36): CodeIgniter\CodeIgniter->run()
#6 C:\Users\ICT INHS\OneDrive - Department of Education\Desktop\HRMS\dg_hrms\vendor\codeigniter4\framework\system\Commands\Server\rewrite.php(43): require_once('C:\\Users\\ICT IN...')
#7 {main}
