CRITICAL - 2022-04-05 01:05:47 --> Call to undefined method CodeIgniter\Database\MySQLi\Builder::or()
#0 C:\xampp\htdocs\NsoftDevNew\git_file\ci4\inhsDev\app\Controllers\Application.php(419): App\Models\StudentApplicationModel->getFilterApp('jhs', 'SPSTE', 'Validated')
#1 C:\xampp\htdocs\NsoftDevNew\git_file\ci4\inhsDev\vendor\codeigniter4\framework\system\CodeIgniter.php(931): App\Controllers\Application->customFilterApp()
#2 C:\xampp\htdocs\NsoftDevNew\git_file\ci4\inhsDev\vendor\codeigniter4\framework\system\CodeIgniter.php(439): CodeIgniter\CodeIgniter->runController(Object(App\Controllers\Application))
#3 C:\xampp\htdocs\NsoftDevNew\git_file\ci4\inhsDev\vendor\codeigniter4\framework\system\CodeIgniter.php(339): CodeIgniter\CodeIgniter->handleRequest(NULL, Object(Config\Cache), false)
#4 C:\xampp\htdocs\NsoftDevNew\git_file\ci4\inhsDev\public\index.php(36): CodeIgniter\CodeIgniter->run()
#5 C:\xampp\htdocs\NsoftDevNew\git_file\ci4\inhsDev\vendor\codeigniter4\framework\system\Commands\Server\rewrite.php(45): require_once('C:\\xampp\\htdocs...')
#6 {main}
CRITICAL - 2022-04-05 04:03:55 --> Trying to access array offset on value of type null
#0 C:\xampp\htdocs\NsoftDevNew\git_file\ci4\inhsDev\app\Controllers\Application.php(41): CodeIgniter\Debug\Exceptions->errorHandler(2, 'Trying to acces...', 'C:\\xampp\\htdocs...', 41)
#1 C:\xampp\htdocs\NsoftDevNew\git_file\ci4\inhsDev\vendor\codeigniter4\framework\system\CodeIgniter.php(931): App\Controllers\Application->index()
#2 C:\xampp\htdocs\NsoftDevNew\git_file\ci4\inhsDev\vendor\codeigniter4\framework\system\CodeIgniter.php(439): CodeIgniter\CodeIgniter->runController(Object(App\Controllers\Application))
#3 C:\xampp\htdocs\NsoftDevNew\git_file\ci4\inhsDev\vendor\codeigniter4\framework\system\CodeIgniter.php(339): CodeIgniter\CodeIgniter->handleRequest(NULL, Object(Config\Cache), false)
#4 C:\xampp\htdocs\NsoftDevNew\git_file\ci4\inhsDev\public\index.php(36): CodeIgniter\CodeIgniter->run()
#5 C:\xampp\htdocs\NsoftDevNew\git_file\ci4\inhsDev\vendor\codeigniter4\framework\system\Commands\Server\rewrite.php(45): require_once('C:\\xampp\\htdocs...')
#6 {main}
CRITICAL - 2022-04-05 04:03:58 --> Trying to access array offset on value of type null
#0 C:\xampp\htdocs\NsoftDevNew\git_file\ci4\inhsDev\app\Controllers\Application.php(832): CodeIgniter\Debug\Exceptions->errorHandler(2, 'Trying to acces...', 'C:\\xampp\\htdocs...', 832)
#1 C:\xampp\htdocs\NsoftDevNew\git_file\ci4\inhsDev\vendor\codeigniter4\framework\system\CodeIgniter.php(931): App\Controllers\Application->viewApplication()
#2 C:\xampp\htdocs\NsoftDevNew\git_file\ci4\inhsDev\vendor\codeigniter4\framework\system\CodeIgniter.php(439): CodeIgniter\CodeIgniter->runController(Object(App\Controllers\Application))
#3 C:\xampp\htdocs\NsoftDevNew\git_file\ci4\inhsDev\vendor\codeigniter4\framework\system\CodeIgniter.php(339): CodeIgniter\CodeIgniter->handleRequest(NULL, Object(Config\Cache), false)
#4 C:\xampp\htdocs\NsoftDevNew\git_file\ci4\inhsDev\public\index.php(36): CodeIgniter\CodeIgniter->run()
#5 C:\xampp\htdocs\NsoftDevNew\git_file\ci4\inhsDev\vendor\codeigniter4\framework\system\Commands\Server\rewrite.php(45): require_once('C:\\xampp\\htdocs...')
#6 {main}
CRITICAL - 2022-04-05 04:03:59 --> Trying to access array offset on value of type null
#0 C:\xampp\htdocs\NsoftDevNew\git_file\ci4\inhsDev\app\Controllers\Application.php(41): CodeIgniter\Debug\Exceptions->errorHandler(2, 'Trying to acces...', 'C:\\xampp\\htdocs...', 41)
#1 C:\xampp\htdocs\NsoftDevNew\git_file\ci4\inhsDev\vendor\codeigniter4\framework\system\CodeIgniter.php(931): App\Controllers\Application->index()
#2 C:\xampp\htdocs\NsoftDevNew\git_file\ci4\inhsDev\vendor\codeigniter4\framework\system\CodeIgniter.php(439): CodeIgniter\CodeIgniter->runController(Object(App\Controllers\Application))
#3 C:\xampp\htdocs\NsoftDevNew\git_file\ci4\inhsDev\vendor\codeigniter4\framework\system\CodeIgniter.php(339): CodeIgniter\CodeIgniter->handleRequest(NULL, Object(Config\Cache), false)
#4 C:\xampp\htdocs\NsoftDevNew\git_file\ci4\inhsDev\public\index.php(36): CodeIgniter\CodeIgniter->run()
#5 C:\xampp\htdocs\NsoftDevNew\git_file\ci4\inhsDev\vendor\codeigniter4\framework\system\Commands\Server\rewrite.php(45): require_once('C:\\xampp\\htdocs...')
#6 {main}
CRITICAL - 2022-04-05 04:05:28 --> Trying to access array offset on value of type null
#0 C:\xampp\htdocs\NsoftDevNew\git_file\ci4\inhsDev\app\Controllers\Application.php(41): CodeIgniter\Debug\Exceptions->errorHandler(2, 'Trying to acces...', 'C:\\xampp\\htdocs...', 41)
#1 C:\xampp\htdocs\NsoftDevNew\git_file\ci4\inhsDev\vendor\codeigniter4\framework\system\CodeIgniter.php(931): App\Controllers\Application->index()
#2 C:\xampp\htdocs\NsoftDevNew\git_file\ci4\inhsDev\vendor\codeigniter4\framework\system\CodeIgniter.php(439): CodeIgniter\CodeIgniter->runController(Object(App\Controllers\Application))
#3 C:\xampp\htdocs\NsoftDevNew\git_file\ci4\inhsDev\vendor\codeigniter4\framework\system\CodeIgniter.php(339): CodeIgniter\CodeIgniter->handleRequest(NULL, Object(Config\Cache), false)
#4 C:\xampp\htdocs\NsoftDevNew\git_file\ci4\inhsDev\public\index.php(36): CodeIgniter\CodeIgniter->run()
#5 C:\xampp\htdocs\NsoftDevNew\git_file\ci4\inhsDev\vendor\codeigniter4\framework\system\Commands\Server\rewrite.php(45): require_once('C:\\xampp\\htdocs...')
#6 {main}
CRITICAL - 2022-04-05 04:06:03 --> Undefined variable $heMajor
#0 C:\xampp\htdocs\NsoftDevNew\git_file\ci4\inhsDev\app\Views\f_application\application_form.php(617): CodeIgniter\Debug\Exceptions->errorHandler(2, 'Undefined varia...', 'C:\\xampp\\htdocs...', 617)
#1 C:\xampp\htdocs\NsoftDevNew\git_file\ci4\inhsDev\vendor\codeigniter4\framework\system\View\View.php(230): include('C:\\xampp\\htdocs...')
#2 C:\xampp\htdocs\NsoftDevNew\git_file\ci4\inhsDev\vendor\codeigniter4\framework\system\View\View.php(232): CodeIgniter\View\View->CodeIgniter\View\{closure}()
#3 C:\xampp\htdocs\NsoftDevNew\git_file\ci4\inhsDev\vendor\codeigniter4\framework\system\Common.php(1250): CodeIgniter\View\View->render('f_application/a...', Array, true)
#4 C:\xampp\htdocs\NsoftDevNew\git_file\ci4\inhsDev\app\Controllers\Application.php(205): view('f_application/a...', Array)
#5 C:\xampp\htdocs\NsoftDevNew\git_file\ci4\inhsDev\vendor\codeigniter4\framework\system\CodeIgniter.php(931): App\Controllers\Application->getForm()
#6 C:\xampp\htdocs\NsoftDevNew\git_file\ci4\inhsDev\vendor\codeigniter4\framework\system\CodeIgniter.php(439): CodeIgniter\CodeIgniter->runController(Object(App\Controllers\Application))
#7 C:\xampp\htdocs\NsoftDevNew\git_file\ci4\inhsDev\vendor\codeigniter4\framework\system\CodeIgniter.php(339): CodeIgniter\CodeIgniter->handleRequest(NULL, Object(Config\Cache), false)
#8 C:\xampp\htdocs\NsoftDevNew\git_file\ci4\inhsDev\public\index.php(36): CodeIgniter\CodeIgniter->run()
#9 C:\xampp\htdocs\NsoftDevNew\git_file\ci4\inhsDev\vendor\codeigniter4\framework\system\Commands\Server\rewrite.php(45): require_once('C:\\xampp\\htdocs...')
#10 {main}
CRITICAL - 2022-04-05 04:06:42 --> Undefined variable $heMajor
#0 C:\xampp\htdocs\NsoftDevNew\git_file\ci4\inhsDev\app\Views\f_application\application_form.php(617): CodeIgniter\Debug\Exceptions->errorHandler(2, 'Undefined varia...', 'C:\\xampp\\htdocs...', 617)
#1 C:\xampp\htdocs\NsoftDevNew\git_file\ci4\inhsDev\vendor\codeigniter4\framework\system\View\View.php(230): include('C:\\xampp\\htdocs...')
#2 C:\xampp\htdocs\NsoftDevNew\git_file\ci4\inhsDev\vendor\codeigniter4\framework\system\View\View.php(232): CodeIgniter\View\View->CodeIgniter\View\{closure}()
#3 C:\xampp\htdocs\NsoftDevNew\git_file\ci4\inhsDev\vendor\codeigniter4\framework\system\Common.php(1250): CodeIgniter\View\View->render('f_application/a...', Array, true)
#4 C:\xampp\htdocs\NsoftDevNew\git_file\ci4\inhsDev\app\Controllers\Application.php(205): view('f_application/a...', Array)
#5 C:\xampp\htdocs\NsoftDevNew\git_file\ci4\inhsDev\vendor\codeigniter4\framework\system\CodeIgniter.php(931): App\Controllers\Application->getForm()
#6 C:\xampp\htdocs\NsoftDevNew\git_file\ci4\inhsDev\vendor\codeigniter4\framework\system\CodeIgniter.php(439): CodeIgniter\CodeIgniter->runController(Object(App\Controllers\Application))
#7 C:\xampp\htdocs\NsoftDevNew\git_file\ci4\inhsDev\vendor\codeigniter4\framework\system\CodeIgniter.php(339): CodeIgniter\CodeIgniter->handleRequest(NULL, Object(Config\Cache), false)
#8 C:\xampp\htdocs\NsoftDevNew\git_file\ci4\inhsDev\public\index.php(36): CodeIgniter\CodeIgniter->run()
#9 C:\xampp\htdocs\NsoftDevNew\git_file\ci4\inhsDev\vendor\codeigniter4\framework\system\Commands\Server\rewrite.php(45): require_once('C:\\xampp\\htdocs...')
#10 {main}
CRITICAL - 2022-04-05 04:32:05 --> syntax error, unexpected token "`", expecting ";" or "{"
#0 C:\xampp\htdocs\NsoftDevNew\git_file\ci4\inhsDev\vendor\codeigniter4\framework\system\Autoloader\Autoloader.php(282): CodeIgniter\Autoloader\Autoloader->includeFile('C:\\xampp\\htdocs...')
#1 C:\xampp\htdocs\NsoftDevNew\git_file\ci4\inhsDev\vendor\codeigniter4\framework\system\Autoloader\Autoloader.php(247): CodeIgniter\Autoloader\Autoloader->loadInNamespace('App\\Controllers...')
#2 [internal function]: CodeIgniter\Autoloader\Autoloader->loadClass('App\\Controllers...')
#3 C:\xampp\htdocs\NsoftDevNew\git_file\ci4\inhsDev\vendor\codeigniter4\framework\system\CodeIgniter.php(888): class_exists('\\App\\Controller...', true)
#4 C:\xampp\htdocs\NsoftDevNew\git_file\ci4\inhsDev\vendor\codeigniter4\framework\system\CodeIgniter.php(424): CodeIgniter\CodeIgniter->startController()
#5 C:\xampp\htdocs\NsoftDevNew\git_file\ci4\inhsDev\vendor\codeigniter4\framework\system\CodeIgniter.php(339): CodeIgniter\CodeIgniter->handleRequest(NULL, Object(Config\Cache), false)
#6 C:\xampp\htdocs\NsoftDevNew\git_file\ci4\inhsDev\public\index.php(36): CodeIgniter\CodeIgniter->run()
#7 C:\xampp\htdocs\NsoftDevNew\git_file\ci4\inhsDev\vendor\codeigniter4\framework\system\Commands\Server\rewrite.php(45): require_once('C:\\xampp\\htdocs...')
#8 {main}
CRITICAL - 2022-04-05 04:34:04 --> Undefined variable $lastApp
#0 C:\xampp\htdocs\NsoftDevNew\git_file\ci4\inhsDev\app\Views\f_application\index.php(83): CodeIgniter\Debug\Exceptions->errorHandler(2, 'Undefined varia...', 'C:\\xampp\\htdocs...', 83)
#1 C:\xampp\htdocs\NsoftDevNew\git_file\ci4\inhsDev\vendor\codeigniter4\framework\system\View\View.php(230): include('C:\\xampp\\htdocs...')
#2 C:\xampp\htdocs\NsoftDevNew\git_file\ci4\inhsDev\vendor\codeigniter4\framework\system\View\View.php(232): CodeIgniter\View\View->CodeIgniter\View\{closure}()
#3 C:\xampp\htdocs\NsoftDevNew\git_file\ci4\inhsDev\vendor\codeigniter4\framework\system\Common.php(1250): CodeIgniter\View\View->render('f_application/i...', Array, true)
#4 C:\xampp\htdocs\NsoftDevNew\git_file\ci4\inhsDev\app\Controllers\Application.php(118): view('f_application/i...', Array)
#5 C:\xampp\htdocs\NsoftDevNew\git_file\ci4\inhsDev\vendor\codeigniter4\framework\system\CodeIgniter.php(931): App\Controllers\Application->index()
#6 C:\xampp\htdocs\NsoftDevNew\git_file\ci4\inhsDev\vendor\codeigniter4\framework\system\CodeIgniter.php(439): CodeIgniter\CodeIgniter->runController(Object(App\Controllers\Application))
#7 C:\xampp\htdocs\NsoftDevNew\git_file\ci4\inhsDev\vendor\codeigniter4\framework\system\CodeIgniter.php(339): CodeIgniter\CodeIgniter->handleRequest(NULL, Object(Config\Cache), false)
#8 C:\xampp\htdocs\NsoftDevNew\git_file\ci4\inhsDev\public\index.php(36): CodeIgniter\CodeIgniter->run()
#9 C:\xampp\htdocs\NsoftDevNew\git_file\ci4\inhsDev\vendor\codeigniter4\framework\system\Commands\Server\rewrite.php(45): require_once('C:\\xampp\\htdocs...')
#10 {main}
CRITICAL - 2022-04-05 04:36:07 --> Trying to access array offset on value of type null
#0 C:\xampp\htdocs\NsoftDevNew\git_file\ci4\inhsDev\app\Views\f_application\index.php(83): CodeIgniter\Debug\Exceptions->errorHandler(2, 'Trying to acces...', 'C:\\xampp\\htdocs...', 83)
#1 C:\xampp\htdocs\NsoftDevNew\git_file\ci4\inhsDev\vendor\codeigniter4\framework\system\View\View.php(230): include('C:\\xampp\\htdocs...')
#2 C:\xampp\htdocs\NsoftDevNew\git_file\ci4\inhsDev\vendor\codeigniter4\framework\system\View\View.php(232): CodeIgniter\View\View->CodeIgniter\View\{closure}()
#3 C:\xampp\htdocs\NsoftDevNew\git_file\ci4\inhsDev\vendor\codeigniter4\framework\system\Common.php(1250): CodeIgniter\View\View->render('f_application/i...', Array, true)
#4 C:\xampp\htdocs\NsoftDevNew\git_file\ci4\inhsDev\app\Controllers\Application.php(124): view('f_application/i...', Array)
#5 C:\xampp\htdocs\NsoftDevNew\git_file\ci4\inhsDev\vendor\codeigniter4\framework\system\CodeIgniter.php(931): App\Controllers\Application->index()
#6 C:\xampp\htdocs\NsoftDevNew\git_file\ci4\inhsDev\vendor\codeigniter4\framework\system\CodeIgniter.php(439): CodeIgniter\CodeIgniter->runController(Object(App\Controllers\Application))
#7 C:\xampp\htdocs\NsoftDevNew\git_file\ci4\inhsDev\vendor\codeigniter4\framework\system\CodeIgniter.php(339): CodeIgniter\CodeIgniter->handleRequest(NULL, Object(Config\Cache), false)
#8 C:\xampp\htdocs\NsoftDevNew\git_file\ci4\inhsDev\public\index.php(36): CodeIgniter\CodeIgniter->run()
#9 C:\xampp\htdocs\NsoftDevNew\git_file\ci4\inhsDev\vendor\codeigniter4\framework\system\Commands\Server\rewrite.php(45): require_once('C:\\xampp\\htdocs...')
#10 {main}
CRITICAL - 2022-04-05 04:36:38 --> Trying to access array offset on value of type null
#0 C:\xampp\htdocs\NsoftDevNew\git_file\ci4\inhsDev\app\Views\f_application\index.php(83): CodeIgniter\Debug\Exceptions->errorHandler(2, 'Trying to acces...', 'C:\\xampp\\htdocs...', 83)
#1 C:\xampp\htdocs\NsoftDevNew\git_file\ci4\inhsDev\vendor\codeigniter4\framework\system\View\View.php(230): include('C:\\xampp\\htdocs...')
#2 C:\xampp\htdocs\NsoftDevNew\git_file\ci4\inhsDev\vendor\codeigniter4\framework\system\View\View.php(232): CodeIgniter\View\View->CodeIgniter\View\{closure}()
#3 C:\xampp\htdocs\NsoftDevNew\git_file\ci4\inhsDev\vendor\codeigniter4\framework\system\Common.php(1250): CodeIgniter\View\View->render('f_application/i...', Array, true)
#4 C:\xampp\htdocs\NsoftDevNew\git_file\ci4\inhsDev\app\Controllers\Application.php(127): view('f_application/i...', Array)
#5 C:\xampp\htdocs\NsoftDevNew\git_file\ci4\inhsDev\vendor\codeigniter4\framework\system\CodeIgniter.php(931): App\Controllers\Application->index()
#6 C:\xampp\htdocs\NsoftDevNew\git_file\ci4\inhsDev\vendor\codeigniter4\framework\system\CodeIgniter.php(439): CodeIgniter\CodeIgniter->runController(Object(App\Controllers\Application))
#7 C:\xampp\htdocs\NsoftDevNew\git_file\ci4\inhsDev\vendor\codeigniter4\framework\system\CodeIgniter.php(339): CodeIgniter\CodeIgniter->handleRequest(NULL, Object(Config\Cache), false)
#8 C:\xampp\htdocs\NsoftDevNew\git_file\ci4\inhsDev\public\index.php(36): CodeIgniter\CodeIgniter->run()
#9 C:\xampp\htdocs\NsoftDevNew\git_file\ci4\inhsDev\vendor\codeigniter4\framework\system\Commands\Server\rewrite.php(45): require_once('C:\\xampp\\htdocs...')
#10 {main}
CRITICAL - 2022-04-05 04:37:52 --> Trying to access array offset on value of type null
#0 C:\xampp\htdocs\NsoftDevNew\git_file\ci4\inhsDev\app\Views\f_application\index.php(83): CodeIgniter\Debug\Exceptions->errorHandler(2, 'Trying to acces...', 'C:\\xampp\\htdocs...', 83)
#1 C:\xampp\htdocs\NsoftDevNew\git_file\ci4\inhsDev\vendor\codeigniter4\framework\system\View\View.php(230): include('C:\\xampp\\htdocs...')
#2 C:\xampp\htdocs\NsoftDevNew\git_file\ci4\inhsDev\vendor\codeigniter4\framework\system\View\View.php(232): CodeIgniter\View\View->CodeIgniter\View\{closure}()
#3 C:\xampp\htdocs\NsoftDevNew\git_file\ci4\inhsDev\vendor\codeigniter4\framework\system\Common.php(1250): CodeIgniter\View\View->render('f_application/i...', Array, true)
#4 C:\xampp\htdocs\NsoftDevNew\git_file\ci4\inhsDev\app\Controllers\Application.php(127): view('f_application/i...', Array)
#5 C:\xampp\htdocs\NsoftDevNew\git_file\ci4\inhsDev\vendor\codeigniter4\framework\system\CodeIgniter.php(931): App\Controllers\Application->index()
#6 C:\xampp\htdocs\NsoftDevNew\git_file\ci4\inhsDev\vendor\codeigniter4\framework\system\CodeIgniter.php(439): CodeIgniter\CodeIgniter->runController(Object(App\Controllers\Application))
#7 C:\xampp\htdocs\NsoftDevNew\git_file\ci4\inhsDev\vendor\codeigniter4\framework\system\CodeIgniter.php(339): CodeIgniter\CodeIgniter->handleRequest(NULL, Object(Config\Cache), false)
#8 C:\xampp\htdocs\NsoftDevNew\git_file\ci4\inhsDev\public\index.php(36): CodeIgniter\CodeIgniter->run()
#9 C:\xampp\htdocs\NsoftDevNew\git_file\ci4\inhsDev\vendor\codeigniter4\framework\system\Commands\Server\rewrite.php(45): require_once('C:\\xampp\\htdocs...')
#10 {main}
CRITICAL - 2022-04-05 04:39:50 --> Trying to access array offset on value of type null
#0 C:\xampp\htdocs\NsoftDevNew\git_file\ci4\inhsDev\app\Views\f_application\index.php(83): CodeIgniter\Debug\Exceptions->errorHandler(2, 'Trying to acces...', 'C:\\xampp\\htdocs...', 83)
#1 C:\xampp\htdocs\NsoftDevNew\git_file\ci4\inhsDev\vendor\codeigniter4\framework\system\View\View.php(230): include('C:\\xampp\\htdocs...')
#2 C:\xampp\htdocs\NsoftDevNew\git_file\ci4\inhsDev\vendor\codeigniter4\framework\system\View\View.php(232): CodeIgniter\View\View->CodeIgniter\View\{closure}()
#3 C:\xampp\htdocs\NsoftDevNew\git_file\ci4\inhsDev\vendor\codeigniter4\framework\system\Common.php(1250): CodeIgniter\View\View->render('f_application/i...', Array, true)
#4 C:\xampp\htdocs\NsoftDevNew\git_file\ci4\inhsDev\app\Controllers\Application.php(127): view('f_application/i...', Array)
#5 C:\xampp\htdocs\NsoftDevNew\git_file\ci4\inhsDev\vendor\codeigniter4\framework\system\CodeIgniter.php(931): App\Controllers\Application->index()
#6 C:\xampp\htdocs\NsoftDevNew\git_file\ci4\inhsDev\vendor\codeigniter4\framework\system\CodeIgniter.php(439): CodeIgniter\CodeIgniter->runController(Object(App\Controllers\Application))
#7 C:\xampp\htdocs\NsoftDevNew\git_file\ci4\inhsDev\vendor\codeigniter4\framework\system\CodeIgniter.php(339): CodeIgniter\CodeIgniter->handleRequest(NULL, Object(Config\Cache), false)
#8 C:\xampp\htdocs\NsoftDevNew\git_file\ci4\inhsDev\public\index.php(36): CodeIgniter\CodeIgniter->run()
#9 C:\xampp\htdocs\NsoftDevNew\git_file\ci4\inhsDev\vendor\codeigniter4\framework\system\Commands\Server\rewrite.php(45): require_once('C:\\xampp\\htdocs...')
#10 {main}
CRITICAL - 2022-04-05 04:42:51 --> Trying to access array offset on value of type null
#0 C:\xampp\htdocs\NsoftDevNew\git_file\ci4\inhsDev\app\Views\f_application\index.php(83): CodeIgniter\Debug\Exceptions->errorHandler(2, 'Trying to acces...', 'C:\\xampp\\htdocs...', 83)
#1 C:\xampp\htdocs\NsoftDevNew\git_file\ci4\inhsDev\vendor\codeigniter4\framework\system\View\View.php(230): include('C:\\xampp\\htdocs...')
#2 C:\xampp\htdocs\NsoftDevNew\git_file\ci4\inhsDev\vendor\codeigniter4\framework\system\View\View.php(232): CodeIgniter\View\View->CodeIgniter\View\{closure}()
#3 C:\xampp\htdocs\NsoftDevNew\git_file\ci4\inhsDev\vendor\codeigniter4\framework\system\Common.php(1250): CodeIgniter\View\View->render('f_application/i...', Array, true)
#4 C:\xampp\htdocs\NsoftDevNew\git_file\ci4\inhsDev\app\Controllers\Application.php(127): view('f_application/i...', Array)
#5 C:\xampp\htdocs\NsoftDevNew\git_file\ci4\inhsDev\vendor\codeigniter4\framework\system\CodeIgniter.php(931): App\Controllers\Application->index()
#6 C:\xampp\htdocs\NsoftDevNew\git_file\ci4\inhsDev\vendor\codeigniter4\framework\system\CodeIgniter.php(439): CodeIgniter\CodeIgniter->runController(Object(App\Controllers\Application))
#7 C:\xampp\htdocs\NsoftDevNew\git_file\ci4\inhsDev\vendor\codeigniter4\framework\system\CodeIgniter.php(339): CodeIgniter\CodeIgniter->handleRequest(NULL, Object(Config\Cache), false)
#8 C:\xampp\htdocs\NsoftDevNew\git_file\ci4\inhsDev\public\index.php(36): CodeIgniter\CodeIgniter->run()
#9 C:\xampp\htdocs\NsoftDevNew\git_file\ci4\inhsDev\vendor\codeigniter4\framework\system\Commands\Server\rewrite.php(45): require_once('C:\\xampp\\htdocs...')
#10 {main}
CRITICAL - 2022-04-05 04:43:01 --> Undefined array key "s_app_id"
#0 C:\xampp\htdocs\NsoftDevNew\git_file\ci4\inhsDev\app\Views\f_application\index.php(83): CodeIgniter\Debug\Exceptions->errorHandler(2, 'Undefined array...', 'C:\\xampp\\htdocs...', 83)
#1 C:\xampp\htdocs\NsoftDevNew\git_file\ci4\inhsDev\vendor\codeigniter4\framework\system\View\View.php(230): include('C:\\xampp\\htdocs...')
#2 C:\xampp\htdocs\NsoftDevNew\git_file\ci4\inhsDev\vendor\codeigniter4\framework\system\View\View.php(232): CodeIgniter\View\View->CodeIgniter\View\{closure}()
#3 C:\xampp\htdocs\NsoftDevNew\git_file\ci4\inhsDev\vendor\codeigniter4\framework\system\Common.php(1250): CodeIgniter\View\View->render('f_application/i...', Array, true)
#4 C:\xampp\htdocs\NsoftDevNew\git_file\ci4\inhsDev\app\Controllers\Application.php(127): view('f_application/i...', Array)
#5 C:\xampp\htdocs\NsoftDevNew\git_file\ci4\inhsDev\vendor\codeigniter4\framework\system\CodeIgniter.php(931): App\Controllers\Application->index()
#6 C:\xampp\htdocs\NsoftDevNew\git_file\ci4\inhsDev\vendor\codeigniter4\framework\system\CodeIgniter.php(439): CodeIgniter\CodeIgniter->runController(Object(App\Controllers\Application))
#7 C:\xampp\htdocs\NsoftDevNew\git_file\ci4\inhsDev\vendor\codeigniter4\framework\system\CodeIgniter.php(339): CodeIgniter\CodeIgniter->handleRequest(NULL, Object(Config\Cache), false)
#8 C:\xampp\htdocs\NsoftDevNew\git_file\ci4\inhsDev\public\index.php(36): CodeIgniter\CodeIgniter->run()
#9 C:\xampp\htdocs\NsoftDevNew\git_file\ci4\inhsDev\vendor\codeigniter4\framework\system\Commands\Server\rewrite.php(45): require_once('C:\\xampp\\htdocs...')
#10 {main}
CRITICAL - 2022-04-05 04:43:06 --> Undefined array key "s_app_id"
#0 C:\xampp\htdocs\NsoftDevNew\git_file\ci4\inhsDev\app\Views\f_application\index.php(83): CodeIgniter\Debug\Exceptions->errorHandler(2, 'Undefined array...', 'C:\\xampp\\htdocs...', 83)
#1 C:\xampp\htdocs\NsoftDevNew\git_file\ci4\inhsDev\vendor\codeigniter4\framework\system\View\View.php(230): include('C:\\xampp\\htdocs...')
#2 C:\xampp\htdocs\NsoftDevNew\git_file\ci4\inhsDev\vendor\codeigniter4\framework\system\View\View.php(232): CodeIgniter\View\View->CodeIgniter\View\{closure}()
#3 C:\xampp\htdocs\NsoftDevNew\git_file\ci4\inhsDev\vendor\codeigniter4\framework\system\Common.php(1250): CodeIgniter\View\View->render('f_application/i...', Array, true)
#4 C:\xampp\htdocs\NsoftDevNew\git_file\ci4\inhsDev\app\Controllers\Application.php(126): view('f_application/i...', Array)
#5 C:\xampp\htdocs\NsoftDevNew\git_file\ci4\inhsDev\vendor\codeigniter4\framework\system\CodeIgniter.php(931): App\Controllers\Application->index()
#6 C:\xampp\htdocs\NsoftDevNew\git_file\ci4\inhsDev\vendor\codeigniter4\framework\system\CodeIgniter.php(439): CodeIgniter\CodeIgniter->runController(Object(App\Controllers\Application))
#7 C:\xampp\htdocs\NsoftDevNew\git_file\ci4\inhsDev\vendor\codeigniter4\framework\system\CodeIgniter.php(339): CodeIgniter\CodeIgniter->handleRequest(NULL, Object(Config\Cache), false)
#8 C:\xampp\htdocs\NsoftDevNew\git_file\ci4\inhsDev\public\index.php(36): CodeIgniter\CodeIgniter->run()
#9 C:\xampp\htdocs\NsoftDevNew\git_file\ci4\inhsDev\vendor\codeigniter4\framework\system\Commands\Server\rewrite.php(45): require_once('C:\\xampp\\htdocs...')
#10 {main}
CRITICAL - 2022-04-05 04:43:10 --> Undefined array key "s_app_id"
#0 C:\xampp\htdocs\NsoftDevNew\git_file\ci4\inhsDev\app\Views\f_application\index.php(83): CodeIgniter\Debug\Exceptions->errorHandler(2, 'Undefined array...', 'C:\\xampp\\htdocs...', 83)
#1 C:\xampp\htdocs\NsoftDevNew\git_file\ci4\inhsDev\vendor\codeigniter4\framework\system\View\View.php(230): include('C:\\xampp\\htdocs...')
#2 C:\xampp\htdocs\NsoftDevNew\git_file\ci4\inhsDev\vendor\codeigniter4\framework\system\View\View.php(232): CodeIgniter\View\View->CodeIgniter\View\{closure}()
#3 C:\xampp\htdocs\NsoftDevNew\git_file\ci4\inhsDev\vendor\codeigniter4\framework\system\Common.php(1250): CodeIgniter\View\View->render('f_application/i...', Array, true)
#4 C:\xampp\htdocs\NsoftDevNew\git_file\ci4\inhsDev\app\Controllers\Application.php(126): view('f_application/i...', Array)
#5 C:\xampp\htdocs\NsoftDevNew\git_file\ci4\inhsDev\vendor\codeigniter4\framework\system\CodeIgniter.php(931): App\Controllers\Application->index()
#6 C:\xampp\htdocs\NsoftDevNew\git_file\ci4\inhsDev\vendor\codeigniter4\framework\system\CodeIgniter.php(439): CodeIgniter\CodeIgniter->runController(Object(App\Controllers\Application))
#7 C:\xampp\htdocs\NsoftDevNew\git_file\ci4\inhsDev\vendor\codeigniter4\framework\system\CodeIgniter.php(339): CodeIgniter\CodeIgniter->handleRequest(NULL, Object(Config\Cache), false)
#8 C:\xampp\htdocs\NsoftDevNew\git_file\ci4\inhsDev\public\index.php(36): CodeIgniter\CodeIgniter->run()
#9 C:\xampp\htdocs\NsoftDevNew\git_file\ci4\inhsDev\vendor\codeigniter4\framework\system\Commands\Server\rewrite.php(45): require_once('C:\\xampp\\htdocs...')
#10 {main}
CRITICAL - 2022-04-05 04:43:23 --> Undefined array key "s_app_id"
#0 C:\xampp\htdocs\NsoftDevNew\git_file\ci4\inhsDev\app\Views\f_application\index.php(83): CodeIgniter\Debug\Exceptions->errorHandler(2, 'Undefined array...', 'C:\\xampp\\htdocs...', 83)
#1 C:\xampp\htdocs\NsoftDevNew\git_file\ci4\inhsDev\vendor\codeigniter4\framework\system\View\View.php(230): include('C:\\xampp\\htdocs...')
#2 C:\xampp\htdocs\NsoftDevNew\git_file\ci4\inhsDev\vendor\codeigniter4\framework\system\View\View.php(232): CodeIgniter\View\View->CodeIgniter\View\{closure}()
#3 C:\xampp\htdocs\NsoftDevNew\git_file\ci4\inhsDev\vendor\codeigniter4\framework\system\Common.php(1250): CodeIgniter\View\View->render('f_application/i...', Array, true)
#4 C:\xampp\htdocs\NsoftDevNew\git_file\ci4\inhsDev\app\Controllers\Application.php(126): view('f_application/i...', Array)
#5 C:\xampp\htdocs\NsoftDevNew\git_file\ci4\inhsDev\vendor\codeigniter4\framework\system\CodeIgniter.php(931): App\Controllers\Application->index()
#6 C:\xampp\htdocs\NsoftDevNew\git_file\ci4\inhsDev\vendor\codeigniter4\framework\system\CodeIgniter.php(439): CodeIgniter\CodeIgniter->runController(Object(App\Controllers\Application))
#7 C:\xampp\htdocs\NsoftDevNew\git_file\ci4\inhsDev\vendor\codeigniter4\framework\system\CodeIgniter.php(339): CodeIgniter\CodeIgniter->handleRequest(NULL, Object(Config\Cache), false)
#8 C:\xampp\htdocs\NsoftDevNew\git_file\ci4\inhsDev\public\index.php(36): CodeIgniter\CodeIgniter->run()
#9 C:\xampp\htdocs\NsoftDevNew\git_file\ci4\inhsDev\vendor\codeigniter4\framework\system\Commands\Server\rewrite.php(45): require_once('C:\\xampp\\htdocs...')
#10 {main}
CRITICAL - 2022-04-05 04:43:31 --> Undefined array key "s_app_id"
#0 C:\xampp\htdocs\NsoftDevNew\git_file\ci4\inhsDev\app\Views\f_application\index.php(83): CodeIgniter\Debug\Exceptions->errorHandler(2, 'Undefined array...', 'C:\\xampp\\htdocs...', 83)
#1 C:\xampp\htdocs\NsoftDevNew\git_file\ci4\inhsDev\vendor\codeigniter4\framework\system\View\View.php(230): include('C:\\xampp\\htdocs...')
#2 C:\xampp\htdocs\NsoftDevNew\git_file\ci4\inhsDev\vendor\codeigniter4\framework\system\View\View.php(232): CodeIgniter\View\View->CodeIgniter\View\{closure}()
#3 C:\xampp\htdocs\NsoftDevNew\git_file\ci4\inhsDev\vendor\codeigniter4\framework\system\Common.php(1250): CodeIgniter\View\View->render('f_application/i...', Array, true)
#4 C:\xampp\htdocs\NsoftDevNew\git_file\ci4\inhsDev\app\Controllers\Application.php(125): view('f_application/i...', Array)
#5 C:\xampp\htdocs\NsoftDevNew\git_file\ci4\inhsDev\vendor\codeigniter4\framework\system\CodeIgniter.php(931): App\Controllers\Application->index()
#6 C:\xampp\htdocs\NsoftDevNew\git_file\ci4\inhsDev\vendor\codeigniter4\framework\system\CodeIgniter.php(439): CodeIgniter\CodeIgniter->runController(Object(App\Controllers\Application))
#7 C:\xampp\htdocs\NsoftDevNew\git_file\ci4\inhsDev\vendor\codeigniter4\framework\system\CodeIgniter.php(339): CodeIgniter\CodeIgniter->handleRequest(NULL, Object(Config\Cache), false)
#8 C:\xampp\htdocs\NsoftDevNew\git_file\ci4\inhsDev\public\index.php(36): CodeIgniter\CodeIgniter->run()
#9 C:\xampp\htdocs\NsoftDevNew\git_file\ci4\inhsDev\vendor\codeigniter4\framework\system\Commands\Server\rewrite.php(45): require_once('C:\\xampp\\htdocs...')
#10 {main}
CRITICAL - 2022-04-05 04:43:52 --> Undefined array key "s_app_date_applied"
#0 C:\xampp\htdocs\NsoftDevNew\git_file\ci4\inhsDev\app\Views\f_application\index.php(86): CodeIgniter\Debug\Exceptions->errorHandler(2, 'Undefined array...', 'C:\\xampp\\htdocs...', 86)
#1 C:\xampp\htdocs\NsoftDevNew\git_file\ci4\inhsDev\vendor\codeigniter4\framework\system\View\View.php(230): include('C:\\xampp\\htdocs...')
#2 C:\xampp\htdocs\NsoftDevNew\git_file\ci4\inhsDev\vendor\codeigniter4\framework\system\View\View.php(232): CodeIgniter\View\View->CodeIgniter\View\{closure}()
#3 C:\xampp\htdocs\NsoftDevNew\git_file\ci4\inhsDev\vendor\codeigniter4\framework\system\Common.php(1250): CodeIgniter\View\View->render('f_application/i...', Array, true)
#4 C:\xampp\htdocs\NsoftDevNew\git_file\ci4\inhsDev\app\Controllers\Application.php(125): view('f_application/i...', Array)
#5 C:\xampp\htdocs\NsoftDevNew\git_file\ci4\inhsDev\vendor\codeigniter4\framework\system\CodeIgniter.php(931): App\Controllers\Application->index()
#6 C:\xampp\htdocs\NsoftDevNew\git_file\ci4\inhsDev\vendor\codeigniter4\framework\system\CodeIgniter.php(439): CodeIgniter\CodeIgniter->runController(Object(App\Controllers\Application))
#7 C:\xampp\htdocs\NsoftDevNew\git_file\ci4\inhsDev\vendor\codeigniter4\framework\system\CodeIgniter.php(339): CodeIgniter\CodeIgniter->handleRequest(NULL, Object(Config\Cache), false)
#8 C:\xampp\htdocs\NsoftDevNew\git_file\ci4\inhsDev\public\index.php(36): CodeIgniter\CodeIgniter->run()
#9 C:\xampp\htdocs\NsoftDevNew\git_file\ci4\inhsDev\vendor\codeigniter4\framework\system\Commands\Server\rewrite.php(45): require_once('C:\\xampp\\htdocs...')
#10 {main}
CRITICAL - 2022-04-05 04:45:58 --> Trying to access array offset on value of type int
#0 C:\xampp\htdocs\NsoftDevNew\git_file\ci4\inhsDev\app\Views\f_application\index.php(83): CodeIgniter\Debug\Exceptions->errorHandler(2, 'Trying to acces...', 'C:\\xampp\\htdocs...', 83)
#1 C:\xampp\htdocs\NsoftDevNew\git_file\ci4\inhsDev\vendor\codeigniter4\framework\system\View\View.php(230): include('C:\\xampp\\htdocs...')
#2 C:\xampp\htdocs\NsoftDevNew\git_file\ci4\inhsDev\vendor\codeigniter4\framework\system\View\View.php(232): CodeIgniter\View\View->CodeIgniter\View\{closure}()
#3 C:\xampp\htdocs\NsoftDevNew\git_file\ci4\inhsDev\vendor\codeigniter4\framework\system\Common.php(1250): CodeIgniter\View\View->render('f_application/i...', Array, true)
#4 C:\xampp\htdocs\NsoftDevNew\git_file\ci4\inhsDev\app\Controllers\Application.php(130): view('f_application/i...', Array)
#5 C:\xampp\htdocs\NsoftDevNew\git_file\ci4\inhsDev\vendor\codeigniter4\framework\system\CodeIgniter.php(931): App\Controllers\Application->index()
#6 C:\xampp\htdocs\NsoftDevNew\git_file\ci4\inhsDev\vendor\codeigniter4\framework\system\CodeIgniter.php(439): CodeIgniter\CodeIgniter->runController(Object(App\Controllers\Application))
#7 C:\xampp\htdocs\NsoftDevNew\git_file\ci4\inhsDev\vendor\codeigniter4\framework\system\CodeIgniter.php(339): CodeIgniter\CodeIgniter->handleRequest(NULL, Object(Config\Cache), false)
#8 C:\xampp\htdocs\NsoftDevNew\git_file\ci4\inhsDev\public\index.php(36): CodeIgniter\CodeIgniter->run()
#9 C:\xampp\htdocs\NsoftDevNew\git_file\ci4\inhsDev\vendor\codeigniter4\framework\system\Commands\Server\rewrite.php(45): require_once('C:\\xampp\\htdocs...')
#10 {main}
CRITICAL - 2022-04-05 04:51:01 --> Call to a member function num_rows() on null
#0 C:\xampp\htdocs\NsoftDevNew\git_file\ci4\inhsDev\vendor\codeigniter4\framework\system\CodeIgniter.php(931): App\Controllers\Application->index()
#1 C:\xampp\htdocs\NsoftDevNew\git_file\ci4\inhsDev\vendor\codeigniter4\framework\system\CodeIgniter.php(439): CodeIgniter\CodeIgniter->runController(Object(App\Controllers\Application))
#2 C:\xampp\htdocs\NsoftDevNew\git_file\ci4\inhsDev\vendor\codeigniter4\framework\system\CodeIgniter.php(339): CodeIgniter\CodeIgniter->handleRequest(NULL, Object(Config\Cache), false)
#3 C:\xampp\htdocs\NsoftDevNew\git_file\ci4\inhsDev\public\index.php(36): CodeIgniter\CodeIgniter->run()
#4 C:\xampp\htdocs\NsoftDevNew\git_file\ci4\inhsDev\vendor\codeigniter4\framework\system\Commands\Server\rewrite.php(45): require_once('C:\\xampp\\htdocs...')
#5 {main}
