CRITICAL - 2021-07-03 02:48:55 --> Call to a member function hasMoved() on null
#0 C:\xampp\htdocs\NsoftDev\ci4new\vendor\codeigniter4\framework\system\CodeIgniter.php(931): App\Controllers\Admin->insertEmp()
#1 C:\xampp\htdocs\NsoftDev\ci4new\vendor\codeigniter4\framework\system\CodeIgniter.php(439): CodeIgniter\CodeIgniter->runController(Object(App\Controllers\Admin))
#2 C:\xampp\htdocs\NsoftDev\ci4new\vendor\codeigniter4\framework\system\CodeIgniter.php(339): CodeIgniter\CodeIgniter->handleRequest(NULL, Object(Config\Cache), false)
#3 C:\xampp\htdocs\NsoftDev\ci4new\public\index.php(36): CodeIgniter\CodeIgniter->run()
#4 C:\xampp\htdocs\NsoftDev\ci4new\vendor\codeigniter4\framework\system\Commands\Server\rewrite.php(45): require_once('C:\\xampp\\htdocs...')
#5 {main}
CRITICAL - 2021-07-03 02:50:30 --> Call to a member function hasMoved() on null
#0 C:\xampp\htdocs\NsoftDev\ci4new\vendor\codeigniter4\framework\system\CodeIgniter.php(931): App\Controllers\Admin->insertEmp()
#1 C:\xampp\htdocs\NsoftDev\ci4new\vendor\codeigniter4\framework\system\CodeIgniter.php(439): CodeIgniter\CodeIgniter->runController(Object(App\Controllers\Admin))
#2 C:\xampp\htdocs\NsoftDev\ci4new\vendor\codeigniter4\framework\system\CodeIgniter.php(339): CodeIgniter\CodeIgniter->handleRequest(NULL, Object(Config\Cache), false)
#3 C:\xampp\htdocs\NsoftDev\ci4new\public\index.php(36): CodeIgniter\CodeIgniter->run()
#4 C:\xampp\htdocs\NsoftDev\ci4new\vendor\codeigniter4\framework\system\Commands\Server\rewrite.php(45): require_once('C:\\xampp\\htdocs...')
#5 {main}
CRITICAL - 2021-07-03 02:51:30 --> Undefined variable: imageName
#0 C:\xampp\htdocs\NsoftDev\ci4new\app\Controllers\Admin.php(47): CodeIgniter\Debug\Exceptions->errorHandler(8, 'Undefined varia...', 'C:\\xampp\\htdocs...', 47, Array)
#1 C:\xampp\htdocs\NsoftDev\ci4new\vendor\codeigniter4\framework\system\CodeIgniter.php(931): App\Controllers\Admin->insertEmp()
#2 C:\xampp\htdocs\NsoftDev\ci4new\vendor\codeigniter4\framework\system\CodeIgniter.php(439): CodeIgniter\CodeIgniter->runController(Object(App\Controllers\Admin))
#3 C:\xampp\htdocs\NsoftDev\ci4new\vendor\codeigniter4\framework\system\CodeIgniter.php(339): CodeIgniter\CodeIgniter->handleRequest(NULL, Object(Config\Cache), false)
#4 C:\xampp\htdocs\NsoftDev\ci4new\public\index.php(36): CodeIgniter\CodeIgniter->run()
#5 C:\xampp\htdocs\NsoftDev\ci4new\vendor\codeigniter4\framework\system\Commands\Server\rewrite.php(45): require_once('C:\\xampp\\htdocs...')
#6 {main}
CRITICAL - 2021-07-03 03:12:03 --> Cannot use empty array elements in arrays
#0 [internal function]: CodeIgniter\Debug\Exceptions->shutdownHandler()
#1 {main}
CRITICAL - 2021-07-03 04:05:53 --> unlink(C:\xampp\htdocs\NsoftDev\ci4new\app\upload/): No such file or directory
#0 [internal function]: CodeIgniter\Debug\Exceptions->errorHandler(2, 'unlink(C:\\xampp...', 'C:\\xampp\\htdocs...', 94, Array)
#1 C:\xampp\htdocs\NsoftDev\ci4new\app\Controllers\Admin.php(94): unlink('C:\\xampp\\htdocs...')
#2 C:\xampp\htdocs\NsoftDev\ci4new\vendor\codeigniter4\framework\system\CodeIgniter.php(931): App\Controllers\Admin->deleteEmp()
#3 C:\xampp\htdocs\NsoftDev\ci4new\vendor\codeigniter4\framework\system\CodeIgniter.php(439): CodeIgniter\CodeIgniter->runController(Object(App\Controllers\Admin))
#4 C:\xampp\htdocs\NsoftDev\ci4new\vendor\codeigniter4\framework\system\CodeIgniter.php(339): CodeIgniter\CodeIgniter->handleRequest(NULL, Object(Config\Cache), false)
#5 C:\xampp\htdocs\NsoftDev\ci4new\public\index.php(36): CodeIgniter\CodeIgniter->run()
#6 C:\xampp\htdocs\NsoftDev\ci4new\vendor\codeigniter4\framework\system\Commands\Server\rewrite.php(45): require_once('C:\\xampp\\htdocs...')
#7 {main}
CRITICAL - 2021-07-03 04:06:10 --> unlink(C:\xampp\htdocs\NsoftDev\ci4new\app\upload/DSC03366.JPG): No such file or directory
#0 [internal function]: CodeIgniter\Debug\Exceptions->errorHandler(2, 'unlink(C:\\xampp...', 'C:\\xampp\\htdocs...', 94, Array)
#1 C:\xampp\htdocs\NsoftDev\ci4new\app\Controllers\Admin.php(94): unlink('C:\\xampp\\htdocs...')
#2 C:\xampp\htdocs\NsoftDev\ci4new\vendor\codeigniter4\framework\system\CodeIgniter.php(931): App\Controllers\Admin->deleteEmp()
#3 C:\xampp\htdocs\NsoftDev\ci4new\vendor\codeigniter4\framework\system\CodeIgniter.php(439): CodeIgniter\CodeIgniter->runController(Object(App\Controllers\Admin))
#4 C:\xampp\htdocs\NsoftDev\ci4new\vendor\codeigniter4\framework\system\CodeIgniter.php(339): CodeIgniter\CodeIgniter->handleRequest(NULL, Object(Config\Cache), false)
#5 C:\xampp\htdocs\NsoftDev\ci4new\public\index.php(36): CodeIgniter\CodeIgniter->run()
#6 C:\xampp\htdocs\NsoftDev\ci4new\vendor\codeigniter4\framework\system\Commands\Server\rewrite.php(45): require_once('C:\\xampp\\htdocs...')
#7 {main}
CRITICAL - 2021-07-03 04:06:12 --> unlink(C:\xampp\htdocs\NsoftDev\ci4new\app\upload/DSC03366.JPG): No such file or directory
#0 [internal function]: CodeIgniter\Debug\Exceptions->errorHandler(2, 'unlink(C:\\xampp...', 'C:\\xampp\\htdocs...', 94, Array)
#1 C:\xampp\htdocs\NsoftDev\ci4new\app\Controllers\Admin.php(94): unlink('C:\\xampp\\htdocs...')
#2 C:\xampp\htdocs\NsoftDev\ci4new\vendor\codeigniter4\framework\system\CodeIgniter.php(931): App\Controllers\Admin->deleteEmp()
#3 C:\xampp\htdocs\NsoftDev\ci4new\vendor\codeigniter4\framework\system\CodeIgniter.php(439): CodeIgniter\CodeIgniter->runController(Object(App\Controllers\Admin))
#4 C:\xampp\htdocs\NsoftDev\ci4new\vendor\codeigniter4\framework\system\CodeIgniter.php(339): CodeIgniter\CodeIgniter->handleRequest(NULL, Object(Config\Cache), false)
#5 C:\xampp\htdocs\NsoftDev\ci4new\public\index.php(36): CodeIgniter\CodeIgniter->run()
#6 C:\xampp\htdocs\NsoftDev\ci4new\vendor\codeigniter4\framework\system\Commands\Server\rewrite.php(45): require_once('C:\\xampp\\htdocs...')
#7 {main}
CRITICAL - 2021-07-03 04:06:22 --> Deletes are not allowed unless they contain a "where" or "like" clause.
#0 C:\xampp\htdocs\NsoftDev\ci4new\vendor\codeigniter4\framework\system\Model.php(392): CodeIgniter\Database\BaseBuilder->delete()
#1 C:\xampp\htdocs\NsoftDev\ci4new\vendor\codeigniter4\framework\system\BaseModel.php(1025): CodeIgniter\Model->doDelete(NULL, false)
#2 C:\xampp\htdocs\NsoftDev\ci4new\app\Controllers\Admin.php(91): CodeIgniter\BaseModel->delete(NULL)
#3 C:\xampp\htdocs\NsoftDev\ci4new\vendor\codeigniter4\framework\system\CodeIgniter.php(931): App\Controllers\Admin->deleteEmp()
#4 C:\xampp\htdocs\NsoftDev\ci4new\vendor\codeigniter4\framework\system\CodeIgniter.php(439): CodeIgniter\CodeIgniter->runController(Object(App\Controllers\Admin))
#5 C:\xampp\htdocs\NsoftDev\ci4new\vendor\codeigniter4\framework\system\CodeIgniter.php(339): CodeIgniter\CodeIgniter->handleRequest(NULL, Object(Config\Cache), false)
#6 C:\xampp\htdocs\NsoftDev\ci4new\public\index.php(36): CodeIgniter\CodeIgniter->run()
#7 C:\xampp\htdocs\NsoftDev\ci4new\vendor\codeigniter4\framework\system\Commands\Server\rewrite.php(45): require_once('C:\\xampp\\htdocs...')
#8 {main}
CRITICAL - 2021-07-03 04:06:32 --> unlink(C:\xampp\htdocs\NsoftDev\ci4new\app\upload/DSC03366.JPG): No such file or directory
#0 [internal function]: CodeIgniter\Debug\Exceptions->errorHandler(2, 'unlink(C:\\xampp...', 'C:\\xampp\\htdocs...', 94, Array)
#1 C:\xampp\htdocs\NsoftDev\ci4new\app\Controllers\Admin.php(94): unlink('C:\\xampp\\htdocs...')
#2 C:\xampp\htdocs\NsoftDev\ci4new\vendor\codeigniter4\framework\system\CodeIgniter.php(931): App\Controllers\Admin->deleteEmp()
#3 C:\xampp\htdocs\NsoftDev\ci4new\vendor\codeigniter4\framework\system\CodeIgniter.php(439): CodeIgniter\CodeIgniter->runController(Object(App\Controllers\Admin))
#4 C:\xampp\htdocs\NsoftDev\ci4new\vendor\codeigniter4\framework\system\CodeIgniter.php(339): CodeIgniter\CodeIgniter->handleRequest(NULL, Object(Config\Cache), false)
#5 C:\xampp\htdocs\NsoftDev\ci4new\public\index.php(36): CodeIgniter\CodeIgniter->run()
#6 C:\xampp\htdocs\NsoftDev\ci4new\vendor\codeigniter4\framework\system\Commands\Server\rewrite.php(45): require_once('C:\\xampp\\htdocs...')
#7 {main}
CRITICAL - 2021-07-03 04:08:20 --> unlink(C:\xampp\htdocs\NsoftDev\ci4new\app\upload/DSC03335.JPG): No such file or directory
#0 [internal function]: CodeIgniter\Debug\Exceptions->errorHandler(2, 'unlink(C:\\xampp...', 'C:\\xampp\\htdocs...', 94, Array)
#1 C:\xampp\htdocs\NsoftDev\ci4new\app\Controllers\Admin.php(94): unlink('C:\\xampp\\htdocs...')
#2 C:\xampp\htdocs\NsoftDev\ci4new\vendor\codeigniter4\framework\system\CodeIgniter.php(931): App\Controllers\Admin->deleteEmp()
#3 C:\xampp\htdocs\NsoftDev\ci4new\vendor\codeigniter4\framework\system\CodeIgniter.php(439): CodeIgniter\CodeIgniter->runController(Object(App\Controllers\Admin))
#4 C:\xampp\htdocs\NsoftDev\ci4new\vendor\codeigniter4\framework\system\CodeIgniter.php(339): CodeIgniter\CodeIgniter->handleRequest(NULL, Object(Config\Cache), false)
#5 C:\xampp\htdocs\NsoftDev\ci4new\public\index.php(36): CodeIgniter\CodeIgniter->run()
#6 C:\xampp\htdocs\NsoftDev\ci4new\vendor\codeigniter4\framework\system\Commands\Server\rewrite.php(45): require_once('C:\\xampp\\htdocs...')
#7 {main}
CRITICAL - 2021-07-03 04:09:31 --> unlink(C:\xampp\htdocs\NsoftDev\ci4new\app\uploadDSC03325.JPG): No such file or directory
#0 [internal function]: CodeIgniter\Debug\Exceptions->errorHandler(2, 'unlink(C:\\xampp...', 'C:\\xampp\\htdocs...', 94, Array)
#1 C:\xampp\htdocs\NsoftDev\ci4new\app\Controllers\Admin.php(94): unlink('C:\\xampp\\htdocs...')
#2 C:\xampp\htdocs\NsoftDev\ci4new\vendor\codeigniter4\framework\system\CodeIgniter.php(931): App\Controllers\Admin->deleteEmp()
#3 C:\xampp\htdocs\NsoftDev\ci4new\vendor\codeigniter4\framework\system\CodeIgniter.php(439): CodeIgniter\CodeIgniter->runController(Object(App\Controllers\Admin))
#4 C:\xampp\htdocs\NsoftDev\ci4new\vendor\codeigniter4\framework\system\CodeIgniter.php(339): CodeIgniter\CodeIgniter->handleRequest(NULL, Object(Config\Cache), false)
#5 C:\xampp\htdocs\NsoftDev\ci4new\public\index.php(36): CodeIgniter\CodeIgniter->run()
#6 C:\xampp\htdocs\NsoftDev\ci4new\vendor\codeigniter4\framework\system\Commands\Server\rewrite.php(45): require_once('C:\\xampp\\htdocs...')
#7 {main}
CRITICAL - 2021-07-03 07:14:20 --> Invalid argument supplied for foreach()
#0 C:\xampp\htdocs\NsoftDev\ci4new\app\Views\f_admin\index.php(13): CodeIgniter\Debug\Exceptions->errorHandler(2, 'Invalid argumen...', 'C:\\xampp\\htdocs...', 13, Array)
#1 C:\xampp\htdocs\NsoftDev\ci4new\vendor\codeigniter4\framework\system\View\View.php(230): include('C:\\xampp\\htdocs...')
#2 C:\xampp\htdocs\NsoftDev\ci4new\vendor\codeigniter4\framework\system\View\View.php(232): CodeIgniter\View\View->CodeIgniter\View\{closure}()
#3 C:\xampp\htdocs\NsoftDev\ci4new\vendor\codeigniter4\framework\system\Common.php(1250): CodeIgniter\View\View->render('f_admin/index', Array, true)
#4 C:\xampp\htdocs\NsoftDev\ci4new\app\Controllers\Admin.php(25): view('f_admin/index', Array)
#5 C:\xampp\htdocs\NsoftDev\ci4new\vendor\codeigniter4\framework\system\CodeIgniter.php(931): App\Controllers\Admin->index()
#6 C:\xampp\htdocs\NsoftDev\ci4new\vendor\codeigniter4\framework\system\CodeIgniter.php(439): CodeIgniter\CodeIgniter->runController(Object(App\Controllers\Admin))
#7 C:\xampp\htdocs\NsoftDev\ci4new\vendor\codeigniter4\framework\system\CodeIgniter.php(339): CodeIgniter\CodeIgniter->handleRequest(NULL, Object(Config\Cache), false)
#8 C:\xampp\htdocs\NsoftDev\ci4new\public\index.php(36): CodeIgniter\CodeIgniter->run()
#9 C:\xampp\htdocs\NsoftDev\ci4new\vendor\codeigniter4\framework\system\Commands\Server\rewrite.php(45): require_once('C:\\xampp\\htdocs...')
#10 {main}
CRITICAL - 2021-07-03 07:14:44 --> syntax error, unexpected '}', expecting ',' or ';'
#0 C:\xampp\htdocs\NsoftDev\ci4new\vendor\codeigniter4\framework\system\View\View.php(232): CodeIgniter\View\View->CodeIgniter\View\{closure}()
#1 C:\xampp\htdocs\NsoftDev\ci4new\vendor\codeigniter4\framework\system\Common.php(1250): CodeIgniter\View\View->render('f_admin/index', Array, true)
#2 C:\xampp\htdocs\NsoftDev\ci4new\app\Controllers\Admin.php(25): view('f_admin/index', Array)
#3 C:\xampp\htdocs\NsoftDev\ci4new\vendor\codeigniter4\framework\system\CodeIgniter.php(931): App\Controllers\Admin->index()
#4 C:\xampp\htdocs\NsoftDev\ci4new\vendor\codeigniter4\framework\system\CodeIgniter.php(439): CodeIgniter\CodeIgniter->runController(Object(App\Controllers\Admin))
#5 C:\xampp\htdocs\NsoftDev\ci4new\vendor\codeigniter4\framework\system\CodeIgniter.php(339): CodeIgniter\CodeIgniter->handleRequest(NULL, Object(Config\Cache), false)
#6 C:\xampp\htdocs\NsoftDev\ci4new\public\index.php(36): CodeIgniter\CodeIgniter->run()
#7 C:\xampp\htdocs\NsoftDev\ci4new\vendor\codeigniter4\framework\system\Commands\Server\rewrite.php(45): require_once('C:\\xampp\\htdocs...')
#8 {main}
CRITICAL - 2021-07-03 07:14:50 --> Invalid argument supplied for foreach()
#0 C:\xampp\htdocs\NsoftDev\ci4new\app\Views\f_admin\index.php(13): CodeIgniter\Debug\Exceptions->errorHandler(2, 'Invalid argumen...', 'C:\\xampp\\htdocs...', 13, Array)
#1 C:\xampp\htdocs\NsoftDev\ci4new\vendor\codeigniter4\framework\system\View\View.php(230): include('C:\\xampp\\htdocs...')
#2 C:\xampp\htdocs\NsoftDev\ci4new\vendor\codeigniter4\framework\system\View\View.php(232): CodeIgniter\View\View->CodeIgniter\View\{closure}()
#3 C:\xampp\htdocs\NsoftDev\ci4new\vendor\codeigniter4\framework\system\Common.php(1250): CodeIgniter\View\View->render('f_admin/index', Array, true)
#4 C:\xampp\htdocs\NsoftDev\ci4new\app\Controllers\Admin.php(25): view('f_admin/index', Array)
#5 C:\xampp\htdocs\NsoftDev\ci4new\vendor\codeigniter4\framework\system\CodeIgniter.php(931): App\Controllers\Admin->index()
#6 C:\xampp\htdocs\NsoftDev\ci4new\vendor\codeigniter4\framework\system\CodeIgniter.php(439): CodeIgniter\CodeIgniter->runController(Object(App\Controllers\Admin))
#7 C:\xampp\htdocs\NsoftDev\ci4new\vendor\codeigniter4\framework\system\CodeIgniter.php(339): CodeIgniter\CodeIgniter->handleRequest(NULL, Object(Config\Cache), false)
#8 C:\xampp\htdocs\NsoftDev\ci4new\public\index.php(36): CodeIgniter\CodeIgniter->run()
#9 C:\xampp\htdocs\NsoftDev\ci4new\vendor\codeigniter4\framework\system\Commands\Server\rewrite.php(45): require_once('C:\\xampp\\htdocs...')
#10 {main}
CRITICAL - 2021-07-03 07:32:08 --> Call to undefined method CodeIgniter\Session\Session::flash()
#0 C:\xampp\htdocs\NsoftDev\ci4new\vendor\codeigniter4\framework\system\View\View.php(230): include()
#1 C:\xampp\htdocs\NsoftDev\ci4new\vendor\codeigniter4\framework\system\View\View.php(232): CodeIgniter\View\View->CodeIgniter\View\{closure}()
#2 C:\xampp\htdocs\NsoftDev\ci4new\vendor\codeigniter4\framework\system\Common.php(1250): CodeIgniter\View\View->render('f_admin/index', Array, true)
#3 C:\xampp\htdocs\NsoftDev\ci4new\app\Controllers\Admin.php(25): view('f_admin/index', Array)
#4 C:\xampp\htdocs\NsoftDev\ci4new\vendor\codeigniter4\framework\system\CodeIgniter.php(931): App\Controllers\Admin->index()
#5 C:\xampp\htdocs\NsoftDev\ci4new\vendor\codeigniter4\framework\system\CodeIgniter.php(439): CodeIgniter\CodeIgniter->runController(Object(App\Controllers\Admin))
#6 C:\xampp\htdocs\NsoftDev\ci4new\vendor\codeigniter4\framework\system\CodeIgniter.php(339): CodeIgniter\CodeIgniter->handleRequest(NULL, Object(Config\Cache), false)
#7 C:\xampp\htdocs\NsoftDev\ci4new\public\index.php(36): CodeIgniter\CodeIgniter->run()
#8 C:\xampp\htdocs\NsoftDev\ci4new\vendor\codeigniter4\framework\system\Commands\Server\rewrite.php(45): require_once('C:\\xampp\\htdocs...')
#9 {main}
CRITICAL - 2021-07-03 07:32:54 --> Call to undefined method CodeIgniter\Session\Session::userdata()
#0 C:\xampp\htdocs\NsoftDev\ci4new\vendor\codeigniter4\framework\system\View\View.php(230): include()
#1 C:\xampp\htdocs\NsoftDev\ci4new\vendor\codeigniter4\framework\system\View\View.php(232): CodeIgniter\View\View->CodeIgniter\View\{closure}()
#2 C:\xampp\htdocs\NsoftDev\ci4new\vendor\codeigniter4\framework\system\Common.php(1250): CodeIgniter\View\View->render('f_admin/index', Array, true)
#3 C:\xampp\htdocs\NsoftDev\ci4new\app\Controllers\Admin.php(25): view('f_admin/index', Array)
#4 C:\xampp\htdocs\NsoftDev\ci4new\vendor\codeigniter4\framework\system\CodeIgniter.php(931): App\Controllers\Admin->index()
#5 C:\xampp\htdocs\NsoftDev\ci4new\vendor\codeigniter4\framework\system\CodeIgniter.php(439): CodeIgniter\CodeIgniter->runController(Object(App\Controllers\Admin))
#6 C:\xampp\htdocs\NsoftDev\ci4new\vendor\codeigniter4\framework\system\CodeIgniter.php(339): CodeIgniter\CodeIgniter->handleRequest(NULL, Object(Config\Cache), false)
#7 C:\xampp\htdocs\NsoftDev\ci4new\public\index.php(36): CodeIgniter\CodeIgniter->run()
#8 C:\xampp\htdocs\NsoftDev\ci4new\vendor\codeigniter4\framework\system\Commands\Server\rewrite.php(45): require_once('C:\\xampp\\htdocs...')
#9 {main}
CRITICAL - 2021-07-03 07:35:21 --> syntax error, unexpected '->' (T_OBJECT_OPERATOR), expecting ',' or ';'
#0 C:\xampp\htdocs\NsoftDev\ci4new\vendor\codeigniter4\framework\system\View\View.php(232): CodeIgniter\View\View->CodeIgniter\View\{closure}()
#1 C:\xampp\htdocs\NsoftDev\ci4new\vendor\codeigniter4\framework\system\Common.php(1250): CodeIgniter\View\View->render('f_admin/index', Array, true)
#2 C:\xampp\htdocs\NsoftDev\ci4new\app\Controllers\Admin.php(25): view('f_admin/index', Array)
#3 C:\xampp\htdocs\NsoftDev\ci4new\vendor\codeigniter4\framework\system\CodeIgniter.php(931): App\Controllers\Admin->index()
#4 C:\xampp\htdocs\NsoftDev\ci4new\vendor\codeigniter4\framework\system\CodeIgniter.php(439): CodeIgniter\CodeIgniter->runController(Object(App\Controllers\Admin))
#5 C:\xampp\htdocs\NsoftDev\ci4new\vendor\codeigniter4\framework\system\CodeIgniter.php(339): CodeIgniter\CodeIgniter->handleRequest(NULL, Object(Config\Cache), false)
#6 C:\xampp\htdocs\NsoftDev\ci4new\public\index.php(36): CodeIgniter\CodeIgniter->run()
#7 C:\xampp\htdocs\NsoftDev\ci4new\vendor\codeigniter4\framework\system\Commands\Server\rewrite.php(45): require_once('C:\\xampp\\htdocs...')
#8 {main}
CRITICAL - 2021-07-03 07:35:27 --> syntax error, unexpected '->' (T_OBJECT_OPERATOR), expecting ',' or ';'
#0 C:\xampp\htdocs\NsoftDev\ci4new\vendor\codeigniter4\framework\system\View\View.php(232): CodeIgniter\View\View->CodeIgniter\View\{closure}()
#1 C:\xampp\htdocs\NsoftDev\ci4new\vendor\codeigniter4\framework\system\Common.php(1250): CodeIgniter\View\View->render('f_admin/index', Array, true)
#2 C:\xampp\htdocs\NsoftDev\ci4new\app\Controllers\Admin.php(25): view('f_admin/index', Array)
#3 C:\xampp\htdocs\NsoftDev\ci4new\vendor\codeigniter4\framework\system\CodeIgniter.php(931): App\Controllers\Admin->index()
#4 C:\xampp\htdocs\NsoftDev\ci4new\vendor\codeigniter4\framework\system\CodeIgniter.php(439): CodeIgniter\CodeIgniter->runController(Object(App\Controllers\Admin))
#5 C:\xampp\htdocs\NsoftDev\ci4new\vendor\codeigniter4\framework\system\CodeIgniter.php(339): CodeIgniter\CodeIgniter->handleRequest(NULL, Object(Config\Cache), false)
#6 C:\xampp\htdocs\NsoftDev\ci4new\public\index.php(36): CodeIgniter\CodeIgniter->run()
#7 C:\xampp\htdocs\NsoftDev\ci4new\vendor\codeigniter4\framework\system\Commands\Server\rewrite.php(45): require_once('C:\\xampp\\htdocs...')
#8 {main}
CRITICAL - 2021-07-03 07:35:47 --> Undefined variable: session
#0 C:\xampp\htdocs\NsoftDev\ci4new\app\Views\f_admin\index.php(13): CodeIgniter\Debug\Exceptions->errorHandler(8, 'Undefined varia...', 'C:\\xampp\\htdocs...', 13, Array)
#1 C:\xampp\htdocs\NsoftDev\ci4new\vendor\codeigniter4\framework\system\View\View.php(230): include('C:\\xampp\\htdocs...')
#2 C:\xampp\htdocs\NsoftDev\ci4new\vendor\codeigniter4\framework\system\View\View.php(232): CodeIgniter\View\View->CodeIgniter\View\{closure}()
#3 C:\xampp\htdocs\NsoftDev\ci4new\vendor\codeigniter4\framework\system\Common.php(1250): CodeIgniter\View\View->render('f_admin/index', Array, true)
#4 C:\xampp\htdocs\NsoftDev\ci4new\app\Controllers\Admin.php(25): view('f_admin/index', Array)
#5 C:\xampp\htdocs\NsoftDev\ci4new\vendor\codeigniter4\framework\system\CodeIgniter.php(931): App\Controllers\Admin->index()
#6 C:\xampp\htdocs\NsoftDev\ci4new\vendor\codeigniter4\framework\system\CodeIgniter.php(439): CodeIgniter\CodeIgniter->runController(Object(App\Controllers\Admin))
#7 C:\xampp\htdocs\NsoftDev\ci4new\vendor\codeigniter4\framework\system\CodeIgniter.php(339): CodeIgniter\CodeIgniter->handleRequest(NULL, Object(Config\Cache), false)
#8 C:\xampp\htdocs\NsoftDev\ci4new\public\index.php(36): CodeIgniter\CodeIgniter->run()
#9 C:\xampp\htdocs\NsoftDev\ci4new\vendor\codeigniter4\framework\system\Commands\Server\rewrite.php(45): require_once('C:\\xampp\\htdocs...')
#10 {main}
CRITICAL - 2021-07-03 07:36:33 --> Undefined variable: session
#0 C:\xampp\htdocs\NsoftDev\ci4new\app\Views\f_admin\index.php(13): CodeIgniter\Debug\Exceptions->errorHandler(8, 'Undefined varia...', 'C:\\xampp\\htdocs...', 13, Array)
#1 C:\xampp\htdocs\NsoftDev\ci4new\vendor\codeigniter4\framework\system\View\View.php(230): include('C:\\xampp\\htdocs...')
#2 C:\xampp\htdocs\NsoftDev\ci4new\vendor\codeigniter4\framework\system\View\View.php(232): CodeIgniter\View\View->CodeIgniter\View\{closure}()
#3 C:\xampp\htdocs\NsoftDev\ci4new\vendor\codeigniter4\framework\system\Common.php(1250): CodeIgniter\View\View->render('f_admin/index', Array, true)
#4 C:\xampp\htdocs\NsoftDev\ci4new\app\Controllers\Admin.php(25): view('f_admin/index', Array)
#5 C:\xampp\htdocs\NsoftDev\ci4new\vendor\codeigniter4\framework\system\CodeIgniter.php(931): App\Controllers\Admin->index()
#6 C:\xampp\htdocs\NsoftDev\ci4new\vendor\codeigniter4\framework\system\CodeIgniter.php(439): CodeIgniter\CodeIgniter->runController(Object(App\Controllers\Admin))
#7 C:\xampp\htdocs\NsoftDev\ci4new\vendor\codeigniter4\framework\system\CodeIgniter.php(339): CodeIgniter\CodeIgniter->handleRequest(NULL, Object(Config\Cache), false)
#8 C:\xampp\htdocs\NsoftDev\ci4new\public\index.php(36): CodeIgniter\CodeIgniter->run()
#9 C:\xampp\htdocs\NsoftDev\ci4new\vendor\codeigniter4\framework\system\Commands\Server\rewrite.php(45): require_once('C:\\xampp\\htdocs...')
#10 {main}
CRITICAL - 2021-07-03 07:38:32 --> Undefined variable: userInfo
#0 C:\xampp\htdocs\NsoftDev\ci4new\app\Views\f_layout\admin_layout.php(45): CodeIgniter\Debug\Exceptions->errorHandler(8, 'Undefined varia...', 'C:\\xampp\\htdocs...', 45, Array)
#1 C:\xampp\htdocs\NsoftDev\ci4new\vendor\codeigniter4\framework\system\View\View.php(230): include('C:\\xampp\\htdocs...')
#2 C:\xampp\htdocs\NsoftDev\ci4new\vendor\codeigniter4\framework\system\View\View.php(232): CodeIgniter\View\View->CodeIgniter\View\{closure}()
#3 C:\xampp\htdocs\NsoftDev\ci4new\vendor\codeigniter4\framework\system\View\View.php(246): CodeIgniter\View\View->render('f_layout/admin_...', Array, true)
#4 C:\xampp\htdocs\NsoftDev\ci4new\vendor\codeigniter4\framework\system\Common.php(1250): CodeIgniter\View\View->render('f_admin/index', Array, true)
#5 C:\xampp\htdocs\NsoftDev\ci4new\app\Controllers\Admin.php(25): view('f_admin/index', Array)
#6 C:\xampp\htdocs\NsoftDev\ci4new\vendor\codeigniter4\framework\system\CodeIgniter.php(931): App\Controllers\Admin->index()
#7 C:\xampp\htdocs\NsoftDev\ci4new\vendor\codeigniter4\framework\system\CodeIgniter.php(439): CodeIgniter\CodeIgniter->runController(Object(App\Controllers\Admin))
#8 C:\xampp\htdocs\NsoftDev\ci4new\vendor\codeigniter4\framework\system\CodeIgniter.php(339): CodeIgniter\CodeIgniter->handleRequest(NULL, Object(Config\Cache), false)
#9 C:\xampp\htdocs\NsoftDev\ci4new\public\index.php(36): CodeIgniter\CodeIgniter->run()
#10 C:\xampp\htdocs\NsoftDev\ci4new\vendor\codeigniter4\framework\system\Commands\Server\rewrite.php(45): require_once('C:\\xampp\\htdocs...')
#11 {main}
CRITICAL - 2021-07-03 22:26:17 --> Undefined variable: title
#0 C:\xampp\htdocs\NsoftDev\ci4new\app\Views\f_layout\login_layout.php(18): CodeIgniter\Debug\Exceptions->errorHandler(8, 'Undefined varia...', 'C:\\xampp\\htdocs...', 18, Array)
#1 C:\xampp\htdocs\NsoftDev\ci4new\vendor\codeigniter4\framework\system\View\View.php(230): include('C:\\xampp\\htdocs...')
#2 C:\xampp\htdocs\NsoftDev\ci4new\vendor\codeigniter4\framework\system\View\View.php(232): CodeIgniter\View\View->CodeIgniter\View\{closure}()
#3 C:\xampp\htdocs\NsoftDev\ci4new\vendor\codeigniter4\framework\system\View\View.php(246): CodeIgniter\View\View->render('f_layout/login_...', Array, true)
#4 C:\xampp\htdocs\NsoftDev\ci4new\vendor\codeigniter4\framework\system\Common.php(1250): CodeIgniter\View\View->render('f_login/index', Array, true)
#5 C:\xampp\htdocs\NsoftDev\ci4new\app\Controllers\Login.php(62): view('f_login/index')
#6 C:\xampp\htdocs\NsoftDev\ci4new\vendor\codeigniter4\framework\system\CodeIgniter.php(931): App\Controllers\Login->validation()
#7 C:\xampp\htdocs\NsoftDev\ci4new\vendor\codeigniter4\framework\system\CodeIgniter.php(439): CodeIgniter\CodeIgniter->runController(Object(App\Controllers\Login))
#8 C:\xampp\htdocs\NsoftDev\ci4new\vendor\codeigniter4\framework\system\CodeIgniter.php(339): CodeIgniter\CodeIgniter->handleRequest(NULL, Object(Config\Cache), false)
#9 C:\xampp\htdocs\NsoftDev\ci4new\public\index.php(36): CodeIgniter\CodeIgniter->run()
#10 C:\xampp\htdocs\NsoftDev\ci4new\vendor\codeigniter4\framework\system\Commands\Server\rewrite.php(45): require_once('C:\\xampp\\htdocs...')
#11 {main}
