CRITICAL - 2022-07-21 06:21:29 --> syntax error, unexpected token "echo"
#0 G:\INHS WEBSITE\INHS_Integrated_v3\vendor\codeigniter4\framework\system\Autoloader\Autoloader.php(282): CodeIgniter\Autoloader\Autoloader->includeFile('G:\\INHS WEBSITE...')
#1 G:\INHS WEBSITE\INHS_Integrated_v3\vendor\codeigniter4\framework\system\Autoloader\Autoloader.php(247): CodeIgniter\Autoloader\Autoloader->loadInNamespace('App\\Controllers...')
#2 [internal function]: CodeIgniter\Autoloader\Autoloader->loadClass('App\\Controllers...')
#3 G:\INHS WEBSITE\INHS_Integrated_v3\vendor\codeigniter4\framework\system\CodeIgniter.php(888): class_exists('\\App\\Controller...', true)
#4 G:\INHS WEBSITE\INHS_Integrated_v3\vendor\codeigniter4\framework\system\CodeIgniter.php(424): CodeIgniter\CodeIgniter->startController()
#5 G:\INHS WEBSITE\INHS_Integrated_v3\vendor\codeigniter4\framework\system\CodeIgniter.php(339): CodeIgniter\CodeIgniter->handleRequest(NULL, Object(Config\Cache), false)
#6 G:\INHS WEBSITE\INHS_Integrated_v3\public\index.php(36): CodeIgniter\CodeIgniter->run()
#7 G:\INHS WEBSITE\INHS_Integrated_v3\vendor\codeigniter4\framework\system\Commands\Server\rewrite.php(45): require_once('G:\\INHS WEBSITE...')
#8 {main}
CRITICAL - 2022-07-21 06:33:21 --> syntax error, unexpected identifier "he_code", expecting "," or ";"
#0 G:\INHS WEBSITE\INHS_Integrated_v3\vendor\codeigniter4\framework\system\View\View.php(232): CodeIgniter\View\View->CodeIgniter\View\{closure}()
#1 G:\INHS WEBSITE\INHS_Integrated_v3\vendor\codeigniter4\framework\system\Common.php(1250): CodeIgniter\View\View->render('f_enrollment/sh...', Array, true)
#2 G:\INHS WEBSITE\INHS_Integrated_v3\app\Controllers\Enrollment.php(70): view('f_enrollment/sh...', Array)
#3 G:\INHS WEBSITE\INHS_Integrated_v3\vendor\codeigniter4\framework\system\CodeIgniter.php(931): App\Controllers\Enrollment->shsEnrollmentForm()
#4 G:\INHS WEBSITE\INHS_Integrated_v3\vendor\codeigniter4\framework\system\CodeIgniter.php(439): CodeIgniter\CodeIgniter->runController(Object(App\Controllers\Enrollment))
#5 G:\INHS WEBSITE\INHS_Integrated_v3\vendor\codeigniter4\framework\system\CodeIgniter.php(339): CodeIgniter\CodeIgniter->handleRequest(NULL, Object(Config\Cache), false)
#6 G:\INHS WEBSITE\INHS_Integrated_v3\public\index.php(36): CodeIgniter\CodeIgniter->run()
#7 G:\INHS WEBSITE\INHS_Integrated_v3\vendor\codeigniter4\framework\system\Commands\Server\rewrite.php(45): require_once('G:\\INHS WEBSITE...')
#8 {main}
CRITICAL - 2022-07-21 06:35:13 --> syntax error, unexpected variable "$he", expecting "," or ";"
#0 G:\INHS WEBSITE\INHS_Integrated_v3\vendor\codeigniter4\framework\system\View\View.php(232): CodeIgniter\View\View->CodeIgniter\View\{closure}()
#1 G:\INHS WEBSITE\INHS_Integrated_v3\vendor\codeigniter4\framework\system\Common.php(1250): CodeIgniter\View\View->render('f_enrollment/sh...', Array, true)
#2 G:\INHS WEBSITE\INHS_Integrated_v3\app\Controllers\Enrollment.php(70): view('f_enrollment/sh...', Array)
#3 G:\INHS WEBSITE\INHS_Integrated_v3\vendor\codeigniter4\framework\system\CodeIgniter.php(931): App\Controllers\Enrollment->shsEnrollmentForm()
#4 G:\INHS WEBSITE\INHS_Integrated_v3\vendor\codeigniter4\framework\system\CodeIgniter.php(439): CodeIgniter\CodeIgniter->runController(Object(App\Controllers\Enrollment))
#5 G:\INHS WEBSITE\INHS_Integrated_v3\vendor\codeigniter4\framework\system\CodeIgniter.php(339): CodeIgniter\CodeIgniter->handleRequest(NULL, Object(Config\Cache), false)
#6 G:\INHS WEBSITE\INHS_Integrated_v3\public\index.php(36): CodeIgniter\CodeIgniter->run()
#7 G:\INHS WEBSITE\INHS_Integrated_v3\vendor\codeigniter4\framework\system\Commands\Server\rewrite.php(45): require_once('G:\\INHS WEBSITE...')
#8 {main}
CRITICAL - 2022-07-21 06:35:46 --> syntax error, unexpected variable "$he", expecting "," or ";"
#0 G:\INHS WEBSITE\INHS_Integrated_v3\vendor\codeigniter4\framework\system\View\View.php(232): CodeIgniter\View\View->CodeIgniter\View\{closure}()
#1 G:\INHS WEBSITE\INHS_Integrated_v3\vendor\codeigniter4\framework\system\Common.php(1250): CodeIgniter\View\View->render('f_enrollment/sh...', Array, true)
#2 G:\INHS WEBSITE\INHS_Integrated_v3\app\Controllers\Enrollment.php(70): view('f_enrollment/sh...', Array)
#3 G:\INHS WEBSITE\INHS_Integrated_v3\vendor\codeigniter4\framework\system\CodeIgniter.php(931): App\Controllers\Enrollment->shsEnrollmentForm()
#4 G:\INHS WEBSITE\INHS_Integrated_v3\vendor\codeigniter4\framework\system\CodeIgniter.php(439): CodeIgniter\CodeIgniter->runController(Object(App\Controllers\Enrollment))
#5 G:\INHS WEBSITE\INHS_Integrated_v3\vendor\codeigniter4\framework\system\CodeIgniter.php(339): CodeIgniter\CodeIgniter->handleRequest(NULL, Object(Config\Cache), false)
#6 G:\INHS WEBSITE\INHS_Integrated_v3\public\index.php(36): CodeIgniter\CodeIgniter->run()
#7 G:\INHS WEBSITE\INHS_Integrated_v3\vendor\codeigniter4\framework\system\Commands\Server\rewrite.php(45): require_once('G:\\INHS WEBSITE...')
#8 {main}
CRITICAL - 2022-07-21 06:35:49 --> syntax error, unexpected variable "$he", expecting "," or ";"
#0 G:\INHS WEBSITE\INHS_Integrated_v3\vendor\codeigniter4\framework\system\View\View.php(232): CodeIgniter\View\View->CodeIgniter\View\{closure}()
#1 G:\INHS WEBSITE\INHS_Integrated_v3\vendor\codeigniter4\framework\system\Common.php(1250): CodeIgniter\View\View->render('f_enrollment/sh...', Array, true)
#2 G:\INHS WEBSITE\INHS_Integrated_v3\app\Controllers\Enrollment.php(70): view('f_enrollment/sh...', Array)
#3 G:\INHS WEBSITE\INHS_Integrated_v3\vendor\codeigniter4\framework\system\CodeIgniter.php(931): App\Controllers\Enrollment->shsEnrollmentForm()
#4 G:\INHS WEBSITE\INHS_Integrated_v3\vendor\codeigniter4\framework\system\CodeIgniter.php(439): CodeIgniter\CodeIgniter->runController(Object(App\Controllers\Enrollment))
#5 G:\INHS WEBSITE\INHS_Integrated_v3\vendor\codeigniter4\framework\system\CodeIgniter.php(339): CodeIgniter\CodeIgniter->handleRequest(NULL, Object(Config\Cache), false)
#6 G:\INHS WEBSITE\INHS_Integrated_v3\public\index.php(36): CodeIgniter\CodeIgniter->run()
#7 G:\INHS WEBSITE\INHS_Integrated_v3\vendor\codeigniter4\framework\system\Commands\Server\rewrite.php(45): require_once('G:\\INHS WEBSITE...')
#8 {main}
CRITICAL - 2022-07-21 06:37:31 --> syntax error, unexpected variable "$he"
#0 G:\INHS WEBSITE\INHS_Integrated_v3\vendor\codeigniter4\framework\system\View\View.php(232): CodeIgniter\View\View->CodeIgniter\View\{closure}()
#1 G:\INHS WEBSITE\INHS_Integrated_v3\vendor\codeigniter4\framework\system\Common.php(1250): CodeIgniter\View\View->render('f_enrollment/sh...', Array, true)
#2 G:\INHS WEBSITE\INHS_Integrated_v3\app\Controllers\Enrollment.php(70): view('f_enrollment/sh...', Array)
#3 G:\INHS WEBSITE\INHS_Integrated_v3\vendor\codeigniter4\framework\system\CodeIgniter.php(931): App\Controllers\Enrollment->shsEnrollmentForm()
#4 G:\INHS WEBSITE\INHS_Integrated_v3\vendor\codeigniter4\framework\system\CodeIgniter.php(439): CodeIgniter\CodeIgniter->runController(Object(App\Controllers\Enrollment))
#5 G:\INHS WEBSITE\INHS_Integrated_v3\vendor\codeigniter4\framework\system\CodeIgniter.php(339): CodeIgniter\CodeIgniter->handleRequest(NULL, Object(Config\Cache), false)
#6 G:\INHS WEBSITE\INHS_Integrated_v3\public\index.php(36): CodeIgniter\CodeIgniter->run()
#7 G:\INHS WEBSITE\INHS_Integrated_v3\vendor\codeigniter4\framework\system\Commands\Server\rewrite.php(45): require_once('G:\\INHS WEBSITE...')
#8 {main}
CRITICAL - 2022-07-21 06:38:29 --> syntax error, unexpected token "."
#0 G:\INHS WEBSITE\INHS_Integrated_v3\vendor\codeigniter4\framework\system\View\View.php(232): CodeIgniter\View\View->CodeIgniter\View\{closure}()
#1 G:\INHS WEBSITE\INHS_Integrated_v3\vendor\codeigniter4\framework\system\Common.php(1250): CodeIgniter\View\View->render('f_enrollment/sh...', Array, true)
#2 G:\INHS WEBSITE\INHS_Integrated_v3\app\Controllers\Enrollment.php(70): view('f_enrollment/sh...', Array)
#3 G:\INHS WEBSITE\INHS_Integrated_v3\vendor\codeigniter4\framework\system\CodeIgniter.php(931): App\Controllers\Enrollment->shsEnrollmentForm()
#4 G:\INHS WEBSITE\INHS_Integrated_v3\vendor\codeigniter4\framework\system\CodeIgniter.php(439): CodeIgniter\CodeIgniter->runController(Object(App\Controllers\Enrollment))
#5 G:\INHS WEBSITE\INHS_Integrated_v3\vendor\codeigniter4\framework\system\CodeIgniter.php(339): CodeIgniter\CodeIgniter->handleRequest(NULL, Object(Config\Cache), false)
#6 G:\INHS WEBSITE\INHS_Integrated_v3\public\index.php(36): CodeIgniter\CodeIgniter->run()
#7 G:\INHS WEBSITE\INHS_Integrated_v3\vendor\codeigniter4\framework\system\Commands\Server\rewrite.php(45): require_once('G:\\INHS WEBSITE...')
#8 {main}
CRITICAL - 2022-07-21 06:39:05 --> Undefined variable $he
#0 G:\INHS WEBSITE\INHS_Integrated_v3\app\Views\f_enrollment\shs_enrollment_form.php(175): CodeIgniter\Debug\Exceptions->errorHandler(2, 'Undefined varia...', 'G:\\INHS WEBSITE...', 175)
#1 G:\INHS WEBSITE\INHS_Integrated_v3\vendor\codeigniter4\framework\system\View\View.php(230): include('G:\\INHS WEBSITE...')
#2 G:\INHS WEBSITE\INHS_Integrated_v3\vendor\codeigniter4\framework\system\View\View.php(232): CodeIgniter\View\View->CodeIgniter\View\{closure}()
#3 G:\INHS WEBSITE\INHS_Integrated_v3\vendor\codeigniter4\framework\system\Common.php(1250): CodeIgniter\View\View->render('f_enrollment/sh...', Array, true)
#4 G:\INHS WEBSITE\INHS_Integrated_v3\app\Controllers\Enrollment.php(70): view('f_enrollment/sh...', Array)
#5 G:\INHS WEBSITE\INHS_Integrated_v3\vendor\codeigniter4\framework\system\CodeIgniter.php(931): App\Controllers\Enrollment->shsEnrollmentForm()
#6 G:\INHS WEBSITE\INHS_Integrated_v3\vendor\codeigniter4\framework\system\CodeIgniter.php(439): CodeIgniter\CodeIgniter->runController(Object(App\Controllers\Enrollment))
#7 G:\INHS WEBSITE\INHS_Integrated_v3\vendor\codeigniter4\framework\system\CodeIgniter.php(339): CodeIgniter\CodeIgniter->handleRequest(NULL, Object(Config\Cache), false)
#8 G:\INHS WEBSITE\INHS_Integrated_v3\public\index.php(36): CodeIgniter\CodeIgniter->run()
#9 G:\INHS WEBSITE\INHS_Integrated_v3\vendor\codeigniter4\framework\system\Commands\Server\rewrite.php(45): require_once('G:\\INHS WEBSITE...')
#10 {main}
CRITICAL - 2022-07-21 06:42:58 --> Undefined variable $he
#0 G:\INHS WEBSITE\INHS_Integrated_v3\app\Views\f_enrollment\shs_enrollment_form.php(174): CodeIgniter\Debug\Exceptions->errorHandler(2, 'Undefined varia...', 'G:\\INHS WEBSITE...', 174)
#1 G:\INHS WEBSITE\INHS_Integrated_v3\vendor\codeigniter4\framework\system\View\View.php(230): include('G:\\INHS WEBSITE...')
#2 G:\INHS WEBSITE\INHS_Integrated_v3\vendor\codeigniter4\framework\system\View\View.php(232): CodeIgniter\View\View->CodeIgniter\View\{closure}()
#3 G:\INHS WEBSITE\INHS_Integrated_v3\vendor\codeigniter4\framework\system\Common.php(1250): CodeIgniter\View\View->render('f_enrollment/sh...', Array, true)
#4 G:\INHS WEBSITE\INHS_Integrated_v3\app\Controllers\Enrollment.php(70): view('f_enrollment/sh...', Array)
#5 G:\INHS WEBSITE\INHS_Integrated_v3\vendor\codeigniter4\framework\system\CodeIgniter.php(931): App\Controllers\Enrollment->shsEnrollmentForm()
#6 G:\INHS WEBSITE\INHS_Integrated_v3\vendor\codeigniter4\framework\system\CodeIgniter.php(439): CodeIgniter\CodeIgniter->runController(Object(App\Controllers\Enrollment))
#7 G:\INHS WEBSITE\INHS_Integrated_v3\vendor\codeigniter4\framework\system\CodeIgniter.php(339): CodeIgniter\CodeIgniter->handleRequest(NULL, Object(Config\Cache), false)
#8 G:\INHS WEBSITE\INHS_Integrated_v3\public\index.php(36): CodeIgniter\CodeIgniter->run()
#9 G:\INHS WEBSITE\INHS_Integrated_v3\vendor\codeigniter4\framework\system\Commands\Server\rewrite.php(45): require_once('G:\\INHS WEBSITE...')
#10 {main}
CRITICAL - 2022-07-21 06:43:18 --> Undefined variable $he
#0 G:\INHS WEBSITE\INHS_Integrated_v3\app\Views\f_enrollment\shs_enrollment_form.php(174): CodeIgniter\Debug\Exceptions->errorHandler(2, 'Undefined varia...', 'G:\\INHS WEBSITE...', 174)
#1 G:\INHS WEBSITE\INHS_Integrated_v3\vendor\codeigniter4\framework\system\View\View.php(230): include('G:\\INHS WEBSITE...')
#2 G:\INHS WEBSITE\INHS_Integrated_v3\vendor\codeigniter4\framework\system\View\View.php(232): CodeIgniter\View\View->CodeIgniter\View\{closure}()
#3 G:\INHS WEBSITE\INHS_Integrated_v3\vendor\codeigniter4\framework\system\Common.php(1250): CodeIgniter\View\View->render('f_enrollment/sh...', Array, true)
#4 G:\INHS WEBSITE\INHS_Integrated_v3\app\Controllers\Enrollment.php(70): view('f_enrollment/sh...', Array)
#5 G:\INHS WEBSITE\INHS_Integrated_v3\vendor\codeigniter4\framework\system\CodeIgniter.php(931): App\Controllers\Enrollment->shsEnrollmentForm()
#6 G:\INHS WEBSITE\INHS_Integrated_v3\vendor\codeigniter4\framework\system\CodeIgniter.php(439): CodeIgniter\CodeIgniter->runController(Object(App\Controllers\Enrollment))
#7 G:\INHS WEBSITE\INHS_Integrated_v3\vendor\codeigniter4\framework\system\CodeIgniter.php(339): CodeIgniter\CodeIgniter->handleRequest(NULL, Object(Config\Cache), false)
#8 G:\INHS WEBSITE\INHS_Integrated_v3\public\index.php(36): CodeIgniter\CodeIgniter->run()
#9 G:\INHS WEBSITE\INHS_Integrated_v3\vendor\codeigniter4\framework\system\Commands\Server\rewrite.php(45): require_once('G:\\INHS WEBSITE...')
#10 {main}
CRITICAL - 2022-07-21 07:05:37 --> Class "App\Controllers\ShsEnrollmentApplicationModel" not found
#0 G:\INHS WEBSITE\INHS_Integrated_v3\vendor\codeigniter4\framework\system\CodeIgniter.php(931): App\Controllers\Enrollment->submitEnrollmentForm()
#1 G:\INHS WEBSITE\INHS_Integrated_v3\vendor\codeigniter4\framework\system\CodeIgniter.php(439): CodeIgniter\CodeIgniter->runController(Object(App\Controllers\Enrollment))
#2 G:\INHS WEBSITE\INHS_Integrated_v3\vendor\codeigniter4\framework\system\CodeIgniter.php(339): CodeIgniter\CodeIgniter->handleRequest(NULL, Object(Config\Cache), false)
#3 G:\INHS WEBSITE\INHS_Integrated_v3\public\index.php(36): CodeIgniter\CodeIgniter->run()
#4 G:\INHS WEBSITE\INHS_Integrated_v3\vendor\codeigniter4\framework\system\Commands\Server\rewrite.php(45): require_once('G:\\INHS WEBSITE...')
#5 {main}
CRITICAL - 2022-07-21 07:05:59 --> Invalid file: enrollment/success_en_submit.php
#0 G:\INHS WEBSITE\INHS_Integrated_v3\vendor\codeigniter4\framework\system\View\View.php(213): CodeIgniter\Exceptions\FrameworkException::forInvalidFile('enrollment/succ...')
#1 G:\INHS WEBSITE\INHS_Integrated_v3\vendor\codeigniter4\framework\system\Common.php(1250): CodeIgniter\View\View->render('enrollment/succ...', Array, true)
#2 G:\INHS WEBSITE\INHS_Integrated_v3\app\Controllers\Enrollment.php(104): view('enrollment/succ...')
#3 G:\INHS WEBSITE\INHS_Integrated_v3\vendor\codeigniter4\framework\system\CodeIgniter.php(931): App\Controllers\Enrollment->submitEnrollmentForm()
#4 G:\INHS WEBSITE\INHS_Integrated_v3\vendor\codeigniter4\framework\system\CodeIgniter.php(439): CodeIgniter\CodeIgniter->runController(Object(App\Controllers\Enrollment))
#5 G:\INHS WEBSITE\INHS_Integrated_v3\vendor\codeigniter4\framework\system\CodeIgniter.php(339): CodeIgniter\CodeIgniter->handleRequest(NULL, Object(Config\Cache), false)
#6 G:\INHS WEBSITE\INHS_Integrated_v3\public\index.php(36): CodeIgniter\CodeIgniter->run()
#7 G:\INHS WEBSITE\INHS_Integrated_v3\vendor\codeigniter4\framework\system\Commands\Server\rewrite.php(45): require_once('G:\\INHS WEBSITE...')
#8 {main}
CRITICAL - 2022-07-21 07:07:13 --> Invalid file: f_enrollment/success_en_submit.php
#0 G:\INHS WEBSITE\INHS_Integrated_v3\vendor\codeigniter4\framework\system\View\View.php(213): CodeIgniter\Exceptions\FrameworkException::forInvalidFile('f_enrollment/su...')
#1 G:\INHS WEBSITE\INHS_Integrated_v3\vendor\codeigniter4\framework\system\Common.php(1250): CodeIgniter\View\View->render('f_enrollment/su...', Array, true)
#2 G:\INHS WEBSITE\INHS_Integrated_v3\app\Controllers\Enrollment.php(104): view('f_enrollment/su...')
#3 G:\INHS WEBSITE\INHS_Integrated_v3\vendor\codeigniter4\framework\system\CodeIgniter.php(931): App\Controllers\Enrollment->submitEnrollmentForm()
#4 G:\INHS WEBSITE\INHS_Integrated_v3\vendor\codeigniter4\framework\system\CodeIgniter.php(439): CodeIgniter\CodeIgniter->runController(Object(App\Controllers\Enrollment))
#5 G:\INHS WEBSITE\INHS_Integrated_v3\vendor\codeigniter4\framework\system\CodeIgniter.php(339): CodeIgniter\CodeIgniter->handleRequest(NULL, Object(Config\Cache), false)
#6 G:\INHS WEBSITE\INHS_Integrated_v3\public\index.php(36): CodeIgniter\CodeIgniter->run()
#7 G:\INHS WEBSITE\INHS_Integrated_v3\vendor\codeigniter4\framework\system\Commands\Server\rewrite.php(45): require_once('G:\\INHS WEBSITE...')
#8 {main}
CRITICAL - 2022-07-21 07:21:13 --> Trying to access array offset on value of type null
#0 G:\INHS WEBSITE\INHS_Integrated_v3\app\Views\f_application\index.php(149): CodeIgniter\Debug\Exceptions->errorHandler(2, 'Trying to acces...', 'G:\\INHS WEBSITE...', 149)
#1 G:\INHS WEBSITE\INHS_Integrated_v3\vendor\codeigniter4\framework\system\View\View.php(230): include('G:\\INHS WEBSITE...')
#2 G:\INHS WEBSITE\INHS_Integrated_v3\vendor\codeigniter4\framework\system\View\View.php(232): CodeIgniter\View\View->CodeIgniter\View\{closure}()
#3 G:\INHS WEBSITE\INHS_Integrated_v3\vendor\codeigniter4\framework\system\Common.php(1250): CodeIgniter\View\View->render('f_application/i...', Array, true)
#4 G:\INHS WEBSITE\INHS_Integrated_v3\app\Controllers\Application.php(137): view('f_application/i...', Array)
#5 G:\INHS WEBSITE\INHS_Integrated_v3\vendor\codeigniter4\framework\system\CodeIgniter.php(931): App\Controllers\Application->index()
#6 G:\INHS WEBSITE\INHS_Integrated_v3\vendor\codeigniter4\framework\system\CodeIgniter.php(439): CodeIgniter\CodeIgniter->runController(Object(App\Controllers\Application))
#7 G:\INHS WEBSITE\INHS_Integrated_v3\vendor\codeigniter4\framework\system\CodeIgniter.php(339): CodeIgniter\CodeIgniter->handleRequest(NULL, Object(Config\Cache), false)
#8 G:\INHS WEBSITE\INHS_Integrated_v3\public\index.php(36): CodeIgniter\CodeIgniter->run()
#9 G:\INHS WEBSITE\INHS_Integrated_v3\vendor\codeigniter4\framework\system\Commands\Server\rewrite.php(45): require_once('G:\\INHS WEBSITE...')
#10 {main}
CRITICAL - 2022-07-21 07:30:47 --> Call to undefined method App\Models\ShsEnrollmentApplicationModel::getShsEnrollmentDetails
#0 G:\INHS WEBSITE\INHS_Integrated_v3\app\Controllers\Application.php(56): CodeIgniter\Model->__call('getShsEnrollmen...', Array)
#1 G:\INHS WEBSITE\INHS_Integrated_v3\vendor\codeigniter4\framework\system\CodeIgniter.php(931): App\Controllers\Application->index()
#2 G:\INHS WEBSITE\INHS_Integrated_v3\vendor\codeigniter4\framework\system\CodeIgniter.php(439): CodeIgniter\CodeIgniter->runController(Object(App\Controllers\Application))
#3 G:\INHS WEBSITE\INHS_Integrated_v3\vendor\codeigniter4\framework\system\CodeIgniter.php(339): CodeIgniter\CodeIgniter->handleRequest(NULL, Object(Config\Cache), false)
#4 G:\INHS WEBSITE\INHS_Integrated_v3\public\index.php(36): CodeIgniter\CodeIgniter->run()
#5 G:\INHS WEBSITE\INHS_Integrated_v3\vendor\codeigniter4\framework\system\Commands\Server\rewrite.php(45): require_once('G:\\INHS WEBSITE...')
#6 {main}
CRITICAL - 2022-07-21 07:31:31 --> Too few arguments to function App\Models\ShsEnrollmentApplicationModel::getShsEnrollmentDetails(), 0 passed in G:\INHS WEBSITE\INHS_Integrated_v3\app\Controllers\Application.php on line 56 and exactly 1 expected
#0 G:\INHS WEBSITE\INHS_Integrated_v3\app\Controllers\Application.php(56): App\Models\ShsEnrollmentApplicationModel->getShsEnrollmentDetails()
#1 G:\INHS WEBSITE\INHS_Integrated_v3\vendor\codeigniter4\framework\system\CodeIgniter.php(931): App\Controllers\Application->index()
#2 G:\INHS WEBSITE\INHS_Integrated_v3\vendor\codeigniter4\framework\system\CodeIgniter.php(439): CodeIgniter\CodeIgniter->runController(Object(App\Controllers\Application))
#3 G:\INHS WEBSITE\INHS_Integrated_v3\vendor\codeigniter4\framework\system\CodeIgniter.php(339): CodeIgniter\CodeIgniter->handleRequest(NULL, Object(Config\Cache), false)
#4 G:\INHS WEBSITE\INHS_Integrated_v3\public\index.php(36): CodeIgniter\CodeIgniter->run()
#5 G:\INHS WEBSITE\INHS_Integrated_v3\vendor\codeigniter4\framework\system\Commands\Server\rewrite.php(45): require_once('G:\\INHS WEBSITE...')
#6 {main}
CRITICAL - 2022-07-21 07:32:09 --> Too few arguments to function App\Models\ShsEnrollmentApplicationModel::getShsEnrollmentDetails(), 0 passed in G:\INHS WEBSITE\INHS_Integrated_v3\app\Controllers\Application.php on line 56 and exactly 1 expected
#0 G:\INHS WEBSITE\INHS_Integrated_v3\app\Controllers\Application.php(56): App\Models\ShsEnrollmentApplicationModel->getShsEnrollmentDetails()
#1 G:\INHS WEBSITE\INHS_Integrated_v3\vendor\codeigniter4\framework\system\CodeIgniter.php(931): App\Controllers\Application->index()
#2 G:\INHS WEBSITE\INHS_Integrated_v3\vendor\codeigniter4\framework\system\CodeIgniter.php(439): CodeIgniter\CodeIgniter->runController(Object(App\Controllers\Application))
#3 G:\INHS WEBSITE\INHS_Integrated_v3\vendor\codeigniter4\framework\system\CodeIgniter.php(339): CodeIgniter\CodeIgniter->handleRequest(NULL, Object(Config\Cache), false)
#4 G:\INHS WEBSITE\INHS_Integrated_v3\public\index.php(36): CodeIgniter\CodeIgniter->run()
#5 G:\INHS WEBSITE\INHS_Integrated_v3\vendor\codeigniter4\framework\system\Commands\Server\rewrite.php(45): require_once('G:\\INHS WEBSITE...')
#6 {main}
CRITICAL - 2022-07-21 07:32:11 --> Too few arguments to function App\Models\ShsEnrollmentApplicationModel::getShsEnrollmentDetails(), 0 passed in G:\INHS WEBSITE\INHS_Integrated_v3\app\Controllers\Application.php on line 56 and exactly 1 expected
#0 G:\INHS WEBSITE\INHS_Integrated_v3\app\Controllers\Application.php(56): App\Models\ShsEnrollmentApplicationModel->getShsEnrollmentDetails()
#1 G:\INHS WEBSITE\INHS_Integrated_v3\vendor\codeigniter4\framework\system\CodeIgniter.php(931): App\Controllers\Application->index()
#2 G:\INHS WEBSITE\INHS_Integrated_v3\vendor\codeigniter4\framework\system\CodeIgniter.php(439): CodeIgniter\CodeIgniter->runController(Object(App\Controllers\Application))
#3 G:\INHS WEBSITE\INHS_Integrated_v3\vendor\codeigniter4\framework\system\CodeIgniter.php(339): CodeIgniter\CodeIgniter->handleRequest(NULL, Object(Config\Cache), false)
#4 G:\INHS WEBSITE\INHS_Integrated_v3\public\index.php(36): CodeIgniter\CodeIgniter->run()
#5 G:\INHS WEBSITE\INHS_Integrated_v3\vendor\codeigniter4\framework\system\Commands\Server\rewrite.php(45): require_once('G:\\INHS WEBSITE...')
#6 {main}
CRITICAL - 2022-07-21 07:32:20 --> Too few arguments to function App\Models\ShsEnrollmentApplicationModel::getShsEnrollmentDetails(), 0 passed in G:\INHS WEBSITE\INHS_Integrated_v3\app\Controllers\Application.php on line 56 and exactly 1 expected
#0 G:\INHS WEBSITE\INHS_Integrated_v3\app\Controllers\Application.php(56): App\Models\ShsEnrollmentApplicationModel->getShsEnrollmentDetails()
#1 G:\INHS WEBSITE\INHS_Integrated_v3\vendor\codeigniter4\framework\system\CodeIgniter.php(931): App\Controllers\Application->index()
#2 G:\INHS WEBSITE\INHS_Integrated_v3\vendor\codeigniter4\framework\system\CodeIgniter.php(439): CodeIgniter\CodeIgniter->runController(Object(App\Controllers\Application))
#3 G:\INHS WEBSITE\INHS_Integrated_v3\vendor\codeigniter4\framework\system\CodeIgniter.php(339): CodeIgniter\CodeIgniter->handleRequest(NULL, Object(Config\Cache), false)
#4 G:\INHS WEBSITE\INHS_Integrated_v3\public\index.php(36): CodeIgniter\CodeIgniter->run()
#5 G:\INHS WEBSITE\INHS_Integrated_v3\vendor\codeigniter4\framework\system\Commands\Server\rewrite.php(45): require_once('G:\\INHS WEBSITE...')
#6 {main}
CRITICAL - 2022-07-21 07:33:06 --> Too few arguments to function App\Models\ShsEnrollmentApplicationModel::getShsEnrollmentDetails(), 0 passed in G:\INHS WEBSITE\INHS_Integrated_v3\app\Controllers\Application.php on line 56 and exactly 1 expected
#0 G:\INHS WEBSITE\INHS_Integrated_v3\app\Controllers\Application.php(56): App\Models\ShsEnrollmentApplicationModel->getShsEnrollmentDetails()
#1 G:\INHS WEBSITE\INHS_Integrated_v3\vendor\codeigniter4\framework\system\CodeIgniter.php(931): App\Controllers\Application->index()
#2 G:\INHS WEBSITE\INHS_Integrated_v3\vendor\codeigniter4\framework\system\CodeIgniter.php(439): CodeIgniter\CodeIgniter->runController(Object(App\Controllers\Application))
#3 G:\INHS WEBSITE\INHS_Integrated_v3\vendor\codeigniter4\framework\system\CodeIgniter.php(339): CodeIgniter\CodeIgniter->handleRequest(NULL, Object(Config\Cache), false)
#4 G:\INHS WEBSITE\INHS_Integrated_v3\public\index.php(36): CodeIgniter\CodeIgniter->run()
#5 G:\INHS WEBSITE\INHS_Integrated_v3\vendor\codeigniter4\framework\system\Commands\Server\rewrite.php(45): require_once('G:\\INHS WEBSITE...')
#6 {main}
CRITICAL - 2022-07-21 07:33:22 --> Too few arguments to function App\Models\ShsEnrollmentApplicationModel::getShsEnrollmentDetails(), 0 passed in G:\INHS WEBSITE\INHS_Integrated_v3\app\Controllers\Application.php on line 56 and exactly 1 expected
#0 G:\INHS WEBSITE\INHS_Integrated_v3\app\Controllers\Application.php(56): App\Models\ShsEnrollmentApplicationModel->getShsEnrollmentDetails()
#1 G:\INHS WEBSITE\INHS_Integrated_v3\vendor\codeigniter4\framework\system\CodeIgniter.php(931): App\Controllers\Application->index()
#2 G:\INHS WEBSITE\INHS_Integrated_v3\vendor\codeigniter4\framework\system\CodeIgniter.php(439): CodeIgniter\CodeIgniter->runController(Object(App\Controllers\Application))
#3 G:\INHS WEBSITE\INHS_Integrated_v3\vendor\codeigniter4\framework\system\CodeIgniter.php(339): CodeIgniter\CodeIgniter->handleRequest(NULL, Object(Config\Cache), false)
#4 G:\INHS WEBSITE\INHS_Integrated_v3\public\index.php(36): CodeIgniter\CodeIgniter->run()
#5 G:\INHS WEBSITE\INHS_Integrated_v3\vendor\codeigniter4\framework\system\Commands\Server\rewrite.php(45): require_once('G:\\INHS WEBSITE...')
#6 {main}
CRITICAL - 2022-07-21 07:34:44 --> Undefined array key "en_submitted"
#0 G:\INHS WEBSITE\INHS_Integrated_v3\app\Views\f_application\index.php(149): CodeIgniter\Debug\Exceptions->errorHandler(2, 'Undefined array...', 'G:\\INHS WEBSITE...', 149)
#1 G:\INHS WEBSITE\INHS_Integrated_v3\vendor\codeigniter4\framework\system\View\View.php(230): include('G:\\INHS WEBSITE...')
#2 G:\INHS WEBSITE\INHS_Integrated_v3\vendor\codeigniter4\framework\system\View\View.php(232): CodeIgniter\View\View->CodeIgniter\View\{closure}()
#3 G:\INHS WEBSITE\INHS_Integrated_v3\vendor\codeigniter4\framework\system\Common.php(1250): CodeIgniter\View\View->render('f_application/i...', Array, true)
#4 G:\INHS WEBSITE\INHS_Integrated_v3\app\Controllers\Application.php(137): view('f_application/i...', Array)
#5 G:\INHS WEBSITE\INHS_Integrated_v3\vendor\codeigniter4\framework\system\CodeIgniter.php(931): App\Controllers\Application->index()
#6 G:\INHS WEBSITE\INHS_Integrated_v3\vendor\codeigniter4\framework\system\CodeIgniter.php(439): CodeIgniter\CodeIgniter->runController(Object(App\Controllers\Application))
#7 G:\INHS WEBSITE\INHS_Integrated_v3\vendor\codeigniter4\framework\system\CodeIgniter.php(339): CodeIgniter\CodeIgniter->handleRequest(NULL, Object(Config\Cache), false)
#8 G:\INHS WEBSITE\INHS_Integrated_v3\public\index.php(36): CodeIgniter\CodeIgniter->run()
#9 G:\INHS WEBSITE\INHS_Integrated_v3\vendor\codeigniter4\framework\system\Commands\Server\rewrite.php(45): require_once('G:\\INHS WEBSITE...')
#10 {main}
CRITICAL - 2022-07-21 07:36:10 --> Call to undefined function isNUll()
#0 G:\INHS WEBSITE\INHS_Integrated_v3\vendor\codeigniter4\framework\system\View\View.php(230): include()
#1 G:\INHS WEBSITE\INHS_Integrated_v3\vendor\codeigniter4\framework\system\View\View.php(232): CodeIgniter\View\View->CodeIgniter\View\{closure}()
#2 G:\INHS WEBSITE\INHS_Integrated_v3\vendor\codeigniter4\framework\system\Common.php(1250): CodeIgniter\View\View->render('f_application/i...', Array, true)
#3 G:\INHS WEBSITE\INHS_Integrated_v3\app\Controllers\Application.php(137): view('f_application/i...', Array)
#4 G:\INHS WEBSITE\INHS_Integrated_v3\vendor\codeigniter4\framework\system\CodeIgniter.php(931): App\Controllers\Application->index()
#5 G:\INHS WEBSITE\INHS_Integrated_v3\vendor\codeigniter4\framework\system\CodeIgniter.php(439): CodeIgniter\CodeIgniter->runController(Object(App\Controllers\Application))
#6 G:\INHS WEBSITE\INHS_Integrated_v3\vendor\codeigniter4\framework\system\CodeIgniter.php(339): CodeIgniter\CodeIgniter->handleRequest(NULL, Object(Config\Cache), false)
#7 G:\INHS WEBSITE\INHS_Integrated_v3\public\index.php(36): CodeIgniter\CodeIgniter->run()
#8 G:\INHS WEBSITE\INHS_Integrated_v3\vendor\codeigniter4\framework\system\Commands\Server\rewrite.php(45): require_once('G:\\INHS WEBSITE...')
#9 {main}
CRITICAL - 2022-07-21 07:36:44 --> Call to undefined function isNUll()
#0 G:\INHS WEBSITE\INHS_Integrated_v3\vendor\codeigniter4\framework\system\View\View.php(230): include()
#1 G:\INHS WEBSITE\INHS_Integrated_v3\vendor\codeigniter4\framework\system\View\View.php(232): CodeIgniter\View\View->CodeIgniter\View\{closure}()
#2 G:\INHS WEBSITE\INHS_Integrated_v3\vendor\codeigniter4\framework\system\Common.php(1250): CodeIgniter\View\View->render('f_application/i...', Array, true)
#3 G:\INHS WEBSITE\INHS_Integrated_v3\app\Controllers\Application.php(137): view('f_application/i...', Array)
#4 G:\INHS WEBSITE\INHS_Integrated_v3\vendor\codeigniter4\framework\system\CodeIgniter.php(931): App\Controllers\Application->index()
#5 G:\INHS WEBSITE\INHS_Integrated_v3\vendor\codeigniter4\framework\system\CodeIgniter.php(439): CodeIgniter\CodeIgniter->runController(Object(App\Controllers\Application))
#6 G:\INHS WEBSITE\INHS_Integrated_v3\vendor\codeigniter4\framework\system\CodeIgniter.php(339): CodeIgniter\CodeIgniter->handleRequest(NULL, Object(Config\Cache), false)
#7 G:\INHS WEBSITE\INHS_Integrated_v3\public\index.php(36): CodeIgniter\CodeIgniter->run()
#8 G:\INHS WEBSITE\INHS_Integrated_v3\vendor\codeigniter4\framework\system\Commands\Server\rewrite.php(45): require_once('G:\\INHS WEBSITE...')
#9 {main}
CRITICAL - 2022-07-21 07:37:04 --> Undefined array key "en_submitted"
#0 G:\INHS WEBSITE\INHS_Integrated_v3\app\Views\f_application\index.php(149): CodeIgniter\Debug\Exceptions->errorHandler(2, 'Undefined array...', 'G:\\INHS WEBSITE...', 149)
#1 G:\INHS WEBSITE\INHS_Integrated_v3\vendor\codeigniter4\framework\system\View\View.php(230): include('G:\\INHS WEBSITE...')
#2 G:\INHS WEBSITE\INHS_Integrated_v3\vendor\codeigniter4\framework\system\View\View.php(232): CodeIgniter\View\View->CodeIgniter\View\{closure}()
#3 G:\INHS WEBSITE\INHS_Integrated_v3\vendor\codeigniter4\framework\system\Common.php(1250): CodeIgniter\View\View->render('f_application/i...', Array, true)
#4 G:\INHS WEBSITE\INHS_Integrated_v3\app\Controllers\Application.php(137): view('f_application/i...', Array)
#5 G:\INHS WEBSITE\INHS_Integrated_v3\vendor\codeigniter4\framework\system\CodeIgniter.php(931): App\Controllers\Application->index()
#6 G:\INHS WEBSITE\INHS_Integrated_v3\vendor\codeigniter4\framework\system\CodeIgniter.php(439): CodeIgniter\CodeIgniter->runController(Object(App\Controllers\Application))
#7 G:\INHS WEBSITE\INHS_Integrated_v3\vendor\codeigniter4\framework\system\CodeIgniter.php(339): CodeIgniter\CodeIgniter->handleRequest(NULL, Object(Config\Cache), false)
#8 G:\INHS WEBSITE\INHS_Integrated_v3\public\index.php(36): CodeIgniter\CodeIgniter->run()
#9 G:\INHS WEBSITE\INHS_Integrated_v3\vendor\codeigniter4\framework\system\Commands\Server\rewrite.php(45): require_once('G:\\INHS WEBSITE...')
#10 {main}
CRITICAL - 2022-07-21 07:37:45 --> Trying to access array offset on value of type null
#0 G:\INHS WEBSITE\INHS_Integrated_v3\app\Views\f_application\index.php(149): CodeIgniter\Debug\Exceptions->errorHandler(2, 'Trying to acces...', 'G:\\INHS WEBSITE...', 149)
#1 G:\INHS WEBSITE\INHS_Integrated_v3\vendor\codeigniter4\framework\system\View\View.php(230): include('G:\\INHS WEBSITE...')
#2 G:\INHS WEBSITE\INHS_Integrated_v3\vendor\codeigniter4\framework\system\View\View.php(232): CodeIgniter\View\View->CodeIgniter\View\{closure}()
#3 G:\INHS WEBSITE\INHS_Integrated_v3\vendor\codeigniter4\framework\system\Common.php(1250): CodeIgniter\View\View->render('f_application/i...', Array, true)
#4 G:\INHS WEBSITE\INHS_Integrated_v3\app\Controllers\Application.php(137): view('f_application/i...', Array)
#5 G:\INHS WEBSITE\INHS_Integrated_v3\vendor\codeigniter4\framework\system\CodeIgniter.php(931): App\Controllers\Application->index()
#6 G:\INHS WEBSITE\INHS_Integrated_v3\vendor\codeigniter4\framework\system\CodeIgniter.php(439): CodeIgniter\CodeIgniter->runController(Object(App\Controllers\Application))
#7 G:\INHS WEBSITE\INHS_Integrated_v3\vendor\codeigniter4\framework\system\CodeIgniter.php(339): CodeIgniter\CodeIgniter->handleRequest(NULL, Object(Config\Cache), false)
#8 G:\INHS WEBSITE\INHS_Integrated_v3\public\index.php(36): CodeIgniter\CodeIgniter->run()
#9 G:\INHS WEBSITE\INHS_Integrated_v3\vendor\codeigniter4\framework\system\Commands\Server\rewrite.php(45): require_once('G:\\INHS WEBSITE...')
#10 {main}
CRITICAL - 2022-07-21 07:38:51 --> Call to undefined function isNull()
#0 G:\INHS WEBSITE\INHS_Integrated_v3\vendor\codeigniter4\framework\system\View\View.php(230): include()
#1 G:\INHS WEBSITE\INHS_Integrated_v3\vendor\codeigniter4\framework\system\View\View.php(232): CodeIgniter\View\View->CodeIgniter\View\{closure}()
#2 G:\INHS WEBSITE\INHS_Integrated_v3\vendor\codeigniter4\framework\system\Common.php(1250): CodeIgniter\View\View->render('f_application/i...', Array, true)
#3 G:\INHS WEBSITE\INHS_Integrated_v3\app\Controllers\Application.php(137): view('f_application/i...', Array)
#4 G:\INHS WEBSITE\INHS_Integrated_v3\vendor\codeigniter4\framework\system\CodeIgniter.php(931): App\Controllers\Application->index()
#5 G:\INHS WEBSITE\INHS_Integrated_v3\vendor\codeigniter4\framework\system\CodeIgniter.php(439): CodeIgniter\CodeIgniter->runController(Object(App\Controllers\Application))
#6 G:\INHS WEBSITE\INHS_Integrated_v3\vendor\codeigniter4\framework\system\CodeIgniter.php(339): CodeIgniter\CodeIgniter->handleRequest(NULL, Object(Config\Cache), false)
#7 G:\INHS WEBSITE\INHS_Integrated_v3\public\index.php(36): CodeIgniter\CodeIgniter->run()
#8 G:\INHS WEBSITE\INHS_Integrated_v3\vendor\codeigniter4\framework\system\Commands\Server\rewrite.php(45): require_once('G:\\INHS WEBSITE...')
#9 {main}
CRITICAL - 2022-07-21 07:41:38 --> Trying to access array offset on value of type null
#0 G:\INHS WEBSITE\INHS_Integrated_v3\app\Views\f_application\index.php(149): CodeIgniter\Debug\Exceptions->errorHandler(2, 'Trying to acces...', 'G:\\INHS WEBSITE...', 149)
#1 G:\INHS WEBSITE\INHS_Integrated_v3\vendor\codeigniter4\framework\system\View\View.php(230): include('G:\\INHS WEBSITE...')
#2 G:\INHS WEBSITE\INHS_Integrated_v3\vendor\codeigniter4\framework\system\View\View.php(232): CodeIgniter\View\View->CodeIgniter\View\{closure}()
#3 G:\INHS WEBSITE\INHS_Integrated_v3\vendor\codeigniter4\framework\system\Common.php(1250): CodeIgniter\View\View->render('f_application/i...', Array, true)
#4 G:\INHS WEBSITE\INHS_Integrated_v3\app\Controllers\Application.php(137): view('f_application/i...', Array)
#5 G:\INHS WEBSITE\INHS_Integrated_v3\vendor\codeigniter4\framework\system\CodeIgniter.php(931): App\Controllers\Application->index()
#6 G:\INHS WEBSITE\INHS_Integrated_v3\vendor\codeigniter4\framework\system\CodeIgniter.php(439): CodeIgniter\CodeIgniter->runController(Object(App\Controllers\Application))
#7 G:\INHS WEBSITE\INHS_Integrated_v3\vendor\codeigniter4\framework\system\CodeIgniter.php(339): CodeIgniter\CodeIgniter->handleRequest(NULL, Object(Config\Cache), false)
#8 G:\INHS WEBSITE\INHS_Integrated_v3\public\index.php(36): CodeIgniter\CodeIgniter->run()
#9 G:\INHS WEBSITE\INHS_Integrated_v3\vendor\codeigniter4\framework\system\Commands\Server\rewrite.php(45): require_once('G:\\INHS WEBSITE...')
#10 {main}
CRITICAL - 2022-07-21 07:42:04 --> Trying to access array offset on value of type null
#0 G:\INHS WEBSITE\INHS_Integrated_v3\app\Views\f_application\index.php(149): CodeIgniter\Debug\Exceptions->errorHandler(2, 'Trying to acces...', 'G:\\INHS WEBSITE...', 149)
#1 G:\INHS WEBSITE\INHS_Integrated_v3\vendor\codeigniter4\framework\system\View\View.php(230): include('G:\\INHS WEBSITE...')
#2 G:\INHS WEBSITE\INHS_Integrated_v3\vendor\codeigniter4\framework\system\View\View.php(232): CodeIgniter\View\View->CodeIgniter\View\{closure}()
#3 G:\INHS WEBSITE\INHS_Integrated_v3\vendor\codeigniter4\framework\system\Common.php(1250): CodeIgniter\View\View->render('f_application/i...', Array, true)
#4 G:\INHS WEBSITE\INHS_Integrated_v3\app\Controllers\Application.php(137): view('f_application/i...', Array)
#5 G:\INHS WEBSITE\INHS_Integrated_v3\vendor\codeigniter4\framework\system\CodeIgniter.php(931): App\Controllers\Application->index()
#6 G:\INHS WEBSITE\INHS_Integrated_v3\vendor\codeigniter4\framework\system\CodeIgniter.php(439): CodeIgniter\CodeIgniter->runController(Object(App\Controllers\Application))
#7 G:\INHS WEBSITE\INHS_Integrated_v3\vendor\codeigniter4\framework\system\CodeIgniter.php(339): CodeIgniter\CodeIgniter->handleRequest(NULL, Object(Config\Cache), false)
#8 G:\INHS WEBSITE\INHS_Integrated_v3\public\index.php(36): CodeIgniter\CodeIgniter->run()
#9 G:\INHS WEBSITE\INHS_Integrated_v3\vendor\codeigniter4\framework\system\Commands\Server\rewrite.php(45): require_once('G:\\INHS WEBSITE...')
#10 {main}
CRITICAL - 2022-07-21 07:42:24 --> Trying to access array offset on value of type null
#0 G:\INHS WEBSITE\INHS_Integrated_v3\app\Views\f_application\index.php(149): CodeIgniter\Debug\Exceptions->errorHandler(2, 'Trying to acces...', 'G:\\INHS WEBSITE...', 149)
#1 G:\INHS WEBSITE\INHS_Integrated_v3\vendor\codeigniter4\framework\system\View\View.php(230): include('G:\\INHS WEBSITE...')
#2 G:\INHS WEBSITE\INHS_Integrated_v3\vendor\codeigniter4\framework\system\View\View.php(232): CodeIgniter\View\View->CodeIgniter\View\{closure}()
#3 G:\INHS WEBSITE\INHS_Integrated_v3\vendor\codeigniter4\framework\system\Common.php(1250): CodeIgniter\View\View->render('f_application/i...', Array, true)
#4 G:\INHS WEBSITE\INHS_Integrated_v3\app\Controllers\Application.php(137): view('f_application/i...', Array)
#5 G:\INHS WEBSITE\INHS_Integrated_v3\vendor\codeigniter4\framework\system\CodeIgniter.php(931): App\Controllers\Application->index()
#6 G:\INHS WEBSITE\INHS_Integrated_v3\vendor\codeigniter4\framework\system\CodeIgniter.php(439): CodeIgniter\CodeIgniter->runController(Object(App\Controllers\Application))
#7 G:\INHS WEBSITE\INHS_Integrated_v3\vendor\codeigniter4\framework\system\CodeIgniter.php(339): CodeIgniter\CodeIgniter->handleRequest(NULL, Object(Config\Cache), false)
#8 G:\INHS WEBSITE\INHS_Integrated_v3\public\index.php(36): CodeIgniter\CodeIgniter->run()
#9 G:\INHS WEBSITE\INHS_Integrated_v3\vendor\codeigniter4\framework\system\Commands\Server\rewrite.php(45): require_once('G:\\INHS WEBSITE...')
#10 {main}
CRITICAL - 2022-07-21 07:42:47 --> Undefined array key "en_submitted"
#0 G:\INHS WEBSITE\INHS_Integrated_v3\app\Views\f_application\index.php(149): CodeIgniter\Debug\Exceptions->errorHandler(2, 'Undefined array...', 'G:\\INHS WEBSITE...', 149)
#1 G:\INHS WEBSITE\INHS_Integrated_v3\vendor\codeigniter4\framework\system\View\View.php(230): include('G:\\INHS WEBSITE...')
#2 G:\INHS WEBSITE\INHS_Integrated_v3\vendor\codeigniter4\framework\system\View\View.php(232): CodeIgniter\View\View->CodeIgniter\View\{closure}()
#3 G:\INHS WEBSITE\INHS_Integrated_v3\vendor\codeigniter4\framework\system\Common.php(1250): CodeIgniter\View\View->render('f_application/i...', Array, true)
#4 G:\INHS WEBSITE\INHS_Integrated_v3\app\Controllers\Application.php(137): view('f_application/i...', Array)
#5 G:\INHS WEBSITE\INHS_Integrated_v3\vendor\codeigniter4\framework\system\CodeIgniter.php(931): App\Controllers\Application->index()
#6 G:\INHS WEBSITE\INHS_Integrated_v3\vendor\codeigniter4\framework\system\CodeIgniter.php(439): CodeIgniter\CodeIgniter->runController(Object(App\Controllers\Application))
#7 G:\INHS WEBSITE\INHS_Integrated_v3\vendor\codeigniter4\framework\system\CodeIgniter.php(339): CodeIgniter\CodeIgniter->handleRequest(NULL, Object(Config\Cache), false)
#8 G:\INHS WEBSITE\INHS_Integrated_v3\public\index.php(36): CodeIgniter\CodeIgniter->run()
#9 G:\INHS WEBSITE\INHS_Integrated_v3\vendor\codeigniter4\framework\system\Commands\Server\rewrite.php(45): require_once('G:\\INHS WEBSITE...')
#10 {main}
CRITICAL - 2022-07-21 07:43:22 --> Undefined array key "en_submitted"
#0 G:\INHS WEBSITE\INHS_Integrated_v3\app\Views\f_application\index.php(149): CodeIgniter\Debug\Exceptions->errorHandler(2, 'Undefined array...', 'G:\\INHS WEBSITE...', 149)
#1 G:\INHS WEBSITE\INHS_Integrated_v3\vendor\codeigniter4\framework\system\View\View.php(230): include('G:\\INHS WEBSITE...')
#2 G:\INHS WEBSITE\INHS_Integrated_v3\vendor\codeigniter4\framework\system\View\View.php(232): CodeIgniter\View\View->CodeIgniter\View\{closure}()
#3 G:\INHS WEBSITE\INHS_Integrated_v3\vendor\codeigniter4\framework\system\Common.php(1250): CodeIgniter\View\View->render('f_application/i...', Array, true)
#4 G:\INHS WEBSITE\INHS_Integrated_v3\app\Controllers\Application.php(137): view('f_application/i...', Array)
#5 G:\INHS WEBSITE\INHS_Integrated_v3\vendor\codeigniter4\framework\system\CodeIgniter.php(931): App\Controllers\Application->index()
#6 G:\INHS WEBSITE\INHS_Integrated_v3\vendor\codeigniter4\framework\system\CodeIgniter.php(439): CodeIgniter\CodeIgniter->runController(Object(App\Controllers\Application))
#7 G:\INHS WEBSITE\INHS_Integrated_v3\vendor\codeigniter4\framework\system\CodeIgniter.php(339): CodeIgniter\CodeIgniter->handleRequest(NULL, Object(Config\Cache), false)
#8 G:\INHS WEBSITE\INHS_Integrated_v3\public\index.php(36): CodeIgniter\CodeIgniter->run()
#9 G:\INHS WEBSITE\INHS_Integrated_v3\vendor\codeigniter4\framework\system\Commands\Server\rewrite.php(45): require_once('G:\\INHS WEBSITE...')
#10 {main}
