CRITICAL - 2023-09-25 08:45:30 --> Cannot use App\Models\UsersModel as UsersModel because the name is already in use
#0 [internal function]: CodeIgniter\Debug\Exceptions->shutdownHandler()
#1 {main}
CRITICAL - 2023-09-25 08:45:53 --> Cannot use App\Models\EmpModel as EmpModel because the name is already in use
#0 [internal function]: CodeIgniter\Debug\Exceptions->shutdownHandler()
#1 {main}
CRITICAL - 2023-09-25 08:45:54 --> Cannot use App\Models\EmpModel as EmpModel because the name is already in use
#0 [internal function]: CodeIgniter\Debug\Exceptions->shutdownHandler()
#1 {main}
CRITICAL - 2023-09-25 08:46:17 --> Cannot use App\Models\UsersModel as UsersModel because the name is already in use
#0 [internal function]: CodeIgniter\Debug\Exceptions->shutdownHandler()
#1 {main}
CRITICAL - 2023-09-25 08:46:25 --> Cannot use App\Models\EmpModel as EmpModel because the name is already in use
#0 [internal function]: CodeIgniter\Debug\Exceptions->shutdownHandler()
#1 {main}
CRITICAL - 2023-09-25 08:46:31 --> Cannot use App\Models\EnrollmentMdl as EnrollmentMdl because the name is already in use
#0 [internal function]: CodeIgniter\Debug\Exceptions->shutdownHandler()
#1 {main}
CRITICAL - 2023-09-25 08:46:37 --> Cannot use App\Models\SemesterModel as SemesterModel because the name is already in use
#0 [internal function]: CodeIgniter\Debug\Exceptions->shutdownHandler()
#1 {main}
CRITICAL - 2023-09-25 08:46:42 --> Cannot use App\Models\UsersModel as UsersModel because the name is already in use
#0 [internal function]: CodeIgniter\Debug\Exceptions->shutdownHandler()
#1 {main}
CRITICAL - 2023-09-25 08:46:48 --> Undefined variable: prog_per_grade
#0 C:\Users\yvesk\OneDrive - iloilonhs.edu.ph\Desktop\nasyo_integrated_2\app\Views\f_faculty\index.php(154): CodeIgniter\Debug\Exceptions->errorHandler(8, 'Undefined varia...', 'C:\\Users\\yvesk\\...', 154, Array)
#1 C:\Users\yvesk\OneDrive - iloilonhs.edu.ph\Desktop\nasyo_integrated_2\vendor\codeigniter4\framework\system\View\View.php(214): include('C:\\Users\\yvesk\\...')
#2 C:\Users\yvesk\OneDrive - iloilonhs.edu.ph\Desktop\nasyo_integrated_2\vendor\codeigniter4\framework\system\View\View.php(217): CodeIgniter\View\View->CodeIgniter\View\{closure}()
#3 C:\Users\yvesk\OneDrive - iloilonhs.edu.ph\Desktop\nasyo_integrated_2\vendor\codeigniter4\framework\system\Common.php(1092): CodeIgniter\View\View->render('f_faculty/index', Array, true)
#4 C:\Users\yvesk\OneDrive - iloilonhs.edu.ph\Desktop\nasyo_integrated_2\app\Controllers\Faculty.php(50): view('f_faculty/index', Array)
#5 C:\Users\yvesk\OneDrive - iloilonhs.edu.ph\Desktop\nasyo_integrated_2\vendor\codeigniter4\framework\system\CodeIgniter.php(802): App\Controllers\Faculty->index()
#6 C:\Users\yvesk\OneDrive - iloilonhs.edu.ph\Desktop\nasyo_integrated_2\vendor\codeigniter4\framework\system\CodeIgniter.php(399): CodeIgniter\CodeIgniter->runController(Object(App\Controllers\Faculty))
#7 C:\Users\yvesk\OneDrive - iloilonhs.edu.ph\Desktop\nasyo_integrated_2\vendor\codeigniter4\framework\system\CodeIgniter.php(317): CodeIgniter\CodeIgniter->handleRequest(NULL, Object(Config\Cache), false)
#8 C:\Users\yvesk\OneDrive - iloilonhs.edu.ph\Desktop\nasyo_integrated_2\public\index.php(36): CodeIgniter\CodeIgniter->run()
#9 C:\Users\yvesk\OneDrive - iloilonhs.edu.ph\Desktop\nasyo_integrated_2\vendor\codeigniter4\framework\system\Commands\Server\rewrite.php(43): require_once('C:\\Users\\yvesk\\...')
#10 {main}
CRITICAL - 2023-09-25 09:44:15 --> Undefined variable: admin
#0 C:\Users\yvesk\OneDrive - iloilonhs.edu.ph\Desktop\nasyo_integrated_2\app\Views\f_layout\faculty_layout.php(90): CodeIgniter\Debug\Exceptions->errorHandler(8, 'Undefined varia...', 'C:\\Users\\yvesk\\...', 90, Array)
#1 C:\Users\yvesk\OneDrive - iloilonhs.edu.ph\Desktop\nasyo_integrated_2\vendor\codeigniter4\framework\system\View\View.php(214): include('C:\\Users\\yvesk\\...')
#2 C:\Users\yvesk\OneDrive - iloilonhs.edu.ph\Desktop\nasyo_integrated_2\vendor\codeigniter4\framework\system\View\View.php(217): CodeIgniter\View\View->CodeIgniter\View\{closure}()
#3 C:\Users\yvesk\OneDrive - iloilonhs.edu.ph\Desktop\nasyo_integrated_2\vendor\codeigniter4\framework\system\View\View.php(230): CodeIgniter\View\View->render('f_layout/facult...', Array, true)
#4 C:\Users\yvesk\OneDrive - iloilonhs.edu.ph\Desktop\nasyo_integrated_2\vendor\codeigniter4\framework\system\Common.php(1092): CodeIgniter\View\View->render('f_faculty/index', Array, true)
#5 C:\Users\yvesk\OneDrive - iloilonhs.edu.ph\Desktop\nasyo_integrated_2\app\Controllers\Faculty.php(50): view('f_faculty/index', Array)
#6 C:\Users\yvesk\OneDrive - iloilonhs.edu.ph\Desktop\nasyo_integrated_2\vendor\codeigniter4\framework\system\CodeIgniter.php(802): App\Controllers\Faculty->index()
#7 C:\Users\yvesk\OneDrive - iloilonhs.edu.ph\Desktop\nasyo_integrated_2\vendor\codeigniter4\framework\system\CodeIgniter.php(399): CodeIgniter\CodeIgniter->runController(Object(App\Controllers\Faculty))
#8 C:\Users\yvesk\OneDrive - iloilonhs.edu.ph\Desktop\nasyo_integrated_2\vendor\codeigniter4\framework\system\CodeIgniter.php(317): CodeIgniter\CodeIgniter->handleRequest(NULL, Object(Config\Cache), false)
#9 C:\Users\yvesk\OneDrive - iloilonhs.edu.ph\Desktop\nasyo_integrated_2\public\index.php(36): CodeIgniter\CodeIgniter->run()
#10 C:\Users\yvesk\OneDrive - iloilonhs.edu.ph\Desktop\nasyo_integrated_2\vendor\codeigniter4\framework\system\Commands\Server\rewrite.php(43): require_once('C:\\Users\\yvesk\\...')
#11 {main}
CRITICAL - 2023-09-25 09:46:38 --> Undefined variable: admin
#0 C:\Users\yvesk\OneDrive - iloilonhs.edu.ph\Desktop\nasyo_integrated_2\app\Views\f_layout\faculty_layout.php(87): CodeIgniter\Debug\Exceptions->errorHandler(8, 'Undefined varia...', 'C:\\Users\\yvesk\\...', 87, Array)
#1 C:\Users\yvesk\OneDrive - iloilonhs.edu.ph\Desktop\nasyo_integrated_2\vendor\codeigniter4\framework\system\View\View.php(214): include('C:\\Users\\yvesk\\...')
#2 C:\Users\yvesk\OneDrive - iloilonhs.edu.ph\Desktop\nasyo_integrated_2\vendor\codeigniter4\framework\system\View\View.php(217): CodeIgniter\View\View->CodeIgniter\View\{closure}()
#3 C:\Users\yvesk\OneDrive - iloilonhs.edu.ph\Desktop\nasyo_integrated_2\vendor\codeigniter4\framework\system\View\View.php(230): CodeIgniter\View\View->render('f_layout/facult...', Array, true)
#4 C:\Users\yvesk\OneDrive - iloilonhs.edu.ph\Desktop\nasyo_integrated_2\vendor\codeigniter4\framework\system\Common.php(1092): CodeIgniter\View\View->render('f_faculty/index', Array, true)
#5 C:\Users\yvesk\OneDrive - iloilonhs.edu.ph\Desktop\nasyo_integrated_2\app\Controllers\Faculty.php(50): view('f_faculty/index', Array)
#6 C:\Users\yvesk\OneDrive - iloilonhs.edu.ph\Desktop\nasyo_integrated_2\vendor\codeigniter4\framework\system\CodeIgniter.php(802): App\Controllers\Faculty->index()
#7 C:\Users\yvesk\OneDrive - iloilonhs.edu.ph\Desktop\nasyo_integrated_2\vendor\codeigniter4\framework\system\CodeIgniter.php(399): CodeIgniter\CodeIgniter->runController(Object(App\Controllers\Faculty))
#8 C:\Users\yvesk\OneDrive - iloilonhs.edu.ph\Desktop\nasyo_integrated_2\vendor\codeigniter4\framework\system\CodeIgniter.php(317): CodeIgniter\CodeIgniter->handleRequest(NULL, Object(Config\Cache), false)
#9 C:\Users\yvesk\OneDrive - iloilonhs.edu.ph\Desktop\nasyo_integrated_2\public\index.php(36): CodeIgniter\CodeIgniter->run()
#10 C:\Users\yvesk\OneDrive - iloilonhs.edu.ph\Desktop\nasyo_integrated_2\vendor\codeigniter4\framework\system\Commands\Server\rewrite.php(43): require_once('C:\\Users\\yvesk\\...')
#11 {main}
