CRITICAL - 2021-07-01 00:17:41 --> There is no primary key defined when trying to make insert.
#0 C:\xampp\htdocs\NsoftDev\ci4new\vendor\codeigniter4\framework\system\Model.php(248): CodeIgniter\Database\Exceptions\DataException::forEmptyPrimaryKey('insert')
#1 C:\xampp\htdocs\NsoftDev\ci4new\vendor\codeigniter4\framework\system\BaseModel.php(774): CodeIgniter\Model->doInsert(Array)
#2 C:\xampp\htdocs\NsoftDev\ci4new\vendor\codeigniter4\framework\system\Model.php(686): CodeIgniter\BaseModel->insert(Array, false)
#3 C:\xampp\htdocs\NsoftDev\ci4new\vendor\codeigniter4\framework\system\BaseModel.php(687): CodeIgniter\Model->insert(Array, false)
#4 C:\xampp\htdocs\NsoftDev\ci4new\app\Controllers\Admin.php(49): CodeIgniter\BaseModel->save(Array)
#5 C:\xampp\htdocs\NsoftDev\ci4new\vendor\codeigniter4\framework\system\CodeIgniter.php(931): App\Controllers\Admin->insertEmp()
#6 C:\xampp\htdocs\NsoftDev\ci4new\vendor\codeigniter4\framework\system\CodeIgniter.php(439): CodeIgniter\CodeIgniter->runController(Object(App\Controllers\Admin))
#7 C:\xampp\htdocs\NsoftDev\ci4new\vendor\codeigniter4\framework\system\CodeIgniter.php(339): CodeIgniter\CodeIgniter->handleRequest(NULL, Object(Config\Cache), false)
#8 C:\xampp\htdocs\NsoftDev\ci4new\public\index.php(36): CodeIgniter\CodeIgniter->run()
#9 C:\xampp\htdocs\NsoftDev\ci4new\vendor\codeigniter4\framework\system\Commands\Server\rewrite.php(45): require_once('C:\\xampp\\htdocs...')
#10 {main}
CRITICAL - 2021-07-01 00:18:53 --> There is no primary key defined when trying to make insert.
#0 C:\xampp\htdocs\NsoftDev\ci4new\vendor\codeigniter4\framework\system\Model.php(248): CodeIgniter\Database\Exceptions\DataException::forEmptyPrimaryKey('insert')
#1 C:\xampp\htdocs\NsoftDev\ci4new\vendor\codeigniter4\framework\system\BaseModel.php(774): CodeIgniter\Model->doInsert(Array)
#2 C:\xampp\htdocs\NsoftDev\ci4new\vendor\codeigniter4\framework\system\Model.php(686): CodeIgniter\BaseModel->insert(Array, true)
#3 C:\xampp\htdocs\NsoftDev\ci4new\app\Controllers\Admin.php(49): CodeIgniter\Model->insert(Array)
#4 C:\xampp\htdocs\NsoftDev\ci4new\vendor\codeigniter4\framework\system\CodeIgniter.php(931): App\Controllers\Admin->insertEmp()
#5 C:\xampp\htdocs\NsoftDev\ci4new\vendor\codeigniter4\framework\system\CodeIgniter.php(439): CodeIgniter\CodeIgniter->runController(Object(App\Controllers\Admin))
#6 C:\xampp\htdocs\NsoftDev\ci4new\vendor\codeigniter4\framework\system\CodeIgniter.php(339): CodeIgniter\CodeIgniter->handleRequest(NULL, Object(Config\Cache), false)
#7 C:\xampp\htdocs\NsoftDev\ci4new\public\index.php(36): CodeIgniter\CodeIgniter->run()
#8 C:\xampp\htdocs\NsoftDev\ci4new\vendor\codeigniter4\framework\system\Commands\Server\rewrite.php(45): require_once('C:\\xampp\\htdocs...')
#9 {main}
CRITICAL - 2021-07-01 00:20:54 --> There is no primary key defined when trying to make insert.
#0 C:\xampp\htdocs\NsoftDev\ci4new\vendor\codeigniter4\framework\system\Model.php(248): CodeIgniter\Database\Exceptions\DataException::forEmptyPrimaryKey('insert')
#1 C:\xampp\htdocs\NsoftDev\ci4new\vendor\codeigniter4\framework\system\BaseModel.php(774): CodeIgniter\Model->doInsert(Array)
#2 C:\xampp\htdocs\NsoftDev\ci4new\vendor\codeigniter4\framework\system\Model.php(686): CodeIgniter\BaseModel->insert(Array, true)
#3 C:\xampp\htdocs\NsoftDev\ci4new\app\Controllers\Admin.php(49): CodeIgniter\Model->insert(Array)
#4 C:\xampp\htdocs\NsoftDev\ci4new\vendor\codeigniter4\framework\system\CodeIgniter.php(931): App\Controllers\Admin->insertEmp()
#5 C:\xampp\htdocs\NsoftDev\ci4new\vendor\codeigniter4\framework\system\CodeIgniter.php(439): CodeIgniter\CodeIgniter->runController(Object(App\Controllers\Admin))
#6 C:\xampp\htdocs\NsoftDev\ci4new\vendor\codeigniter4\framework\system\CodeIgniter.php(339): CodeIgniter\CodeIgniter->handleRequest(NULL, Object(Config\Cache), false)
#7 C:\xampp\htdocs\NsoftDev\ci4new\public\index.php(36): CodeIgniter\CodeIgniter->run()
#8 C:\xampp\htdocs\NsoftDev\ci4new\vendor\codeigniter4\framework\system\Commands\Server\rewrite.php(45): require_once('C:\\xampp\\htdocs...')
#9 {main}
CRITICAL - 2021-07-01 00:21:00 --> There is no primary key defined when trying to make insert.
#0 C:\xampp\htdocs\NsoftDev\ci4new\vendor\codeigniter4\framework\system\Model.php(248): CodeIgniter\Database\Exceptions\DataException::forEmptyPrimaryKey('insert')
#1 C:\xampp\htdocs\NsoftDev\ci4new\vendor\codeigniter4\framework\system\BaseModel.php(774): CodeIgniter\Model->doInsert(Array)
#2 C:\xampp\htdocs\NsoftDev\ci4new\vendor\codeigniter4\framework\system\Model.php(686): CodeIgniter\BaseModel->insert(Array, true)
#3 C:\xampp\htdocs\NsoftDev\ci4new\app\Controllers\Admin.php(49): CodeIgniter\Model->insert(Array)
#4 C:\xampp\htdocs\NsoftDev\ci4new\vendor\codeigniter4\framework\system\CodeIgniter.php(931): App\Controllers\Admin->insertEmp()
#5 C:\xampp\htdocs\NsoftDev\ci4new\vendor\codeigniter4\framework\system\CodeIgniter.php(439): CodeIgniter\CodeIgniter->runController(Object(App\Controllers\Admin))
#6 C:\xampp\htdocs\NsoftDev\ci4new\vendor\codeigniter4\framework\system\CodeIgniter.php(339): CodeIgniter\CodeIgniter->handleRequest(NULL, Object(Config\Cache), false)
#7 C:\xampp\htdocs\NsoftDev\ci4new\public\index.php(36): CodeIgniter\CodeIgniter->run()
#8 C:\xampp\htdocs\NsoftDev\ci4new\vendor\codeigniter4\framework\system\Commands\Server\rewrite.php(45): require_once('C:\\xampp\\htdocs...')
#9 {main}
CRITICAL - 2021-07-01 00:22:36 --> There is no primary key defined when trying to make insert.
#0 C:\xampp\htdocs\NsoftDev\ci4new\vendor\codeigniter4\framework\system\Model.php(248): CodeIgniter\Database\Exceptions\DataException::forEmptyPrimaryKey('insert')
#1 C:\xampp\htdocs\NsoftDev\ci4new\vendor\codeigniter4\framework\system\BaseModel.php(774): CodeIgniter\Model->doInsert(Array)
#2 C:\xampp\htdocs\NsoftDev\ci4new\vendor\codeigniter4\framework\system\Model.php(686): CodeIgniter\BaseModel->insert(Array, true)
#3 C:\xampp\htdocs\NsoftDev\ci4new\app\Controllers\Admin.php(49): CodeIgniter\Model->insert(Array)
#4 C:\xampp\htdocs\NsoftDev\ci4new\vendor\codeigniter4\framework\system\CodeIgniter.php(931): App\Controllers\Admin->insertEmp()
#5 C:\xampp\htdocs\NsoftDev\ci4new\vendor\codeigniter4\framework\system\CodeIgniter.php(439): CodeIgniter\CodeIgniter->runController(Object(App\Controllers\Admin))
#6 C:\xampp\htdocs\NsoftDev\ci4new\vendor\codeigniter4\framework\system\CodeIgniter.php(339): CodeIgniter\CodeIgniter->handleRequest(NULL, Object(Config\Cache), false)
#7 C:\xampp\htdocs\NsoftDev\ci4new\public\index.php(36): CodeIgniter\CodeIgniter->run()
#8 C:\xampp\htdocs\NsoftDev\ci4new\vendor\codeigniter4\framework\system\Commands\Server\rewrite.php(45): require_once('C:\\xampp\\htdocs...')
#9 {main}
CRITICAL - 2021-07-01 00:25:45 --> There is no primary key defined when trying to make insert.
#0 C:\xampp\htdocs\NsoftDev\ci4new\vendor\codeigniter4\framework\system\Model.php(248): CodeIgniter\Database\Exceptions\DataException::forEmptyPrimaryKey('insert')
#1 C:\xampp\htdocs\NsoftDev\ci4new\vendor\codeigniter4\framework\system\BaseModel.php(774): CodeIgniter\Model->doInsert(Array)
#2 C:\xampp\htdocs\NsoftDev\ci4new\vendor\codeigniter4\framework\system\Model.php(686): CodeIgniter\BaseModel->insert(Array, true)
#3 C:\xampp\htdocs\NsoftDev\ci4new\app\Controllers\Admin.php(49): CodeIgniter\Model->insert(Array)
#4 C:\xampp\htdocs\NsoftDev\ci4new\vendor\codeigniter4\framework\system\CodeIgniter.php(931): App\Controllers\Admin->insertEmp()
#5 C:\xampp\htdocs\NsoftDev\ci4new\vendor\codeigniter4\framework\system\CodeIgniter.php(439): CodeIgniter\CodeIgniter->runController(Object(App\Controllers\Admin))
#6 C:\xampp\htdocs\NsoftDev\ci4new\vendor\codeigniter4\framework\system\CodeIgniter.php(339): CodeIgniter\CodeIgniter->handleRequest(NULL, Object(Config\Cache), false)
#7 C:\xampp\htdocs\NsoftDev\ci4new\public\index.php(36): CodeIgniter\CodeIgniter->run()
#8 C:\xampp\htdocs\NsoftDev\ci4new\vendor\codeigniter4\framework\system\Commands\Server\rewrite.php(45): require_once('C:\\xampp\\htdocs...')
#9 {main}
CRITICAL - 2021-07-01 00:31:09 --> There is no primary key defined when trying to make insert.
#0 C:\xampp\htdocs\NsoftDev\ci4new\vendor\codeigniter4\framework\system\Model.php(248): CodeIgniter\Database\Exceptions\DataException::forEmptyPrimaryKey('insert')
#1 C:\xampp\htdocs\NsoftDev\ci4new\vendor\codeigniter4\framework\system\BaseModel.php(774): CodeIgniter\Model->doInsert(Array)
#2 C:\xampp\htdocs\NsoftDev\ci4new\vendor\codeigniter4\framework\system\Model.php(686): CodeIgniter\BaseModel->insert(Array, true)
#3 C:\xampp\htdocs\NsoftDev\ci4new\app\Controllers\Admin.php(49): CodeIgniter\Model->insert(Array)
#4 C:\xampp\htdocs\NsoftDev\ci4new\vendor\codeigniter4\framework\system\CodeIgniter.php(931): App\Controllers\Admin->insertEmp()
#5 C:\xampp\htdocs\NsoftDev\ci4new\vendor\codeigniter4\framework\system\CodeIgniter.php(439): CodeIgniter\CodeIgniter->runController(Object(App\Controllers\Admin))
#6 C:\xampp\htdocs\NsoftDev\ci4new\vendor\codeigniter4\framework\system\CodeIgniter.php(339): CodeIgniter\CodeIgniter->handleRequest(NULL, Object(Config\Cache), false)
#7 C:\xampp\htdocs\NsoftDev\ci4new\public\index.php(36): CodeIgniter\CodeIgniter->run()
#8 C:\xampp\htdocs\NsoftDev\ci4new\vendor\codeigniter4\framework\system\Commands\Server\rewrite.php(45): require_once('C:\\xampp\\htdocs...')
#9 {main}
CRITICAL - 2021-07-01 00:31:25 --> There is no primary key defined when trying to make insert.
#0 C:\xampp\htdocs\NsoftDev\ci4new\vendor\codeigniter4\framework\system\Model.php(248): CodeIgniter\Database\Exceptions\DataException::forEmptyPrimaryKey('insert')
#1 C:\xampp\htdocs\NsoftDev\ci4new\vendor\codeigniter4\framework\system\BaseModel.php(774): CodeIgniter\Model->doInsert(Array)
#2 C:\xampp\htdocs\NsoftDev\ci4new\vendor\codeigniter4\framework\system\Model.php(686): CodeIgniter\BaseModel->insert(Array, true)
#3 C:\xampp\htdocs\NsoftDev\ci4new\app\Controllers\Admin.php(49): CodeIgniter\Model->insert(Array)
#4 C:\xampp\htdocs\NsoftDev\ci4new\vendor\codeigniter4\framework\system\CodeIgniter.php(931): App\Controllers\Admin->insertEmp()
#5 C:\xampp\htdocs\NsoftDev\ci4new\vendor\codeigniter4\framework\system\CodeIgniter.php(439): CodeIgniter\CodeIgniter->runController(Object(App\Controllers\Admin))
#6 C:\xampp\htdocs\NsoftDev\ci4new\vendor\codeigniter4\framework\system\CodeIgniter.php(339): CodeIgniter\CodeIgniter->handleRequest(NULL, Object(Config\Cache), false)
#7 C:\xampp\htdocs\NsoftDev\ci4new\public\index.php(36): CodeIgniter\CodeIgniter->run()
#8 C:\xampp\htdocs\NsoftDev\ci4new\vendor\codeigniter4\framework\system\Commands\Server\rewrite.php(45): require_once('C:\\xampp\\htdocs...')
#9 {main}
CRITICAL - 2021-07-01 00:33:11 --> There is no primary key defined when trying to make insert.
#0 C:\xampp\htdocs\NsoftDev\ci4new\vendor\codeigniter4\framework\system\Model.php(248): CodeIgniter\Database\Exceptions\DataException::forEmptyPrimaryKey('insert')
#1 C:\xampp\htdocs\NsoftDev\ci4new\vendor\codeigniter4\framework\system\BaseModel.php(774): CodeIgniter\Model->doInsert(Array)
#2 C:\xampp\htdocs\NsoftDev\ci4new\vendor\codeigniter4\framework\system\Model.php(686): CodeIgniter\BaseModel->insert(Array, true)
#3 C:\xampp\htdocs\NsoftDev\ci4new\app\Controllers\Admin.php(49): CodeIgniter\Model->insert(Array)
#4 C:\xampp\htdocs\NsoftDev\ci4new\vendor\codeigniter4\framework\system\CodeIgniter.php(931): App\Controllers\Admin->insertEmp()
#5 C:\xampp\htdocs\NsoftDev\ci4new\vendor\codeigniter4\framework\system\CodeIgniter.php(439): CodeIgniter\CodeIgniter->runController(Object(App\Controllers\Admin))
#6 C:\xampp\htdocs\NsoftDev\ci4new\vendor\codeigniter4\framework\system\CodeIgniter.php(339): CodeIgniter\CodeIgniter->handleRequest(NULL, Object(Config\Cache), false)
#7 C:\xampp\htdocs\NsoftDev\ci4new\public\index.php(36): CodeIgniter\CodeIgniter->run()
#8 C:\xampp\htdocs\NsoftDev\ci4new\vendor\codeigniter4\framework\system\Commands\Server\rewrite.php(45): require_once('C:\\xampp\\htdocs...')
#9 {main}
CRITICAL - 2021-07-01 00:34:27 --> There is no primary key defined when trying to make insert.
#0 C:\xampp\htdocs\NsoftDev\ci4new\vendor\codeigniter4\framework\system\Model.php(248): CodeIgniter\Database\Exceptions\DataException::forEmptyPrimaryKey('insert')
#1 C:\xampp\htdocs\NsoftDev\ci4new\vendor\codeigniter4\framework\system\BaseModel.php(774): CodeIgniter\Model->doInsert(Array)
#2 C:\xampp\htdocs\NsoftDev\ci4new\vendor\codeigniter4\framework\system\Model.php(686): CodeIgniter\BaseModel->insert(Array, true)
#3 C:\xampp\htdocs\NsoftDev\ci4new\app\Controllers\Admin.php(49): CodeIgniter\Model->insert(Array)
#4 C:\xampp\htdocs\NsoftDev\ci4new\vendor\codeigniter4\framework\system\CodeIgniter.php(931): App\Controllers\Admin->insertEmp()
#5 C:\xampp\htdocs\NsoftDev\ci4new\vendor\codeigniter4\framework\system\CodeIgniter.php(439): CodeIgniter\CodeIgniter->runController(Object(App\Controllers\Admin))
#6 C:\xampp\htdocs\NsoftDev\ci4new\vendor\codeigniter4\framework\system\CodeIgniter.php(339): CodeIgniter\CodeIgniter->handleRequest(NULL, Object(Config\Cache), false)
#7 C:\xampp\htdocs\NsoftDev\ci4new\public\index.php(36): CodeIgniter\CodeIgniter->run()
#8 C:\xampp\htdocs\NsoftDev\ci4new\vendor\codeigniter4\framework\system\Commands\Server\rewrite.php(45): require_once('C:\\xampp\\htdocs...')
#9 {main}
CRITICAL - 2021-07-01 00:36:21 --> There is no primary key defined when trying to make insert.
#0 C:\xampp\htdocs\NsoftDev\ci4new\vendor\codeigniter4\framework\system\Model.php(248): CodeIgniter\Database\Exceptions\DataException::forEmptyPrimaryKey('insert')
#1 C:\xampp\htdocs\NsoftDev\ci4new\vendor\codeigniter4\framework\system\BaseModel.php(774): CodeIgniter\Model->doInsert(Array)
#2 C:\xampp\htdocs\NsoftDev\ci4new\vendor\codeigniter4\framework\system\Model.php(686): CodeIgniter\BaseModel->insert(Array, true)
#3 C:\xampp\htdocs\NsoftDev\ci4new\app\Controllers\Admin.php(49): CodeIgniter\Model->insert(Array)
#4 C:\xampp\htdocs\NsoftDev\ci4new\vendor\codeigniter4\framework\system\CodeIgniter.php(931): App\Controllers\Admin->insertEmp()
#5 C:\xampp\htdocs\NsoftDev\ci4new\vendor\codeigniter4\framework\system\CodeIgniter.php(439): CodeIgniter\CodeIgniter->runController(Object(App\Controllers\Admin))
#6 C:\xampp\htdocs\NsoftDev\ci4new\vendor\codeigniter4\framework\system\CodeIgniter.php(339): CodeIgniter\CodeIgniter->handleRequest(NULL, Object(Config\Cache), false)
#7 C:\xampp\htdocs\NsoftDev\ci4new\public\index.php(36): CodeIgniter\CodeIgniter->run()
#8 C:\xampp\htdocs\NsoftDev\ci4new\vendor\codeigniter4\framework\system\Commands\Server\rewrite.php(45): require_once('C:\\xampp\\htdocs...')
#9 {main}
CRITICAL - 2021-07-01 00:37:00 --> There is no primary key defined when trying to make insert.
#0 C:\xampp\htdocs\NsoftDev\ci4new\vendor\codeigniter4\framework\system\Model.php(248): CodeIgniter\Database\Exceptions\DataException::forEmptyPrimaryKey('insert')
#1 C:\xampp\htdocs\NsoftDev\ci4new\vendor\codeigniter4\framework\system\BaseModel.php(774): CodeIgniter\Model->doInsert(Array)
#2 C:\xampp\htdocs\NsoftDev\ci4new\vendor\codeigniter4\framework\system\Model.php(686): CodeIgniter\BaseModel->insert(Array, true)
#3 C:\xampp\htdocs\NsoftDev\ci4new\app\Controllers\Admin.php(49): CodeIgniter\Model->insert(Array)
#4 C:\xampp\htdocs\NsoftDev\ci4new\vendor\codeigniter4\framework\system\CodeIgniter.php(931): App\Controllers\Admin->insertEmp()
#5 C:\xampp\htdocs\NsoftDev\ci4new\vendor\codeigniter4\framework\system\CodeIgniter.php(439): CodeIgniter\CodeIgniter->runController(Object(App\Controllers\Admin))
#6 C:\xampp\htdocs\NsoftDev\ci4new\vendor\codeigniter4\framework\system\CodeIgniter.php(339): CodeIgniter\CodeIgniter->handleRequest(NULL, Object(Config\Cache), false)
#7 C:\xampp\htdocs\NsoftDev\ci4new\public\index.php(36): CodeIgniter\CodeIgniter->run()
#8 C:\xampp\htdocs\NsoftDev\ci4new\vendor\codeigniter4\framework\system\Commands\Server\rewrite.php(45): require_once('C:\\xampp\\htdocs...')
#9 {main}
CRITICAL - 2021-07-01 00:39:19 --> There is no primary key defined when trying to make insert.
#0 C:\xampp\htdocs\NsoftDev\ci4new\vendor\codeigniter4\framework\system\Model.php(248): CodeIgniter\Database\Exceptions\DataException::forEmptyPrimaryKey('insert')
#1 C:\xampp\htdocs\NsoftDev\ci4new\vendor\codeigniter4\framework\system\BaseModel.php(774): CodeIgniter\Model->doInsert(Array)
#2 C:\xampp\htdocs\NsoftDev\ci4new\vendor\codeigniter4\framework\system\Model.php(686): CodeIgniter\BaseModel->insert(Array, true)
#3 C:\xampp\htdocs\NsoftDev\ci4new\app\Controllers\Admin.php(49): CodeIgniter\Model->insert(Array)
#4 C:\xampp\htdocs\NsoftDev\ci4new\vendor\codeigniter4\framework\system\CodeIgniter.php(931): App\Controllers\Admin->insertEmp()
#5 C:\xampp\htdocs\NsoftDev\ci4new\vendor\codeigniter4\framework\system\CodeIgniter.php(439): CodeIgniter\CodeIgniter->runController(Object(App\Controllers\Admin))
#6 C:\xampp\htdocs\NsoftDev\ci4new\vendor\codeigniter4\framework\system\CodeIgniter.php(339): CodeIgniter\CodeIgniter->handleRequest(NULL, Object(Config\Cache), false)
#7 C:\xampp\htdocs\NsoftDev\ci4new\public\index.php(36): CodeIgniter\CodeIgniter->run()
#8 C:\xampp\htdocs\NsoftDev\ci4new\vendor\codeigniter4\framework\system\Commands\Server\rewrite.php(45): require_once('C:\\xampp\\htdocs...')
#9 {main}
CRITICAL - 2021-07-01 00:42:28 --> There is no primary key defined when trying to make insert.
#0 C:\xampp\htdocs\NsoftDev\ci4new\vendor\codeigniter4\framework\system\Model.php(248): CodeIgniter\Database\Exceptions\DataException::forEmptyPrimaryKey('insert')
#1 C:\xampp\htdocs\NsoftDev\ci4new\vendor\codeigniter4\framework\system\BaseModel.php(774): CodeIgniter\Model->doInsert(Array)
#2 C:\xampp\htdocs\NsoftDev\ci4new\vendor\codeigniter4\framework\system\Model.php(686): CodeIgniter\BaseModel->insert(Array, false)
#3 C:\xampp\htdocs\NsoftDev\ci4new\vendor\codeigniter4\framework\system\BaseModel.php(687): CodeIgniter\Model->insert(Array, false)
#4 C:\xampp\htdocs\NsoftDev\ci4new\app\Controllers\Admin.php(49): CodeIgniter\BaseModel->save(Array)
#5 C:\xampp\htdocs\NsoftDev\ci4new\vendor\codeigniter4\framework\system\CodeIgniter.php(931): App\Controllers\Admin->insertEmp()
#6 C:\xampp\htdocs\NsoftDev\ci4new\vendor\codeigniter4\framework\system\CodeIgniter.php(439): CodeIgniter\CodeIgniter->runController(Object(App\Controllers\Admin))
#7 C:\xampp\htdocs\NsoftDev\ci4new\vendor\codeigniter4\framework\system\CodeIgniter.php(339): CodeIgniter\CodeIgniter->handleRequest(NULL, Object(Config\Cache), false)
#8 C:\xampp\htdocs\NsoftDev\ci4new\public\index.php(36): CodeIgniter\CodeIgniter->run()
#9 C:\xampp\htdocs\NsoftDev\ci4new\vendor\codeigniter4\framework\system\Commands\Server\rewrite.php(45): require_once('C:\\xampp\\htdocs...')
#10 {main}
CRITICAL - 2021-07-01 00:42:57 --> There is no primary key defined when trying to make insert.
#0 C:\xampp\htdocs\NsoftDev\ci4new\vendor\codeigniter4\framework\system\Model.php(248): CodeIgniter\Database\Exceptions\DataException::forEmptyPrimaryKey('insert')
#1 C:\xampp\htdocs\NsoftDev\ci4new\vendor\codeigniter4\framework\system\BaseModel.php(774): CodeIgniter\Model->doInsert(Array)
#2 C:\xampp\htdocs\NsoftDev\ci4new\vendor\codeigniter4\framework\system\Model.php(686): CodeIgniter\BaseModel->insert(Array, false)
#3 C:\xampp\htdocs\NsoftDev\ci4new\vendor\codeigniter4\framework\system\BaseModel.php(687): CodeIgniter\Model->insert(Array, false)
#4 C:\xampp\htdocs\NsoftDev\ci4new\app\Controllers\Admin.php(49): CodeIgniter\BaseModel->save(Array)
#5 C:\xampp\htdocs\NsoftDev\ci4new\vendor\codeigniter4\framework\system\CodeIgniter.php(931): App\Controllers\Admin->insertEmp()
#6 C:\xampp\htdocs\NsoftDev\ci4new\vendor\codeigniter4\framework\system\CodeIgniter.php(439): CodeIgniter\CodeIgniter->runController(Object(App\Controllers\Admin))
#7 C:\xampp\htdocs\NsoftDev\ci4new\vendor\codeigniter4\framework\system\CodeIgniter.php(339): CodeIgniter\CodeIgniter->handleRequest(NULL, Object(Config\Cache), false)
#8 C:\xampp\htdocs\NsoftDev\ci4new\public\index.php(36): CodeIgniter\CodeIgniter->run()
#9 C:\xampp\htdocs\NsoftDev\ci4new\vendor\codeigniter4\framework\system\Commands\Server\rewrite.php(45): require_once('C:\\xampp\\htdocs...')
#10 {main}
CRITICAL - 2021-07-01 00:46:38 --> There is no primary key defined when trying to make insert.
#0 C:\xampp\htdocs\NsoftDev\ci4new\vendor\codeigniter4\framework\system\Model.php(248): CodeIgniter\Database\Exceptions\DataException::forEmptyPrimaryKey('insert')
#1 C:\xampp\htdocs\NsoftDev\ci4new\vendor\codeigniter4\framework\system\BaseModel.php(774): CodeIgniter\Model->doInsert(Array)
#2 C:\xampp\htdocs\NsoftDev\ci4new\vendor\codeigniter4\framework\system\Model.php(686): CodeIgniter\BaseModel->insert(Array, true)
#3 C:\xampp\htdocs\NsoftDev\ci4new\app\Controllers\Admin.php(49): CodeIgniter\Model->insert(Array)
#4 C:\xampp\htdocs\NsoftDev\ci4new\vendor\codeigniter4\framework\system\CodeIgniter.php(931): App\Controllers\Admin->insertEmp()
#5 C:\xampp\htdocs\NsoftDev\ci4new\vendor\codeigniter4\framework\system\CodeIgniter.php(439): CodeIgniter\CodeIgniter->runController(Object(App\Controllers\Admin))
#6 C:\xampp\htdocs\NsoftDev\ci4new\vendor\codeigniter4\framework\system\CodeIgniter.php(339): CodeIgniter\CodeIgniter->handleRequest(NULL, Object(Config\Cache), false)
#7 C:\xampp\htdocs\NsoftDev\ci4new\public\index.php(36): CodeIgniter\CodeIgniter->run()
#8 C:\xampp\htdocs\NsoftDev\ci4new\vendor\codeigniter4\framework\system\Commands\Server\rewrite.php(45): require_once('C:\\xampp\\htdocs...')
#9 {main}
CRITICAL - 2021-07-01 00:46:51 --> There is no primary key defined when trying to make insert.
#0 C:\xampp\htdocs\NsoftDev\ci4new\vendor\codeigniter4\framework\system\Model.php(248): CodeIgniter\Database\Exceptions\DataException::forEmptyPrimaryKey('insert')
#1 C:\xampp\htdocs\NsoftDev\ci4new\vendor\codeigniter4\framework\system\BaseModel.php(774): CodeIgniter\Model->doInsert(Array)
#2 C:\xampp\htdocs\NsoftDev\ci4new\vendor\codeigniter4\framework\system\Model.php(686): CodeIgniter\BaseModel->insert(Array, true)
#3 C:\xampp\htdocs\NsoftDev\ci4new\app\Controllers\Admin.php(49): CodeIgniter\Model->insert(Array)
#4 C:\xampp\htdocs\NsoftDev\ci4new\vendor\codeigniter4\framework\system\CodeIgniter.php(931): App\Controllers\Admin->insertEmp()
#5 C:\xampp\htdocs\NsoftDev\ci4new\vendor\codeigniter4\framework\system\CodeIgniter.php(439): CodeIgniter\CodeIgniter->runController(Object(App\Controllers\Admin))
#6 C:\xampp\htdocs\NsoftDev\ci4new\vendor\codeigniter4\framework\system\CodeIgniter.php(339): CodeIgniter\CodeIgniter->handleRequest(NULL, Object(Config\Cache), false)
#7 C:\xampp\htdocs\NsoftDev\ci4new\public\index.php(36): CodeIgniter\CodeIgniter->run()
#8 C:\xampp\htdocs\NsoftDev\ci4new\vendor\codeigniter4\framework\system\Commands\Server\rewrite.php(45): require_once('C:\\xampp\\htdocs...')
#9 {main}
CRITICAL - 2021-07-01 00:48:27 --> There is no primary key defined when trying to make insert.
#0 C:\xampp\htdocs\NsoftDev\ci4new\vendor\codeigniter4\framework\system\Model.php(248): CodeIgniter\Database\Exceptions\DataException::forEmptyPrimaryKey('insert')
#1 C:\xampp\htdocs\NsoftDev\ci4new\vendor\codeigniter4\framework\system\BaseModel.php(774): CodeIgniter\Model->doInsert(Array)
#2 C:\xampp\htdocs\NsoftDev\ci4new\vendor\codeigniter4\framework\system\Model.php(686): CodeIgniter\BaseModel->insert(Array, true)
#3 C:\xampp\htdocs\NsoftDev\ci4new\app\Controllers\Admin.php(49): CodeIgniter\Model->insert(Array)
#4 C:\xampp\htdocs\NsoftDev\ci4new\vendor\codeigniter4\framework\system\CodeIgniter.php(931): App\Controllers\Admin->insertEmp()
#5 C:\xampp\htdocs\NsoftDev\ci4new\vendor\codeigniter4\framework\system\CodeIgniter.php(439): CodeIgniter\CodeIgniter->runController(Object(App\Controllers\Admin))
#6 C:\xampp\htdocs\NsoftDev\ci4new\vendor\codeigniter4\framework\system\CodeIgniter.php(339): CodeIgniter\CodeIgniter->handleRequest(NULL, Object(Config\Cache), false)
#7 C:\xampp\htdocs\NsoftDev\ci4new\public\index.php(36): CodeIgniter\CodeIgniter->run()
#8 C:\xampp\htdocs\NsoftDev\ci4new\vendor\codeigniter4\framework\system\Commands\Server\rewrite.php(45): require_once('C:\\xampp\\htdocs...')
#9 {main}
CRITICAL - 2021-07-01 00:48:28 --> There is no primary key defined when trying to make insert.
#0 C:\xampp\htdocs\NsoftDev\ci4new\vendor\codeigniter4\framework\system\Model.php(248): CodeIgniter\Database\Exceptions\DataException::forEmptyPrimaryKey('insert')
#1 C:\xampp\htdocs\NsoftDev\ci4new\vendor\codeigniter4\framework\system\BaseModel.php(774): CodeIgniter\Model->doInsert(Array)
#2 C:\xampp\htdocs\NsoftDev\ci4new\vendor\codeigniter4\framework\system\Model.php(686): CodeIgniter\BaseModel->insert(Array, true)
#3 C:\xampp\htdocs\NsoftDev\ci4new\app\Controllers\Admin.php(49): CodeIgniter\Model->insert(Array)
#4 C:\xampp\htdocs\NsoftDev\ci4new\vendor\codeigniter4\framework\system\CodeIgniter.php(931): App\Controllers\Admin->insertEmp()
#5 C:\xampp\htdocs\NsoftDev\ci4new\vendor\codeigniter4\framework\system\CodeIgniter.php(439): CodeIgniter\CodeIgniter->runController(Object(App\Controllers\Admin))
#6 C:\xampp\htdocs\NsoftDev\ci4new\vendor\codeigniter4\framework\system\CodeIgniter.php(339): CodeIgniter\CodeIgniter->handleRequest(NULL, Object(Config\Cache), false)
#7 C:\xampp\htdocs\NsoftDev\ci4new\public\index.php(36): CodeIgniter\CodeIgniter->run()
#8 C:\xampp\htdocs\NsoftDev\ci4new\vendor\codeigniter4\framework\system\Commands\Server\rewrite.php(45): require_once('C:\\xampp\\htdocs...')
#9 {main}
CRITICAL - 2021-07-01 00:48:29 --> There is no primary key defined when trying to make insert.
#0 C:\xampp\htdocs\NsoftDev\ci4new\vendor\codeigniter4\framework\system\Model.php(248): CodeIgniter\Database\Exceptions\DataException::forEmptyPrimaryKey('insert')
#1 C:\xampp\htdocs\NsoftDev\ci4new\vendor\codeigniter4\framework\system\BaseModel.php(774): CodeIgniter\Model->doInsert(Array)
#2 C:\xampp\htdocs\NsoftDev\ci4new\vendor\codeigniter4\framework\system\Model.php(686): CodeIgniter\BaseModel->insert(Array, true)
#3 C:\xampp\htdocs\NsoftDev\ci4new\app\Controllers\Admin.php(49): CodeIgniter\Model->insert(Array)
#4 C:\xampp\htdocs\NsoftDev\ci4new\vendor\codeigniter4\framework\system\CodeIgniter.php(931): App\Controllers\Admin->insertEmp()
#5 C:\xampp\htdocs\NsoftDev\ci4new\vendor\codeigniter4\framework\system\CodeIgniter.php(439): CodeIgniter\CodeIgniter->runController(Object(App\Controllers\Admin))
#6 C:\xampp\htdocs\NsoftDev\ci4new\vendor\codeigniter4\framework\system\CodeIgniter.php(339): CodeIgniter\CodeIgniter->handleRequest(NULL, Object(Config\Cache), false)
#7 C:\xampp\htdocs\NsoftDev\ci4new\public\index.php(36): CodeIgniter\CodeIgniter->run()
#8 C:\xampp\htdocs\NsoftDev\ci4new\vendor\codeigniter4\framework\system\Commands\Server\rewrite.php(45): require_once('C:\\xampp\\htdocs...')
#9 {main}
CRITICAL - 2021-07-01 00:53:59 --> There is no primary key defined when trying to make insert.
#0 C:\xampp\htdocs\NsoftDev\ci4new\vendor\codeigniter4\framework\system\Model.php(248): CodeIgniter\Database\Exceptions\DataException::forEmptyPrimaryKey('insert')
#1 C:\xampp\htdocs\NsoftDev\ci4new\vendor\codeigniter4\framework\system\BaseModel.php(774): CodeIgniter\Model->doInsert(Array)
#2 C:\xampp\htdocs\NsoftDev\ci4new\vendor\codeigniter4\framework\system\Model.php(686): CodeIgniter\BaseModel->insert(Array, true)
#3 C:\xampp\htdocs\NsoftDev\ci4new\app\Controllers\Admin.php(50): CodeIgniter\Model->insert(Array)
#4 C:\xampp\htdocs\NsoftDev\ci4new\vendor\codeigniter4\framework\system\CodeIgniter.php(931): App\Controllers\Admin->insertEmp()
#5 C:\xampp\htdocs\NsoftDev\ci4new\vendor\codeigniter4\framework\system\CodeIgniter.php(439): CodeIgniter\CodeIgniter->runController(Object(App\Controllers\Admin))
#6 C:\xampp\htdocs\NsoftDev\ci4new\vendor\codeigniter4\framework\system\CodeIgniter.php(339): CodeIgniter\CodeIgniter->handleRequest(NULL, Object(Config\Cache), false)
#7 C:\xampp\htdocs\NsoftDev\ci4new\public\index.php(36): CodeIgniter\CodeIgniter->run()
#8 C:\xampp\htdocs\NsoftDev\ci4new\vendor\codeigniter4\framework\system\Commands\Server\rewrite.php(45): require_once('C:\\xampp\\htdocs...')
#9 {main}
CRITICAL - 2021-07-01 00:56:03 --> There is no primary key defined when trying to make insert.
#0 C:\xampp\htdocs\NsoftDev\ci4new\vendor\codeigniter4\framework\system\Model.php(248): CodeIgniter\Database\Exceptions\DataException::forEmptyPrimaryKey('insert')
#1 C:\xampp\htdocs\NsoftDev\ci4new\vendor\codeigniter4\framework\system\BaseModel.php(774): CodeIgniter\Model->doInsert(Array)
#2 C:\xampp\htdocs\NsoftDev\ci4new\vendor\codeigniter4\framework\system\Model.php(686): CodeIgniter\BaseModel->insert(Array, true)
#3 C:\xampp\htdocs\NsoftDev\ci4new\app\Controllers\Admin.php(50): CodeIgniter\Model->insert(Array)
#4 C:\xampp\htdocs\NsoftDev\ci4new\vendor\codeigniter4\framework\system\CodeIgniter.php(931): App\Controllers\Admin->insertEmp()
#5 C:\xampp\htdocs\NsoftDev\ci4new\vendor\codeigniter4\framework\system\CodeIgniter.php(439): CodeIgniter\CodeIgniter->runController(Object(App\Controllers\Admin))
#6 C:\xampp\htdocs\NsoftDev\ci4new\vendor\codeigniter4\framework\system\CodeIgniter.php(339): CodeIgniter\CodeIgniter->handleRequest(NULL, Object(Config\Cache), false)
#7 C:\xampp\htdocs\NsoftDev\ci4new\public\index.php(36): CodeIgniter\CodeIgniter->run()
#8 C:\xampp\htdocs\NsoftDev\ci4new\vendor\codeigniter4\framework\system\Commands\Server\rewrite.php(45): require_once('C:\\xampp\\htdocs...')
#9 {main}
CRITICAL - 2021-07-01 00:57:21 --> There is no primary key defined when trying to make insert.
#0 C:\xampp\htdocs\NsoftDev\ci4new\vendor\codeigniter4\framework\system\Model.php(248): CodeIgniter\Database\Exceptions\DataException::forEmptyPrimaryKey('insert')
#1 C:\xampp\htdocs\NsoftDev\ci4new\vendor\codeigniter4\framework\system\BaseModel.php(774): CodeIgniter\Model->doInsert(Array)
#2 C:\xampp\htdocs\NsoftDev\ci4new\vendor\codeigniter4\framework\system\Model.php(686): CodeIgniter\BaseModel->insert(Array, true)
#3 C:\xampp\htdocs\NsoftDev\ci4new\app\Controllers\Admin.php(50): CodeIgniter\Model->insert(Array)
#4 C:\xampp\htdocs\NsoftDev\ci4new\vendor\codeigniter4\framework\system\CodeIgniter.php(931): App\Controllers\Admin->insertEmp()
#5 C:\xampp\htdocs\NsoftDev\ci4new\vendor\codeigniter4\framework\system\CodeIgniter.php(439): CodeIgniter\CodeIgniter->runController(Object(App\Controllers\Admin))
#6 C:\xampp\htdocs\NsoftDev\ci4new\vendor\codeigniter4\framework\system\CodeIgniter.php(339): CodeIgniter\CodeIgniter->handleRequest(NULL, Object(Config\Cache), false)
#7 C:\xampp\htdocs\NsoftDev\ci4new\public\index.php(36): CodeIgniter\CodeIgniter->run()
#8 C:\xampp\htdocs\NsoftDev\ci4new\vendor\codeigniter4\framework\system\Commands\Server\rewrite.php(45): require_once('C:\\xampp\\htdocs...')
#9 {main}
ERROR - 2021-07-01 00:59:27 --> Duplicate entry '565465' for key 'PRIMARY'
CRITICAL - 2021-07-01 00:59:54 --> There is no primary key defined when trying to make insert.
#0 C:\xampp\htdocs\NsoftDev\ci4new\vendor\codeigniter4\framework\system\Model.php(248): CodeIgniter\Database\Exceptions\DataException::forEmptyPrimaryKey('insert')
#1 C:\xampp\htdocs\NsoftDev\ci4new\vendor\codeigniter4\framework\system\BaseModel.php(774): CodeIgniter\Model->doInsert(Array)
#2 C:\xampp\htdocs\NsoftDev\ci4new\vendor\codeigniter4\framework\system\Model.php(686): CodeIgniter\BaseModel->insert(Array, true)
#3 C:\xampp\htdocs\NsoftDev\ci4new\app\Controllers\Admin.php(50): CodeIgniter\Model->insert(Array)
#4 C:\xampp\htdocs\NsoftDev\ci4new\vendor\codeigniter4\framework\system\CodeIgniter.php(931): App\Controllers\Admin->insertEmp()
#5 C:\xampp\htdocs\NsoftDev\ci4new\vendor\codeigniter4\framework\system\CodeIgniter.php(439): CodeIgniter\CodeIgniter->runController(Object(App\Controllers\Admin))
#6 C:\xampp\htdocs\NsoftDev\ci4new\vendor\codeigniter4\framework\system\CodeIgniter.php(339): CodeIgniter\CodeIgniter->handleRequest(NULL, Object(Config\Cache), false)
#7 C:\xampp\htdocs\NsoftDev\ci4new\public\index.php(36): CodeIgniter\CodeIgniter->run()
#8 C:\xampp\htdocs\NsoftDev\ci4new\vendor\codeigniter4\framework\system\Commands\Server\rewrite.php(45): require_once('C:\\xampp\\htdocs...')
#9 {main}
