ERROR - 2023-11-15 16:32:01 --> Table 'hrms.employment_status_tbl' doesn't exist
CRITICAL - 2023-11-15 16:32:01 --> Table 'hrms.employment_status_tbl' doesn't exist
#0 C:\Users\ICT INHS\OneDrive - Department of Education\Desktop\HRMS\dg_hrms\vendor\codeigniter4\framework\system\Database\MySQLi\Connection.php(280): mysqli->query('SELECT *\nFROM `...')
#1 C:\Users\ICT INHS\OneDrive - Department of Education\Desktop\HRMS\dg_hrms\vendor\codeigniter4\framework\system\Database\BaseConnection.php(663): CodeIgniter\Database\MySQLi\Connection->execute('SELECT *\nFROM `...')
#2 C:\Users\ICT INHS\OneDrive - Department of Education\Desktop\HRMS\dg_hrms\vendor\codeigniter4\framework\system\Database\BaseConnection.php(591): CodeIgniter\Database\BaseConnection->simpleQuery('SELECT *\nFROM `...')
#3 C:\Users\ICT INHS\OneDrive - Department of Education\Desktop\HRMS\dg_hrms\vendor\codeigniter4\framework\system\Database\BaseBuilder.php(1428): CodeIgniter\Database\BaseConnection->query('SELECT *\nFROM `...', Array, false)
#4 C:\Users\ICT INHS\OneDrive - Department of Education\Desktop\HRMS\dg_hrms\vendor\codeigniter4\framework\system\Model.php(210): CodeIgniter\Database\BaseBuilder->get()
#5 C:\Users\ICT INHS\OneDrive - Department of Education\Desktop\HRMS\dg_hrms\vendor\codeigniter4\framework\system\BaseModel.php(622): CodeIgniter\Model->doFirst()
#6 C:\Users\ICT INHS\OneDrive - Department of Education\Desktop\HRMS\dg_hrms\app\Controllers\Admin.php(536): CodeIgniter\BaseModel->first()
#7 C:\Users\ICT INHS\OneDrive - Department of Education\Desktop\HRMS\dg_hrms\vendor\codeigniter4\framework\system\CodeIgniter.php(802): App\Controllers\Admin->viewEachEmp()
#8 C:\Users\ICT INHS\OneDrive - Department of Education\Desktop\HRMS\dg_hrms\vendor\codeigniter4\framework\system\CodeIgniter.php(399): CodeIgniter\CodeIgniter->runController(Object(App\Controllers\Admin))
#9 C:\Users\ICT INHS\OneDrive - Department of Education\Desktop\HRMS\dg_hrms\vendor\codeigniter4\framework\system\CodeIgniter.php(317): CodeIgniter\CodeIgniter->handleRequest(NULL, Object(Config\Cache), false)
#10 C:\Users\ICT INHS\OneDrive - Department of Education\Desktop\HRMS\dg_hrms\public\index.php(36): CodeIgniter\CodeIgniter->run()
#11 C:\Users\ICT INHS\OneDrive - Department of Education\Desktop\HRMS\dg_hrms\vendor\codeigniter4\framework\system\Commands\Server\rewrite.php(43): require_once('C:\\Users\\ICT IN...')
#12 {main}
ERROR - 2023-11-15 16:32:02 --> Table 'hrms.employment_status_tbl' doesn't exist
CRITICAL - 2023-11-15 16:32:02 --> Table 'hrms.employment_status_tbl' doesn't exist
#0 C:\Users\ICT INHS\OneDrive - Department of Education\Desktop\HRMS\dg_hrms\vendor\codeigniter4\framework\system\Database\MySQLi\Connection.php(280): mysqli->query('SELECT *\nFROM `...')
#1 C:\Users\ICT INHS\OneDrive - Department of Education\Desktop\HRMS\dg_hrms\vendor\codeigniter4\framework\system\Database\BaseConnection.php(663): CodeIgniter\Database\MySQLi\Connection->execute('SELECT *\nFROM `...')
#2 C:\Users\ICT INHS\OneDrive - Department of Education\Desktop\HRMS\dg_hrms\vendor\codeigniter4\framework\system\Database\BaseConnection.php(591): CodeIgniter\Database\BaseConnection->simpleQuery('SELECT *\nFROM `...')
#3 C:\Users\ICT INHS\OneDrive - Department of Education\Desktop\HRMS\dg_hrms\vendor\codeigniter4\framework\system\Database\BaseBuilder.php(1428): CodeIgniter\Database\BaseConnection->query('SELECT *\nFROM `...', Array, false)
#4 C:\Users\ICT INHS\OneDrive - Department of Education\Desktop\HRMS\dg_hrms\vendor\codeigniter4\framework\system\Model.php(210): CodeIgniter\Database\BaseBuilder->get()
#5 C:\Users\ICT INHS\OneDrive - Department of Education\Desktop\HRMS\dg_hrms\vendor\codeigniter4\framework\system\BaseModel.php(622): CodeIgniter\Model->doFirst()
#6 C:\Users\ICT INHS\OneDrive - Department of Education\Desktop\HRMS\dg_hrms\app\Controllers\Admin.php(536): CodeIgniter\BaseModel->first()
#7 C:\Users\ICT INHS\OneDrive - Department of Education\Desktop\HRMS\dg_hrms\vendor\codeigniter4\framework\system\CodeIgniter.php(802): App\Controllers\Admin->viewEachEmp()
#8 C:\Users\ICT INHS\OneDrive - Department of Education\Desktop\HRMS\dg_hrms\vendor\codeigniter4\framework\system\CodeIgniter.php(399): CodeIgniter\CodeIgniter->runController(Object(App\Controllers\Admin))
#9 C:\Users\ICT INHS\OneDrive - Department of Education\Desktop\HRMS\dg_hrms\vendor\codeigniter4\framework\system\CodeIgniter.php(317): CodeIgniter\CodeIgniter->handleRequest(NULL, Object(Config\Cache), false)
#10 C:\Users\ICT INHS\OneDrive - Department of Education\Desktop\HRMS\dg_hrms\public\index.php(36): CodeIgniter\CodeIgniter->run()
#11 C:\Users\ICT INHS\OneDrive - Department of Education\Desktop\HRMS\dg_hrms\vendor\codeigniter4\framework\system\Commands\Server\rewrite.php(43): require_once('C:\\Users\\ICT IN...')
#12 {main}
ERROR - 2023-11-15 16:32:02 --> Table 'hrms.employment_status_tbl' doesn't exist
CRITICAL - 2023-11-15 16:32:02 --> Table 'hrms.employment_status_tbl' doesn't exist
#0 C:\Users\ICT INHS\OneDrive - Department of Education\Desktop\HRMS\dg_hrms\vendor\codeigniter4\framework\system\Database\MySQLi\Connection.php(280): mysqli->query('SELECT *\nFROM `...')
#1 C:\Users\ICT INHS\OneDrive - Department of Education\Desktop\HRMS\dg_hrms\vendor\codeigniter4\framework\system\Database\BaseConnection.php(663): CodeIgniter\Database\MySQLi\Connection->execute('SELECT *\nFROM `...')
#2 C:\Users\ICT INHS\OneDrive - Department of Education\Desktop\HRMS\dg_hrms\vendor\codeigniter4\framework\system\Database\BaseConnection.php(591): CodeIgniter\Database\BaseConnection->simpleQuery('SELECT *\nFROM `...')
#3 C:\Users\ICT INHS\OneDrive - Department of Education\Desktop\HRMS\dg_hrms\vendor\codeigniter4\framework\system\Database\BaseBuilder.php(1428): CodeIgniter\Database\BaseConnection->query('SELECT *\nFROM `...', Array, false)
#4 C:\Users\ICT INHS\OneDrive - Department of Education\Desktop\HRMS\dg_hrms\vendor\codeigniter4\framework\system\Model.php(210): CodeIgniter\Database\BaseBuilder->get()
#5 C:\Users\ICT INHS\OneDrive - Department of Education\Desktop\HRMS\dg_hrms\vendor\codeigniter4\framework\system\BaseModel.php(622): CodeIgniter\Model->doFirst()
#6 C:\Users\ICT INHS\OneDrive - Department of Education\Desktop\HRMS\dg_hrms\app\Controllers\Admin.php(536): CodeIgniter\BaseModel->first()
#7 C:\Users\ICT INHS\OneDrive - Department of Education\Desktop\HRMS\dg_hrms\vendor\codeigniter4\framework\system\CodeIgniter.php(802): App\Controllers\Admin->viewEachEmp()
#8 C:\Users\ICT INHS\OneDrive - Department of Education\Desktop\HRMS\dg_hrms\vendor\codeigniter4\framework\system\CodeIgniter.php(399): CodeIgniter\CodeIgniter->runController(Object(App\Controllers\Admin))
#9 C:\Users\ICT INHS\OneDrive - Department of Education\Desktop\HRMS\dg_hrms\vendor\codeigniter4\framework\system\CodeIgniter.php(317): CodeIgniter\CodeIgniter->handleRequest(NULL, Object(Config\Cache), false)
#10 C:\Users\ICT INHS\OneDrive - Department of Education\Desktop\HRMS\dg_hrms\public\index.php(36): CodeIgniter\CodeIgniter->run()
#11 C:\Users\ICT INHS\OneDrive - Department of Education\Desktop\HRMS\dg_hrms\vendor\codeigniter4\framework\system\Commands\Server\rewrite.php(43): require_once('C:\\Users\\ICT IN...')
#12 {main}
ERROR - 2023-11-15 16:32:03 --> Table 'hrms.employment_status_tbl' doesn't exist
CRITICAL - 2023-11-15 16:32:03 --> Table 'hrms.employment_status_tbl' doesn't exist
#0 C:\Users\ICT INHS\OneDrive - Department of Education\Desktop\HRMS\dg_hrms\vendor\codeigniter4\framework\system\Database\MySQLi\Connection.php(280): mysqli->query('SELECT *\nFROM `...')
#1 C:\Users\ICT INHS\OneDrive - Department of Education\Desktop\HRMS\dg_hrms\vendor\codeigniter4\framework\system\Database\BaseConnection.php(663): CodeIgniter\Database\MySQLi\Connection->execute('SELECT *\nFROM `...')
#2 C:\Users\ICT INHS\OneDrive - Department of Education\Desktop\HRMS\dg_hrms\vendor\codeigniter4\framework\system\Database\BaseConnection.php(591): CodeIgniter\Database\BaseConnection->simpleQuery('SELECT *\nFROM `...')
#3 C:\Users\ICT INHS\OneDrive - Department of Education\Desktop\HRMS\dg_hrms\vendor\codeigniter4\framework\system\Database\BaseBuilder.php(1428): CodeIgniter\Database\BaseConnection->query('SELECT *\nFROM `...', Array, false)
#4 C:\Users\ICT INHS\OneDrive - Department of Education\Desktop\HRMS\dg_hrms\vendor\codeigniter4\framework\system\Model.php(210): CodeIgniter\Database\BaseBuilder->get()
#5 C:\Users\ICT INHS\OneDrive - Department of Education\Desktop\HRMS\dg_hrms\vendor\codeigniter4\framework\system\BaseModel.php(622): CodeIgniter\Model->doFirst()
#6 C:\Users\ICT INHS\OneDrive - Department of Education\Desktop\HRMS\dg_hrms\app\Controllers\Admin.php(536): CodeIgniter\BaseModel->first()
#7 C:\Users\ICT INHS\OneDrive - Department of Education\Desktop\HRMS\dg_hrms\vendor\codeigniter4\framework\system\CodeIgniter.php(802): App\Controllers\Admin->viewEachEmp()
#8 C:\Users\ICT INHS\OneDrive - Department of Education\Desktop\HRMS\dg_hrms\vendor\codeigniter4\framework\system\CodeIgniter.php(399): CodeIgniter\CodeIgniter->runController(Object(App\Controllers\Admin))
#9 C:\Users\ICT INHS\OneDrive - Department of Education\Desktop\HRMS\dg_hrms\vendor\codeigniter4\framework\system\CodeIgniter.php(317): CodeIgniter\CodeIgniter->handleRequest(NULL, Object(Config\Cache), false)
#10 C:\Users\ICT INHS\OneDrive - Department of Education\Desktop\HRMS\dg_hrms\public\index.php(36): CodeIgniter\CodeIgniter->run()
#11 C:\Users\ICT INHS\OneDrive - Department of Education\Desktop\HRMS\dg_hrms\vendor\codeigniter4\framework\system\Commands\Server\rewrite.php(43): require_once('C:\\Users\\ICT IN...')
#12 {main}
ERROR - 2023-11-15 16:32:18 --> Table 'hrms.employment_status_tbl' doesn't exist
CRITICAL - 2023-11-15 16:32:18 --> Table 'hrms.employment_status_tbl' doesn't exist
#0 C:\Users\ICT INHS\OneDrive - Department of Education\Desktop\HRMS\dg_hrms\vendor\codeigniter4\framework\system\Database\MySQLi\Connection.php(280): mysqli->query('SELECT *\nFROM `...')
#1 C:\Users\ICT INHS\OneDrive - Department of Education\Desktop\HRMS\dg_hrms\vendor\codeigniter4\framework\system\Database\BaseConnection.php(663): CodeIgniter\Database\MySQLi\Connection->execute('SELECT *\nFROM `...')
#2 C:\Users\ICT INHS\OneDrive - Department of Education\Desktop\HRMS\dg_hrms\vendor\codeigniter4\framework\system\Database\BaseConnection.php(591): CodeIgniter\Database\BaseConnection->simpleQuery('SELECT *\nFROM `...')
#3 C:\Users\ICT INHS\OneDrive - Department of Education\Desktop\HRMS\dg_hrms\vendor\codeigniter4\framework\system\Database\BaseBuilder.php(1428): CodeIgniter\Database\BaseConnection->query('SELECT *\nFROM `...', Array, false)
#4 C:\Users\ICT INHS\OneDrive - Department of Education\Desktop\HRMS\dg_hrms\vendor\codeigniter4\framework\system\Model.php(210): CodeIgniter\Database\BaseBuilder->get()
#5 C:\Users\ICT INHS\OneDrive - Department of Education\Desktop\HRMS\dg_hrms\vendor\codeigniter4\framework\system\BaseModel.php(622): CodeIgniter\Model->doFirst()
#6 C:\Users\ICT INHS\OneDrive - Department of Education\Desktop\HRMS\dg_hrms\app\Controllers\Admin.php(536): CodeIgniter\BaseModel->first()
#7 C:\Users\ICT INHS\OneDrive - Department of Education\Desktop\HRMS\dg_hrms\vendor\codeigniter4\framework\system\CodeIgniter.php(802): App\Controllers\Admin->viewEachEmp()
#8 C:\Users\ICT INHS\OneDrive - Department of Education\Desktop\HRMS\dg_hrms\vendor\codeigniter4\framework\system\CodeIgniter.php(399): CodeIgniter\CodeIgniter->runController(Object(App\Controllers\Admin))
#9 C:\Users\ICT INHS\OneDrive - Department of Education\Desktop\HRMS\dg_hrms\vendor\codeigniter4\framework\system\CodeIgniter.php(317): CodeIgniter\CodeIgniter->handleRequest(NULL, Object(Config\Cache), false)
#10 C:\Users\ICT INHS\OneDrive - Department of Education\Desktop\HRMS\dg_hrms\public\index.php(36): CodeIgniter\CodeIgniter->run()
#11 C:\Users\ICT INHS\OneDrive - Department of Education\Desktop\HRMS\dg_hrms\vendor\codeigniter4\framework\system\Commands\Server\rewrite.php(43): require_once('C:\\Users\\ICT IN...')
#12 {main}
ERROR - 2023-11-15 16:32:19 --> Table 'hrms.employment_status_tbl' doesn't exist
CRITICAL - 2023-11-15 16:32:19 --> Table 'hrms.employment_status_tbl' doesn't exist
#0 C:\Users\ICT INHS\OneDrive - Department of Education\Desktop\HRMS\dg_hrms\vendor\codeigniter4\framework\system\Database\MySQLi\Connection.php(280): mysqli->query('SELECT *\nFROM `...')
#1 C:\Users\ICT INHS\OneDrive - Department of Education\Desktop\HRMS\dg_hrms\vendor\codeigniter4\framework\system\Database\BaseConnection.php(663): CodeIgniter\Database\MySQLi\Connection->execute('SELECT *\nFROM `...')
#2 C:\Users\ICT INHS\OneDrive - Department of Education\Desktop\HRMS\dg_hrms\vendor\codeigniter4\framework\system\Database\BaseConnection.php(591): CodeIgniter\Database\BaseConnection->simpleQuery('SELECT *\nFROM `...')
#3 C:\Users\ICT INHS\OneDrive - Department of Education\Desktop\HRMS\dg_hrms\vendor\codeigniter4\framework\system\Database\BaseBuilder.php(1428): CodeIgniter\Database\BaseConnection->query('SELECT *\nFROM `...', Array, false)
#4 C:\Users\ICT INHS\OneDrive - Department of Education\Desktop\HRMS\dg_hrms\vendor\codeigniter4\framework\system\Model.php(210): CodeIgniter\Database\BaseBuilder->get()
#5 C:\Users\ICT INHS\OneDrive - Department of Education\Desktop\HRMS\dg_hrms\vendor\codeigniter4\framework\system\BaseModel.php(622): CodeIgniter\Model->doFirst()
#6 C:\Users\ICT INHS\OneDrive - Department of Education\Desktop\HRMS\dg_hrms\app\Controllers\Admin.php(536): CodeIgniter\BaseModel->first()
#7 C:\Users\ICT INHS\OneDrive - Department of Education\Desktop\HRMS\dg_hrms\vendor\codeigniter4\framework\system\CodeIgniter.php(802): App\Controllers\Admin->viewEachEmp()
#8 C:\Users\ICT INHS\OneDrive - Department of Education\Desktop\HRMS\dg_hrms\vendor\codeigniter4\framework\system\CodeIgniter.php(399): CodeIgniter\CodeIgniter->runController(Object(App\Controllers\Admin))
#9 C:\Users\ICT INHS\OneDrive - Department of Education\Desktop\HRMS\dg_hrms\vendor\codeigniter4\framework\system\CodeIgniter.php(317): CodeIgniter\CodeIgniter->handleRequest(NULL, Object(Config\Cache), false)
#10 C:\Users\ICT INHS\OneDrive - Department of Education\Desktop\HRMS\dg_hrms\public\index.php(36): CodeIgniter\CodeIgniter->run()
#11 C:\Users\ICT INHS\OneDrive - Department of Education\Desktop\HRMS\dg_hrms\vendor\codeigniter4\framework\system\Commands\Server\rewrite.php(43): require_once('C:\\Users\\ICT IN...')
#12 {main}
ERROR - 2023-11-15 16:32:19 --> Table 'hrms.employment_status_tbl' doesn't exist
CRITICAL - 2023-11-15 16:32:19 --> Table 'hrms.employment_status_tbl' doesn't exist
#0 C:\Users\ICT INHS\OneDrive - Department of Education\Desktop\HRMS\dg_hrms\vendor\codeigniter4\framework\system\Database\MySQLi\Connection.php(280): mysqli->query('SELECT *\nFROM `...')
#1 C:\Users\ICT INHS\OneDrive - Department of Education\Desktop\HRMS\dg_hrms\vendor\codeigniter4\framework\system\Database\BaseConnection.php(663): CodeIgniter\Database\MySQLi\Connection->execute('SELECT *\nFROM `...')
#2 C:\Users\ICT INHS\OneDrive - Department of Education\Desktop\HRMS\dg_hrms\vendor\codeigniter4\framework\system\Database\BaseConnection.php(591): CodeIgniter\Database\BaseConnection->simpleQuery('SELECT *\nFROM `...')
#3 C:\Users\ICT INHS\OneDrive - Department of Education\Desktop\HRMS\dg_hrms\vendor\codeigniter4\framework\system\Database\BaseBuilder.php(1428): CodeIgniter\Database\BaseConnection->query('SELECT *\nFROM `...', Array, false)
#4 C:\Users\ICT INHS\OneDrive - Department of Education\Desktop\HRMS\dg_hrms\vendor\codeigniter4\framework\system\Model.php(210): CodeIgniter\Database\BaseBuilder->get()
#5 C:\Users\ICT INHS\OneDrive - Department of Education\Desktop\HRMS\dg_hrms\vendor\codeigniter4\framework\system\BaseModel.php(622): CodeIgniter\Model->doFirst()
#6 C:\Users\ICT INHS\OneDrive - Department of Education\Desktop\HRMS\dg_hrms\app\Controllers\Admin.php(536): CodeIgniter\BaseModel->first()
#7 C:\Users\ICT INHS\OneDrive - Department of Education\Desktop\HRMS\dg_hrms\vendor\codeigniter4\framework\system\CodeIgniter.php(802): App\Controllers\Admin->viewEachEmp()
#8 C:\Users\ICT INHS\OneDrive - Department of Education\Desktop\HRMS\dg_hrms\vendor\codeigniter4\framework\system\CodeIgniter.php(399): CodeIgniter\CodeIgniter->runController(Object(App\Controllers\Admin))
#9 C:\Users\ICT INHS\OneDrive - Department of Education\Desktop\HRMS\dg_hrms\vendor\codeigniter4\framework\system\CodeIgniter.php(317): CodeIgniter\CodeIgniter->handleRequest(NULL, Object(Config\Cache), false)
#10 C:\Users\ICT INHS\OneDrive - Department of Education\Desktop\HRMS\dg_hrms\public\index.php(36): CodeIgniter\CodeIgniter->run()
#11 C:\Users\ICT INHS\OneDrive - Department of Education\Desktop\HRMS\dg_hrms\vendor\codeigniter4\framework\system\Commands\Server\rewrite.php(43): require_once('C:\\Users\\ICT IN...')
#12 {main}
ERROR - 2023-11-15 16:32:20 --> Table 'hrms.employment_status_tbl' doesn't exist
CRITICAL - 2023-11-15 16:32:20 --> Table 'hrms.employment_status_tbl' doesn't exist
#0 C:\Users\ICT INHS\OneDrive - Department of Education\Desktop\HRMS\dg_hrms\vendor\codeigniter4\framework\system\Database\MySQLi\Connection.php(280): mysqli->query('SELECT *\nFROM `...')
#1 C:\Users\ICT INHS\OneDrive - Department of Education\Desktop\HRMS\dg_hrms\vendor\codeigniter4\framework\system\Database\BaseConnection.php(663): CodeIgniter\Database\MySQLi\Connection->execute('SELECT *\nFROM `...')
#2 C:\Users\ICT INHS\OneDrive - Department of Education\Desktop\HRMS\dg_hrms\vendor\codeigniter4\framework\system\Database\BaseConnection.php(591): CodeIgniter\Database\BaseConnection->simpleQuery('SELECT *\nFROM `...')
#3 C:\Users\ICT INHS\OneDrive - Department of Education\Desktop\HRMS\dg_hrms\vendor\codeigniter4\framework\system\Database\BaseBuilder.php(1428): CodeIgniter\Database\BaseConnection->query('SELECT *\nFROM `...', Array, false)
#4 C:\Users\ICT INHS\OneDrive - Department of Education\Desktop\HRMS\dg_hrms\vendor\codeigniter4\framework\system\Model.php(210): CodeIgniter\Database\BaseBuilder->get()
#5 C:\Users\ICT INHS\OneDrive - Department of Education\Desktop\HRMS\dg_hrms\vendor\codeigniter4\framework\system\BaseModel.php(622): CodeIgniter\Model->doFirst()
#6 C:\Users\ICT INHS\OneDrive - Department of Education\Desktop\HRMS\dg_hrms\app\Controllers\Admin.php(536): CodeIgniter\BaseModel->first()
#7 C:\Users\ICT INHS\OneDrive - Department of Education\Desktop\HRMS\dg_hrms\vendor\codeigniter4\framework\system\CodeIgniter.php(802): App\Controllers\Admin->viewEachEmp()
#8 C:\Users\ICT INHS\OneDrive - Department of Education\Desktop\HRMS\dg_hrms\vendor\codeigniter4\framework\system\CodeIgniter.php(399): CodeIgniter\CodeIgniter->runController(Object(App\Controllers\Admin))
#9 C:\Users\ICT INHS\OneDrive - Department of Education\Desktop\HRMS\dg_hrms\vendor\codeigniter4\framework\system\CodeIgniter.php(317): CodeIgniter\CodeIgniter->handleRequest(NULL, Object(Config\Cache), false)
#10 C:\Users\ICT INHS\OneDrive - Department of Education\Desktop\HRMS\dg_hrms\public\index.php(36): CodeIgniter\CodeIgniter->run()
#11 C:\Users\ICT INHS\OneDrive - Department of Education\Desktop\HRMS\dg_hrms\vendor\codeigniter4\framework\system\Commands\Server\rewrite.php(43): require_once('C:\\Users\\ICT IN...')
#12 {main}
ERROR - 2023-11-15 16:32:21 --> Table 'hrms.employment_status_tbl' doesn't exist
CRITICAL - 2023-11-15 16:32:21 --> Table 'hrms.employment_status_tbl' doesn't exist
#0 C:\Users\ICT INHS\OneDrive - Department of Education\Desktop\HRMS\dg_hrms\vendor\codeigniter4\framework\system\Database\MySQLi\Connection.php(280): mysqli->query('SELECT *\nFROM `...')
#1 C:\Users\ICT INHS\OneDrive - Department of Education\Desktop\HRMS\dg_hrms\vendor\codeigniter4\framework\system\Database\BaseConnection.php(663): CodeIgniter\Database\MySQLi\Connection->execute('SELECT *\nFROM `...')
#2 C:\Users\ICT INHS\OneDrive - Department of Education\Desktop\HRMS\dg_hrms\vendor\codeigniter4\framework\system\Database\BaseConnection.php(591): CodeIgniter\Database\BaseConnection->simpleQuery('SELECT *\nFROM `...')
#3 C:\Users\ICT INHS\OneDrive - Department of Education\Desktop\HRMS\dg_hrms\vendor\codeigniter4\framework\system\Database\BaseBuilder.php(1428): CodeIgniter\Database\BaseConnection->query('SELECT *\nFROM `...', Array, false)
#4 C:\Users\ICT INHS\OneDrive - Department of Education\Desktop\HRMS\dg_hrms\vendor\codeigniter4\framework\system\Model.php(210): CodeIgniter\Database\BaseBuilder->get()
#5 C:\Users\ICT INHS\OneDrive - Department of Education\Desktop\HRMS\dg_hrms\vendor\codeigniter4\framework\system\BaseModel.php(622): CodeIgniter\Model->doFirst()
#6 C:\Users\ICT INHS\OneDrive - Department of Education\Desktop\HRMS\dg_hrms\app\Controllers\Admin.php(536): CodeIgniter\BaseModel->first()
#7 C:\Users\ICT INHS\OneDrive - Department of Education\Desktop\HRMS\dg_hrms\vendor\codeigniter4\framework\system\CodeIgniter.php(802): App\Controllers\Admin->viewEachEmp()
#8 C:\Users\ICT INHS\OneDrive - Department of Education\Desktop\HRMS\dg_hrms\vendor\codeigniter4\framework\system\CodeIgniter.php(399): CodeIgniter\CodeIgniter->runController(Object(App\Controllers\Admin))
#9 C:\Users\ICT INHS\OneDrive - Department of Education\Desktop\HRMS\dg_hrms\vendor\codeigniter4\framework\system\CodeIgniter.php(317): CodeIgniter\CodeIgniter->handleRequest(NULL, Object(Config\Cache), false)
#10 C:\Users\ICT INHS\OneDrive - Department of Education\Desktop\HRMS\dg_hrms\public\index.php(36): CodeIgniter\CodeIgniter->run()
#11 C:\Users\ICT INHS\OneDrive - Department of Education\Desktop\HRMS\dg_hrms\vendor\codeigniter4\framework\system\Commands\Server\rewrite.php(43): require_once('C:\\Users\\ICT IN...')
#12 {main}
ERROR - 2023-11-15 16:32:21 --> Table 'hrms.employment_status_tbl' doesn't exist
CRITICAL - 2023-11-15 16:32:21 --> Table 'hrms.employment_status_tbl' doesn't exist
#0 C:\Users\ICT INHS\OneDrive - Department of Education\Desktop\HRMS\dg_hrms\vendor\codeigniter4\framework\system\Database\MySQLi\Connection.php(280): mysqli->query('SELECT *\nFROM `...')
#1 C:\Users\ICT INHS\OneDrive - Department of Education\Desktop\HRMS\dg_hrms\vendor\codeigniter4\framework\system\Database\BaseConnection.php(663): CodeIgniter\Database\MySQLi\Connection->execute('SELECT *\nFROM `...')
#2 C:\Users\ICT INHS\OneDrive - Department of Education\Desktop\HRMS\dg_hrms\vendor\codeigniter4\framework\system\Database\BaseConnection.php(591): CodeIgniter\Database\BaseConnection->simpleQuery('SELECT *\nFROM `...')
#3 C:\Users\ICT INHS\OneDrive - Department of Education\Desktop\HRMS\dg_hrms\vendor\codeigniter4\framework\system\Database\BaseBuilder.php(1428): CodeIgniter\Database\BaseConnection->query('SELECT *\nFROM `...', Array, false)
#4 C:\Users\ICT INHS\OneDrive - Department of Education\Desktop\HRMS\dg_hrms\vendor\codeigniter4\framework\system\Model.php(210): CodeIgniter\Database\BaseBuilder->get()
#5 C:\Users\ICT INHS\OneDrive - Department of Education\Desktop\HRMS\dg_hrms\vendor\codeigniter4\framework\system\BaseModel.php(622): CodeIgniter\Model->doFirst()
#6 C:\Users\ICT INHS\OneDrive - Department of Education\Desktop\HRMS\dg_hrms\app\Controllers\Admin.php(536): CodeIgniter\BaseModel->first()
#7 C:\Users\ICT INHS\OneDrive - Department of Education\Desktop\HRMS\dg_hrms\vendor\codeigniter4\framework\system\CodeIgniter.php(802): App\Controllers\Admin->viewEachEmp()
#8 C:\Users\ICT INHS\OneDrive - Department of Education\Desktop\HRMS\dg_hrms\vendor\codeigniter4\framework\system\CodeIgniter.php(399): CodeIgniter\CodeIgniter->runController(Object(App\Controllers\Admin))
#9 C:\Users\ICT INHS\OneDrive - Department of Education\Desktop\HRMS\dg_hrms\vendor\codeigniter4\framework\system\CodeIgniter.php(317): CodeIgniter\CodeIgniter->handleRequest(NULL, Object(Config\Cache), false)
#10 C:\Users\ICT INHS\OneDrive - Department of Education\Desktop\HRMS\dg_hrms\public\index.php(36): CodeIgniter\CodeIgniter->run()
#11 C:\Users\ICT INHS\OneDrive - Department of Education\Desktop\HRMS\dg_hrms\vendor\codeigniter4\framework\system\Commands\Server\rewrite.php(43): require_once('C:\\Users\\ICT IN...')
#12 {main}
ERROR - 2023-11-15 16:32:22 --> Table 'hrms.employment_status_tbl' doesn't exist
CRITICAL - 2023-11-15 16:32:22 --> Table 'hrms.employment_status_tbl' doesn't exist
#0 C:\Users\ICT INHS\OneDrive - Department of Education\Desktop\HRMS\dg_hrms\vendor\codeigniter4\framework\system\Database\MySQLi\Connection.php(280): mysqli->query('SELECT *\nFROM `...')
#1 C:\Users\ICT INHS\OneDrive - Department of Education\Desktop\HRMS\dg_hrms\vendor\codeigniter4\framework\system\Database\BaseConnection.php(663): CodeIgniter\Database\MySQLi\Connection->execute('SELECT *\nFROM `...')
#2 C:\Users\ICT INHS\OneDrive - Department of Education\Desktop\HRMS\dg_hrms\vendor\codeigniter4\framework\system\Database\BaseConnection.php(591): CodeIgniter\Database\BaseConnection->simpleQuery('SELECT *\nFROM `...')
#3 C:\Users\ICT INHS\OneDrive - Department of Education\Desktop\HRMS\dg_hrms\vendor\codeigniter4\framework\system\Database\BaseBuilder.php(1428): CodeIgniter\Database\BaseConnection->query('SELECT *\nFROM `...', Array, false)
#4 C:\Users\ICT INHS\OneDrive - Department of Education\Desktop\HRMS\dg_hrms\vendor\codeigniter4\framework\system\Model.php(210): CodeIgniter\Database\BaseBuilder->get()
#5 C:\Users\ICT INHS\OneDrive - Department of Education\Desktop\HRMS\dg_hrms\vendor\codeigniter4\framework\system\BaseModel.php(622): CodeIgniter\Model->doFirst()
#6 C:\Users\ICT INHS\OneDrive - Department of Education\Desktop\HRMS\dg_hrms\app\Controllers\Admin.php(536): CodeIgniter\BaseModel->first()
#7 C:\Users\ICT INHS\OneDrive - Department of Education\Desktop\HRMS\dg_hrms\vendor\codeigniter4\framework\system\CodeIgniter.php(802): App\Controllers\Admin->viewEachEmp()
#8 C:\Users\ICT INHS\OneDrive - Department of Education\Desktop\HRMS\dg_hrms\vendor\codeigniter4\framework\system\CodeIgniter.php(399): CodeIgniter\CodeIgniter->runController(Object(App\Controllers\Admin))
#9 C:\Users\ICT INHS\OneDrive - Department of Education\Desktop\HRMS\dg_hrms\vendor\codeigniter4\framework\system\CodeIgniter.php(317): CodeIgniter\CodeIgniter->handleRequest(NULL, Object(Config\Cache), false)
#10 C:\Users\ICT INHS\OneDrive - Department of Education\Desktop\HRMS\dg_hrms\public\index.php(36): CodeIgniter\CodeIgniter->run()
#11 C:\Users\ICT INHS\OneDrive - Department of Education\Desktop\HRMS\dg_hrms\vendor\codeigniter4\framework\system\Commands\Server\rewrite.php(43): require_once('C:\\Users\\ICT IN...')
#12 {main}
ERROR - 2023-11-15 16:32:22 --> Table 'hrms.employment_status_tbl' doesn't exist
CRITICAL - 2023-11-15 16:32:22 --> Table 'hrms.employment_status_tbl' doesn't exist
#0 C:\Users\ICT INHS\OneDrive - Department of Education\Desktop\HRMS\dg_hrms\vendor\codeigniter4\framework\system\Database\MySQLi\Connection.php(280): mysqli->query('SELECT *\nFROM `...')
#1 C:\Users\ICT INHS\OneDrive - Department of Education\Desktop\HRMS\dg_hrms\vendor\codeigniter4\framework\system\Database\BaseConnection.php(663): CodeIgniter\Database\MySQLi\Connection->execute('SELECT *\nFROM `...')
#2 C:\Users\ICT INHS\OneDrive - Department of Education\Desktop\HRMS\dg_hrms\vendor\codeigniter4\framework\system\Database\BaseConnection.php(591): CodeIgniter\Database\BaseConnection->simpleQuery('SELECT *\nFROM `...')
#3 C:\Users\ICT INHS\OneDrive - Department of Education\Desktop\HRMS\dg_hrms\vendor\codeigniter4\framework\system\Database\BaseBuilder.php(1428): CodeIgniter\Database\BaseConnection->query('SELECT *\nFROM `...', Array, false)
#4 C:\Users\ICT INHS\OneDrive - Department of Education\Desktop\HRMS\dg_hrms\vendor\codeigniter4\framework\system\Model.php(210): CodeIgniter\Database\BaseBuilder->get()
#5 C:\Users\ICT INHS\OneDrive - Department of Education\Desktop\HRMS\dg_hrms\vendor\codeigniter4\framework\system\BaseModel.php(622): CodeIgniter\Model->doFirst()
#6 C:\Users\ICT INHS\OneDrive - Department of Education\Desktop\HRMS\dg_hrms\app\Controllers\Admin.php(536): CodeIgniter\BaseModel->first()
#7 C:\Users\ICT INHS\OneDrive - Department of Education\Desktop\HRMS\dg_hrms\vendor\codeigniter4\framework\system\CodeIgniter.php(802): App\Controllers\Admin->viewEachEmp()
#8 C:\Users\ICT INHS\OneDrive - Department of Education\Desktop\HRMS\dg_hrms\vendor\codeigniter4\framework\system\CodeIgniter.php(399): CodeIgniter\CodeIgniter->runController(Object(App\Controllers\Admin))
#9 C:\Users\ICT INHS\OneDrive - Department of Education\Desktop\HRMS\dg_hrms\vendor\codeigniter4\framework\system\CodeIgniter.php(317): CodeIgniter\CodeIgniter->handleRequest(NULL, Object(Config\Cache), false)
#10 C:\Users\ICT INHS\OneDrive - Department of Education\Desktop\HRMS\dg_hrms\public\index.php(36): CodeIgniter\CodeIgniter->run()
#11 C:\Users\ICT INHS\OneDrive - Department of Education\Desktop\HRMS\dg_hrms\vendor\codeigniter4\framework\system\Commands\Server\rewrite.php(43): require_once('C:\\Users\\ICT IN...')
#12 {main}
ERROR - 2023-11-15 16:32:23 --> Table 'hrms.employment_status_tbl' doesn't exist
CRITICAL - 2023-11-15 16:32:23 --> Table 'hrms.employment_status_tbl' doesn't exist
#0 C:\Users\ICT INHS\OneDrive - Department of Education\Desktop\HRMS\dg_hrms\vendor\codeigniter4\framework\system\Database\MySQLi\Connection.php(280): mysqli->query('SELECT *\nFROM `...')
#1 C:\Users\ICT INHS\OneDrive - Department of Education\Desktop\HRMS\dg_hrms\vendor\codeigniter4\framework\system\Database\BaseConnection.php(663): CodeIgniter\Database\MySQLi\Connection->execute('SELECT *\nFROM `...')
#2 C:\Users\ICT INHS\OneDrive - Department of Education\Desktop\HRMS\dg_hrms\vendor\codeigniter4\framework\system\Database\BaseConnection.php(591): CodeIgniter\Database\BaseConnection->simpleQuery('SELECT *\nFROM `...')
#3 C:\Users\ICT INHS\OneDrive - Department of Education\Desktop\HRMS\dg_hrms\vendor\codeigniter4\framework\system\Database\BaseBuilder.php(1428): CodeIgniter\Database\BaseConnection->query('SELECT *\nFROM `...', Array, false)
#4 C:\Users\ICT INHS\OneDrive - Department of Education\Desktop\HRMS\dg_hrms\vendor\codeigniter4\framework\system\Model.php(210): CodeIgniter\Database\BaseBuilder->get()
#5 C:\Users\ICT INHS\OneDrive - Department of Education\Desktop\HRMS\dg_hrms\vendor\codeigniter4\framework\system\BaseModel.php(622): CodeIgniter\Model->doFirst()
#6 C:\Users\ICT INHS\OneDrive - Department of Education\Desktop\HRMS\dg_hrms\app\Controllers\Admin.php(536): CodeIgniter\BaseModel->first()
#7 C:\Users\ICT INHS\OneDrive - Department of Education\Desktop\HRMS\dg_hrms\vendor\codeigniter4\framework\system\CodeIgniter.php(802): App\Controllers\Admin->viewEachEmp()
#8 C:\Users\ICT INHS\OneDrive - Department of Education\Desktop\HRMS\dg_hrms\vendor\codeigniter4\framework\system\CodeIgniter.php(399): CodeIgniter\CodeIgniter->runController(Object(App\Controllers\Admin))
#9 C:\Users\ICT INHS\OneDrive - Department of Education\Desktop\HRMS\dg_hrms\vendor\codeigniter4\framework\system\CodeIgniter.php(317): CodeIgniter\CodeIgniter->handleRequest(NULL, Object(Config\Cache), false)
#10 C:\Users\ICT INHS\OneDrive - Department of Education\Desktop\HRMS\dg_hrms\public\index.php(36): CodeIgniter\CodeIgniter->run()
#11 C:\Users\ICT INHS\OneDrive - Department of Education\Desktop\HRMS\dg_hrms\vendor\codeigniter4\framework\system\Commands\Server\rewrite.php(43): require_once('C:\\Users\\ICT IN...')
#12 {main}
ERROR - 2023-11-15 16:32:23 --> Table 'hrms.employment_status_tbl' doesn't exist
CRITICAL - 2023-11-15 16:32:23 --> Table 'hrms.employment_status_tbl' doesn't exist
#0 C:\Users\ICT INHS\OneDrive - Department of Education\Desktop\HRMS\dg_hrms\vendor\codeigniter4\framework\system\Database\MySQLi\Connection.php(280): mysqli->query('SELECT *\nFROM `...')
#1 C:\Users\ICT INHS\OneDrive - Department of Education\Desktop\HRMS\dg_hrms\vendor\codeigniter4\framework\system\Database\BaseConnection.php(663): CodeIgniter\Database\MySQLi\Connection->execute('SELECT *\nFROM `...')
#2 C:\Users\ICT INHS\OneDrive - Department of Education\Desktop\HRMS\dg_hrms\vendor\codeigniter4\framework\system\Database\BaseConnection.php(591): CodeIgniter\Database\BaseConnection->simpleQuery('SELECT *\nFROM `...')
#3 C:\Users\ICT INHS\OneDrive - Department of Education\Desktop\HRMS\dg_hrms\vendor\codeigniter4\framework\system\Database\BaseBuilder.php(1428): CodeIgniter\Database\BaseConnection->query('SELECT *\nFROM `...', Array, false)
#4 C:\Users\ICT INHS\OneDrive - Department of Education\Desktop\HRMS\dg_hrms\vendor\codeigniter4\framework\system\Model.php(210): CodeIgniter\Database\BaseBuilder->get()
#5 C:\Users\ICT INHS\OneDrive - Department of Education\Desktop\HRMS\dg_hrms\vendor\codeigniter4\framework\system\BaseModel.php(622): CodeIgniter\Model->doFirst()
#6 C:\Users\ICT INHS\OneDrive - Department of Education\Desktop\HRMS\dg_hrms\app\Controllers\Admin.php(536): CodeIgniter\BaseModel->first()
#7 C:\Users\ICT INHS\OneDrive - Department of Education\Desktop\HRMS\dg_hrms\vendor\codeigniter4\framework\system\CodeIgniter.php(802): App\Controllers\Admin->viewEachEmp()
#8 C:\Users\ICT INHS\OneDrive - Department of Education\Desktop\HRMS\dg_hrms\vendor\codeigniter4\framework\system\CodeIgniter.php(399): CodeIgniter\CodeIgniter->runController(Object(App\Controllers\Admin))
#9 C:\Users\ICT INHS\OneDrive - Department of Education\Desktop\HRMS\dg_hrms\vendor\codeigniter4\framework\system\CodeIgniter.php(317): CodeIgniter\CodeIgniter->handleRequest(NULL, Object(Config\Cache), false)
#10 C:\Users\ICT INHS\OneDrive - Department of Education\Desktop\HRMS\dg_hrms\public\index.php(36): CodeIgniter\CodeIgniter->run()
#11 C:\Users\ICT INHS\OneDrive - Department of Education\Desktop\HRMS\dg_hrms\vendor\codeigniter4\framework\system\Commands\Server\rewrite.php(43): require_once('C:\\Users\\ICT IN...')
#12 {main}
ERROR - 2023-11-15 16:33:18 --> Table 'hrms.employment_status_tbl' doesn't exist
CRITICAL - 2023-11-15 16:33:18 --> Table 'hrms.employment_status_tbl' doesn't exist
#0 C:\Users\ICT INHS\OneDrive - Department of Education\Desktop\HRMS\dg_hrms\vendor\codeigniter4\framework\system\Database\MySQLi\Connection.php(280): mysqli->query('SELECT *\nFROM `...')
#1 C:\Users\ICT INHS\OneDrive - Department of Education\Desktop\HRMS\dg_hrms\vendor\codeigniter4\framework\system\Database\BaseConnection.php(663): CodeIgniter\Database\MySQLi\Connection->execute('SELECT *\nFROM `...')
#2 C:\Users\ICT INHS\OneDrive - Department of Education\Desktop\HRMS\dg_hrms\vendor\codeigniter4\framework\system\Database\BaseConnection.php(591): CodeIgniter\Database\BaseConnection->simpleQuery('SELECT *\nFROM `...')
#3 C:\Users\ICT INHS\OneDrive - Department of Education\Desktop\HRMS\dg_hrms\vendor\codeigniter4\framework\system\Database\BaseBuilder.php(1428): CodeIgniter\Database\BaseConnection->query('SELECT *\nFROM `...', Array, false)
#4 C:\Users\ICT INHS\OneDrive - Department of Education\Desktop\HRMS\dg_hrms\vendor\codeigniter4\framework\system\Model.php(210): CodeIgniter\Database\BaseBuilder->get()
#5 C:\Users\ICT INHS\OneDrive - Department of Education\Desktop\HRMS\dg_hrms\vendor\codeigniter4\framework\system\BaseModel.php(622): CodeIgniter\Model->doFirst()
#6 C:\Users\ICT INHS\OneDrive - Department of Education\Desktop\HRMS\dg_hrms\app\Controllers\Admin.php(536): CodeIgniter\BaseModel->first()
#7 C:\Users\ICT INHS\OneDrive - Department of Education\Desktop\HRMS\dg_hrms\vendor\codeigniter4\framework\system\CodeIgniter.php(802): App\Controllers\Admin->viewEachEmp()
#8 C:\Users\ICT INHS\OneDrive - Department of Education\Desktop\HRMS\dg_hrms\vendor\codeigniter4\framework\system\CodeIgniter.php(399): CodeIgniter\CodeIgniter->runController(Object(App\Controllers\Admin))
#9 C:\Users\ICT INHS\OneDrive - Department of Education\Desktop\HRMS\dg_hrms\vendor\codeigniter4\framework\system\CodeIgniter.php(317): CodeIgniter\CodeIgniter->handleRequest(NULL, Object(Config\Cache), false)
#10 C:\Users\ICT INHS\OneDrive - Department of Education\Desktop\HRMS\dg_hrms\public\index.php(36): CodeIgniter\CodeIgniter->run()
#11 C:\Users\ICT INHS\OneDrive - Department of Education\Desktop\HRMS\dg_hrms\vendor\codeigniter4\framework\system\Commands\Server\rewrite.php(43): require_once('C:\\Users\\ICT IN...')
#12 {main}
ERROR - 2023-11-15 16:35:32 --> Table 'hrms.employment_status_tbl' doesn't exist
CRITICAL - 2023-11-15 16:35:32 --> Table 'hrms.employment_status_tbl' doesn't exist
#0 C:\Users\ICT INHS\OneDrive - Department of Education\Desktop\HRMS\dg_hrms\vendor\codeigniter4\framework\system\Database\MySQLi\Connection.php(280): mysqli->query('SELECT *\nFROM `...')
#1 C:\Users\ICT INHS\OneDrive - Department of Education\Desktop\HRMS\dg_hrms\vendor\codeigniter4\framework\system\Database\BaseConnection.php(663): CodeIgniter\Database\MySQLi\Connection->execute('SELECT *\nFROM `...')
#2 C:\Users\ICT INHS\OneDrive - Department of Education\Desktop\HRMS\dg_hrms\vendor\codeigniter4\framework\system\Database\BaseConnection.php(591): CodeIgniter\Database\BaseConnection->simpleQuery('SELECT *\nFROM `...')
#3 C:\Users\ICT INHS\OneDrive - Department of Education\Desktop\HRMS\dg_hrms\vendor\codeigniter4\framework\system\Database\BaseBuilder.php(1428): CodeIgniter\Database\BaseConnection->query('SELECT *\nFROM `...', Array, false)
#4 C:\Users\ICT INHS\OneDrive - Department of Education\Desktop\HRMS\dg_hrms\vendor\codeigniter4\framework\system\Model.php(210): CodeIgniter\Database\BaseBuilder->get()
#5 C:\Users\ICT INHS\OneDrive - Department of Education\Desktop\HRMS\dg_hrms\vendor\codeigniter4\framework\system\BaseModel.php(622): CodeIgniter\Model->doFirst()
#6 C:\Users\ICT INHS\OneDrive - Department of Education\Desktop\HRMS\dg_hrms\app\Controllers\Admin.php(536): CodeIgniter\BaseModel->first()
#7 C:\Users\ICT INHS\OneDrive - Department of Education\Desktop\HRMS\dg_hrms\vendor\codeigniter4\framework\system\CodeIgniter.php(802): App\Controllers\Admin->viewEachEmp()
#8 C:\Users\ICT INHS\OneDrive - Department of Education\Desktop\HRMS\dg_hrms\vendor\codeigniter4\framework\system\CodeIgniter.php(399): CodeIgniter\CodeIgniter->runController(Object(App\Controllers\Admin))
#9 C:\Users\ICT INHS\OneDrive - Department of Education\Desktop\HRMS\dg_hrms\vendor\codeigniter4\framework\system\CodeIgniter.php(317): CodeIgniter\CodeIgniter->handleRequest(NULL, Object(Config\Cache), false)
#10 C:\Users\ICT INHS\OneDrive - Department of Education\Desktop\HRMS\dg_hrms\public\index.php(36): CodeIgniter\CodeIgniter->run()
#11 C:\Users\ICT INHS\OneDrive - Department of Education\Desktop\HRMS\dg_hrms\vendor\codeigniter4\framework\system\Commands\Server\rewrite.php(43): require_once('C:\\Users\\ICT IN...')
#12 {main}
CRITICAL - 2023-11-15 16:37:51 --> Class 'App\Controllers\EmploymentStatusModel' not found
#0 C:\Users\ICT INHS\OneDrive - Department of Education\Desktop\HRMS\dg_hrms\vendor\codeigniter4\framework\system\CodeIgniter.php(802): App\Controllers\Admin->viewEachEmp()
#1 C:\Users\ICT INHS\OneDrive - Department of Education\Desktop\HRMS\dg_hrms\vendor\codeigniter4\framework\system\CodeIgniter.php(399): CodeIgniter\CodeIgniter->runController(Object(App\Controllers\Admin))
#2 C:\Users\ICT INHS\OneDrive - Department of Education\Desktop\HRMS\dg_hrms\vendor\codeigniter4\framework\system\CodeIgniter.php(317): CodeIgniter\CodeIgniter->handleRequest(NULL, Object(Config\Cache), false)
#3 C:\Users\ICT INHS\OneDrive - Department of Education\Desktop\HRMS\dg_hrms\public\index.php(36): CodeIgniter\CodeIgniter->run()
#4 C:\Users\ICT INHS\OneDrive - Department of Education\Desktop\HRMS\dg_hrms\vendor\codeigniter4\framework\system\Commands\Server\rewrite.php(43): require_once('C:\\Users\\ICT IN...')
#5 {main}
