CRITICAL - 2023-11-18 04:44:01 --> Call to undefined function CodeIgniter\locale_set_default()
#0 C:\Users\yvesk\OneDrive - iloilonhs.edu.ph\Desktop\HRMS - DEPED\dg_hrms\vendor\codeigniter4\framework\system\bootstrap.php(146): CodeIgniter\CodeIgniter->initialize()
#1 C:\Users\yvesk\OneDrive - iloilonhs.edu.ph\Desktop\HRMS - DEPED\dg_hrms\spark(45): require('C:\\Users\\yvesk\\...')
#2 {main}
ERROR - 2023-11-18 12:30:17 --> Table 'hrms.employment_status_tbl' doesn't exist
CRITICAL - 2023-11-18 12:30:17 --> Table 'hrms.employment_status_tbl' doesn't exist
#0 C:\Users\yvesk\OneDrive - iloilonhs.edu.ph\Desktop\HRMS - DEPED\dg_hrms\vendor\codeigniter4\framework\system\Database\MySQLi\Connection.php(280): mysqli->query('SELECT *\nFROM `...')
#1 C:\Users\yvesk\OneDrive - iloilonhs.edu.ph\Desktop\HRMS - DEPED\dg_hrms\vendor\codeigniter4\framework\system\Database\BaseConnection.php(663): CodeIgniter\Database\MySQLi\Connection->execute('SELECT *\nFROM `...')
#2 C:\Users\yvesk\OneDrive - iloilonhs.edu.ph\Desktop\HRMS - DEPED\dg_hrms\vendor\codeigniter4\framework\system\Database\BaseConnection.php(591): CodeIgniter\Database\BaseConnection->simpleQuery('SELECT *\nFROM `...')
#3 C:\Users\yvesk\OneDrive - iloilonhs.edu.ph\Desktop\HRMS - DEPED\dg_hrms\vendor\codeigniter4\framework\system\Database\BaseBuilder.php(1428): CodeIgniter\Database\BaseConnection->query('SELECT *\nFROM `...', Array, false)
#4 C:\Users\yvesk\OneDrive - iloilonhs.edu.ph\Desktop\HRMS - DEPED\dg_hrms\vendor\codeigniter4\framework\system\Model.php(145): CodeIgniter\Database\BaseBuilder->get()
#5 C:\Users\yvesk\OneDrive - iloilonhs.edu.ph\Desktop\HRMS - DEPED\dg_hrms\vendor\codeigniter4\framework\system\BaseModel.php(523): CodeIgniter\Model->doFind(false, NULL)
#6 C:\Users\yvesk\OneDrive - iloilonhs.edu.ph\Desktop\HRMS - DEPED\dg_hrms\app\Controllers\Plantilla.php(31): CodeIgniter\BaseModel->find()
#7 C:\Users\yvesk\OneDrive - iloilonhs.edu.ph\Desktop\HRMS - DEPED\dg_hrms\vendor\codeigniter4\framework\system\CodeIgniter.php(802): App\Controllers\Plantilla->getAllPlantilla()
#8 C:\Users\yvesk\OneDrive - iloilonhs.edu.ph\Desktop\HRMS - DEPED\dg_hrms\vendor\codeigniter4\framework\system\CodeIgniter.php(399): CodeIgniter\CodeIgniter->runController(Object(App\Controllers\Plantilla))
#9 C:\Users\yvesk\OneDrive - iloilonhs.edu.ph\Desktop\HRMS - DEPED\dg_hrms\vendor\codeigniter4\framework\system\CodeIgniter.php(317): CodeIgniter\CodeIgniter->handleRequest(NULL, Object(Config\Cache), false)
#10 C:\Users\yvesk\OneDrive - iloilonhs.edu.ph\Desktop\HRMS - DEPED\dg_hrms\public\index.php(36): CodeIgniter\CodeIgniter->run()
#11 C:\Users\yvesk\OneDrive - iloilonhs.edu.ph\Desktop\HRMS - DEPED\dg_hrms\vendor\codeigniter4\framework\system\Commands\Server\rewrite.php(43): require_once('C:\\Users\\yvesk\\...')
#12 {main}
CRITICAL - 2023-11-18 13:57:48 --> Class 'App\Models\SchoolYearModel' not found
#0 C:\Users\yvesk\OneDrive - iloilonhs.edu.ph\Desktop\HRMS - DEPED\dg_hrms\vendor\codeigniter4\framework\system\CodeIgniter.php(802): App\Controllers\Faculty->index()
#1 C:\Users\yvesk\OneDrive - iloilonhs.edu.ph\Desktop\HRMS - DEPED\dg_hrms\vendor\codeigniter4\framework\system\CodeIgniter.php(399): CodeIgniter\CodeIgniter->runController(Object(App\Controllers\Faculty))
#2 C:\Users\yvesk\OneDrive - iloilonhs.edu.ph\Desktop\HRMS - DEPED\dg_hrms\vendor\codeigniter4\framework\system\CodeIgniter.php(317): CodeIgniter\CodeIgniter->handleRequest(NULL, Object(Config\Cache), false)
#3 C:\Users\yvesk\OneDrive - iloilonhs.edu.ph\Desktop\HRMS - DEPED\dg_hrms\public\index.php(36): CodeIgniter\CodeIgniter->run()
#4 C:\Users\yvesk\OneDrive - iloilonhs.edu.ph\Desktop\HRMS - DEPED\dg_hrms\vendor\codeigniter4\framework\system\Commands\Server\rewrite.php(43): require_once('C:\\Users\\yvesk\\...')
#5 {main}
CRITICAL - 2023-11-18 13:58:54 --> Class 'App\Models\SchoolYearModel' not found
#0 C:\Users\yvesk\OneDrive - iloilonhs.edu.ph\Desktop\HRMS - DEPED\dg_hrms\vendor\codeigniter4\framework\system\CodeIgniter.php(802): App\Controllers\Faculty->index()
#1 C:\Users\yvesk\OneDrive - iloilonhs.edu.ph\Desktop\HRMS - DEPED\dg_hrms\vendor\codeigniter4\framework\system\CodeIgniter.php(399): CodeIgniter\CodeIgniter->runController(Object(App\Controllers\Faculty))
#2 C:\Users\yvesk\OneDrive - iloilonhs.edu.ph\Desktop\HRMS - DEPED\dg_hrms\vendor\codeigniter4\framework\system\CodeIgniter.php(317): CodeIgniter\CodeIgniter->handleRequest(NULL, Object(Config\Cache), false)
#3 C:\Users\yvesk\OneDrive - iloilonhs.edu.ph\Desktop\HRMS - DEPED\dg_hrms\public\index.php(36): CodeIgniter\CodeIgniter->run()
#4 C:\Users\yvesk\OneDrive - iloilonhs.edu.ph\Desktop\HRMS - DEPED\dg_hrms\vendor\codeigniter4\framework\system\Commands\Server\rewrite.php(43): require_once('C:\\Users\\yvesk\\...')
#5 {main}
CRITICAL - 2023-11-18 13:59:06 --> Class 'App\Models\SchoolYearModel' not found
#0 C:\Users\yvesk\OneDrive - iloilonhs.edu.ph\Desktop\HRMS - DEPED\dg_hrms\vendor\codeigniter4\framework\system\CodeIgniter.php(802): App\Controllers\Faculty->index()
#1 C:\Users\yvesk\OneDrive - iloilonhs.edu.ph\Desktop\HRMS - DEPED\dg_hrms\vendor\codeigniter4\framework\system\CodeIgniter.php(399): CodeIgniter\CodeIgniter->runController(Object(App\Controllers\Faculty))
#2 C:\Users\yvesk\OneDrive - iloilonhs.edu.ph\Desktop\HRMS - DEPED\dg_hrms\vendor\codeigniter4\framework\system\CodeIgniter.php(317): CodeIgniter\CodeIgniter->handleRequest(NULL, Object(Config\Cache), false)
#3 C:\Users\yvesk\OneDrive - iloilonhs.edu.ph\Desktop\HRMS - DEPED\dg_hrms\public\index.php(36): CodeIgniter\CodeIgniter->run()
#4 C:\Users\yvesk\OneDrive - iloilonhs.edu.ph\Desktop\HRMS - DEPED\dg_hrms\vendor\codeigniter4\framework\system\Commands\Server\rewrite.php(43): require_once('C:\\Users\\yvesk\\...')
#5 {main}
CRITICAL - 2023-11-18 13:59:25 --> Undefined variable: year_id
#0 C:\Users\yvesk\OneDrive - iloilonhs.edu.ph\Desktop\HRMS - DEPED\dg_hrms\app\Views\f_layout\faculty_layout.php(112): CodeIgniter\Debug\Exceptions->errorHandler(8, 'Undefined varia...', 'C:\\Users\\yvesk\\...', 112, Array)
#1 C:\Users\yvesk\OneDrive - iloilonhs.edu.ph\Desktop\HRMS - DEPED\dg_hrms\vendor\codeigniter4\framework\system\View\View.php(214): include('C:\\Users\\yvesk\\...')
#2 C:\Users\yvesk\OneDrive - iloilonhs.edu.ph\Desktop\HRMS - DEPED\dg_hrms\vendor\codeigniter4\framework\system\View\View.php(217): CodeIgniter\View\View->CodeIgniter\View\{closure}()
#3 C:\Users\yvesk\OneDrive - iloilonhs.edu.ph\Desktop\HRMS - DEPED\dg_hrms\vendor\codeigniter4\framework\system\View\View.php(230): CodeIgniter\View\View->render('f_layout/facult...', Array, true)
#4 C:\Users\yvesk\OneDrive - iloilonhs.edu.ph\Desktop\HRMS - DEPED\dg_hrms\vendor\codeigniter4\framework\system\Common.php(1092): CodeIgniter\View\View->render('f_faculty/index', Array, true)
#5 C:\Users\yvesk\OneDrive - iloilonhs.edu.ph\Desktop\HRMS - DEPED\dg_hrms\app\Controllers\Faculty.php(52): view('f_faculty/index', Array)
#6 C:\Users\yvesk\OneDrive - iloilonhs.edu.ph\Desktop\HRMS - DEPED\dg_hrms\vendor\codeigniter4\framework\system\CodeIgniter.php(802): App\Controllers\Faculty->index()
#7 C:\Users\yvesk\OneDrive - iloilonhs.edu.ph\Desktop\HRMS - DEPED\dg_hrms\vendor\codeigniter4\framework\system\CodeIgniter.php(399): CodeIgniter\CodeIgniter->runController(Object(App\Controllers\Faculty))
#8 C:\Users\yvesk\OneDrive - iloilonhs.edu.ph\Desktop\HRMS - DEPED\dg_hrms\vendor\codeigniter4\framework\system\CodeIgniter.php(317): CodeIgniter\CodeIgniter->handleRequest(NULL, Object(Config\Cache), false)
#9 C:\Users\yvesk\OneDrive - iloilonhs.edu.ph\Desktop\HRMS - DEPED\dg_hrms\public\index.php(36): CodeIgniter\CodeIgniter->run()
#10 C:\Users\yvesk\OneDrive - iloilonhs.edu.ph\Desktop\HRMS - DEPED\dg_hrms\vendor\codeigniter4\framework\system\Commands\Server\rewrite.php(43): require_once('C:\\Users\\yvesk\\...')
#11 {main}
CRITICAL - 2023-11-18 14:00:44 --> Undefined variable: year_id
#0 C:\Users\yvesk\OneDrive - iloilonhs.edu.ph\Desktop\HRMS - DEPED\dg_hrms\app\Views\f_layout\faculty_layout.php(112): CodeIgniter\Debug\Exceptions->errorHandler(8, 'Undefined varia...', 'C:\\Users\\yvesk\\...', 112, Array)
#1 C:\Users\yvesk\OneDrive - iloilonhs.edu.ph\Desktop\HRMS - DEPED\dg_hrms\vendor\codeigniter4\framework\system\View\View.php(214): include('C:\\Users\\yvesk\\...')
#2 C:\Users\yvesk\OneDrive - iloilonhs.edu.ph\Desktop\HRMS - DEPED\dg_hrms\vendor\codeigniter4\framework\system\View\View.php(217): CodeIgniter\View\View->CodeIgniter\View\{closure}()
#3 C:\Users\yvesk\OneDrive - iloilonhs.edu.ph\Desktop\HRMS - DEPED\dg_hrms\vendor\codeigniter4\framework\system\View\View.php(230): CodeIgniter\View\View->render('f_layout/facult...', Array, true)
#4 C:\Users\yvesk\OneDrive - iloilonhs.edu.ph\Desktop\HRMS - DEPED\dg_hrms\vendor\codeigniter4\framework\system\Common.php(1092): CodeIgniter\View\View->render('f_faculty/index', Array, true)
#5 C:\Users\yvesk\OneDrive - iloilonhs.edu.ph\Desktop\HRMS - DEPED\dg_hrms\app\Controllers\Faculty.php(52): view('f_faculty/index', Array)
#6 C:\Users\yvesk\OneDrive - iloilonhs.edu.ph\Desktop\HRMS - DEPED\dg_hrms\vendor\codeigniter4\framework\system\CodeIgniter.php(802): App\Controllers\Faculty->index()
#7 C:\Users\yvesk\OneDrive - iloilonhs.edu.ph\Desktop\HRMS - DEPED\dg_hrms\vendor\codeigniter4\framework\system\CodeIgniter.php(399): CodeIgniter\CodeIgniter->runController(Object(App\Controllers\Faculty))
#8 C:\Users\yvesk\OneDrive - iloilonhs.edu.ph\Desktop\HRMS - DEPED\dg_hrms\vendor\codeigniter4\framework\system\CodeIgniter.php(317): CodeIgniter\CodeIgniter->handleRequest(NULL, Object(Config\Cache), false)
#9 C:\Users\yvesk\OneDrive - iloilonhs.edu.ph\Desktop\HRMS - DEPED\dg_hrms\public\index.php(36): CodeIgniter\CodeIgniter->run()
#10 C:\Users\yvesk\OneDrive - iloilonhs.edu.ph\Desktop\HRMS - DEPED\dg_hrms\vendor\codeigniter4\framework\system\Commands\Server\rewrite.php(43): require_once('C:\\Users\\yvesk\\...')
#11 {main}
CRITICAL - 2023-11-18 14:01:40 --> Undefined variable: year_id
#0 C:\Users\yvesk\OneDrive - iloilonhs.edu.ph\Desktop\HRMS - DEPED\dg_hrms\app\Views\f_layout\faculty_layout.php(112): CodeIgniter\Debug\Exceptions->errorHandler(8, 'Undefined varia...', 'C:\\Users\\yvesk\\...', 112, Array)
#1 C:\Users\yvesk\OneDrive - iloilonhs.edu.ph\Desktop\HRMS - DEPED\dg_hrms\vendor\codeigniter4\framework\system\View\View.php(214): include('C:\\Users\\yvesk\\...')
#2 C:\Users\yvesk\OneDrive - iloilonhs.edu.ph\Desktop\HRMS - DEPED\dg_hrms\vendor\codeigniter4\framework\system\View\View.php(217): CodeIgniter\View\View->CodeIgniter\View\{closure}()
#3 C:\Users\yvesk\OneDrive - iloilonhs.edu.ph\Desktop\HRMS - DEPED\dg_hrms\vendor\codeigniter4\framework\system\View\View.php(230): CodeIgniter\View\View->render('f_layout/facult...', Array, true)
#4 C:\Users\yvesk\OneDrive - iloilonhs.edu.ph\Desktop\HRMS - DEPED\dg_hrms\vendor\codeigniter4\framework\system\Common.php(1092): CodeIgniter\View\View->render('f_faculty/index', Array, true)
#5 C:\Users\yvesk\OneDrive - iloilonhs.edu.ph\Desktop\HRMS - DEPED\dg_hrms\app\Controllers\Faculty.php(52): view('f_faculty/index', Array)
#6 C:\Users\yvesk\OneDrive - iloilonhs.edu.ph\Desktop\HRMS - DEPED\dg_hrms\vendor\codeigniter4\framework\system\CodeIgniter.php(802): App\Controllers\Faculty->index()
#7 C:\Users\yvesk\OneDrive - iloilonhs.edu.ph\Desktop\HRMS - DEPED\dg_hrms\vendor\codeigniter4\framework\system\CodeIgniter.php(399): CodeIgniter\CodeIgniter->runController(Object(App\Controllers\Faculty))
#8 C:\Users\yvesk\OneDrive - iloilonhs.edu.ph\Desktop\HRMS - DEPED\dg_hrms\vendor\codeigniter4\framework\system\CodeIgniter.php(317): CodeIgniter\CodeIgniter->handleRequest(NULL, Object(Config\Cache), false)
#9 C:\Users\yvesk\OneDrive - iloilonhs.edu.ph\Desktop\HRMS - DEPED\dg_hrms\public\index.php(36): CodeIgniter\CodeIgniter->run()
#10 C:\Users\yvesk\OneDrive - iloilonhs.edu.ph\Desktop\HRMS - DEPED\dg_hrms\vendor\codeigniter4\framework\system\Commands\Server\rewrite.php(43): require_once('C:\\Users\\yvesk\\...')
#11 {main}
CRITICAL - 2023-11-18 14:02:46 --> Undefined variable: year_id
#0 C:\Users\yvesk\OneDrive - iloilonhs.edu.ph\Desktop\HRMS - DEPED\dg_hrms\app\Views\f_layout\faculty_layout.php(112): CodeIgniter\Debug\Exceptions->errorHandler(8, 'Undefined varia...', 'C:\\Users\\yvesk\\...', 112, Array)
#1 C:\Users\yvesk\OneDrive - iloilonhs.edu.ph\Desktop\HRMS - DEPED\dg_hrms\vendor\codeigniter4\framework\system\View\View.php(214): include('C:\\Users\\yvesk\\...')
#2 C:\Users\yvesk\OneDrive - iloilonhs.edu.ph\Desktop\HRMS - DEPED\dg_hrms\vendor\codeigniter4\framework\system\View\View.php(217): CodeIgniter\View\View->CodeIgniter\View\{closure}()
#3 C:\Users\yvesk\OneDrive - iloilonhs.edu.ph\Desktop\HRMS - DEPED\dg_hrms\vendor\codeigniter4\framework\system\View\View.php(230): CodeIgniter\View\View->render('f_layout/facult...', Array, true)
#4 C:\Users\yvesk\OneDrive - iloilonhs.edu.ph\Desktop\HRMS - DEPED\dg_hrms\vendor\codeigniter4\framework\system\Common.php(1092): CodeIgniter\View\View->render('f_faculty/index', Array, true)
#5 C:\Users\yvesk\OneDrive - iloilonhs.edu.ph\Desktop\HRMS - DEPED\dg_hrms\app\Controllers\Faculty.php(52): view('f_faculty/index', Array)
#6 C:\Users\yvesk\OneDrive - iloilonhs.edu.ph\Desktop\HRMS - DEPED\dg_hrms\vendor\codeigniter4\framework\system\CodeIgniter.php(802): App\Controllers\Faculty->index()
#7 C:\Users\yvesk\OneDrive - iloilonhs.edu.ph\Desktop\HRMS - DEPED\dg_hrms\vendor\codeigniter4\framework\system\CodeIgniter.php(399): CodeIgniter\CodeIgniter->runController(Object(App\Controllers\Faculty))
#8 C:\Users\yvesk\OneDrive - iloilonhs.edu.ph\Desktop\HRMS - DEPED\dg_hrms\vendor\codeigniter4\framework\system\CodeIgniter.php(317): CodeIgniter\CodeIgniter->handleRequest(NULL, Object(Config\Cache), false)
#9 C:\Users\yvesk\OneDrive - iloilonhs.edu.ph\Desktop\HRMS - DEPED\dg_hrms\public\index.php(36): CodeIgniter\CodeIgniter->run()
#10 C:\Users\yvesk\OneDrive - iloilonhs.edu.ph\Desktop\HRMS - DEPED\dg_hrms\vendor\codeigniter4\framework\system\Commands\Server\rewrite.php(43): require_once('C:\\Users\\yvesk\\...')
#11 {main}
CRITICAL - 2023-11-18 14:04:00 --> Undefined variable: fs_id
#0 C:\Users\yvesk\OneDrive - iloilonhs.edu.ph\Desktop\HRMS - DEPED\dg_hrms\app\Views\f_layout\faculty_layout.php(112): CodeIgniter\Debug\Exceptions->errorHandler(8, 'Undefined varia...', 'C:\\Users\\yvesk\\...', 112, Array)
#1 C:\Users\yvesk\OneDrive - iloilonhs.edu.ph\Desktop\HRMS - DEPED\dg_hrms\vendor\codeigniter4\framework\system\View\View.php(214): include('C:\\Users\\yvesk\\...')
#2 C:\Users\yvesk\OneDrive - iloilonhs.edu.ph\Desktop\HRMS - DEPED\dg_hrms\vendor\codeigniter4\framework\system\View\View.php(217): CodeIgniter\View\View->CodeIgniter\View\{closure}()
#3 C:\Users\yvesk\OneDrive - iloilonhs.edu.ph\Desktop\HRMS - DEPED\dg_hrms\vendor\codeigniter4\framework\system\View\View.php(230): CodeIgniter\View\View->render('f_layout/facult...', Array, true)
#4 C:\Users\yvesk\OneDrive - iloilonhs.edu.ph\Desktop\HRMS - DEPED\dg_hrms\vendor\codeigniter4\framework\system\Common.php(1092): CodeIgniter\View\View->render('f_faculty/profi...', Array, true)
#5 C:\Users\yvesk\OneDrive - iloilonhs.edu.ph\Desktop\HRMS - DEPED\dg_hrms\app\Controllers\Faculty.php(189): view('f_faculty/profi...', Array)
#6 C:\Users\yvesk\OneDrive - iloilonhs.edu.ph\Desktop\HRMS - DEPED\dg_hrms\vendor\codeigniter4\framework\system\CodeIgniter.php(802): App\Controllers\Faculty->getProfile()
#7 C:\Users\yvesk\OneDrive - iloilonhs.edu.ph\Desktop\HRMS - DEPED\dg_hrms\vendor\codeigniter4\framework\system\CodeIgniter.php(399): CodeIgniter\CodeIgniter->runController(Object(App\Controllers\Faculty))
#8 C:\Users\yvesk\OneDrive - iloilonhs.edu.ph\Desktop\HRMS - DEPED\dg_hrms\vendor\codeigniter4\framework\system\CodeIgniter.php(317): CodeIgniter\CodeIgniter->handleRequest(NULL, Object(Config\Cache), false)
#9 C:\Users\yvesk\OneDrive - iloilonhs.edu.ph\Desktop\HRMS - DEPED\dg_hrms\public\index.php(36): CodeIgniter\CodeIgniter->run()
#10 C:\Users\yvesk\OneDrive - iloilonhs.edu.ph\Desktop\HRMS - DEPED\dg_hrms\vendor\codeigniter4\framework\system\Commands\Server\rewrite.php(43): require_once('C:\\Users\\yvesk\\...')
#11 {main}
CRITICAL - 2023-11-18 14:04:49 --> Undefined variable: fs_id
#0 C:\Users\yvesk\OneDrive - iloilonhs.edu.ph\Desktop\HRMS - DEPED\dg_hrms\app\Views\f_layout\faculty_layout.php(112): CodeIgniter\Debug\Exceptions->errorHandler(8, 'Undefined varia...', 'C:\\Users\\yvesk\\...', 112, Array)
#1 C:\Users\yvesk\OneDrive - iloilonhs.edu.ph\Desktop\HRMS - DEPED\dg_hrms\vendor\codeigniter4\framework\system\View\View.php(214): include('C:\\Users\\yvesk\\...')
#2 C:\Users\yvesk\OneDrive - iloilonhs.edu.ph\Desktop\HRMS - DEPED\dg_hrms\vendor\codeigniter4\framework\system\View\View.php(217): CodeIgniter\View\View->CodeIgniter\View\{closure}()
#3 C:\Users\yvesk\OneDrive - iloilonhs.edu.ph\Desktop\HRMS - DEPED\dg_hrms\vendor\codeigniter4\framework\system\View\View.php(230): CodeIgniter\View\View->render('f_layout/facult...', Array, true)
#4 C:\Users\yvesk\OneDrive - iloilonhs.edu.ph\Desktop\HRMS - DEPED\dg_hrms\vendor\codeigniter4\framework\system\Common.php(1092): CodeIgniter\View\View->render('f_faculty/profi...', Array, true)
#5 C:\Users\yvesk\OneDrive - iloilonhs.edu.ph\Desktop\HRMS - DEPED\dg_hrms\app\Controllers\Faculty.php(189): view('f_faculty/profi...', Array)
#6 C:\Users\yvesk\OneDrive - iloilonhs.edu.ph\Desktop\HRMS - DEPED\dg_hrms\vendor\codeigniter4\framework\system\CodeIgniter.php(802): App\Controllers\Faculty->getProfile()
#7 C:\Users\yvesk\OneDrive - iloilonhs.edu.ph\Desktop\HRMS - DEPED\dg_hrms\vendor\codeigniter4\framework\system\CodeIgniter.php(399): CodeIgniter\CodeIgniter->runController(Object(App\Controllers\Faculty))
#8 C:\Users\yvesk\OneDrive - iloilonhs.edu.ph\Desktop\HRMS - DEPED\dg_hrms\vendor\codeigniter4\framework\system\CodeIgniter.php(317): CodeIgniter\CodeIgniter->handleRequest(NULL, Object(Config\Cache), false)
#9 C:\Users\yvesk\OneDrive - iloilonhs.edu.ph\Desktop\HRMS - DEPED\dg_hrms\public\index.php(36): CodeIgniter\CodeIgniter->run()
#10 C:\Users\yvesk\OneDrive - iloilonhs.edu.ph\Desktop\HRMS - DEPED\dg_hrms\vendor\codeigniter4\framework\system\Commands\Server\rewrite.php(43): require_once('C:\\Users\\yvesk\\...')
#11 {main}
CRITICAL - 2023-11-18 14:05:16 --> Undefined variable: fs_id
#0 C:\Users\yvesk\OneDrive - iloilonhs.edu.ph\Desktop\HRMS - DEPED\dg_hrms\app\Views\f_layout\faculty_layout.php(112): CodeIgniter\Debug\Exceptions->errorHandler(8, 'Undefined varia...', 'C:\\Users\\yvesk\\...', 112, Array)
#1 C:\Users\yvesk\OneDrive - iloilonhs.edu.ph\Desktop\HRMS - DEPED\dg_hrms\vendor\codeigniter4\framework\system\View\View.php(214): include('C:\\Users\\yvesk\\...')
#2 C:\Users\yvesk\OneDrive - iloilonhs.edu.ph\Desktop\HRMS - DEPED\dg_hrms\vendor\codeigniter4\framework\system\View\View.php(217): CodeIgniter\View\View->CodeIgniter\View\{closure}()
#3 C:\Users\yvesk\OneDrive - iloilonhs.edu.ph\Desktop\HRMS - DEPED\dg_hrms\vendor\codeigniter4\framework\system\View\View.php(230): CodeIgniter\View\View->render('f_layout/facult...', Array, true)
#4 C:\Users\yvesk\OneDrive - iloilonhs.edu.ph\Desktop\HRMS - DEPED\dg_hrms\vendor\codeigniter4\framework\system\Common.php(1092): CodeIgniter\View\View->render('f_faculty/profi...', Array, true)
#5 C:\Users\yvesk\OneDrive - iloilonhs.edu.ph\Desktop\HRMS - DEPED\dg_hrms\app\Controllers\Faculty.php(189): view('f_faculty/profi...', Array)
#6 C:\Users\yvesk\OneDrive - iloilonhs.edu.ph\Desktop\HRMS - DEPED\dg_hrms\vendor\codeigniter4\framework\system\CodeIgniter.php(802): App\Controllers\Faculty->getProfile()
#7 C:\Users\yvesk\OneDrive - iloilonhs.edu.ph\Desktop\HRMS - DEPED\dg_hrms\vendor\codeigniter4\framework\system\CodeIgniter.php(399): CodeIgniter\CodeIgniter->runController(Object(App\Controllers\Faculty))
#8 C:\Users\yvesk\OneDrive - iloilonhs.edu.ph\Desktop\HRMS - DEPED\dg_hrms\vendor\codeigniter4\framework\system\CodeIgniter.php(317): CodeIgniter\CodeIgniter->handleRequest(NULL, Object(Config\Cache), false)
#9 C:\Users\yvesk\OneDrive - iloilonhs.edu.ph\Desktop\HRMS - DEPED\dg_hrms\public\index.php(36): CodeIgniter\CodeIgniter->run()
#10 C:\Users\yvesk\OneDrive - iloilonhs.edu.ph\Desktop\HRMS - DEPED\dg_hrms\vendor\codeigniter4\framework\system\Commands\Server\rewrite.php(43): require_once('C:\\Users\\yvesk\\...')
#11 {main}
CRITICAL - 2023-11-18 14:05:20 --> Undefined variable: fs_id
#0 C:\Users\yvesk\OneDrive - iloilonhs.edu.ph\Desktop\HRMS - DEPED\dg_hrms\app\Views\f_layout\faculty_layout.php(112): CodeIgniter\Debug\Exceptions->errorHandler(8, 'Undefined varia...', 'C:\\Users\\yvesk\\...', 112, Array)
#1 C:\Users\yvesk\OneDrive - iloilonhs.edu.ph\Desktop\HRMS - DEPED\dg_hrms\vendor\codeigniter4\framework\system\View\View.php(214): include('C:\\Users\\yvesk\\...')
#2 C:\Users\yvesk\OneDrive - iloilonhs.edu.ph\Desktop\HRMS - DEPED\dg_hrms\vendor\codeigniter4\framework\system\View\View.php(217): CodeIgniter\View\View->CodeIgniter\View\{closure}()
#3 C:\Users\yvesk\OneDrive - iloilonhs.edu.ph\Desktop\HRMS - DEPED\dg_hrms\vendor\codeigniter4\framework\system\View\View.php(230): CodeIgniter\View\View->render('f_layout/facult...', Array, true)
#4 C:\Users\yvesk\OneDrive - iloilonhs.edu.ph\Desktop\HRMS - DEPED\dg_hrms\vendor\codeigniter4\framework\system\Common.php(1092): CodeIgniter\View\View->render('f_faculty/profi...', Array, true)
#5 C:\Users\yvesk\OneDrive - iloilonhs.edu.ph\Desktop\HRMS - DEPED\dg_hrms\app\Controllers\Faculty.php(189): view('f_faculty/profi...', Array)
#6 C:\Users\yvesk\OneDrive - iloilonhs.edu.ph\Desktop\HRMS - DEPED\dg_hrms\vendor\codeigniter4\framework\system\CodeIgniter.php(802): App\Controllers\Faculty->getProfile()
#7 C:\Users\yvesk\OneDrive - iloilonhs.edu.ph\Desktop\HRMS - DEPED\dg_hrms\vendor\codeigniter4\framework\system\CodeIgniter.php(399): CodeIgniter\CodeIgniter->runController(Object(App\Controllers\Faculty))
#8 C:\Users\yvesk\OneDrive - iloilonhs.edu.ph\Desktop\HRMS - DEPED\dg_hrms\vendor\codeigniter4\framework\system\CodeIgniter.php(317): CodeIgniter\CodeIgniter->handleRequest(NULL, Object(Config\Cache), false)
#9 C:\Users\yvesk\OneDrive - iloilonhs.edu.ph\Desktop\HRMS - DEPED\dg_hrms\public\index.php(36): CodeIgniter\CodeIgniter->run()
#10 C:\Users\yvesk\OneDrive - iloilonhs.edu.ph\Desktop\HRMS - DEPED\dg_hrms\vendor\codeigniter4\framework\system\Commands\Server\rewrite.php(43): require_once('C:\\Users\\yvesk\\...')
#11 {main}
