CRITICAL - 2022-03-03 01:03:15 --> Trying to access array offset on value of type null
#0 C:\xampp\htdocs\inhs\inhsDevFinal\app\Views\f_application\application_header.php(100): CodeIgniter\Debug\Exceptions->errorHandler(2, 'Trying to acces...', 'C:\\xampp\\htdocs...', 100)
#1 C:\xampp\htdocs\inhs\inhsDevFinal\vendor\codeigniter4\framework\system\View\View.php(230): include('C:\\xampp\\htdocs...')
#2 C:\xampp\htdocs\inhs\inhsDevFinal\vendor\codeigniter4\framework\system\View\View.php(232): CodeIgniter\View\View->CodeIgniter\View\{closure}()
#3 C:\xampp\htdocs\inhs\inhsDevFinal\vendor\codeigniter4\framework\system\Common.php(1250): CodeIgniter\View\View->render('f_application/a...', Array, true)
#4 C:\xampp\htdocs\inhs\inhsDevFinal\app\Controllers\Application.php(204): view('f_application/a...', Array)
#5 C:\xampp\htdocs\inhs\inhsDevFinal\vendor\codeigniter4\framework\system\CodeIgniter.php(931): App\Controllers\Application->getForm()
#6 C:\xampp\htdocs\inhs\inhsDevFinal\vendor\codeigniter4\framework\system\CodeIgniter.php(439): CodeIgniter\CodeIgniter->runController(Object(App\Controllers\Application))
#7 C:\xampp\htdocs\inhs\inhsDevFinal\vendor\codeigniter4\framework\system\CodeIgniter.php(339): CodeIgniter\CodeIgniter->handleRequest(NULL, Object(Config\Cache), false)
#8 C:\xampp\htdocs\inhs\inhsDevFinal\public\index.php(36): CodeIgniter\CodeIgniter->run()
#9 C:\xampp\htdocs\inhs\inhsDevFinal\vendor\codeigniter4\framework\system\Commands\Server\rewrite.php(45): require_once('C:\\xampp\\htdocs...')
#10 {main}
CRITICAL - 2022-03-03 01:32:41 --> Trying to access array offset on value of type null
#0 C:\xampp\htdocs\inhs\inhsDevFinal\app\Views\f_application\application_header.php(100): CodeIgniter\Debug\Exceptions->errorHandler(2, 'Trying to acces...', 'C:\\xampp\\htdocs...', 100)
#1 C:\xampp\htdocs\inhs\inhsDevFinal\vendor\codeigniter4\framework\system\View\View.php(230): include('C:\\xampp\\htdocs...')
#2 C:\xampp\htdocs\inhs\inhsDevFinal\vendor\codeigniter4\framework\system\View\View.php(232): CodeIgniter\View\View->CodeIgniter\View\{closure}()
#3 C:\xampp\htdocs\inhs\inhsDevFinal\vendor\codeigniter4\framework\system\Common.php(1250): CodeIgniter\View\View->render('f_application/a...', Array, true)
#4 C:\xampp\htdocs\inhs\inhsDevFinal\app\Controllers\Application.php(204): view('f_application/a...', Array)
#5 C:\xampp\htdocs\inhs\inhsDevFinal\vendor\codeigniter4\framework\system\CodeIgniter.php(931): App\Controllers\Application->getForm()
#6 C:\xampp\htdocs\inhs\inhsDevFinal\vendor\codeigniter4\framework\system\CodeIgniter.php(439): CodeIgniter\CodeIgniter->runController(Object(App\Controllers\Application))
#7 C:\xampp\htdocs\inhs\inhsDevFinal\vendor\codeigniter4\framework\system\CodeIgniter.php(339): CodeIgniter\CodeIgniter->handleRequest(NULL, Object(Config\Cache), false)
#8 C:\xampp\htdocs\inhs\inhsDevFinal\public\index.php(36): CodeIgniter\CodeIgniter->run()
#9 C:\xampp\htdocs\inhs\inhsDevFinal\vendor\codeigniter4\framework\system\Commands\Server\rewrite.php(45): require_once('C:\\xampp\\htdocs...')
#10 {main}
CRITICAL - 2022-03-03 01:32:49 --> Trying to access array offset on value of type null
#0 C:\xampp\htdocs\inhs\inhsDevFinal\app\Views\f_application\application_header.php(100): CodeIgniter\Debug\Exceptions->errorHandler(2, 'Trying to acces...', 'C:\\xampp\\htdocs...', 100)
#1 C:\xampp\htdocs\inhs\inhsDevFinal\vendor\codeigniter4\framework\system\View\View.php(230): include('C:\\xampp\\htdocs...')
#2 C:\xampp\htdocs\inhs\inhsDevFinal\vendor\codeigniter4\framework\system\View\View.php(232): CodeIgniter\View\View->CodeIgniter\View\{closure}()
#3 C:\xampp\htdocs\inhs\inhsDevFinal\vendor\codeigniter4\framework\system\Common.php(1250): CodeIgniter\View\View->render('f_application/a...', Array, true)
#4 C:\xampp\htdocs\inhs\inhsDevFinal\app\Controllers\Application.php(204): view('f_application/a...', Array)
#5 C:\xampp\htdocs\inhs\inhsDevFinal\vendor\codeigniter4\framework\system\CodeIgniter.php(931): App\Controllers\Application->getForm()
#6 C:\xampp\htdocs\inhs\inhsDevFinal\vendor\codeigniter4\framework\system\CodeIgniter.php(439): CodeIgniter\CodeIgniter->runController(Object(App\Controllers\Application))
#7 C:\xampp\htdocs\inhs\inhsDevFinal\vendor\codeigniter4\framework\system\CodeIgniter.php(339): CodeIgniter\CodeIgniter->handleRequest(NULL, Object(Config\Cache), false)
#8 C:\xampp\htdocs\inhs\inhsDevFinal\public\index.php(36): CodeIgniter\CodeIgniter->run()
#9 C:\xampp\htdocs\inhs\inhsDevFinal\vendor\codeigniter4\framework\system\Commands\Server\rewrite.php(45): require_once('C:\\xampp\\htdocs...')
#10 {main}
CRITICAL - 2022-03-03 01:37:46 --> Trying to access array offset on value of type null
#0 C:\xampp\htdocs\inhs\inhsDevFinal\app\Controllers\Application.php(41): CodeIgniter\Debug\Exceptions->errorHandler(2, 'Trying to acces...', 'C:\\xampp\\htdocs...', 41)
#1 C:\xampp\htdocs\inhs\inhsDevFinal\vendor\codeigniter4\framework\system\CodeIgniter.php(931): App\Controllers\Application->index()
#2 C:\xampp\htdocs\inhs\inhsDevFinal\vendor\codeigniter4\framework\system\CodeIgniter.php(439): CodeIgniter\CodeIgniter->runController(Object(App\Controllers\Application))
#3 C:\xampp\htdocs\inhs\inhsDevFinal\vendor\codeigniter4\framework\system\CodeIgniter.php(339): CodeIgniter\CodeIgniter->handleRequest(NULL, Object(Config\Cache), false)
#4 C:\xampp\htdocs\inhs\inhsDevFinal\public\index.php(36): CodeIgniter\CodeIgniter->run()
#5 C:\xampp\htdocs\inhs\inhsDevFinal\vendor\codeigniter4\framework\system\Commands\Server\rewrite.php(45): require_once('C:\\xampp\\htdocs...')
#6 {main}
CRITICAL - 2022-03-03 01:45:15 --> Undefined array key "s_app_applied_program"
#0 C:\xampp\htdocs\inhs\inhsDevFinal\app\Views\f_application\f_view_application\view_application.php(60): CodeIgniter\Debug\Exceptions->errorHandler(2, 'Undefined array...', 'C:\\xampp\\htdocs...', 60)
#1 C:\xampp\htdocs\inhs\inhsDevFinal\vendor\codeigniter4\framework\system\View\View.php(230): include('C:\\xampp\\htdocs...')
#2 C:\xampp\htdocs\inhs\inhsDevFinal\vendor\codeigniter4\framework\system\View\View.php(232): CodeIgniter\View\View->CodeIgniter\View\{closure}()
#3 C:\xampp\htdocs\inhs\inhsDevFinal\vendor\codeigniter4\framework\system\Common.php(1250): CodeIgniter\View\View->render('f_application/f...', Array, true)
#4 C:\xampp\htdocs\inhs\inhsDevFinal\app\Controllers\Application.php(763): view('f_application/f...', Array)
#5 C:\xampp\htdocs\inhs\inhsDevFinal\vendor\codeigniter4\framework\system\CodeIgniter.php(931): App\Controllers\Application->viewApplication()
#6 C:\xampp\htdocs\inhs\inhsDevFinal\vendor\codeigniter4\framework\system\CodeIgniter.php(439): CodeIgniter\CodeIgniter->runController(Object(App\Controllers\Application))
#7 C:\xampp\htdocs\inhs\inhsDevFinal\vendor\codeigniter4\framework\system\CodeIgniter.php(339): CodeIgniter\CodeIgniter->handleRequest(NULL, Object(Config\Cache), false)
#8 C:\xampp\htdocs\inhs\inhsDevFinal\public\index.php(36): CodeIgniter\CodeIgniter->run()
#9 C:\xampp\htdocs\inhs\inhsDevFinal\vendor\codeigniter4\framework\system\Commands\Server\rewrite.php(45): require_once('C:\\xampp\\htdocs...')
#10 {main}
CRITICAL - 2022-03-03 01:45:19 --> Undefined array key "s_app_applied_program"
#0 C:\xampp\htdocs\inhs\inhsDevFinal\app\Views\f_application\f_view_application\view_application.php(60): CodeIgniter\Debug\Exceptions->errorHandler(2, 'Undefined array...', 'C:\\xampp\\htdocs...', 60)
#1 C:\xampp\htdocs\inhs\inhsDevFinal\vendor\codeigniter4\framework\system\View\View.php(230): include('C:\\xampp\\htdocs...')
#2 C:\xampp\htdocs\inhs\inhsDevFinal\vendor\codeigniter4\framework\system\View\View.php(232): CodeIgniter\View\View->CodeIgniter\View\{closure}()
#3 C:\xampp\htdocs\inhs\inhsDevFinal\vendor\codeigniter4\framework\system\Common.php(1250): CodeIgniter\View\View->render('f_application/f...', Array, true)
#4 C:\xampp\htdocs\inhs\inhsDevFinal\app\Controllers\Application.php(763): view('f_application/f...', Array)
#5 C:\xampp\htdocs\inhs\inhsDevFinal\vendor\codeigniter4\framework\system\CodeIgniter.php(931): App\Controllers\Application->viewApplication()
#6 C:\xampp\htdocs\inhs\inhsDevFinal\vendor\codeigniter4\framework\system\CodeIgniter.php(439): CodeIgniter\CodeIgniter->runController(Object(App\Controllers\Application))
#7 C:\xampp\htdocs\inhs\inhsDevFinal\vendor\codeigniter4\framework\system\CodeIgniter.php(339): CodeIgniter\CodeIgniter->handleRequest(NULL, Object(Config\Cache), false)
#8 C:\xampp\htdocs\inhs\inhsDevFinal\public\index.php(36): CodeIgniter\CodeIgniter->run()
#9 C:\xampp\htdocs\inhs\inhsDevFinal\vendor\codeigniter4\framework\system\Commands\Server\rewrite.php(45): require_once('C:\\xampp\\htdocs...')
#10 {main}
CRITICAL - 2022-03-03 01:45:31 --> Undefined array key "s_app_applied_program"
#0 C:\xampp\htdocs\inhs\inhsDevFinal\app\Views\f_application\f_view_application\view_application.php(60): CodeIgniter\Debug\Exceptions->errorHandler(2, 'Undefined array...', 'C:\\xampp\\htdocs...', 60)
#1 C:\xampp\htdocs\inhs\inhsDevFinal\vendor\codeigniter4\framework\system\View\View.php(230): include('C:\\xampp\\htdocs...')
#2 C:\xampp\htdocs\inhs\inhsDevFinal\vendor\codeigniter4\framework\system\View\View.php(232): CodeIgniter\View\View->CodeIgniter\View\{closure}()
#3 C:\xampp\htdocs\inhs\inhsDevFinal\vendor\codeigniter4\framework\system\Common.php(1250): CodeIgniter\View\View->render('f_application/f...', Array, true)
#4 C:\xampp\htdocs\inhs\inhsDevFinal\app\Controllers\Application.php(763): view('f_application/f...', Array)
#5 C:\xampp\htdocs\inhs\inhsDevFinal\vendor\codeigniter4\framework\system\CodeIgniter.php(931): App\Controllers\Application->viewApplication()
#6 C:\xampp\htdocs\inhs\inhsDevFinal\vendor\codeigniter4\framework\system\CodeIgniter.php(439): CodeIgniter\CodeIgniter->runController(Object(App\Controllers\Application))
#7 C:\xampp\htdocs\inhs\inhsDevFinal\vendor\codeigniter4\framework\system\CodeIgniter.php(339): CodeIgniter\CodeIgniter->handleRequest(NULL, Object(Config\Cache), false)
#8 C:\xampp\htdocs\inhs\inhsDevFinal\public\index.php(36): CodeIgniter\CodeIgniter->run()
#9 C:\xampp\htdocs\inhs\inhsDevFinal\vendor\codeigniter4\framework\system\Commands\Server\rewrite.php(45): require_once('C:\\xampp\\htdocs...')
#10 {main}
CRITICAL - 2022-03-03 02:26:50 --> Trying to access array offset on value of type null
#0 C:\xampp\htdocs\inhs\inhsDevFinal\app\Views\f_application\application_header.php(100): CodeIgniter\Debug\Exceptions->errorHandler(2, 'Trying to acces...', 'C:\\xampp\\htdocs...', 100)
#1 C:\xampp\htdocs\inhs\inhsDevFinal\vendor\codeigniter4\framework\system\View\View.php(230): include('C:\\xampp\\htdocs...')
#2 C:\xampp\htdocs\inhs\inhsDevFinal\vendor\codeigniter4\framework\system\View\View.php(232): CodeIgniter\View\View->CodeIgniter\View\{closure}()
#3 C:\xampp\htdocs\inhs\inhsDevFinal\vendor\codeigniter4\framework\system\Common.php(1250): CodeIgniter\View\View->render('f_application/a...', Array, true)
#4 C:\xampp\htdocs\inhs\inhsDevFinal\app\Controllers\Application.php(204): view('f_application/a...', Array)
#5 C:\xampp\htdocs\inhs\inhsDevFinal\vendor\codeigniter4\framework\system\CodeIgniter.php(931): App\Controllers\Application->getForm()
#6 C:\xampp\htdocs\inhs\inhsDevFinal\vendor\codeigniter4\framework\system\CodeIgniter.php(439): CodeIgniter\CodeIgniter->runController(Object(App\Controllers\Application))
#7 C:\xampp\htdocs\inhs\inhsDevFinal\vendor\codeigniter4\framework\system\CodeIgniter.php(339): CodeIgniter\CodeIgniter->handleRequest(NULL, Object(Config\Cache), false)
#8 C:\xampp\htdocs\inhs\inhsDevFinal\public\index.php(36): CodeIgniter\CodeIgniter->run()
#9 C:\xampp\htdocs\inhs\inhsDevFinal\vendor\codeigniter4\framework\system\Commands\Server\rewrite.php(45): require_once('C:\\xampp\\htdocs...')
#10 {main}
CRITICAL - 2022-03-03 02:32:34 --> Trying to access array offset on value of type null
#0 C:\xampp\htdocs\inhs\inhsDevFinal\app\Views\f_application\application_header.php(100): CodeIgniter\Debug\Exceptions->errorHandler(2, 'Trying to acces...', 'C:\\xampp\\htdocs...', 100)
#1 C:\xampp\htdocs\inhs\inhsDevFinal\vendor\codeigniter4\framework\system\View\View.php(230): include('C:\\xampp\\htdocs...')
#2 C:\xampp\htdocs\inhs\inhsDevFinal\vendor\codeigniter4\framework\system\View\View.php(232): CodeIgniter\View\View->CodeIgniter\View\{closure}()
#3 C:\xampp\htdocs\inhs\inhsDevFinal\vendor\codeigniter4\framework\system\Common.php(1250): CodeIgniter\View\View->render('f_application/a...', Array, true)
#4 C:\xampp\htdocs\inhs\inhsDevFinal\app\Controllers\Application.php(204): view('f_application/a...', Array)
#5 C:\xampp\htdocs\inhs\inhsDevFinal\vendor\codeigniter4\framework\system\CodeIgniter.php(931): App\Controllers\Application->getForm()
#6 C:\xampp\htdocs\inhs\inhsDevFinal\vendor\codeigniter4\framework\system\CodeIgniter.php(439): CodeIgniter\CodeIgniter->runController(Object(App\Controllers\Application))
#7 C:\xampp\htdocs\inhs\inhsDevFinal\vendor\codeigniter4\framework\system\CodeIgniter.php(339): CodeIgniter\CodeIgniter->handleRequest(NULL, Object(Config\Cache), false)
#8 C:\xampp\htdocs\inhs\inhsDevFinal\public\index.php(36): CodeIgniter\CodeIgniter->run()
#9 C:\xampp\htdocs\inhs\inhsDevFinal\vendor\codeigniter4\framework\system\Commands\Server\rewrite.php(45): require_once('C:\\xampp\\htdocs...')
#10 {main}
CRITICAL - 2022-03-03 02:43:10 --> Trying to access array offset on value of type null
#0 C:\xampp\htdocs\inhs\inhsDevFinal\app\Views\f_application\application_header.php(100): CodeIgniter\Debug\Exceptions->errorHandler(2, 'Trying to acces...', 'C:\\xampp\\htdocs...', 100)
#1 C:\xampp\htdocs\inhs\inhsDevFinal\vendor\codeigniter4\framework\system\View\View.php(230): include('C:\\xampp\\htdocs...')
#2 C:\xampp\htdocs\inhs\inhsDevFinal\vendor\codeigniter4\framework\system\View\View.php(232): CodeIgniter\View\View->CodeIgniter\View\{closure}()
#3 C:\xampp\htdocs\inhs\inhsDevFinal\vendor\codeigniter4\framework\system\Common.php(1250): CodeIgniter\View\View->render('f_application/a...', Array, true)
#4 C:\xampp\htdocs\inhs\inhsDevFinal\app\Controllers\Application.php(204): view('f_application/a...', Array)
#5 C:\xampp\htdocs\inhs\inhsDevFinal\vendor\codeigniter4\framework\system\CodeIgniter.php(931): App\Controllers\Application->getForm()
#6 C:\xampp\htdocs\inhs\inhsDevFinal\vendor\codeigniter4\framework\system\CodeIgniter.php(439): CodeIgniter\CodeIgniter->runController(Object(App\Controllers\Application))
#7 C:\xampp\htdocs\inhs\inhsDevFinal\vendor\codeigniter4\framework\system\CodeIgniter.php(339): CodeIgniter\CodeIgniter->handleRequest(NULL, Object(Config\Cache), false)
#8 C:\xampp\htdocs\inhs\inhsDevFinal\public\index.php(36): CodeIgniter\CodeIgniter->run()
#9 C:\xampp\htdocs\inhs\inhsDevFinal\vendor\codeigniter4\framework\system\Commands\Server\rewrite.php(45): require_once('C:\\xampp\\htdocs...')
#10 {main}
CRITICAL - 2022-03-03 03:07:07 --> Trying to access array offset on value of type null
#0 C:\xampp\htdocs\inhs\inhsDevFinal\app\Controllers\Application.php(681): CodeIgniter\Debug\Exceptions->errorHandler(2, 'Trying to acces...', 'C:\\xampp\\htdocs...', 681)
#1 C:\xampp\htdocs\inhs\inhsDevFinal\vendor\codeigniter4\framework\system\CodeIgniter.php(931): App\Controllers\Application->viewUploads()
#2 C:\xampp\htdocs\inhs\inhsDevFinal\vendor\codeigniter4\framework\system\CodeIgniter.php(439): CodeIgniter\CodeIgniter->runController(Object(App\Controllers\Application))
#3 C:\xampp\htdocs\inhs\inhsDevFinal\vendor\codeigniter4\framework\system\CodeIgniter.php(339): CodeIgniter\CodeIgniter->handleRequest(NULL, Object(Config\Cache), false)
#4 C:\xampp\htdocs\inhs\inhsDevFinal\public\index.php(36): CodeIgniter\CodeIgniter->run()
#5 C:\xampp\htdocs\inhs\inhsDevFinal\vendor\codeigniter4\framework\system\Commands\Server\rewrite.php(45): require_once('C:\\xampp\\htdocs...')
#6 {main}
CRITICAL - 2022-03-03 03:07:07 --> Trying to access array offset on value of type null
#0 C:\xampp\htdocs\inhs\inhsDevFinal\app\Controllers\Application.php(681): CodeIgniter\Debug\Exceptions->errorHandler(2, 'Trying to acces...', 'C:\\xampp\\htdocs...', 681)
#1 C:\xampp\htdocs\inhs\inhsDevFinal\vendor\codeigniter4\framework\system\CodeIgniter.php(931): App\Controllers\Application->viewUploads()
#2 C:\xampp\htdocs\inhs\inhsDevFinal\vendor\codeigniter4\framework\system\CodeIgniter.php(439): CodeIgniter\CodeIgniter->runController(Object(App\Controllers\Application))
#3 C:\xampp\htdocs\inhs\inhsDevFinal\vendor\codeigniter4\framework\system\CodeIgniter.php(339): CodeIgniter\CodeIgniter->handleRequest(NULL, Object(Config\Cache), false)
#4 C:\xampp\htdocs\inhs\inhsDevFinal\public\index.php(36): CodeIgniter\CodeIgniter->run()
#5 C:\xampp\htdocs\inhs\inhsDevFinal\vendor\codeigniter4\framework\system\Commands\Server\rewrite.php(45): require_once('C:\\xampp\\htdocs...')
#6 {main}
CRITICAL - 2022-03-03 03:07:08 --> Trying to access array offset on value of type null
#0 C:\xampp\htdocs\inhs\inhsDevFinal\app\Controllers\Application.php(681): CodeIgniter\Debug\Exceptions->errorHandler(2, 'Trying to acces...', 'C:\\xampp\\htdocs...', 681)
#1 C:\xampp\htdocs\inhs\inhsDevFinal\vendor\codeigniter4\framework\system\CodeIgniter.php(931): App\Controllers\Application->viewUploads()
#2 C:\xampp\htdocs\inhs\inhsDevFinal\vendor\codeigniter4\framework\system\CodeIgniter.php(439): CodeIgniter\CodeIgniter->runController(Object(App\Controllers\Application))
#3 C:\xampp\htdocs\inhs\inhsDevFinal\vendor\codeigniter4\framework\system\CodeIgniter.php(339): CodeIgniter\CodeIgniter->handleRequest(NULL, Object(Config\Cache), false)
#4 C:\xampp\htdocs\inhs\inhsDevFinal\public\index.php(36): CodeIgniter\CodeIgniter->run()
#5 C:\xampp\htdocs\inhs\inhsDevFinal\vendor\codeigniter4\framework\system\Commands\Server\rewrite.php(45): require_once('C:\\xampp\\htdocs...')
#6 {main}
CRITICAL - 2022-03-03 03:07:09 --> Trying to access array offset on value of type null
#0 C:\xampp\htdocs\inhs\inhsDevFinal\app\Controllers\Application.php(681): CodeIgniter\Debug\Exceptions->errorHandler(2, 'Trying to acces...', 'C:\\xampp\\htdocs...', 681)
#1 C:\xampp\htdocs\inhs\inhsDevFinal\vendor\codeigniter4\framework\system\CodeIgniter.php(931): App\Controllers\Application->viewUploads()
#2 C:\xampp\htdocs\inhs\inhsDevFinal\vendor\codeigniter4\framework\system\CodeIgniter.php(439): CodeIgniter\CodeIgniter->runController(Object(App\Controllers\Application))
#3 C:\xampp\htdocs\inhs\inhsDevFinal\vendor\codeigniter4\framework\system\CodeIgniter.php(339): CodeIgniter\CodeIgniter->handleRequest(NULL, Object(Config\Cache), false)
#4 C:\xampp\htdocs\inhs\inhsDevFinal\public\index.php(36): CodeIgniter\CodeIgniter->run()
#5 C:\xampp\htdocs\inhs\inhsDevFinal\vendor\codeigniter4\framework\system\Commands\Server\rewrite.php(45): require_once('C:\\xampp\\htdocs...')
#6 {main}
CRITICAL - 2022-03-03 03:07:10 --> Trying to access array offset on value of type null
#0 C:\xampp\htdocs\inhs\inhsDevFinal\app\Controllers\Application.php(681): CodeIgniter\Debug\Exceptions->errorHandler(2, 'Trying to acces...', 'C:\\xampp\\htdocs...', 681)
#1 C:\xampp\htdocs\inhs\inhsDevFinal\vendor\codeigniter4\framework\system\CodeIgniter.php(931): App\Controllers\Application->viewUploads()
#2 C:\xampp\htdocs\inhs\inhsDevFinal\vendor\codeigniter4\framework\system\CodeIgniter.php(439): CodeIgniter\CodeIgniter->runController(Object(App\Controllers\Application))
#3 C:\xampp\htdocs\inhs\inhsDevFinal\vendor\codeigniter4\framework\system\CodeIgniter.php(339): CodeIgniter\CodeIgniter->handleRequest(NULL, Object(Config\Cache), false)
#4 C:\xampp\htdocs\inhs\inhsDevFinal\public\index.php(36): CodeIgniter\CodeIgniter->run()
#5 C:\xampp\htdocs\inhs\inhsDevFinal\vendor\codeigniter4\framework\system\Commands\Server\rewrite.php(45): require_once('C:\\xampp\\htdocs...')
#6 {main}
CRITICAL - 2022-03-03 03:07:28 --> Trying to access array offset on value of type null
#0 C:\xampp\htdocs\inhs\inhsDevFinal\app\Controllers\Application.php(681): CodeIgniter\Debug\Exceptions->errorHandler(2, 'Trying to acces...', 'C:\\xampp\\htdocs...', 681)
#1 C:\xampp\htdocs\inhs\inhsDevFinal\vendor\codeigniter4\framework\system\CodeIgniter.php(931): App\Controllers\Application->viewUploads()
#2 C:\xampp\htdocs\inhs\inhsDevFinal\vendor\codeigniter4\framework\system\CodeIgniter.php(439): CodeIgniter\CodeIgniter->runController(Object(App\Controllers\Application))
#3 C:\xampp\htdocs\inhs\inhsDevFinal\vendor\codeigniter4\framework\system\CodeIgniter.php(339): CodeIgniter\CodeIgniter->handleRequest(NULL, Object(Config\Cache), false)
#4 C:\xampp\htdocs\inhs\inhsDevFinal\public\index.php(36): CodeIgniter\CodeIgniter->run()
#5 C:\xampp\htdocs\inhs\inhsDevFinal\vendor\codeigniter4\framework\system\Commands\Server\rewrite.php(45): require_once('C:\\xampp\\htdocs...')
#6 {main}
CRITICAL - 2022-03-03 03:07:33 --> Trying to access array offset on value of type null
#0 C:\xampp\htdocs\inhs\inhsDevFinal\app\Controllers\Application.php(681): CodeIgniter\Debug\Exceptions->errorHandler(2, 'Trying to acces...', 'C:\\xampp\\htdocs...', 681)
#1 C:\xampp\htdocs\inhs\inhsDevFinal\vendor\codeigniter4\framework\system\CodeIgniter.php(931): App\Controllers\Application->viewUploads()
#2 C:\xampp\htdocs\inhs\inhsDevFinal\vendor\codeigniter4\framework\system\CodeIgniter.php(439): CodeIgniter\CodeIgniter->runController(Object(App\Controllers\Application))
#3 C:\xampp\htdocs\inhs\inhsDevFinal\vendor\codeigniter4\framework\system\CodeIgniter.php(339): CodeIgniter\CodeIgniter->handleRequest(NULL, Object(Config\Cache), false)
#4 C:\xampp\htdocs\inhs\inhsDevFinal\public\index.php(36): CodeIgniter\CodeIgniter->run()
#5 C:\xampp\htdocs\inhs\inhsDevFinal\vendor\codeigniter4\framework\system\Commands\Server\rewrite.php(45): require_once('C:\\xampp\\htdocs...')
#6 {main}
CRITICAL - 2022-03-03 03:20:15 --> Trying to access array offset on value of type null
#0 C:\xampp\htdocs\inhs\inhsDevFinal\app\Views\f_application\application_header.php(100): CodeIgniter\Debug\Exceptions->errorHandler(2, 'Trying to acces...', 'C:\\xampp\\htdocs...', 100)
#1 C:\xampp\htdocs\inhs\inhsDevFinal\vendor\codeigniter4\framework\system\View\View.php(230): include('C:\\xampp\\htdocs...')
#2 C:\xampp\htdocs\inhs\inhsDevFinal\vendor\codeigniter4\framework\system\View\View.php(232): CodeIgniter\View\View->CodeIgniter\View\{closure}()
#3 C:\xampp\htdocs\inhs\inhsDevFinal\vendor\codeigniter4\framework\system\Common.php(1250): CodeIgniter\View\View->render('f_application/a...', Array, true)
#4 C:\xampp\htdocs\inhs\inhsDevFinal\app\Controllers\Application.php(204): view('f_application/a...', Array)
#5 C:\xampp\htdocs\inhs\inhsDevFinal\vendor\codeigniter4\framework\system\CodeIgniter.php(931): App\Controllers\Application->getForm()
#6 C:\xampp\htdocs\inhs\inhsDevFinal\vendor\codeigniter4\framework\system\CodeIgniter.php(439): CodeIgniter\CodeIgniter->runController(Object(App\Controllers\Application))
#7 C:\xampp\htdocs\inhs\inhsDevFinal\vendor\codeigniter4\framework\system\CodeIgniter.php(339): CodeIgniter\CodeIgniter->handleRequest(NULL, Object(Config\Cache), false)
#8 C:\xampp\htdocs\inhs\inhsDevFinal\public\index.php(36): CodeIgniter\CodeIgniter->run()
#9 C:\xampp\htdocs\inhs\inhsDevFinal\vendor\codeigniter4\framework\system\Commands\Server\rewrite.php(45): require_once('C:\\xampp\\htdocs...')
#10 {main}
CRITICAL - 2022-03-03 03:20:18 --> Trying to access array offset on value of type null
#0 C:\xampp\htdocs\inhs\inhsDevFinal\app\Views\f_application\application_header.php(100): CodeIgniter\Debug\Exceptions->errorHandler(2, 'Trying to acces...', 'C:\\xampp\\htdocs...', 100)
#1 C:\xampp\htdocs\inhs\inhsDevFinal\vendor\codeigniter4\framework\system\View\View.php(230): include('C:\\xampp\\htdocs...')
#2 C:\xampp\htdocs\inhs\inhsDevFinal\vendor\codeigniter4\framework\system\View\View.php(232): CodeIgniter\View\View->CodeIgniter\View\{closure}()
#3 C:\xampp\htdocs\inhs\inhsDevFinal\vendor\codeigniter4\framework\system\Common.php(1250): CodeIgniter\View\View->render('f_application/a...', Array, true)
#4 C:\xampp\htdocs\inhs\inhsDevFinal\app\Controllers\Application.php(204): view('f_application/a...', Array)
#5 C:\xampp\htdocs\inhs\inhsDevFinal\vendor\codeigniter4\framework\system\CodeIgniter.php(931): App\Controllers\Application->getForm()
#6 C:\xampp\htdocs\inhs\inhsDevFinal\vendor\codeigniter4\framework\system\CodeIgniter.php(439): CodeIgniter\CodeIgniter->runController(Object(App\Controllers\Application))
#7 C:\xampp\htdocs\inhs\inhsDevFinal\vendor\codeigniter4\framework\system\CodeIgniter.php(339): CodeIgniter\CodeIgniter->handleRequest(NULL, Object(Config\Cache), false)
#8 C:\xampp\htdocs\inhs\inhsDevFinal\public\index.php(36): CodeIgniter\CodeIgniter->run()
#9 C:\xampp\htdocs\inhs\inhsDevFinal\vendor\codeigniter4\framework\system\Commands\Server\rewrite.php(45): require_once('C:\\xampp\\htdocs...')
#10 {main}
CRITICAL - 2022-03-03 03:53:14 --> Trying to access array offset on value of type null
#0 C:\xampp\htdocs\inhs\inhsDevFinal\app\Views\f_application\application_header.php(100): CodeIgniter\Debug\Exceptions->errorHandler(2, 'Trying to acces...', 'C:\\xampp\\htdocs...', 100)
#1 C:\xampp\htdocs\inhs\inhsDevFinal\vendor\codeigniter4\framework\system\View\View.php(230): include('C:\\xampp\\htdocs...')
#2 C:\xampp\htdocs\inhs\inhsDevFinal\vendor\codeigniter4\framework\system\View\View.php(232): CodeIgniter\View\View->CodeIgniter\View\{closure}()
#3 C:\xampp\htdocs\inhs\inhsDevFinal\vendor\codeigniter4\framework\system\Common.php(1250): CodeIgniter\View\View->render('f_application/a...', Array, true)
#4 C:\xampp\htdocs\inhs\inhsDevFinal\app\Controllers\Application.php(204): view('f_application/a...', Array)
#5 C:\xampp\htdocs\inhs\inhsDevFinal\vendor\codeigniter4\framework\system\CodeIgniter.php(931): App\Controllers\Application->getForm()
#6 C:\xampp\htdocs\inhs\inhsDevFinal\vendor\codeigniter4\framework\system\CodeIgniter.php(439): CodeIgniter\CodeIgniter->runController(Object(App\Controllers\Application))
#7 C:\xampp\htdocs\inhs\inhsDevFinal\vendor\codeigniter4\framework\system\CodeIgniter.php(339): CodeIgniter\CodeIgniter->handleRequest(NULL, Object(Config\Cache), false)
#8 C:\xampp\htdocs\inhs\inhsDevFinal\public\index.php(36): CodeIgniter\CodeIgniter->run()
#9 C:\xampp\htdocs\inhs\inhsDevFinal\vendor\codeigniter4\framework\system\Commands\Server\rewrite.php(45): require_once('C:\\xampp\\htdocs...')
#10 {main}
CRITICAL - 2022-03-03 04:01:54 --> Trying to access array offset on value of type null
#0 C:\xampp\htdocs\inhs\inhsDevFinal\app\Controllers\Application.php(790): CodeIgniter\Debug\Exceptions->errorHandler(2, 'Trying to acces...', 'C:\\xampp\\htdocs...', 790)
#1 C:\xampp\htdocs\inhs\inhsDevFinal\vendor\codeigniter4\framework\system\CodeIgniter.php(931): App\Controllers\Application->viewAccount()
#2 C:\xampp\htdocs\inhs\inhsDevFinal\vendor\codeigniter4\framework\system\CodeIgniter.php(439): CodeIgniter\CodeIgniter->runController(Object(App\Controllers\Application))
#3 C:\xampp\htdocs\inhs\inhsDevFinal\vendor\codeigniter4\framework\system\CodeIgniter.php(339): CodeIgniter\CodeIgniter->handleRequest(NULL, Object(Config\Cache), false)
#4 C:\xampp\htdocs\inhs\inhsDevFinal\public\index.php(36): CodeIgniter\CodeIgniter->run()
#5 C:\xampp\htdocs\inhs\inhsDevFinal\vendor\codeigniter4\framework\system\Commands\Server\rewrite.php(45): require_once('C:\\xampp\\htdocs...')
#6 {main}
CRITICAL - 2022-03-03 04:01:59 --> Trying to access array offset on value of type null
#0 C:\xampp\htdocs\inhs\inhsDevFinal\app\Views\f_application\application_header.php(100): CodeIgniter\Debug\Exceptions->errorHandler(2, 'Trying to acces...', 'C:\\xampp\\htdocs...', 100)
#1 C:\xampp\htdocs\inhs\inhsDevFinal\vendor\codeigniter4\framework\system\View\View.php(230): include('C:\\xampp\\htdocs...')
#2 C:\xampp\htdocs\inhs\inhsDevFinal\vendor\codeigniter4\framework\system\View\View.php(232): CodeIgniter\View\View->CodeIgniter\View\{closure}()
#3 C:\xampp\htdocs\inhs\inhsDevFinal\vendor\codeigniter4\framework\system\Common.php(1250): CodeIgniter\View\View->render('f_application/a...', Array, true)
#4 C:\xampp\htdocs\inhs\inhsDevFinal\app\Controllers\Application.php(204): view('f_application/a...', Array)
#5 C:\xampp\htdocs\inhs\inhsDevFinal\vendor\codeigniter4\framework\system\CodeIgniter.php(931): App\Controllers\Application->getForm()
#6 C:\xampp\htdocs\inhs\inhsDevFinal\vendor\codeigniter4\framework\system\CodeIgniter.php(439): CodeIgniter\CodeIgniter->runController(Object(App\Controllers\Application))
#7 C:\xampp\htdocs\inhs\inhsDevFinal\vendor\codeigniter4\framework\system\CodeIgniter.php(339): CodeIgniter\CodeIgniter->handleRequest(NULL, Object(Config\Cache), false)
#8 C:\xampp\htdocs\inhs\inhsDevFinal\public\index.php(36): CodeIgniter\CodeIgniter->run()
#9 C:\xampp\htdocs\inhs\inhsDevFinal\vendor\codeigniter4\framework\system\Commands\Server\rewrite.php(45): require_once('C:\\xampp\\htdocs...')
#10 {main}
CRITICAL - 2022-03-03 04:21:06 --> Trying to access array offset on value of type null
#0 C:\xampp\htdocs\inhs\inhsDevFinal\app\Controllers\Application.php(681): CodeIgniter\Debug\Exceptions->errorHandler(2, 'Trying to acces...', 'C:\\xampp\\htdocs...', 681)
#1 C:\xampp\htdocs\inhs\inhsDevFinal\vendor\codeigniter4\framework\system\CodeIgniter.php(931): App\Controllers\Application->viewUploads()
#2 C:\xampp\htdocs\inhs\inhsDevFinal\vendor\codeigniter4\framework\system\CodeIgniter.php(439): CodeIgniter\CodeIgniter->runController(Object(App\Controllers\Application))
#3 C:\xampp\htdocs\inhs\inhsDevFinal\vendor\codeigniter4\framework\system\CodeIgniter.php(339): CodeIgniter\CodeIgniter->handleRequest(NULL, Object(Config\Cache), false)
#4 C:\xampp\htdocs\inhs\inhsDevFinal\public\index.php(36): CodeIgniter\CodeIgniter->run()
#5 C:\xampp\htdocs\inhs\inhsDevFinal\vendor\codeigniter4\framework\system\Commands\Server\rewrite.php(45): require_once('C:\\xampp\\htdocs...')
#6 {main}
CRITICAL - 2022-03-03 04:45:53 --> Trying to access array offset on value of type null
#0 C:\xampp\htdocs\inhs\inhsDevFinal\app\Controllers\Application.php(41): CodeIgniter\Debug\Exceptions->errorHandler(2, 'Trying to acces...', 'C:\\xampp\\htdocs...', 41)
#1 C:\xampp\htdocs\inhs\inhsDevFinal\vendor\codeigniter4\framework\system\CodeIgniter.php(931): App\Controllers\Application->index()
#2 C:\xampp\htdocs\inhs\inhsDevFinal\vendor\codeigniter4\framework\system\CodeIgniter.php(439): CodeIgniter\CodeIgniter->runController(Object(App\Controllers\Application))
#3 C:\xampp\htdocs\inhs\inhsDevFinal\vendor\codeigniter4\framework\system\CodeIgniter.php(339): CodeIgniter\CodeIgniter->handleRequest(NULL, Object(Config\Cache), false)
#4 C:\xampp\htdocs\inhs\inhsDevFinal\public\index.php(36): CodeIgniter\CodeIgniter->run()
#5 C:\xampp\htdocs\inhs\inhsDevFinal\vendor\codeigniter4\framework\system\Commands\Server\rewrite.php(45): require_once('C:\\xampp\\htdocs...')
#6 {main}
CRITICAL - 2022-03-03 04:48:34 --> Trying to access array offset on value of type null
#0 C:\xampp\htdocs\inhs\inhsDevFinal\app\Views\f_application\application_header.php(100): CodeIgniter\Debug\Exceptions->errorHandler(2, 'Trying to acces...', 'C:\\xampp\\htdocs...', 100)
#1 C:\xampp\htdocs\inhs\inhsDevFinal\vendor\codeigniter4\framework\system\View\View.php(230): include('C:\\xampp\\htdocs...')
#2 C:\xampp\htdocs\inhs\inhsDevFinal\vendor\codeigniter4\framework\system\View\View.php(232): CodeIgniter\View\View->CodeIgniter\View\{closure}()
#3 C:\xampp\htdocs\inhs\inhsDevFinal\vendor\codeigniter4\framework\system\Common.php(1250): CodeIgniter\View\View->render('f_application/a...', Array, true)
#4 C:\xampp\htdocs\inhs\inhsDevFinal\app\Controllers\Application.php(204): view('f_application/a...', Array)
#5 C:\xampp\htdocs\inhs\inhsDevFinal\vendor\codeigniter4\framework\system\CodeIgniter.php(931): App\Controllers\Application->getForm()
#6 C:\xampp\htdocs\inhs\inhsDevFinal\vendor\codeigniter4\framework\system\CodeIgniter.php(439): CodeIgniter\CodeIgniter->runController(Object(App\Controllers\Application))
#7 C:\xampp\htdocs\inhs\inhsDevFinal\vendor\codeigniter4\framework\system\CodeIgniter.php(339): CodeIgniter\CodeIgniter->handleRequest(NULL, Object(Config\Cache), false)
#8 C:\xampp\htdocs\inhs\inhsDevFinal\public\index.php(36): CodeIgniter\CodeIgniter->run()
#9 C:\xampp\htdocs\inhs\inhsDevFinal\vendor\codeigniter4\framework\system\Commands\Server\rewrite.php(45): require_once('C:\\xampp\\htdocs...')
#10 {main}
CRITICAL - 2022-03-03 04:57:04 --> Trying to access array offset on value of type null
#0 C:\xampp\htdocs\inhs\inhsDevFinal\app\Controllers\Application.php(790): CodeIgniter\Debug\Exceptions->errorHandler(2, 'Trying to acces...', 'C:\\xampp\\htdocs...', 790)
#1 C:\xampp\htdocs\inhs\inhsDevFinal\vendor\codeigniter4\framework\system\CodeIgniter.php(931): App\Controllers\Application->viewAccount()
#2 C:\xampp\htdocs\inhs\inhsDevFinal\vendor\codeigniter4\framework\system\CodeIgniter.php(439): CodeIgniter\CodeIgniter->runController(Object(App\Controllers\Application))
#3 C:\xampp\htdocs\inhs\inhsDevFinal\vendor\codeigniter4\framework\system\CodeIgniter.php(339): CodeIgniter\CodeIgniter->handleRequest(NULL, Object(Config\Cache), false)
#4 C:\xampp\htdocs\inhs\inhsDevFinal\public\index.php(36): CodeIgniter\CodeIgniter->run()
#5 C:\xampp\htdocs\inhs\inhsDevFinal\vendor\codeigniter4\framework\system\Commands\Server\rewrite.php(45): require_once('C:\\xampp\\htdocs...')
#6 {main}
CRITICAL - 2022-03-03 06:03:18 --> Trying to access array offset on value of type null
#0 C:\xampp\htdocs\inhs\inhsDevFinal\app\Views\f_application\application_header.php(100): CodeIgniter\Debug\Exceptions->errorHandler(2, 'Trying to acces...', 'C:\\xampp\\htdocs...', 100)
#1 C:\xampp\htdocs\inhs\inhsDevFinal\vendor\codeigniter4\framework\system\View\View.php(230): include('C:\\xampp\\htdocs...')
#2 C:\xampp\htdocs\inhs\inhsDevFinal\vendor\codeigniter4\framework\system\View\View.php(232): CodeIgniter\View\View->CodeIgniter\View\{closure}()
#3 C:\xampp\htdocs\inhs\inhsDevFinal\vendor\codeigniter4\framework\system\Common.php(1250): CodeIgniter\View\View->render('f_application/a...', Array, true)
#4 C:\xampp\htdocs\inhs\inhsDevFinal\app\Controllers\Application.php(204): view('f_application/a...', Array)
#5 C:\xampp\htdocs\inhs\inhsDevFinal\vendor\codeigniter4\framework\system\CodeIgniter.php(931): App\Controllers\Application->getForm()
#6 C:\xampp\htdocs\inhs\inhsDevFinal\vendor\codeigniter4\framework\system\CodeIgniter.php(439): CodeIgniter\CodeIgniter->runController(Object(App\Controllers\Application))
#7 C:\xampp\htdocs\inhs\inhsDevFinal\vendor\codeigniter4\framework\system\CodeIgniter.php(339): CodeIgniter\CodeIgniter->handleRequest(NULL, Object(Config\Cache), false)
#8 C:\xampp\htdocs\inhs\inhsDevFinal\public\index.php(36): CodeIgniter\CodeIgniter->run()
#9 C:\xampp\htdocs\inhs\inhsDevFinal\vendor\codeigniter4\framework\system\Commands\Server\rewrite.php(45): require_once('C:\\xampp\\htdocs...')
#10 {main}
CRITICAL - 2022-03-03 06:06:45 --> Trying to access array offset on value of type null
#0 C:\xampp\htdocs\inhs\inhsDevFinal\app\Views\f_application\application_header.php(100): CodeIgniter\Debug\Exceptions->errorHandler(2, 'Trying to acces...', 'C:\\xampp\\htdocs...', 100)
#1 C:\xampp\htdocs\inhs\inhsDevFinal\vendor\codeigniter4\framework\system\View\View.php(230): include('C:\\xampp\\htdocs...')
#2 C:\xampp\htdocs\inhs\inhsDevFinal\vendor\codeigniter4\framework\system\View\View.php(232): CodeIgniter\View\View->CodeIgniter\View\{closure}()
#3 C:\xampp\htdocs\inhs\inhsDevFinal\vendor\codeigniter4\framework\system\Common.php(1250): CodeIgniter\View\View->render('f_application/a...', Array, true)
#4 C:\xampp\htdocs\inhs\inhsDevFinal\app\Controllers\Application.php(204): view('f_application/a...', Array)
#5 C:\xampp\htdocs\inhs\inhsDevFinal\vendor\codeigniter4\framework\system\CodeIgniter.php(931): App\Controllers\Application->getForm()
#6 C:\xampp\htdocs\inhs\inhsDevFinal\vendor\codeigniter4\framework\system\CodeIgniter.php(439): CodeIgniter\CodeIgniter->runController(Object(App\Controllers\Application))
#7 C:\xampp\htdocs\inhs\inhsDevFinal\vendor\codeigniter4\framework\system\CodeIgniter.php(339): CodeIgniter\CodeIgniter->handleRequest(NULL, Object(Config\Cache), false)
#8 C:\xampp\htdocs\inhs\inhsDevFinal\public\index.php(36): CodeIgniter\CodeIgniter->run()
#9 C:\xampp\htdocs\inhs\inhsDevFinal\vendor\codeigniter4\framework\system\Commands\Server\rewrite.php(45): require_once('C:\\xampp\\htdocs...')
#10 {main}
CRITICAL - 2022-03-03 06:06:50 --> Trying to access array offset on value of type null
#0 C:\xampp\htdocs\inhs\inhsDevFinal\app\Views\f_application\application_header.php(100): CodeIgniter\Debug\Exceptions->errorHandler(2, 'Trying to acces...', 'C:\\xampp\\htdocs...', 100)
#1 C:\xampp\htdocs\inhs\inhsDevFinal\vendor\codeigniter4\framework\system\View\View.php(230): include('C:\\xampp\\htdocs...')
#2 C:\xampp\htdocs\inhs\inhsDevFinal\vendor\codeigniter4\framework\system\View\View.php(232): CodeIgniter\View\View->CodeIgniter\View\{closure}()
#3 C:\xampp\htdocs\inhs\inhsDevFinal\vendor\codeigniter4\framework\system\Common.php(1250): CodeIgniter\View\View->render('f_application/a...', Array, true)
#4 C:\xampp\htdocs\inhs\inhsDevFinal\app\Controllers\Application.php(204): view('f_application/a...', Array)
#5 C:\xampp\htdocs\inhs\inhsDevFinal\vendor\codeigniter4\framework\system\CodeIgniter.php(931): App\Controllers\Application->getForm()
#6 C:\xampp\htdocs\inhs\inhsDevFinal\vendor\codeigniter4\framework\system\CodeIgniter.php(439): CodeIgniter\CodeIgniter->runController(Object(App\Controllers\Application))
#7 C:\xampp\htdocs\inhs\inhsDevFinal\vendor\codeigniter4\framework\system\CodeIgniter.php(339): CodeIgniter\CodeIgniter->handleRequest(NULL, Object(Config\Cache), false)
#8 C:\xampp\htdocs\inhs\inhsDevFinal\public\index.php(36): CodeIgniter\CodeIgniter->run()
#9 C:\xampp\htdocs\inhs\inhsDevFinal\vendor\codeigniter4\framework\system\Commands\Server\rewrite.php(45): require_once('C:\\xampp\\htdocs...')
#10 {main}
CRITICAL - 2022-03-03 07:13:26 --> Trying to access array offset on value of type null
#0 C:\xampp\htdocs\inhs\inhsDevFinal\app\Controllers\Application.php(681): CodeIgniter\Debug\Exceptions->errorHandler(2, 'Trying to acces...', 'C:\\xampp\\htdocs...', 681)
#1 C:\xampp\htdocs\inhs\inhsDevFinal\vendor\codeigniter4\framework\system\CodeIgniter.php(931): App\Controllers\Application->viewUploads()
#2 C:\xampp\htdocs\inhs\inhsDevFinal\vendor\codeigniter4\framework\system\CodeIgniter.php(439): CodeIgniter\CodeIgniter->runController(Object(App\Controllers\Application))
#3 C:\xampp\htdocs\inhs\inhsDevFinal\vendor\codeigniter4\framework\system\CodeIgniter.php(339): CodeIgniter\CodeIgniter->handleRequest(NULL, Object(Config\Cache), false)
#4 C:\xampp\htdocs\inhs\inhsDevFinal\public\index.php(36): CodeIgniter\CodeIgniter->run()
#5 C:\xampp\htdocs\inhs\inhsDevFinal\vendor\codeigniter4\framework\system\Commands\Server\rewrite.php(45): require_once('C:\\xampp\\htdocs...')
#6 {main}
CRITICAL - 2022-03-03 08:01:24 --> Trying to access array offset on value of type null
#0 C:\xampp\htdocs\inhs\inhsDevFinal\app\Views\f_application\application_header.php(100): CodeIgniter\Debug\Exceptions->errorHandler(2, 'Trying to acces...', 'C:\\xampp\\htdocs...', 100)
#1 C:\xampp\htdocs\inhs\inhsDevFinal\vendor\codeigniter4\framework\system\View\View.php(230): include('C:\\xampp\\htdocs...')
#2 C:\xampp\htdocs\inhs\inhsDevFinal\vendor\codeigniter4\framework\system\View\View.php(232): CodeIgniter\View\View->CodeIgniter\View\{closure}()
#3 C:\xampp\htdocs\inhs\inhsDevFinal\vendor\codeigniter4\framework\system\Common.php(1250): CodeIgniter\View\View->render('f_application/a...', Array, true)
#4 C:\xampp\htdocs\inhs\inhsDevFinal\app\Controllers\Application.php(204): view('f_application/a...', Array)
#5 C:\xampp\htdocs\inhs\inhsDevFinal\vendor\codeigniter4\framework\system\CodeIgniter.php(931): App\Controllers\Application->getForm()
#6 C:\xampp\htdocs\inhs\inhsDevFinal\vendor\codeigniter4\framework\system\CodeIgniter.php(439): CodeIgniter\CodeIgniter->runController(Object(App\Controllers\Application))
#7 C:\xampp\htdocs\inhs\inhsDevFinal\vendor\codeigniter4\framework\system\CodeIgniter.php(339): CodeIgniter\CodeIgniter->handleRequest(NULL, Object(Config\Cache), false)
#8 C:\xampp\htdocs\inhs\inhsDevFinal\public\index.php(36): CodeIgniter\CodeIgniter->run()
#9 C:\xampp\htdocs\inhs\inhsDevFinal\vendor\codeigniter4\framework\system\Commands\Server\rewrite.php(45): require_once('C:\\xampp\\htdocs...')
#10 {main}
CRITICAL - 2022-03-03 09:20:17 --> Trying to access array offset on value of type null
#0 C:\xampp\htdocs\inhs\inhsDevFinal\app\Views\f_application\application_header.php(100): CodeIgniter\Debug\Exceptions->errorHandler(2, 'Trying to acces...', 'C:\\xampp\\htdocs...', 100)
#1 C:\xampp\htdocs\inhs\inhsDevFinal\vendor\codeigniter4\framework\system\View\View.php(230): include('C:\\xampp\\htdocs...')
#2 C:\xampp\htdocs\inhs\inhsDevFinal\vendor\codeigniter4\framework\system\View\View.php(232): CodeIgniter\View\View->CodeIgniter\View\{closure}()
#3 C:\xampp\htdocs\inhs\inhsDevFinal\vendor\codeigniter4\framework\system\Common.php(1250): CodeIgniter\View\View->render('f_application/a...', Array, true)
#4 C:\xampp\htdocs\inhs\inhsDevFinal\app\Controllers\Application.php(204): view('f_application/a...', Array)
#5 C:\xampp\htdocs\inhs\inhsDevFinal\vendor\codeigniter4\framework\system\CodeIgniter.php(931): App\Controllers\Application->getForm()
#6 C:\xampp\htdocs\inhs\inhsDevFinal\vendor\codeigniter4\framework\system\CodeIgniter.php(439): CodeIgniter\CodeIgniter->runController(Object(App\Controllers\Application))
#7 C:\xampp\htdocs\inhs\inhsDevFinal\vendor\codeigniter4\framework\system\CodeIgniter.php(339): CodeIgniter\CodeIgniter->handleRequest(NULL, Object(Config\Cache), false)
#8 C:\xampp\htdocs\inhs\inhsDevFinal\public\index.php(36): CodeIgniter\CodeIgniter->run()
#9 C:\xampp\htdocs\inhs\inhsDevFinal\vendor\codeigniter4\framework\system\Commands\Server\rewrite.php(45): require_once('C:\\xampp\\htdocs...')
#10 {main}
CRITICAL - 2022-03-03 18:57:29 --> Trying to access array offset on value of type null
#0 C:\xampp\htdocs\inhs\inhsDevFinal\app\Controllers\Application.php(790): CodeIgniter\Debug\Exceptions->errorHandler(2, 'Trying to acces...', 'C:\\xampp\\htdocs...', 790)
#1 C:\xampp\htdocs\inhs\inhsDevFinal\vendor\codeigniter4\framework\system\CodeIgniter.php(931): App\Controllers\Application->viewAccount()
#2 C:\xampp\htdocs\inhs\inhsDevFinal\vendor\codeigniter4\framework\system\CodeIgniter.php(439): CodeIgniter\CodeIgniter->runController(Object(App\Controllers\Application))
#3 C:\xampp\htdocs\inhs\inhsDevFinal\vendor\codeigniter4\framework\system\CodeIgniter.php(339): CodeIgniter\CodeIgniter->handleRequest(NULL, Object(Config\Cache), false)
#4 C:\xampp\htdocs\inhs\inhsDevFinal\public\index.php(36): CodeIgniter\CodeIgniter->run()
#5 C:\xampp\htdocs\inhs\inhsDevFinal\vendor\codeigniter4\framework\system\Commands\Server\rewrite.php(45): require_once('C:\\xampp\\htdocs...')
#6 {main}
CRITICAL - 2022-03-03 19:19:25 --> Trying to access array offset on value of type null
#0 C:\xampp\htdocs\inhs\inhsDevFinal\app\Views\f_application\application_header.php(100): CodeIgniter\Debug\Exceptions->errorHandler(2, 'Trying to acces...', 'C:\\xampp\\htdocs...', 100)
#1 C:\xampp\htdocs\inhs\inhsDevFinal\vendor\codeigniter4\framework\system\View\View.php(230): include('C:\\xampp\\htdocs...')
#2 C:\xampp\htdocs\inhs\inhsDevFinal\vendor\codeigniter4\framework\system\View\View.php(232): CodeIgniter\View\View->CodeIgniter\View\{closure}()
#3 C:\xampp\htdocs\inhs\inhsDevFinal\vendor\codeigniter4\framework\system\Common.php(1250): CodeIgniter\View\View->render('f_application/a...', Array, true)
#4 C:\xampp\htdocs\inhs\inhsDevFinal\app\Controllers\Application.php(204): view('f_application/a...', Array)
#5 C:\xampp\htdocs\inhs\inhsDevFinal\vendor\codeigniter4\framework\system\CodeIgniter.php(931): App\Controllers\Application->getForm()
#6 C:\xampp\htdocs\inhs\inhsDevFinal\vendor\codeigniter4\framework\system\CodeIgniter.php(439): CodeIgniter\CodeIgniter->runController(Object(App\Controllers\Application))
#7 C:\xampp\htdocs\inhs\inhsDevFinal\vendor\codeigniter4\framework\system\CodeIgniter.php(339): CodeIgniter\CodeIgniter->handleRequest(NULL, Object(Config\Cache), false)
#8 C:\xampp\htdocs\inhs\inhsDevFinal\public\index.php(36): CodeIgniter\CodeIgniter->run()
#9 C:\xampp\htdocs\inhs\inhsDevFinal\vendor\codeigniter4\framework\system\Commands\Server\rewrite.php(45): require_once('C:\\xampp\\htdocs...')
#10 {main}
CRITICAL - 2022-03-03 19:19:26 --> Trying to access array offset on value of type null
#0 C:\xampp\htdocs\inhs\inhsDevFinal\app\Views\f_application\application_header.php(100): CodeIgniter\Debug\Exceptions->errorHandler(2, 'Trying to acces...', 'C:\\xampp\\htdocs...', 100)
#1 C:\xampp\htdocs\inhs\inhsDevFinal\vendor\codeigniter4\framework\system\View\View.php(230): include('C:\\xampp\\htdocs...')
#2 C:\xampp\htdocs\inhs\inhsDevFinal\vendor\codeigniter4\framework\system\View\View.php(232): CodeIgniter\View\View->CodeIgniter\View\{closure}()
#3 C:\xampp\htdocs\inhs\inhsDevFinal\vendor\codeigniter4\framework\system\Common.php(1250): CodeIgniter\View\View->render('f_application/a...', Array, true)
#4 C:\xampp\htdocs\inhs\inhsDevFinal\app\Controllers\Application.php(204): view('f_application/a...', Array)
#5 C:\xampp\htdocs\inhs\inhsDevFinal\vendor\codeigniter4\framework\system\CodeIgniter.php(931): App\Controllers\Application->getForm()
#6 C:\xampp\htdocs\inhs\inhsDevFinal\vendor\codeigniter4\framework\system\CodeIgniter.php(439): CodeIgniter\CodeIgniter->runController(Object(App\Controllers\Application))
#7 C:\xampp\htdocs\inhs\inhsDevFinal\vendor\codeigniter4\framework\system\CodeIgniter.php(339): CodeIgniter\CodeIgniter->handleRequest(NULL, Object(Config\Cache), false)
#8 C:\xampp\htdocs\inhs\inhsDevFinal\public\index.php(36): CodeIgniter\CodeIgniter->run()
#9 C:\xampp\htdocs\inhs\inhsDevFinal\vendor\codeigniter4\framework\system\Commands\Server\rewrite.php(45): require_once('C:\\xampp\\htdocs...')
#10 {main}
CRITICAL - 2022-03-03 19:19:27 --> Trying to access array offset on value of type null
#0 C:\xampp\htdocs\inhs\inhsDevFinal\app\Views\f_application\application_header.php(100): CodeIgniter\Debug\Exceptions->errorHandler(2, 'Trying to acces...', 'C:\\xampp\\htdocs...', 100)
#1 C:\xampp\htdocs\inhs\inhsDevFinal\vendor\codeigniter4\framework\system\View\View.php(230): include('C:\\xampp\\htdocs...')
#2 C:\xampp\htdocs\inhs\inhsDevFinal\vendor\codeigniter4\framework\system\View\View.php(232): CodeIgniter\View\View->CodeIgniter\View\{closure}()
#3 C:\xampp\htdocs\inhs\inhsDevFinal\vendor\codeigniter4\framework\system\Common.php(1250): CodeIgniter\View\View->render('f_application/a...', Array, true)
#4 C:\xampp\htdocs\inhs\inhsDevFinal\app\Controllers\Application.php(204): view('f_application/a...', Array)
#5 C:\xampp\htdocs\inhs\inhsDevFinal\vendor\codeigniter4\framework\system\CodeIgniter.php(931): App\Controllers\Application->getForm()
#6 C:\xampp\htdocs\inhs\inhsDevFinal\vendor\codeigniter4\framework\system\CodeIgniter.php(439): CodeIgniter\CodeIgniter->runController(Object(App\Controllers\Application))
#7 C:\xampp\htdocs\inhs\inhsDevFinal\vendor\codeigniter4\framework\system\CodeIgniter.php(339): CodeIgniter\CodeIgniter->handleRequest(NULL, Object(Config\Cache), false)
#8 C:\xampp\htdocs\inhs\inhsDevFinal\public\index.php(36): CodeIgniter\CodeIgniter->run()
#9 C:\xampp\htdocs\inhs\inhsDevFinal\vendor\codeigniter4\framework\system\Commands\Server\rewrite.php(45): require_once('C:\\xampp\\htdocs...')
#10 {main}
CRITICAL - 2022-03-03 19:19:27 --> Trying to access array offset on value of type null
#0 C:\xampp\htdocs\inhs\inhsDevFinal\app\Views\f_application\application_header.php(100): CodeIgniter\Debug\Exceptions->errorHandler(2, 'Trying to acces...', 'C:\\xampp\\htdocs...', 100)
#1 C:\xampp\htdocs\inhs\inhsDevFinal\vendor\codeigniter4\framework\system\View\View.php(230): include('C:\\xampp\\htdocs...')
#2 C:\xampp\htdocs\inhs\inhsDevFinal\vendor\codeigniter4\framework\system\View\View.php(232): CodeIgniter\View\View->CodeIgniter\View\{closure}()
#3 C:\xampp\htdocs\inhs\inhsDevFinal\vendor\codeigniter4\framework\system\Common.php(1250): CodeIgniter\View\View->render('f_application/a...', Array, true)
#4 C:\xampp\htdocs\inhs\inhsDevFinal\app\Controllers\Application.php(204): view('f_application/a...', Array)
#5 C:\xampp\htdocs\inhs\inhsDevFinal\vendor\codeigniter4\framework\system\CodeIgniter.php(931): App\Controllers\Application->getForm()
#6 C:\xampp\htdocs\inhs\inhsDevFinal\vendor\codeigniter4\framework\system\CodeIgniter.php(439): CodeIgniter\CodeIgniter->runController(Object(App\Controllers\Application))
#7 C:\xampp\htdocs\inhs\inhsDevFinal\vendor\codeigniter4\framework\system\CodeIgniter.php(339): CodeIgniter\CodeIgniter->handleRequest(NULL, Object(Config\Cache), false)
#8 C:\xampp\htdocs\inhs\inhsDevFinal\public\index.php(36): CodeIgniter\CodeIgniter->run()
#9 C:\xampp\htdocs\inhs\inhsDevFinal\vendor\codeigniter4\framework\system\Commands\Server\rewrite.php(45): require_once('C:\\xampp\\htdocs...')
#10 {main}
CRITICAL - 2022-03-03 19:19:28 --> Trying to access array offset on value of type null
#0 C:\xampp\htdocs\inhs\inhsDevFinal\app\Views\f_application\application_header.php(100): CodeIgniter\Debug\Exceptions->errorHandler(2, 'Trying to acces...', 'C:\\xampp\\htdocs...', 100)
#1 C:\xampp\htdocs\inhs\inhsDevFinal\vendor\codeigniter4\framework\system\View\View.php(230): include('C:\\xampp\\htdocs...')
#2 C:\xampp\htdocs\inhs\inhsDevFinal\vendor\codeigniter4\framework\system\View\View.php(232): CodeIgniter\View\View->CodeIgniter\View\{closure}()
#3 C:\xampp\htdocs\inhs\inhsDevFinal\vendor\codeigniter4\framework\system\Common.php(1250): CodeIgniter\View\View->render('f_application/a...', Array, true)
#4 C:\xampp\htdocs\inhs\inhsDevFinal\app\Controllers\Application.php(204): view('f_application/a...', Array)
#5 C:\xampp\htdocs\inhs\inhsDevFinal\vendor\codeigniter4\framework\system\CodeIgniter.php(931): App\Controllers\Application->getForm()
#6 C:\xampp\htdocs\inhs\inhsDevFinal\vendor\codeigniter4\framework\system\CodeIgniter.php(439): CodeIgniter\CodeIgniter->runController(Object(App\Controllers\Application))
#7 C:\xampp\htdocs\inhs\inhsDevFinal\vendor\codeigniter4\framework\system\CodeIgniter.php(339): CodeIgniter\CodeIgniter->handleRequest(NULL, Object(Config\Cache), false)
#8 C:\xampp\htdocs\inhs\inhsDevFinal\public\index.php(36): CodeIgniter\CodeIgniter->run()
#9 C:\xampp\htdocs\inhs\inhsDevFinal\vendor\codeigniter4\framework\system\Commands\Server\rewrite.php(45): require_once('C:\\xampp\\htdocs...')
#10 {main}
CRITICAL - 2022-03-03 19:19:30 --> Trying to access array offset on value of type null
#0 C:\xampp\htdocs\inhs\inhsDevFinal\app\Views\f_application\application_header.php(100): CodeIgniter\Debug\Exceptions->errorHandler(2, 'Trying to acces...', 'C:\\xampp\\htdocs...', 100)
#1 C:\xampp\htdocs\inhs\inhsDevFinal\vendor\codeigniter4\framework\system\View\View.php(230): include('C:\\xampp\\htdocs...')
#2 C:\xampp\htdocs\inhs\inhsDevFinal\vendor\codeigniter4\framework\system\View\View.php(232): CodeIgniter\View\View->CodeIgniter\View\{closure}()
#3 C:\xampp\htdocs\inhs\inhsDevFinal\vendor\codeigniter4\framework\system\Common.php(1250): CodeIgniter\View\View->render('f_application/a...', Array, true)
#4 C:\xampp\htdocs\inhs\inhsDevFinal\app\Controllers\Application.php(204): view('f_application/a...', Array)
#5 C:\xampp\htdocs\inhs\inhsDevFinal\vendor\codeigniter4\framework\system\CodeIgniter.php(931): App\Controllers\Application->getForm()
#6 C:\xampp\htdocs\inhs\inhsDevFinal\vendor\codeigniter4\framework\system\CodeIgniter.php(439): CodeIgniter\CodeIgniter->runController(Object(App\Controllers\Application))
#7 C:\xampp\htdocs\inhs\inhsDevFinal\vendor\codeigniter4\framework\system\CodeIgniter.php(339): CodeIgniter\CodeIgniter->handleRequest(NULL, Object(Config\Cache), false)
#8 C:\xampp\htdocs\inhs\inhsDevFinal\public\index.php(36): CodeIgniter\CodeIgniter->run()
#9 C:\xampp\htdocs\inhs\inhsDevFinal\vendor\codeigniter4\framework\system\Commands\Server\rewrite.php(45): require_once('C:\\xampp\\htdocs...')
#10 {main}
CRITICAL - 2022-03-03 19:19:30 --> Trying to access array offset on value of type null
#0 C:\xampp\htdocs\inhs\inhsDevFinal\app\Views\f_application\application_header.php(100): CodeIgniter\Debug\Exceptions->errorHandler(2, 'Trying to acces...', 'C:\\xampp\\htdocs...', 100)
#1 C:\xampp\htdocs\inhs\inhsDevFinal\vendor\codeigniter4\framework\system\View\View.php(230): include('C:\\xampp\\htdocs...')
#2 C:\xampp\htdocs\inhs\inhsDevFinal\vendor\codeigniter4\framework\system\View\View.php(232): CodeIgniter\View\View->CodeIgniter\View\{closure}()
#3 C:\xampp\htdocs\inhs\inhsDevFinal\vendor\codeigniter4\framework\system\Common.php(1250): CodeIgniter\View\View->render('f_application/a...', Array, true)
#4 C:\xampp\htdocs\inhs\inhsDevFinal\app\Controllers\Application.php(204): view('f_application/a...', Array)
#5 C:\xampp\htdocs\inhs\inhsDevFinal\vendor\codeigniter4\framework\system\CodeIgniter.php(931): App\Controllers\Application->getForm()
#6 C:\xampp\htdocs\inhs\inhsDevFinal\vendor\codeigniter4\framework\system\CodeIgniter.php(439): CodeIgniter\CodeIgniter->runController(Object(App\Controllers\Application))
#7 C:\xampp\htdocs\inhs\inhsDevFinal\vendor\codeigniter4\framework\system\CodeIgniter.php(339): CodeIgniter\CodeIgniter->handleRequest(NULL, Object(Config\Cache), false)
#8 C:\xampp\htdocs\inhs\inhsDevFinal\public\index.php(36): CodeIgniter\CodeIgniter->run()
#9 C:\xampp\htdocs\inhs\inhsDevFinal\vendor\codeigniter4\framework\system\Commands\Server\rewrite.php(45): require_once('C:\\xampp\\htdocs...')
#10 {main}
CRITICAL - 2022-03-03 19:19:30 --> Trying to access array offset on value of type null
#0 C:\xampp\htdocs\inhs\inhsDevFinal\app\Views\f_application\application_header.php(100): CodeIgniter\Debug\Exceptions->errorHandler(2, 'Trying to acces...', 'C:\\xampp\\htdocs...', 100)
#1 C:\xampp\htdocs\inhs\inhsDevFinal\vendor\codeigniter4\framework\system\View\View.php(230): include('C:\\xampp\\htdocs...')
#2 C:\xampp\htdocs\inhs\inhsDevFinal\vendor\codeigniter4\framework\system\View\View.php(232): CodeIgniter\View\View->CodeIgniter\View\{closure}()
#3 C:\xampp\htdocs\inhs\inhsDevFinal\vendor\codeigniter4\framework\system\Common.php(1250): CodeIgniter\View\View->render('f_application/a...', Array, true)
#4 C:\xampp\htdocs\inhs\inhsDevFinal\app\Controllers\Application.php(204): view('f_application/a...', Array)
#5 C:\xampp\htdocs\inhs\inhsDevFinal\vendor\codeigniter4\framework\system\CodeIgniter.php(931): App\Controllers\Application->getForm()
#6 C:\xampp\htdocs\inhs\inhsDevFinal\vendor\codeigniter4\framework\system\CodeIgniter.php(439): CodeIgniter\CodeIgniter->runController(Object(App\Controllers\Application))
#7 C:\xampp\htdocs\inhs\inhsDevFinal\vendor\codeigniter4\framework\system\CodeIgniter.php(339): CodeIgniter\CodeIgniter->handleRequest(NULL, Object(Config\Cache), false)
#8 C:\xampp\htdocs\inhs\inhsDevFinal\public\index.php(36): CodeIgniter\CodeIgniter->run()
#9 C:\xampp\htdocs\inhs\inhsDevFinal\vendor\codeigniter4\framework\system\Commands\Server\rewrite.php(45): require_once('C:\\xampp\\htdocs...')
#10 {main}
CRITICAL - 2022-03-03 19:19:31 --> Trying to access array offset on value of type null
#0 C:\xampp\htdocs\inhs\inhsDevFinal\app\Views\f_application\application_header.php(100): CodeIgniter\Debug\Exceptions->errorHandler(2, 'Trying to acces...', 'C:\\xampp\\htdocs...', 100)
#1 C:\xampp\htdocs\inhs\inhsDevFinal\vendor\codeigniter4\framework\system\View\View.php(230): include('C:\\xampp\\htdocs...')
#2 C:\xampp\htdocs\inhs\inhsDevFinal\vendor\codeigniter4\framework\system\View\View.php(232): CodeIgniter\View\View->CodeIgniter\View\{closure}()
#3 C:\xampp\htdocs\inhs\inhsDevFinal\vendor\codeigniter4\framework\system\Common.php(1250): CodeIgniter\View\View->render('f_application/a...', Array, true)
#4 C:\xampp\htdocs\inhs\inhsDevFinal\app\Controllers\Application.php(204): view('f_application/a...', Array)
#5 C:\xampp\htdocs\inhs\inhsDevFinal\vendor\codeigniter4\framework\system\CodeIgniter.php(931): App\Controllers\Application->getForm()
#6 C:\xampp\htdocs\inhs\inhsDevFinal\vendor\codeigniter4\framework\system\CodeIgniter.php(439): CodeIgniter\CodeIgniter->runController(Object(App\Controllers\Application))
#7 C:\xampp\htdocs\inhs\inhsDevFinal\vendor\codeigniter4\framework\system\CodeIgniter.php(339): CodeIgniter\CodeIgniter->handleRequest(NULL, Object(Config\Cache), false)
#8 C:\xampp\htdocs\inhs\inhsDevFinal\public\index.php(36): CodeIgniter\CodeIgniter->run()
#9 C:\xampp\htdocs\inhs\inhsDevFinal\vendor\codeigniter4\framework\system\Commands\Server\rewrite.php(45): require_once('C:\\xampp\\htdocs...')
#10 {main}
CRITICAL - 2022-03-03 19:19:31 --> Trying to access array offset on value of type null
#0 C:\xampp\htdocs\inhs\inhsDevFinal\app\Views\f_application\application_header.php(100): CodeIgniter\Debug\Exceptions->errorHandler(2, 'Trying to acces...', 'C:\\xampp\\htdocs...', 100)
#1 C:\xampp\htdocs\inhs\inhsDevFinal\vendor\codeigniter4\framework\system\View\View.php(230): include('C:\\xampp\\htdocs...')
#2 C:\xampp\htdocs\inhs\inhsDevFinal\vendor\codeigniter4\framework\system\View\View.php(232): CodeIgniter\View\View->CodeIgniter\View\{closure}()
#3 C:\xampp\htdocs\inhs\inhsDevFinal\vendor\codeigniter4\framework\system\Common.php(1250): CodeIgniter\View\View->render('f_application/a...', Array, true)
#4 C:\xampp\htdocs\inhs\inhsDevFinal\app\Controllers\Application.php(204): view('f_application/a...', Array)
#5 C:\xampp\htdocs\inhs\inhsDevFinal\vendor\codeigniter4\framework\system\CodeIgniter.php(931): App\Controllers\Application->getForm()
#6 C:\xampp\htdocs\inhs\inhsDevFinal\vendor\codeigniter4\framework\system\CodeIgniter.php(439): CodeIgniter\CodeIgniter->runController(Object(App\Controllers\Application))
#7 C:\xampp\htdocs\inhs\inhsDevFinal\vendor\codeigniter4\framework\system\CodeIgniter.php(339): CodeIgniter\CodeIgniter->handleRequest(NULL, Object(Config\Cache), false)
#8 C:\xampp\htdocs\inhs\inhsDevFinal\public\index.php(36): CodeIgniter\CodeIgniter->run()
#9 C:\xampp\htdocs\inhs\inhsDevFinal\vendor\codeigniter4\framework\system\Commands\Server\rewrite.php(45): require_once('C:\\xampp\\htdocs...')
#10 {main}
CRITICAL - 2022-03-03 19:19:31 --> Trying to access array offset on value of type null
#0 C:\xampp\htdocs\inhs\inhsDevFinal\app\Views\f_application\application_header.php(100): CodeIgniter\Debug\Exceptions->errorHandler(2, 'Trying to acces...', 'C:\\xampp\\htdocs...', 100)
#1 C:\xampp\htdocs\inhs\inhsDevFinal\vendor\codeigniter4\framework\system\View\View.php(230): include('C:\\xampp\\htdocs...')
#2 C:\xampp\htdocs\inhs\inhsDevFinal\vendor\codeigniter4\framework\system\View\View.php(232): CodeIgniter\View\View->CodeIgniter\View\{closure}()
#3 C:\xampp\htdocs\inhs\inhsDevFinal\vendor\codeigniter4\framework\system\Common.php(1250): CodeIgniter\View\View->render('f_application/a...', Array, true)
#4 C:\xampp\htdocs\inhs\inhsDevFinal\app\Controllers\Application.php(204): view('f_application/a...', Array)
#5 C:\xampp\htdocs\inhs\inhsDevFinal\vendor\codeigniter4\framework\system\CodeIgniter.php(931): App\Controllers\Application->getForm()
#6 C:\xampp\htdocs\inhs\inhsDevFinal\vendor\codeigniter4\framework\system\CodeIgniter.php(439): CodeIgniter\CodeIgniter->runController(Object(App\Controllers\Application))
#7 C:\xampp\htdocs\inhs\inhsDevFinal\vendor\codeigniter4\framework\system\CodeIgniter.php(339): CodeIgniter\CodeIgniter->handleRequest(NULL, Object(Config\Cache), false)
#8 C:\xampp\htdocs\inhs\inhsDevFinal\public\index.php(36): CodeIgniter\CodeIgniter->run()
#9 C:\xampp\htdocs\inhs\inhsDevFinal\vendor\codeigniter4\framework\system\Commands\Server\rewrite.php(45): require_once('C:\\xampp\\htdocs...')
#10 {main}
CRITICAL - 2022-03-03 19:19:32 --> Trying to access array offset on value of type null
#0 C:\xampp\htdocs\inhs\inhsDevFinal\app\Views\f_application\application_header.php(100): CodeIgniter\Debug\Exceptions->errorHandler(2, 'Trying to acces...', 'C:\\xampp\\htdocs...', 100)
#1 C:\xampp\htdocs\inhs\inhsDevFinal\vendor\codeigniter4\framework\system\View\View.php(230): include('C:\\xampp\\htdocs...')
#2 C:\xampp\htdocs\inhs\inhsDevFinal\vendor\codeigniter4\framework\system\View\View.php(232): CodeIgniter\View\View->CodeIgniter\View\{closure}()
#3 C:\xampp\htdocs\inhs\inhsDevFinal\vendor\codeigniter4\framework\system\Common.php(1250): CodeIgniter\View\View->render('f_application/a...', Array, true)
#4 C:\xampp\htdocs\inhs\inhsDevFinal\app\Controllers\Application.php(204): view('f_application/a...', Array)
#5 C:\xampp\htdocs\inhs\inhsDevFinal\vendor\codeigniter4\framework\system\CodeIgniter.php(931): App\Controllers\Application->getForm()
#6 C:\xampp\htdocs\inhs\inhsDevFinal\vendor\codeigniter4\framework\system\CodeIgniter.php(439): CodeIgniter\CodeIgniter->runController(Object(App\Controllers\Application))
#7 C:\xampp\htdocs\inhs\inhsDevFinal\vendor\codeigniter4\framework\system\CodeIgniter.php(339): CodeIgniter\CodeIgniter->handleRequest(NULL, Object(Config\Cache), false)
#8 C:\xampp\htdocs\inhs\inhsDevFinal\public\index.php(36): CodeIgniter\CodeIgniter->run()
#9 C:\xampp\htdocs\inhs\inhsDevFinal\vendor\codeigniter4\framework\system\Commands\Server\rewrite.php(45): require_once('C:\\xampp\\htdocs...')
#10 {main}
CRITICAL - 2022-03-03 20:10:40 --> Trying to access array offset on value of type null
#0 C:\xampp\htdocs\inhs\inhsDevFinal\app\Views\f_application\application_header.php(100): CodeIgniter\Debug\Exceptions->errorHandler(2, 'Trying to acces...', 'C:\\xampp\\htdocs...', 100)
#1 C:\xampp\htdocs\inhs\inhsDevFinal\vendor\codeigniter4\framework\system\View\View.php(230): include('C:\\xampp\\htdocs...')
#2 C:\xampp\htdocs\inhs\inhsDevFinal\vendor\codeigniter4\framework\system\View\View.php(232): CodeIgniter\View\View->CodeIgniter\View\{closure}()
#3 C:\xampp\htdocs\inhs\inhsDevFinal\vendor\codeigniter4\framework\system\Common.php(1250): CodeIgniter\View\View->render('f_application/a...', Array, true)
#4 C:\xampp\htdocs\inhs\inhsDevFinal\app\Controllers\Application.php(204): view('f_application/a...', Array)
#5 C:\xampp\htdocs\inhs\inhsDevFinal\vendor\codeigniter4\framework\system\CodeIgniter.php(931): App\Controllers\Application->getForm()
#6 C:\xampp\htdocs\inhs\inhsDevFinal\vendor\codeigniter4\framework\system\CodeIgniter.php(439): CodeIgniter\CodeIgniter->runController(Object(App\Controllers\Application))
#7 C:\xampp\htdocs\inhs\inhsDevFinal\vendor\codeigniter4\framework\system\CodeIgniter.php(339): CodeIgniter\CodeIgniter->handleRequest(NULL, Object(Config\Cache), false)
#8 C:\xampp\htdocs\inhs\inhsDevFinal\public\index.php(36): CodeIgniter\CodeIgniter->run()
#9 C:\xampp\htdocs\inhs\inhsDevFinal\vendor\codeigniter4\framework\system\Commands\Server\rewrite.php(45): require_once('C:\\xampp\\htdocs...')
#10 {main}
CRITICAL - 2022-03-03 20:18:39 --> Trying to access array offset on value of type null
#0 C:\xampp\htdocs\inhs\inhsDevFinal\app\Views\f_application\application_header.php(100): CodeIgniter\Debug\Exceptions->errorHandler(2, 'Trying to acces...', 'C:\\xampp\\htdocs...', 100)
#1 C:\xampp\htdocs\inhs\inhsDevFinal\vendor\codeigniter4\framework\system\View\View.php(230): include('C:\\xampp\\htdocs...')
#2 C:\xampp\htdocs\inhs\inhsDevFinal\vendor\codeigniter4\framework\system\View\View.php(232): CodeIgniter\View\View->CodeIgniter\View\{closure}()
#3 C:\xampp\htdocs\inhs\inhsDevFinal\vendor\codeigniter4\framework\system\Common.php(1250): CodeIgniter\View\View->render('f_application/a...', Array, true)
#4 C:\xampp\htdocs\inhs\inhsDevFinal\app\Controllers\Application.php(204): view('f_application/a...', Array)
#5 C:\xampp\htdocs\inhs\inhsDevFinal\vendor\codeigniter4\framework\system\CodeIgniter.php(931): App\Controllers\Application->getForm()
#6 C:\xampp\htdocs\inhs\inhsDevFinal\vendor\codeigniter4\framework\system\CodeIgniter.php(439): CodeIgniter\CodeIgniter->runController(Object(App\Controllers\Application))
#7 C:\xampp\htdocs\inhs\inhsDevFinal\vendor\codeigniter4\framework\system\CodeIgniter.php(339): CodeIgniter\CodeIgniter->handleRequest(NULL, Object(Config\Cache), false)
#8 C:\xampp\htdocs\inhs\inhsDevFinal\public\index.php(36): CodeIgniter\CodeIgniter->run()
#9 C:\xampp\htdocs\inhs\inhsDevFinal\vendor\codeigniter4\framework\system\Commands\Server\rewrite.php(45): require_once('C:\\xampp\\htdocs...')
#10 {main}
CRITICAL - 2022-03-03 20:22:16 --> Trying to access array offset on value of type null
#0 C:\xampp\htdocs\inhs\inhsDevFinal\app\Views\f_application\application_header.php(100): CodeIgniter\Debug\Exceptions->errorHandler(2, 'Trying to acces...', 'C:\\xampp\\htdocs...', 100)
#1 C:\xampp\htdocs\inhs\inhsDevFinal\vendor\codeigniter4\framework\system\View\View.php(230): include('C:\\xampp\\htdocs...')
#2 C:\xampp\htdocs\inhs\inhsDevFinal\vendor\codeigniter4\framework\system\View\View.php(232): CodeIgniter\View\View->CodeIgniter\View\{closure}()
#3 C:\xampp\htdocs\inhs\inhsDevFinal\vendor\codeigniter4\framework\system\Common.php(1250): CodeIgniter\View\View->render('f_application/a...', Array, true)
#4 C:\xampp\htdocs\inhs\inhsDevFinal\app\Controllers\Application.php(204): view('f_application/a...', Array)
#5 C:\xampp\htdocs\inhs\inhsDevFinal\vendor\codeigniter4\framework\system\CodeIgniter.php(931): App\Controllers\Application->getForm()
#6 C:\xampp\htdocs\inhs\inhsDevFinal\vendor\codeigniter4\framework\system\CodeIgniter.php(439): CodeIgniter\CodeIgniter->runController(Object(App\Controllers\Application))
#7 C:\xampp\htdocs\inhs\inhsDevFinal\vendor\codeigniter4\framework\system\CodeIgniter.php(339): CodeIgniter\CodeIgniter->handleRequest(NULL, Object(Config\Cache), false)
#8 C:\xampp\htdocs\inhs\inhsDevFinal\public\index.php(36): CodeIgniter\CodeIgniter->run()
#9 C:\xampp\htdocs\inhs\inhsDevFinal\vendor\codeigniter4\framework\system\Commands\Server\rewrite.php(45): require_once('C:\\xampp\\htdocs...')
#10 {main}
CRITICAL - 2022-03-03 20:28:44 --> Trying to access array offset on value of type null
#0 C:\xampp\htdocs\inhs\inhsDevFinal\app\Views\f_application\application_header.php(100): CodeIgniter\Debug\Exceptions->errorHandler(2, 'Trying to acces...', 'C:\\xampp\\htdocs...', 100)
#1 C:\xampp\htdocs\inhs\inhsDevFinal\vendor\codeigniter4\framework\system\View\View.php(230): include('C:\\xampp\\htdocs...')
#2 C:\xampp\htdocs\inhs\inhsDevFinal\vendor\codeigniter4\framework\system\View\View.php(232): CodeIgniter\View\View->CodeIgniter\View\{closure}()
#3 C:\xampp\htdocs\inhs\inhsDevFinal\vendor\codeigniter4\framework\system\Common.php(1250): CodeIgniter\View\View->render('f_application/a...', Array, true)
#4 C:\xampp\htdocs\inhs\inhsDevFinal\app\Controllers\Application.php(204): view('f_application/a...', Array)
#5 C:\xampp\htdocs\inhs\inhsDevFinal\vendor\codeigniter4\framework\system\CodeIgniter.php(931): App\Controllers\Application->getForm()
#6 C:\xampp\htdocs\inhs\inhsDevFinal\vendor\codeigniter4\framework\system\CodeIgniter.php(439): CodeIgniter\CodeIgniter->runController(Object(App\Controllers\Application))
#7 C:\xampp\htdocs\inhs\inhsDevFinal\vendor\codeigniter4\framework\system\CodeIgniter.php(339): CodeIgniter\CodeIgniter->handleRequest(NULL, Object(Config\Cache), false)
#8 C:\xampp\htdocs\inhs\inhsDevFinal\public\index.php(36): CodeIgniter\CodeIgniter->run()
#9 C:\xampp\htdocs\inhs\inhsDevFinal\vendor\codeigniter4\framework\system\Commands\Server\rewrite.php(45): require_once('C:\\xampp\\htdocs...')
#10 {main}
CRITICAL - 2022-03-03 20:28:47 --> Trying to access array offset on value of type null
#0 C:\xampp\htdocs\inhs\inhsDevFinal\app\Views\f_application\application_header.php(100): CodeIgniter\Debug\Exceptions->errorHandler(2, 'Trying to acces...', 'C:\\xampp\\htdocs...', 100)
#1 C:\xampp\htdocs\inhs\inhsDevFinal\vendor\codeigniter4\framework\system\View\View.php(230): include('C:\\xampp\\htdocs...')
#2 C:\xampp\htdocs\inhs\inhsDevFinal\vendor\codeigniter4\framework\system\View\View.php(232): CodeIgniter\View\View->CodeIgniter\View\{closure}()
#3 C:\xampp\htdocs\inhs\inhsDevFinal\vendor\codeigniter4\framework\system\Common.php(1250): CodeIgniter\View\View->render('f_application/a...', Array, true)
#4 C:\xampp\htdocs\inhs\inhsDevFinal\app\Controllers\Application.php(204): view('f_application/a...', Array)
#5 C:\xampp\htdocs\inhs\inhsDevFinal\vendor\codeigniter4\framework\system\CodeIgniter.php(931): App\Controllers\Application->getForm()
#6 C:\xampp\htdocs\inhs\inhsDevFinal\vendor\codeigniter4\framework\system\CodeIgniter.php(439): CodeIgniter\CodeIgniter->runController(Object(App\Controllers\Application))
#7 C:\xampp\htdocs\inhs\inhsDevFinal\vendor\codeigniter4\framework\system\CodeIgniter.php(339): CodeIgniter\CodeIgniter->handleRequest(NULL, Object(Config\Cache), false)
#8 C:\xampp\htdocs\inhs\inhsDevFinal\public\index.php(36): CodeIgniter\CodeIgniter->run()
#9 C:\xampp\htdocs\inhs\inhsDevFinal\vendor\codeigniter4\framework\system\Commands\Server\rewrite.php(45): require_once('C:\\xampp\\htdocs...')
#10 {main}
CRITICAL - 2022-03-03 20:29:49 --> Trying to access array offset on value of type null
#0 C:\xampp\htdocs\inhs\inhsDevFinal\app\Controllers\Application.php(681): CodeIgniter\Debug\Exceptions->errorHandler(2, 'Trying to acces...', 'C:\\xampp\\htdocs...', 681)
#1 C:\xampp\htdocs\inhs\inhsDevFinal\vendor\codeigniter4\framework\system\CodeIgniter.php(931): App\Controllers\Application->viewUploads()
#2 C:\xampp\htdocs\inhs\inhsDevFinal\vendor\codeigniter4\framework\system\CodeIgniter.php(439): CodeIgniter\CodeIgniter->runController(Object(App\Controllers\Application))
#3 C:\xampp\htdocs\inhs\inhsDevFinal\vendor\codeigniter4\framework\system\CodeIgniter.php(339): CodeIgniter\CodeIgniter->handleRequest(NULL, Object(Config\Cache), false)
#4 C:\xampp\htdocs\inhs\inhsDevFinal\public\index.php(36): CodeIgniter\CodeIgniter->run()
#5 C:\xampp\htdocs\inhs\inhsDevFinal\vendor\codeigniter4\framework\system\Commands\Server\rewrite.php(45): require_once('C:\\xampp\\htdocs...')
#6 {main}
CRITICAL - 2022-03-03 20:29:49 --> Trying to access array offset on value of type null
#0 C:\xampp\htdocs\inhs\inhsDevFinal\app\Controllers\Application.php(681): CodeIgniter\Debug\Exceptions->errorHandler(2, 'Trying to acces...', 'C:\\xampp\\htdocs...', 681)
#1 C:\xampp\htdocs\inhs\inhsDevFinal\vendor\codeigniter4\framework\system\CodeIgniter.php(931): App\Controllers\Application->viewUploads()
#2 C:\xampp\htdocs\inhs\inhsDevFinal\vendor\codeigniter4\framework\system\CodeIgniter.php(439): CodeIgniter\CodeIgniter->runController(Object(App\Controllers\Application))
#3 C:\xampp\htdocs\inhs\inhsDevFinal\vendor\codeigniter4\framework\system\CodeIgniter.php(339): CodeIgniter\CodeIgniter->handleRequest(NULL, Object(Config\Cache), false)
#4 C:\xampp\htdocs\inhs\inhsDevFinal\public\index.php(36): CodeIgniter\CodeIgniter->run()
#5 C:\xampp\htdocs\inhs\inhsDevFinal\vendor\codeigniter4\framework\system\Commands\Server\rewrite.php(45): require_once('C:\\xampp\\htdocs...')
#6 {main}
CRITICAL - 2022-03-03 20:29:50 --> Trying to access array offset on value of type null
#0 C:\xampp\htdocs\inhs\inhsDevFinal\app\Controllers\Application.php(681): CodeIgniter\Debug\Exceptions->errorHandler(2, 'Trying to acces...', 'C:\\xampp\\htdocs...', 681)
#1 C:\xampp\htdocs\inhs\inhsDevFinal\vendor\codeigniter4\framework\system\CodeIgniter.php(931): App\Controllers\Application->viewUploads()
#2 C:\xampp\htdocs\inhs\inhsDevFinal\vendor\codeigniter4\framework\system\CodeIgniter.php(439): CodeIgniter\CodeIgniter->runController(Object(App\Controllers\Application))
#3 C:\xampp\htdocs\inhs\inhsDevFinal\vendor\codeigniter4\framework\system\CodeIgniter.php(339): CodeIgniter\CodeIgniter->handleRequest(NULL, Object(Config\Cache), false)
#4 C:\xampp\htdocs\inhs\inhsDevFinal\public\index.php(36): CodeIgniter\CodeIgniter->run()
#5 C:\xampp\htdocs\inhs\inhsDevFinal\vendor\codeigniter4\framework\system\Commands\Server\rewrite.php(45): require_once('C:\\xampp\\htdocs...')
#6 {main}
CRITICAL - 2022-03-03 20:29:52 --> Trying to access array offset on value of type null
#0 C:\xampp\htdocs\inhs\inhsDevFinal\app\Controllers\Application.php(681): CodeIgniter\Debug\Exceptions->errorHandler(2, 'Trying to acces...', 'C:\\xampp\\htdocs...', 681)
#1 C:\xampp\htdocs\inhs\inhsDevFinal\vendor\codeigniter4\framework\system\CodeIgniter.php(931): App\Controllers\Application->viewUploads()
#2 C:\xampp\htdocs\inhs\inhsDevFinal\vendor\codeigniter4\framework\system\CodeIgniter.php(439): CodeIgniter\CodeIgniter->runController(Object(App\Controllers\Application))
#3 C:\xampp\htdocs\inhs\inhsDevFinal\vendor\codeigniter4\framework\system\CodeIgniter.php(339): CodeIgniter\CodeIgniter->handleRequest(NULL, Object(Config\Cache), false)
#4 C:\xampp\htdocs\inhs\inhsDevFinal\public\index.php(36): CodeIgniter\CodeIgniter->run()
#5 C:\xampp\htdocs\inhs\inhsDevFinal\vendor\codeigniter4\framework\system\Commands\Server\rewrite.php(45): require_once('C:\\xampp\\htdocs...')
#6 {main}
CRITICAL - 2022-03-03 21:37:29 --> Trying to access array offset on value of type null
#0 C:\xampp\htdocs\inhs\inhsDevFinal\app\Controllers\Admission.php(95): CodeIgniter\Debug\Exceptions->errorHandler(2, 'Trying to acces...', 'C:\\xampp\\htdocs...', 95)
#1 C:\xampp\htdocs\inhs\inhsDevFinal\vendor\codeigniter4\framework\system\CodeIgniter.php(931): App\Controllers\Admission->captcha_verify()
#2 C:\xampp\htdocs\inhs\inhsDevFinal\vendor\codeigniter4\framework\system\CodeIgniter.php(439): CodeIgniter\CodeIgniter->runController(Object(App\Controllers\Admission))
#3 C:\xampp\htdocs\inhs\inhsDevFinal\vendor\codeigniter4\framework\system\CodeIgniter.php(339): CodeIgniter\CodeIgniter->handleRequest(NULL, Object(Config\Cache), false)
#4 C:\xampp\htdocs\inhs\inhsDevFinal\public\index.php(36): CodeIgniter\CodeIgniter->run()
#5 C:\xampp\htdocs\inhs\inhsDevFinal\vendor\codeigniter4\framework\system\Commands\Server\rewrite.php(45): require_once('C:\\xampp\\htdocs...')
#6 {main}
CRITICAL - 2022-03-03 21:37:45 --> Trying to access array offset on value of type null
#0 C:\xampp\htdocs\inhs\inhsDevFinal\app\Controllers\Admission.php(95): CodeIgniter\Debug\Exceptions->errorHandler(2, 'Trying to acces...', 'C:\\xampp\\htdocs...', 95)
#1 C:\xampp\htdocs\inhs\inhsDevFinal\vendor\codeigniter4\framework\system\CodeIgniter.php(931): App\Controllers\Admission->captcha_verify()
#2 C:\xampp\htdocs\inhs\inhsDevFinal\vendor\codeigniter4\framework\system\CodeIgniter.php(439): CodeIgniter\CodeIgniter->runController(Object(App\Controllers\Admission))
#3 C:\xampp\htdocs\inhs\inhsDevFinal\vendor\codeigniter4\framework\system\CodeIgniter.php(339): CodeIgniter\CodeIgniter->handleRequest(NULL, Object(Config\Cache), false)
#4 C:\xampp\htdocs\inhs\inhsDevFinal\public\index.php(36): CodeIgniter\CodeIgniter->run()
#5 C:\xampp\htdocs\inhs\inhsDevFinal\vendor\codeigniter4\framework\system\Commands\Server\rewrite.php(45): require_once('C:\\xampp\\htdocs...')
#6 {main}
CRITICAL - 2022-03-03 21:38:37 --> Trying to access array offset on value of type null
#0 C:\xampp\htdocs\inhs\inhsDevFinal\app\Controllers\Admission.php(95): CodeIgniter\Debug\Exceptions->errorHandler(2, 'Trying to acces...', 'C:\\xampp\\htdocs...', 95)
#1 C:\xampp\htdocs\inhs\inhsDevFinal\vendor\codeigniter4\framework\system\CodeIgniter.php(931): App\Controllers\Admission->captcha_verify()
#2 C:\xampp\htdocs\inhs\inhsDevFinal\vendor\codeigniter4\framework\system\CodeIgniter.php(439): CodeIgniter\CodeIgniter->runController(Object(App\Controllers\Admission))
#3 C:\xampp\htdocs\inhs\inhsDevFinal\vendor\codeigniter4\framework\system\CodeIgniter.php(339): CodeIgniter\CodeIgniter->handleRequest(NULL, Object(Config\Cache), false)
#4 C:\xampp\htdocs\inhs\inhsDevFinal\public\index.php(36): CodeIgniter\CodeIgniter->run()
#5 C:\xampp\htdocs\inhs\inhsDevFinal\vendor\codeigniter4\framework\system\Commands\Server\rewrite.php(45): require_once('C:\\xampp\\htdocs...')
#6 {main}
CRITICAL - 2022-03-03 21:39:13 --> Trying to access array offset on value of type null
#0 C:\xampp\htdocs\inhs\inhsDevFinal\app\Controllers\Admission.php(95): CodeIgniter\Debug\Exceptions->errorHandler(2, 'Trying to acces...', 'C:\\xampp\\htdocs...', 95)
#1 C:\xampp\htdocs\inhs\inhsDevFinal\vendor\codeigniter4\framework\system\CodeIgniter.php(931): App\Controllers\Admission->captcha_verify()
#2 C:\xampp\htdocs\inhs\inhsDevFinal\vendor\codeigniter4\framework\system\CodeIgniter.php(439): CodeIgniter\CodeIgniter->runController(Object(App\Controllers\Admission))
#3 C:\xampp\htdocs\inhs\inhsDevFinal\vendor\codeigniter4\framework\system\CodeIgniter.php(339): CodeIgniter\CodeIgniter->handleRequest(NULL, Object(Config\Cache), false)
#4 C:\xampp\htdocs\inhs\inhsDevFinal\public\index.php(36): CodeIgniter\CodeIgniter->run()
#5 C:\xampp\htdocs\inhs\inhsDevFinal\vendor\codeigniter4\framework\system\Commands\Server\rewrite.php(45): require_once('C:\\xampp\\htdocs...')
#6 {main}
CRITICAL - 2022-03-03 21:40:15 --> Trying to access array offset on value of type null
#0 C:\xampp\htdocs\inhs\inhsDevFinal\app\Controllers\Admission.php(95): CodeIgniter\Debug\Exceptions->errorHandler(2, 'Trying to acces...', 'C:\\xampp\\htdocs...', 95)
#1 C:\xampp\htdocs\inhs\inhsDevFinal\vendor\codeigniter4\framework\system\CodeIgniter.php(931): App\Controllers\Admission->captcha_verify()
#2 C:\xampp\htdocs\inhs\inhsDevFinal\vendor\codeigniter4\framework\system\CodeIgniter.php(439): CodeIgniter\CodeIgniter->runController(Object(App\Controllers\Admission))
#3 C:\xampp\htdocs\inhs\inhsDevFinal\vendor\codeigniter4\framework\system\CodeIgniter.php(339): CodeIgniter\CodeIgniter->handleRequest(NULL, Object(Config\Cache), false)
#4 C:\xampp\htdocs\inhs\inhsDevFinal\public\index.php(36): CodeIgniter\CodeIgniter->run()
#5 C:\xampp\htdocs\inhs\inhsDevFinal\vendor\codeigniter4\framework\system\Commands\Server\rewrite.php(45): require_once('C:\\xampp\\htdocs...')
#6 {main}
CRITICAL - 2022-03-03 21:42:27 --> Trying to access array offset on value of type null
#0 C:\xampp\htdocs\inhs\inhsDevFinal\app\Views\f_application\application_header.php(100): CodeIgniter\Debug\Exceptions->errorHandler(2, 'Trying to acces...', 'C:\\xampp\\htdocs...', 100)
#1 C:\xampp\htdocs\inhs\inhsDevFinal\vendor\codeigniter4\framework\system\View\View.php(230): include('C:\\xampp\\htdocs...')
#2 C:\xampp\htdocs\inhs\inhsDevFinal\vendor\codeigniter4\framework\system\View\View.php(232): CodeIgniter\View\View->CodeIgniter\View\{closure}()
#3 C:\xampp\htdocs\inhs\inhsDevFinal\vendor\codeigniter4\framework\system\Common.php(1250): CodeIgniter\View\View->render('f_application/a...', Array, true)
#4 C:\xampp\htdocs\inhs\inhsDevFinal\app\Controllers\Application.php(204): view('f_application/a...', Array)
#5 C:\xampp\htdocs\inhs\inhsDevFinal\vendor\codeigniter4\framework\system\CodeIgniter.php(931): App\Controllers\Application->getForm()
#6 C:\xampp\htdocs\inhs\inhsDevFinal\vendor\codeigniter4\framework\system\CodeIgniter.php(439): CodeIgniter\CodeIgniter->runController(Object(App\Controllers\Application))
#7 C:\xampp\htdocs\inhs\inhsDevFinal\vendor\codeigniter4\framework\system\CodeIgniter.php(339): CodeIgniter\CodeIgniter->handleRequest(NULL, Object(Config\Cache), false)
#8 C:\xampp\htdocs\inhs\inhsDevFinal\public\index.php(36): CodeIgniter\CodeIgniter->run()
#9 C:\xampp\htdocs\inhs\inhsDevFinal\vendor\codeigniter4\framework\system\Commands\Server\rewrite.php(45): require_once('C:\\xampp\\htdocs...')
#10 {main}
CRITICAL - 2022-03-03 21:56:39 --> Trying to access array offset on value of type null
#0 C:\xampp\htdocs\inhs\inhsDevFinal\app\Controllers\Admission.php(95): CodeIgniter\Debug\Exceptions->errorHandler(2, 'Trying to acces...', 'C:\\xampp\\htdocs...', 95)
#1 C:\xampp\htdocs\inhs\inhsDevFinal\vendor\codeigniter4\framework\system\CodeIgniter.php(931): App\Controllers\Admission->captcha_verify()
#2 C:\xampp\htdocs\inhs\inhsDevFinal\vendor\codeigniter4\framework\system\CodeIgniter.php(439): CodeIgniter\CodeIgniter->runController(Object(App\Controllers\Admission))
#3 C:\xampp\htdocs\inhs\inhsDevFinal\vendor\codeigniter4\framework\system\CodeIgniter.php(339): CodeIgniter\CodeIgniter->handleRequest(NULL, Object(Config\Cache), false)
#4 C:\xampp\htdocs\inhs\inhsDevFinal\public\index.php(36): CodeIgniter\CodeIgniter->run()
#5 C:\xampp\htdocs\inhs\inhsDevFinal\vendor\codeigniter4\framework\system\Commands\Server\rewrite.php(45): require_once('C:\\xampp\\htdocs...')
#6 {main}
CRITICAL - 2022-03-03 21:56:50 --> Trying to access array offset on value of type null
#0 C:\xampp\htdocs\inhs\inhsDevFinal\app\Controllers\Admission.php(95): CodeIgniter\Debug\Exceptions->errorHandler(2, 'Trying to acces...', 'C:\\xampp\\htdocs...', 95)
#1 C:\xampp\htdocs\inhs\inhsDevFinal\vendor\codeigniter4\framework\system\CodeIgniter.php(931): App\Controllers\Admission->captcha_verify()
#2 C:\xampp\htdocs\inhs\inhsDevFinal\vendor\codeigniter4\framework\system\CodeIgniter.php(439): CodeIgniter\CodeIgniter->runController(Object(App\Controllers\Admission))
#3 C:\xampp\htdocs\inhs\inhsDevFinal\vendor\codeigniter4\framework\system\CodeIgniter.php(339): CodeIgniter\CodeIgniter->handleRequest(NULL, Object(Config\Cache), false)
#4 C:\xampp\htdocs\inhs\inhsDevFinal\public\index.php(36): CodeIgniter\CodeIgniter->run()
#5 C:\xampp\htdocs\inhs\inhsDevFinal\vendor\codeigniter4\framework\system\Commands\Server\rewrite.php(45): require_once('C:\\xampp\\htdocs...')
#6 {main}
CRITICAL - 2022-03-03 21:57:09 --> Trying to access array offset on value of type null
#0 C:\xampp\htdocs\inhs\inhsDevFinal\app\Controllers\Admission.php(95): CodeIgniter\Debug\Exceptions->errorHandler(2, 'Trying to acces...', 'C:\\xampp\\htdocs...', 95)
#1 C:\xampp\htdocs\inhs\inhsDevFinal\vendor\codeigniter4\framework\system\CodeIgniter.php(931): App\Controllers\Admission->captcha_verify()
#2 C:\xampp\htdocs\inhs\inhsDevFinal\vendor\codeigniter4\framework\system\CodeIgniter.php(439): CodeIgniter\CodeIgniter->runController(Object(App\Controllers\Admission))
#3 C:\xampp\htdocs\inhs\inhsDevFinal\vendor\codeigniter4\framework\system\CodeIgniter.php(339): CodeIgniter\CodeIgniter->handleRequest(NULL, Object(Config\Cache), false)
#4 C:\xampp\htdocs\inhs\inhsDevFinal\public\index.php(36): CodeIgniter\CodeIgniter->run()
#5 C:\xampp\htdocs\inhs\inhsDevFinal\vendor\codeigniter4\framework\system\Commands\Server\rewrite.php(45): require_once('C:\\xampp\\htdocs...')
#6 {main}
CRITICAL - 2022-03-03 21:57:54 --> Trying to access array offset on value of type null
#0 C:\xampp\htdocs\inhs\inhsDevFinal\app\Controllers\Admission.php(95): CodeIgniter\Debug\Exceptions->errorHandler(2, 'Trying to acces...', 'C:\\xampp\\htdocs...', 95)
#1 C:\xampp\htdocs\inhs\inhsDevFinal\vendor\codeigniter4\framework\system\CodeIgniter.php(931): App\Controllers\Admission->captcha_verify()
#2 C:\xampp\htdocs\inhs\inhsDevFinal\vendor\codeigniter4\framework\system\CodeIgniter.php(439): CodeIgniter\CodeIgniter->runController(Object(App\Controllers\Admission))
#3 C:\xampp\htdocs\inhs\inhsDevFinal\vendor\codeigniter4\framework\system\CodeIgniter.php(339): CodeIgniter\CodeIgniter->handleRequest(NULL, Object(Config\Cache), false)
#4 C:\xampp\htdocs\inhs\inhsDevFinal\public\index.php(36): CodeIgniter\CodeIgniter->run()
#5 C:\xampp\htdocs\inhs\inhsDevFinal\vendor\codeigniter4\framework\system\Commands\Server\rewrite.php(45): require_once('C:\\xampp\\htdocs...')
#6 {main}
CRITICAL - 2022-03-03 22:20:28 --> Trying to access array offset on value of type null
#0 C:\xampp\htdocs\inhs\inhsDevFinal\app\Views\f_application\application_header.php(100): CodeIgniter\Debug\Exceptions->errorHandler(2, 'Trying to acces...', 'C:\\xampp\\htdocs...', 100)
#1 C:\xampp\htdocs\inhs\inhsDevFinal\vendor\codeigniter4\framework\system\View\View.php(230): include('C:\\xampp\\htdocs...')
#2 C:\xampp\htdocs\inhs\inhsDevFinal\vendor\codeigniter4\framework\system\View\View.php(232): CodeIgniter\View\View->CodeIgniter\View\{closure}()
#3 C:\xampp\htdocs\inhs\inhsDevFinal\vendor\codeigniter4\framework\system\Common.php(1250): CodeIgniter\View\View->render('f_application/a...', Array, true)
#4 C:\xampp\htdocs\inhs\inhsDevFinal\app\Controllers\Application.php(204): view('f_application/a...', Array)
#5 C:\xampp\htdocs\inhs\inhsDevFinal\vendor\codeigniter4\framework\system\CodeIgniter.php(931): App\Controllers\Application->getForm()
#6 C:\xampp\htdocs\inhs\inhsDevFinal\vendor\codeigniter4\framework\system\CodeIgniter.php(439): CodeIgniter\CodeIgniter->runController(Object(App\Controllers\Application))
#7 C:\xampp\htdocs\inhs\inhsDevFinal\vendor\codeigniter4\framework\system\CodeIgniter.php(339): CodeIgniter\CodeIgniter->handleRequest(NULL, Object(Config\Cache), false)
#8 C:\xampp\htdocs\inhs\inhsDevFinal\public\index.php(36): CodeIgniter\CodeIgniter->run()
#9 C:\xampp\htdocs\inhs\inhsDevFinal\vendor\codeigniter4\framework\system\Commands\Server\rewrite.php(45): require_once('C:\\xampp\\htdocs...')
#10 {main}
