ERROR - 2023-10-23 10:41:08 --> Table 'nasyo_integrated_2.employment_department_tbl' doesn't exist
CRITICAL - 2023-10-23 10:41:08 --> Table 'nasyo_integrated_2.employment_department_tbl' doesn't exist
#0 C:\Users\ICT INHS\OneDrive - Department of Education\Desktop\GITHUB2\nasyo_integrated_2\vendor\codeigniter4\framework\system\Database\MySQLi\Connection.php(280): mysqli->query('SELECT *\nFROM `...')
#1 C:\Users\ICT INHS\OneDrive - Department of Education\Desktop\GITHUB2\nasyo_integrated_2\vendor\codeigniter4\framework\system\Database\BaseConnection.php(663): CodeIgniter\Database\MySQLi\Connection->execute('SELECT *\nFROM `...')
#2 C:\Users\ICT INHS\OneDrive - Department of Education\Desktop\GITHUB2\nasyo_integrated_2\vendor\codeigniter4\framework\system\Database\BaseConnection.php(591): CodeIgniter\Database\BaseConnection->simpleQuery('SELECT *\nFROM `...')
#3 C:\Users\ICT INHS\OneDrive - Department of Education\Desktop\GITHUB2\nasyo_integrated_2\vendor\codeigniter4\framework\system\Database\BaseBuilder.php(1428): CodeIgniter\Database\BaseConnection->query('SELECT *\nFROM `...', Array, false)
#4 C:\Users\ICT INHS\OneDrive - Department of Education\Desktop\GITHUB2\nasyo_integrated_2\vendor\codeigniter4\framework\system\Model.php(210): CodeIgniter\Database\BaseBuilder->get()
#5 C:\Users\ICT INHS\OneDrive - Department of Education\Desktop\GITHUB2\nasyo_integrated_2\vendor\codeigniter4\framework\system\BaseModel.php(622): CodeIgniter\Model->doFirst()
#6 C:\Users\ICT INHS\OneDrive - Department of Education\Desktop\GITHUB2\nasyo_integrated_2\app\Controllers\Faculty.php(214): CodeIgniter\BaseModel->first()
#7 C:\Users\ICT INHS\OneDrive - Department of Education\Desktop\GITHUB2\nasyo_integrated_2\vendor\codeigniter4\framework\system\CodeIgniter.php(802): App\Controllers\Faculty->getEmploymentDetails()
#8 C:\Users\ICT INHS\OneDrive - Department of Education\Desktop\GITHUB2\nasyo_integrated_2\vendor\codeigniter4\framework\system\CodeIgniter.php(399): CodeIgniter\CodeIgniter->runController(Object(App\Controllers\Faculty))
#9 C:\Users\ICT INHS\OneDrive - Department of Education\Desktop\GITHUB2\nasyo_integrated_2\vendor\codeigniter4\framework\system\CodeIgniter.php(317): CodeIgniter\CodeIgniter->handleRequest(NULL, Object(Config\Cache), false)
#10 C:\Users\ICT INHS\OneDrive - Department of Education\Desktop\GITHUB2\nasyo_integrated_2\public\index.php(36): CodeIgniter\CodeIgniter->run()
#11 C:\Users\ICT INHS\OneDrive - Department of Education\Desktop\GITHUB2\nasyo_integrated_2\vendor\codeigniter4\framework\system\Commands\Server\rewrite.php(43): require_once('C:\\Users\\ICT IN...')
#12 {main}
ERROR - 2023-10-23 10:41:13 --> Table 'nasyo_integrated_2.employment_department_tbl' doesn't exist
CRITICAL - 2023-10-23 10:41:13 --> Table 'nasyo_integrated_2.employment_department_tbl' doesn't exist
#0 C:\Users\ICT INHS\OneDrive - Department of Education\Desktop\GITHUB2\nasyo_integrated_2\vendor\codeigniter4\framework\system\Database\MySQLi\Connection.php(280): mysqli->query('SELECT *\nFROM `...')
#1 C:\Users\ICT INHS\OneDrive - Department of Education\Desktop\GITHUB2\nasyo_integrated_2\vendor\codeigniter4\framework\system\Database\BaseConnection.php(663): CodeIgniter\Database\MySQLi\Connection->execute('SELECT *\nFROM `...')
#2 C:\Users\ICT INHS\OneDrive - Department of Education\Desktop\GITHUB2\nasyo_integrated_2\vendor\codeigniter4\framework\system\Database\BaseConnection.php(591): CodeIgniter\Database\BaseConnection->simpleQuery('SELECT *\nFROM `...')
#3 C:\Users\ICT INHS\OneDrive - Department of Education\Desktop\GITHUB2\nasyo_integrated_2\vendor\codeigniter4\framework\system\Database\BaseBuilder.php(1428): CodeIgniter\Database\BaseConnection->query('SELECT *\nFROM `...', Array, false)
#4 C:\Users\ICT INHS\OneDrive - Department of Education\Desktop\GITHUB2\nasyo_integrated_2\vendor\codeigniter4\framework\system\Model.php(210): CodeIgniter\Database\BaseBuilder->get()
#5 C:\Users\ICT INHS\OneDrive - Department of Education\Desktop\GITHUB2\nasyo_integrated_2\vendor\codeigniter4\framework\system\BaseModel.php(622): CodeIgniter\Model->doFirst()
#6 C:\Users\ICT INHS\OneDrive - Department of Education\Desktop\GITHUB2\nasyo_integrated_2\app\Controllers\Faculty.php(214): CodeIgniter\BaseModel->first()
#7 C:\Users\ICT INHS\OneDrive - Department of Education\Desktop\GITHUB2\nasyo_integrated_2\vendor\codeigniter4\framework\system\CodeIgniter.php(802): App\Controllers\Faculty->getEmploymentDetails()
#8 C:\Users\ICT INHS\OneDrive - Department of Education\Desktop\GITHUB2\nasyo_integrated_2\vendor\codeigniter4\framework\system\CodeIgniter.php(399): CodeIgniter\CodeIgniter->runController(Object(App\Controllers\Faculty))
#9 C:\Users\ICT INHS\OneDrive - Department of Education\Desktop\GITHUB2\nasyo_integrated_2\vendor\codeigniter4\framework\system\CodeIgniter.php(317): CodeIgniter\CodeIgniter->handleRequest(NULL, Object(Config\Cache), false)
#10 C:\Users\ICT INHS\OneDrive - Department of Education\Desktop\GITHUB2\nasyo_integrated_2\public\index.php(36): CodeIgniter\CodeIgniter->run()
#11 C:\Users\ICT INHS\OneDrive - Department of Education\Desktop\GITHUB2\nasyo_integrated_2\vendor\codeigniter4\framework\system\Commands\Server\rewrite.php(43): require_once('C:\\Users\\ICT IN...')
#12 {main}
ERROR - 2023-10-23 10:41:25 --> Table 'nasyo_integrated_2.employment_department_tbl' doesn't exist
CRITICAL - 2023-10-23 10:41:25 --> Table 'nasyo_integrated_2.employment_department_tbl' doesn't exist
#0 C:\Users\ICT INHS\OneDrive - Department of Education\Desktop\GITHUB2\nasyo_integrated_2\vendor\codeigniter4\framework\system\Database\MySQLi\Connection.php(280): mysqli->query('SELECT *\nFROM `...')
#1 C:\Users\ICT INHS\OneDrive - Department of Education\Desktop\GITHUB2\nasyo_integrated_2\vendor\codeigniter4\framework\system\Database\BaseConnection.php(663): CodeIgniter\Database\MySQLi\Connection->execute('SELECT *\nFROM `...')
#2 C:\Users\ICT INHS\OneDrive - Department of Education\Desktop\GITHUB2\nasyo_integrated_2\vendor\codeigniter4\framework\system\Database\BaseConnection.php(591): CodeIgniter\Database\BaseConnection->simpleQuery('SELECT *\nFROM `...')
#3 C:\Users\ICT INHS\OneDrive - Department of Education\Desktop\GITHUB2\nasyo_integrated_2\vendor\codeigniter4\framework\system\Database\BaseBuilder.php(1428): CodeIgniter\Database\BaseConnection->query('SELECT *\nFROM `...', Array, false)
#4 C:\Users\ICT INHS\OneDrive - Department of Education\Desktop\GITHUB2\nasyo_integrated_2\vendor\codeigniter4\framework\system\Model.php(210): CodeIgniter\Database\BaseBuilder->get()
#5 C:\Users\ICT INHS\OneDrive - Department of Education\Desktop\GITHUB2\nasyo_integrated_2\vendor\codeigniter4\framework\system\BaseModel.php(622): CodeIgniter\Model->doFirst()
#6 C:\Users\ICT INHS\OneDrive - Department of Education\Desktop\GITHUB2\nasyo_integrated_2\app\Controllers\Faculty.php(214): CodeIgniter\BaseModel->first()
#7 C:\Users\ICT INHS\OneDrive - Department of Education\Desktop\GITHUB2\nasyo_integrated_2\vendor\codeigniter4\framework\system\CodeIgniter.php(802): App\Controllers\Faculty->getEmploymentDetails()
#8 C:\Users\ICT INHS\OneDrive - Department of Education\Desktop\GITHUB2\nasyo_integrated_2\vendor\codeigniter4\framework\system\CodeIgniter.php(399): CodeIgniter\CodeIgniter->runController(Object(App\Controllers\Faculty))
#9 C:\Users\ICT INHS\OneDrive - Department of Education\Desktop\GITHUB2\nasyo_integrated_2\vendor\codeigniter4\framework\system\CodeIgniter.php(317): CodeIgniter\CodeIgniter->handleRequest(NULL, Object(Config\Cache), false)
#10 C:\Users\ICT INHS\OneDrive - Department of Education\Desktop\GITHUB2\nasyo_integrated_2\public\index.php(36): CodeIgniter\CodeIgniter->run()
#11 C:\Users\ICT INHS\OneDrive - Department of Education\Desktop\GITHUB2\nasyo_integrated_2\vendor\codeigniter4\framework\system\Commands\Server\rewrite.php(43): require_once('C:\\Users\\ICT IN...')
#12 {main}
CRITICAL - 2023-10-23 15:34:40 --> Trying to access array offset on value of type null
#0 C:\Users\ICT INHS\OneDrive - Department of Education\Desktop\GITHUB2\nasyo_integrated_2\app\Views\f_faculty\profile\faculty_profile.php(34): CodeIgniter\Debug\Exceptions->errorHandler(8, 'Trying to acces...', 'C:\\Users\\ICT IN...', 34, Array)
#1 C:\Users\ICT INHS\OneDrive - Department of Education\Desktop\GITHUB2\nasyo_integrated_2\vendor\codeigniter4\framework\system\View\View.php(214): include('C:\\Users\\ICT IN...')
#2 C:\Users\ICT INHS\OneDrive - Department of Education\Desktop\GITHUB2\nasyo_integrated_2\vendor\codeigniter4\framework\system\View\View.php(217): CodeIgniter\View\View->CodeIgniter\View\{closure}()
#3 C:\Users\ICT INHS\OneDrive - Department of Education\Desktop\GITHUB2\nasyo_integrated_2\vendor\codeigniter4\framework\system\Common.php(1092): CodeIgniter\View\View->render('f_faculty/profi...', Array, true)
#4 C:\Users\ICT INHS\OneDrive - Department of Education\Desktop\GITHUB2\nasyo_integrated_2\app\Controllers\Faculty.php(196): view('f_faculty/profi...', Array)
#5 C:\Users\ICT INHS\OneDrive - Department of Education\Desktop\GITHUB2\nasyo_integrated_2\vendor\codeigniter4\framework\system\CodeIgniter.php(802): App\Controllers\Faculty->getProfile()
#6 C:\Users\ICT INHS\OneDrive - Department of Education\Desktop\GITHUB2\nasyo_integrated_2\vendor\codeigniter4\framework\system\CodeIgniter.php(399): CodeIgniter\CodeIgniter->runController(Object(App\Controllers\Faculty))
#7 C:\Users\ICT INHS\OneDrive - Department of Education\Desktop\GITHUB2\nasyo_integrated_2\vendor\codeigniter4\framework\system\CodeIgniter.php(317): CodeIgniter\CodeIgniter->handleRequest(NULL, Object(Config\Cache), false)
#8 C:\Users\ICT INHS\OneDrive - Department of Education\Desktop\GITHUB2\nasyo_integrated_2\public\index.php(36): CodeIgniter\CodeIgniter->run()
#9 C:\Users\ICT INHS\OneDrive - Department of Education\Desktop\GITHUB2\nasyo_integrated_2\vendor\codeigniter4\framework\system\Commands\Server\rewrite.php(43): require_once('C:\\Users\\ICT IN...')
#10 {main}
CRITICAL - 2023-10-23 15:34:49 --> Trying to access array offset on value of type null
#0 C:\Users\ICT INHS\OneDrive - Department of Education\Desktop\GITHUB2\nasyo_integrated_2\app\Views\f_faculty\profile\faculty_profile.php(34): CodeIgniter\Debug\Exceptions->errorHandler(8, 'Trying to acces...', 'C:\\Users\\ICT IN...', 34, Array)
#1 C:\Users\ICT INHS\OneDrive - Department of Education\Desktop\GITHUB2\nasyo_integrated_2\vendor\codeigniter4\framework\system\View\View.php(214): include('C:\\Users\\ICT IN...')
#2 C:\Users\ICT INHS\OneDrive - Department of Education\Desktop\GITHUB2\nasyo_integrated_2\vendor\codeigniter4\framework\system\View\View.php(217): CodeIgniter\View\View->CodeIgniter\View\{closure}()
#3 C:\Users\ICT INHS\OneDrive - Department of Education\Desktop\GITHUB2\nasyo_integrated_2\vendor\codeigniter4\framework\system\Common.php(1092): CodeIgniter\View\View->render('f_faculty/profi...', Array, true)
#4 C:\Users\ICT INHS\OneDrive - Department of Education\Desktop\GITHUB2\nasyo_integrated_2\app\Controllers\Faculty.php(196): view('f_faculty/profi...', Array)
#5 C:\Users\ICT INHS\OneDrive - Department of Education\Desktop\GITHUB2\nasyo_integrated_2\vendor\codeigniter4\framework\system\CodeIgniter.php(802): App\Controllers\Faculty->getProfile()
#6 C:\Users\ICT INHS\OneDrive - Department of Education\Desktop\GITHUB2\nasyo_integrated_2\vendor\codeigniter4\framework\system\CodeIgniter.php(399): CodeIgniter\CodeIgniter->runController(Object(App\Controllers\Faculty))
#7 C:\Users\ICT INHS\OneDrive - Department of Education\Desktop\GITHUB2\nasyo_integrated_2\vendor\codeigniter4\framework\system\CodeIgniter.php(317): CodeIgniter\CodeIgniter->handleRequest(NULL, Object(Config\Cache), false)
#8 C:\Users\ICT INHS\OneDrive - Department of Education\Desktop\GITHUB2\nasyo_integrated_2\public\index.php(36): CodeIgniter\CodeIgniter->run()
#9 C:\Users\ICT INHS\OneDrive - Department of Education\Desktop\GITHUB2\nasyo_integrated_2\vendor\codeigniter4\framework\system\Commands\Server\rewrite.php(43): require_once('C:\\Users\\ICT IN...')
#10 {main}
