ERROR - 2022-01-03 00:18:35 --> Table 'inhs_integrated.admission_status_t' doesn't exist
CRITICAL - 2022-01-03 00:18:35 --> Call to a member function getResult() on bool
#0 C:\xampp\htdocs\NsoftDevNew\git_file\ci4\inhsDev\app\Controllers\Admission.php(28): App\Models\StudentAdmissionModel->getAdmissionData()
#1 C:\xampp\htdocs\NsoftDevNew\git_file\ci4\inhsDev\vendor\codeigniter4\framework\system\CodeIgniter.php(931): App\Controllers\Admission->loadAdmission()
#2 C:\xampp\htdocs\NsoftDevNew\git_file\ci4\inhsDev\vendor\codeigniter4\framework\system\CodeIgniter.php(439): CodeIgniter\CodeIgniter->runController(Object(App\Controllers\Admission))
#3 C:\xampp\htdocs\NsoftDevNew\git_file\ci4\inhsDev\vendor\codeigniter4\framework\system\CodeIgniter.php(339): CodeIgniter\CodeIgniter->handleRequest(NULL, Object(Config\Cache), false)
#4 C:\xampp\htdocs\NsoftDevNew\git_file\ci4\inhsDev\public\index.php(36): CodeIgniter\CodeIgniter->run()
#5 C:\xampp\htdocs\NsoftDevNew\git_file\ci4\inhsDev\vendor\codeigniter4\framework\system\Commands\Server\rewrite.php(45): require_once('C:\\xampp\\htdocs...')
#6 {main}
ERROR - 2022-01-03 00:19:05 --> Table 'inhs_integrated.admission_status_t' doesn't exist
CRITICAL - 2022-01-03 00:19:05 --> Call to a member function getResult() on bool
#0 C:\xampp\htdocs\NsoftDevNew\git_file\ci4\inhsDev\app\Controllers\Admission.php(28): App\Models\StudentAdmissionModel->getAdmissionData()
#1 C:\xampp\htdocs\NsoftDevNew\git_file\ci4\inhsDev\vendor\codeigniter4\framework\system\CodeIgniter.php(931): App\Controllers\Admission->loadAdmission()
#2 C:\xampp\htdocs\NsoftDevNew\git_file\ci4\inhsDev\vendor\codeigniter4\framework\system\CodeIgniter.php(439): CodeIgniter\CodeIgniter->runController(Object(App\Controllers\Admission))
#3 C:\xampp\htdocs\NsoftDevNew\git_file\ci4\inhsDev\vendor\codeigniter4\framework\system\CodeIgniter.php(339): CodeIgniter\CodeIgniter->handleRequest(NULL, Object(Config\Cache), false)
#4 C:\xampp\htdocs\NsoftDevNew\git_file\ci4\inhsDev\public\index.php(36): CodeIgniter\CodeIgniter->run()
#5 C:\xampp\htdocs\NsoftDevNew\git_file\ci4\inhsDev\vendor\codeigniter4\framework\system\Commands\Server\rewrite.php(45): require_once('C:\\xampp\\htdocs...')
#6 {main}
ERROR - 2022-01-03 00:19:34 --> Table 'inhs_integrated.admission_status_t' doesn't exist
CRITICAL - 2022-01-03 00:19:34 --> Call to a member function getResult() on bool
#0 C:\xampp\htdocs\NsoftDevNew\git_file\ci4\inhsDev\app\Controllers\Admission.php(28): App\Models\StudentAdmissionModel->getAdmissionData()
#1 C:\xampp\htdocs\NsoftDevNew\git_file\ci4\inhsDev\vendor\codeigniter4\framework\system\CodeIgniter.php(931): App\Controllers\Admission->loadAdmission()
#2 C:\xampp\htdocs\NsoftDevNew\git_file\ci4\inhsDev\vendor\codeigniter4\framework\system\CodeIgniter.php(439): CodeIgniter\CodeIgniter->runController(Object(App\Controllers\Admission))
#3 C:\xampp\htdocs\NsoftDevNew\git_file\ci4\inhsDev\vendor\codeigniter4\framework\system\CodeIgniter.php(339): CodeIgniter\CodeIgniter->handleRequest(NULL, Object(Config\Cache), false)
#4 C:\xampp\htdocs\NsoftDevNew\git_file\ci4\inhsDev\public\index.php(36): CodeIgniter\CodeIgniter->run()
#5 C:\xampp\htdocs\NsoftDevNew\git_file\ci4\inhsDev\vendor\codeigniter4\framework\system\Commands\Server\rewrite.php(45): require_once('C:\\xampp\\htdocs...')
#6 {main}
ERROR - 2022-01-03 00:20:04 --> Table 'inhs_integrated.admission_status_t' doesn't exist
CRITICAL - 2022-01-03 00:20:04 --> Call to a member function getResult() on bool
#0 C:\xampp\htdocs\NsoftDevNew\git_file\ci4\inhsDev\app\Controllers\Admission.php(28): App\Models\StudentAdmissionModel->getAdmissionData()
#1 C:\xampp\htdocs\NsoftDevNew\git_file\ci4\inhsDev\vendor\codeigniter4\framework\system\CodeIgniter.php(931): App\Controllers\Admission->loadAdmission()
#2 C:\xampp\htdocs\NsoftDevNew\git_file\ci4\inhsDev\vendor\codeigniter4\framework\system\CodeIgniter.php(439): CodeIgniter\CodeIgniter->runController(Object(App\Controllers\Admission))
#3 C:\xampp\htdocs\NsoftDevNew\git_file\ci4\inhsDev\vendor\codeigniter4\framework\system\CodeIgniter.php(339): CodeIgniter\CodeIgniter->handleRequest(NULL, Object(Config\Cache), false)
#4 C:\xampp\htdocs\NsoftDevNew\git_file\ci4\inhsDev\public\index.php(36): CodeIgniter\CodeIgniter->run()
#5 C:\xampp\htdocs\NsoftDevNew\git_file\ci4\inhsDev\vendor\codeigniter4\framework\system\Commands\Server\rewrite.php(45): require_once('C:\\xampp\\htdocs...')
#6 {main}
CRITICAL - 2022-01-03 00:39:33 --> Undefined variable $appStatusModel
#0 C:\xampp\htdocs\NsoftDevNew\git_file\ci4\inhsDev\app\Controllers\Application.php(341): CodeIgniter\Debug\Exceptions->errorHandler(2, 'Undefined varia...', 'C:\\xampp\\htdocs...', 341)
#1 C:\xampp\htdocs\NsoftDevNew\git_file\ci4\inhsDev\vendor\codeigniter4\framework\system\CodeIgniter.php(931): App\Controllers\Application->checkStatUser()
#2 C:\xampp\htdocs\NsoftDevNew\git_file\ci4\inhsDev\vendor\codeigniter4\framework\system\CodeIgniter.php(439): CodeIgniter\CodeIgniter->runController(Object(App\Controllers\Application))
#3 C:\xampp\htdocs\NsoftDevNew\git_file\ci4\inhsDev\vendor\codeigniter4\framework\system\CodeIgniter.php(339): CodeIgniter\CodeIgniter->handleRequest(NULL, Object(Config\Cache), false)
#4 C:\xampp\htdocs\NsoftDevNew\git_file\ci4\inhsDev\public\index.php(36): CodeIgniter\CodeIgniter->run()
#5 C:\xampp\htdocs\NsoftDevNew\git_file\ci4\inhsDev\vendor\codeigniter4\framework\system\Commands\Server\rewrite.php(45): require_once('C:\\xampp\\htdocs...')
#6 {main}
CRITICAL - 2022-01-03 00:39:37 --> Undefined variable $appStatusModel
#0 C:\xampp\htdocs\NsoftDevNew\git_file\ci4\inhsDev\app\Controllers\Application.php(341): CodeIgniter\Debug\Exceptions->errorHandler(2, 'Undefined varia...', 'C:\\xampp\\htdocs...', 341)
#1 C:\xampp\htdocs\NsoftDevNew\git_file\ci4\inhsDev\vendor\codeigniter4\framework\system\CodeIgniter.php(931): App\Controllers\Application->checkStatUser()
#2 C:\xampp\htdocs\NsoftDevNew\git_file\ci4\inhsDev\vendor\codeigniter4\framework\system\CodeIgniter.php(439): CodeIgniter\CodeIgniter->runController(Object(App\Controllers\Application))
#3 C:\xampp\htdocs\NsoftDevNew\git_file\ci4\inhsDev\vendor\codeigniter4\framework\system\CodeIgniter.php(339): CodeIgniter\CodeIgniter->handleRequest(NULL, Object(Config\Cache), false)
#4 C:\xampp\htdocs\NsoftDevNew\git_file\ci4\inhsDev\public\index.php(36): CodeIgniter\CodeIgniter->run()
#5 C:\xampp\htdocs\NsoftDevNew\git_file\ci4\inhsDev\vendor\codeigniter4\framework\system\Commands\Server\rewrite.php(45): require_once('C:\\xampp\\htdocs...')
#6 {main}
CRITICAL - 2022-01-03 00:40:08 --> Undefined variable $appStatusModel
#0 C:\xampp\htdocs\NsoftDevNew\git_file\ci4\inhsDev\app\Controllers\Application.php(341): CodeIgniter\Debug\Exceptions->errorHandler(2, 'Undefined varia...', 'C:\\xampp\\htdocs...', 341)
#1 C:\xampp\htdocs\NsoftDevNew\git_file\ci4\inhsDev\vendor\codeigniter4\framework\system\CodeIgniter.php(931): App\Controllers\Application->checkStatUser()
#2 C:\xampp\htdocs\NsoftDevNew\git_file\ci4\inhsDev\vendor\codeigniter4\framework\system\CodeIgniter.php(439): CodeIgniter\CodeIgniter->runController(Object(App\Controllers\Application))
#3 C:\xampp\htdocs\NsoftDevNew\git_file\ci4\inhsDev\vendor\codeigniter4\framework\system\CodeIgniter.php(339): CodeIgniter\CodeIgniter->handleRequest(NULL, Object(Config\Cache), false)
#4 C:\xampp\htdocs\NsoftDevNew\git_file\ci4\inhsDev\public\index.php(36): CodeIgniter\CodeIgniter->run()
#5 C:\xampp\htdocs\NsoftDevNew\git_file\ci4\inhsDev\vendor\codeigniter4\framework\system\Commands\Server\rewrite.php(45): require_once('C:\\xampp\\htdocs...')
#6 {main}
CRITICAL - 2022-01-03 00:40:08 --> Undefined variable $appStatusModel
#0 C:\xampp\htdocs\NsoftDevNew\git_file\ci4\inhsDev\app\Controllers\Application.php(341): CodeIgniter\Debug\Exceptions->errorHandler(2, 'Undefined varia...', 'C:\\xampp\\htdocs...', 341)
#1 C:\xampp\htdocs\NsoftDevNew\git_file\ci4\inhsDev\vendor\codeigniter4\framework\system\CodeIgniter.php(931): App\Controllers\Application->checkStatUser()
#2 C:\xampp\htdocs\NsoftDevNew\git_file\ci4\inhsDev\vendor\codeigniter4\framework\system\CodeIgniter.php(439): CodeIgniter\CodeIgniter->runController(Object(App\Controllers\Application))
#3 C:\xampp\htdocs\NsoftDevNew\git_file\ci4\inhsDev\vendor\codeigniter4\framework\system\CodeIgniter.php(339): CodeIgniter\CodeIgniter->handleRequest(NULL, Object(Config\Cache), false)
#4 C:\xampp\htdocs\NsoftDevNew\git_file\ci4\inhsDev\public\index.php(36): CodeIgniter\CodeIgniter->run()
#5 C:\xampp\htdocs\NsoftDevNew\git_file\ci4\inhsDev\vendor\codeigniter4\framework\system\Commands\Server\rewrite.php(45): require_once('C:\\xampp\\htdocs...')
#6 {main}
CRITICAL - 2022-01-03 00:43:06 --> Undefined variable $appStatusModel
#0 C:\xampp\htdocs\NsoftDevNew\git_file\ci4\inhsDev\app\Controllers\Application.php(341): CodeIgniter\Debug\Exceptions->errorHandler(2, 'Undefined varia...', 'C:\\xampp\\htdocs...', 341)
#1 C:\xampp\htdocs\NsoftDevNew\git_file\ci4\inhsDev\vendor\codeigniter4\framework\system\CodeIgniter.php(931): App\Controllers\Application->checkStatUser()
#2 C:\xampp\htdocs\NsoftDevNew\git_file\ci4\inhsDev\vendor\codeigniter4\framework\system\CodeIgniter.php(439): CodeIgniter\CodeIgniter->runController(Object(App\Controllers\Application))
#3 C:\xampp\htdocs\NsoftDevNew\git_file\ci4\inhsDev\vendor\codeigniter4\framework\system\CodeIgniter.php(339): CodeIgniter\CodeIgniter->handleRequest(NULL, Object(Config\Cache), false)
#4 C:\xampp\htdocs\NsoftDevNew\git_file\ci4\inhsDev\public\index.php(36): CodeIgniter\CodeIgniter->run()
#5 C:\xampp\htdocs\NsoftDevNew\git_file\ci4\inhsDev\vendor\codeigniter4\framework\system\Commands\Server\rewrite.php(45): require_once('C:\\xampp\\htdocs...')
#6 {main}
CRITICAL - 2022-01-03 00:43:10 --> Undefined variable $appStatusModel
#0 C:\xampp\htdocs\NsoftDevNew\git_file\ci4\inhsDev\app\Controllers\Application.php(341): CodeIgniter\Debug\Exceptions->errorHandler(2, 'Undefined varia...', 'C:\\xampp\\htdocs...', 341)
#1 C:\xampp\htdocs\NsoftDevNew\git_file\ci4\inhsDev\vendor\codeigniter4\framework\system\CodeIgniter.php(931): App\Controllers\Application->checkStatUser()
#2 C:\xampp\htdocs\NsoftDevNew\git_file\ci4\inhsDev\vendor\codeigniter4\framework\system\CodeIgniter.php(439): CodeIgniter\CodeIgniter->runController(Object(App\Controllers\Application))
#3 C:\xampp\htdocs\NsoftDevNew\git_file\ci4\inhsDev\vendor\codeigniter4\framework\system\CodeIgniter.php(339): CodeIgniter\CodeIgniter->handleRequest(NULL, Object(Config\Cache), false)
#4 C:\xampp\htdocs\NsoftDevNew\git_file\ci4\inhsDev\public\index.php(36): CodeIgniter\CodeIgniter->run()
#5 C:\xampp\htdocs\NsoftDevNew\git_file\ci4\inhsDev\vendor\codeigniter4\framework\system\Commands\Server\rewrite.php(45): require_once('C:\\xampp\\htdocs...')
#6 {main}
CRITICAL - 2022-01-03 00:43:10 --> Undefined variable $appStatusModel
#0 C:\xampp\htdocs\NsoftDevNew\git_file\ci4\inhsDev\app\Controllers\Application.php(341): CodeIgniter\Debug\Exceptions->errorHandler(2, 'Undefined varia...', 'C:\\xampp\\htdocs...', 341)
#1 C:\xampp\htdocs\NsoftDevNew\git_file\ci4\inhsDev\vendor\codeigniter4\framework\system\CodeIgniter.php(931): App\Controllers\Application->checkStatUser()
#2 C:\xampp\htdocs\NsoftDevNew\git_file\ci4\inhsDev\vendor\codeigniter4\framework\system\CodeIgniter.php(439): CodeIgniter\CodeIgniter->runController(Object(App\Controllers\Application))
#3 C:\xampp\htdocs\NsoftDevNew\git_file\ci4\inhsDev\vendor\codeigniter4\framework\system\CodeIgniter.php(339): CodeIgniter\CodeIgniter->handleRequest(NULL, Object(Config\Cache), false)
#4 C:\xampp\htdocs\NsoftDevNew\git_file\ci4\inhsDev\public\index.php(36): CodeIgniter\CodeIgniter->run()
#5 C:\xampp\htdocs\NsoftDevNew\git_file\ci4\inhsDev\vendor\codeigniter4\framework\system\Commands\Server\rewrite.php(45): require_once('C:\\xampp\\htdocs...')
#6 {main}
ERROR - 2022-01-03 01:04:29 --> You have an error in your SQL syntax; check the manual that corresponds to your MariaDB server version for the right syntax to use near ')' at line 3
CRITICAL - 2022-01-03 01:04:29 --> Call to a member function getResult() on bool
#0 C:\xampp\htdocs\NsoftDevNew\git_file\ci4\inhsDev\vendor\codeigniter4\framework\system\BaseModel.php(603): CodeIgniter\Model->doFindAll(0, 0)
#1 C:\xampp\htdocs\NsoftDevNew\git_file\ci4\inhsDev\app\Controllers\Application.php(342): CodeIgniter\BaseModel->findAll()
#2 C:\xampp\htdocs\NsoftDevNew\git_file\ci4\inhsDev\vendor\codeigniter4\framework\system\CodeIgniter.php(931): App\Controllers\Application->checkStatUser()
#3 C:\xampp\htdocs\NsoftDevNew\git_file\ci4\inhsDev\vendor\codeigniter4\framework\system\CodeIgniter.php(439): CodeIgniter\CodeIgniter->runController(Object(App\Controllers\Application))
#4 C:\xampp\htdocs\NsoftDevNew\git_file\ci4\inhsDev\vendor\codeigniter4\framework\system\CodeIgniter.php(339): CodeIgniter\CodeIgniter->handleRequest(NULL, Object(Config\Cache), false)
#5 C:\xampp\htdocs\NsoftDevNew\git_file\ci4\inhsDev\public\index.php(36): CodeIgniter\CodeIgniter->run()
#6 C:\xampp\htdocs\NsoftDevNew\git_file\ci4\inhsDev\vendor\codeigniter4\framework\system\Commands\Server\rewrite.php(45): require_once('C:\\xampp\\htdocs...')
#7 {main}
ERROR - 2022-01-03 01:05:09 --> You have an error in your SQL syntax; check the manual that corresponds to your MariaDB server version for the right syntax to use near ')' at line 3
CRITICAL - 2022-01-03 01:05:09 --> Call to a member function getResult() on bool
#0 C:\xampp\htdocs\NsoftDevNew\git_file\ci4\inhsDev\vendor\codeigniter4\framework\system\BaseModel.php(603): CodeIgniter\Model->doFindAll(0, 0)
#1 C:\xampp\htdocs\NsoftDevNew\git_file\ci4\inhsDev\app\Controllers\Application.php(342): CodeIgniter\BaseModel->findAll()
#2 C:\xampp\htdocs\NsoftDevNew\git_file\ci4\inhsDev\vendor\codeigniter4\framework\system\CodeIgniter.php(931): App\Controllers\Application->checkStatUser()
#3 C:\xampp\htdocs\NsoftDevNew\git_file\ci4\inhsDev\vendor\codeigniter4\framework\system\CodeIgniter.php(439): CodeIgniter\CodeIgniter->runController(Object(App\Controllers\Application))
#4 C:\xampp\htdocs\NsoftDevNew\git_file\ci4\inhsDev\vendor\codeigniter4\framework\system\CodeIgniter.php(339): CodeIgniter\CodeIgniter->handleRequest(NULL, Object(Config\Cache), false)
#5 C:\xampp\htdocs\NsoftDevNew\git_file\ci4\inhsDev\public\index.php(36): CodeIgniter\CodeIgniter->run()
#6 C:\xampp\htdocs\NsoftDevNew\git_file\ci4\inhsDev\vendor\codeigniter4\framework\system\Commands\Server\rewrite.php(45): require_once('C:\\xampp\\htdocs...')
#7 {main}
ERROR - 2022-01-03 01:06:21 --> You have an error in your SQL syntax; check the manual that corresponds to your MariaDB server version for the right syntax to use near ')' at line 3
CRITICAL - 2022-01-03 01:06:21 --> Call to a member function getResult() on bool
#0 C:\xampp\htdocs\NsoftDevNew\git_file\ci4\inhsDev\vendor\codeigniter4\framework\system\BaseModel.php(603): CodeIgniter\Model->doFindAll(0, 0)
#1 C:\xampp\htdocs\NsoftDevNew\git_file\ci4\inhsDev\app\Controllers\Application.php(342): CodeIgniter\BaseModel->findAll()
#2 C:\xampp\htdocs\NsoftDevNew\git_file\ci4\inhsDev\vendor\codeigniter4\framework\system\CodeIgniter.php(931): App\Controllers\Application->checkStatUser()
#3 C:\xampp\htdocs\NsoftDevNew\git_file\ci4\inhsDev\vendor\codeigniter4\framework\system\CodeIgniter.php(439): CodeIgniter\CodeIgniter->runController(Object(App\Controllers\Application))
#4 C:\xampp\htdocs\NsoftDevNew\git_file\ci4\inhsDev\vendor\codeigniter4\framework\system\CodeIgniter.php(339): CodeIgniter\CodeIgniter->handleRequest(NULL, Object(Config\Cache), false)
#5 C:\xampp\htdocs\NsoftDevNew\git_file\ci4\inhsDev\public\index.php(36): CodeIgniter\CodeIgniter->run()
#6 C:\xampp\htdocs\NsoftDevNew\git_file\ci4\inhsDev\vendor\codeigniter4\framework\system\Commands\Server\rewrite.php(45): require_once('C:\\xampp\\htdocs...')
#7 {main}
ERROR - 2022-01-03 01:08:23 --> You have an error in your SQL syntax; check the manual that corresponds to your MariaDB server version for the right syntax to use near ')' at line 3
CRITICAL - 2022-01-03 01:08:23 --> Call to a member function getResult() on bool
#0 C:\xampp\htdocs\NsoftDevNew\git_file\ci4\inhsDev\vendor\codeigniter4\framework\system\BaseModel.php(603): CodeIgniter\Model->doFindAll(0, 0)
#1 C:\xampp\htdocs\NsoftDevNew\git_file\ci4\inhsDev\app\Controllers\Application.php(342): CodeIgniter\BaseModel->findAll()
#2 C:\xampp\htdocs\NsoftDevNew\git_file\ci4\inhsDev\vendor\codeigniter4\framework\system\CodeIgniter.php(931): App\Controllers\Application->checkStatUser()
#3 C:\xampp\htdocs\NsoftDevNew\git_file\ci4\inhsDev\vendor\codeigniter4\framework\system\CodeIgniter.php(439): CodeIgniter\CodeIgniter->runController(Object(App\Controllers\Application))
#4 C:\xampp\htdocs\NsoftDevNew\git_file\ci4\inhsDev\vendor\codeigniter4\framework\system\CodeIgniter.php(339): CodeIgniter\CodeIgniter->handleRequest(NULL, Object(Config\Cache), false)
#5 C:\xampp\htdocs\NsoftDevNew\git_file\ci4\inhsDev\public\index.php(36): CodeIgniter\CodeIgniter->run()
#6 C:\xampp\htdocs\NsoftDevNew\git_file\ci4\inhsDev\vendor\codeigniter4\framework\system\Commands\Server\rewrite.php(45): require_once('C:\\xampp\\htdocs...')
#7 {main}
ERROR - 2022-01-03 01:08:29 --> You have an error in your SQL syntax; check the manual that corresponds to your MariaDB server version for the right syntax to use near ')' at line 3
CRITICAL - 2022-01-03 01:08:29 --> Call to a member function getResult() on bool
#0 C:\xampp\htdocs\NsoftDevNew\git_file\ci4\inhsDev\vendor\codeigniter4\framework\system\BaseModel.php(603): CodeIgniter\Model->doFindAll(0, 0)
#1 C:\xampp\htdocs\NsoftDevNew\git_file\ci4\inhsDev\app\Controllers\Application.php(342): CodeIgniter\BaseModel->findAll()
#2 C:\xampp\htdocs\NsoftDevNew\git_file\ci4\inhsDev\vendor\codeigniter4\framework\system\CodeIgniter.php(931): App\Controllers\Application->checkStatUser()
#3 C:\xampp\htdocs\NsoftDevNew\git_file\ci4\inhsDev\vendor\codeigniter4\framework\system\CodeIgniter.php(439): CodeIgniter\CodeIgniter->runController(Object(App\Controllers\Application))
#4 C:\xampp\htdocs\NsoftDevNew\git_file\ci4\inhsDev\vendor\codeigniter4\framework\system\CodeIgniter.php(339): CodeIgniter\CodeIgniter->handleRequest(NULL, Object(Config\Cache), false)
#5 C:\xampp\htdocs\NsoftDevNew\git_file\ci4\inhsDev\public\index.php(36): CodeIgniter\CodeIgniter->run()
#6 C:\xampp\htdocs\NsoftDevNew\git_file\ci4\inhsDev\vendor\codeigniter4\framework\system\Commands\Server\rewrite.php(45): require_once('C:\\xampp\\htdocs...')
#7 {main}
ERROR - 2022-01-03 01:08:29 --> You have an error in your SQL syntax; check the manual that corresponds to your MariaDB server version for the right syntax to use near ')' at line 3
CRITICAL - 2022-01-03 01:08:29 --> Call to a member function getResult() on bool
#0 C:\xampp\htdocs\NsoftDevNew\git_file\ci4\inhsDev\vendor\codeigniter4\framework\system\BaseModel.php(603): CodeIgniter\Model->doFindAll(0, 0)
#1 C:\xampp\htdocs\NsoftDevNew\git_file\ci4\inhsDev\app\Controllers\Application.php(342): CodeIgniter\BaseModel->findAll()
#2 C:\xampp\htdocs\NsoftDevNew\git_file\ci4\inhsDev\vendor\codeigniter4\framework\system\CodeIgniter.php(931): App\Controllers\Application->checkStatUser()
#3 C:\xampp\htdocs\NsoftDevNew\git_file\ci4\inhsDev\vendor\codeigniter4\framework\system\CodeIgniter.php(439): CodeIgniter\CodeIgniter->runController(Object(App\Controllers\Application))
#4 C:\xampp\htdocs\NsoftDevNew\git_file\ci4\inhsDev\vendor\codeigniter4\framework\system\CodeIgniter.php(339): CodeIgniter\CodeIgniter->handleRequest(NULL, Object(Config\Cache), false)
#5 C:\xampp\htdocs\NsoftDevNew\git_file\ci4\inhsDev\public\index.php(36): CodeIgniter\CodeIgniter->run()
#6 C:\xampp\htdocs\NsoftDevNew\git_file\ci4\inhsDev\vendor\codeigniter4\framework\system\Commands\Server\rewrite.php(45): require_once('C:\\xampp\\htdocs...')
#7 {main}
ERROR - 2022-01-03 01:12:13 --> You have an error in your SQL syntax; check the manual that corresponds to your MariaDB server version for the right syntax to use near ')' at line 3
CRITICAL - 2022-01-03 01:12:13 --> Call to a member function getResult() on bool
#0 C:\xampp\htdocs\NsoftDevNew\git_file\ci4\inhsDev\vendor\codeigniter4\framework\system\BaseModel.php(603): CodeIgniter\Model->doFindAll(0, 0)
#1 C:\xampp\htdocs\NsoftDevNew\git_file\ci4\inhsDev\app\Controllers\Application.php(342): CodeIgniter\BaseModel->findAll()
#2 C:\xampp\htdocs\NsoftDevNew\git_file\ci4\inhsDev\vendor\codeigniter4\framework\system\CodeIgniter.php(931): App\Controllers\Application->checkStatUser()
#3 C:\xampp\htdocs\NsoftDevNew\git_file\ci4\inhsDev\vendor\codeigniter4\framework\system\CodeIgniter.php(439): CodeIgniter\CodeIgniter->runController(Object(App\Controllers\Application))
#4 C:\xampp\htdocs\NsoftDevNew\git_file\ci4\inhsDev\vendor\codeigniter4\framework\system\CodeIgniter.php(339): CodeIgniter\CodeIgniter->handleRequest(NULL, Object(Config\Cache), false)
#5 C:\xampp\htdocs\NsoftDevNew\git_file\ci4\inhsDev\public\index.php(36): CodeIgniter\CodeIgniter->run()
#6 C:\xampp\htdocs\NsoftDevNew\git_file\ci4\inhsDev\vendor\codeigniter4\framework\system\Commands\Server\rewrite.php(45): require_once('C:\\xampp\\htdocs...')
#7 {main}
ERROR - 2022-01-03 01:12:14 --> You have an error in your SQL syntax; check the manual that corresponds to your MariaDB server version for the right syntax to use near ')' at line 3
CRITICAL - 2022-01-03 01:12:14 --> Call to a member function getResult() on bool
#0 C:\xampp\htdocs\NsoftDevNew\git_file\ci4\inhsDev\vendor\codeigniter4\framework\system\BaseModel.php(603): CodeIgniter\Model->doFindAll(0, 0)
#1 C:\xampp\htdocs\NsoftDevNew\git_file\ci4\inhsDev\app\Controllers\Application.php(342): CodeIgniter\BaseModel->findAll()
#2 C:\xampp\htdocs\NsoftDevNew\git_file\ci4\inhsDev\vendor\codeigniter4\framework\system\CodeIgniter.php(931): App\Controllers\Application->checkStatUser()
#3 C:\xampp\htdocs\NsoftDevNew\git_file\ci4\inhsDev\vendor\codeigniter4\framework\system\CodeIgniter.php(439): CodeIgniter\CodeIgniter->runController(Object(App\Controllers\Application))
#4 C:\xampp\htdocs\NsoftDevNew\git_file\ci4\inhsDev\vendor\codeigniter4\framework\system\CodeIgniter.php(339): CodeIgniter\CodeIgniter->handleRequest(NULL, Object(Config\Cache), false)
#5 C:\xampp\htdocs\NsoftDevNew\git_file\ci4\inhsDev\public\index.php(36): CodeIgniter\CodeIgniter->run()
#6 C:\xampp\htdocs\NsoftDevNew\git_file\ci4\inhsDev\vendor\codeigniter4\framework\system\Commands\Server\rewrite.php(45): require_once('C:\\xampp\\htdocs...')
#7 {main}
ERROR - 2022-01-03 01:12:15 --> You have an error in your SQL syntax; check the manual that corresponds to your MariaDB server version for the right syntax to use near ')' at line 3
CRITICAL - 2022-01-03 01:12:15 --> Call to a member function getResult() on bool
#0 C:\xampp\htdocs\NsoftDevNew\git_file\ci4\inhsDev\vendor\codeigniter4\framework\system\BaseModel.php(603): CodeIgniter\Model->doFindAll(0, 0)
#1 C:\xampp\htdocs\NsoftDevNew\git_file\ci4\inhsDev\app\Controllers\Application.php(342): CodeIgniter\BaseModel->findAll()
#2 C:\xampp\htdocs\NsoftDevNew\git_file\ci4\inhsDev\vendor\codeigniter4\framework\system\CodeIgniter.php(931): App\Controllers\Application->checkStatUser()
#3 C:\xampp\htdocs\NsoftDevNew\git_file\ci4\inhsDev\vendor\codeigniter4\framework\system\CodeIgniter.php(439): CodeIgniter\CodeIgniter->runController(Object(App\Controllers\Application))
#4 C:\xampp\htdocs\NsoftDevNew\git_file\ci4\inhsDev\vendor\codeigniter4\framework\system\CodeIgniter.php(339): CodeIgniter\CodeIgniter->handleRequest(NULL, Object(Config\Cache), false)
#5 C:\xampp\htdocs\NsoftDevNew\git_file\ci4\inhsDev\public\index.php(36): CodeIgniter\CodeIgniter->run()
#6 C:\xampp\htdocs\NsoftDevNew\git_file\ci4\inhsDev\vendor\codeigniter4\framework\system\Commands\Server\rewrite.php(45): require_once('C:\\xampp\\htdocs...')
#7 {main}
ERROR - 2022-01-03 01:12:16 --> You have an error in your SQL syntax; check the manual that corresponds to your MariaDB server version for the right syntax to use near ')' at line 3
CRITICAL - 2022-01-03 01:12:16 --> Call to a member function getResult() on bool
#0 C:\xampp\htdocs\NsoftDevNew\git_file\ci4\inhsDev\vendor\codeigniter4\framework\system\BaseModel.php(603): CodeIgniter\Model->doFindAll(0, 0)
#1 C:\xampp\htdocs\NsoftDevNew\git_file\ci4\inhsDev\app\Controllers\Application.php(342): CodeIgniter\BaseModel->findAll()
#2 C:\xampp\htdocs\NsoftDevNew\git_file\ci4\inhsDev\vendor\codeigniter4\framework\system\CodeIgniter.php(931): App\Controllers\Application->checkStatUser()
#3 C:\xampp\htdocs\NsoftDevNew\git_file\ci4\inhsDev\vendor\codeigniter4\framework\system\CodeIgniter.php(439): CodeIgniter\CodeIgniter->runController(Object(App\Controllers\Application))
#4 C:\xampp\htdocs\NsoftDevNew\git_file\ci4\inhsDev\vendor\codeigniter4\framework\system\CodeIgniter.php(339): CodeIgniter\CodeIgniter->handleRequest(NULL, Object(Config\Cache), false)
#5 C:\xampp\htdocs\NsoftDevNew\git_file\ci4\inhsDev\public\index.php(36): CodeIgniter\CodeIgniter->run()
#6 C:\xampp\htdocs\NsoftDevNew\git_file\ci4\inhsDev\vendor\codeigniter4\framework\system\Commands\Server\rewrite.php(45): require_once('C:\\xampp\\htdocs...')
#7 {main}
ERROR - 2022-01-03 01:12:16 --> You have an error in your SQL syntax; check the manual that corresponds to your MariaDB server version for the right syntax to use near ')' at line 3
CRITICAL - 2022-01-03 01:12:16 --> Call to a member function getResult() on bool
#0 C:\xampp\htdocs\NsoftDevNew\git_file\ci4\inhsDev\vendor\codeigniter4\framework\system\BaseModel.php(603): CodeIgniter\Model->doFindAll(0, 0)
#1 C:\xampp\htdocs\NsoftDevNew\git_file\ci4\inhsDev\app\Controllers\Application.php(342): CodeIgniter\BaseModel->findAll()
#2 C:\xampp\htdocs\NsoftDevNew\git_file\ci4\inhsDev\vendor\codeigniter4\framework\system\CodeIgniter.php(931): App\Controllers\Application->checkStatUser()
#3 C:\xampp\htdocs\NsoftDevNew\git_file\ci4\inhsDev\vendor\codeigniter4\framework\system\CodeIgniter.php(439): CodeIgniter\CodeIgniter->runController(Object(App\Controllers\Application))
#4 C:\xampp\htdocs\NsoftDevNew\git_file\ci4\inhsDev\vendor\codeigniter4\framework\system\CodeIgniter.php(339): CodeIgniter\CodeIgniter->handleRequest(NULL, Object(Config\Cache), false)
#5 C:\xampp\htdocs\NsoftDevNew\git_file\ci4\inhsDev\public\index.php(36): CodeIgniter\CodeIgniter->run()
#6 C:\xampp\htdocs\NsoftDevNew\git_file\ci4\inhsDev\vendor\codeigniter4\framework\system\Commands\Server\rewrite.php(45): require_once('C:\\xampp\\htdocs...')
#7 {main}
ERROR - 2022-01-03 01:12:17 --> You have an error in your SQL syntax; check the manual that corresponds to your MariaDB server version for the right syntax to use near ')' at line 3
CRITICAL - 2022-01-03 01:12:17 --> Call to a member function getResult() on bool
#0 C:\xampp\htdocs\NsoftDevNew\git_file\ci4\inhsDev\vendor\codeigniter4\framework\system\BaseModel.php(603): CodeIgniter\Model->doFindAll(0, 0)
#1 C:\xampp\htdocs\NsoftDevNew\git_file\ci4\inhsDev\app\Controllers\Application.php(342): CodeIgniter\BaseModel->findAll()
#2 C:\xampp\htdocs\NsoftDevNew\git_file\ci4\inhsDev\vendor\codeigniter4\framework\system\CodeIgniter.php(931): App\Controllers\Application->checkStatUser()
#3 C:\xampp\htdocs\NsoftDevNew\git_file\ci4\inhsDev\vendor\codeigniter4\framework\system\CodeIgniter.php(439): CodeIgniter\CodeIgniter->runController(Object(App\Controllers\Application))
#4 C:\xampp\htdocs\NsoftDevNew\git_file\ci4\inhsDev\vendor\codeigniter4\framework\system\CodeIgniter.php(339): CodeIgniter\CodeIgniter->handleRequest(NULL, Object(Config\Cache), false)
#5 C:\xampp\htdocs\NsoftDevNew\git_file\ci4\inhsDev\public\index.php(36): CodeIgniter\CodeIgniter->run()
#6 C:\xampp\htdocs\NsoftDevNew\git_file\ci4\inhsDev\vendor\codeigniter4\framework\system\Commands\Server\rewrite.php(45): require_once('C:\\xampp\\htdocs...')
#7 {main}
ERROR - 2022-01-03 01:12:50 --> You have an error in your SQL syntax; check the manual that corresponds to your MariaDB server version for the right syntax to use near ')' at line 3
CRITICAL - 2022-01-03 01:12:50 --> Call to a member function getResult() on bool
#0 C:\xampp\htdocs\NsoftDevNew\git_file\ci4\inhsDev\vendor\codeigniter4\framework\system\BaseModel.php(603): CodeIgniter\Model->doFindAll(0, 0)
#1 C:\xampp\htdocs\NsoftDevNew\git_file\ci4\inhsDev\app\Controllers\Application.php(342): CodeIgniter\BaseModel->findAll()
#2 C:\xampp\htdocs\NsoftDevNew\git_file\ci4\inhsDev\vendor\codeigniter4\framework\system\CodeIgniter.php(931): App\Controllers\Application->checkStatUser()
#3 C:\xampp\htdocs\NsoftDevNew\git_file\ci4\inhsDev\vendor\codeigniter4\framework\system\CodeIgniter.php(439): CodeIgniter\CodeIgniter->runController(Object(App\Controllers\Application))
#4 C:\xampp\htdocs\NsoftDevNew\git_file\ci4\inhsDev\vendor\codeigniter4\framework\system\CodeIgniter.php(339): CodeIgniter\CodeIgniter->handleRequest(NULL, Object(Config\Cache), false)
#5 C:\xampp\htdocs\NsoftDevNew\git_file\ci4\inhsDev\public\index.php(36): CodeIgniter\CodeIgniter->run()
#6 C:\xampp\htdocs\NsoftDevNew\git_file\ci4\inhsDev\vendor\codeigniter4\framework\system\Commands\Server\rewrite.php(45): require_once('C:\\xampp\\htdocs...')
#7 {main}
ERROR - 2022-01-03 01:13:38 --> You have an error in your SQL syntax; check the manual that corresponds to your MariaDB server version for the right syntax to use near ')
 LIMIT 1' at line 3
CRITICAL - 2022-01-03 01:13:38 --> Call to a member function getFirstRow() on bool
#0 C:\xampp\htdocs\NsoftDevNew\git_file\ci4\inhsDev\vendor\codeigniter4\framework\system\BaseModel.php(644): CodeIgniter\Model->doFirst()
#1 C:\xampp\htdocs\NsoftDevNew\git_file\ci4\inhsDev\app\Controllers\Application.php(342): CodeIgniter\BaseModel->first()
#2 C:\xampp\htdocs\NsoftDevNew\git_file\ci4\inhsDev\vendor\codeigniter4\framework\system\CodeIgniter.php(931): App\Controllers\Application->checkStatUser()
#3 C:\xampp\htdocs\NsoftDevNew\git_file\ci4\inhsDev\vendor\codeigniter4\framework\system\CodeIgniter.php(439): CodeIgniter\CodeIgniter->runController(Object(App\Controllers\Application))
#4 C:\xampp\htdocs\NsoftDevNew\git_file\ci4\inhsDev\vendor\codeigniter4\framework\system\CodeIgniter.php(339): CodeIgniter\CodeIgniter->handleRequest(NULL, Object(Config\Cache), false)
#5 C:\xampp\htdocs\NsoftDevNew\git_file\ci4\inhsDev\public\index.php(36): CodeIgniter\CodeIgniter->run()
#6 C:\xampp\htdocs\NsoftDevNew\git_file\ci4\inhsDev\vendor\codeigniter4\framework\system\Commands\Server\rewrite.php(45): require_once('C:\\xampp\\htdocs...')
#7 {main}
ERROR - 2022-01-03 01:13:42 --> You have an error in your SQL syntax; check the manual that corresponds to your MariaDB server version for the right syntax to use near ')
 LIMIT 1' at line 3
CRITICAL - 2022-01-03 01:13:42 --> Call to a member function getFirstRow() on bool
#0 C:\xampp\htdocs\NsoftDevNew\git_file\ci4\inhsDev\vendor\codeigniter4\framework\system\BaseModel.php(644): CodeIgniter\Model->doFirst()
#1 C:\xampp\htdocs\NsoftDevNew\git_file\ci4\inhsDev\app\Controllers\Application.php(342): CodeIgniter\BaseModel->first()
#2 C:\xampp\htdocs\NsoftDevNew\git_file\ci4\inhsDev\vendor\codeigniter4\framework\system\CodeIgniter.php(931): App\Controllers\Application->checkStatUser()
#3 C:\xampp\htdocs\NsoftDevNew\git_file\ci4\inhsDev\vendor\codeigniter4\framework\system\CodeIgniter.php(439): CodeIgniter\CodeIgniter->runController(Object(App\Controllers\Application))
#4 C:\xampp\htdocs\NsoftDevNew\git_file\ci4\inhsDev\vendor\codeigniter4\framework\system\CodeIgniter.php(339): CodeIgniter\CodeIgniter->handleRequest(NULL, Object(Config\Cache), false)
#5 C:\xampp\htdocs\NsoftDevNew\git_file\ci4\inhsDev\public\index.php(36): CodeIgniter\CodeIgniter->run()
#6 C:\xampp\htdocs\NsoftDevNew\git_file\ci4\inhsDev\vendor\codeigniter4\framework\system\Commands\Server\rewrite.php(45): require_once('C:\\xampp\\htdocs...')
#7 {main}
ERROR - 2022-01-03 01:13:42 --> You have an error in your SQL syntax; check the manual that corresponds to your MariaDB server version for the right syntax to use near ')
 LIMIT 1' at line 3
CRITICAL - 2022-01-03 01:13:42 --> Call to a member function getFirstRow() on bool
#0 C:\xampp\htdocs\NsoftDevNew\git_file\ci4\inhsDev\vendor\codeigniter4\framework\system\BaseModel.php(644): CodeIgniter\Model->doFirst()
#1 C:\xampp\htdocs\NsoftDevNew\git_file\ci4\inhsDev\app\Controllers\Application.php(342): CodeIgniter\BaseModel->first()
#2 C:\xampp\htdocs\NsoftDevNew\git_file\ci4\inhsDev\vendor\codeigniter4\framework\system\CodeIgniter.php(931): App\Controllers\Application->checkStatUser()
#3 C:\xampp\htdocs\NsoftDevNew\git_file\ci4\inhsDev\vendor\codeigniter4\framework\system\CodeIgniter.php(439): CodeIgniter\CodeIgniter->runController(Object(App\Controllers\Application))
#4 C:\xampp\htdocs\NsoftDevNew\git_file\ci4\inhsDev\vendor\codeigniter4\framework\system\CodeIgniter.php(339): CodeIgniter\CodeIgniter->handleRequest(NULL, Object(Config\Cache), false)
#5 C:\xampp\htdocs\NsoftDevNew\git_file\ci4\inhsDev\public\index.php(36): CodeIgniter\CodeIgniter->run()
#6 C:\xampp\htdocs\NsoftDevNew\git_file\ci4\inhsDev\vendor\codeigniter4\framework\system\Commands\Server\rewrite.php(45): require_once('C:\\xampp\\htdocs...')
#7 {main}
ERROR - 2022-01-03 01:14:44 --> You have an error in your SQL syntax; check the manual that corresponds to your MariaDB server version for the right syntax to use near ')' at line 3
CRITICAL - 2022-01-03 01:14:44 --> Call to a member function getResult() on bool
#0 C:\xampp\htdocs\NsoftDevNew\git_file\ci4\inhsDev\vendor\codeigniter4\framework\system\BaseModel.php(603): CodeIgniter\Model->doFindAll(0, 0)
#1 C:\xampp\htdocs\NsoftDevNew\git_file\ci4\inhsDev\app\Controllers\Application.php(342): CodeIgniter\BaseModel->findAll()
#2 C:\xampp\htdocs\NsoftDevNew\git_file\ci4\inhsDev\vendor\codeigniter4\framework\system\CodeIgniter.php(931): App\Controllers\Application->checkStatUser()
#3 C:\xampp\htdocs\NsoftDevNew\git_file\ci4\inhsDev\vendor\codeigniter4\framework\system\CodeIgniter.php(439): CodeIgniter\CodeIgniter->runController(Object(App\Controllers\Application))
#4 C:\xampp\htdocs\NsoftDevNew\git_file\ci4\inhsDev\vendor\codeigniter4\framework\system\CodeIgniter.php(339): CodeIgniter\CodeIgniter->handleRequest(NULL, Object(Config\Cache), false)
#5 C:\xampp\htdocs\NsoftDevNew\git_file\ci4\inhsDev\public\index.php(36): CodeIgniter\CodeIgniter->run()
#6 C:\xampp\htdocs\NsoftDevNew\git_file\ci4\inhsDev\vendor\codeigniter4\framework\system\Commands\Server\rewrite.php(45): require_once('C:\\xampp\\htdocs...')
#7 {main}
ERROR - 2022-01-03 01:15:33 --> You have an error in your SQL syntax; check the manual that corresponds to your MariaDB server version for the right syntax to use near ')' at line 3
CRITICAL - 2022-01-03 01:15:33 --> Call to a member function getResult() on bool
#0 C:\xampp\htdocs\NsoftDevNew\git_file\ci4\inhsDev\vendor\codeigniter4\framework\system\BaseModel.php(538): CodeIgniter\Model->doFind(false, NULL)
#1 C:\xampp\htdocs\NsoftDevNew\git_file\ci4\inhsDev\app\Controllers\Application.php(342): CodeIgniter\BaseModel->find()
#2 C:\xampp\htdocs\NsoftDevNew\git_file\ci4\inhsDev\vendor\codeigniter4\framework\system\CodeIgniter.php(931): App\Controllers\Application->checkStatUser()
#3 C:\xampp\htdocs\NsoftDevNew\git_file\ci4\inhsDev\vendor\codeigniter4\framework\system\CodeIgniter.php(439): CodeIgniter\CodeIgniter->runController(Object(App\Controllers\Application))
#4 C:\xampp\htdocs\NsoftDevNew\git_file\ci4\inhsDev\vendor\codeigniter4\framework\system\CodeIgniter.php(339): CodeIgniter\CodeIgniter->handleRequest(NULL, Object(Config\Cache), false)
#5 C:\xampp\htdocs\NsoftDevNew\git_file\ci4\inhsDev\public\index.php(36): CodeIgniter\CodeIgniter->run()
#6 C:\xampp\htdocs\NsoftDevNew\git_file\ci4\inhsDev\vendor\codeigniter4\framework\system\Commands\Server\rewrite.php(45): require_once('C:\\xampp\\htdocs...')
#7 {main}
ERROR - 2022-01-03 01:15:35 --> You have an error in your SQL syntax; check the manual that corresponds to your MariaDB server version for the right syntax to use near ')' at line 3
CRITICAL - 2022-01-03 01:15:35 --> Call to a member function getResult() on bool
#0 C:\xampp\htdocs\NsoftDevNew\git_file\ci4\inhsDev\vendor\codeigniter4\framework\system\BaseModel.php(538): CodeIgniter\Model->doFind(false, NULL)
#1 C:\xampp\htdocs\NsoftDevNew\git_file\ci4\inhsDev\app\Controllers\Application.php(342): CodeIgniter\BaseModel->find()
#2 C:\xampp\htdocs\NsoftDevNew\git_file\ci4\inhsDev\vendor\codeigniter4\framework\system\CodeIgniter.php(931): App\Controllers\Application->checkStatUser()
#3 C:\xampp\htdocs\NsoftDevNew\git_file\ci4\inhsDev\vendor\codeigniter4\framework\system\CodeIgniter.php(439): CodeIgniter\CodeIgniter->runController(Object(App\Controllers\Application))
#4 C:\xampp\htdocs\NsoftDevNew\git_file\ci4\inhsDev\vendor\codeigniter4\framework\system\CodeIgniter.php(339): CodeIgniter\CodeIgniter->handleRequest(NULL, Object(Config\Cache), false)
#5 C:\xampp\htdocs\NsoftDevNew\git_file\ci4\inhsDev\public\index.php(36): CodeIgniter\CodeIgniter->run()
#6 C:\xampp\htdocs\NsoftDevNew\git_file\ci4\inhsDev\vendor\codeigniter4\framework\system\Commands\Server\rewrite.php(45): require_once('C:\\xampp\\htdocs...')
#7 {main}
ERROR - 2022-01-03 01:15:35 --> You have an error in your SQL syntax; check the manual that corresponds to your MariaDB server version for the right syntax to use near ')' at line 3
CRITICAL - 2022-01-03 01:15:35 --> Call to a member function getResult() on bool
#0 C:\xampp\htdocs\NsoftDevNew\git_file\ci4\inhsDev\vendor\codeigniter4\framework\system\BaseModel.php(538): CodeIgniter\Model->doFind(false, NULL)
#1 C:\xampp\htdocs\NsoftDevNew\git_file\ci4\inhsDev\app\Controllers\Application.php(342): CodeIgniter\BaseModel->find()
#2 C:\xampp\htdocs\NsoftDevNew\git_file\ci4\inhsDev\vendor\codeigniter4\framework\system\CodeIgniter.php(931): App\Controllers\Application->checkStatUser()
#3 C:\xampp\htdocs\NsoftDevNew\git_file\ci4\inhsDev\vendor\codeigniter4\framework\system\CodeIgniter.php(439): CodeIgniter\CodeIgniter->runController(Object(App\Controllers\Application))
#4 C:\xampp\htdocs\NsoftDevNew\git_file\ci4\inhsDev\vendor\codeigniter4\framework\system\CodeIgniter.php(339): CodeIgniter\CodeIgniter->handleRequest(NULL, Object(Config\Cache), false)
#5 C:\xampp\htdocs\NsoftDevNew\git_file\ci4\inhsDev\public\index.php(36): CodeIgniter\CodeIgniter->run()
#6 C:\xampp\htdocs\NsoftDevNew\git_file\ci4\inhsDev\vendor\codeigniter4\framework\system\Commands\Server\rewrite.php(45): require_once('C:\\xampp\\htdocs...')
#7 {main}
ERROR - 2022-01-03 01:16:02 --> You have an error in your SQL syntax; check the manual that corresponds to your MariaDB server version for the right syntax to use near ')' at line 3
CRITICAL - 2022-01-03 01:16:02 --> Call to a member function getResult() on bool
#0 C:\xampp\htdocs\NsoftDevNew\git_file\ci4\inhsDev\vendor\codeigniter4\framework\system\BaseModel.php(603): CodeIgniter\Model->doFindAll(0, 0)
#1 C:\xampp\htdocs\NsoftDevNew\git_file\ci4\inhsDev\app\Controllers\Application.php(343): CodeIgniter\BaseModel->findAll()
#2 C:\xampp\htdocs\NsoftDevNew\git_file\ci4\inhsDev\vendor\codeigniter4\framework\system\CodeIgniter.php(931): App\Controllers\Application->checkStatUser()
#3 C:\xampp\htdocs\NsoftDevNew\git_file\ci4\inhsDev\vendor\codeigniter4\framework\system\CodeIgniter.php(439): CodeIgniter\CodeIgniter->runController(Object(App\Controllers\Application))
#4 C:\xampp\htdocs\NsoftDevNew\git_file\ci4\inhsDev\vendor\codeigniter4\framework\system\CodeIgniter.php(339): CodeIgniter\CodeIgniter->handleRequest(NULL, Object(Config\Cache), false)
#5 C:\xampp\htdocs\NsoftDevNew\git_file\ci4\inhsDev\public\index.php(36): CodeIgniter\CodeIgniter->run()
#6 C:\xampp\htdocs\NsoftDevNew\git_file\ci4\inhsDev\vendor\codeigniter4\framework\system\Commands\Server\rewrite.php(45): require_once('C:\\xampp\\htdocs...')
#7 {main}
ERROR - 2022-01-03 01:16:06 --> You have an error in your SQL syntax; check the manual that corresponds to your MariaDB server version for the right syntax to use near ')' at line 3
CRITICAL - 2022-01-03 01:16:06 --> Call to a member function getResult() on bool
#0 C:\xampp\htdocs\NsoftDevNew\git_file\ci4\inhsDev\vendor\codeigniter4\framework\system\BaseModel.php(603): CodeIgniter\Model->doFindAll(0, 0)
#1 C:\xampp\htdocs\NsoftDevNew\git_file\ci4\inhsDev\app\Controllers\Application.php(343): CodeIgniter\BaseModel->findAll()
#2 C:\xampp\htdocs\NsoftDevNew\git_file\ci4\inhsDev\vendor\codeigniter4\framework\system\CodeIgniter.php(931): App\Controllers\Application->checkStatUser()
#3 C:\xampp\htdocs\NsoftDevNew\git_file\ci4\inhsDev\vendor\codeigniter4\framework\system\CodeIgniter.php(439): CodeIgniter\CodeIgniter->runController(Object(App\Controllers\Application))
#4 C:\xampp\htdocs\NsoftDevNew\git_file\ci4\inhsDev\vendor\codeigniter4\framework\system\CodeIgniter.php(339): CodeIgniter\CodeIgniter->handleRequest(NULL, Object(Config\Cache), false)
#5 C:\xampp\htdocs\NsoftDevNew\git_file\ci4\inhsDev\public\index.php(36): CodeIgniter\CodeIgniter->run()
#6 C:\xampp\htdocs\NsoftDevNew\git_file\ci4\inhsDev\vendor\codeigniter4\framework\system\Commands\Server\rewrite.php(45): require_once('C:\\xampp\\htdocs...')
#7 {main}
ERROR - 2022-01-03 01:16:06 --> You have an error in your SQL syntax; check the manual that corresponds to your MariaDB server version for the right syntax to use near ')' at line 3
CRITICAL - 2022-01-03 01:16:06 --> Call to a member function getResult() on bool
#0 C:\xampp\htdocs\NsoftDevNew\git_file\ci4\inhsDev\vendor\codeigniter4\framework\system\BaseModel.php(603): CodeIgniter\Model->doFindAll(0, 0)
#1 C:\xampp\htdocs\NsoftDevNew\git_file\ci4\inhsDev\app\Controllers\Application.php(343): CodeIgniter\BaseModel->findAll()
#2 C:\xampp\htdocs\NsoftDevNew\git_file\ci4\inhsDev\vendor\codeigniter4\framework\system\CodeIgniter.php(931): App\Controllers\Application->checkStatUser()
#3 C:\xampp\htdocs\NsoftDevNew\git_file\ci4\inhsDev\vendor\codeigniter4\framework\system\CodeIgniter.php(439): CodeIgniter\CodeIgniter->runController(Object(App\Controllers\Application))
#4 C:\xampp\htdocs\NsoftDevNew\git_file\ci4\inhsDev\vendor\codeigniter4\framework\system\CodeIgniter.php(339): CodeIgniter\CodeIgniter->handleRequest(NULL, Object(Config\Cache), false)
#5 C:\xampp\htdocs\NsoftDevNew\git_file\ci4\inhsDev\public\index.php(36): CodeIgniter\CodeIgniter->run()
#6 C:\xampp\htdocs\NsoftDevNew\git_file\ci4\inhsDev\vendor\codeigniter4\framework\system\Commands\Server\rewrite.php(45): require_once('C:\\xampp\\htdocs...')
#7 {main}
CRITICAL - 2022-01-03 01:17:17 --> Undefined variable $data
#0 C:\xampp\htdocs\NsoftDevNew\git_file\ci4\inhsDev\app\Controllers\Application.php(345): CodeIgniter\Debug\Exceptions->errorHandler(2, 'Undefined varia...', 'C:\\xampp\\htdocs...', 345)
#1 C:\xampp\htdocs\NsoftDevNew\git_file\ci4\inhsDev\vendor\codeigniter4\framework\system\CodeIgniter.php(931): App\Controllers\Application->checkStatUser()
#2 C:\xampp\htdocs\NsoftDevNew\git_file\ci4\inhsDev\vendor\codeigniter4\framework\system\CodeIgniter.php(439): CodeIgniter\CodeIgniter->runController(Object(App\Controllers\Application))
#3 C:\xampp\htdocs\NsoftDevNew\git_file\ci4\inhsDev\vendor\codeigniter4\framework\system\CodeIgniter.php(339): CodeIgniter\CodeIgniter->handleRequest(NULL, Object(Config\Cache), false)
#4 C:\xampp\htdocs\NsoftDevNew\git_file\ci4\inhsDev\public\index.php(36): CodeIgniter\CodeIgniter->run()
#5 C:\xampp\htdocs\NsoftDevNew\git_file\ci4\inhsDev\vendor\codeigniter4\framework\system\Commands\Server\rewrite.php(45): require_once('C:\\xampp\\htdocs...')
#6 {main}
CRITICAL - 2022-01-03 01:18:53 --> Undefined variable $val
#0 C:\xampp\htdocs\NsoftDevNew\git_file\ci4\inhsDev\app\Controllers\Application.php(338): CodeIgniter\Debug\Exceptions->errorHandler(2, 'Undefined varia...', 'C:\\xampp\\htdocs...', 338)
#1 C:\xampp\htdocs\NsoftDevNew\git_file\ci4\inhsDev\vendor\codeigniter4\framework\system\CodeIgniter.php(931): App\Controllers\Application->checkStatUser()
#2 C:\xampp\htdocs\NsoftDevNew\git_file\ci4\inhsDev\vendor\codeigniter4\framework\system\CodeIgniter.php(439): CodeIgniter\CodeIgniter->runController(Object(App\Controllers\Application))
#3 C:\xampp\htdocs\NsoftDevNew\git_file\ci4\inhsDev\vendor\codeigniter4\framework\system\CodeIgniter.php(339): CodeIgniter\CodeIgniter->handleRequest(NULL, Object(Config\Cache), false)
#4 C:\xampp\htdocs\NsoftDevNew\git_file\ci4\inhsDev\public\index.php(36): CodeIgniter\CodeIgniter->run()
#5 C:\xampp\htdocs\NsoftDevNew\git_file\ci4\inhsDev\vendor\codeigniter4\framework\system\Commands\Server\rewrite.php(45): require_once('C:\\xampp\\htdocs...')
#6 {main}
ERROR - 2022-01-03 01:19:39 --> You have an error in your SQL syntax; check the manual that corresponds to your MariaDB server version for the right syntax to use near ')' at line 3
CRITICAL - 2022-01-03 01:19:39 --> Call to a member function getResult() on bool
#0 C:\xampp\htdocs\NsoftDevNew\git_file\ci4\inhsDev\vendor\codeigniter4\framework\system\BaseModel.php(603): CodeIgniter\Model->doFindAll(0, 0)
#1 C:\xampp\htdocs\NsoftDevNew\git_file\ci4\inhsDev\app\Controllers\Application.php(343): CodeIgniter\BaseModel->findAll()
#2 C:\xampp\htdocs\NsoftDevNew\git_file\ci4\inhsDev\vendor\codeigniter4\framework\system\CodeIgniter.php(931): App\Controllers\Application->checkStatUser()
#3 C:\xampp\htdocs\NsoftDevNew\git_file\ci4\inhsDev\vendor\codeigniter4\framework\system\CodeIgniter.php(439): CodeIgniter\CodeIgniter->runController(Object(App\Controllers\Application))
#4 C:\xampp\htdocs\NsoftDevNew\git_file\ci4\inhsDev\vendor\codeigniter4\framework\system\CodeIgniter.php(339): CodeIgniter\CodeIgniter->handleRequest(NULL, Object(Config\Cache), false)
#5 C:\xampp\htdocs\NsoftDevNew\git_file\ci4\inhsDev\public\index.php(36): CodeIgniter\CodeIgniter->run()
#6 C:\xampp\htdocs\NsoftDevNew\git_file\ci4\inhsDev\vendor\codeigniter4\framework\system\Commands\Server\rewrite.php(45): require_once('C:\\xampp\\htdocs...')
#7 {main}
ERROR - 2022-01-03 01:58:49 --> You have an error in your SQL syntax; check the manual that corresponds to your MariaDB server version for the right syntax to use near ')' at line 3
CRITICAL - 2022-01-03 01:58:49 --> Call to a member function getResult() on bool
#0 C:\xampp\htdocs\NsoftDevNew\git_file\ci4\inhsDev\vendor\codeigniter4\framework\system\BaseModel.php(603): CodeIgniter\Model->doFindAll(0, 0)
#1 C:\xampp\htdocs\NsoftDevNew\git_file\ci4\inhsDev\app\Controllers\Application.php(343): CodeIgniter\BaseModel->findAll()
#2 C:\xampp\htdocs\NsoftDevNew\git_file\ci4\inhsDev\vendor\codeigniter4\framework\system\CodeIgniter.php(931): App\Controllers\Application->checkStatUser()
#3 C:\xampp\htdocs\NsoftDevNew\git_file\ci4\inhsDev\vendor\codeigniter4\framework\system\CodeIgniter.php(439): CodeIgniter\CodeIgniter->runController(Object(App\Controllers\Application))
#4 C:\xampp\htdocs\NsoftDevNew\git_file\ci4\inhsDev\vendor\codeigniter4\framework\system\CodeIgniter.php(339): CodeIgniter\CodeIgniter->handleRequest(NULL, Object(Config\Cache), false)
#5 C:\xampp\htdocs\NsoftDevNew\git_file\ci4\inhsDev\public\index.php(36): CodeIgniter\CodeIgniter->run()
#6 C:\xampp\htdocs\NsoftDevNew\git_file\ci4\inhsDev\vendor\codeigniter4\framework\system\Commands\Server\rewrite.php(45): require_once('C:\\xampp\\htdocs...')
#7 {main}
ERROR - 2022-01-03 02:01:11 --> You have an error in your SQL syntax; check the manual that corresponds to your MariaDB server version for the right syntax to use near ')' at line 3
CRITICAL - 2022-01-03 02:01:11 --> Call to a member function getResult() on bool
#0 C:\xampp\htdocs\NsoftDevNew\git_file\ci4\inhsDev\vendor\codeigniter4\framework\system\BaseModel.php(603): CodeIgniter\Model->doFindAll(0, 0)
#1 C:\xampp\htdocs\NsoftDevNew\git_file\ci4\inhsDev\app\Controllers\Application.php(342): CodeIgniter\BaseModel->findAll()
#2 C:\xampp\htdocs\NsoftDevNew\git_file\ci4\inhsDev\vendor\codeigniter4\framework\system\CodeIgniter.php(931): App\Controllers\Application->checkStatUser()
#3 C:\xampp\htdocs\NsoftDevNew\git_file\ci4\inhsDev\vendor\codeigniter4\framework\system\CodeIgniter.php(439): CodeIgniter\CodeIgniter->runController(Object(App\Controllers\Application))
#4 C:\xampp\htdocs\NsoftDevNew\git_file\ci4\inhsDev\vendor\codeigniter4\framework\system\CodeIgniter.php(339): CodeIgniter\CodeIgniter->handleRequest(NULL, Object(Config\Cache), false)
#5 C:\xampp\htdocs\NsoftDevNew\git_file\ci4\inhsDev\public\index.php(36): CodeIgniter\CodeIgniter->run()
#6 C:\xampp\htdocs\NsoftDevNew\git_file\ci4\inhsDev\vendor\codeigniter4\framework\system\Commands\Server\rewrite.php(45): require_once('C:\\xampp\\htdocs...')
#7 {main}
ERROR - 2022-01-03 02:03:46 --> You have an error in your SQL syntax; check the manual that corresponds to your MariaDB server version for the right syntax to use near ')' at line 3
CRITICAL - 2022-01-03 02:03:46 --> Call to a member function getResult() on bool
#0 C:\xampp\htdocs\NsoftDevNew\git_file\ci4\inhsDev\vendor\codeigniter4\framework\system\BaseModel.php(603): CodeIgniter\Model->doFindAll(0, 0)
#1 C:\xampp\htdocs\NsoftDevNew\git_file\ci4\inhsDev\app\Controllers\Application.php(342): CodeIgniter\BaseModel->findAll()
#2 C:\xampp\htdocs\NsoftDevNew\git_file\ci4\inhsDev\vendor\codeigniter4\framework\system\CodeIgniter.php(931): App\Controllers\Application->checkStatUser()
#3 C:\xampp\htdocs\NsoftDevNew\git_file\ci4\inhsDev\vendor\codeigniter4\framework\system\CodeIgniter.php(439): CodeIgniter\CodeIgniter->runController(Object(App\Controllers\Application))
#4 C:\xampp\htdocs\NsoftDevNew\git_file\ci4\inhsDev\vendor\codeigniter4\framework\system\CodeIgniter.php(339): CodeIgniter\CodeIgniter->handleRequest(NULL, Object(Config\Cache), false)
#5 C:\xampp\htdocs\NsoftDevNew\git_file\ci4\inhsDev\public\index.php(36): CodeIgniter\CodeIgniter->run()
#6 C:\xampp\htdocs\NsoftDevNew\git_file\ci4\inhsDev\vendor\codeigniter4\framework\system\Commands\Server\rewrite.php(45): require_once('C:\\xampp\\htdocs...')
#7 {main}
ERROR - 2022-01-03 02:04:04 --> You have an error in your SQL syntax; check the manual that corresponds to your MariaDB server version for the right syntax to use near ')' at line 3
CRITICAL - 2022-01-03 02:04:04 --> Call to a member function getResult() on bool
#0 C:\xampp\htdocs\NsoftDevNew\git_file\ci4\inhsDev\vendor\codeigniter4\framework\system\BaseModel.php(603): CodeIgniter\Model->doFindAll(0, 0)
#1 C:\xampp\htdocs\NsoftDevNew\git_file\ci4\inhsDev\app\Controllers\Application.php(342): CodeIgniter\BaseModel->findAll()
#2 C:\xampp\htdocs\NsoftDevNew\git_file\ci4\inhsDev\vendor\codeigniter4\framework\system\CodeIgniter.php(931): App\Controllers\Application->checkStatUser()
#3 C:\xampp\htdocs\NsoftDevNew\git_file\ci4\inhsDev\vendor\codeigniter4\framework\system\CodeIgniter.php(439): CodeIgniter\CodeIgniter->runController(Object(App\Controllers\Application))
#4 C:\xampp\htdocs\NsoftDevNew\git_file\ci4\inhsDev\vendor\codeigniter4\framework\system\CodeIgniter.php(339): CodeIgniter\CodeIgniter->handleRequest(NULL, Object(Config\Cache), false)
#5 C:\xampp\htdocs\NsoftDevNew\git_file\ci4\inhsDev\public\index.php(36): CodeIgniter\CodeIgniter->run()
#6 C:\xampp\htdocs\NsoftDevNew\git_file\ci4\inhsDev\vendor\codeigniter4\framework\system\Commands\Server\rewrite.php(45): require_once('C:\\xampp\\htdocs...')
#7 {main}
ERROR - 2022-01-03 02:04:16 --> You have an error in your SQL syntax; check the manual that corresponds to your MariaDB server version for the right syntax to use near ')' at line 3
CRITICAL - 2022-01-03 02:04:16 --> Call to a member function getResult() on bool
#0 C:\xampp\htdocs\NsoftDevNew\git_file\ci4\inhsDev\vendor\codeigniter4\framework\system\BaseModel.php(603): CodeIgniter\Model->doFindAll(0, 0)
#1 C:\xampp\htdocs\NsoftDevNew\git_file\ci4\inhsDev\app\Controllers\Application.php(342): CodeIgniter\BaseModel->findAll()
#2 C:\xampp\htdocs\NsoftDevNew\git_file\ci4\inhsDev\vendor\codeigniter4\framework\system\CodeIgniter.php(931): App\Controllers\Application->checkStatUser()
#3 C:\xampp\htdocs\NsoftDevNew\git_file\ci4\inhsDev\vendor\codeigniter4\framework\system\CodeIgniter.php(439): CodeIgniter\CodeIgniter->runController(Object(App\Controllers\Application))
#4 C:\xampp\htdocs\NsoftDevNew\git_file\ci4\inhsDev\vendor\codeigniter4\framework\system\CodeIgniter.php(339): CodeIgniter\CodeIgniter->handleRequest(NULL, Object(Config\Cache), false)
#5 C:\xampp\htdocs\NsoftDevNew\git_file\ci4\inhsDev\public\index.php(36): CodeIgniter\CodeIgniter->run()
#6 C:\xampp\htdocs\NsoftDevNew\git_file\ci4\inhsDev\vendor\codeigniter4\framework\system\Commands\Server\rewrite.php(45): require_once('C:\\xampp\\htdocs...')
#7 {main}
ERROR - 2022-01-03 03:08:35 --> Table 'inhs_integrated.admission_status_t' doesn't exist
CRITICAL - 2022-01-03 03:08:35 --> Call to a member function getResult() on bool
#0 C:\xampp\htdocs\NsoftDevNew\git_file\ci4\inhsDev\app\Controllers\Admission.php(28): App\Models\StudentAdmissionModel->getAdmissionData()
#1 C:\xampp\htdocs\NsoftDevNew\git_file\ci4\inhsDev\vendor\codeigniter4\framework\system\CodeIgniter.php(931): App\Controllers\Admission->loadAdmission()
#2 C:\xampp\htdocs\NsoftDevNew\git_file\ci4\inhsDev\vendor\codeigniter4\framework\system\CodeIgniter.php(439): CodeIgniter\CodeIgniter->runController(Object(App\Controllers\Admission))
#3 C:\xampp\htdocs\NsoftDevNew\git_file\ci4\inhsDev\vendor\codeigniter4\framework\system\CodeIgniter.php(339): CodeIgniter\CodeIgniter->handleRequest(NULL, Object(Config\Cache), false)
#4 C:\xampp\htdocs\NsoftDevNew\git_file\ci4\inhsDev\public\index.php(36): CodeIgniter\CodeIgniter->run()
#5 C:\xampp\htdocs\NsoftDevNew\git_file\ci4\inhsDev\vendor\codeigniter4\framework\system\Commands\Server\rewrite.php(45): require_once('C:\\xampp\\htdocs...')
#6 {main}
ERROR - 2022-01-03 03:08:52 --> Table 'inhs_integrated.admission_status_t' doesn't exist
CRITICAL - 2022-01-03 03:08:52 --> Call to a member function getResult() on bool
#0 C:\xampp\htdocs\NsoftDevNew\git_file\ci4\inhsDev\app\Controllers\Admission.php(28): App\Models\StudentAdmissionModel->getAdmissionData()
#1 C:\xampp\htdocs\NsoftDevNew\git_file\ci4\inhsDev\vendor\codeigniter4\framework\system\CodeIgniter.php(931): App\Controllers\Admission->loadAdmission()
#2 C:\xampp\htdocs\NsoftDevNew\git_file\ci4\inhsDev\vendor\codeigniter4\framework\system\CodeIgniter.php(439): CodeIgniter\CodeIgniter->runController(Object(App\Controllers\Admission))
#3 C:\xampp\htdocs\NsoftDevNew\git_file\ci4\inhsDev\vendor\codeigniter4\framework\system\CodeIgniter.php(339): CodeIgniter\CodeIgniter->handleRequest(NULL, Object(Config\Cache), false)
#4 C:\xampp\htdocs\NsoftDevNew\git_file\ci4\inhsDev\public\index.php(36): CodeIgniter\CodeIgniter->run()
#5 C:\xampp\htdocs\NsoftDevNew\git_file\ci4\inhsDev\vendor\codeigniter4\framework\system\Commands\Server\rewrite.php(45): require_once('C:\\xampp\\htdocs...')
#6 {main}
ERROR - 2022-01-03 03:14:22 --> Table 'inhs_integrated.admission_status_t' doesn't exist
CRITICAL - 2022-01-03 03:14:22 --> Call to a member function getResult() on bool
#0 C:\xampp\htdocs\NsoftDevNew\git_file\ci4\inhsDev\app\Controllers\Admission.php(28): App\Models\StudentAdmissionModel->getAdmissionData()
#1 C:\xampp\htdocs\NsoftDevNew\git_file\ci4\inhsDev\vendor\codeigniter4\framework\system\CodeIgniter.php(931): App\Controllers\Admission->loadAdmission()
#2 C:\xampp\htdocs\NsoftDevNew\git_file\ci4\inhsDev\vendor\codeigniter4\framework\system\CodeIgniter.php(439): CodeIgniter\CodeIgniter->runController(Object(App\Controllers\Admission))
#3 C:\xampp\htdocs\NsoftDevNew\git_file\ci4\inhsDev\vendor\codeigniter4\framework\system\CodeIgniter.php(339): CodeIgniter\CodeIgniter->handleRequest(NULL, Object(Config\Cache), false)
#4 C:\xampp\htdocs\NsoftDevNew\git_file\ci4\inhsDev\public\index.php(36): CodeIgniter\CodeIgniter->run()
#5 C:\xampp\htdocs\NsoftDevNew\git_file\ci4\inhsDev\vendor\codeigniter4\framework\system\Commands\Server\rewrite.php(45): require_once('C:\\xampp\\htdocs...')
#6 {main}
ERROR - 2022-01-03 03:14:30 --> Table 'inhs_integrated.admission_status_t' doesn't exist
CRITICAL - 2022-01-03 03:14:30 --> Call to a member function getResult() on bool
#0 C:\xampp\htdocs\NsoftDevNew\git_file\ci4\inhsDev\app\Controllers\Admission.php(28): App\Models\StudentAdmissionModel->getAdmissionData()
#1 C:\xampp\htdocs\NsoftDevNew\git_file\ci4\inhsDev\vendor\codeigniter4\framework\system\CodeIgniter.php(931): App\Controllers\Admission->loadAdmission()
#2 C:\xampp\htdocs\NsoftDevNew\git_file\ci4\inhsDev\vendor\codeigniter4\framework\system\CodeIgniter.php(439): CodeIgniter\CodeIgniter->runController(Object(App\Controllers\Admission))
#3 C:\xampp\htdocs\NsoftDevNew\git_file\ci4\inhsDev\vendor\codeigniter4\framework\system\CodeIgniter.php(339): CodeIgniter\CodeIgniter->handleRequest(NULL, Object(Config\Cache), false)
#4 C:\xampp\htdocs\NsoftDevNew\git_file\ci4\inhsDev\public\index.php(36): CodeIgniter\CodeIgniter->run()
#5 C:\xampp\htdocs\NsoftDevNew\git_file\ci4\inhsDev\vendor\codeigniter4\framework\system\Commands\Server\rewrite.php(45): require_once('C:\\xampp\\htdocs...')
#6 {main}
ERROR - 2022-01-03 03:16:08 --> Table 'inhs_integrated.admission_status_t' doesn't exist
CRITICAL - 2022-01-03 03:16:08 --> Call to a member function getResult() on bool
#0 C:\xampp\htdocs\NsoftDevNew\git_file\ci4\inhsDev\app\Controllers\Admission.php(28): App\Models\StudentAdmissionModel->getAdmissionData()
#1 C:\xampp\htdocs\NsoftDevNew\git_file\ci4\inhsDev\vendor\codeigniter4\framework\system\CodeIgniter.php(931): App\Controllers\Admission->loadAdmission()
#2 C:\xampp\htdocs\NsoftDevNew\git_file\ci4\inhsDev\vendor\codeigniter4\framework\system\CodeIgniter.php(439): CodeIgniter\CodeIgniter->runController(Object(App\Controllers\Admission))
#3 C:\xampp\htdocs\NsoftDevNew\git_file\ci4\inhsDev\vendor\codeigniter4\framework\system\CodeIgniter.php(339): CodeIgniter\CodeIgniter->handleRequest(NULL, Object(Config\Cache), false)
#4 C:\xampp\htdocs\NsoftDevNew\git_file\ci4\inhsDev\public\index.php(36): CodeIgniter\CodeIgniter->run()
#5 C:\xampp\htdocs\NsoftDevNew\git_file\ci4\inhsDev\vendor\codeigniter4\framework\system\Commands\Server\rewrite.php(45): require_once('C:\\xampp\\htdocs...')
#6 {main}
ERROR - 2022-01-03 03:16:18 --> Table 'inhs_integrated.admission_status_t' doesn't exist
CRITICAL - 2022-01-03 03:16:18 --> Call to a member function getResult() on bool
#0 C:\xampp\htdocs\NsoftDevNew\git_file\ci4\inhsDev\app\Controllers\Admission.php(28): App\Models\StudentAdmissionModel->getAdmissionData()
#1 C:\xampp\htdocs\NsoftDevNew\git_file\ci4\inhsDev\vendor\codeigniter4\framework\system\CodeIgniter.php(931): App\Controllers\Admission->loadAdmission()
#2 C:\xampp\htdocs\NsoftDevNew\git_file\ci4\inhsDev\vendor\codeigniter4\framework\system\CodeIgniter.php(439): CodeIgniter\CodeIgniter->runController(Object(App\Controllers\Admission))
#3 C:\xampp\htdocs\NsoftDevNew\git_file\ci4\inhsDev\vendor\codeigniter4\framework\system\CodeIgniter.php(339): CodeIgniter\CodeIgniter->handleRequest(NULL, Object(Config\Cache), false)
#4 C:\xampp\htdocs\NsoftDevNew\git_file\ci4\inhsDev\public\index.php(36): CodeIgniter\CodeIgniter->run()
#5 C:\xampp\htdocs\NsoftDevNew\git_file\ci4\inhsDev\vendor\codeigniter4\framework\system\Commands\Server\rewrite.php(45): require_once('C:\\xampp\\htdocs...')
#6 {main}
ERROR - 2022-01-03 03:17:10 --> Table 'inhs_integrated.admission_status_t' doesn't exist
CRITICAL - 2022-01-03 03:17:10 --> Call to a member function getResult() on bool
#0 C:\xampp\htdocs\NsoftDevNew\git_file\ci4\inhsDev\app\Controllers\Admission.php(28): App\Models\StudentAdmissionModel->getAdmissionData()
#1 C:\xampp\htdocs\NsoftDevNew\git_file\ci4\inhsDev\vendor\codeigniter4\framework\system\CodeIgniter.php(931): App\Controllers\Admission->loadAdmission()
#2 C:\xampp\htdocs\NsoftDevNew\git_file\ci4\inhsDev\vendor\codeigniter4\framework\system\CodeIgniter.php(439): CodeIgniter\CodeIgniter->runController(Object(App\Controllers\Admission))
#3 C:\xampp\htdocs\NsoftDevNew\git_file\ci4\inhsDev\vendor\codeigniter4\framework\system\CodeIgniter.php(339): CodeIgniter\CodeIgniter->handleRequest(NULL, Object(Config\Cache), false)
#4 C:\xampp\htdocs\NsoftDevNew\git_file\ci4\inhsDev\public\index.php(36): CodeIgniter\CodeIgniter->run()
#5 C:\xampp\htdocs\NsoftDevNew\git_file\ci4\inhsDev\vendor\codeigniter4\framework\system\Commands\Server\rewrite.php(45): require_once('C:\\xampp\\htdocs...')
#6 {main}
