ERROR - 2022-10-23 22:41:38 --> Error connecting to the database: Access denied for user '****'@'localhost' (using password: YES)
CRITICAL - 2022-10-23 22:41:38 --> Unable to connect to the database.
Main connection [MySQLi]: Access denied for user '****'@'localhost' (using password: YES)
#0 G:\INHS_Integrated_v3.1\vendor\codeigniter4\framework\system\Database\BaseConnection.php(625): CodeIgniter\Database\BaseConnection->initialize()
#1 G:\INHS_Integrated_v3.1\vendor\codeigniter4\framework\system\Database\BaseBuilder.php(1881): CodeIgniter\Database\BaseConnection->query('SELECT *\nFROM `...', Array, false)
#2 G:\INHS_Integrated_v3.1\vendor\codeigniter4\framework\system\Model.php(197): CodeIgniter\Database\BaseBuilder->get()
#3 G:\INHS_Integrated_v3.1\vendor\codeigniter4\framework\system\BaseModel.php(603): CodeIgniter\Model->doFindAll(0, 0)
#4 G:\INHS_Integrated_v3.1\app\Models\NewsModel.php(16): CodeIgniter\BaseModel->findAll()
#5 G:\INHS_Integrated_v3.1\app\Controllers\News.php(17): App\Models\NewsModel->getNews()
#6 G:\INHS_Integrated_v3.1\vendor\codeigniter4\framework\system\CodeIgniter.php(931): App\Controllers\News->index()
#7 G:\INHS_Integrated_v3.1\vendor\codeigniter4\framework\system\CodeIgniter.php(439): CodeIgniter\CodeIgniter->runController(Object(App\Controllers\News))
#8 G:\INHS_Integrated_v3.1\vendor\codeigniter4\framework\system\CodeIgniter.php(339): CodeIgniter\CodeIgniter->handleRequest(NULL, Object(Config\Cache), false)
#9 G:\INHS_Integrated_v3.1\public\index.php(36): CodeIgniter\CodeIgniter->run()
#10 G:\INHS_Integrated_v3.1\vendor\codeigniter4\framework\system\Commands\Server\rewrite.php(45): require_once('G:\\INHS_Integra...')
#11 {main}
ERROR - 2022-10-23 22:43:06 --> Error connecting to the database: Access denied for user '****'@'localhost' (using password: YES)
CRITICAL - 2022-10-23 22:43:06 --> Unable to connect to the database.
Main connection [MySQLi]: Access denied for user '****'@'localhost' (using password: YES)
#0 G:\INHS_Integrated_v3.1\vendor\codeigniter4\framework\system\Database\BaseConnection.php(625): CodeIgniter\Database\BaseConnection->initialize()
#1 G:\INHS_Integrated_v3.1\vendor\codeigniter4\framework\system\Database\BaseBuilder.php(1881): CodeIgniter\Database\BaseConnection->query('SELECT *\nFROM `...', Array, false)
#2 G:\INHS_Integrated_v3.1\vendor\codeigniter4\framework\system\Model.php(197): CodeIgniter\Database\BaseBuilder->get()
#3 G:\INHS_Integrated_v3.1\vendor\codeigniter4\framework\system\BaseModel.php(603): CodeIgniter\Model->doFindAll(0, 0)
#4 G:\INHS_Integrated_v3.1\app\Models\NewsModel.php(16): CodeIgniter\BaseModel->findAll()
#5 G:\INHS_Integrated_v3.1\app\Controllers\News.php(17): App\Models\NewsModel->getNews()
#6 G:\INHS_Integrated_v3.1\vendor\codeigniter4\framework\system\CodeIgniter.php(931): App\Controllers\News->index()
#7 G:\INHS_Integrated_v3.1\vendor\codeigniter4\framework\system\CodeIgniter.php(439): CodeIgniter\CodeIgniter->runController(Object(App\Controllers\News))
#8 G:\INHS_Integrated_v3.1\vendor\codeigniter4\framework\system\CodeIgniter.php(339): CodeIgniter\CodeIgniter->handleRequest(NULL, Object(Config\Cache), false)
#9 G:\INHS_Integrated_v3.1\public\index.php(36): CodeIgniter\CodeIgniter->run()
#10 G:\INHS_Integrated_v3.1\vendor\codeigniter4\framework\system\Commands\Server\rewrite.php(45): require_once('G:\\INHS_Integra...')
#11 {main}
ERROR - 2022-10-23 22:43:33 --> Error connecting to the database: Access denied for user '****'@'localhost' (using password: YES)
CRITICAL - 2022-10-23 22:43:33 --> Unable to connect to the database.
Main connection [MySQLi]: Access denied for user '****'@'localhost' (using password: YES)
#0 G:\INHS_Integrated_v3.1\vendor\codeigniter4\framework\system\Database\BaseConnection.php(625): CodeIgniter\Database\BaseConnection->initialize()
#1 G:\INHS_Integrated_v3.1\vendor\codeigniter4\framework\system\Database\BaseBuilder.php(1881): CodeIgniter\Database\BaseConnection->query('SELECT *\nFROM `...', Array, false)
#2 G:\INHS_Integrated_v3.1\vendor\codeigniter4\framework\system\Model.php(197): CodeIgniter\Database\BaseBuilder->get()
#3 G:\INHS_Integrated_v3.1\vendor\codeigniter4\framework\system\BaseModel.php(603): CodeIgniter\Model->doFindAll(0, 0)
#4 G:\INHS_Integrated_v3.1\app\Models\NewsModel.php(16): CodeIgniter\BaseModel->findAll()
#5 G:\INHS_Integrated_v3.1\app\Controllers\News.php(17): App\Models\NewsModel->getNews()
#6 G:\INHS_Integrated_v3.1\vendor\codeigniter4\framework\system\CodeIgniter.php(931): App\Controllers\News->index()
#7 G:\INHS_Integrated_v3.1\vendor\codeigniter4\framework\system\CodeIgniter.php(439): CodeIgniter\CodeIgniter->runController(Object(App\Controllers\News))
#8 G:\INHS_Integrated_v3.1\vendor\codeigniter4\framework\system\CodeIgniter.php(339): CodeIgniter\CodeIgniter->handleRequest(NULL, Object(Config\Cache), false)
#9 G:\INHS_Integrated_v3.1\public\index.php(36): CodeIgniter\CodeIgniter->run()
#10 G:\INHS_Integrated_v3.1\vendor\codeigniter4\framework\system\Commands\Server\rewrite.php(45): require_once('G:\\INHS_Integra...')
#11 {main}
