ERROR - 2023-01-31 07:28:05 --> Column 'is_lwd' cannot be null
CRITICAL - 2023-01-31 07:28:05 --> Column 'is_lwd' cannot be null
#0 C:\Users\yvesk\OneDrive - iloilonhs.edu.ph\Desktop\INHS WEBSITE NEW\inhs_ingetrated_github\nasyo_integrated\vendor\codeigniter4\framework\system\Database\MySQLi\Connection.php(329): mysqli->query('INSERT INTO `ap...')
#1 C:\Users\yvesk\OneDrive - iloilonhs.edu.ph\Desktop\INHS WEBSITE NEW\inhs_ingetrated_github\nasyo_integrated\vendor\codeigniter4\framework\system\Database\BaseConnection.php(732): CodeIgniter\Database\MySQLi\Connection->execute('INSERT INTO `ap...')
#2 C:\Users\yvesk\OneDrive - iloilonhs.edu.ph\Desktop\INHS WEBSITE NEW\inhs_ingetrated_github\nasyo_integrated\vendor\codeigniter4\framework\system\Database\BaseConnection.php(647): CodeIgniter\Database\BaseConnection->simpleQuery('INSERT INTO `ap...')
#3 C:\Users\yvesk\OneDrive - iloilonhs.edu.ph\Desktop\INHS WEBSITE NEW\inhs_ingetrated_github\nasyo_integrated\vendor\codeigniter4\framework\system\Database\BaseBuilder.php(2277): CodeIgniter\Database\BaseConnection->query('INSERT INTO `ap...', Array, false)
#4 C:\Users\yvesk\OneDrive - iloilonhs.edu.ph\Desktop\INHS WEBSITE NEW\inhs_ingetrated_github\nasyo_integrated\vendor\codeigniter4\framework\system\Model.php(259): CodeIgniter\Database\BaseBuilder->insert()
#5 C:\Users\yvesk\OneDrive - iloilonhs.edu.ph\Desktop\INHS WEBSITE NEW\inhs_ingetrated_github\nasyo_integrated\vendor\codeigniter4\framework\system\BaseModel.php(774): CodeIgniter\Model->doInsert(Array)
#6 C:\Users\yvesk\OneDrive - iloilonhs.edu.ph\Desktop\INHS WEBSITE NEW\inhs_ingetrated_github\nasyo_integrated\vendor\codeigniter4\framework\system\Model.php(686): CodeIgniter\BaseModel->insert(Array, true)
#7 C:\Users\yvesk\OneDrive - iloilonhs.edu.ph\Desktop\INHS WEBSITE NEW\inhs_ingetrated_github\nasyo_integrated\app\Controllers\Application.php(252): CodeIgniter\Model->insert(Array)
#8 C:\Users\yvesk\OneDrive - iloilonhs.edu.ph\Desktop\INHS WEBSITE NEW\inhs_ingetrated_github\nasyo_integrated\vendor\codeigniter4\framework\system\CodeIgniter.php(931): App\Controllers\Application->submitTransfereeForm()
#9 C:\Users\yvesk\OneDrive - iloilonhs.edu.ph\Desktop\INHS WEBSITE NEW\inhs_ingetrated_github\nasyo_integrated\vendor\codeigniter4\framework\system\CodeIgniter.php(439): CodeIgniter\CodeIgniter->runController(Object(App\Controllers\Application))
#10 C:\Users\yvesk\OneDrive - iloilonhs.edu.ph\Desktop\INHS WEBSITE NEW\inhs_ingetrated_github\nasyo_integrated\vendor\codeigniter4\framework\system\CodeIgniter.php(339): CodeIgniter\CodeIgniter->handleRequest(NULL, Object(Config\Cache), false)
#11 C:\Users\yvesk\OneDrive - iloilonhs.edu.ph\Desktop\INHS WEBSITE NEW\inhs_ingetrated_github\nasyo_integrated\public\index.php(36): CodeIgniter\CodeIgniter->run()
#12 C:\Users\yvesk\OneDrive - iloilonhs.edu.ph\Desktop\INHS WEBSITE NEW\inhs_ingetrated_github\nasyo_integrated\vendor\codeigniter4\framework\system\Commands\Server\rewrite.php(45): require_once('C:\\Users\\yvesk\\...')
#13 {main}
CRITICAL - 2023-01-31 07:29:48 --> Undefined variable: appModel
#0 C:\Users\yvesk\OneDrive - iloilonhs.edu.ph\Desktop\INHS WEBSITE NEW\inhs_ingetrated_github\nasyo_integrated\app\Controllers\Application.php(255): CodeIgniter\Debug\Exceptions->errorHandler(8, 'Undefined varia...', 'C:\\Users\\yvesk\\...', 255, Array)
#1 C:\Users\yvesk\OneDrive - iloilonhs.edu.ph\Desktop\INHS WEBSITE NEW\inhs_ingetrated_github\nasyo_integrated\vendor\codeigniter4\framework\system\CodeIgniter.php(931): App\Controllers\Application->submitTransfereeForm()
#2 C:\Users\yvesk\OneDrive - iloilonhs.edu.ph\Desktop\INHS WEBSITE NEW\inhs_ingetrated_github\nasyo_integrated\vendor\codeigniter4\framework\system\CodeIgniter.php(439): CodeIgniter\CodeIgniter->runController(Object(App\Controllers\Application))
#3 C:\Users\yvesk\OneDrive - iloilonhs.edu.ph\Desktop\INHS WEBSITE NEW\inhs_ingetrated_github\nasyo_integrated\vendor\codeigniter4\framework\system\CodeIgniter.php(339): CodeIgniter\CodeIgniter->handleRequest(NULL, Object(Config\Cache), false)
#4 C:\Users\yvesk\OneDrive - iloilonhs.edu.ph\Desktop\INHS WEBSITE NEW\inhs_ingetrated_github\nasyo_integrated\public\index.php(36): CodeIgniter\CodeIgniter->run()
#5 C:\Users\yvesk\OneDrive - iloilonhs.edu.ph\Desktop\INHS WEBSITE NEW\inhs_ingetrated_github\nasyo_integrated\vendor\codeigniter4\framework\system\Commands\Server\rewrite.php(45): require_once('C:\\Users\\yvesk\\...')
#6 {main}
ERROR - 2023-01-31 22:44:00 --> Unknown column 'application_id' in 'where clause'
CRITICAL - 2023-01-31 22:44:00 --> Unknown column 'application_id' in 'where clause'
#0 C:\Users\yvesk\OneDrive - iloilonhs.edu.ph\Desktop\INHS WEBSITE NEW\inhs_ingetrated_github\nasyo_integrated\vendor\codeigniter4\framework\system\Database\MySQLi\Connection.php(329): mysqli->query('SELECT *\nFROM `...')
#1 C:\Users\yvesk\OneDrive - iloilonhs.edu.ph\Desktop\INHS WEBSITE NEW\inhs_ingetrated_github\nasyo_integrated\vendor\codeigniter4\framework\system\Database\BaseConnection.php(732): CodeIgniter\Database\MySQLi\Connection->execute('SELECT *\nFROM `...')
#2 C:\Users\yvesk\OneDrive - iloilonhs.edu.ph\Desktop\INHS WEBSITE NEW\inhs_ingetrated_github\nasyo_integrated\vendor\codeigniter4\framework\system\Database\BaseConnection.php(647): CodeIgniter\Database\BaseConnection->simpleQuery('SELECT *\nFROM `...')
#3 C:\Users\yvesk\OneDrive - iloilonhs.edu.ph\Desktop\INHS WEBSITE NEW\inhs_ingetrated_github\nasyo_integrated\vendor\codeigniter4\framework\system\Database\BaseBuilder.php(1881): CodeIgniter\Database\BaseConnection->query('SELECT *\nFROM `...', Array, false)
#4 C:\Users\yvesk\OneDrive - iloilonhs.edu.ph\Desktop\INHS WEBSITE NEW\inhs_ingetrated_github\nasyo_integrated\vendor\codeigniter4\framework\system\Model.php(228): CodeIgniter\Database\BaseBuilder->get()
#5 C:\Users\yvesk\OneDrive - iloilonhs.edu.ph\Desktop\INHS WEBSITE NEW\inhs_ingetrated_github\nasyo_integrated\vendor\codeigniter4\framework\system\BaseModel.php(644): CodeIgniter\Model->doFirst()
#6 C:\Users\yvesk\OneDrive - iloilonhs.edu.ph\Desktop\INHS WEBSITE NEW\inhs_ingetrated_github\nasyo_integrated\app\Controllers\Application.php(310): CodeIgniter\BaseModel->first()
#7 C:\Users\yvesk\OneDrive - iloilonhs.edu.ph\Desktop\INHS WEBSITE NEW\inhs_ingetrated_github\nasyo_integrated\vendor\codeigniter4\framework\system\CodeIgniter.php(931): App\Controllers\Application->editTransferee()
#8 C:\Users\yvesk\OneDrive - iloilonhs.edu.ph\Desktop\INHS WEBSITE NEW\inhs_ingetrated_github\nasyo_integrated\vendor\codeigniter4\framework\system\CodeIgniter.php(439): CodeIgniter\CodeIgniter->runController(Object(App\Controllers\Application))
#9 C:\Users\yvesk\OneDrive - iloilonhs.edu.ph\Desktop\INHS WEBSITE NEW\inhs_ingetrated_github\nasyo_integrated\vendor\codeigniter4\framework\system\CodeIgniter.php(339): CodeIgniter\CodeIgniter->handleRequest(NULL, Object(Config\Cache), false)
#10 C:\Users\yvesk\OneDrive - iloilonhs.edu.ph\Desktop\INHS WEBSITE NEW\inhs_ingetrated_github\nasyo_integrated\public\index.php(36): CodeIgniter\CodeIgniter->run()
#11 C:\Users\yvesk\OneDrive - iloilonhs.edu.ph\Desktop\INHS WEBSITE NEW\inhs_ingetrated_github\nasyo_integrated\vendor\codeigniter4\framework\system\Commands\Server\rewrite.php(45): require_once('C:\\Users\\yvesk\\...')
#12 {main}
ERROR - 2023-01-31 22:51:21 --> Unknown column 'application_id' in 'where clause'
CRITICAL - 2023-01-31 22:51:21 --> Unknown column 'application_id' in 'where clause'
#0 C:\Users\yvesk\OneDrive - iloilonhs.edu.ph\Desktop\INHS WEBSITE NEW\inhs_ingetrated_github\nasyo_integrated\vendor\codeigniter4\framework\system\Database\MySQLi\Connection.php(329): mysqli->query('SELECT *\nFROM `...')
#1 C:\Users\yvesk\OneDrive - iloilonhs.edu.ph\Desktop\INHS WEBSITE NEW\inhs_ingetrated_github\nasyo_integrated\vendor\codeigniter4\framework\system\Database\BaseConnection.php(732): CodeIgniter\Database\MySQLi\Connection->execute('SELECT *\nFROM `...')
#2 C:\Users\yvesk\OneDrive - iloilonhs.edu.ph\Desktop\INHS WEBSITE NEW\inhs_ingetrated_github\nasyo_integrated\vendor\codeigniter4\framework\system\Database\BaseConnection.php(647): CodeIgniter\Database\BaseConnection->simpleQuery('SELECT *\nFROM `...')
#3 C:\Users\yvesk\OneDrive - iloilonhs.edu.ph\Desktop\INHS WEBSITE NEW\inhs_ingetrated_github\nasyo_integrated\vendor\codeigniter4\framework\system\Database\BaseBuilder.php(1881): CodeIgniter\Database\BaseConnection->query('SELECT *\nFROM `...', Array, false)
#4 C:\Users\yvesk\OneDrive - iloilonhs.edu.ph\Desktop\INHS WEBSITE NEW\inhs_ingetrated_github\nasyo_integrated\vendor\codeigniter4\framework\system\Model.php(228): CodeIgniter\Database\BaseBuilder->get()
#5 C:\Users\yvesk\OneDrive - iloilonhs.edu.ph\Desktop\INHS WEBSITE NEW\inhs_ingetrated_github\nasyo_integrated\vendor\codeigniter4\framework\system\BaseModel.php(644): CodeIgniter\Model->doFirst()
#6 C:\Users\yvesk\OneDrive - iloilonhs.edu.ph\Desktop\INHS WEBSITE NEW\inhs_ingetrated_github\nasyo_integrated\app\Controllers\Application.php(310): CodeIgniter\BaseModel->first()
#7 C:\Users\yvesk\OneDrive - iloilonhs.edu.ph\Desktop\INHS WEBSITE NEW\inhs_ingetrated_github\nasyo_integrated\vendor\codeigniter4\framework\system\CodeIgniter.php(931): App\Controllers\Application->editTransferee()
#8 C:\Users\yvesk\OneDrive - iloilonhs.edu.ph\Desktop\INHS WEBSITE NEW\inhs_ingetrated_github\nasyo_integrated\vendor\codeigniter4\framework\system\CodeIgniter.php(439): CodeIgniter\CodeIgniter->runController(Object(App\Controllers\Application))
#9 C:\Users\yvesk\OneDrive - iloilonhs.edu.ph\Desktop\INHS WEBSITE NEW\inhs_ingetrated_github\nasyo_integrated\vendor\codeigniter4\framework\system\CodeIgniter.php(339): CodeIgniter\CodeIgniter->handleRequest(NULL, Object(Config\Cache), false)
#10 C:\Users\yvesk\OneDrive - iloilonhs.edu.ph\Desktop\INHS WEBSITE NEW\inhs_ingetrated_github\nasyo_integrated\public\index.php(36): CodeIgniter\CodeIgniter->run()
#11 C:\Users\yvesk\OneDrive - iloilonhs.edu.ph\Desktop\INHS WEBSITE NEW\inhs_ingetrated_github\nasyo_integrated\vendor\codeigniter4\framework\system\Commands\Server\rewrite.php(45): require_once('C:\\Users\\yvesk\\...')
#12 {main}
ERROR - 2023-01-31 22:51:30 --> Unknown column 'application_id' in 'where clause'
CRITICAL - 2023-01-31 22:51:30 --> Unknown column 'application_id' in 'where clause'
#0 C:\Users\yvesk\OneDrive - iloilonhs.edu.ph\Desktop\INHS WEBSITE NEW\inhs_ingetrated_github\nasyo_integrated\vendor\codeigniter4\framework\system\Database\MySQLi\Connection.php(329): mysqli->query('SELECT *\nFROM `...')
#1 C:\Users\yvesk\OneDrive - iloilonhs.edu.ph\Desktop\INHS WEBSITE NEW\inhs_ingetrated_github\nasyo_integrated\vendor\codeigniter4\framework\system\Database\BaseConnection.php(732): CodeIgniter\Database\MySQLi\Connection->execute('SELECT *\nFROM `...')
#2 C:\Users\yvesk\OneDrive - iloilonhs.edu.ph\Desktop\INHS WEBSITE NEW\inhs_ingetrated_github\nasyo_integrated\vendor\codeigniter4\framework\system\Database\BaseConnection.php(647): CodeIgniter\Database\BaseConnection->simpleQuery('SELECT *\nFROM `...')
#3 C:\Users\yvesk\OneDrive - iloilonhs.edu.ph\Desktop\INHS WEBSITE NEW\inhs_ingetrated_github\nasyo_integrated\vendor\codeigniter4\framework\system\Database\BaseBuilder.php(1881): CodeIgniter\Database\BaseConnection->query('SELECT *\nFROM `...', Array, false)
#4 C:\Users\yvesk\OneDrive - iloilonhs.edu.ph\Desktop\INHS WEBSITE NEW\inhs_ingetrated_github\nasyo_integrated\vendor\codeigniter4\framework\system\Model.php(228): CodeIgniter\Database\BaseBuilder->get()
#5 C:\Users\yvesk\OneDrive - iloilonhs.edu.ph\Desktop\INHS WEBSITE NEW\inhs_ingetrated_github\nasyo_integrated\vendor\codeigniter4\framework\system\BaseModel.php(644): CodeIgniter\Model->doFirst()
#6 C:\Users\yvesk\OneDrive - iloilonhs.edu.ph\Desktop\INHS WEBSITE NEW\inhs_ingetrated_github\nasyo_integrated\app\Controllers\Application.php(310): CodeIgniter\BaseModel->first()
#7 C:\Users\yvesk\OneDrive - iloilonhs.edu.ph\Desktop\INHS WEBSITE NEW\inhs_ingetrated_github\nasyo_integrated\vendor\codeigniter4\framework\system\CodeIgniter.php(931): App\Controllers\Application->editTransferee()
#8 C:\Users\yvesk\OneDrive - iloilonhs.edu.ph\Desktop\INHS WEBSITE NEW\inhs_ingetrated_github\nasyo_integrated\vendor\codeigniter4\framework\system\CodeIgniter.php(439): CodeIgniter\CodeIgniter->runController(Object(App\Controllers\Application))
#9 C:\Users\yvesk\OneDrive - iloilonhs.edu.ph\Desktop\INHS WEBSITE NEW\inhs_ingetrated_github\nasyo_integrated\vendor\codeigniter4\framework\system\CodeIgniter.php(339): CodeIgniter\CodeIgniter->handleRequest(NULL, Object(Config\Cache), false)
#10 C:\Users\yvesk\OneDrive - iloilonhs.edu.ph\Desktop\INHS WEBSITE NEW\inhs_ingetrated_github\nasyo_integrated\public\index.php(36): CodeIgniter\CodeIgniter->run()
#11 C:\Users\yvesk\OneDrive - iloilonhs.edu.ph\Desktop\INHS WEBSITE NEW\inhs_ingetrated_github\nasyo_integrated\vendor\codeigniter4\framework\system\Commands\Server\rewrite.php(45): require_once('C:\\Users\\yvesk\\...')
#12 {main}
ERROR - 2023-01-31 22:54:56 --> Unknown column 'application_id' in 'where clause'
CRITICAL - 2023-01-31 22:54:56 --> Unknown column 'application_id' in 'where clause'
#0 C:\Users\yvesk\OneDrive - iloilonhs.edu.ph\Desktop\INHS WEBSITE NEW\inhs_ingetrated_github\nasyo_integrated\vendor\codeigniter4\framework\system\Database\MySQLi\Connection.php(329): mysqli->query('SELECT *\nFROM `...')
#1 C:\Users\yvesk\OneDrive - iloilonhs.edu.ph\Desktop\INHS WEBSITE NEW\inhs_ingetrated_github\nasyo_integrated\vendor\codeigniter4\framework\system\Database\BaseConnection.php(732): CodeIgniter\Database\MySQLi\Connection->execute('SELECT *\nFROM `...')
#2 C:\Users\yvesk\OneDrive - iloilonhs.edu.ph\Desktop\INHS WEBSITE NEW\inhs_ingetrated_github\nasyo_integrated\vendor\codeigniter4\framework\system\Database\BaseConnection.php(647): CodeIgniter\Database\BaseConnection->simpleQuery('SELECT *\nFROM `...')
#3 C:\Users\yvesk\OneDrive - iloilonhs.edu.ph\Desktop\INHS WEBSITE NEW\inhs_ingetrated_github\nasyo_integrated\vendor\codeigniter4\framework\system\Database\BaseBuilder.php(1881): CodeIgniter\Database\BaseConnection->query('SELECT *\nFROM `...', Array, false)
#4 C:\Users\yvesk\OneDrive - iloilonhs.edu.ph\Desktop\INHS WEBSITE NEW\inhs_ingetrated_github\nasyo_integrated\vendor\codeigniter4\framework\system\Model.php(228): CodeIgniter\Database\BaseBuilder->get()
#5 C:\Users\yvesk\OneDrive - iloilonhs.edu.ph\Desktop\INHS WEBSITE NEW\inhs_ingetrated_github\nasyo_integrated\vendor\codeigniter4\framework\system\BaseModel.php(644): CodeIgniter\Model->doFirst()
#6 C:\Users\yvesk\OneDrive - iloilonhs.edu.ph\Desktop\INHS WEBSITE NEW\inhs_ingetrated_github\nasyo_integrated\app\Controllers\Application.php(310): CodeIgniter\BaseModel->first()
#7 C:\Users\yvesk\OneDrive - iloilonhs.edu.ph\Desktop\INHS WEBSITE NEW\inhs_ingetrated_github\nasyo_integrated\vendor\codeigniter4\framework\system\CodeIgniter.php(931): App\Controllers\Application->editTransferee()
#8 C:\Users\yvesk\OneDrive - iloilonhs.edu.ph\Desktop\INHS WEBSITE NEW\inhs_ingetrated_github\nasyo_integrated\vendor\codeigniter4\framework\system\CodeIgniter.php(439): CodeIgniter\CodeIgniter->runController(Object(App\Controllers\Application))
#9 C:\Users\yvesk\OneDrive - iloilonhs.edu.ph\Desktop\INHS WEBSITE NEW\inhs_ingetrated_github\nasyo_integrated\vendor\codeigniter4\framework\system\CodeIgniter.php(339): CodeIgniter\CodeIgniter->handleRequest(NULL, Object(Config\Cache), false)
#10 C:\Users\yvesk\OneDrive - iloilonhs.edu.ph\Desktop\INHS WEBSITE NEW\inhs_ingetrated_github\nasyo_integrated\public\index.php(36): CodeIgniter\CodeIgniter->run()
#11 C:\Users\yvesk\OneDrive - iloilonhs.edu.ph\Desktop\INHS WEBSITE NEW\inhs_ingetrated_github\nasyo_integrated\vendor\codeigniter4\framework\system\Commands\Server\rewrite.php(45): require_once('C:\\Users\\yvesk\\...')
#12 {main}
ERROR - 2023-01-31 22:55:03 --> Unknown column 'application_id' in 'where clause'
CRITICAL - 2023-01-31 22:55:03 --> Unknown column 'application_id' in 'where clause'
#0 C:\Users\yvesk\OneDrive - iloilonhs.edu.ph\Desktop\INHS WEBSITE NEW\inhs_ingetrated_github\nasyo_integrated\vendor\codeigniter4\framework\system\Database\MySQLi\Connection.php(329): mysqli->query('SELECT *\nFROM `...')
#1 C:\Users\yvesk\OneDrive - iloilonhs.edu.ph\Desktop\INHS WEBSITE NEW\inhs_ingetrated_github\nasyo_integrated\vendor\codeigniter4\framework\system\Database\BaseConnection.php(732): CodeIgniter\Database\MySQLi\Connection->execute('SELECT *\nFROM `...')
#2 C:\Users\yvesk\OneDrive - iloilonhs.edu.ph\Desktop\INHS WEBSITE NEW\inhs_ingetrated_github\nasyo_integrated\vendor\codeigniter4\framework\system\Database\BaseConnection.php(647): CodeIgniter\Database\BaseConnection->simpleQuery('SELECT *\nFROM `...')
#3 C:\Users\yvesk\OneDrive - iloilonhs.edu.ph\Desktop\INHS WEBSITE NEW\inhs_ingetrated_github\nasyo_integrated\vendor\codeigniter4\framework\system\Database\BaseBuilder.php(1881): CodeIgniter\Database\BaseConnection->query('SELECT *\nFROM `...', Array, false)
#4 C:\Users\yvesk\OneDrive - iloilonhs.edu.ph\Desktop\INHS WEBSITE NEW\inhs_ingetrated_github\nasyo_integrated\vendor\codeigniter4\framework\system\Model.php(228): CodeIgniter\Database\BaseBuilder->get()
#5 C:\Users\yvesk\OneDrive - iloilonhs.edu.ph\Desktop\INHS WEBSITE NEW\inhs_ingetrated_github\nasyo_integrated\vendor\codeigniter4\framework\system\BaseModel.php(644): CodeIgniter\Model->doFirst()
#6 C:\Users\yvesk\OneDrive - iloilonhs.edu.ph\Desktop\INHS WEBSITE NEW\inhs_ingetrated_github\nasyo_integrated\app\Controllers\Application.php(310): CodeIgniter\BaseModel->first()
#7 C:\Users\yvesk\OneDrive - iloilonhs.edu.ph\Desktop\INHS WEBSITE NEW\inhs_ingetrated_github\nasyo_integrated\vendor\codeigniter4\framework\system\CodeIgniter.php(931): App\Controllers\Application->editTransferee()
#8 C:\Users\yvesk\OneDrive - iloilonhs.edu.ph\Desktop\INHS WEBSITE NEW\inhs_ingetrated_github\nasyo_integrated\vendor\codeigniter4\framework\system\CodeIgniter.php(439): CodeIgniter\CodeIgniter->runController(Object(App\Controllers\Application))
#9 C:\Users\yvesk\OneDrive - iloilonhs.edu.ph\Desktop\INHS WEBSITE NEW\inhs_ingetrated_github\nasyo_integrated\vendor\codeigniter4\framework\system\CodeIgniter.php(339): CodeIgniter\CodeIgniter->handleRequest(NULL, Object(Config\Cache), false)
#10 C:\Users\yvesk\OneDrive - iloilonhs.edu.ph\Desktop\INHS WEBSITE NEW\inhs_ingetrated_github\nasyo_integrated\public\index.php(36): CodeIgniter\CodeIgniter->run()
#11 C:\Users\yvesk\OneDrive - iloilonhs.edu.ph\Desktop\INHS WEBSITE NEW\inhs_ingetrated_github\nasyo_integrated\vendor\codeigniter4\framework\system\Commands\Server\rewrite.php(45): require_once('C:\\Users\\yvesk\\...')
#12 {main}
ERROR - 2023-01-31 22:55:37 --> Unknown column 'application_id' in 'where clause'
CRITICAL - 2023-01-31 22:55:37 --> Unknown column 'application_id' in 'where clause'
#0 C:\Users\yvesk\OneDrive - iloilonhs.edu.ph\Desktop\INHS WEBSITE NEW\inhs_ingetrated_github\nasyo_integrated\vendor\codeigniter4\framework\system\Database\MySQLi\Connection.php(329): mysqli->query('SELECT *\nFROM `...')
#1 C:\Users\yvesk\OneDrive - iloilonhs.edu.ph\Desktop\INHS WEBSITE NEW\inhs_ingetrated_github\nasyo_integrated\vendor\codeigniter4\framework\system\Database\BaseConnection.php(732): CodeIgniter\Database\MySQLi\Connection->execute('SELECT *\nFROM `...')
#2 C:\Users\yvesk\OneDrive - iloilonhs.edu.ph\Desktop\INHS WEBSITE NEW\inhs_ingetrated_github\nasyo_integrated\vendor\codeigniter4\framework\system\Database\BaseConnection.php(647): CodeIgniter\Database\BaseConnection->simpleQuery('SELECT *\nFROM `...')
#3 C:\Users\yvesk\OneDrive - iloilonhs.edu.ph\Desktop\INHS WEBSITE NEW\inhs_ingetrated_github\nasyo_integrated\vendor\codeigniter4\framework\system\Database\BaseBuilder.php(1881): CodeIgniter\Database\BaseConnection->query('SELECT *\nFROM `...', Array, false)
#4 C:\Users\yvesk\OneDrive - iloilonhs.edu.ph\Desktop\INHS WEBSITE NEW\inhs_ingetrated_github\nasyo_integrated\vendor\codeigniter4\framework\system\Model.php(228): CodeIgniter\Database\BaseBuilder->get()
#5 C:\Users\yvesk\OneDrive - iloilonhs.edu.ph\Desktop\INHS WEBSITE NEW\inhs_ingetrated_github\nasyo_integrated\vendor\codeigniter4\framework\system\BaseModel.php(644): CodeIgniter\Model->doFirst()
#6 C:\Users\yvesk\OneDrive - iloilonhs.edu.ph\Desktop\INHS WEBSITE NEW\inhs_ingetrated_github\nasyo_integrated\app\Controllers\Application.php(310): CodeIgniter\BaseModel->first()
#7 C:\Users\yvesk\OneDrive - iloilonhs.edu.ph\Desktop\INHS WEBSITE NEW\inhs_ingetrated_github\nasyo_integrated\vendor\codeigniter4\framework\system\CodeIgniter.php(931): App\Controllers\Application->editTransferee()
#8 C:\Users\yvesk\OneDrive - iloilonhs.edu.ph\Desktop\INHS WEBSITE NEW\inhs_ingetrated_github\nasyo_integrated\vendor\codeigniter4\framework\system\CodeIgniter.php(439): CodeIgniter\CodeIgniter->runController(Object(App\Controllers\Application))
#9 C:\Users\yvesk\OneDrive - iloilonhs.edu.ph\Desktop\INHS WEBSITE NEW\inhs_ingetrated_github\nasyo_integrated\vendor\codeigniter4\framework\system\CodeIgniter.php(339): CodeIgniter\CodeIgniter->handleRequest(NULL, Object(Config\Cache), false)
#10 C:\Users\yvesk\OneDrive - iloilonhs.edu.ph\Desktop\INHS WEBSITE NEW\inhs_ingetrated_github\nasyo_integrated\public\index.php(36): CodeIgniter\CodeIgniter->run()
#11 C:\Users\yvesk\OneDrive - iloilonhs.edu.ph\Desktop\INHS WEBSITE NEW\inhs_ingetrated_github\nasyo_integrated\vendor\codeigniter4\framework\system\Commands\Server\rewrite.php(45): require_once('C:\\Users\\yvesk\\...')
#12 {main}
ERROR - 2023-01-31 22:55:42 --> Unknown column 'application_id' in 'where clause'
CRITICAL - 2023-01-31 22:55:42 --> Unknown column 'application_id' in 'where clause'
#0 C:\Users\yvesk\OneDrive - iloilonhs.edu.ph\Desktop\INHS WEBSITE NEW\inhs_ingetrated_github\nasyo_integrated\vendor\codeigniter4\framework\system\Database\MySQLi\Connection.php(329): mysqli->query('SELECT *\nFROM `...')
#1 C:\Users\yvesk\OneDrive - iloilonhs.edu.ph\Desktop\INHS WEBSITE NEW\inhs_ingetrated_github\nasyo_integrated\vendor\codeigniter4\framework\system\Database\BaseConnection.php(732): CodeIgniter\Database\MySQLi\Connection->execute('SELECT *\nFROM `...')
#2 C:\Users\yvesk\OneDrive - iloilonhs.edu.ph\Desktop\INHS WEBSITE NEW\inhs_ingetrated_github\nasyo_integrated\vendor\codeigniter4\framework\system\Database\BaseConnection.php(647): CodeIgniter\Database\BaseConnection->simpleQuery('SELECT *\nFROM `...')
#3 C:\Users\yvesk\OneDrive - iloilonhs.edu.ph\Desktop\INHS WEBSITE NEW\inhs_ingetrated_github\nasyo_integrated\vendor\codeigniter4\framework\system\Database\BaseBuilder.php(1881): CodeIgniter\Database\BaseConnection->query('SELECT *\nFROM `...', Array, false)
#4 C:\Users\yvesk\OneDrive - iloilonhs.edu.ph\Desktop\INHS WEBSITE NEW\inhs_ingetrated_github\nasyo_integrated\vendor\codeigniter4\framework\system\Model.php(228): CodeIgniter\Database\BaseBuilder->get()
#5 C:\Users\yvesk\OneDrive - iloilonhs.edu.ph\Desktop\INHS WEBSITE NEW\inhs_ingetrated_github\nasyo_integrated\vendor\codeigniter4\framework\system\BaseModel.php(644): CodeIgniter\Model->doFirst()
#6 C:\Users\yvesk\OneDrive - iloilonhs.edu.ph\Desktop\INHS WEBSITE NEW\inhs_ingetrated_github\nasyo_integrated\app\Controllers\Application.php(310): CodeIgniter\BaseModel->first()
#7 C:\Users\yvesk\OneDrive - iloilonhs.edu.ph\Desktop\INHS WEBSITE NEW\inhs_ingetrated_github\nasyo_integrated\vendor\codeigniter4\framework\system\CodeIgniter.php(931): App\Controllers\Application->editTransferee()
#8 C:\Users\yvesk\OneDrive - iloilonhs.edu.ph\Desktop\INHS WEBSITE NEW\inhs_ingetrated_github\nasyo_integrated\vendor\codeigniter4\framework\system\CodeIgniter.php(439): CodeIgniter\CodeIgniter->runController(Object(App\Controllers\Application))
#9 C:\Users\yvesk\OneDrive - iloilonhs.edu.ph\Desktop\INHS WEBSITE NEW\inhs_ingetrated_github\nasyo_integrated\vendor\codeigniter4\framework\system\CodeIgniter.php(339): CodeIgniter\CodeIgniter->handleRequest(NULL, Object(Config\Cache), false)
#10 C:\Users\yvesk\OneDrive - iloilonhs.edu.ph\Desktop\INHS WEBSITE NEW\inhs_ingetrated_github\nasyo_integrated\public\index.php(36): CodeIgniter\CodeIgniter->run()
#11 C:\Users\yvesk\OneDrive - iloilonhs.edu.ph\Desktop\INHS WEBSITE NEW\inhs_ingetrated_github\nasyo_integrated\vendor\codeigniter4\framework\system\Commands\Server\rewrite.php(45): require_once('C:\\Users\\yvesk\\...')
#12 {main}
ERROR - 2023-01-31 22:56:41 --> Unknown column 'application_id' in 'where clause'
CRITICAL - 2023-01-31 22:56:41 --> Unknown column 'application_id' in 'where clause'
#0 C:\Users\yvesk\OneDrive - iloilonhs.edu.ph\Desktop\INHS WEBSITE NEW\inhs_ingetrated_github\nasyo_integrated\vendor\codeigniter4\framework\system\Database\MySQLi\Connection.php(329): mysqli->query('SELECT *\nFROM `...')
#1 C:\Users\yvesk\OneDrive - iloilonhs.edu.ph\Desktop\INHS WEBSITE NEW\inhs_ingetrated_github\nasyo_integrated\vendor\codeigniter4\framework\system\Database\BaseConnection.php(732): CodeIgniter\Database\MySQLi\Connection->execute('SELECT *\nFROM `...')
#2 C:\Users\yvesk\OneDrive - iloilonhs.edu.ph\Desktop\INHS WEBSITE NEW\inhs_ingetrated_github\nasyo_integrated\vendor\codeigniter4\framework\system\Database\BaseConnection.php(647): CodeIgniter\Database\BaseConnection->simpleQuery('SELECT *\nFROM `...')
#3 C:\Users\yvesk\OneDrive - iloilonhs.edu.ph\Desktop\INHS WEBSITE NEW\inhs_ingetrated_github\nasyo_integrated\vendor\codeigniter4\framework\system\Database\BaseBuilder.php(1881): CodeIgniter\Database\BaseConnection->query('SELECT *\nFROM `...', Array, false)
#4 C:\Users\yvesk\OneDrive - iloilonhs.edu.ph\Desktop\INHS WEBSITE NEW\inhs_ingetrated_github\nasyo_integrated\vendor\codeigniter4\framework\system\Model.php(228): CodeIgniter\Database\BaseBuilder->get()
#5 C:\Users\yvesk\OneDrive - iloilonhs.edu.ph\Desktop\INHS WEBSITE NEW\inhs_ingetrated_github\nasyo_integrated\vendor\codeigniter4\framework\system\BaseModel.php(644): CodeIgniter\Model->doFirst()
#6 C:\Users\yvesk\OneDrive - iloilonhs.edu.ph\Desktop\INHS WEBSITE NEW\inhs_ingetrated_github\nasyo_integrated\app\Controllers\Application.php(310): CodeIgniter\BaseModel->first()
#7 C:\Users\yvesk\OneDrive - iloilonhs.edu.ph\Desktop\INHS WEBSITE NEW\inhs_ingetrated_github\nasyo_integrated\vendor\codeigniter4\framework\system\CodeIgniter.php(931): App\Controllers\Application->editTransferee()
#8 C:\Users\yvesk\OneDrive - iloilonhs.edu.ph\Desktop\INHS WEBSITE NEW\inhs_ingetrated_github\nasyo_integrated\vendor\codeigniter4\framework\system\CodeIgniter.php(439): CodeIgniter\CodeIgniter->runController(Object(App\Controllers\Application))
#9 C:\Users\yvesk\OneDrive - iloilonhs.edu.ph\Desktop\INHS WEBSITE NEW\inhs_ingetrated_github\nasyo_integrated\vendor\codeigniter4\framework\system\CodeIgniter.php(339): CodeIgniter\CodeIgniter->handleRequest(NULL, Object(Config\Cache), false)
#10 C:\Users\yvesk\OneDrive - iloilonhs.edu.ph\Desktop\INHS WEBSITE NEW\inhs_ingetrated_github\nasyo_integrated\public\index.php(36): CodeIgniter\CodeIgniter->run()
#11 C:\Users\yvesk\OneDrive - iloilonhs.edu.ph\Desktop\INHS WEBSITE NEW\inhs_ingetrated_github\nasyo_integrated\vendor\codeigniter4\framework\system\Commands\Server\rewrite.php(45): require_once('C:\\Users\\yvesk\\...')
#12 {main}
ERROR - 2023-01-31 22:57:42 --> Unknown column 'application_id' in 'where clause'
CRITICAL - 2023-01-31 22:57:42 --> Unknown column 'application_id' in 'where clause'
#0 C:\Users\yvesk\OneDrive - iloilonhs.edu.ph\Desktop\INHS WEBSITE NEW\inhs_ingetrated_github\nasyo_integrated\vendor\codeigniter4\framework\system\Database\MySQLi\Connection.php(329): mysqli->query('SELECT *\nFROM `...')
#1 C:\Users\yvesk\OneDrive - iloilonhs.edu.ph\Desktop\INHS WEBSITE NEW\inhs_ingetrated_github\nasyo_integrated\vendor\codeigniter4\framework\system\Database\BaseConnection.php(732): CodeIgniter\Database\MySQLi\Connection->execute('SELECT *\nFROM `...')
#2 C:\Users\yvesk\OneDrive - iloilonhs.edu.ph\Desktop\INHS WEBSITE NEW\inhs_ingetrated_github\nasyo_integrated\vendor\codeigniter4\framework\system\Database\BaseConnection.php(647): CodeIgniter\Database\BaseConnection->simpleQuery('SELECT *\nFROM `...')
#3 C:\Users\yvesk\OneDrive - iloilonhs.edu.ph\Desktop\INHS WEBSITE NEW\inhs_ingetrated_github\nasyo_integrated\vendor\codeigniter4\framework\system\Database\BaseBuilder.php(1881): CodeIgniter\Database\BaseConnection->query('SELECT *\nFROM `...', Array, false)
#4 C:\Users\yvesk\OneDrive - iloilonhs.edu.ph\Desktop\INHS WEBSITE NEW\inhs_ingetrated_github\nasyo_integrated\vendor\codeigniter4\framework\system\Model.php(228): CodeIgniter\Database\BaseBuilder->get()
#5 C:\Users\yvesk\OneDrive - iloilonhs.edu.ph\Desktop\INHS WEBSITE NEW\inhs_ingetrated_github\nasyo_integrated\vendor\codeigniter4\framework\system\BaseModel.php(644): CodeIgniter\Model->doFirst()
#6 C:\Users\yvesk\OneDrive - iloilonhs.edu.ph\Desktop\INHS WEBSITE NEW\inhs_ingetrated_github\nasyo_integrated\app\Controllers\Application.php(310): CodeIgniter\BaseModel->first()
#7 C:\Users\yvesk\OneDrive - iloilonhs.edu.ph\Desktop\INHS WEBSITE NEW\inhs_ingetrated_github\nasyo_integrated\vendor\codeigniter4\framework\system\CodeIgniter.php(931): App\Controllers\Application->editTransferee()
#8 C:\Users\yvesk\OneDrive - iloilonhs.edu.ph\Desktop\INHS WEBSITE NEW\inhs_ingetrated_github\nasyo_integrated\vendor\codeigniter4\framework\system\CodeIgniter.php(439): CodeIgniter\CodeIgniter->runController(Object(App\Controllers\Application))
#9 C:\Users\yvesk\OneDrive - iloilonhs.edu.ph\Desktop\INHS WEBSITE NEW\inhs_ingetrated_github\nasyo_integrated\vendor\codeigniter4\framework\system\CodeIgniter.php(339): CodeIgniter\CodeIgniter->handleRequest(NULL, Object(Config\Cache), false)
#10 C:\Users\yvesk\OneDrive - iloilonhs.edu.ph\Desktop\INHS WEBSITE NEW\inhs_ingetrated_github\nasyo_integrated\public\index.php(36): CodeIgniter\CodeIgniter->run()
#11 C:\Users\yvesk\OneDrive - iloilonhs.edu.ph\Desktop\INHS WEBSITE NEW\inhs_ingetrated_github\nasyo_integrated\vendor\codeigniter4\framework\system\Commands\Server\rewrite.php(45): require_once('C:\\Users\\yvesk\\...')
#12 {main}
