CRITICAL - 2022-06-20 00:19:41 --> Trying to access array offset on value of type null
#0 C:\Users\SERVER\Desktop\ICTD_INHS_WEBSITE\INHS_Integrated_v3\app\Views\f_application\application_header.php(100): CodeIgniter\Debug\Exceptions->errorHandler(2, 'Trying to acces...', 'C:\\Users\\SERVER...', 100)
#1 C:\Users\SERVER\Desktop\ICTD_INHS_WEBSITE\INHS_Integrated_v3\vendor\codeigniter4\framework\system\View\View.php(230): include('C:\\Users\\SERVER...')
#2 C:\Users\SERVER\Desktop\ICTD_INHS_WEBSITE\INHS_Integrated_v3\vendor\codeigniter4\framework\system\View\View.php(232): CodeIgniter\View\View->CodeIgniter\View\{closure}()
#3 C:\Users\SERVER\Desktop\ICTD_INHS_WEBSITE\INHS_Integrated_v3\vendor\codeigniter4\framework\system\Common.php(1250): CodeIgniter\View\View->render('f_application/a...', Array, true)
#4 C:\Users\SERVER\Desktop\ICTD_INHS_WEBSITE\INHS_Integrated_v3\app\Controllers\Application.php(840): view('f_application/a...', Array)
#5 C:\Users\SERVER\Desktop\ICTD_INHS_WEBSITE\INHS_Integrated_v3\vendor\codeigniter4\framework\system\CodeIgniter.php(931): App\Controllers\Application->reprocessAppForm()
#6 C:\Users\SERVER\Desktop\ICTD_INHS_WEBSITE\INHS_Integrated_v3\vendor\codeigniter4\framework\system\CodeIgniter.php(439): CodeIgniter\CodeIgniter->runController(Object(App\Controllers\Application))
#7 C:\Users\SERVER\Desktop\ICTD_INHS_WEBSITE\INHS_Integrated_v3\vendor\codeigniter4\framework\system\CodeIgniter.php(339): CodeIgniter\CodeIgniter->handleRequest(NULL, Object(Config\Cache), false)
#8 C:\Users\SERVER\Desktop\ICTD_INHS_WEBSITE\INHS_Integrated_v3\public\index.php(36): CodeIgniter\CodeIgniter->run()
#9 C:\Users\SERVER\Desktop\ICTD_INHS_WEBSITE\INHS_Integrated_v3\vendor\codeigniter4\framework\system\Commands\Server\rewrite.php(45): require_once('C:\\Users\\SERVER...')
#10 {main}
CRITICAL - 2022-06-20 00:19:44 --> Trying to access array offset on value of type null
#0 C:\Users\SERVER\Desktop\ICTD_INHS_WEBSITE\INHS_Integrated_v3\app\Views\f_application\application_header.php(100): CodeIgniter\Debug\Exceptions->errorHandler(2, 'Trying to acces...', 'C:\\Users\\SERVER...', 100)
#1 C:\Users\SERVER\Desktop\ICTD_INHS_WEBSITE\INHS_Integrated_v3\vendor\codeigniter4\framework\system\View\View.php(230): include('C:\\Users\\SERVER...')
#2 C:\Users\SERVER\Desktop\ICTD_INHS_WEBSITE\INHS_Integrated_v3\vendor\codeigniter4\framework\system\View\View.php(232): CodeIgniter\View\View->CodeIgniter\View\{closure}()
#3 C:\Users\SERVER\Desktop\ICTD_INHS_WEBSITE\INHS_Integrated_v3\vendor\codeigniter4\framework\system\Common.php(1250): CodeIgniter\View\View->render('f_application/a...', Array, true)
#4 C:\Users\SERVER\Desktop\ICTD_INHS_WEBSITE\INHS_Integrated_v3\app\Controllers\Application.php(840): view('f_application/a...', Array)
#5 C:\Users\SERVER\Desktop\ICTD_INHS_WEBSITE\INHS_Integrated_v3\vendor\codeigniter4\framework\system\CodeIgniter.php(931): App\Controllers\Application->reprocessAppForm()
#6 C:\Users\SERVER\Desktop\ICTD_INHS_WEBSITE\INHS_Integrated_v3\vendor\codeigniter4\framework\system\CodeIgniter.php(439): CodeIgniter\CodeIgniter->runController(Object(App\Controllers\Application))
#7 C:\Users\SERVER\Desktop\ICTD_INHS_WEBSITE\INHS_Integrated_v3\vendor\codeigniter4\framework\system\CodeIgniter.php(339): CodeIgniter\CodeIgniter->handleRequest(NULL, Object(Config\Cache), false)
#8 C:\Users\SERVER\Desktop\ICTD_INHS_WEBSITE\INHS_Integrated_v3\public\index.php(36): CodeIgniter\CodeIgniter->run()
#9 C:\Users\SERVER\Desktop\ICTD_INHS_WEBSITE\INHS_Integrated_v3\vendor\codeigniter4\framework\system\Commands\Server\rewrite.php(45): require_once('C:\\Users\\SERVER...')
#10 {main}
CRITICAL - 2022-06-20 01:11:13 --> Trying to access array offset on value of type null
#0 C:\Users\SERVER\Desktop\ICTD_INHS_WEBSITE\INHS_Integrated_v3\app\Controllers\Application.php(1010): CodeIgniter\Debug\Exceptions->errorHandler(2, 'Trying to acces...', 'C:\\Users\\SERVER...', 1010)
#1 C:\Users\SERVER\Desktop\ICTD_INHS_WEBSITE\INHS_Integrated_v3\vendor\codeigniter4\framework\system\CodeIgniter.php(931): App\Controllers\Application->viewApplication()
#2 C:\Users\SERVER\Desktop\ICTD_INHS_WEBSITE\INHS_Integrated_v3\vendor\codeigniter4\framework\system\CodeIgniter.php(439): CodeIgniter\CodeIgniter->runController(Object(App\Controllers\Application))
#3 C:\Users\SERVER\Desktop\ICTD_INHS_WEBSITE\INHS_Integrated_v3\vendor\codeigniter4\framework\system\CodeIgniter.php(339): CodeIgniter\CodeIgniter->handleRequest(NULL, Object(Config\Cache), false)
#4 C:\Users\SERVER\Desktop\ICTD_INHS_WEBSITE\INHS_Integrated_v3\public\index.php(36): CodeIgniter\CodeIgniter->run()
#5 C:\Users\SERVER\Desktop\ICTD_INHS_WEBSITE\INHS_Integrated_v3\vendor\codeigniter4\framework\system\Commands\Server\rewrite.php(45): require_once('C:\\Users\\SERVER...')
#6 {main}
ERROR - 2022-06-20 01:22:22 --> Table 'inhs_integrated_v3.removed_application_t' doesn't exist
CRITICAL - 2022-06-20 01:22:22 --> Call to a member function getResult() on bool
#0 C:\Users\SERVER\Desktop\ICTD_INHS_WEBSITE\INHS_Integrated_v3\app\Controllers\Assigning.php(316): App\Models\RemovedAppModel->getRemovedApplication()
#1 C:\Users\SERVER\Desktop\ICTD_INHS_WEBSITE\INHS_Integrated_v3\vendor\codeigniter4\framework\system\CodeIgniter.php(931): App\Controllers\Assigning->getRemovedApplication()
#2 C:\Users\SERVER\Desktop\ICTD_INHS_WEBSITE\INHS_Integrated_v3\vendor\codeigniter4\framework\system\CodeIgniter.php(439): CodeIgniter\CodeIgniter->runController(Object(App\Controllers\Assigning))
#3 C:\Users\SERVER\Desktop\ICTD_INHS_WEBSITE\INHS_Integrated_v3\vendor\codeigniter4\framework\system\CodeIgniter.php(339): CodeIgniter\CodeIgniter->handleRequest(NULL, Object(Config\Cache), false)
#4 C:\Users\SERVER\Desktop\ICTD_INHS_WEBSITE\INHS_Integrated_v3\public\index.php(36): CodeIgniter\CodeIgniter->run()
#5 C:\Users\SERVER\Desktop\ICTD_INHS_WEBSITE\INHS_Integrated_v3\vendor\codeigniter4\framework\system\Commands\Server\rewrite.php(45): require_once('C:\\Users\\SERVER...')
#6 {main}
CRITICAL - 2022-06-20 01:56:54 --> Trying to access array offset on value of type null
#0 C:\Users\SERVER\Desktop\ICTD_INHS_WEBSITE\INHS_Integrated_v3\app\Views\f_application\application_header.php(100): CodeIgniter\Debug\Exceptions->errorHandler(2, 'Trying to acces...', 'C:\\Users\\SERVER...', 100)
#1 C:\Users\SERVER\Desktop\ICTD_INHS_WEBSITE\INHS_Integrated_v3\vendor\codeigniter4\framework\system\View\View.php(230): include('C:\\Users\\SERVER...')
#2 C:\Users\SERVER\Desktop\ICTD_INHS_WEBSITE\INHS_Integrated_v3\vendor\codeigniter4\framework\system\View\View.php(232): CodeIgniter\View\View->CodeIgniter\View\{closure}()
#3 C:\Users\SERVER\Desktop\ICTD_INHS_WEBSITE\INHS_Integrated_v3\vendor\codeigniter4\framework\system\Common.php(1250): CodeIgniter\View\View->render('f_application/a...', Array, true)
#4 C:\Users\SERVER\Desktop\ICTD_INHS_WEBSITE\INHS_Integrated_v3\app\Controllers\Application.php(274): view('f_application/a...', Array)
#5 C:\Users\SERVER\Desktop\ICTD_INHS_WEBSITE\INHS_Integrated_v3\vendor\codeigniter4\framework\system\CodeIgniter.php(931): App\Controllers\Application->getTransfereesForm()
#6 C:\Users\SERVER\Desktop\ICTD_INHS_WEBSITE\INHS_Integrated_v3\vendor\codeigniter4\framework\system\CodeIgniter.php(439): CodeIgniter\CodeIgniter->runController(Object(App\Controllers\Application))
#7 C:\Users\SERVER\Desktop\ICTD_INHS_WEBSITE\INHS_Integrated_v3\vendor\codeigniter4\framework\system\CodeIgniter.php(339): CodeIgniter\CodeIgniter->handleRequest(NULL, Object(Config\Cache), false)
#8 C:\Users\SERVER\Desktop\ICTD_INHS_WEBSITE\INHS_Integrated_v3\public\index.php(36): CodeIgniter\CodeIgniter->run()
#9 C:\Users\SERVER\Desktop\ICTD_INHS_WEBSITE\INHS_Integrated_v3\vendor\codeigniter4\framework\system\Commands\Server\rewrite.php(45): require_once('C:\\Users\\SERVER...')
#10 {main}
CRITICAL - 2022-06-20 01:57:25 --> Trying to access array offset on value of type null
#0 C:\Users\SERVER\Desktop\ICTD_INHS_WEBSITE\INHS_Integrated_v3\app\Views\f_application\application_header.php(100): CodeIgniter\Debug\Exceptions->errorHandler(2, 'Trying to acces...', 'C:\\Users\\SERVER...', 100)
#1 C:\Users\SERVER\Desktop\ICTD_INHS_WEBSITE\INHS_Integrated_v3\vendor\codeigniter4\framework\system\View\View.php(230): include('C:\\Users\\SERVER...')
#2 C:\Users\SERVER\Desktop\ICTD_INHS_WEBSITE\INHS_Integrated_v3\vendor\codeigniter4\framework\system\View\View.php(232): CodeIgniter\View\View->CodeIgniter\View\{closure}()
#3 C:\Users\SERVER\Desktop\ICTD_INHS_WEBSITE\INHS_Integrated_v3\vendor\codeigniter4\framework\system\Common.php(1250): CodeIgniter\View\View->render('f_application/a...', Array, true)
#4 C:\Users\SERVER\Desktop\ICTD_INHS_WEBSITE\INHS_Integrated_v3\app\Controllers\Application.php(221): view('f_application/a...', Array)
#5 C:\Users\SERVER\Desktop\ICTD_INHS_WEBSITE\INHS_Integrated_v3\vendor\codeigniter4\framework\system\CodeIgniter.php(931): App\Controllers\Application->getForm()
#6 C:\Users\SERVER\Desktop\ICTD_INHS_WEBSITE\INHS_Integrated_v3\vendor\codeigniter4\framework\system\CodeIgniter.php(439): CodeIgniter\CodeIgniter->runController(Object(App\Controllers\Application))
#7 C:\Users\SERVER\Desktop\ICTD_INHS_WEBSITE\INHS_Integrated_v3\vendor\codeigniter4\framework\system\CodeIgniter.php(339): CodeIgniter\CodeIgniter->handleRequest(NULL, Object(Config\Cache), false)
#8 C:\Users\SERVER\Desktop\ICTD_INHS_WEBSITE\INHS_Integrated_v3\public\index.php(36): CodeIgniter\CodeIgniter->run()
#9 C:\Users\SERVER\Desktop\ICTD_INHS_WEBSITE\INHS_Integrated_v3\vendor\codeigniter4\framework\system\Commands\Server\rewrite.php(45): require_once('C:\\Users\\SERVER...')
#10 {main}
CRITICAL - 2022-06-20 02:05:03 --> Trying to access array offset on value of type null
#0 C:\Users\SERVER\Desktop\ICTD_INHS_WEBSITE\INHS_Integrated_v3\app\Views\f_application\application_header.php(100): CodeIgniter\Debug\Exceptions->errorHandler(2, 'Trying to acces...', 'C:\\Users\\SERVER...', 100)
#1 C:\Users\SERVER\Desktop\ICTD_INHS_WEBSITE\INHS_Integrated_v3\vendor\codeigniter4\framework\system\View\View.php(230): include('C:\\Users\\SERVER...')
#2 C:\Users\SERVER\Desktop\ICTD_INHS_WEBSITE\INHS_Integrated_v3\vendor\codeigniter4\framework\system\View\View.php(232): CodeIgniter\View\View->CodeIgniter\View\{closure}()
#3 C:\Users\SERVER\Desktop\ICTD_INHS_WEBSITE\INHS_Integrated_v3\vendor\codeigniter4\framework\system\Common.php(1250): CodeIgniter\View\View->render('f_application/a...', Array, true)
#4 C:\Users\SERVER\Desktop\ICTD_INHS_WEBSITE\INHS_Integrated_v3\app\Controllers\Application.php(274): view('f_application/a...', Array)
#5 C:\Users\SERVER\Desktop\ICTD_INHS_WEBSITE\INHS_Integrated_v3\vendor\codeigniter4\framework\system\CodeIgniter.php(931): App\Controllers\Application->getTransfereesForm()
#6 C:\Users\SERVER\Desktop\ICTD_INHS_WEBSITE\INHS_Integrated_v3\vendor\codeigniter4\framework\system\CodeIgniter.php(439): CodeIgniter\CodeIgniter->runController(Object(App\Controllers\Application))
#7 C:\Users\SERVER\Desktop\ICTD_INHS_WEBSITE\INHS_Integrated_v3\vendor\codeigniter4\framework\system\CodeIgniter.php(339): CodeIgniter\CodeIgniter->handleRequest(NULL, Object(Config\Cache), false)
#8 C:\Users\SERVER\Desktop\ICTD_INHS_WEBSITE\INHS_Integrated_v3\public\index.php(36): CodeIgniter\CodeIgniter->run()
#9 C:\Users\SERVER\Desktop\ICTD_INHS_WEBSITE\INHS_Integrated_v3\vendor\codeigniter4\framework\system\Commands\Server\rewrite.php(45): require_once('C:\\Users\\SERVER...')
#10 {main}
CRITICAL - 2022-06-20 02:05:33 --> Trying to access array offset on value of type null
#0 C:\Users\SERVER\Desktop\ICTD_INHS_WEBSITE\INHS_Integrated_v3\app\Views\f_application\application_header.php(100): CodeIgniter\Debug\Exceptions->errorHandler(2, 'Trying to acces...', 'C:\\Users\\SERVER...', 100)
#1 C:\Users\SERVER\Desktop\ICTD_INHS_WEBSITE\INHS_Integrated_v3\vendor\codeigniter4\framework\system\View\View.php(230): include('C:\\Users\\SERVER...')
#2 C:\Users\SERVER\Desktop\ICTD_INHS_WEBSITE\INHS_Integrated_v3\vendor\codeigniter4\framework\system\View\View.php(232): CodeIgniter\View\View->CodeIgniter\View\{closure}()
#3 C:\Users\SERVER\Desktop\ICTD_INHS_WEBSITE\INHS_Integrated_v3\vendor\codeigniter4\framework\system\Common.php(1250): CodeIgniter\View\View->render('f_application/a...', Array, true)
#4 C:\Users\SERVER\Desktop\ICTD_INHS_WEBSITE\INHS_Integrated_v3\app\Controllers\Application.php(274): view('f_application/a...', Array)
#5 C:\Users\SERVER\Desktop\ICTD_INHS_WEBSITE\INHS_Integrated_v3\vendor\codeigniter4\framework\system\CodeIgniter.php(931): App\Controllers\Application->getTransfereesForm()
#6 C:\Users\SERVER\Desktop\ICTD_INHS_WEBSITE\INHS_Integrated_v3\vendor\codeigniter4\framework\system\CodeIgniter.php(439): CodeIgniter\CodeIgniter->runController(Object(App\Controllers\Application))
#7 C:\Users\SERVER\Desktop\ICTD_INHS_WEBSITE\INHS_Integrated_v3\vendor\codeigniter4\framework\system\CodeIgniter.php(339): CodeIgniter\CodeIgniter->handleRequest(NULL, Object(Config\Cache), false)
#8 C:\Users\SERVER\Desktop\ICTD_INHS_WEBSITE\INHS_Integrated_v3\public\index.php(36): CodeIgniter\CodeIgniter->run()
#9 C:\Users\SERVER\Desktop\ICTD_INHS_WEBSITE\INHS_Integrated_v3\vendor\codeigniter4\framework\system\Commands\Server\rewrite.php(45): require_once('C:\\Users\\SERVER...')
#10 {main}
CRITICAL - 2022-06-20 02:05:41 --> Trying to access array offset on value of type null
#0 C:\Users\SERVER\Desktop\ICTD_INHS_WEBSITE\INHS_Integrated_v3\app\Views\f_application\application_header.php(100): CodeIgniter\Debug\Exceptions->errorHandler(2, 'Trying to acces...', 'C:\\Users\\SERVER...', 100)
#1 C:\Users\SERVER\Desktop\ICTD_INHS_WEBSITE\INHS_Integrated_v3\vendor\codeigniter4\framework\system\View\View.php(230): include('C:\\Users\\SERVER...')
#2 C:\Users\SERVER\Desktop\ICTD_INHS_WEBSITE\INHS_Integrated_v3\vendor\codeigniter4\framework\system\View\View.php(232): CodeIgniter\View\View->CodeIgniter\View\{closure}()
#3 C:\Users\SERVER\Desktop\ICTD_INHS_WEBSITE\INHS_Integrated_v3\vendor\codeigniter4\framework\system\Common.php(1250): CodeIgniter\View\View->render('f_application/a...', Array, true)
#4 C:\Users\SERVER\Desktop\ICTD_INHS_WEBSITE\INHS_Integrated_v3\app\Controllers\Application.php(274): view('f_application/a...', Array)
#5 C:\Users\SERVER\Desktop\ICTD_INHS_WEBSITE\INHS_Integrated_v3\vendor\codeigniter4\framework\system\CodeIgniter.php(931): App\Controllers\Application->getTransfereesForm()
#6 C:\Users\SERVER\Desktop\ICTD_INHS_WEBSITE\INHS_Integrated_v3\vendor\codeigniter4\framework\system\CodeIgniter.php(439): CodeIgniter\CodeIgniter->runController(Object(App\Controllers\Application))
#7 C:\Users\SERVER\Desktop\ICTD_INHS_WEBSITE\INHS_Integrated_v3\vendor\codeigniter4\framework\system\CodeIgniter.php(339): CodeIgniter\CodeIgniter->handleRequest(NULL, Object(Config\Cache), false)
#8 C:\Users\SERVER\Desktop\ICTD_INHS_WEBSITE\INHS_Integrated_v3\public\index.php(36): CodeIgniter\CodeIgniter->run()
#9 C:\Users\SERVER\Desktop\ICTD_INHS_WEBSITE\INHS_Integrated_v3\vendor\codeigniter4\framework\system\Commands\Server\rewrite.php(45): require_once('C:\\Users\\SERVER...')
#10 {main}
CRITICAL - 2022-06-20 02:06:28 --> Trying to access array offset on value of type null
#0 C:\Users\SERVER\Desktop\ICTD_INHS_WEBSITE\INHS_Integrated_v3\app\Views\f_application\application_header.php(100): CodeIgniter\Debug\Exceptions->errorHandler(2, 'Trying to acces...', 'C:\\Users\\SERVER...', 100)
#1 C:\Users\SERVER\Desktop\ICTD_INHS_WEBSITE\INHS_Integrated_v3\vendor\codeigniter4\framework\system\View\View.php(230): include('C:\\Users\\SERVER...')
#2 C:\Users\SERVER\Desktop\ICTD_INHS_WEBSITE\INHS_Integrated_v3\vendor\codeigniter4\framework\system\View\View.php(232): CodeIgniter\View\View->CodeIgniter\View\{closure}()
#3 C:\Users\SERVER\Desktop\ICTD_INHS_WEBSITE\INHS_Integrated_v3\vendor\codeigniter4\framework\system\Common.php(1250): CodeIgniter\View\View->render('f_application/a...', Array, true)
#4 C:\Users\SERVER\Desktop\ICTD_INHS_WEBSITE\INHS_Integrated_v3\app\Controllers\Application.php(274): view('f_application/a...', Array)
#5 C:\Users\SERVER\Desktop\ICTD_INHS_WEBSITE\INHS_Integrated_v3\vendor\codeigniter4\framework\system\CodeIgniter.php(931): App\Controllers\Application->getTransfereesForm()
#6 C:\Users\SERVER\Desktop\ICTD_INHS_WEBSITE\INHS_Integrated_v3\vendor\codeigniter4\framework\system\CodeIgniter.php(439): CodeIgniter\CodeIgniter->runController(Object(App\Controllers\Application))
#7 C:\Users\SERVER\Desktop\ICTD_INHS_WEBSITE\INHS_Integrated_v3\vendor\codeigniter4\framework\system\CodeIgniter.php(339): CodeIgniter\CodeIgniter->handleRequest(NULL, Object(Config\Cache), false)
#8 C:\Users\SERVER\Desktop\ICTD_INHS_WEBSITE\INHS_Integrated_v3\public\index.php(36): CodeIgniter\CodeIgniter->run()
#9 C:\Users\SERVER\Desktop\ICTD_INHS_WEBSITE\INHS_Integrated_v3\vendor\codeigniter4\framework\system\Commands\Server\rewrite.php(45): require_once('C:\\Users\\SERVER...')
#10 {main}
CRITICAL - 2022-06-20 02:06:35 --> Trying to access array offset on value of type null
#0 C:\Users\SERVER\Desktop\ICTD_INHS_WEBSITE\INHS_Integrated_v3\app\Views\f_application\application_header.php(100): CodeIgniter\Debug\Exceptions->errorHandler(2, 'Trying to acces...', 'C:\\Users\\SERVER...', 100)
#1 C:\Users\SERVER\Desktop\ICTD_INHS_WEBSITE\INHS_Integrated_v3\vendor\codeigniter4\framework\system\View\View.php(230): include('C:\\Users\\SERVER...')
#2 C:\Users\SERVER\Desktop\ICTD_INHS_WEBSITE\INHS_Integrated_v3\vendor\codeigniter4\framework\system\View\View.php(232): CodeIgniter\View\View->CodeIgniter\View\{closure}()
#3 C:\Users\SERVER\Desktop\ICTD_INHS_WEBSITE\INHS_Integrated_v3\vendor\codeigniter4\framework\system\Common.php(1250): CodeIgniter\View\View->render('f_application/a...', Array, true)
#4 C:\Users\SERVER\Desktop\ICTD_INHS_WEBSITE\INHS_Integrated_v3\app\Controllers\Application.php(274): view('f_application/a...', Array)
#5 C:\Users\SERVER\Desktop\ICTD_INHS_WEBSITE\INHS_Integrated_v3\vendor\codeigniter4\framework\system\CodeIgniter.php(931): App\Controllers\Application->getTransfereesForm()
#6 C:\Users\SERVER\Desktop\ICTD_INHS_WEBSITE\INHS_Integrated_v3\vendor\codeigniter4\framework\system\CodeIgniter.php(439): CodeIgniter\CodeIgniter->runController(Object(App\Controllers\Application))
#7 C:\Users\SERVER\Desktop\ICTD_INHS_WEBSITE\INHS_Integrated_v3\vendor\codeigniter4\framework\system\CodeIgniter.php(339): CodeIgniter\CodeIgniter->handleRequest(NULL, Object(Config\Cache), false)
#8 C:\Users\SERVER\Desktop\ICTD_INHS_WEBSITE\INHS_Integrated_v3\public\index.php(36): CodeIgniter\CodeIgniter->run()
#9 C:\Users\SERVER\Desktop\ICTD_INHS_WEBSITE\INHS_Integrated_v3\vendor\codeigniter4\framework\system\Commands\Server\rewrite.php(45): require_once('C:\\Users\\SERVER...')
#10 {main}
CRITICAL - 2022-06-20 02:06:37 --> Trying to access array offset on value of type null
#0 C:\Users\SERVER\Desktop\ICTD_INHS_WEBSITE\INHS_Integrated_v3\app\Views\f_application\application_header.php(100): CodeIgniter\Debug\Exceptions->errorHandler(2, 'Trying to acces...', 'C:\\Users\\SERVER...', 100)
#1 C:\Users\SERVER\Desktop\ICTD_INHS_WEBSITE\INHS_Integrated_v3\vendor\codeigniter4\framework\system\View\View.php(230): include('C:\\Users\\SERVER...')
#2 C:\Users\SERVER\Desktop\ICTD_INHS_WEBSITE\INHS_Integrated_v3\vendor\codeigniter4\framework\system\View\View.php(232): CodeIgniter\View\View->CodeIgniter\View\{closure}()
#3 C:\Users\SERVER\Desktop\ICTD_INHS_WEBSITE\INHS_Integrated_v3\vendor\codeigniter4\framework\system\Common.php(1250): CodeIgniter\View\View->render('f_application/a...', Array, true)
#4 C:\Users\SERVER\Desktop\ICTD_INHS_WEBSITE\INHS_Integrated_v3\app\Controllers\Application.php(274): view('f_application/a...', Array)
#5 C:\Users\SERVER\Desktop\ICTD_INHS_WEBSITE\INHS_Integrated_v3\vendor\codeigniter4\framework\system\CodeIgniter.php(931): App\Controllers\Application->getTransfereesForm()
#6 C:\Users\SERVER\Desktop\ICTD_INHS_WEBSITE\INHS_Integrated_v3\vendor\codeigniter4\framework\system\CodeIgniter.php(439): CodeIgniter\CodeIgniter->runController(Object(App\Controllers\Application))
#7 C:\Users\SERVER\Desktop\ICTD_INHS_WEBSITE\INHS_Integrated_v3\vendor\codeigniter4\framework\system\CodeIgniter.php(339): CodeIgniter\CodeIgniter->handleRequest(NULL, Object(Config\Cache), false)
#8 C:\Users\SERVER\Desktop\ICTD_INHS_WEBSITE\INHS_Integrated_v3\public\index.php(36): CodeIgniter\CodeIgniter->run()
#9 C:\Users\SERVER\Desktop\ICTD_INHS_WEBSITE\INHS_Integrated_v3\vendor\codeigniter4\framework\system\Commands\Server\rewrite.php(45): require_once('C:\\Users\\SERVER...')
#10 {main}
CRITICAL - 2022-06-20 02:06:41 --> Trying to access array offset on value of type null
#0 C:\Users\SERVER\Desktop\ICTD_INHS_WEBSITE\INHS_Integrated_v3\app\Views\f_application\application_header.php(100): CodeIgniter\Debug\Exceptions->errorHandler(2, 'Trying to acces...', 'C:\\Users\\SERVER...', 100)
#1 C:\Users\SERVER\Desktop\ICTD_INHS_WEBSITE\INHS_Integrated_v3\vendor\codeigniter4\framework\system\View\View.php(230): include('C:\\Users\\SERVER...')
#2 C:\Users\SERVER\Desktop\ICTD_INHS_WEBSITE\INHS_Integrated_v3\vendor\codeigniter4\framework\system\View\View.php(232): CodeIgniter\View\View->CodeIgniter\View\{closure}()
#3 C:\Users\SERVER\Desktop\ICTD_INHS_WEBSITE\INHS_Integrated_v3\vendor\codeigniter4\framework\system\Common.php(1250): CodeIgniter\View\View->render('f_application/a...', Array, true)
#4 C:\Users\SERVER\Desktop\ICTD_INHS_WEBSITE\INHS_Integrated_v3\app\Controllers\Application.php(221): view('f_application/a...', Array)
#5 C:\Users\SERVER\Desktop\ICTD_INHS_WEBSITE\INHS_Integrated_v3\vendor\codeigniter4\framework\system\CodeIgniter.php(931): App\Controllers\Application->getForm()
#6 C:\Users\SERVER\Desktop\ICTD_INHS_WEBSITE\INHS_Integrated_v3\vendor\codeigniter4\framework\system\CodeIgniter.php(439): CodeIgniter\CodeIgniter->runController(Object(App\Controllers\Application))
#7 C:\Users\SERVER\Desktop\ICTD_INHS_WEBSITE\INHS_Integrated_v3\vendor\codeigniter4\framework\system\CodeIgniter.php(339): CodeIgniter\CodeIgniter->handleRequest(NULL, Object(Config\Cache), false)
#8 C:\Users\SERVER\Desktop\ICTD_INHS_WEBSITE\INHS_Integrated_v3\public\index.php(36): CodeIgniter\CodeIgniter->run()
#9 C:\Users\SERVER\Desktop\ICTD_INHS_WEBSITE\INHS_Integrated_v3\vendor\codeigniter4\framework\system\Commands\Server\rewrite.php(45): require_once('C:\\Users\\SERVER...')
#10 {main}
CRITICAL - 2022-06-20 02:43:21 --> Trying to access array offset on value of type null
#0 C:\Users\SERVER\Desktop\ICTD_INHS_WEBSITE\INHS_Integrated_v3\app\Views\f_application\application_header.php(100): CodeIgniter\Debug\Exceptions->errorHandler(2, 'Trying to acces...', 'C:\\Users\\SERVER...', 100)
#1 C:\Users\SERVER\Desktop\ICTD_INHS_WEBSITE\INHS_Integrated_v3\vendor\codeigniter4\framework\system\View\View.php(230): include('C:\\Users\\SERVER...')
#2 C:\Users\SERVER\Desktop\ICTD_INHS_WEBSITE\INHS_Integrated_v3\vendor\codeigniter4\framework\system\View\View.php(232): CodeIgniter\View\View->CodeIgniter\View\{closure}()
#3 C:\Users\SERVER\Desktop\ICTD_INHS_WEBSITE\INHS_Integrated_v3\vendor\codeigniter4\framework\system\Common.php(1250): CodeIgniter\View\View->render('f_application/a...', Array, true)
#4 C:\Users\SERVER\Desktop\ICTD_INHS_WEBSITE\INHS_Integrated_v3\app\Controllers\Application.php(840): view('f_application/a...', Array)
#5 C:\Users\SERVER\Desktop\ICTD_INHS_WEBSITE\INHS_Integrated_v3\vendor\codeigniter4\framework\system\CodeIgniter.php(931): App\Controllers\Application->reprocessAppForm()
#6 C:\Users\SERVER\Desktop\ICTD_INHS_WEBSITE\INHS_Integrated_v3\vendor\codeigniter4\framework\system\CodeIgniter.php(439): CodeIgniter\CodeIgniter->runController(Object(App\Controllers\Application))
#7 C:\Users\SERVER\Desktop\ICTD_INHS_WEBSITE\INHS_Integrated_v3\vendor\codeigniter4\framework\system\CodeIgniter.php(339): CodeIgniter\CodeIgniter->handleRequest(NULL, Object(Config\Cache), false)
#8 C:\Users\SERVER\Desktop\ICTD_INHS_WEBSITE\INHS_Integrated_v3\public\index.php(36): CodeIgniter\CodeIgniter->run()
#9 C:\Users\SERVER\Desktop\ICTD_INHS_WEBSITE\INHS_Integrated_v3\vendor\codeigniter4\framework\system\Commands\Server\rewrite.php(45): require_once('C:\\Users\\SERVER...')
#10 {main}
CRITICAL - 2022-06-20 02:43:33 --> Trying to access array offset on value of type null
#0 C:\Users\SERVER\Desktop\ICTD_INHS_WEBSITE\INHS_Integrated_v3\app\Views\f_application\application_header.php(100): CodeIgniter\Debug\Exceptions->errorHandler(2, 'Trying to acces...', 'C:\\Users\\SERVER...', 100)
#1 C:\Users\SERVER\Desktop\ICTD_INHS_WEBSITE\INHS_Integrated_v3\vendor\codeigniter4\framework\system\View\View.php(230): include('C:\\Users\\SERVER...')
#2 C:\Users\SERVER\Desktop\ICTD_INHS_WEBSITE\INHS_Integrated_v3\vendor\codeigniter4\framework\system\View\View.php(232): CodeIgniter\View\View->CodeIgniter\View\{closure}()
#3 C:\Users\SERVER\Desktop\ICTD_INHS_WEBSITE\INHS_Integrated_v3\vendor\codeigniter4\framework\system\Common.php(1250): CodeIgniter\View\View->render('f_application/a...', Array, true)
#4 C:\Users\SERVER\Desktop\ICTD_INHS_WEBSITE\INHS_Integrated_v3\app\Controllers\Application.php(840): view('f_application/a...', Array)
#5 C:\Users\SERVER\Desktop\ICTD_INHS_WEBSITE\INHS_Integrated_v3\vendor\codeigniter4\framework\system\CodeIgniter.php(931): App\Controllers\Application->reprocessAppForm()
#6 C:\Users\SERVER\Desktop\ICTD_INHS_WEBSITE\INHS_Integrated_v3\vendor\codeigniter4\framework\system\CodeIgniter.php(439): CodeIgniter\CodeIgniter->runController(Object(App\Controllers\Application))
#7 C:\Users\SERVER\Desktop\ICTD_INHS_WEBSITE\INHS_Integrated_v3\vendor\codeigniter4\framework\system\CodeIgniter.php(339): CodeIgniter\CodeIgniter->handleRequest(NULL, Object(Config\Cache), false)
#8 C:\Users\SERVER\Desktop\ICTD_INHS_WEBSITE\INHS_Integrated_v3\public\index.php(36): CodeIgniter\CodeIgniter->run()
#9 C:\Users\SERVER\Desktop\ICTD_INHS_WEBSITE\INHS_Integrated_v3\vendor\codeigniter4\framework\system\Commands\Server\rewrite.php(45): require_once('C:\\Users\\SERVER...')
#10 {main}
CRITICAL - 2022-06-20 03:41:18 --> Trying to access array offset on value of type null
#0 C:\Users\SERVER\Desktop\ICTD_INHS_WEBSITE\INHS_Integrated_v3\app\Controllers\Application.php(904): CodeIgniter\Debug\Exceptions->errorHandler(2, 'Trying to acces...', 'C:\\Users\\SERVER...', 904)
#1 C:\Users\SERVER\Desktop\ICTD_INHS_WEBSITE\INHS_Integrated_v3\vendor\codeigniter4\framework\system\CodeIgniter.php(931): App\Controllers\Application->viewUploads()
#2 C:\Users\SERVER\Desktop\ICTD_INHS_WEBSITE\INHS_Integrated_v3\vendor\codeigniter4\framework\system\CodeIgniter.php(439): CodeIgniter\CodeIgniter->runController(Object(App\Controllers\Application))
#3 C:\Users\SERVER\Desktop\ICTD_INHS_WEBSITE\INHS_Integrated_v3\vendor\codeigniter4\framework\system\CodeIgniter.php(339): CodeIgniter\CodeIgniter->handleRequest(NULL, Object(Config\Cache), false)
#4 C:\Users\SERVER\Desktop\ICTD_INHS_WEBSITE\INHS_Integrated_v3\public\index.php(36): CodeIgniter\CodeIgniter->run()
#5 C:\Users\SERVER\Desktop\ICTD_INHS_WEBSITE\INHS_Integrated_v3\vendor\codeigniter4\framework\system\Commands\Server\rewrite.php(45): require_once('C:\\Users\\SERVER...')
#6 {main}
CRITICAL - 2022-06-20 05:25:57 --> Trying to access array offset on value of type null
#0 C:\Users\SERVER\Desktop\ICTD_INHS_WEBSITE\INHS_Integrated_v3\app\Views\f_application\application_header.php(100): CodeIgniter\Debug\Exceptions->errorHandler(2, 'Trying to acces...', 'C:\\Users\\SERVER...', 100)
#1 C:\Users\SERVER\Desktop\ICTD_INHS_WEBSITE\INHS_Integrated_v3\vendor\codeigniter4\framework\system\View\View.php(230): include('C:\\Users\\SERVER...')
#2 C:\Users\SERVER\Desktop\ICTD_INHS_WEBSITE\INHS_Integrated_v3\vendor\codeigniter4\framework\system\View\View.php(232): CodeIgniter\View\View->CodeIgniter\View\{closure}()
#3 C:\Users\SERVER\Desktop\ICTD_INHS_WEBSITE\INHS_Integrated_v3\vendor\codeigniter4\framework\system\Common.php(1250): CodeIgniter\View\View->render('f_application/a...', Array, true)
#4 C:\Users\SERVER\Desktop\ICTD_INHS_WEBSITE\INHS_Integrated_v3\app\Controllers\Application.php(221): view('f_application/a...', Array)
#5 C:\Users\SERVER\Desktop\ICTD_INHS_WEBSITE\INHS_Integrated_v3\vendor\codeigniter4\framework\system\CodeIgniter.php(931): App\Controllers\Application->getForm()
#6 C:\Users\SERVER\Desktop\ICTD_INHS_WEBSITE\INHS_Integrated_v3\vendor\codeigniter4\framework\system\CodeIgniter.php(439): CodeIgniter\CodeIgniter->runController(Object(App\Controllers\Application))
#7 C:\Users\SERVER\Desktop\ICTD_INHS_WEBSITE\INHS_Integrated_v3\vendor\codeigniter4\framework\system\CodeIgniter.php(339): CodeIgniter\CodeIgniter->handleRequest(NULL, Object(Config\Cache), false)
#8 C:\Users\SERVER\Desktop\ICTD_INHS_WEBSITE\INHS_Integrated_v3\public\index.php(36): CodeIgniter\CodeIgniter->run()
#9 C:\Users\SERVER\Desktop\ICTD_INHS_WEBSITE\INHS_Integrated_v3\vendor\codeigniter4\framework\system\Commands\Server\rewrite.php(45): require_once('C:\\Users\\SERVER...')
#10 {main}
CRITICAL - 2022-06-20 06:30:32 --> Trying to access array offset on value of type null
#0 C:\Users\SERVER\Desktop\ICTD_INHS_WEBSITE\INHS_Integrated_v3\app\Views\f_application\application_header.php(100): CodeIgniter\Debug\Exceptions->errorHandler(2, 'Trying to acces...', 'C:\\Users\\SERVER...', 100)
#1 C:\Users\SERVER\Desktop\ICTD_INHS_WEBSITE\INHS_Integrated_v3\vendor\codeigniter4\framework\system\View\View.php(230): include('C:\\Users\\SERVER...')
#2 C:\Users\SERVER\Desktop\ICTD_INHS_WEBSITE\INHS_Integrated_v3\vendor\codeigniter4\framework\system\View\View.php(232): CodeIgniter\View\View->CodeIgniter\View\{closure}()
#3 C:\Users\SERVER\Desktop\ICTD_INHS_WEBSITE\INHS_Integrated_v3\vendor\codeigniter4\framework\system\Common.php(1250): CodeIgniter\View\View->render('f_application/a...', Array, true)
#4 C:\Users\SERVER\Desktop\ICTD_INHS_WEBSITE\INHS_Integrated_v3\app\Controllers\Application.php(221): view('f_application/a...', Array)
#5 C:\Users\SERVER\Desktop\ICTD_INHS_WEBSITE\INHS_Integrated_v3\vendor\codeigniter4\framework\system\CodeIgniter.php(931): App\Controllers\Application->getForm()
#6 C:\Users\SERVER\Desktop\ICTD_INHS_WEBSITE\INHS_Integrated_v3\vendor\codeigniter4\framework\system\CodeIgniter.php(439): CodeIgniter\CodeIgniter->runController(Object(App\Controllers\Application))
#7 C:\Users\SERVER\Desktop\ICTD_INHS_WEBSITE\INHS_Integrated_v3\vendor\codeigniter4\framework\system\CodeIgniter.php(339): CodeIgniter\CodeIgniter->handleRequest(NULL, Object(Config\Cache), false)
#8 C:\Users\SERVER\Desktop\ICTD_INHS_WEBSITE\INHS_Integrated_v3\public\index.php(36): CodeIgniter\CodeIgniter->run()
#9 C:\Users\SERVER\Desktop\ICTD_INHS_WEBSITE\INHS_Integrated_v3\vendor\codeigniter4\framework\system\Commands\Server\rewrite.php(45): require_once('C:\\Users\\SERVER...')
#10 {main}
CRITICAL - 2022-06-20 06:30:36 --> Trying to access array offset on value of type null
#0 C:\Users\SERVER\Desktop\ICTD_INHS_WEBSITE\INHS_Integrated_v3\app\Views\f_application\application_header.php(100): CodeIgniter\Debug\Exceptions->errorHandler(2, 'Trying to acces...', 'C:\\Users\\SERVER...', 100)
#1 C:\Users\SERVER\Desktop\ICTD_INHS_WEBSITE\INHS_Integrated_v3\vendor\codeigniter4\framework\system\View\View.php(230): include('C:\\Users\\SERVER...')
#2 C:\Users\SERVER\Desktop\ICTD_INHS_WEBSITE\INHS_Integrated_v3\vendor\codeigniter4\framework\system\View\View.php(232): CodeIgniter\View\View->CodeIgniter\View\{closure}()
#3 C:\Users\SERVER\Desktop\ICTD_INHS_WEBSITE\INHS_Integrated_v3\vendor\codeigniter4\framework\system\Common.php(1250): CodeIgniter\View\View->render('f_application/a...', Array, true)
#4 C:\Users\SERVER\Desktop\ICTD_INHS_WEBSITE\INHS_Integrated_v3\app\Controllers\Application.php(221): view('f_application/a...', Array)
#5 C:\Users\SERVER\Desktop\ICTD_INHS_WEBSITE\INHS_Integrated_v3\vendor\codeigniter4\framework\system\CodeIgniter.php(931): App\Controllers\Application->getForm()
#6 C:\Users\SERVER\Desktop\ICTD_INHS_WEBSITE\INHS_Integrated_v3\vendor\codeigniter4\framework\system\CodeIgniter.php(439): CodeIgniter\CodeIgniter->runController(Object(App\Controllers\Application))
#7 C:\Users\SERVER\Desktop\ICTD_INHS_WEBSITE\INHS_Integrated_v3\vendor\codeigniter4\framework\system\CodeIgniter.php(339): CodeIgniter\CodeIgniter->handleRequest(NULL, Object(Config\Cache), false)
#8 C:\Users\SERVER\Desktop\ICTD_INHS_WEBSITE\INHS_Integrated_v3\public\index.php(36): CodeIgniter\CodeIgniter->run()
#9 C:\Users\SERVER\Desktop\ICTD_INHS_WEBSITE\INHS_Integrated_v3\vendor\codeigniter4\framework\system\Commands\Server\rewrite.php(45): require_once('C:\\Users\\SERVER...')
#10 {main}
CRITICAL - 2022-06-20 07:08:15 --> Trying to access array offset on value of type null
#0 C:\Users\SERVER\Desktop\ICTD_INHS_WEBSITE\INHS_Integrated_v3\app\Controllers\Application.php(1010): CodeIgniter\Debug\Exceptions->errorHandler(2, 'Trying to acces...', 'C:\\Users\\SERVER...', 1010)
#1 C:\Users\SERVER\Desktop\ICTD_INHS_WEBSITE\INHS_Integrated_v3\vendor\codeigniter4\framework\system\CodeIgniter.php(931): App\Controllers\Application->viewApplication()
#2 C:\Users\SERVER\Desktop\ICTD_INHS_WEBSITE\INHS_Integrated_v3\vendor\codeigniter4\framework\system\CodeIgniter.php(439): CodeIgniter\CodeIgniter->runController(Object(App\Controllers\Application))
#3 C:\Users\SERVER\Desktop\ICTD_INHS_WEBSITE\INHS_Integrated_v3\vendor\codeigniter4\framework\system\CodeIgniter.php(339): CodeIgniter\CodeIgniter->handleRequest(NULL, Object(Config\Cache), false)
#4 C:\Users\SERVER\Desktop\ICTD_INHS_WEBSITE\INHS_Integrated_v3\public\index.php(36): CodeIgniter\CodeIgniter->run()
#5 C:\Users\SERVER\Desktop\ICTD_INHS_WEBSITE\INHS_Integrated_v3\vendor\codeigniter4\framework\system\Commands\Server\rewrite.php(45): require_once('C:\\Users\\SERVER...')
#6 {main}
CRITICAL - 2022-06-20 07:57:21 --> Trying to access array offset on value of type null
#0 C:\Users\SERVER\Desktop\ICTD_INHS_WEBSITE\INHS_Integrated_v3\app\Controllers\Application.php(1010): CodeIgniter\Debug\Exceptions->errorHandler(2, 'Trying to acces...', 'C:\\Users\\SERVER...', 1010)
#1 C:\Users\SERVER\Desktop\ICTD_INHS_WEBSITE\INHS_Integrated_v3\vendor\codeigniter4\framework\system\CodeIgniter.php(931): App\Controllers\Application->viewApplication()
#2 C:\Users\SERVER\Desktop\ICTD_INHS_WEBSITE\INHS_Integrated_v3\vendor\codeigniter4\framework\system\CodeIgniter.php(439): CodeIgniter\CodeIgniter->runController(Object(App\Controllers\Application))
#3 C:\Users\SERVER\Desktop\ICTD_INHS_WEBSITE\INHS_Integrated_v3\vendor\codeigniter4\framework\system\CodeIgniter.php(339): CodeIgniter\CodeIgniter->handleRequest(NULL, Object(Config\Cache), false)
#4 C:\Users\SERVER\Desktop\ICTD_INHS_WEBSITE\INHS_Integrated_v3\public\index.php(36): CodeIgniter\CodeIgniter->run()
#5 C:\Users\SERVER\Desktop\ICTD_INHS_WEBSITE\INHS_Integrated_v3\vendor\codeigniter4\framework\system\Commands\Server\rewrite.php(45): require_once('C:\\Users\\SERVER...')
#6 {main}
