CRITICAL - 2022-02-06 01:30:32 --> Undefined variable: data
#0 C:\xampp\htdocs\INHS_Dev\git\inhsDev\app\Controllers\Application.php(597): CodeIgniter\Debug\Exceptions->errorHandler(8, 'Undefined varia...', 'C:\\xampp\\htdocs...', 597, Array)
#1 C:\xampp\htdocs\INHS_Dev\git\inhsDev\vendor\codeigniter4\framework\system\CodeIgniter.php(802): App\Controllers\Application->checkApplicationInfo()
#2 C:\xampp\htdocs\INHS_Dev\git\inhsDev\vendor\codeigniter4\framework\system\CodeIgniter.php(399): CodeIgniter\CodeIgniter->runController(Object(App\Controllers\Application))
#3 C:\xampp\htdocs\INHS_Dev\git\inhsDev\vendor\codeigniter4\framework\system\CodeIgniter.php(317): CodeIgniter\CodeIgniter->handleRequest(NULL, Object(Config\Cache), false)
#4 C:\xampp\htdocs\INHS_Dev\git\inhsDev\public\index.php(36): CodeIgniter\CodeIgniter->run()
#5 C:\xampp\htdocs\INHS_Dev\git\inhsDev\vendor\codeigniter4\framework\system\Commands\Server\rewrite.php(43): require_once('C:\\xampp\\htdocs...')
#6 {main}
CRITICAL - 2022-02-06 01:30:48 --> Argument 2 passed to view() must be of the type array, string given, called in C:\xampp\htdocs\INHS_Dev\git\inhsDev\app\Controllers\Application.php on line 598
#0 C:\xampp\htdocs\INHS_Dev\git\inhsDev\app\Controllers\Application.php(598): view('f_application/a...', 'test')
#1 C:\xampp\htdocs\INHS_Dev\git\inhsDev\vendor\codeigniter4\framework\system\CodeIgniter.php(802): App\Controllers\Application->checkApplicationInfo()
#2 C:\xampp\htdocs\INHS_Dev\git\inhsDev\vendor\codeigniter4\framework\system\CodeIgniter.php(399): CodeIgniter\CodeIgniter->runController(Object(App\Controllers\Application))
#3 C:\xampp\htdocs\INHS_Dev\git\inhsDev\vendor\codeigniter4\framework\system\CodeIgniter.php(317): CodeIgniter\CodeIgniter->handleRequest(NULL, Object(Config\Cache), false)
#4 C:\xampp\htdocs\INHS_Dev\git\inhsDev\public\index.php(36): CodeIgniter\CodeIgniter->run()
#5 C:\xampp\htdocs\INHS_Dev\git\inhsDev\vendor\codeigniter4\framework\system\Commands\Server\rewrite.php(43): require_once('C:\\xampp\\htdocs...')
#6 {main}
CRITICAL - 2022-02-06 01:31:24 --> Undefined variable: title
#0 C:\xampp\htdocs\INHS_Dev\git\inhsDev\app\Views\f_application\application_header.php(10): CodeIgniter\Debug\Exceptions->errorHandler(8, 'Undefined varia...', 'C:\\xampp\\htdocs...', 10, Array)
#1 C:\xampp\htdocs\INHS_Dev\git\inhsDev\vendor\codeigniter4\framework\system\View\View.php(214): include('C:\\xampp\\htdocs...')
#2 C:\xampp\htdocs\INHS_Dev\git\inhsDev\vendor\codeigniter4\framework\system\View\View.php(217): CodeIgniter\View\View->CodeIgniter\View\{closure}()
#3 C:\xampp\htdocs\INHS_Dev\git\inhsDev\vendor\codeigniter4\framework\system\Common.php(1092): CodeIgniter\View\View->render('f_application/a...', Array, true)
#4 C:\xampp\htdocs\INHS_Dev\git\inhsDev\app\Controllers\Application.php(600): view('f_application/a...', Array)
#5 C:\xampp\htdocs\INHS_Dev\git\inhsDev\vendor\codeigniter4\framework\system\CodeIgniter.php(802): App\Controllers\Application->checkApplicationInfo()
#6 C:\xampp\htdocs\INHS_Dev\git\inhsDev\vendor\codeigniter4\framework\system\CodeIgniter.php(399): CodeIgniter\CodeIgniter->runController(Object(App\Controllers\Application))
#7 C:\xampp\htdocs\INHS_Dev\git\inhsDev\vendor\codeigniter4\framework\system\CodeIgniter.php(317): CodeIgniter\CodeIgniter->handleRequest(NULL, Object(Config\Cache), false)
#8 C:\xampp\htdocs\INHS_Dev\git\inhsDev\public\index.php(36): CodeIgniter\CodeIgniter->run()
#9 C:\xampp\htdocs\INHS_Dev\git\inhsDev\vendor\codeigniter4\framework\system\Commands\Server\rewrite.php(43): require_once('C:\\xampp\\htdocs...')
#10 {main}
CRITICAL - 2022-02-06 01:31:42 --> Undefined variable: admission
#0 C:\xampp\htdocs\INHS_Dev\git\inhsDev\app\Views\f_application\application_header.php(82): CodeIgniter\Debug\Exceptions->errorHandler(8, 'Undefined varia...', 'C:\\xampp\\htdocs...', 82, Array)
#1 C:\xampp\htdocs\INHS_Dev\git\inhsDev\vendor\codeigniter4\framework\system\View\View.php(214): include('C:\\xampp\\htdocs...')
#2 C:\xampp\htdocs\INHS_Dev\git\inhsDev\vendor\codeigniter4\framework\system\View\View.php(217): CodeIgniter\View\View->CodeIgniter\View\{closure}()
#3 C:\xampp\htdocs\INHS_Dev\git\inhsDev\vendor\codeigniter4\framework\system\Common.php(1092): CodeIgniter\View\View->render('f_application/a...', Array, true)
#4 C:\xampp\htdocs\INHS_Dev\git\inhsDev\app\Controllers\Application.php(600): view('f_application/a...', Array)
#5 C:\xampp\htdocs\INHS_Dev\git\inhsDev\vendor\codeigniter4\framework\system\CodeIgniter.php(802): App\Controllers\Application->checkApplicationInfo()
#6 C:\xampp\htdocs\INHS_Dev\git\inhsDev\vendor\codeigniter4\framework\system\CodeIgniter.php(399): CodeIgniter\CodeIgniter->runController(Object(App\Controllers\Application))
#7 C:\xampp\htdocs\INHS_Dev\git\inhsDev\vendor\codeigniter4\framework\system\CodeIgniter.php(317): CodeIgniter\CodeIgniter->handleRequest(NULL, Object(Config\Cache), false)
#8 C:\xampp\htdocs\INHS_Dev\git\inhsDev\public\index.php(36): CodeIgniter\CodeIgniter->run()
#9 C:\xampp\htdocs\INHS_Dev\git\inhsDev\vendor\codeigniter4\framework\system\Commands\Server\rewrite.php(43): require_once('C:\\xampp\\htdocs...')
#10 {main}
CRITICAL - 2022-02-06 08:15:31 --> Undefined variable: admission_id
#0 C:\xampp\htdocs\INHS_Dev\git\inhsDev\app\Controllers\Application.php(603): CodeIgniter\Debug\Exceptions->errorHandler(8, 'Undefined varia...', 'C:\\xampp\\htdocs...', 603, Array)
#1 C:\xampp\htdocs\INHS_Dev\git\inhsDev\vendor\codeigniter4\framework\system\CodeIgniter.php(802): App\Controllers\Application->checkApplicationInfo()
#2 C:\xampp\htdocs\INHS_Dev\git\inhsDev\vendor\codeigniter4\framework\system\CodeIgniter.php(399): CodeIgniter\CodeIgniter->runController(Object(App\Controllers\Application))
#3 C:\xampp\htdocs\INHS_Dev\git\inhsDev\vendor\codeigniter4\framework\system\CodeIgniter.php(317): CodeIgniter\CodeIgniter->handleRequest(NULL, Object(Config\Cache), false)
#4 C:\xampp\htdocs\INHS_Dev\git\inhsDev\public\index.php(36): CodeIgniter\CodeIgniter->run()
#5 C:\xampp\htdocs\INHS_Dev\git\inhsDev\vendor\codeigniter4\framework\system\Commands\Server\rewrite.php(43): require_once('C:\\xampp\\htdocs...')
#6 {main}
CRITICAL - 2022-02-06 08:22:58 --> Undefined variable: admission_id
#0 C:\xampp\htdocs\INHS_Dev\git\inhsDev\app\Controllers\Application.php(603): CodeIgniter\Debug\Exceptions->errorHandler(8, 'Undefined varia...', 'C:\\xampp\\htdocs...', 603, Array)
#1 C:\xampp\htdocs\INHS_Dev\git\inhsDev\vendor\codeigniter4\framework\system\CodeIgniter.php(802): App\Controllers\Application->checkApplicationInfo()
#2 C:\xampp\htdocs\INHS_Dev\git\inhsDev\vendor\codeigniter4\framework\system\CodeIgniter.php(399): CodeIgniter\CodeIgniter->runController(Object(App\Controllers\Application))
#3 C:\xampp\htdocs\INHS_Dev\git\inhsDev\vendor\codeigniter4\framework\system\CodeIgniter.php(317): CodeIgniter\CodeIgniter->handleRequest(NULL, Object(Config\Cache), false)
#4 C:\xampp\htdocs\INHS_Dev\git\inhsDev\public\index.php(36): CodeIgniter\CodeIgniter->run()
#5 C:\xampp\htdocs\INHS_Dev\git\inhsDev\vendor\codeigniter4\framework\system\Commands\Server\rewrite.php(43): require_once('C:\\xampp\\htdocs...')
#6 {main}
CRITICAL - 2022-02-06 08:23:18 --> Undefined variable: admission_id
#0 C:\xampp\htdocs\INHS_Dev\git\inhsDev\app\Controllers\Application.php(603): CodeIgniter\Debug\Exceptions->errorHandler(8, 'Undefined varia...', 'C:\\xampp\\htdocs...', 603, Array)
#1 C:\xampp\htdocs\INHS_Dev\git\inhsDev\vendor\codeigniter4\framework\system\CodeIgniter.php(802): App\Controllers\Application->checkApplicationInfo()
#2 C:\xampp\htdocs\INHS_Dev\git\inhsDev\vendor\codeigniter4\framework\system\CodeIgniter.php(399): CodeIgniter\CodeIgniter->runController(Object(App\Controllers\Application))
#3 C:\xampp\htdocs\INHS_Dev\git\inhsDev\vendor\codeigniter4\framework\system\CodeIgniter.php(317): CodeIgniter\CodeIgniter->handleRequest(NULL, Object(Config\Cache), false)
#4 C:\xampp\htdocs\INHS_Dev\git\inhsDev\public\index.php(36): CodeIgniter\CodeIgniter->run()
#5 C:\xampp\htdocs\INHS_Dev\git\inhsDev\vendor\codeigniter4\framework\system\Commands\Server\rewrite.php(43): require_once('C:\\xampp\\htdocs...')
#6 {main}
CRITICAL - 2022-02-06 09:22:29 --> Undefined variable: title
#0 C:\xampp\htdocs\INHS_Dev\git\inhsDev\app\Views\f_application\f_application_info\info_header.php(10): CodeIgniter\Debug\Exceptions->errorHandler(8, 'Undefined varia...', 'C:\\xampp\\htdocs...', 10, Array)
#1 C:\xampp\htdocs\INHS_Dev\git\inhsDev\vendor\codeigniter4\framework\system\View\View.php(214): include('C:\\xampp\\htdocs...')
#2 C:\xampp\htdocs\INHS_Dev\git\inhsDev\vendor\codeigniter4\framework\system\View\View.php(217): CodeIgniter\View\View->CodeIgniter\View\{closure}()
#3 C:\xampp\htdocs\INHS_Dev\git\inhsDev\vendor\codeigniter4\framework\system\Common.php(1092): CodeIgniter\View\View->render('f_application/f...', Array, true)
#4 C:\xampp\htdocs\INHS_Dev\git\inhsDev\app\Controllers\Application.php(621): view('f_application/f...')
#5 C:\xampp\htdocs\INHS_Dev\git\inhsDev\vendor\codeigniter4\framework\system\CodeIgniter.php(802): App\Controllers\Application->viewUploads()
#6 C:\xampp\htdocs\INHS_Dev\git\inhsDev\vendor\codeigniter4\framework\system\CodeIgniter.php(399): CodeIgniter\CodeIgniter->runController(Object(App\Controllers\Application))
#7 C:\xampp\htdocs\INHS_Dev\git\inhsDev\vendor\codeigniter4\framework\system\CodeIgniter.php(317): CodeIgniter\CodeIgniter->handleRequest(NULL, Object(Config\Cache), false)
#8 C:\xampp\htdocs\INHS_Dev\git\inhsDev\public\index.php(36): CodeIgniter\CodeIgniter->run()
#9 C:\xampp\htdocs\INHS_Dev\git\inhsDev\vendor\codeigniter4\framework\system\Commands\Server\rewrite.php(43): require_once('C:\\xampp\\htdocs...')
#10 {main}
CRITICAL - 2022-02-06 09:23:05 --> Undefined variable: title
#0 C:\xampp\htdocs\INHS_Dev\git\inhsDev\app\Views\f_application\f_application_info\info_header.php(10): CodeIgniter\Debug\Exceptions->errorHandler(8, 'Undefined varia...', 'C:\\xampp\\htdocs...', 10, Array)
#1 C:\xampp\htdocs\INHS_Dev\git\inhsDev\vendor\codeigniter4\framework\system\View\View.php(214): include('C:\\xampp\\htdocs...')
#2 C:\xampp\htdocs\INHS_Dev\git\inhsDev\vendor\codeigniter4\framework\system\View\View.php(217): CodeIgniter\View\View->CodeIgniter\View\{closure}()
#3 C:\xampp\htdocs\INHS_Dev\git\inhsDev\vendor\codeigniter4\framework\system\Common.php(1092): CodeIgniter\View\View->render('f_application/f...', Array, true)
#4 C:\xampp\htdocs\INHS_Dev\git\inhsDev\app\Controllers\Application.php(621): view('f_application/f...')
#5 C:\xampp\htdocs\INHS_Dev\git\inhsDev\vendor\codeigniter4\framework\system\CodeIgniter.php(802): App\Controllers\Application->viewUploads()
#6 C:\xampp\htdocs\INHS_Dev\git\inhsDev\vendor\codeigniter4\framework\system\CodeIgniter.php(399): CodeIgniter\CodeIgniter->runController(Object(App\Controllers\Application))
#7 C:\xampp\htdocs\INHS_Dev\git\inhsDev\vendor\codeigniter4\framework\system\CodeIgniter.php(317): CodeIgniter\CodeIgniter->handleRequest(NULL, Object(Config\Cache), false)
#8 C:\xampp\htdocs\INHS_Dev\git\inhsDev\public\index.php(36): CodeIgniter\CodeIgniter->run()
#9 C:\xampp\htdocs\INHS_Dev\git\inhsDev\vendor\codeigniter4\framework\system\Commands\Server\rewrite.php(43): require_once('C:\\xampp\\htdocs...')
#10 {main}
CRITICAL - 2022-02-06 09:23:13 --> syntax error, unexpected '=>' (T_DOUBLE_ARROW)
#0 C:\xampp\htdocs\INHS_Dev\git\inhsDev\vendor\codeigniter4\framework\system\Autoloader\Autoloader.php(241): CodeIgniter\Autoloader\Autoloader->includeFile('C:\\xampp\\htdocs...')
#1 C:\xampp\htdocs\INHS_Dev\git\inhsDev\vendor\codeigniter4\framework\system\Autoloader\Autoloader.php(219): CodeIgniter\Autoloader\Autoloader->loadInNamespace('App\\Controllers...')
#2 [internal function]: CodeIgniter\Autoloader\Autoloader->loadClass('App\\Controllers...')
#3 [internal function]: spl_autoload_call('App\\Controllers...')
#4 C:\xampp\htdocs\INHS_Dev\git\inhsDev\vendor\codeigniter4\framework\system\CodeIgniter.php(767): class_exists('\\App\\Controller...', true)
#5 C:\xampp\htdocs\INHS_Dev\git\inhsDev\vendor\codeigniter4\framework\system\CodeIgniter.php(386): CodeIgniter\CodeIgniter->startController()
#6 C:\xampp\htdocs\INHS_Dev\git\inhsDev\vendor\codeigniter4\framework\system\CodeIgniter.php(317): CodeIgniter\CodeIgniter->handleRequest(NULL, Object(Config\Cache), false)
#7 C:\xampp\htdocs\INHS_Dev\git\inhsDev\public\index.php(36): CodeIgniter\CodeIgniter->run()
#8 C:\xampp\htdocs\INHS_Dev\git\inhsDev\vendor\codeigniter4\framework\system\Commands\Server\rewrite.php(43): require_once('C:\\xampp\\htdocs...')
#9 {main}
CRITICAL - 2022-02-06 09:23:43 --> Undefined variable: admission_id
#0 C:\xampp\htdocs\INHS_Dev\git\inhsDev\app\Views\f_application\f_application_info\info_header.php(76): CodeIgniter\Debug\Exceptions->errorHandler(8, 'Undefined varia...', 'C:\\xampp\\htdocs...', 76, Array)
#1 C:\xampp\htdocs\INHS_Dev\git\inhsDev\vendor\codeigniter4\framework\system\View\View.php(214): include('C:\\xampp\\htdocs...')
#2 C:\xampp\htdocs\INHS_Dev\git\inhsDev\vendor\codeigniter4\framework\system\View\View.php(217): CodeIgniter\View\View->CodeIgniter\View\{closure}()
#3 C:\xampp\htdocs\INHS_Dev\git\inhsDev\vendor\codeigniter4\framework\system\Common.php(1092): CodeIgniter\View\View->render('f_application/f...', Array, true)
#4 C:\xampp\htdocs\INHS_Dev\git\inhsDev\app\Controllers\Application.php(621): view('f_application/f...', Array)
#5 C:\xampp\htdocs\INHS_Dev\git\inhsDev\vendor\codeigniter4\framework\system\CodeIgniter.php(802): App\Controllers\Application->viewUploads()
#6 C:\xampp\htdocs\INHS_Dev\git\inhsDev\vendor\codeigniter4\framework\system\CodeIgniter.php(399): CodeIgniter\CodeIgniter->runController(Object(App\Controllers\Application))
#7 C:\xampp\htdocs\INHS_Dev\git\inhsDev\vendor\codeigniter4\framework\system\CodeIgniter.php(317): CodeIgniter\CodeIgniter->handleRequest(NULL, Object(Config\Cache), false)
#8 C:\xampp\htdocs\INHS_Dev\git\inhsDev\public\index.php(36): CodeIgniter\CodeIgniter->run()
#9 C:\xampp\htdocs\INHS_Dev\git\inhsDev\vendor\codeigniter4\framework\system\Commands\Server\rewrite.php(43): require_once('C:\\xampp\\htdocs...')
#10 {main}
<<<<<<< Updated upstream
CRITICAL - 2022-02-06 21:52:59 --> unlink(upload/student_files/admission_files/ada.txt): No such file or directory
#0 [internal function]: CodeIgniter\Debug\Exceptions->errorHandler(2, 'unlink(upload/s...', 'C:\\xampp\\htdocs...', 479, Array)
#1 C:\xampp\htdocs\INHS_Dev\git\inhsDev\app\Controllers\Application.php(479): unlink('upload/student_...')
#2 C:\xampp\htdocs\INHS_Dev\git\inhsDev\vendor\codeigniter4\framework\system\CodeIgniter.php(802): App\Controllers\Application->deleteDropzone()
#3 C:\xampp\htdocs\INHS_Dev\git\inhsDev\vendor\codeigniter4\framework\system\CodeIgniter.php(399): CodeIgniter\CodeIgniter->runController(Object(App\Controllers\Application))
#4 C:\xampp\htdocs\INHS_Dev\git\inhsDev\vendor\codeigniter4\framework\system\CodeIgniter.php(317): CodeIgniter\CodeIgniter->handleRequest(NULL, Object(Config\Cache), false)
#5 C:\xampp\htdocs\INHS_Dev\git\inhsDev\public\index.php(36): CodeIgniter\CodeIgniter->run()
#6 C:\xampp\htdocs\INHS_Dev\git\inhsDev\vendor\codeigniter4\framework\system\Commands\Server\rewrite.php(43): require_once('C:\\xampp\\htdocs...')
#7 {main}
=======
ERROR - 2022-02-06 21:03:08 --> Error connecting to the database: No connection could be made because the target machine actively refused it
CRITICAL - 2022-02-06 21:03:08 --> Unable to connect to the database.
Main connection [MySQLi]: No connection could be made because the target machine actively refused it
#0 C:\xampp\htdocs\NsoftDevNew\git_file\ci4\inhsDev\vendor\codeigniter4\framework\system\Database\BaseConnection.php(625): CodeIgniter\Database\BaseConnection->initialize()
#1 C:\xampp\htdocs\NsoftDevNew\git_file\ci4\inhsDev\vendor\codeigniter4\framework\system\Database\BaseBuilder.php(1881): CodeIgniter\Database\BaseConnection->query('SELECT *\nFROM `...', Array, false)
#2 C:\xampp\htdocs\NsoftDevNew\git_file\ci4\inhsDev\vendor\codeigniter4\framework\system\Model.php(197): CodeIgniter\Database\BaseBuilder->get()
#3 C:\xampp\htdocs\NsoftDevNew\git_file\ci4\inhsDev\vendor\codeigniter4\framework\system\BaseModel.php(603): CodeIgniter\Model->doFindAll(0, 0)
#4 C:\xampp\htdocs\NsoftDevNew\git_file\ci4\inhsDev\app\Models\NewsModel.php(16): CodeIgniter\BaseModel->findAll()
#5 C:\xampp\htdocs\NsoftDevNew\git_file\ci4\inhsDev\app\Controllers\News.php(17): App\Models\NewsModel->getNews()
#6 C:\xampp\htdocs\NsoftDevNew\git_file\ci4\inhsDev\vendor\codeigniter4\framework\system\CodeIgniter.php(931): App\Controllers\News->index()
#7 C:\xampp\htdocs\NsoftDevNew\git_file\ci4\inhsDev\vendor\codeigniter4\framework\system\CodeIgniter.php(439): CodeIgniter\CodeIgniter->runController(Object(App\Controllers\News))
#8 C:\xampp\htdocs\NsoftDevNew\git_file\ci4\inhsDev\vendor\codeigniter4\framework\system\CodeIgniter.php(339): CodeIgniter\CodeIgniter->handleRequest(NULL, Object(Config\Cache), false)
#9 C:\xampp\htdocs\NsoftDevNew\git_file\ci4\inhsDev\public\index.php(36): CodeIgniter\CodeIgniter->run()
#10 C:\xampp\htdocs\NsoftDevNew\git_file\ci4\inhsDev\vendor\codeigniter4\framework\system\Commands\Server\rewrite.php(45): require_once('C:\\xampp\\htdocs...')
#11 {main}
ERROR - 2022-02-06 22:08:12 --> Error connecting to the database: No connection could be made because the target machine actively refused it
CRITICAL - 2022-02-06 22:08:12 --> Unable to connect to the database.
Main connection [MySQLi]: No connection could be made because the target machine actively refused it
#0 C:\xampp\htdocs\NsoftDevNew\git_file\ci4\inhsDev\vendor\codeigniter4\framework\system\Database\BaseConnection.php(625): CodeIgniter\Database\BaseConnection->initialize()
#1 C:\xampp\htdocs\NsoftDevNew\git_file\ci4\inhsDev\vendor\codeigniter4\framework\system\Database\BaseBuilder.php(1881): CodeIgniter\Database\BaseConnection->query('SELECT *\nFROM `...', Array, false)
#2 C:\xampp\htdocs\NsoftDevNew\git_file\ci4\inhsDev\vendor\codeigniter4\framework\system\Model.php(197): CodeIgniter\Database\BaseBuilder->get()
#3 C:\xampp\htdocs\NsoftDevNew\git_file\ci4\inhsDev\vendor\codeigniter4\framework\system\BaseModel.php(603): CodeIgniter\Model->doFindAll(0, 0)
#4 C:\xampp\htdocs\NsoftDevNew\git_file\ci4\inhsDev\app\Models\NewsModel.php(16): CodeIgniter\BaseModel->findAll()
#5 C:\xampp\htdocs\NsoftDevNew\git_file\ci4\inhsDev\app\Controllers\News.php(17): App\Models\NewsModel->getNews()
#6 C:\xampp\htdocs\NsoftDevNew\git_file\ci4\inhsDev\vendor\codeigniter4\framework\system\CodeIgniter.php(931): App\Controllers\News->index()
#7 C:\xampp\htdocs\NsoftDevNew\git_file\ci4\inhsDev\vendor\codeigniter4\framework\system\CodeIgniter.php(439): CodeIgniter\CodeIgniter->runController(Object(App\Controllers\News))
#8 C:\xampp\htdocs\NsoftDevNew\git_file\ci4\inhsDev\vendor\codeigniter4\framework\system\CodeIgniter.php(339): CodeIgniter\CodeIgniter->handleRequest(NULL, Object(Config\Cache), false)
#9 C:\xampp\htdocs\NsoftDevNew\git_file\ci4\inhsDev\public\index.php(36): CodeIgniter\CodeIgniter->run()
#10 C:\xampp\htdocs\NsoftDevNew\git_file\ci4\inhsDev\vendor\codeigniter4\framework\system\Commands\Server\rewrite.php(45): require_once('C:\\xampp\\htdocs...')
#11 {main}
ERROR - 2022-02-06 22:55:12 --> Error connecting to the database: No connection could be made because the target machine actively refused it
CRITICAL - 2022-02-06 22:55:12 --> Unable to connect to the database.
Main connection [MySQLi]: No connection could be made because the target machine actively refused it
#0 C:\xampp\htdocs\NsoftDevNew\git_file\ci4\inhsDev\vendor\codeigniter4\framework\system\Database\BaseConnection.php(625): CodeIgniter\Database\BaseConnection->initialize()
#1 C:\xampp\htdocs\NsoftDevNew\git_file\ci4\inhsDev\vendor\codeigniter4\framework\system\Database\BaseBuilder.php(1881): CodeIgniter\Database\BaseConnection->query('SELECT *\nFROM `...', Array, false)
#2 C:\xampp\htdocs\NsoftDevNew\git_file\ci4\inhsDev\vendor\codeigniter4\framework\system\Model.php(197): CodeIgniter\Database\BaseBuilder->get()
#3 C:\xampp\htdocs\NsoftDevNew\git_file\ci4\inhsDev\vendor\codeigniter4\framework\system\BaseModel.php(603): CodeIgniter\Model->doFindAll(0, 0)
#4 C:\xampp\htdocs\NsoftDevNew\git_file\ci4\inhsDev\app\Models\NewsModel.php(16): CodeIgniter\BaseModel->findAll()
#5 C:\xampp\htdocs\NsoftDevNew\git_file\ci4\inhsDev\app\Controllers\News.php(17): App\Models\NewsModel->getNews()
#6 C:\xampp\htdocs\NsoftDevNew\git_file\ci4\inhsDev\vendor\codeigniter4\framework\system\CodeIgniter.php(931): App\Controllers\News->index()
#7 C:\xampp\htdocs\NsoftDevNew\git_file\ci4\inhsDev\vendor\codeigniter4\framework\system\CodeIgniter.php(439): CodeIgniter\CodeIgniter->runController(Object(App\Controllers\News))
#8 C:\xampp\htdocs\NsoftDevNew\git_file\ci4\inhsDev\vendor\codeigniter4\framework\system\CodeIgniter.php(339): CodeIgniter\CodeIgniter->handleRequest(NULL, Object(Config\Cache), false)
#9 C:\xampp\htdocs\NsoftDevNew\git_file\ci4\inhsDev\public\index.php(36): CodeIgniter\CodeIgniter->run()
#10 C:\xampp\htdocs\NsoftDevNew\git_file\ci4\inhsDev\vendor\codeigniter4\framework\system\Commands\Server\rewrite.php(45): require_once('C:\\xampp\\htdocs...')
#11 {main}
>>>>>>> Stashed changes
