CRITICAL - 2021-11-04 01:16:24 --> Undefined constant "App\Controllers\value"
#0 C:\xampp\htdocs\nasyoDevPractice\nasyoDevPractice\vendor\codeigniter4\framework\system\CodeIgniter.php(802): App\Controllers\Admission->captcha_verify()
#1 C:\xampp\htdocs\nasyoDevPractice\nasyoDevPractice\vendor\codeigniter4\framework\system\CodeIgniter.php(399): CodeIgniter\CodeIgniter->runController(Object(App\Controllers\Admission))
#2 C:\xampp\htdocs\nasyoDevPractice\nasyoDevPractice\vendor\codeigniter4\framework\system\CodeIgniter.php(317): CodeIgniter\CodeIgniter->handleRequest(NULL, Object(Config\Cache), false)
#3 C:\xampp\htdocs\nasyoDevPractice\nasyoDevPractice\public\index.php(36): CodeIgniter\CodeIgniter->run()
#4 C:\xampp\htdocs\nasyoDevPractice\nasyoDevPractice\vendor\codeigniter4\framework\system\Commands\Server\rewrite.php(43): require_once('C:\\xampp\\htdocs...')
#5 {main}
CRITICAL - 2021-11-04 01:18:14 --> Trying to access array offset on value of type null
#0 C:\xampp\htdocs\nasyoDevPractice\nasyoDevPractice\app\Controllers\Admission.php(63): CodeIgniter\Debug\Exceptions->errorHandler(2, 'Trying to acces...', 'C:\\xampp\\htdocs...', 63)
#1 C:\xampp\htdocs\nasyoDevPractice\nasyoDevPractice\vendor\codeigniter4\framework\system\CodeIgniter.php(802): App\Controllers\Admission->captcha_verify()
#2 C:\xampp\htdocs\nasyoDevPractice\nasyoDevPractice\vendor\codeigniter4\framework\system\CodeIgniter.php(399): CodeIgniter\CodeIgniter->runController(Object(App\Controllers\Admission))
#3 C:\xampp\htdocs\nasyoDevPractice\nasyoDevPractice\vendor\codeigniter4\framework\system\CodeIgniter.php(317): CodeIgniter\CodeIgniter->handleRequest(NULL, Object(Config\Cache), false)
#4 C:\xampp\htdocs\nasyoDevPractice\nasyoDevPractice\public\index.php(36): CodeIgniter\CodeIgniter->run()
#5 C:\xampp\htdocs\nasyoDevPractice\nasyoDevPractice\vendor\codeigniter4\framework\system\Commands\Server\rewrite.php(43): require_once('C:\\xampp\\htdocs...')
#6 {main}
CRITICAL - 2021-11-04 01:20:14 --> Trying to access array offset on value of type null
#0 C:\xampp\htdocs\nasyoDevPractice\nasyoDevPractice\app\Controllers\Admission.php(63): CodeIgniter\Debug\Exceptions->errorHandler(2, 'Trying to acces...', 'C:\\xampp\\htdocs...', 63)
#1 C:\xampp\htdocs\nasyoDevPractice\nasyoDevPractice\vendor\codeigniter4\framework\system\CodeIgniter.php(802): App\Controllers\Admission->captcha_verify()
#2 C:\xampp\htdocs\nasyoDevPractice\nasyoDevPractice\vendor\codeigniter4\framework\system\CodeIgniter.php(399): CodeIgniter\CodeIgniter->runController(Object(App\Controllers\Admission))
#3 C:\xampp\htdocs\nasyoDevPractice\nasyoDevPractice\vendor\codeigniter4\framework\system\CodeIgniter.php(317): CodeIgniter\CodeIgniter->handleRequest(NULL, Object(Config\Cache), false)
#4 C:\xampp\htdocs\nasyoDevPractice\nasyoDevPractice\public\index.php(36): CodeIgniter\CodeIgniter->run()
#5 C:\xampp\htdocs\nasyoDevPractice\nasyoDevPractice\vendor\codeigniter4\framework\system\Commands\Server\rewrite.php(43): require_once('C:\\xampp\\htdocs...')
#6 {main}
CRITICAL - 2021-11-04 01:24:45 --> Trying to access array offset on value of type null
#0 C:\xampp\htdocs\nasyoDevPractice\nasyoDevPractice\app\Controllers\Admission.php(63): CodeIgniter\Debug\Exceptions->errorHandler(2, 'Trying to acces...', 'C:\\xampp\\htdocs...', 63)
#1 C:\xampp\htdocs\nasyoDevPractice\nasyoDevPractice\vendor\codeigniter4\framework\system\CodeIgniter.php(802): App\Controllers\Admission->captcha_verify()
#2 C:\xampp\htdocs\nasyoDevPractice\nasyoDevPractice\vendor\codeigniter4\framework\system\CodeIgniter.php(399): CodeIgniter\CodeIgniter->runController(Object(App\Controllers\Admission))
#3 C:\xampp\htdocs\nasyoDevPractice\nasyoDevPractice\vendor\codeigniter4\framework\system\CodeIgniter.php(317): CodeIgniter\CodeIgniter->handleRequest(NULL, Object(Config\Cache), false)
#4 C:\xampp\htdocs\nasyoDevPractice\nasyoDevPractice\public\index.php(36): CodeIgniter\CodeIgniter->run()
#5 C:\xampp\htdocs\nasyoDevPractice\nasyoDevPractice\vendor\codeigniter4\framework\system\Commands\Server\rewrite.php(43): require_once('C:\\xampp\\htdocs...')
#6 {main}
CRITICAL - 2021-11-04 01:27:30 --> Trying to access array offset on value of type null
#0 C:\xampp\htdocs\nasyoDevPractice\nasyoDevPractice\app\Controllers\Admission.php(63): CodeIgniter\Debug\Exceptions->errorHandler(2, 'Trying to acces...', 'C:\\xampp\\htdocs...', 63)
#1 C:\xampp\htdocs\nasyoDevPractice\nasyoDevPractice\vendor\codeigniter4\framework\system\CodeIgniter.php(802): App\Controllers\Admission->captcha_verify()
#2 C:\xampp\htdocs\nasyoDevPractice\nasyoDevPractice\vendor\codeigniter4\framework\system\CodeIgniter.php(399): CodeIgniter\CodeIgniter->runController(Object(App\Controllers\Admission))
#3 C:\xampp\htdocs\nasyoDevPractice\nasyoDevPractice\vendor\codeigniter4\framework\system\CodeIgniter.php(317): CodeIgniter\CodeIgniter->handleRequest(NULL, Object(Config\Cache), false)
#4 C:\xampp\htdocs\nasyoDevPractice\nasyoDevPractice\public\index.php(36): CodeIgniter\CodeIgniter->run()
#5 C:\xampp\htdocs\nasyoDevPractice\nasyoDevPractice\vendor\codeigniter4\framework\system\Commands\Server\rewrite.php(43): require_once('C:\\xampp\\htdocs...')
#6 {main}
CRITICAL - 2021-11-04 02:55:25 --> Undefined property: App\Controllers\Admission::$session
#0 C:\xampp\htdocs\nasyoDevPractice\nasyoDevPractice\app\Controllers\Admission.php(93): CodeIgniter\Debug\Exceptions->errorHandler(2, 'Undefined prope...', 'C:\\xampp\\htdocs...', 93)
#1 C:\xampp\htdocs\nasyoDevPractice\nasyoDevPractice\vendor\codeigniter4\framework\system\CodeIgniter.php(802): App\Controllers\Admission->captcha_verify()
#2 C:\xampp\htdocs\nasyoDevPractice\nasyoDevPractice\vendor\codeigniter4\framework\system\CodeIgniter.php(399): CodeIgniter\CodeIgniter->runController(Object(App\Controllers\Admission))
#3 C:\xampp\htdocs\nasyoDevPractice\nasyoDevPractice\vendor\codeigniter4\framework\system\CodeIgniter.php(317): CodeIgniter\CodeIgniter->handleRequest(NULL, Object(Config\Cache), false)
#4 C:\xampp\htdocs\nasyoDevPractice\nasyoDevPractice\public\index.php(36): CodeIgniter\CodeIgniter->run()
#5 C:\xampp\htdocs\nasyoDevPractice\nasyoDevPractice\vendor\codeigniter4\framework\system\Commands\Server\rewrite.php(43): require_once('C:\\xampp\\htdocs...')
#6 {main}
CRITICAL - 2021-11-04 03:24:50 --> Undefined property: App\Controllers\Admission::$session
#0 C:\xampp\htdocs\nasyoDevPractice\nasyoDevPractice\app\Controllers\Admission.php(88): CodeIgniter\Debug\Exceptions->errorHandler(2, 'Undefined prope...', 'C:\\xampp\\htdocs...', 88)
#1 C:\xampp\htdocs\nasyoDevPractice\nasyoDevPractice\vendor\codeigniter4\framework\system\CodeIgniter.php(802): App\Controllers\Admission->captcha_verify()
#2 C:\xampp\htdocs\nasyoDevPractice\nasyoDevPractice\vendor\codeigniter4\framework\system\CodeIgniter.php(399): CodeIgniter\CodeIgniter->runController(Object(App\Controllers\Admission))
#3 C:\xampp\htdocs\nasyoDevPractice\nasyoDevPractice\vendor\codeigniter4\framework\system\CodeIgniter.php(317): CodeIgniter\CodeIgniter->handleRequest(NULL, Object(Config\Cache), false)
#4 C:\xampp\htdocs\nasyoDevPractice\nasyoDevPractice\public\index.php(36): CodeIgniter\CodeIgniter->run()
#5 C:\xampp\htdocs\nasyoDevPractice\nasyoDevPractice\vendor\codeigniter4\framework\system\Commands\Server\rewrite.php(43): require_once('C:\\xampp\\htdocs...')
#6 {main}
CRITICAL - 2021-11-04 03:36:10 --> syntax error, unexpected variable "$result", expecting ")"
#0 C:\xampp\htdocs\nasyoDevPractice\nasyoDevPractice\vendor\codeigniter4\framework\system\Autoloader\Autoloader.php(241): CodeIgniter\Autoloader\Autoloader->includeFile('C:\\xampp\\htdocs...')
#1 C:\xampp\htdocs\nasyoDevPractice\nasyoDevPractice\vendor\codeigniter4\framework\system\Autoloader\Autoloader.php(219): CodeIgniter\Autoloader\Autoloader->loadInNamespace('App\\Controllers...')
#2 [internal function]: CodeIgniter\Autoloader\Autoloader->loadClass('App\\Controllers...')
#3 C:\xampp\htdocs\nasyoDevPractice\nasyoDevPractice\vendor\codeigniter4\framework\system\CodeIgniter.php(767): class_exists('\\App\\Controller...', true)
#4 C:\xampp\htdocs\nasyoDevPractice\nasyoDevPractice\vendor\codeigniter4\framework\system\CodeIgniter.php(386): CodeIgniter\CodeIgniter->startController()
#5 C:\xampp\htdocs\nasyoDevPractice\nasyoDevPractice\vendor\codeigniter4\framework\system\CodeIgniter.php(317): CodeIgniter\CodeIgniter->handleRequest(NULL, Object(Config\Cache), false)
#6 C:\xampp\htdocs\nasyoDevPractice\nasyoDevPractice\public\index.php(36): CodeIgniter\CodeIgniter->run()
#7 C:\xampp\htdocs\nasyoDevPractice\nasyoDevPractice\vendor\codeigniter4\framework\system\Commands\Server\rewrite.php(43): require_once('C:\\xampp\\htdocs...')
#8 {main}
CRITICAL - 2021-11-04 03:40:03 --> Undefined variable $status
#0 C:\xampp\htdocs\nasyoDevPractice\nasyoDevPractice\app\Views\f_admission\admission_form.php(82): CodeIgniter\Debug\Exceptions->errorHandler(2, 'Undefined varia...', 'C:\\xampp\\htdocs...', 82)
#1 C:\xampp\htdocs\nasyoDevPractice\nasyoDevPractice\vendor\codeigniter4\framework\system\View\View.php(214): include('C:\\xampp\\htdocs...')
#2 C:\xampp\htdocs\nasyoDevPractice\nasyoDevPractice\vendor\codeigniter4\framework\system\View\View.php(217): CodeIgniter\View\View->CodeIgniter\View\{closure}()
#3 C:\xampp\htdocs\nasyoDevPractice\nasyoDevPractice\vendor\codeigniter4\framework\system\Common.php(1092): CodeIgniter\View\View->render('f_admission/adm...', Array, true)
#4 C:\xampp\htdocs\nasyoDevPractice\nasyoDevPractice\app\Controllers\Admission.php(32): view('f_admission/adm...', Array)
#5 C:\xampp\htdocs\nasyoDevPractice\nasyoDevPractice\vendor\codeigniter4\framework\system\CodeIgniter.php(802): App\Controllers\Admission->admission_form()
#6 C:\xampp\htdocs\nasyoDevPractice\nasyoDevPractice\vendor\codeigniter4\framework\system\CodeIgniter.php(399): CodeIgniter\CodeIgniter->runController(Object(App\Controllers\Admission))
#7 C:\xampp\htdocs\nasyoDevPractice\nasyoDevPractice\vendor\codeigniter4\framework\system\CodeIgniter.php(317): CodeIgniter\CodeIgniter->handleRequest(NULL, Object(Config\Cache), false)
#8 C:\xampp\htdocs\nasyoDevPractice\nasyoDevPractice\public\index.php(36): CodeIgniter\CodeIgniter->run()
#9 C:\xampp\htdocs\nasyoDevPractice\nasyoDevPractice\vendor\codeigniter4\framework\system\Commands\Server\rewrite.php(43): require_once('C:\\xampp\\htdocs...')
#10 {main}
CRITICAL - 2021-11-04 03:44:00 --> Undefined variable $status
#0 C:\xampp\htdocs\nasyoDevPractice\nasyoDevPractice\app\Views\f_admission\admission_form.php(82): CodeIgniter\Debug\Exceptions->errorHandler(2, 'Undefined varia...', 'C:\\xampp\\htdocs...', 82)
#1 C:\xampp\htdocs\nasyoDevPractice\nasyoDevPractice\vendor\codeigniter4\framework\system\View\View.php(214): include('C:\\xampp\\htdocs...')
#2 C:\xampp\htdocs\nasyoDevPractice\nasyoDevPractice\vendor\codeigniter4\framework\system\View\View.php(217): CodeIgniter\View\View->CodeIgniter\View\{closure}()
#3 C:\xampp\htdocs\nasyoDevPractice\nasyoDevPractice\vendor\codeigniter4\framework\system\Common.php(1092): CodeIgniter\View\View->render('f_admission/adm...', Array, true)
#4 C:\xampp\htdocs\nasyoDevPractice\nasyoDevPractice\app\Controllers\Admission.php(32): view('f_admission/adm...', Array)
#5 C:\xampp\htdocs\nasyoDevPractice\nasyoDevPractice\vendor\codeigniter4\framework\system\CodeIgniter.php(802): App\Controllers\Admission->admission_form()
#6 C:\xampp\htdocs\nasyoDevPractice\nasyoDevPractice\vendor\codeigniter4\framework\system\CodeIgniter.php(399): CodeIgniter\CodeIgniter->runController(Object(App\Controllers\Admission))
#7 C:\xampp\htdocs\nasyoDevPractice\nasyoDevPractice\vendor\codeigniter4\framework\system\CodeIgniter.php(317): CodeIgniter\CodeIgniter->handleRequest(NULL, Object(Config\Cache), false)
#8 C:\xampp\htdocs\nasyoDevPractice\nasyoDevPractice\public\index.php(36): CodeIgniter\CodeIgniter->run()
#9 C:\xampp\htdocs\nasyoDevPractice\nasyoDevPractice\vendor\codeigniter4\framework\system\Commands\Server\rewrite.php(43): require_once('C:\\xampp\\htdocs...')
#10 {main}
CRITICAL - 2021-11-04 03:44:01 --> Undefined variable $status
#0 C:\xampp\htdocs\nasyoDevPractice\nasyoDevPractice\app\Views\f_admission\admission_form.php(82): CodeIgniter\Debug\Exceptions->errorHandler(2, 'Undefined varia...', 'C:\\xampp\\htdocs...', 82)
#1 C:\xampp\htdocs\nasyoDevPractice\nasyoDevPractice\vendor\codeigniter4\framework\system\View\View.php(214): include('C:\\xampp\\htdocs...')
#2 C:\xampp\htdocs\nasyoDevPractice\nasyoDevPractice\vendor\codeigniter4\framework\system\View\View.php(217): CodeIgniter\View\View->CodeIgniter\View\{closure}()
#3 C:\xampp\htdocs\nasyoDevPractice\nasyoDevPractice\vendor\codeigniter4\framework\system\Common.php(1092): CodeIgniter\View\View->render('f_admission/adm...', Array, true)
#4 C:\xampp\htdocs\nasyoDevPractice\nasyoDevPractice\app\Controllers\Admission.php(32): view('f_admission/adm...', Array)
#5 C:\xampp\htdocs\nasyoDevPractice\nasyoDevPractice\vendor\codeigniter4\framework\system\CodeIgniter.php(802): App\Controllers\Admission->admission_form()
#6 C:\xampp\htdocs\nasyoDevPractice\nasyoDevPractice\vendor\codeigniter4\framework\system\CodeIgniter.php(399): CodeIgniter\CodeIgniter->runController(Object(App\Controllers\Admission))
#7 C:\xampp\htdocs\nasyoDevPractice\nasyoDevPractice\vendor\codeigniter4\framework\system\CodeIgniter.php(317): CodeIgniter\CodeIgniter->handleRequest(NULL, Object(Config\Cache), false)
#8 C:\xampp\htdocs\nasyoDevPractice\nasyoDevPractice\public\index.php(36): CodeIgniter\CodeIgniter->run()
#9 C:\xampp\htdocs\nasyoDevPractice\nasyoDevPractice\vendor\codeigniter4\framework\system\Commands\Server\rewrite.php(43): require_once('C:\\xampp\\htdocs...')
#10 {main}
CRITICAL - 2021-11-04 03:44:05 --> Undefined variable $status
#0 C:\xampp\htdocs\nasyoDevPractice\nasyoDevPractice\app\Views\f_admission\admission_form.php(82): CodeIgniter\Debug\Exceptions->errorHandler(2, 'Undefined varia...', 'C:\\xampp\\htdocs...', 82)
#1 C:\xampp\htdocs\nasyoDevPractice\nasyoDevPractice\vendor\codeigniter4\framework\system\View\View.php(214): include('C:\\xampp\\htdocs...')
#2 C:\xampp\htdocs\nasyoDevPractice\nasyoDevPractice\vendor\codeigniter4\framework\system\View\View.php(217): CodeIgniter\View\View->CodeIgniter\View\{closure}()
#3 C:\xampp\htdocs\nasyoDevPractice\nasyoDevPractice\vendor\codeigniter4\framework\system\Common.php(1092): CodeIgniter\View\View->render('f_admission/adm...', Array, true)
#4 C:\xampp\htdocs\nasyoDevPractice\nasyoDevPractice\app\Controllers\Admission.php(32): view('f_admission/adm...', Array)
#5 C:\xampp\htdocs\nasyoDevPractice\nasyoDevPractice\vendor\codeigniter4\framework\system\CodeIgniter.php(802): App\Controllers\Admission->admission_form()
#6 C:\xampp\htdocs\nasyoDevPractice\nasyoDevPractice\vendor\codeigniter4\framework\system\CodeIgniter.php(399): CodeIgniter\CodeIgniter->runController(Object(App\Controllers\Admission))
#7 C:\xampp\htdocs\nasyoDevPractice\nasyoDevPractice\vendor\codeigniter4\framework\system\CodeIgniter.php(317): CodeIgniter\CodeIgniter->handleRequest(NULL, Object(Config\Cache), false)
#8 C:\xampp\htdocs\nasyoDevPractice\nasyoDevPractice\public\index.php(36): CodeIgniter\CodeIgniter->run()
#9 C:\xampp\htdocs\nasyoDevPractice\nasyoDevPractice\vendor\codeigniter4\framework\system\Commands\Server\rewrite.php(43): require_once('C:\\xampp\\htdocs...')
#10 {main}
CRITICAL - 2021-11-04 03:58:56 --> Undefined constant "App\Controllers\location"
#0 C:\xampp\htdocs\nasyoDevPractice\nasyoDevPractice\vendor\codeigniter4\framework\system\CodeIgniter.php(802): App\Controllers\Admission->captcha_verify()
#1 C:\xampp\htdocs\nasyoDevPractice\nasyoDevPractice\vendor\codeigniter4\framework\system\CodeIgniter.php(399): CodeIgniter\CodeIgniter->runController(Object(App\Controllers\Admission))
#2 C:\xampp\htdocs\nasyoDevPractice\nasyoDevPractice\vendor\codeigniter4\framework\system\CodeIgniter.php(317): CodeIgniter\CodeIgniter->handleRequest(NULL, Object(Config\Cache), false)
#3 C:\xampp\htdocs\nasyoDevPractice\nasyoDevPractice\public\index.php(36): CodeIgniter\CodeIgniter->run()
#4 C:\xampp\htdocs\nasyoDevPractice\nasyoDevPractice\vendor\codeigniter4\framework\system\Commands\Server\rewrite.php(43): require_once('C:\\xampp\\htdocs...')
#5 {main}
CRITICAL - 2021-11-04 03:58:57 --> Undefined constant "App\Controllers\location"
#0 C:\xampp\htdocs\nasyoDevPractice\nasyoDevPractice\vendor\codeigniter4\framework\system\CodeIgniter.php(802): App\Controllers\Admission->captcha_verify()
#1 C:\xampp\htdocs\nasyoDevPractice\nasyoDevPractice\vendor\codeigniter4\framework\system\CodeIgniter.php(399): CodeIgniter\CodeIgniter->runController(Object(App\Controllers\Admission))
#2 C:\xampp\htdocs\nasyoDevPractice\nasyoDevPractice\vendor\codeigniter4\framework\system\CodeIgniter.php(317): CodeIgniter\CodeIgniter->handleRequest(NULL, Object(Config\Cache), false)
#3 C:\xampp\htdocs\nasyoDevPractice\nasyoDevPractice\public\index.php(36): CodeIgniter\CodeIgniter->run()
#4 C:\xampp\htdocs\nasyoDevPractice\nasyoDevPractice\vendor\codeigniter4\framework\system\Commands\Server\rewrite.php(43): require_once('C:\\xampp\\htdocs...')
#5 {main}
CRITICAL - 2021-11-04 03:58:58 --> Undefined constant "App\Controllers\location"
#0 C:\xampp\htdocs\nasyoDevPractice\nasyoDevPractice\vendor\codeigniter4\framework\system\CodeIgniter.php(802): App\Controllers\Admission->captcha_verify()
#1 C:\xampp\htdocs\nasyoDevPractice\nasyoDevPractice\vendor\codeigniter4\framework\system\CodeIgniter.php(399): CodeIgniter\CodeIgniter->runController(Object(App\Controllers\Admission))
#2 C:\xampp\htdocs\nasyoDevPractice\nasyoDevPractice\vendor\codeigniter4\framework\system\CodeIgniter.php(317): CodeIgniter\CodeIgniter->handleRequest(NULL, Object(Config\Cache), false)
#3 C:\xampp\htdocs\nasyoDevPractice\nasyoDevPractice\public\index.php(36): CodeIgniter\CodeIgniter->run()
#4 C:\xampp\htdocs\nasyoDevPractice\nasyoDevPractice\vendor\codeigniter4\framework\system\Commands\Server\rewrite.php(43): require_once('C:\\xampp\\htdocs...')
#5 {main}
CRITICAL - 2021-11-04 03:58:59 --> Undefined constant "App\Controllers\location"
#0 C:\xampp\htdocs\nasyoDevPractice\nasyoDevPractice\vendor\codeigniter4\framework\system\CodeIgniter.php(802): App\Controllers\Admission->captcha_verify()
#1 C:\xampp\htdocs\nasyoDevPractice\nasyoDevPractice\vendor\codeigniter4\framework\system\CodeIgniter.php(399): CodeIgniter\CodeIgniter->runController(Object(App\Controllers\Admission))
#2 C:\xampp\htdocs\nasyoDevPractice\nasyoDevPractice\vendor\codeigniter4\framework\system\CodeIgniter.php(317): CodeIgniter\CodeIgniter->handleRequest(NULL, Object(Config\Cache), false)
#3 C:\xampp\htdocs\nasyoDevPractice\nasyoDevPractice\public\index.php(36): CodeIgniter\CodeIgniter->run()
#4 C:\xampp\htdocs\nasyoDevPractice\nasyoDevPractice\vendor\codeigniter4\framework\system\Commands\Server\rewrite.php(43): require_once('C:\\xampp\\htdocs...')
#5 {main}
CRITICAL - 2021-11-04 03:58:59 --> Undefined constant "App\Controllers\location"
#0 C:\xampp\htdocs\nasyoDevPractice\nasyoDevPractice\vendor\codeigniter4\framework\system\CodeIgniter.php(802): App\Controllers\Admission->captcha_verify()
#1 C:\xampp\htdocs\nasyoDevPractice\nasyoDevPractice\vendor\codeigniter4\framework\system\CodeIgniter.php(399): CodeIgniter\CodeIgniter->runController(Object(App\Controllers\Admission))
#2 C:\xampp\htdocs\nasyoDevPractice\nasyoDevPractice\vendor\codeigniter4\framework\system\CodeIgniter.php(317): CodeIgniter\CodeIgniter->handleRequest(NULL, Object(Config\Cache), false)
#3 C:\xampp\htdocs\nasyoDevPractice\nasyoDevPractice\public\index.php(36): CodeIgniter\CodeIgniter->run()
#4 C:\xampp\htdocs\nasyoDevPractice\nasyoDevPractice\vendor\codeigniter4\framework\system\Commands\Server\rewrite.php(43): require_once('C:\\xampp\\htdocs...')
#5 {main}
CRITICAL - 2021-11-04 03:59:00 --> Undefined constant "App\Controllers\location"
#0 C:\xampp\htdocs\nasyoDevPractice\nasyoDevPractice\vendor\codeigniter4\framework\system\CodeIgniter.php(802): App\Controllers\Admission->captcha_verify()
#1 C:\xampp\htdocs\nasyoDevPractice\nasyoDevPractice\vendor\codeigniter4\framework\system\CodeIgniter.php(399): CodeIgniter\CodeIgniter->runController(Object(App\Controllers\Admission))
#2 C:\xampp\htdocs\nasyoDevPractice\nasyoDevPractice\vendor\codeigniter4\framework\system\CodeIgniter.php(317): CodeIgniter\CodeIgniter->handleRequest(NULL, Object(Config\Cache), false)
#3 C:\xampp\htdocs\nasyoDevPractice\nasyoDevPractice\public\index.php(36): CodeIgniter\CodeIgniter->run()
#4 C:\xampp\htdocs\nasyoDevPractice\nasyoDevPractice\vendor\codeigniter4\framework\system\Commands\Server\rewrite.php(43): require_once('C:\\xampp\\htdocs...')
#5 {main}
CRITICAL - 2021-11-04 03:59:00 --> Undefined constant "App\Controllers\location"
#0 C:\xampp\htdocs\nasyoDevPractice\nasyoDevPractice\vendor\codeigniter4\framework\system\CodeIgniter.php(802): App\Controllers\Admission->captcha_verify()
#1 C:\xampp\htdocs\nasyoDevPractice\nasyoDevPractice\vendor\codeigniter4\framework\system\CodeIgniter.php(399): CodeIgniter\CodeIgniter->runController(Object(App\Controllers\Admission))
#2 C:\xampp\htdocs\nasyoDevPractice\nasyoDevPractice\vendor\codeigniter4\framework\system\CodeIgniter.php(317): CodeIgniter\CodeIgniter->handleRequest(NULL, Object(Config\Cache), false)
#3 C:\xampp\htdocs\nasyoDevPractice\nasyoDevPractice\public\index.php(36): CodeIgniter\CodeIgniter->run()
#4 C:\xampp\htdocs\nasyoDevPractice\nasyoDevPractice\vendor\codeigniter4\framework\system\Commands\Server\rewrite.php(43): require_once('C:\\xampp\\htdocs...')
#5 {main}
CRITICAL - 2021-11-04 03:59:01 --> Undefined constant "App\Controllers\location"
#0 C:\xampp\htdocs\nasyoDevPractice\nasyoDevPractice\vendor\codeigniter4\framework\system\CodeIgniter.php(802): App\Controllers\Admission->captcha_verify()
#1 C:\xampp\htdocs\nasyoDevPractice\nasyoDevPractice\vendor\codeigniter4\framework\system\CodeIgniter.php(399): CodeIgniter\CodeIgniter->runController(Object(App\Controllers\Admission))
#2 C:\xampp\htdocs\nasyoDevPractice\nasyoDevPractice\vendor\codeigniter4\framework\system\CodeIgniter.php(317): CodeIgniter\CodeIgniter->handleRequest(NULL, Object(Config\Cache), false)
#3 C:\xampp\htdocs\nasyoDevPractice\nasyoDevPractice\public\index.php(36): CodeIgniter\CodeIgniter->run()
#4 C:\xampp\htdocs\nasyoDevPractice\nasyoDevPractice\vendor\codeigniter4\framework\system\Commands\Server\rewrite.php(43): require_once('C:\\xampp\\htdocs...')
#5 {main}
CRITICAL - 2021-11-04 03:59:01 --> Undefined constant "App\Controllers\location"
#0 C:\xampp\htdocs\nasyoDevPractice\nasyoDevPractice\vendor\codeigniter4\framework\system\CodeIgniter.php(802): App\Controllers\Admission->captcha_verify()
#1 C:\xampp\htdocs\nasyoDevPractice\nasyoDevPractice\vendor\codeigniter4\framework\system\CodeIgniter.php(399): CodeIgniter\CodeIgniter->runController(Object(App\Controllers\Admission))
#2 C:\xampp\htdocs\nasyoDevPractice\nasyoDevPractice\vendor\codeigniter4\framework\system\CodeIgniter.php(317): CodeIgniter\CodeIgniter->handleRequest(NULL, Object(Config\Cache), false)
#3 C:\xampp\htdocs\nasyoDevPractice\nasyoDevPractice\public\index.php(36): CodeIgniter\CodeIgniter->run()
#4 C:\xampp\htdocs\nasyoDevPractice\nasyoDevPractice\vendor\codeigniter4\framework\system\Commands\Server\rewrite.php(43): require_once('C:\\xampp\\htdocs...')
#5 {main}
