ERROR - 2023-02-15 04:08:50 --> Error connecting to the database: No connection could be made because the target machine actively refused it.

CRITICAL - 2023-02-15 04:08:50 --> Unable to connect to the database.
Main connection [MySQLi]: No connection could be made because the target machine actively refused it.

#0 C:\Users\User\OneDrive - iloilonhs.edu.ph\Desktop\NASYO INTEGRATED NEW\nasyo_integrated_2\vendor\codeigniter4\framework\system\Database\BaseConnection.php(625): CodeIgniter\Database\BaseConnection->initialize()
#1 C:\Users\User\OneDrive - iloilonhs.edu.ph\Desktop\NASYO INTEGRATED NEW\nasyo_integrated_2\vendor\codeigniter4\framework\system\Database\BaseBuilder.php(1881): CodeIgniter\Database\BaseConnection->query('SELECT *\nFROM `...', Array, false)
#2 C:\Users\User\OneDrive - iloilonhs.edu.ph\Desktop\NASYO INTEGRATED NEW\nasyo_integrated_2\vendor\codeigniter4\framework\system\Model.php(158): CodeIgniter\Database\BaseBuilder->get()
#3 C:\Users\User\OneDrive - iloilonhs.edu.ph\Desktop\NASYO INTEGRATED NEW\nasyo_integrated_2\vendor\codeigniter4\framework\system\BaseModel.php(538): CodeIgniter\Model->doFind(false, NULL)
#4 C:\Users\User\OneDrive - iloilonhs.edu.ph\Desktop\NASYO INTEGRATED NEW\nasyo_integrated_2\app\Models\NewsModel.php(16): CodeIgniter\BaseModel->find()
#5 C:\Users\User\OneDrive - iloilonhs.edu.ph\Desktop\NASYO INTEGRATED NEW\nasyo_integrated_2\app\Controllers\News.php(23): App\Models\NewsModel->getNews(10)
#6 C:\Users\User\OneDrive - iloilonhs.edu.ph\Desktop\NASYO INTEGRATED NEW\nasyo_integrated_2\vendor\codeigniter4\framework\system\CodeIgniter.php(931): App\Controllers\News->index()
#7 C:\Users\User\OneDrive - iloilonhs.edu.ph\Desktop\NASYO INTEGRATED NEW\nasyo_integrated_2\vendor\codeigniter4\framework\system\CodeIgniter.php(439): CodeIgniter\CodeIgniter->runController(Object(App\Controllers\News))
#8 C:\Users\User\OneDrive - iloilonhs.edu.ph\Desktop\NASYO INTEGRATED NEW\nasyo_integrated_2\vendor\codeigniter4\framework\system\CodeIgniter.php(339): CodeIgniter\CodeIgniter->handleRequest(NULL, Object(Config\Cache), false)
#9 C:\Users\User\OneDrive - iloilonhs.edu.ph\Desktop\NASYO INTEGRATED NEW\nasyo_integrated_2\public\index.php(36): CodeIgniter\CodeIgniter->run()
#10 C:\Users\User\OneDrive - iloilonhs.edu.ph\Desktop\NASYO INTEGRATED NEW\nasyo_integrated_2\vendor\codeigniter4\framework\system\Commands\Server\rewrite.php(45): require_once('C:\\Users\\User\\O...')
#11 {main}
ERROR - 2023-02-15 04:09:00 --> Error connecting to the database: No connection could be made because the target machine actively refused it.

CRITICAL - 2023-02-15 04:09:00 --> Unable to connect to the database.
Main connection [MySQLi]: No connection could be made because the target machine actively refused it.

#0 C:\Users\User\OneDrive - iloilonhs.edu.ph\Desktop\NASYO INTEGRATED NEW\nasyo_integrated_2\vendor\codeigniter4\framework\system\Database\BaseConnection.php(625): CodeIgniter\Database\BaseConnection->initialize()
#1 C:\Users\User\OneDrive - iloilonhs.edu.ph\Desktop\NASYO INTEGRATED NEW\nasyo_integrated_2\vendor\codeigniter4\framework\system\Database\BaseBuilder.php(1881): CodeIgniter\Database\BaseConnection->query('SELECT *\nFROM `...', Array, false)
#2 C:\Users\User\OneDrive - iloilonhs.edu.ph\Desktop\NASYO INTEGRATED NEW\nasyo_integrated_2\vendor\codeigniter4\framework\system\Model.php(158): CodeIgniter\Database\BaseBuilder->get()
#3 C:\Users\User\OneDrive - iloilonhs.edu.ph\Desktop\NASYO INTEGRATED NEW\nasyo_integrated_2\vendor\codeigniter4\framework\system\BaseModel.php(538): CodeIgniter\Model->doFind(false, NULL)
#4 C:\Users\User\OneDrive - iloilonhs.edu.ph\Desktop\NASYO INTEGRATED NEW\nasyo_integrated_2\app\Models\NewsModel.php(16): CodeIgniter\BaseModel->find()
#5 C:\Users\User\OneDrive - iloilonhs.edu.ph\Desktop\NASYO INTEGRATED NEW\nasyo_integrated_2\app\Controllers\News.php(23): App\Models\NewsModel->getNews(10)
#6 C:\Users\User\OneDrive - iloilonhs.edu.ph\Desktop\NASYO INTEGRATED NEW\nasyo_integrated_2\vendor\codeigniter4\framework\system\CodeIgniter.php(931): App\Controllers\News->index()
#7 C:\Users\User\OneDrive - iloilonhs.edu.ph\Desktop\NASYO INTEGRATED NEW\nasyo_integrated_2\vendor\codeigniter4\framework\system\CodeIgniter.php(439): CodeIgniter\CodeIgniter->runController(Object(App\Controllers\News))
#8 C:\Users\User\OneDrive - iloilonhs.edu.ph\Desktop\NASYO INTEGRATED NEW\nasyo_integrated_2\vendor\codeigniter4\framework\system\CodeIgniter.php(339): CodeIgniter\CodeIgniter->handleRequest(NULL, Object(Config\Cache), false)
#9 C:\Users\User\OneDrive - iloilonhs.edu.ph\Desktop\NASYO INTEGRATED NEW\nasyo_integrated_2\public\index.php(36): CodeIgniter\CodeIgniter->run()
#10 C:\Users\User\OneDrive - iloilonhs.edu.ph\Desktop\NASYO INTEGRATED NEW\nasyo_integrated_2\vendor\codeigniter4\framework\system\Commands\Server\rewrite.php(45): require_once('C:\\Users\\User\\O...')
#11 {main}
ERROR - 2023-02-15 04:09:06 --> Error connecting to the database: No connection could be made because the target machine actively refused it.

CRITICAL - 2023-02-15 04:09:06 --> Unable to connect to the database.
Main connection [MySQLi]: No connection could be made because the target machine actively refused it.

#0 C:\Users\User\OneDrive - iloilonhs.edu.ph\Desktop\NASYO INTEGRATED NEW\nasyo_integrated_2\vendor\codeigniter4\framework\system\Database\BaseConnection.php(625): CodeIgniter\Database\BaseConnection->initialize()
#1 C:\Users\User\OneDrive - iloilonhs.edu.ph\Desktop\NASYO INTEGRATED NEW\nasyo_integrated_2\vendor\codeigniter4\framework\system\Database\BaseBuilder.php(1881): CodeIgniter\Database\BaseConnection->query('SELECT *\nFROM `...', Array, false)
#2 C:\Users\User\OneDrive - iloilonhs.edu.ph\Desktop\NASYO INTEGRATED NEW\nasyo_integrated_2\vendor\codeigniter4\framework\system\Model.php(158): CodeIgniter\Database\BaseBuilder->get()
#3 C:\Users\User\OneDrive - iloilonhs.edu.ph\Desktop\NASYO INTEGRATED NEW\nasyo_integrated_2\vendor\codeigniter4\framework\system\BaseModel.php(538): CodeIgniter\Model->doFind(false, NULL)
#4 C:\Users\User\OneDrive - iloilonhs.edu.ph\Desktop\NASYO INTEGRATED NEW\nasyo_integrated_2\app\Models\NewsModel.php(16): CodeIgniter\BaseModel->find()
#5 C:\Users\User\OneDrive - iloilonhs.edu.ph\Desktop\NASYO INTEGRATED NEW\nasyo_integrated_2\app\Controllers\News.php(23): App\Models\NewsModel->getNews(10)
#6 C:\Users\User\OneDrive - iloilonhs.edu.ph\Desktop\NASYO INTEGRATED NEW\nasyo_integrated_2\vendor\codeigniter4\framework\system\CodeIgniter.php(931): App\Controllers\News->index()
#7 C:\Users\User\OneDrive - iloilonhs.edu.ph\Desktop\NASYO INTEGRATED NEW\nasyo_integrated_2\vendor\codeigniter4\framework\system\CodeIgniter.php(439): CodeIgniter\CodeIgniter->runController(Object(App\Controllers\News))
#8 C:\Users\User\OneDrive - iloilonhs.edu.ph\Desktop\NASYO INTEGRATED NEW\nasyo_integrated_2\vendor\codeigniter4\framework\system\CodeIgniter.php(339): CodeIgniter\CodeIgniter->handleRequest(NULL, Object(Config\Cache), false)
#9 C:\Users\User\OneDrive - iloilonhs.edu.ph\Desktop\NASYO INTEGRATED NEW\nasyo_integrated_2\public\index.php(36): CodeIgniter\CodeIgniter->run()
#10 C:\Users\User\OneDrive - iloilonhs.edu.ph\Desktop\NASYO INTEGRATED NEW\nasyo_integrated_2\vendor\codeigniter4\framework\system\Commands\Server\rewrite.php(45): require_once('C:\\Users\\User\\O...')
#11 {main}
