CRITICAL - 2021-06-12 00:19:55 --> Call to a member function isValid() on null
#0 C:\xampp\htdocs\ci4 new\gsoftdev\ci4\vendor\codeigniter4\framework\system\CodeIgniter.php(931): App\Controllers\News->create()
#1 C:\xampp\htdocs\ci4 new\gsoftdev\ci4\vendor\codeigniter4\framework\system\CodeIgniter.php(439): CodeIgniter\CodeIgniter->runController(Object(App\Controllers\News))
#2 C:\xampp\htdocs\ci4 new\gsoftdev\ci4\vendor\codeigniter4\framework\system\CodeIgniter.php(339): CodeIgniter\CodeIgniter->handleRequest(NULL, Object(Config\Cache), false)
#3 C:\xampp\htdocs\ci4 new\gsoftdev\ci4\public\index.php(36): CodeIgniter\CodeIgniter->run()
#4 C:\xampp\htdocs\ci4 new\gsoftdev\ci4\vendor\codeigniter4\framework\system\Commands\Server\rewrite.php(45): require_once('C:\\xampp\\htdocs...')
#5 {main}
CRITICAL - 2021-06-12 00:21:09 --> Use of undefined constant helper - assumed 'helper' (this will throw an Error in a future version of PHP)
#0 C:\xampp\htdocs\ci4 new\gsoftdev\ci4\app\Controllers\News.php(43): CodeIgniter\Debug\Exceptions->errorHandler(2, 'Use of undefine...', 'C:\\xampp\\htdocs...', 43, Array)
#1 C:\xampp\htdocs\ci4 new\gsoftdev\ci4\vendor\codeigniter4\framework\system\CodeIgniter.php(931): App\Controllers\News->create()
#2 C:\xampp\htdocs\ci4 new\gsoftdev\ci4\vendor\codeigniter4\framework\system\CodeIgniter.php(439): CodeIgniter\CodeIgniter->runController(Object(App\Controllers\News))
#3 C:\xampp\htdocs\ci4 new\gsoftdev\ci4\vendor\codeigniter4\framework\system\CodeIgniter.php(339): CodeIgniter\CodeIgniter->handleRequest(NULL, Object(Config\Cache), false)
#4 C:\xampp\htdocs\ci4 new\gsoftdev\ci4\public\index.php(36): CodeIgniter\CodeIgniter->run()
#5 C:\xampp\htdocs\ci4 new\gsoftdev\ci4\vendor\codeigniter4\framework\system\Commands\Server\rewrite.php(45): require_once('C:\\xampp\\htdocs...')
#6 {main}
CRITICAL - 2021-06-12 00:21:23 --> Call to a member function isValid() on null
#0 C:\xampp\htdocs\ci4 new\gsoftdev\ci4\vendor\codeigniter4\framework\system\CodeIgniter.php(931): App\Controllers\News->create()
#1 C:\xampp\htdocs\ci4 new\gsoftdev\ci4\vendor\codeigniter4\framework\system\CodeIgniter.php(439): CodeIgniter\CodeIgniter->runController(Object(App\Controllers\News))
#2 C:\xampp\htdocs\ci4 new\gsoftdev\ci4\vendor\codeigniter4\framework\system\CodeIgniter.php(339): CodeIgniter\CodeIgniter->handleRequest(NULL, Object(Config\Cache), false)
#3 C:\xampp\htdocs\ci4 new\gsoftdev\ci4\public\index.php(36): CodeIgniter\CodeIgniter->run()
#4 C:\xampp\htdocs\ci4 new\gsoftdev\ci4\vendor\codeigniter4\framework\system\Commands\Server\rewrite.php(45): require_once('C:\\xampp\\htdocs...')
#5 {main}
CRITICAL - 2021-06-12 00:21:48 --> Call to a member function isValid() on null
#0 C:\xampp\htdocs\ci4 new\gsoftdev\ci4\vendor\codeigniter4\framework\system\CodeIgniter.php(931): App\Controllers\News->create()
#1 C:\xampp\htdocs\ci4 new\gsoftdev\ci4\vendor\codeigniter4\framework\system\CodeIgniter.php(439): CodeIgniter\CodeIgniter->runController(Object(App\Controllers\News))
#2 C:\xampp\htdocs\ci4 new\gsoftdev\ci4\vendor\codeigniter4\framework\system\CodeIgniter.php(339): CodeIgniter\CodeIgniter->handleRequest(NULL, Object(Config\Cache), false)
#3 C:\xampp\htdocs\ci4 new\gsoftdev\ci4\public\index.php(36): CodeIgniter\CodeIgniter->run()
#4 C:\xampp\htdocs\ci4 new\gsoftdev\ci4\vendor\codeigniter4\framework\system\Commands\Server\rewrite.php(45): require_once('C:\\xampp\\htdocs...')
#5 {main}
CRITICAL - 2021-06-12 00:43:36 --> Call to a member function isValid() on array
#0 C:\xampp\htdocs\ci4 new\gsoftdev\ci4\vendor\codeigniter4\framework\system\CodeIgniter.php(931): App\Controllers\News->create()
#1 C:\xampp\htdocs\ci4 new\gsoftdev\ci4\vendor\codeigniter4\framework\system\CodeIgniter.php(439): CodeIgniter\CodeIgniter->runController(Object(App\Controllers\News))
#2 C:\xampp\htdocs\ci4 new\gsoftdev\ci4\vendor\codeigniter4\framework\system\CodeIgniter.php(339): CodeIgniter\CodeIgniter->handleRequest(NULL, Object(Config\Cache), false)
#3 C:\xampp\htdocs\ci4 new\gsoftdev\ci4\public\index.php(36): CodeIgniter\CodeIgniter->run()
#4 C:\xampp\htdocs\ci4 new\gsoftdev\ci4\vendor\codeigniter4\framework\system\Commands\Server\rewrite.php(45): require_once('C:\\xampp\\htdocs...')
#5 {main}
CRITICAL - 2021-06-12 00:44:15 --> Call to a member function isValid() on null
#0 C:\xampp\htdocs\ci4 new\gsoftdev\ci4\vendor\codeigniter4\framework\system\CodeIgniter.php(931): App\Controllers\News->create()
#1 C:\xampp\htdocs\ci4 new\gsoftdev\ci4\vendor\codeigniter4\framework\system\CodeIgniter.php(439): CodeIgniter\CodeIgniter->runController(Object(App\Controllers\News))
#2 C:\xampp\htdocs\ci4 new\gsoftdev\ci4\vendor\codeigniter4\framework\system\CodeIgniter.php(339): CodeIgniter\CodeIgniter->handleRequest(NULL, Object(Config\Cache), false)
#3 C:\xampp\htdocs\ci4 new\gsoftdev\ci4\public\index.php(36): CodeIgniter\CodeIgniter->run()
#4 C:\xampp\htdocs\ci4 new\gsoftdev\ci4\vendor\codeigniter4\framework\system\Commands\Server\rewrite.php(45): require_once('C:\\xampp\\htdocs...')
#5 {main}
CRITICAL - 2021-06-12 00:44:22 --> Call to a member function isValid() on null
#0 C:\xampp\htdocs\ci4 new\gsoftdev\ci4\vendor\codeigniter4\framework\system\CodeIgniter.php(931): App\Controllers\News->create()
#1 C:\xampp\htdocs\ci4 new\gsoftdev\ci4\vendor\codeigniter4\framework\system\CodeIgniter.php(439): CodeIgniter\CodeIgniter->runController(Object(App\Controllers\News))
#2 C:\xampp\htdocs\ci4 new\gsoftdev\ci4\vendor\codeigniter4\framework\system\CodeIgniter.php(339): CodeIgniter\CodeIgniter->handleRequest(NULL, Object(Config\Cache), false)
#3 C:\xampp\htdocs\ci4 new\gsoftdev\ci4\public\index.php(36): CodeIgniter\CodeIgniter->run()
#4 C:\xampp\htdocs\ci4 new\gsoftdev\ci4\vendor\codeigniter4\framework\system\Commands\Server\rewrite.php(45): require_once('C:\\xampp\\htdocs...')
#5 {main}
CRITICAL - 2021-06-12 00:48:29 --> Call to a member function isValid() on null
#0 C:\xampp\htdocs\ci4 new\gsoftdev\ci4\vendor\codeigniter4\framework\system\CodeIgniter.php(931): App\Controllers\News->create()
#1 C:\xampp\htdocs\ci4 new\gsoftdev\ci4\vendor\codeigniter4\framework\system\CodeIgniter.php(439): CodeIgniter\CodeIgniter->runController(Object(App\Controllers\News))
#2 C:\xampp\htdocs\ci4 new\gsoftdev\ci4\vendor\codeigniter4\framework\system\CodeIgniter.php(339): CodeIgniter\CodeIgniter->handleRequest(NULL, Object(Config\Cache), false)
#3 C:\xampp\htdocs\ci4 new\gsoftdev\ci4\public\index.php(36): CodeIgniter\CodeIgniter->run()
#4 C:\xampp\htdocs\ci4 new\gsoftdev\ci4\vendor\codeigniter4\framework\system\Commands\Server\rewrite.php(45): require_once('C:\\xampp\\htdocs...')
#5 {main}
CRITICAL - 2021-06-12 00:48:33 --> Call to a member function isValid() on null
#0 C:\xampp\htdocs\ci4 new\gsoftdev\ci4\vendor\codeigniter4\framework\system\CodeIgniter.php(931): App\Controllers\News->create()
#1 C:\xampp\htdocs\ci4 new\gsoftdev\ci4\vendor\codeigniter4\framework\system\CodeIgniter.php(439): CodeIgniter\CodeIgniter->runController(Object(App\Controllers\News))
#2 C:\xampp\htdocs\ci4 new\gsoftdev\ci4\vendor\codeigniter4\framework\system\CodeIgniter.php(339): CodeIgniter\CodeIgniter->handleRequest(NULL, Object(Config\Cache), false)
#3 C:\xampp\htdocs\ci4 new\gsoftdev\ci4\public\index.php(36): CodeIgniter\CodeIgniter->run()
#4 C:\xampp\htdocs\ci4 new\gsoftdev\ci4\vendor\codeigniter4\framework\system\Commands\Server\rewrite.php(45): require_once('C:\\xampp\\htdocs...')
#5 {main}
CRITICAL - 2021-06-12 00:50:19 --> Call to a member function isValid() on null
#0 C:\xampp\htdocs\ci4 new\gsoftdev\ci4\vendor\codeigniter4\framework\system\CodeIgniter.php(931): App\Controllers\News->create()
#1 C:\xampp\htdocs\ci4 new\gsoftdev\ci4\vendor\codeigniter4\framework\system\CodeIgniter.php(439): CodeIgniter\CodeIgniter->runController(Object(App\Controllers\News))
#2 C:\xampp\htdocs\ci4 new\gsoftdev\ci4\vendor\codeigniter4\framework\system\CodeIgniter.php(339): CodeIgniter\CodeIgniter->handleRequest(NULL, Object(Config\Cache), false)
#3 C:\xampp\htdocs\ci4 new\gsoftdev\ci4\public\index.php(36): CodeIgniter\CodeIgniter->run()
#4 C:\xampp\htdocs\ci4 new\gsoftdev\ci4\vendor\codeigniter4\framework\system\Commands\Server\rewrite.php(45): require_once('C:\\xampp\\htdocs...')
#5 {main}
CRITICAL - 2021-06-12 00:50:26 --> Call to a member function isValid() on null
#0 C:\xampp\htdocs\ci4 new\gsoftdev\ci4\vendor\codeigniter4\framework\system\CodeIgniter.php(931): App\Controllers\News->create()
#1 C:\xampp\htdocs\ci4 new\gsoftdev\ci4\vendor\codeigniter4\framework\system\CodeIgniter.php(439): CodeIgniter\CodeIgniter->runController(Object(App\Controllers\News))
#2 C:\xampp\htdocs\ci4 new\gsoftdev\ci4\vendor\codeigniter4\framework\system\CodeIgniter.php(339): CodeIgniter\CodeIgniter->handleRequest(NULL, Object(Config\Cache), false)
#3 C:\xampp\htdocs\ci4 new\gsoftdev\ci4\public\index.php(36): CodeIgniter\CodeIgniter->run()
#4 C:\xampp\htdocs\ci4 new\gsoftdev\ci4\vendor\codeigniter4\framework\system\Commands\Server\rewrite.php(45): require_once('C:\\xampp\\htdocs...')
#5 {main}
CRITICAL - 2021-06-12 00:52:53 --> Call to a member function isValid() on null
#0 C:\xampp\htdocs\ci4 new\gsoftdev\ci4\vendor\codeigniter4\framework\system\CodeIgniter.php(931): App\Controllers\News->create()
#1 C:\xampp\htdocs\ci4 new\gsoftdev\ci4\vendor\codeigniter4\framework\system\CodeIgniter.php(439): CodeIgniter\CodeIgniter->runController(Object(App\Controllers\News))
#2 C:\xampp\htdocs\ci4 new\gsoftdev\ci4\vendor\codeigniter4\framework\system\CodeIgniter.php(339): CodeIgniter\CodeIgniter->handleRequest(NULL, Object(Config\Cache), false)
#3 C:\xampp\htdocs\ci4 new\gsoftdev\ci4\public\index.php(36): CodeIgniter\CodeIgniter->run()
#4 C:\xampp\htdocs\ci4 new\gsoftdev\ci4\vendor\codeigniter4\framework\system\Commands\Server\rewrite.php(45): require_once('C:\\xampp\\htdocs...')
#5 {main}
CRITICAL - 2021-06-12 00:53:04 --> Call to a member function isValid() on null
#0 C:\xampp\htdocs\ci4 new\gsoftdev\ci4\vendor\codeigniter4\framework\system\CodeIgniter.php(931): App\Controllers\News->create()
#1 C:\xampp\htdocs\ci4 new\gsoftdev\ci4\vendor\codeigniter4\framework\system\CodeIgniter.php(439): CodeIgniter\CodeIgniter->runController(Object(App\Controllers\News))
#2 C:\xampp\htdocs\ci4 new\gsoftdev\ci4\vendor\codeigniter4\framework\system\CodeIgniter.php(339): CodeIgniter\CodeIgniter->handleRequest(NULL, Object(Config\Cache), false)
#3 C:\xampp\htdocs\ci4 new\gsoftdev\ci4\public\index.php(36): CodeIgniter\CodeIgniter->run()
#4 C:\xampp\htdocs\ci4 new\gsoftdev\ci4\vendor\codeigniter4\framework\system\Commands\Server\rewrite.php(45): require_once('C:\\xampp\\htdocs...')
#5 {main}
CRITICAL - 2021-06-12 00:53:47 --> Call to a member function hasMoved() on null
#0 C:\xampp\htdocs\ci4 new\gsoftdev\ci4\vendor\codeigniter4\framework\system\CodeIgniter.php(931): App\Controllers\News->create()
#1 C:\xampp\htdocs\ci4 new\gsoftdev\ci4\vendor\codeigniter4\framework\system\CodeIgniter.php(439): CodeIgniter\CodeIgniter->runController(Object(App\Controllers\News))
#2 C:\xampp\htdocs\ci4 new\gsoftdev\ci4\vendor\codeigniter4\framework\system\CodeIgniter.php(339): CodeIgniter\CodeIgniter->handleRequest(NULL, Object(Config\Cache), false)
#3 C:\xampp\htdocs\ci4 new\gsoftdev\ci4\public\index.php(36): CodeIgniter\CodeIgniter->run()
#4 C:\xampp\htdocs\ci4 new\gsoftdev\ci4\vendor\codeigniter4\framework\system\Commands\Server\rewrite.php(45): require_once('C:\\xampp\\htdocs...')
#5 {main}
CRITICAL - 2021-06-12 00:54:00 --> Call to a member function getClientName() on null
#0 C:\xampp\htdocs\ci4 new\gsoftdev\ci4\vendor\codeigniter4\framework\system\CodeIgniter.php(931): App\Controllers\News->create()
#1 C:\xampp\htdocs\ci4 new\gsoftdev\ci4\vendor\codeigniter4\framework\system\CodeIgniter.php(439): CodeIgniter\CodeIgniter->runController(Object(App\Controllers\News))
#2 C:\xampp\htdocs\ci4 new\gsoftdev\ci4\vendor\codeigniter4\framework\system\CodeIgniter.php(339): CodeIgniter\CodeIgniter->handleRequest(NULL, Object(Config\Cache), false)
#3 C:\xampp\htdocs\ci4 new\gsoftdev\ci4\public\index.php(36): CodeIgniter\CodeIgniter->run()
#4 C:\xampp\htdocs\ci4 new\gsoftdev\ci4\vendor\codeigniter4\framework\system\Commands\Server\rewrite.php(45): require_once('C:\\xampp\\htdocs...')
#5 {main}
CRITICAL - 2021-06-12 00:58:25 --> Argument 2 passed to CodeIgniter\Validation\FileRules::uploaded() must be of the type string, null given, called in C:\xampp\htdocs\ci4 new\gsoftdev\ci4\vendor\codeigniter4\framework\system\Validation\Validation.php on line 312
#0 C:\xampp\htdocs\ci4 new\gsoftdev\ci4\vendor\codeigniter4\framework\system\Validation\Validation.php(312): CodeIgniter\Validation\FileRules->uploaded('Picture4.jpg', NULL)
#1 C:\xampp\htdocs\ci4 new\gsoftdev\ci4\vendor\codeigniter4\framework\system\Validation\Validation.php(159): CodeIgniter\Validation\Validation->processRules('news_image', 'news_image', 'Picture4.jpg', Array, Array)
#2 C:\xampp\htdocs\ci4 new\gsoftdev\ci4\vendor\codeigniter4\framework\system\Controller.php(183): CodeIgniter\Validation\Validation->run()
#3 C:\xampp\htdocs\ci4 new\gsoftdev\ci4\app\Controllers\News.php(53): CodeIgniter\Controller->validate(Array)
#4 C:\xampp\htdocs\ci4 new\gsoftdev\ci4\vendor\codeigniter4\framework\system\CodeIgniter.php(931): App\Controllers\News->create()
#5 C:\xampp\htdocs\ci4 new\gsoftdev\ci4\vendor\codeigniter4\framework\system\CodeIgniter.php(439): CodeIgniter\CodeIgniter->runController(Object(App\Controllers\News))
#6 C:\xampp\htdocs\ci4 new\gsoftdev\ci4\vendor\codeigniter4\framework\system\CodeIgniter.php(339): CodeIgniter\CodeIgniter->handleRequest(NULL, Object(Config\Cache), false)
#7 C:\xampp\htdocs\ci4 new\gsoftdev\ci4\public\index.php(36): CodeIgniter\CodeIgniter->run()
#8 C:\xampp\htdocs\ci4 new\gsoftdev\ci4\vendor\codeigniter4\framework\system\Commands\Server\rewrite.php(45): require_once('C:\\xampp\\htdocs...')
#9 {main}
CRITICAL - 2021-06-12 00:58:38 --> Call to a member function isValid() on null
#0 C:\xampp\htdocs\ci4 new\gsoftdev\ci4\vendor\codeigniter4\framework\system\CodeIgniter.php(931): App\Controllers\News->create()
#1 C:\xampp\htdocs\ci4 new\gsoftdev\ci4\vendor\codeigniter4\framework\system\CodeIgniter.php(439): CodeIgniter\CodeIgniter->runController(Object(App\Controllers\News))
#2 C:\xampp\htdocs\ci4 new\gsoftdev\ci4\vendor\codeigniter4\framework\system\CodeIgniter.php(339): CodeIgniter\CodeIgniter->handleRequest(NULL, Object(Config\Cache), false)
#3 C:\xampp\htdocs\ci4 new\gsoftdev\ci4\public\index.php(36): CodeIgniter\CodeIgniter->run()
#4 C:\xampp\htdocs\ci4 new\gsoftdev\ci4\vendor\codeigniter4\framework\system\Commands\Server\rewrite.php(45): require_once('C:\\xampp\\htdocs...')
#5 {main}
CRITICAL - 2021-06-12 01:06:44 --> Call to a member function isValid() on null
#0 C:\xampp\htdocs\ci4 new\gsoftdev\ci4\vendor\codeigniter4\framework\system\CodeIgniter.php(931): App\Controllers\News->create()
#1 C:\xampp\htdocs\ci4 new\gsoftdev\ci4\vendor\codeigniter4\framework\system\CodeIgniter.php(439): CodeIgniter\CodeIgniter->runController(Object(App\Controllers\News))
#2 C:\xampp\htdocs\ci4 new\gsoftdev\ci4\vendor\codeigniter4\framework\system\CodeIgniter.php(339): CodeIgniter\CodeIgniter->handleRequest(NULL, Object(Config\Cache), false)
#3 C:\xampp\htdocs\ci4 new\gsoftdev\ci4\public\index.php(36): CodeIgniter\CodeIgniter->run()
#4 C:\xampp\htdocs\ci4 new\gsoftdev\ci4\vendor\codeigniter4\framework\system\Commands\Server\rewrite.php(45): require_once('C:\\xampp\\htdocs...')
#5 {main}
CRITICAL - 2021-06-12 01:11:34 --> Call to a member function isValid() on null
#0 C:\xampp\htdocs\ci4 new\gsoftdev\ci4\vendor\codeigniter4\framework\system\CodeIgniter.php(931): App\Controllers\News->create()
#1 C:\xampp\htdocs\ci4 new\gsoftdev\ci4\vendor\codeigniter4\framework\system\CodeIgniter.php(439): CodeIgniter\CodeIgniter->runController(Object(App\Controllers\News))
#2 C:\xampp\htdocs\ci4 new\gsoftdev\ci4\vendor\codeigniter4\framework\system\CodeIgniter.php(339): CodeIgniter\CodeIgniter->handleRequest(NULL, Object(Config\Cache), false)
#3 C:\xampp\htdocs\ci4 new\gsoftdev\ci4\public\index.php(36): CodeIgniter\CodeIgniter->run()
#4 C:\xampp\htdocs\ci4 new\gsoftdev\ci4\vendor\codeigniter4\framework\system\Commands\Server\rewrite.php(45): require_once('C:\\xampp\\htdocs...')
#5 {main}
CRITICAL - 2021-06-12 01:14:54 --> Call to a member function isValid() on null
#0 C:\xampp\htdocs\ci4 new\gsoftdev\ci4\vendor\codeigniter4\framework\system\CodeIgniter.php(931): App\Controllers\News->create()
#1 C:\xampp\htdocs\ci4 new\gsoftdev\ci4\vendor\codeigniter4\framework\system\CodeIgniter.php(439): CodeIgniter\CodeIgniter->runController(Object(App\Controllers\News))
#2 C:\xampp\htdocs\ci4 new\gsoftdev\ci4\vendor\codeigniter4\framework\system\CodeIgniter.php(339): CodeIgniter\CodeIgniter->handleRequest(NULL, Object(Config\Cache), false)
#3 C:\xampp\htdocs\ci4 new\gsoftdev\ci4\public\index.php(36): CodeIgniter\CodeIgniter->run()
#4 C:\xampp\htdocs\ci4 new\gsoftdev\ci4\vendor\codeigniter4\framework\system\Commands\Server\rewrite.php(45): require_once('C:\\xampp\\htdocs...')
#5 {main}
CRITICAL - 2021-06-12 01:25:22 --> syntax error, unexpected ';', expecting ']'
#0 C:\xampp\htdocs\ci4 new\gsoftdev\ci4\vendor\codeigniter4\framework\system\Autoloader\Autoloader.php(282): CodeIgniter\Autoloader\Autoloader->includeFile('C:\\xampp\\htdocs...')
#1 C:\xampp\htdocs\ci4 new\gsoftdev\ci4\vendor\codeigniter4\framework\system\Autoloader\Autoloader.php(247): CodeIgniter\Autoloader\Autoloader->loadInNamespace('App\\Controllers...')
#2 [internal function]: CodeIgniter\Autoloader\Autoloader->loadClass('App\\Controllers...')
#3 [internal function]: spl_autoload_call('App\\Controllers...')
#4 C:\xampp\htdocs\ci4 new\gsoftdev\ci4\vendor\codeigniter4\framework\system\CodeIgniter.php(888): class_exists('\\App\\Controller...', true)
#5 C:\xampp\htdocs\ci4 new\gsoftdev\ci4\vendor\codeigniter4\framework\system\CodeIgniter.php(424): CodeIgniter\CodeIgniter->startController()
#6 C:\xampp\htdocs\ci4 new\gsoftdev\ci4\vendor\codeigniter4\framework\system\CodeIgniter.php(339): CodeIgniter\CodeIgniter->handleRequest(NULL, Object(Config\Cache), false)
#7 C:\xampp\htdocs\ci4 new\gsoftdev\ci4\public\index.php(36): CodeIgniter\CodeIgniter->run()
#8 C:\xampp\htdocs\ci4 new\gsoftdev\ci4\vendor\codeigniter4\framework\system\Commands\Server\rewrite.php(45): require_once('C:\\xampp\\htdocs...')
#9 {main}
CRITICAL - 2021-06-12 01:44:24 --> syntax error, unexpected '.'
#0 C:\xampp\htdocs\ci4 new\gsoftdev\ci4\vendor\codeigniter4\framework\system\View\View.php(232): CodeIgniter\View\View->CodeIgniter\View\{closure}()
#1 C:\xampp\htdocs\ci4 new\gsoftdev\ci4\vendor\codeigniter4\framework\system\Common.php(1250): CodeIgniter\View\View->render('f_news/index', Array, true)
#2 C:\xampp\htdocs\ci4 new\gsoftdev\ci4\app\Controllers\News.php(21): view('f_news/index', Array)
#3 C:\xampp\htdocs\ci4 new\gsoftdev\ci4\vendor\codeigniter4\framework\system\CodeIgniter.php(931): App\Controllers\News->index()
#4 C:\xampp\htdocs\ci4 new\gsoftdev\ci4\vendor\codeigniter4\framework\system\CodeIgniter.php(439): CodeIgniter\CodeIgniter->runController(Object(App\Controllers\News))
#5 C:\xampp\htdocs\ci4 new\gsoftdev\ci4\vendor\codeigniter4\framework\system\CodeIgniter.php(339): CodeIgniter\CodeIgniter->handleRequest(NULL, Object(Config\Cache), false)
#6 C:\xampp\htdocs\ci4 new\gsoftdev\ci4\public\index.php(36): CodeIgniter\CodeIgniter->run()
#7 C:\xampp\htdocs\ci4 new\gsoftdev\ci4\vendor\codeigniter4\framework\system\Commands\Server\rewrite.php(45): require_once('C:\\xampp\\htdocs...')
#8 {main}
CRITICAL - 2021-06-12 01:44:31 --> syntax error, unexpected '.'
#0 C:\xampp\htdocs\ci4 new\gsoftdev\ci4\vendor\codeigniter4\framework\system\View\View.php(232): CodeIgniter\View\View->CodeIgniter\View\{closure}()
#1 C:\xampp\htdocs\ci4 new\gsoftdev\ci4\vendor\codeigniter4\framework\system\Common.php(1250): CodeIgniter\View\View->render('f_news/index', Array, true)
#2 C:\xampp\htdocs\ci4 new\gsoftdev\ci4\app\Controllers\News.php(21): view('f_news/index', Array)
#3 C:\xampp\htdocs\ci4 new\gsoftdev\ci4\vendor\codeigniter4\framework\system\CodeIgniter.php(931): App\Controllers\News->index()
#4 C:\xampp\htdocs\ci4 new\gsoftdev\ci4\vendor\codeigniter4\framework\system\CodeIgniter.php(439): CodeIgniter\CodeIgniter->runController(Object(App\Controllers\News))
#5 C:\xampp\htdocs\ci4 new\gsoftdev\ci4\vendor\codeigniter4\framework\system\CodeIgniter.php(339): CodeIgniter\CodeIgniter->handleRequest(NULL, Object(Config\Cache), false)
#6 C:\xampp\htdocs\ci4 new\gsoftdev\ci4\public\index.php(36): CodeIgniter\CodeIgniter->run()
#7 C:\xampp\htdocs\ci4 new\gsoftdev\ci4\vendor\codeigniter4\framework\system\Commands\Server\rewrite.php(45): require_once('C:\\xampp\\htdocs...')
#8 {main}
