ERROR - 2023-11-12 19:35:04 --> Cannot add or update a child row: a foreign key constraint fails (`nasyo_integrated_2`.`family_bg_t`, CONSTRAINT `family_bg_t_ibfk_1` FOREIGN KEY (`emp_id`) REFERENCES `employee_t` (`emp_id`) ON DELETE CASCADE ON UPDATE CASCADE)
ERROR - 2023-11-12 19:47:53 --> Table 'nasyo_integrated_2.emp_reference_tbl' doesn't exist
CRITICAL - 2023-11-12 19:47:53 --> Table 'nasyo_integrated_2.emp_reference_tbl' doesn't exist
#0 C:\Users\yvesk\OneDrive - iloilonhs.edu.ph\Desktop\NASYO_INTEGRATED V3\nasyo_integrated_2\vendor\codeigniter4\framework\system\Database\MySQLi\Connection.php(280): mysqli->query('SELECT *\nFROM `...')
#1 C:\Users\yvesk\OneDrive - iloilonhs.edu.ph\Desktop\NASYO_INTEGRATED V3\nasyo_integrated_2\vendor\codeigniter4\framework\system\Database\BaseConnection.php(663): CodeIgniter\Database\MySQLi\Connection->execute('SELECT *\nFROM `...')
#2 C:\Users\yvesk\OneDrive - iloilonhs.edu.ph\Desktop\NASYO_INTEGRATED V3\nasyo_integrated_2\vendor\codeigniter4\framework\system\Database\BaseConnection.php(591): CodeIgniter\Database\BaseConnection->simpleQuery('SELECT *\nFROM `...')
#3 C:\Users\yvesk\OneDrive - iloilonhs.edu.ph\Desktop\NASYO_INTEGRATED V3\nasyo_integrated_2\vendor\codeigniter4\framework\system\Database\BaseBuilder.php(1428): CodeIgniter\Database\BaseConnection->query('SELECT *\nFROM `...', Array, false)
#4 C:\Users\yvesk\OneDrive - iloilonhs.edu.ph\Desktop\NASYO_INTEGRATED V3\nasyo_integrated_2\vendor\codeigniter4\framework\system\Model.php(145): CodeIgniter\Database\BaseBuilder->get()
#5 C:\Users\yvesk\OneDrive - iloilonhs.edu.ph\Desktop\NASYO_INTEGRATED V3\nasyo_integrated_2\vendor\codeigniter4\framework\system\BaseModel.php(523): CodeIgniter\Model->doFind(false, NULL)
#6 C:\Users\yvesk\OneDrive - iloilonhs.edu.ph\Desktop\NASYO_INTEGRATED V3\nasyo_integrated_2\app\Controllers\Faculty.php(1247): CodeIgniter\BaseModel->find()
#7 C:\Users\yvesk\OneDrive - iloilonhs.edu.ph\Desktop\NASYO_INTEGRATED V3\nasyo_integrated_2\vendor\codeigniter4\framework\system\CodeIgniter.php(802): App\Controllers\Faculty->loadReference()
#8 C:\Users\yvesk\OneDrive - iloilonhs.edu.ph\Desktop\NASYO_INTEGRATED V3\nasyo_integrated_2\vendor\codeigniter4\framework\system\CodeIgniter.php(399): CodeIgniter\CodeIgniter->runController(Object(App\Controllers\Faculty))
#9 C:\Users\yvesk\OneDrive - iloilonhs.edu.ph\Desktop\NASYO_INTEGRATED V3\nasyo_integrated_2\vendor\codeigniter4\framework\system\CodeIgniter.php(317): CodeIgniter\CodeIgniter->handleRequest(NULL, Object(Config\Cache), false)
#10 C:\Users\yvesk\OneDrive - iloilonhs.edu.ph\Desktop\NASYO_INTEGRATED V3\nasyo_integrated_2\public\index.php(36): CodeIgniter\CodeIgniter->run()
#11 C:\Users\yvesk\OneDrive - iloilonhs.edu.ph\Desktop\NASYO_INTEGRATED V3\nasyo_integrated_2\vendor\codeigniter4\framework\system\Commands\Server\rewrite.php(43): require_once('C:\\Users\\yvesk\\...')
#12 {main}
ERROR - 2023-11-12 19:47:57 --> Table 'nasyo_integrated_2.emp_reference_tbl' doesn't exist
CRITICAL - 2023-11-12 19:47:57 --> Table 'nasyo_integrated_2.emp_reference_tbl' doesn't exist
#0 C:\Users\yvesk\OneDrive - iloilonhs.edu.ph\Desktop\NASYO_INTEGRATED V3\nasyo_integrated_2\vendor\codeigniter4\framework\system\Database\MySQLi\Connection.php(280): mysqli->query('SELECT *\nFROM `...')
#1 C:\Users\yvesk\OneDrive - iloilonhs.edu.ph\Desktop\NASYO_INTEGRATED V3\nasyo_integrated_2\vendor\codeigniter4\framework\system\Database\BaseConnection.php(663): CodeIgniter\Database\MySQLi\Connection->execute('SELECT *\nFROM `...')
#2 C:\Users\yvesk\OneDrive - iloilonhs.edu.ph\Desktop\NASYO_INTEGRATED V3\nasyo_integrated_2\vendor\codeigniter4\framework\system\Database\BaseConnection.php(591): CodeIgniter\Database\BaseConnection->simpleQuery('SELECT *\nFROM `...')
#3 C:\Users\yvesk\OneDrive - iloilonhs.edu.ph\Desktop\NASYO_INTEGRATED V3\nasyo_integrated_2\vendor\codeigniter4\framework\system\Database\BaseBuilder.php(1428): CodeIgniter\Database\BaseConnection->query('SELECT *\nFROM `...', Array, false)
#4 C:\Users\yvesk\OneDrive - iloilonhs.edu.ph\Desktop\NASYO_INTEGRATED V3\nasyo_integrated_2\vendor\codeigniter4\framework\system\Model.php(145): CodeIgniter\Database\BaseBuilder->get()
#5 C:\Users\yvesk\OneDrive - iloilonhs.edu.ph\Desktop\NASYO_INTEGRATED V3\nasyo_integrated_2\vendor\codeigniter4\framework\system\BaseModel.php(523): CodeIgniter\Model->doFind(false, NULL)
#6 C:\Users\yvesk\OneDrive - iloilonhs.edu.ph\Desktop\NASYO_INTEGRATED V3\nasyo_integrated_2\app\Controllers\Faculty.php(1247): CodeIgniter\BaseModel->find()
#7 C:\Users\yvesk\OneDrive - iloilonhs.edu.ph\Desktop\NASYO_INTEGRATED V3\nasyo_integrated_2\vendor\codeigniter4\framework\system\CodeIgniter.php(802): App\Controllers\Faculty->loadReference()
#8 C:\Users\yvesk\OneDrive - iloilonhs.edu.ph\Desktop\NASYO_INTEGRATED V3\nasyo_integrated_2\vendor\codeigniter4\framework\system\CodeIgniter.php(399): CodeIgniter\CodeIgniter->runController(Object(App\Controllers\Faculty))
#9 C:\Users\yvesk\OneDrive - iloilonhs.edu.ph\Desktop\NASYO_INTEGRATED V3\nasyo_integrated_2\vendor\codeigniter4\framework\system\CodeIgniter.php(317): CodeIgniter\CodeIgniter->handleRequest(NULL, Object(Config\Cache), false)
#10 C:\Users\yvesk\OneDrive - iloilonhs.edu.ph\Desktop\NASYO_INTEGRATED V3\nasyo_integrated_2\public\index.php(36): CodeIgniter\CodeIgniter->run()
#11 C:\Users\yvesk\OneDrive - iloilonhs.edu.ph\Desktop\NASYO_INTEGRATED V3\nasyo_integrated_2\vendor\codeigniter4\framework\system\Commands\Server\rewrite.php(43): require_once('C:\\Users\\yvesk\\...')
#12 {main}
ERROR - 2023-11-12 19:48:17 --> Table 'nasyo_integrated_2.emp_reference_tbl' doesn't exist
CRITICAL - 2023-11-12 19:48:17 --> Table 'nasyo_integrated_2.emp_reference_tbl' doesn't exist
#0 C:\Users\yvesk\OneDrive - iloilonhs.edu.ph\Desktop\NASYO_INTEGRATED V3\nasyo_integrated_2\vendor\codeigniter4\framework\system\Database\MySQLi\Connection.php(280): mysqli->query('SELECT *\nFROM `...')
#1 C:\Users\yvesk\OneDrive - iloilonhs.edu.ph\Desktop\NASYO_INTEGRATED V3\nasyo_integrated_2\vendor\codeigniter4\framework\system\Database\BaseConnection.php(663): CodeIgniter\Database\MySQLi\Connection->execute('SELECT *\nFROM `...')
#2 C:\Users\yvesk\OneDrive - iloilonhs.edu.ph\Desktop\NASYO_INTEGRATED V3\nasyo_integrated_2\vendor\codeigniter4\framework\system\Database\BaseConnection.php(591): CodeIgniter\Database\BaseConnection->simpleQuery('SELECT *\nFROM `...')
#3 C:\Users\yvesk\OneDrive - iloilonhs.edu.ph\Desktop\NASYO_INTEGRATED V3\nasyo_integrated_2\vendor\codeigniter4\framework\system\Database\BaseBuilder.php(1428): CodeIgniter\Database\BaseConnection->query('SELECT *\nFROM `...', Array, false)
#4 C:\Users\yvesk\OneDrive - iloilonhs.edu.ph\Desktop\NASYO_INTEGRATED V3\nasyo_integrated_2\vendor\codeigniter4\framework\system\Model.php(145): CodeIgniter\Database\BaseBuilder->get()
#5 C:\Users\yvesk\OneDrive - iloilonhs.edu.ph\Desktop\NASYO_INTEGRATED V3\nasyo_integrated_2\vendor\codeigniter4\framework\system\BaseModel.php(523): CodeIgniter\Model->doFind(false, NULL)
#6 C:\Users\yvesk\OneDrive - iloilonhs.edu.ph\Desktop\NASYO_INTEGRATED V3\nasyo_integrated_2\app\Controllers\Faculty.php(1247): CodeIgniter\BaseModel->find()
#7 C:\Users\yvesk\OneDrive - iloilonhs.edu.ph\Desktop\NASYO_INTEGRATED V3\nasyo_integrated_2\vendor\codeigniter4\framework\system\CodeIgniter.php(802): App\Controllers\Faculty->loadReference()
#8 C:\Users\yvesk\OneDrive - iloilonhs.edu.ph\Desktop\NASYO_INTEGRATED V3\nasyo_integrated_2\vendor\codeigniter4\framework\system\CodeIgniter.php(399): CodeIgniter\CodeIgniter->runController(Object(App\Controllers\Faculty))
#9 C:\Users\yvesk\OneDrive - iloilonhs.edu.ph\Desktop\NASYO_INTEGRATED V3\nasyo_integrated_2\vendor\codeigniter4\framework\system\CodeIgniter.php(317): CodeIgniter\CodeIgniter->handleRequest(NULL, Object(Config\Cache), false)
#10 C:\Users\yvesk\OneDrive - iloilonhs.edu.ph\Desktop\NASYO_INTEGRATED V3\nasyo_integrated_2\public\index.php(36): CodeIgniter\CodeIgniter->run()
#11 C:\Users\yvesk\OneDrive - iloilonhs.edu.ph\Desktop\NASYO_INTEGRATED V3\nasyo_integrated_2\vendor\codeigniter4\framework\system\Commands\Server\rewrite.php(43): require_once('C:\\Users\\yvesk\\...')
#12 {main}
ERROR - 2023-11-12 19:48:20 --> Table 'nasyo_integrated_2.emp_reference_tbl' doesn't exist
CRITICAL - 2023-11-12 19:48:20 --> Table 'nasyo_integrated_2.emp_reference_tbl' doesn't exist
#0 C:\Users\yvesk\OneDrive - iloilonhs.edu.ph\Desktop\NASYO_INTEGRATED V3\nasyo_integrated_2\vendor\codeigniter4\framework\system\Database\MySQLi\Connection.php(280): mysqli->query('SELECT *\nFROM `...')
#1 C:\Users\yvesk\OneDrive - iloilonhs.edu.ph\Desktop\NASYO_INTEGRATED V3\nasyo_integrated_2\vendor\codeigniter4\framework\system\Database\BaseConnection.php(663): CodeIgniter\Database\MySQLi\Connection->execute('SELECT *\nFROM `...')
#2 C:\Users\yvesk\OneDrive - iloilonhs.edu.ph\Desktop\NASYO_INTEGRATED V3\nasyo_integrated_2\vendor\codeigniter4\framework\system\Database\BaseConnection.php(591): CodeIgniter\Database\BaseConnection->simpleQuery('SELECT *\nFROM `...')
#3 C:\Users\yvesk\OneDrive - iloilonhs.edu.ph\Desktop\NASYO_INTEGRATED V3\nasyo_integrated_2\vendor\codeigniter4\framework\system\Database\BaseBuilder.php(1428): CodeIgniter\Database\BaseConnection->query('SELECT *\nFROM `...', Array, false)
#4 C:\Users\yvesk\OneDrive - iloilonhs.edu.ph\Desktop\NASYO_INTEGRATED V3\nasyo_integrated_2\vendor\codeigniter4\framework\system\Model.php(145): CodeIgniter\Database\BaseBuilder->get()
#5 C:\Users\yvesk\OneDrive - iloilonhs.edu.ph\Desktop\NASYO_INTEGRATED V3\nasyo_integrated_2\vendor\codeigniter4\framework\system\BaseModel.php(523): CodeIgniter\Model->doFind(false, NULL)
#6 C:\Users\yvesk\OneDrive - iloilonhs.edu.ph\Desktop\NASYO_INTEGRATED V3\nasyo_integrated_2\app\Controllers\Faculty.php(1247): CodeIgniter\BaseModel->find()
#7 C:\Users\yvesk\OneDrive - iloilonhs.edu.ph\Desktop\NASYO_INTEGRATED V3\nasyo_integrated_2\vendor\codeigniter4\framework\system\CodeIgniter.php(802): App\Controllers\Faculty->loadReference()
#8 C:\Users\yvesk\OneDrive - iloilonhs.edu.ph\Desktop\NASYO_INTEGRATED V3\nasyo_integrated_2\vendor\codeigniter4\framework\system\CodeIgniter.php(399): CodeIgniter\CodeIgniter->runController(Object(App\Controllers\Faculty))
#9 C:\Users\yvesk\OneDrive - iloilonhs.edu.ph\Desktop\NASYO_INTEGRATED V3\nasyo_integrated_2\vendor\codeigniter4\framework\system\CodeIgniter.php(317): CodeIgniter\CodeIgniter->handleRequest(NULL, Object(Config\Cache), false)
#10 C:\Users\yvesk\OneDrive - iloilonhs.edu.ph\Desktop\NASYO_INTEGRATED V3\nasyo_integrated_2\public\index.php(36): CodeIgniter\CodeIgniter->run()
#11 C:\Users\yvesk\OneDrive - iloilonhs.edu.ph\Desktop\NASYO_INTEGRATED V3\nasyo_integrated_2\vendor\codeigniter4\framework\system\Commands\Server\rewrite.php(43): require_once('C:\\Users\\yvesk\\...')
#12 {main}
ERROR - 2023-11-12 19:48:28 --> Table 'nasyo_integrated_2.emp_reference_tbl' doesn't exist
CRITICAL - 2023-11-12 19:48:28 --> Table 'nasyo_integrated_2.emp_reference_tbl' doesn't exist
#0 C:\Users\yvesk\OneDrive - iloilonhs.edu.ph\Desktop\NASYO_INTEGRATED V3\nasyo_integrated_2\vendor\codeigniter4\framework\system\Database\MySQLi\Connection.php(280): mysqli->query('SELECT *\nFROM `...')
#1 C:\Users\yvesk\OneDrive - iloilonhs.edu.ph\Desktop\NASYO_INTEGRATED V3\nasyo_integrated_2\vendor\codeigniter4\framework\system\Database\BaseConnection.php(663): CodeIgniter\Database\MySQLi\Connection->execute('SELECT *\nFROM `...')
#2 C:\Users\yvesk\OneDrive - iloilonhs.edu.ph\Desktop\NASYO_INTEGRATED V3\nasyo_integrated_2\vendor\codeigniter4\framework\system\Database\BaseConnection.php(591): CodeIgniter\Database\BaseConnection->simpleQuery('SELECT *\nFROM `...')
#3 C:\Users\yvesk\OneDrive - iloilonhs.edu.ph\Desktop\NASYO_INTEGRATED V3\nasyo_integrated_2\vendor\codeigniter4\framework\system\Database\BaseBuilder.php(1428): CodeIgniter\Database\BaseConnection->query('SELECT *\nFROM `...', Array, false)
#4 C:\Users\yvesk\OneDrive - iloilonhs.edu.ph\Desktop\NASYO_INTEGRATED V3\nasyo_integrated_2\vendor\codeigniter4\framework\system\Model.php(145): CodeIgniter\Database\BaseBuilder->get()
#5 C:\Users\yvesk\OneDrive - iloilonhs.edu.ph\Desktop\NASYO_INTEGRATED V3\nasyo_integrated_2\vendor\codeigniter4\framework\system\BaseModel.php(523): CodeIgniter\Model->doFind(false, NULL)
#6 C:\Users\yvesk\OneDrive - iloilonhs.edu.ph\Desktop\NASYO_INTEGRATED V3\nasyo_integrated_2\app\Controllers\Faculty.php(1247): CodeIgniter\BaseModel->find()
#7 C:\Users\yvesk\OneDrive - iloilonhs.edu.ph\Desktop\NASYO_INTEGRATED V3\nasyo_integrated_2\vendor\codeigniter4\framework\system\CodeIgniter.php(802): App\Controllers\Faculty->loadReference()
#8 C:\Users\yvesk\OneDrive - iloilonhs.edu.ph\Desktop\NASYO_INTEGRATED V3\nasyo_integrated_2\vendor\codeigniter4\framework\system\CodeIgniter.php(399): CodeIgniter\CodeIgniter->runController(Object(App\Controllers\Faculty))
#9 C:\Users\yvesk\OneDrive - iloilonhs.edu.ph\Desktop\NASYO_INTEGRATED V3\nasyo_integrated_2\vendor\codeigniter4\framework\system\CodeIgniter.php(317): CodeIgniter\CodeIgniter->handleRequest(NULL, Object(Config\Cache), false)
#10 C:\Users\yvesk\OneDrive - iloilonhs.edu.ph\Desktop\NASYO_INTEGRATED V3\nasyo_integrated_2\public\index.php(36): CodeIgniter\CodeIgniter->run()
#11 C:\Users\yvesk\OneDrive - iloilonhs.edu.ph\Desktop\NASYO_INTEGRATED V3\nasyo_integrated_2\vendor\codeigniter4\framework\system\Commands\Server\rewrite.php(43): require_once('C:\\Users\\yvesk\\...')
#12 {main}
ERROR - 2023-11-12 19:54:30 --> Table 'nasyo_integrated_2.emp_reference_tbl' doesn't exist
CRITICAL - 2023-11-12 19:54:30 --> Table 'nasyo_integrated_2.emp_reference_tbl' doesn't exist
#0 C:\Users\yvesk\OneDrive - iloilonhs.edu.ph\Desktop\NASYO_INTEGRATED V3\nasyo_integrated_2\vendor\codeigniter4\framework\system\Database\MySQLi\Connection.php(280): mysqli->query('SELECT *\nFROM `...')
#1 C:\Users\yvesk\OneDrive - iloilonhs.edu.ph\Desktop\NASYO_INTEGRATED V3\nasyo_integrated_2\vendor\codeigniter4\framework\system\Database\BaseConnection.php(663): CodeIgniter\Database\MySQLi\Connection->execute('SELECT *\nFROM `...')
#2 C:\Users\yvesk\OneDrive - iloilonhs.edu.ph\Desktop\NASYO_INTEGRATED V3\nasyo_integrated_2\vendor\codeigniter4\framework\system\Database\BaseConnection.php(591): CodeIgniter\Database\BaseConnection->simpleQuery('SELECT *\nFROM `...')
#3 C:\Users\yvesk\OneDrive - iloilonhs.edu.ph\Desktop\NASYO_INTEGRATED V3\nasyo_integrated_2\vendor\codeigniter4\framework\system\Database\BaseBuilder.php(1428): CodeIgniter\Database\BaseConnection->query('SELECT *\nFROM `...', Array, false)
#4 C:\Users\yvesk\OneDrive - iloilonhs.edu.ph\Desktop\NASYO_INTEGRATED V3\nasyo_integrated_2\vendor\codeigniter4\framework\system\Model.php(145): CodeIgniter\Database\BaseBuilder->get()
#5 C:\Users\yvesk\OneDrive - iloilonhs.edu.ph\Desktop\NASYO_INTEGRATED V3\nasyo_integrated_2\vendor\codeigniter4\framework\system\BaseModel.php(523): CodeIgniter\Model->doFind(false, NULL)
#6 C:\Users\yvesk\OneDrive - iloilonhs.edu.ph\Desktop\NASYO_INTEGRATED V3\nasyo_integrated_2\app\Controllers\Faculty.php(1247): CodeIgniter\BaseModel->find()
#7 C:\Users\yvesk\OneDrive - iloilonhs.edu.ph\Desktop\NASYO_INTEGRATED V3\nasyo_integrated_2\vendor\codeigniter4\framework\system\CodeIgniter.php(802): App\Controllers\Faculty->loadReference()
#8 C:\Users\yvesk\OneDrive - iloilonhs.edu.ph\Desktop\NASYO_INTEGRATED V3\nasyo_integrated_2\vendor\codeigniter4\framework\system\CodeIgniter.php(399): CodeIgniter\CodeIgniter->runController(Object(App\Controllers\Faculty))
#9 C:\Users\yvesk\OneDrive - iloilonhs.edu.ph\Desktop\NASYO_INTEGRATED V3\nasyo_integrated_2\vendor\codeigniter4\framework\system\CodeIgniter.php(317): CodeIgniter\CodeIgniter->handleRequest(NULL, Object(Config\Cache), false)
#10 C:\Users\yvesk\OneDrive - iloilonhs.edu.ph\Desktop\NASYO_INTEGRATED V3\nasyo_integrated_2\public\index.php(36): CodeIgniter\CodeIgniter->run()
#11 C:\Users\yvesk\OneDrive - iloilonhs.edu.ph\Desktop\NASYO_INTEGRATED V3\nasyo_integrated_2\vendor\codeigniter4\framework\system\Commands\Server\rewrite.php(43): require_once('C:\\Users\\yvesk\\...')
#12 {main}
