ERROR - 2023-11-08 13:37:05 --> Unknown column 'reference_id' in 'where clause'
CRITICAL - 2023-11-08 13:37:05 --> Unknown column 'reference_id' in 'where clause'
#0 C:\Users\ICT INHS\OneDrive - Department of Education\Desktop\GITHUB2\nasyo_integrated_2\vendor\codeigniter4\framework\system\Database\MySQLi\Connection.php(280): mysqli->query('SELECT *\nFROM `...')
#1 C:\Users\ICT INHS\OneDrive - Department of Education\Desktop\GITHUB2\nasyo_integrated_2\vendor\codeigniter4\framework\system\Database\BaseConnection.php(663): CodeIgniter\Database\MySQLi\Connection->execute('SELECT *\nFROM `...')
#2 C:\Users\ICT INHS\OneDrive - Department of Education\Desktop\GITHUB2\nasyo_integrated_2\vendor\codeigniter4\framework\system\Database\BaseConnection.php(591): CodeIgniter\Database\BaseConnection->simpleQuery('SELECT *\nFROM `...')
#3 C:\Users\ICT INHS\OneDrive - Department of Education\Desktop\GITHUB2\nasyo_integrated_2\vendor\codeigniter4\framework\system\Database\BaseBuilder.php(1428): CodeIgniter\Database\BaseConnection->query('SELECT *\nFROM `...', Array, false)
#4 C:\Users\ICT INHS\OneDrive - Department of Education\Desktop\GITHUB2\nasyo_integrated_2\vendor\codeigniter4\framework\system\Model.php(210): CodeIgniter\Database\BaseBuilder->get()
#5 C:\Users\ICT INHS\OneDrive - Department of Education\Desktop\GITHUB2\nasyo_integrated_2\vendor\codeigniter4\framework\system\BaseModel.php(622): CodeIgniter\Model->doFirst()
#6 C:\Users\ICT INHS\OneDrive - Department of Education\Desktop\GITHUB2\nasyo_integrated_2\app\Controllers\Faculty.php(1236): CodeIgniter\BaseModel->first()
#7 C:\Users\ICT INHS\OneDrive - Department of Education\Desktop\GITHUB2\nasyo_integrated_2\vendor\codeigniter4\framework\system\CodeIgniter.php(802): App\Controllers\Faculty->getReferenceDetails()
#8 C:\Users\ICT INHS\OneDrive - Department of Education\Desktop\GITHUB2\nasyo_integrated_2\vendor\codeigniter4\framework\system\CodeIgniter.php(399): CodeIgniter\CodeIgniter->runController(Object(App\Controllers\Faculty))
#9 C:\Users\ICT INHS\OneDrive - Department of Education\Desktop\GITHUB2\nasyo_integrated_2\vendor\codeigniter4\framework\system\CodeIgniter.php(317): CodeIgniter\CodeIgniter->handleRequest(NULL, Object(Config\Cache), false)
#10 C:\Users\ICT INHS\OneDrive - Department of Education\Desktop\GITHUB2\nasyo_integrated_2\public\index.php(36): CodeIgniter\CodeIgniter->run()
#11 C:\Users\ICT INHS\OneDrive - Department of Education\Desktop\GITHUB2\nasyo_integrated_2\vendor\codeigniter4\framework\system\Commands\Server\rewrite.php(43): require_once('C:\\Users\\ICT IN...')
#12 {main}
ERROR - 2023-11-08 13:37:09 --> Unknown column 'reference_id' in 'where clause'
ERROR - 2023-11-08 13:37:32 --> Unknown column 'reference_id' in 'where clause'
CRITICAL - 2023-11-08 13:37:32 --> Unknown column 'reference_id' in 'where clause'
#0 C:\Users\ICT INHS\OneDrive - Department of Education\Desktop\GITHUB2\nasyo_integrated_2\vendor\codeigniter4\framework\system\Database\MySQLi\Connection.php(280): mysqli->query('SELECT *\nFROM `...')
#1 C:\Users\ICT INHS\OneDrive - Department of Education\Desktop\GITHUB2\nasyo_integrated_2\vendor\codeigniter4\framework\system\Database\BaseConnection.php(663): CodeIgniter\Database\MySQLi\Connection->execute('SELECT *\nFROM `...')
#2 C:\Users\ICT INHS\OneDrive - Department of Education\Desktop\GITHUB2\nasyo_integrated_2\vendor\codeigniter4\framework\system\Database\BaseConnection.php(591): CodeIgniter\Database\BaseConnection->simpleQuery('SELECT *\nFROM `...')
#3 C:\Users\ICT INHS\OneDrive - Department of Education\Desktop\GITHUB2\nasyo_integrated_2\vendor\codeigniter4\framework\system\Database\BaseBuilder.php(1428): CodeIgniter\Database\BaseConnection->query('SELECT *\nFROM `...', Array, false)
#4 C:\Users\ICT INHS\OneDrive - Department of Education\Desktop\GITHUB2\nasyo_integrated_2\vendor\codeigniter4\framework\system\Model.php(210): CodeIgniter\Database\BaseBuilder->get()
#5 C:\Users\ICT INHS\OneDrive - Department of Education\Desktop\GITHUB2\nasyo_integrated_2\vendor\codeigniter4\framework\system\BaseModel.php(622): CodeIgniter\Model->doFirst()
#6 C:\Users\ICT INHS\OneDrive - Department of Education\Desktop\GITHUB2\nasyo_integrated_2\app\Controllers\Faculty.php(1236): CodeIgniter\BaseModel->first()
#7 C:\Users\ICT INHS\OneDrive - Department of Education\Desktop\GITHUB2\nasyo_integrated_2\vendor\codeigniter4\framework\system\CodeIgniter.php(802): App\Controllers\Faculty->getReferenceDetails()
#8 C:\Users\ICT INHS\OneDrive - Department of Education\Desktop\GITHUB2\nasyo_integrated_2\vendor\codeigniter4\framework\system\CodeIgniter.php(399): CodeIgniter\CodeIgniter->runController(Object(App\Controllers\Faculty))
#9 C:\Users\ICT INHS\OneDrive - Department of Education\Desktop\GITHUB2\nasyo_integrated_2\vendor\codeigniter4\framework\system\CodeIgniter.php(317): CodeIgniter\CodeIgniter->handleRequest(NULL, Object(Config\Cache), false)
#10 C:\Users\ICT INHS\OneDrive - Department of Education\Desktop\GITHUB2\nasyo_integrated_2\public\index.php(36): CodeIgniter\CodeIgniter->run()
#11 C:\Users\ICT INHS\OneDrive - Department of Education\Desktop\GITHUB2\nasyo_integrated_2\vendor\codeigniter4\framework\system\Commands\Server\rewrite.php(43): require_once('C:\\Users\\ICT IN...')
#12 {main}
ERROR - 2023-11-08 14:10:22 --> Unknown column 'non_academic_distinctions' in 'field list'
ERROR - 2023-11-08 14:10:24 --> Unknown column 'non_academic_distinctions' in 'field list'
ERROR - 2023-11-08 14:10:29 --> Unknown column 'non_academic_distinctions' in 'field list'
