ERROR - 2023-01-12 02:05:09 --> Error connecting to the database: No connection could be made because the target machine actively refused it.

CRITICAL - 2023-01-12 02:05:09 --> Unable to connect to the database.
Main connection [MySQLi]: No connection could be made because the target machine actively refused it.

#0 C:\Users\User\OneDrive - iloilonhs.edu.ph\Desktop\NASYO INTEGRATED\nasyo_integrated\vendor\codeigniter4\framework\system\Database\BaseConnection.php(625): CodeIgniter\Database\BaseConnection->initialize()
#1 C:\Users\User\OneDrive - iloilonhs.edu.ph\Desktop\NASYO INTEGRATED\nasyo_integrated\vendor\codeigniter4\framework\system\Database\BaseBuilder.php(1881): CodeIgniter\Database\BaseConnection->query('SELECT *\nFROM `...', Array, false)
#2 C:\Users\User\OneDrive - iloilonhs.edu.ph\Desktop\NASYO INTEGRATED\nasyo_integrated\vendor\codeigniter4\framework\system\Model.php(158): CodeIgniter\Database\BaseBuilder->get()
#3 C:\Users\User\OneDrive - iloilonhs.edu.ph\Desktop\NASYO INTEGRATED\nasyo_integrated\vendor\codeigniter4\framework\system\BaseModel.php(538): CodeIgniter\Model->doFind(false, NULL)
#4 C:\Users\User\OneDrive - iloilonhs.edu.ph\Desktop\NASYO INTEGRATED\nasyo_integrated\app\Models\NewsModel.php(16): CodeIgniter\BaseModel->find()
#5 C:\Users\User\OneDrive - iloilonhs.edu.ph\Desktop\NASYO INTEGRATED\nasyo_integrated\app\Controllers\News.php(23): App\Models\NewsModel->getNews(10)
#6 C:\Users\User\OneDrive - iloilonhs.edu.ph\Desktop\NASYO INTEGRATED\nasyo_integrated\vendor\codeigniter4\framework\system\CodeIgniter.php(931): App\Controllers\News->index()
#7 C:\Users\User\OneDrive - iloilonhs.edu.ph\Desktop\NASYO INTEGRATED\nasyo_integrated\vendor\codeigniter4\framework\system\CodeIgniter.php(439): CodeIgniter\CodeIgniter->runController(Object(App\Controllers\News))
#8 C:\Users\User\OneDrive - iloilonhs.edu.ph\Desktop\NASYO INTEGRATED\nasyo_integrated\vendor\codeigniter4\framework\system\CodeIgniter.php(339): CodeIgniter\CodeIgniter->handleRequest(NULL, Object(Config\Cache), false)
#9 C:\Users\User\OneDrive - iloilonhs.edu.ph\Desktop\NASYO INTEGRATED\nasyo_integrated\public\index.php(36): CodeIgniter\CodeIgniter->run()
#10 C:\Users\User\OneDrive - iloilonhs.edu.ph\Desktop\NASYO INTEGRATED\nasyo_integrated\vendor\codeigniter4\framework\system\Commands\Server\rewrite.php(45): require_once('C:\\Users\\User\\O...')
#11 {main}
CRITICAL - 2023-01-12 02:19:46 --> Trying to access array offset on value of type null
#0 C:\Users\User\OneDrive - iloilonhs.edu.ph\Desktop\NASYO INTEGRATED\nasyo_integrated\app\Views\f_application\index.php(95): CodeIgniter\Debug\Exceptions->errorHandler(8, 'Trying to acces...', 'C:\\Users\\User\\O...', 95, Array)
#1 C:\Users\User\OneDrive - iloilonhs.edu.ph\Desktop\NASYO INTEGRATED\nasyo_integrated\vendor\codeigniter4\framework\system\View\View.php(230): include('C:\\Users\\User\\O...')
#2 C:\Users\User\OneDrive - iloilonhs.edu.ph\Desktop\NASYO INTEGRATED\nasyo_integrated\vendor\codeigniter4\framework\system\View\View.php(232): CodeIgniter\View\View->CodeIgniter\View\{closure}()
#3 C:\Users\User\OneDrive - iloilonhs.edu.ph\Desktop\NASYO INTEGRATED\nasyo_integrated\vendor\codeigniter4\framework\system\Common.php(1250): CodeIgniter\View\View->render('f_application/i...', Array, true)
#4 C:\Users\User\OneDrive - iloilonhs.edu.ph\Desktop\NASYO INTEGRATED\nasyo_integrated\app\Controllers\ApplicantProfile.php(62): view('f_application/i...', Array)
#5 C:\Users\User\OneDrive - iloilonhs.edu.ph\Desktop\NASYO INTEGRATED\nasyo_integrated\vendor\codeigniter4\framework\system\CodeIgniter.php(931): App\Controllers\ApplicantProfile->index()
#6 C:\Users\User\OneDrive - iloilonhs.edu.ph\Desktop\NASYO INTEGRATED\nasyo_integrated\vendor\codeigniter4\framework\system\CodeIgniter.php(439): CodeIgniter\CodeIgniter->runController(Object(App\Controllers\ApplicantProfile))
#7 C:\Users\User\OneDrive - iloilonhs.edu.ph\Desktop\NASYO INTEGRATED\nasyo_integrated\vendor\codeigniter4\framework\system\CodeIgniter.php(339): CodeIgniter\CodeIgniter->handleRequest(NULL, Object(Config\Cache), false)
#8 C:\Users\User\OneDrive - iloilonhs.edu.ph\Desktop\NASYO INTEGRATED\nasyo_integrated\public\index.php(36): CodeIgniter\CodeIgniter->run()
#9 C:\Users\User\OneDrive - iloilonhs.edu.ph\Desktop\NASYO INTEGRATED\nasyo_integrated\vendor\codeigniter4\framework\system\Commands\Server\rewrite.php(45): require_once('C:\\Users\\User\\O...')
#10 {main}
CRITICAL - 2023-01-12 02:20:01 --> Trying to access array offset on value of type null
#0 C:\Users\User\OneDrive - iloilonhs.edu.ph\Desktop\NASYO INTEGRATED\nasyo_integrated\app\Views\f_application\index.php(95): CodeIgniter\Debug\Exceptions->errorHandler(8, 'Trying to acces...', 'C:\\Users\\User\\O...', 95, Array)
#1 C:\Users\User\OneDrive - iloilonhs.edu.ph\Desktop\NASYO INTEGRATED\nasyo_integrated\vendor\codeigniter4\framework\system\View\View.php(230): include('C:\\Users\\User\\O...')
#2 C:\Users\User\OneDrive - iloilonhs.edu.ph\Desktop\NASYO INTEGRATED\nasyo_integrated\vendor\codeigniter4\framework\system\View\View.php(232): CodeIgniter\View\View->CodeIgniter\View\{closure}()
#3 C:\Users\User\OneDrive - iloilonhs.edu.ph\Desktop\NASYO INTEGRATED\nasyo_integrated\vendor\codeigniter4\framework\system\Common.php(1250): CodeIgniter\View\View->render('f_application/i...', Array, true)
#4 C:\Users\User\OneDrive - iloilonhs.edu.ph\Desktop\NASYO INTEGRATED\nasyo_integrated\app\Controllers\ApplicantProfile.php(62): view('f_application/i...', Array)
#5 C:\Users\User\OneDrive - iloilonhs.edu.ph\Desktop\NASYO INTEGRATED\nasyo_integrated\vendor\codeigniter4\framework\system\CodeIgniter.php(931): App\Controllers\ApplicantProfile->index()
#6 C:\Users\User\OneDrive - iloilonhs.edu.ph\Desktop\NASYO INTEGRATED\nasyo_integrated\vendor\codeigniter4\framework\system\CodeIgniter.php(439): CodeIgniter\CodeIgniter->runController(Object(App\Controllers\ApplicantProfile))
#7 C:\Users\User\OneDrive - iloilonhs.edu.ph\Desktop\NASYO INTEGRATED\nasyo_integrated\vendor\codeigniter4\framework\system\CodeIgniter.php(339): CodeIgniter\CodeIgniter->handleRequest(NULL, Object(Config\Cache), false)
#8 C:\Users\User\OneDrive - iloilonhs.edu.ph\Desktop\NASYO INTEGRATED\nasyo_integrated\public\index.php(36): CodeIgniter\CodeIgniter->run()
#9 C:\Users\User\OneDrive - iloilonhs.edu.ph\Desktop\NASYO INTEGRATED\nasyo_integrated\vendor\codeigniter4\framework\system\Commands\Server\rewrite.php(45): require_once('C:\\Users\\User\\O...')
#10 {main}
CRITICAL - 2023-01-12 02:21:21 --> Trying to access array offset on value of type null
#0 C:\Users\User\OneDrive - iloilonhs.edu.ph\Desktop\NASYO INTEGRATED\nasyo_integrated\app\Views\f_application\index.php(95): CodeIgniter\Debug\Exceptions->errorHandler(8, 'Trying to acces...', 'C:\\Users\\User\\O...', 95, Array)
#1 C:\Users\User\OneDrive - iloilonhs.edu.ph\Desktop\NASYO INTEGRATED\nasyo_integrated\vendor\codeigniter4\framework\system\View\View.php(230): include('C:\\Users\\User\\O...')
#2 C:\Users\User\OneDrive - iloilonhs.edu.ph\Desktop\NASYO INTEGRATED\nasyo_integrated\vendor\codeigniter4\framework\system\View\View.php(232): CodeIgniter\View\View->CodeIgniter\View\{closure}()
#3 C:\Users\User\OneDrive - iloilonhs.edu.ph\Desktop\NASYO INTEGRATED\nasyo_integrated\vendor\codeigniter4\framework\system\Common.php(1250): CodeIgniter\View\View->render('f_application/i...', Array, true)
#4 C:\Users\User\OneDrive - iloilonhs.edu.ph\Desktop\NASYO INTEGRATED\nasyo_integrated\app\Controllers\ApplicantProfile.php(62): view('f_application/i...', Array)
#5 C:\Users\User\OneDrive - iloilonhs.edu.ph\Desktop\NASYO INTEGRATED\nasyo_integrated\vendor\codeigniter4\framework\system\CodeIgniter.php(931): App\Controllers\ApplicantProfile->index()
#6 C:\Users\User\OneDrive - iloilonhs.edu.ph\Desktop\NASYO INTEGRATED\nasyo_integrated\vendor\codeigniter4\framework\system\CodeIgniter.php(439): CodeIgniter\CodeIgniter->runController(Object(App\Controllers\ApplicantProfile))
#7 C:\Users\User\OneDrive - iloilonhs.edu.ph\Desktop\NASYO INTEGRATED\nasyo_integrated\vendor\codeigniter4\framework\system\CodeIgniter.php(339): CodeIgniter\CodeIgniter->handleRequest(NULL, Object(Config\Cache), false)
#8 C:\Users\User\OneDrive - iloilonhs.edu.ph\Desktop\NASYO INTEGRATED\nasyo_integrated\public\index.php(36): CodeIgniter\CodeIgniter->run()
#9 C:\Users\User\OneDrive - iloilonhs.edu.ph\Desktop\NASYO INTEGRATED\nasyo_integrated\vendor\codeigniter4\framework\system\Commands\Server\rewrite.php(45): require_once('C:\\Users\\User\\O...')
#10 {main}
CRITICAL - 2023-01-12 02:35:37 --> Trying to access array offset on value of type null
#0 C:\Users\User\OneDrive - iloilonhs.edu.ph\Desktop\NASYO INTEGRATED\nasyo_integrated\app\Views\f_application\index.php(95): CodeIgniter\Debug\Exceptions->errorHandler(8, 'Trying to acces...', 'C:\\Users\\User\\O...', 95, Array)
#1 C:\Users\User\OneDrive - iloilonhs.edu.ph\Desktop\NASYO INTEGRATED\nasyo_integrated\vendor\codeigniter4\framework\system\View\View.php(230): include('C:\\Users\\User\\O...')
#2 C:\Users\User\OneDrive - iloilonhs.edu.ph\Desktop\NASYO INTEGRATED\nasyo_integrated\vendor\codeigniter4\framework\system\View\View.php(232): CodeIgniter\View\View->CodeIgniter\View\{closure}()
#3 C:\Users\User\OneDrive - iloilonhs.edu.ph\Desktop\NASYO INTEGRATED\nasyo_integrated\vendor\codeigniter4\framework\system\Common.php(1250): CodeIgniter\View\View->render('f_application/i...', Array, true)
#4 C:\Users\User\OneDrive - iloilonhs.edu.ph\Desktop\NASYO INTEGRATED\nasyo_integrated\app\Controllers\ApplicantProfile.php(62): view('f_application/i...', Array)
#5 C:\Users\User\OneDrive - iloilonhs.edu.ph\Desktop\NASYO INTEGRATED\nasyo_integrated\vendor\codeigniter4\framework\system\CodeIgniter.php(931): App\Controllers\ApplicantProfile->index()
#6 C:\Users\User\OneDrive - iloilonhs.edu.ph\Desktop\NASYO INTEGRATED\nasyo_integrated\vendor\codeigniter4\framework\system\CodeIgniter.php(439): CodeIgniter\CodeIgniter->runController(Object(App\Controllers\ApplicantProfile))
#7 C:\Users\User\OneDrive - iloilonhs.edu.ph\Desktop\NASYO INTEGRATED\nasyo_integrated\vendor\codeigniter4\framework\system\CodeIgniter.php(339): CodeIgniter\CodeIgniter->handleRequest(NULL, Object(Config\Cache), false)
#8 C:\Users\User\OneDrive - iloilonhs.edu.ph\Desktop\NASYO INTEGRATED\nasyo_integrated\public\index.php(36): CodeIgniter\CodeIgniter->run()
#9 C:\Users\User\OneDrive - iloilonhs.edu.ph\Desktop\NASYO INTEGRATED\nasyo_integrated\vendor\codeigniter4\framework\system\Commands\Server\rewrite.php(45): require_once('C:\\Users\\User\\O...')
#10 {main}
