CRITICAL - 2022-01-10 14:49:01 --> Call to undefined function CodeIgniter\locale_set_default()
#0 C:\xampp\htdocs\inhs integrated\vendor\codeigniter4\framework\system\bootstrap.php(157): CodeIgniter\CodeIgniter->initialize()
#1 C:\xampp\htdocs\inhs integrated\spark(45): require('C:\\xampp\\htdocs...')
#2 {main}
CRITICAL - 2022-01-10 14:49:24 --> Call to undefined function CodeIgniter\locale_set_default()
#0 C:\xampp\htdocs\inhs integrated\vendor\codeigniter4\framework\system\bootstrap.php(157): CodeIgniter\CodeIgniter->initialize()
#1 C:\xampp\htdocs\inhs integrated\spark(45): require('C:\\xampp\\htdocs...')
#2 {main}
CRITICAL - 2022-01-10 14:49:43 --> Call to undefined function CodeIgniter\locale_set_default()
#0 C:\xampp\htdocs\inhs integrated\vendor\codeigniter4\framework\system\bootstrap.php(157): CodeIgniter\CodeIgniter->initialize()
#1 C:\xampp\htdocs\inhs integrated\spark(45): require('C:\\xampp\\htdocs...')
#2 {main}
CRITICAL - 2022-01-10 14:49:56 --> Call to undefined function CodeIgniter\locale_set_default()
#0 C:\xampp\htdocs\inhs integrated\vendor\codeigniter4\framework\system\bootstrap.php(157): CodeIgniter\CodeIgniter->initialize()
#1 C:\xampp\htdocs\inhs integrated\spark(45): require('C:\\xampp\\htdocs...')
#2 {main}
CRITICAL - 2022-01-10 14:53:18 --> Call to undefined function CodeIgniter\locale_set_default()
#0 C:\xampp\htdocs\inhs integrated\vendor\codeigniter4\framework\system\bootstrap.php(157): CodeIgniter\CodeIgniter->initialize()
#1 C:\xampp\htdocs\inhs integrated\spark(45): require('C:\\xampp\\htdocs...')
#2 {main}
CRITICAL - 2022-01-10 14:53:21 --> Call to undefined function CodeIgniter\locale_set_default()
#0 C:\xampp\htdocs\inhs integrated\vendor\codeigniter4\framework\system\bootstrap.php(157): CodeIgniter\CodeIgniter->initialize()
#1 C:\xampp\htdocs\inhs integrated\spark(45): require('C:\\xampp\\htdocs...')
#2 {main}
CRITICAL - 2022-01-10 14:53:27 --> Call to undefined function CodeIgniter\locale_set_default()
#0 C:\xampp\htdocs\inhs integrated\vendor\codeigniter4\framework\system\bootstrap.php(157): CodeIgniter\CodeIgniter->initialize()
#1 C:\xampp\htdocs\inhs integrated\spark(45): require('C:\\xampp\\htdocs...')
#2 {main}
CRITICAL - 2022-01-10 00:56:01 --> Constant FILTER_SANITIZE_STRING is deprecated
#0 C:\xampp\htdocs\inhs integrated\vendor\codeigniter4\framework\system\HTTP\CLIRequest.php(205): CodeIgniter\Debug\Exceptions->errorHandler(8192, 'Constant FILTER...', 'C:\\xampp\\htdocs...', 205)
#1 C:\xampp\htdocs\inhs integrated\vendor\codeigniter4\framework\system\HTTP\CLIRequest.php(70): CodeIgniter\HTTP\CLIRequest->parseCommand()
#2 C:\xampp\htdocs\inhs integrated\vendor\codeigniter4\framework\system\Config\Services.php(133): CodeIgniter\HTTP\CLIRequest->__construct(Object(Config\App))
#3 C:\xampp\htdocs\inhs integrated\vendor\codeigniter4\framework\system\Config\BaseService.php(263): CodeIgniter\Config\Services::clirequest(Object(Config\App), false)
#4 C:\xampp\htdocs\inhs integrated\vendor\codeigniter4\framework\system\Config\BaseService.php(192): CodeIgniter\Config\BaseService::__callStatic('clirequest', Array)
#5 C:\xampp\htdocs\inhs integrated\vendor\codeigniter4\framework\system\Config\Services.php(128): CodeIgniter\Config\BaseService::getSharedInstance('clirequest', Object(Config\App))
#6 C:\xampp\htdocs\inhs integrated\vendor\codeigniter4\framework\system\Config\BaseService.php(263): CodeIgniter\Config\Services::clirequest(Object(Config\App))
#7 C:\xampp\htdocs\inhs integrated\vendor\codeigniter4\framework\system\CodeIgniter.php(589): CodeIgniter\Config\BaseService::__callStatic('clirequest', Array)
#8 C:\xampp\htdocs\inhs integrated\vendor\codeigniter4\framework\system\CodeIgniter.php(312): CodeIgniter\CodeIgniter->getRequestObject()
#9 C:\xampp\htdocs\inhs integrated\vendor\codeigniter4\framework\system\CLI\Console.php(61): CodeIgniter\CodeIgniter->run()
#10 C:\xampp\htdocs\inhs integrated\spark(64): CodeIgniter\CLI\Console->run()
#11 {main}
CRITICAL - 2022-01-10 00:57:29 --> Constant FILTER_SANITIZE_STRING is deprecated
#0 C:\xampp\htdocs\inhs integrated\vendor\codeigniter4\framework\system\HTTP\CLIRequest.php(205): CodeIgniter\Debug\Exceptions->errorHandler(8192, 'Constant FILTER...', 'C:\\xampp\\htdocs...', 205)
#1 C:\xampp\htdocs\inhs integrated\vendor\codeigniter4\framework\system\HTTP\CLIRequest.php(70): CodeIgniter\HTTP\CLIRequest->parseCommand()
#2 C:\xampp\htdocs\inhs integrated\vendor\codeigniter4\framework\system\Config\Services.php(133): CodeIgniter\HTTP\CLIRequest->__construct(Object(Config\App))
#3 C:\xampp\htdocs\inhs integrated\vendor\codeigniter4\framework\system\Config\BaseService.php(263): CodeIgniter\Config\Services::clirequest(Object(Config\App), false)
#4 C:\xampp\htdocs\inhs integrated\vendor\codeigniter4\framework\system\Config\BaseService.php(192): CodeIgniter\Config\BaseService::__callStatic('clirequest', Array)
#5 C:\xampp\htdocs\inhs integrated\vendor\codeigniter4\framework\system\Config\Services.php(128): CodeIgniter\Config\BaseService::getSharedInstance('clirequest', Object(Config\App))
#6 C:\xampp\htdocs\inhs integrated\vendor\codeigniter4\framework\system\Config\BaseService.php(263): CodeIgniter\Config\Services::clirequest(Object(Config\App))
#7 C:\xampp\htdocs\inhs integrated\vendor\codeigniter4\framework\system\CodeIgniter.php(589): CodeIgniter\Config\BaseService::__callStatic('clirequest', Array)
#8 C:\xampp\htdocs\inhs integrated\vendor\codeigniter4\framework\system\CodeIgniter.php(312): CodeIgniter\CodeIgniter->getRequestObject()
#9 C:\xampp\htdocs\inhs integrated\vendor\codeigniter4\framework\system\CLI\Console.php(61): CodeIgniter\CodeIgniter->run()
#10 C:\xampp\htdocs\inhs integrated\spark(64): CodeIgniter\CLI\Console->run()
#11 {main}
CRITICAL - 2022-01-10 01:00:01 --> Constant FILTER_SANITIZE_STRING is deprecated
#0 C:\xampp\htdocs\inhs integrated\vendor\codeigniter4\framework\system\HTTP\CLIRequest.php(205): CodeIgniter\Debug\Exceptions->errorHandler(8192, 'Constant FILTER...', 'C:\\xampp\\htdocs...', 205)
#1 C:\xampp\htdocs\inhs integrated\vendor\codeigniter4\framework\system\HTTP\CLIRequest.php(70): CodeIgniter\HTTP\CLIRequest->parseCommand()
#2 C:\xampp\htdocs\inhs integrated\vendor\codeigniter4\framework\system\Config\Services.php(133): CodeIgniter\HTTP\CLIRequest->__construct(Object(Config\App))
#3 C:\xampp\htdocs\inhs integrated\vendor\codeigniter4\framework\system\Config\BaseService.php(263): CodeIgniter\Config\Services::clirequest(Object(Config\App), false)
#4 C:\xampp\htdocs\inhs integrated\vendor\codeigniter4\framework\system\Config\BaseService.php(192): CodeIgniter\Config\BaseService::__callStatic('clirequest', Array)
#5 C:\xampp\htdocs\inhs integrated\vendor\codeigniter4\framework\system\Config\Services.php(128): CodeIgniter\Config\BaseService::getSharedInstance('clirequest', Object(Config\App))
#6 C:\xampp\htdocs\inhs integrated\vendor\codeigniter4\framework\system\Config\BaseService.php(263): CodeIgniter\Config\Services::clirequest(Object(Config\App))
#7 C:\xampp\htdocs\inhs integrated\vendor\codeigniter4\framework\system\CodeIgniter.php(589): CodeIgniter\Config\BaseService::__callStatic('clirequest', Array)
#8 C:\xampp\htdocs\inhs integrated\vendor\codeigniter4\framework\system\CodeIgniter.php(312): CodeIgniter\CodeIgniter->getRequestObject()
#9 C:\xampp\htdocs\inhs integrated\vendor\codeigniter4\framework\system\CLI\Console.php(61): CodeIgniter\CodeIgniter->run()
#10 C:\xampp\htdocs\inhs integrated\spark(64): CodeIgniter\CLI\Console->run()
#11 {main}
CRITICAL - 2022-01-10 01:00:04 --> Constant FILTER_SANITIZE_STRING is deprecated
#0 C:\xampp\htdocs\inhs integrated\vendor\codeigniter4\framework\system\HTTP\CLIRequest.php(205): CodeIgniter\Debug\Exceptions->errorHandler(8192, 'Constant FILTER...', 'C:\\xampp\\htdocs...', 205)
#1 C:\xampp\htdocs\inhs integrated\vendor\codeigniter4\framework\system\HTTP\CLIRequest.php(70): CodeIgniter\HTTP\CLIRequest->parseCommand()
#2 C:\xampp\htdocs\inhs integrated\vendor\codeigniter4\framework\system\Config\Services.php(133): CodeIgniter\HTTP\CLIRequest->__construct(Object(Config\App))
#3 C:\xampp\htdocs\inhs integrated\vendor\codeigniter4\framework\system\Config\BaseService.php(263): CodeIgniter\Config\Services::clirequest(Object(Config\App), false)
#4 C:\xampp\htdocs\inhs integrated\vendor\codeigniter4\framework\system\Config\BaseService.php(192): CodeIgniter\Config\BaseService::__callStatic('clirequest', Array)
#5 C:\xampp\htdocs\inhs integrated\vendor\codeigniter4\framework\system\Config\Services.php(128): CodeIgniter\Config\BaseService::getSharedInstance('clirequest', Object(Config\App))
#6 C:\xampp\htdocs\inhs integrated\vendor\codeigniter4\framework\system\Config\BaseService.php(263): CodeIgniter\Config\Services::clirequest(Object(Config\App))
#7 C:\xampp\htdocs\inhs integrated\vendor\codeigniter4\framework\system\CodeIgniter.php(589): CodeIgniter\Config\BaseService::__callStatic('clirequest', Array)
#8 C:\xampp\htdocs\inhs integrated\vendor\codeigniter4\framework\system\CodeIgniter.php(312): CodeIgniter\CodeIgniter->getRequestObject()
#9 C:\xampp\htdocs\inhs integrated\vendor\codeigniter4\framework\system\CLI\Console.php(61): CodeIgniter\CodeIgniter->run()
#10 C:\xampp\htdocs\inhs integrated\spark(64): CodeIgniter\CLI\Console->run()
#11 {main}
ERROR - 2022-01-10 02:21:57 --> Error connecting to the database: No connection could be made because the target machine actively refused it
CRITICAL - 2022-01-10 02:21:57 --> Unable to connect to the database.
Main connection [MySQLi]: No connection could be made because the target machine actively refused it
#0 C:\xampp\htdocs\inhs\inhsDevFinal\vendor\codeigniter4\framework\system\Database\BaseConnection.php(625): CodeIgniter\Database\BaseConnection->initialize()
#1 C:\xampp\htdocs\inhs\inhsDevFinal\vendor\codeigniter4\framework\system\Database\BaseBuilder.php(1881): CodeIgniter\Database\BaseConnection->query('SELECT *\nFROM `...', Array, false)
#2 C:\xampp\htdocs\inhs\inhsDevFinal\vendor\codeigniter4\framework\system\Model.php(197): CodeIgniter\Database\BaseBuilder->get()
#3 C:\xampp\htdocs\inhs\inhsDevFinal\vendor\codeigniter4\framework\system\BaseModel.php(603): CodeIgniter\Model->doFindAll(0, 0)
#4 C:\xampp\htdocs\inhs\inhsDevFinal\app\Models\NewsModel.php(16): CodeIgniter\BaseModel->findAll()
#5 C:\xampp\htdocs\inhs\inhsDevFinal\app\Controllers\News.php(17): App\Models\NewsModel->getNews()
#6 C:\xampp\htdocs\inhs\inhsDevFinal\vendor\codeigniter4\framework\system\CodeIgniter.php(931): App\Controllers\News->index()
#7 C:\xampp\htdocs\inhs\inhsDevFinal\vendor\codeigniter4\framework\system\CodeIgniter.php(439): CodeIgniter\CodeIgniter->runController(Object(App\Controllers\News))
#8 C:\xampp\htdocs\inhs\inhsDevFinal\vendor\codeigniter4\framework\system\CodeIgniter.php(339): CodeIgniter\CodeIgniter->handleRequest(NULL, Object(Config\Cache), false)
#9 C:\xampp\htdocs\inhs\inhsDevFinal\public\index.php(36): CodeIgniter\CodeIgniter->run()
#10 C:\xampp\htdocs\inhs\inhsDevFinal\vendor\codeigniter4\framework\system\Commands\Server\rewrite.php(45): require_once('C:\\xampp\\htdocs...')
#11 {main}
