ERROR - 2022-04-08 03:20:48 --> Unknown column 'student_application_t.is_assigned' in 'where clause'
CRITICAL - 2022-04-08 03:20:48 --> Unknown column 'student_application_t.is_assigned' in 'where clause'
#0 D:\INHS WEBSITE\inhsDev\vendor\codeigniter4\framework\system\Database\MySQLi\Connection.php(329): mysqli->query('SELECT `student...')
#1 D:\INHS WEBSITE\inhsDev\vendor\codeigniter4\framework\system\Database\BaseConnection.php(732): CodeIgniter\Database\MySQLi\Connection->execute('SELECT `student...')
#2 D:\INHS WEBSITE\inhsDev\vendor\codeigniter4\framework\system\Database\BaseConnection.php(647): CodeIgniter\Database\BaseConnection->simpleQuery('SELECT `student...')
#3 D:\INHS WEBSITE\inhsDev\vendor\codeigniter4\framework\system\Database\BaseBuilder.php(1881): CodeIgniter\Database\BaseConnection->query('SELECT `student...', Array, false)
#4 D:\INHS WEBSITE\inhsDev\app\Models\StudentApplicationModel.php(177): CodeIgniter\Database\BaseBuilder->get()
#5 D:\INHS WEBSITE\inhsDev\app\Controllers\Assigning.php(59): App\Models\StudentApplicationModel->getDataToAssign()
#6 D:\INHS WEBSITE\inhsDev\vendor\codeigniter4\framework\system\CodeIgniter.php(931): App\Controllers\Assigning->loadData()
#7 D:\INHS WEBSITE\inhsDev\vendor\codeigniter4\framework\system\CodeIgniter.php(439): CodeIgniter\CodeIgniter->runController(Object(App\Controllers\Assigning))
#8 D:\INHS WEBSITE\inhsDev\vendor\codeigniter4\framework\system\CodeIgniter.php(339): CodeIgniter\CodeIgniter->handleRequest(NULL, Object(Config\Cache), false)
#9 D:\INHS WEBSITE\inhsDev\public\index.php(36): CodeIgniter\CodeIgniter->run()
#10 D:\INHS WEBSITE\inhsDev\vendor\codeigniter4\framework\system\Commands\Server\rewrite.php(45): require_once('D:\\INHS WEBSITE...')
#11 {main}
ERROR - 2022-04-08 03:22:06 --> Unknown column 'student_application_t.is_assigned' in 'where clause'
CRITICAL - 2022-04-08 03:22:06 --> Unknown column 'student_application_t.is_assigned' in 'where clause'
#0 D:\INHS WEBSITE\inhsDev\vendor\codeigniter4\framework\system\Database\MySQLi\Connection.php(329): mysqli->query('SELECT `student...')
#1 D:\INHS WEBSITE\inhsDev\vendor\codeigniter4\framework\system\Database\BaseConnection.php(732): CodeIgniter\Database\MySQLi\Connection->execute('SELECT `student...')
#2 D:\INHS WEBSITE\inhsDev\vendor\codeigniter4\framework\system\Database\BaseConnection.php(647): CodeIgniter\Database\BaseConnection->simpleQuery('SELECT `student...')
#3 D:\INHS WEBSITE\inhsDev\vendor\codeigniter4\framework\system\Database\BaseBuilder.php(1881): CodeIgniter\Database\BaseConnection->query('SELECT `student...', Array, false)
#4 D:\INHS WEBSITE\inhsDev\app\Models\StudentApplicationModel.php(177): CodeIgniter\Database\BaseBuilder->get()
#5 D:\INHS WEBSITE\inhsDev\app\Controllers\Assigning.php(59): App\Models\StudentApplicationModel->getDataToAssign()
#6 D:\INHS WEBSITE\inhsDev\vendor\codeigniter4\framework\system\CodeIgniter.php(931): App\Controllers\Assigning->loadData()
#7 D:\INHS WEBSITE\inhsDev\vendor\codeigniter4\framework\system\CodeIgniter.php(439): CodeIgniter\CodeIgniter->runController(Object(App\Controllers\Assigning))
#8 D:\INHS WEBSITE\inhsDev\vendor\codeigniter4\framework\system\CodeIgniter.php(339): CodeIgniter\CodeIgniter->handleRequest(NULL, Object(Config\Cache), false)
#9 D:\INHS WEBSITE\inhsDev\public\index.php(36): CodeIgniter\CodeIgniter->run()
#10 D:\INHS WEBSITE\inhsDev\vendor\codeigniter4\framework\system\Commands\Server\rewrite.php(45): require_once('D:\\INHS WEBSITE...')
#11 {main}
ERROR - 2022-04-08 03:22:14 --> Unknown column 'student_application_t.is_assigned' in 'where clause'
CRITICAL - 2022-04-08 03:22:14 --> Unknown column 'student_application_t.is_assigned' in 'where clause'
#0 D:\INHS WEBSITE\inhsDev\vendor\codeigniter4\framework\system\Database\MySQLi\Connection.php(329): mysqli->query('SELECT `student...')
#1 D:\INHS WEBSITE\inhsDev\vendor\codeigniter4\framework\system\Database\BaseConnection.php(732): CodeIgniter\Database\MySQLi\Connection->execute('SELECT `student...')
#2 D:\INHS WEBSITE\inhsDev\vendor\codeigniter4\framework\system\Database\BaseConnection.php(647): CodeIgniter\Database\BaseConnection->simpleQuery('SELECT `student...')
#3 D:\INHS WEBSITE\inhsDev\vendor\codeigniter4\framework\system\Database\BaseBuilder.php(1881): CodeIgniter\Database\BaseConnection->query('SELECT `student...', Array, false)
#4 D:\INHS WEBSITE\inhsDev\app\Models\StudentApplicationModel.php(177): CodeIgniter\Database\BaseBuilder->get()
#5 D:\INHS WEBSITE\inhsDev\app\Controllers\Assigning.php(59): App\Models\StudentApplicationModel->getDataToAssign()
#6 D:\INHS WEBSITE\inhsDev\vendor\codeigniter4\framework\system\CodeIgniter.php(931): App\Controllers\Assigning->loadData()
#7 D:\INHS WEBSITE\inhsDev\vendor\codeigniter4\framework\system\CodeIgniter.php(439): CodeIgniter\CodeIgniter->runController(Object(App\Controllers\Assigning))
#8 D:\INHS WEBSITE\inhsDev\vendor\codeigniter4\framework\system\CodeIgniter.php(339): CodeIgniter\CodeIgniter->handleRequest(NULL, Object(Config\Cache), false)
#9 D:\INHS WEBSITE\inhsDev\public\index.php(36): CodeIgniter\CodeIgniter->run()
#10 D:\INHS WEBSITE\inhsDev\vendor\codeigniter4\framework\system\Commands\Server\rewrite.php(45): require_once('D:\\INHS WEBSITE...')
#11 {main}
CRITICAL - 2022-04-08 11:17:24 --> There is no data to update.
#0 D:\INHS WEBSITE\inhsDev\vendor\codeigniter4\framework\system\BaseModel.php(896): CodeIgniter\Database\Exceptions\DataException::forEmptyDataset('update')
#1 D:\INHS WEBSITE\inhsDev\vendor\codeigniter4\framework\system\Model.php(718): CodeIgniter\BaseModel->update(Array, Array)
#2 D:\INHS WEBSITE\inhsDev\app\Controllers\Application.php(858): CodeIgniter\Model->update(Array, Array)
#3 D:\INHS WEBSITE\inhsDev\vendor\codeigniter4\framework\system\CodeIgniter.php(931): App\Controllers\Application->adminDeleteFile()
#4 D:\INHS WEBSITE\inhsDev\vendor\codeigniter4\framework\system\CodeIgniter.php(439): CodeIgniter\CodeIgniter->runController(Object(App\Controllers\Application))
#5 D:\INHS WEBSITE\inhsDev\vendor\codeigniter4\framework\system\CodeIgniter.php(339): CodeIgniter\CodeIgniter->handleRequest(NULL, Object(Config\Cache), false)
#6 D:\INHS WEBSITE\inhsDev\public\index.php(36): CodeIgniter\CodeIgniter->run()
#7 D:\INHS WEBSITE\inhsDev\vendor\codeigniter4\framework\system\Commands\Server\rewrite.php(45): require_once('D:\\INHS WEBSITE...')
#8 {main}
CRITICAL - 2022-04-08 11:41:45 --> Call to a member function move() on string
#0 D:\INHS WEBSITE\inhsDev\vendor\codeigniter4\framework\system\CodeIgniter.php(931): App\Controllers\Application->adminDeleteFile()
#1 D:\INHS WEBSITE\inhsDev\vendor\codeigniter4\framework\system\CodeIgniter.php(439): CodeIgniter\CodeIgniter->runController(Object(App\Controllers\Application))
#2 D:\INHS WEBSITE\inhsDev\vendor\codeigniter4\framework\system\CodeIgniter.php(339): CodeIgniter\CodeIgniter->handleRequest(NULL, Object(Config\Cache), false)
#3 D:\INHS WEBSITE\inhsDev\public\index.php(36): CodeIgniter\CodeIgniter->run()
#4 D:\INHS WEBSITE\inhsDev\vendor\codeigniter4\framework\system\Commands\Server\rewrite.php(45): require_once('D:\\INHS WEBSITE...')
#5 {main}
CRITICAL - 2022-04-08 11:44:19 --> syntax error, unexpected 'return' (T_RETURN)
#0 D:\INHS WEBSITE\inhsDev\vendor\codeigniter4\framework\system\Autoloader\Autoloader.php(282): CodeIgniter\Autoloader\Autoloader->includeFile('D:\\INHS WEBSITE...')
#1 D:\INHS WEBSITE\inhsDev\vendor\codeigniter4\framework\system\Autoloader\Autoloader.php(247): CodeIgniter\Autoloader\Autoloader->loadInNamespace('App\\Controllers...')
#2 [internal function]: CodeIgniter\Autoloader\Autoloader->loadClass('App\\Controllers...')
#3 [internal function]: spl_autoload_call('App\\Controllers...')
#4 D:\INHS WEBSITE\inhsDev\vendor\codeigniter4\framework\system\CodeIgniter.php(888): class_exists('\\App\\Controller...', true)
#5 D:\INHS WEBSITE\inhsDev\vendor\codeigniter4\framework\system\CodeIgniter.php(424): CodeIgniter\CodeIgniter->startController()
#6 D:\INHS WEBSITE\inhsDev\vendor\codeigniter4\framework\system\CodeIgniter.php(339): CodeIgniter\CodeIgniter->handleRequest(NULL, Object(Config\Cache), false)
#7 D:\INHS WEBSITE\inhsDev\public\index.php(36): CodeIgniter\CodeIgniter->run()
#8 D:\INHS WEBSITE\inhsDev\vendor\codeigniter4\framework\system\Commands\Server\rewrite.php(45): require_once('D:\\INHS WEBSITE...')
#9 {main}
CRITICAL - 2022-04-08 11:44:19 --> syntax error, unexpected 'return' (T_RETURN)
#0 D:\INHS WEBSITE\inhsDev\vendor\codeigniter4\framework\system\Autoloader\Autoloader.php(282): CodeIgniter\Autoloader\Autoloader->includeFile('D:\\INHS WEBSITE...')
#1 D:\INHS WEBSITE\inhsDev\vendor\codeigniter4\framework\system\Autoloader\Autoloader.php(247): CodeIgniter\Autoloader\Autoloader->loadInNamespace('App\\Controllers...')
#2 [internal function]: CodeIgniter\Autoloader\Autoloader->loadClass('App\\Controllers...')
#3 [internal function]: spl_autoload_call('App\\Controllers...')
#4 D:\INHS WEBSITE\inhsDev\vendor\codeigniter4\framework\system\CodeIgniter.php(888): class_exists('\\App\\Controller...', true)
#5 D:\INHS WEBSITE\inhsDev\vendor\codeigniter4\framework\system\CodeIgniter.php(424): CodeIgniter\CodeIgniter->startController()
#6 D:\INHS WEBSITE\inhsDev\vendor\codeigniter4\framework\system\CodeIgniter.php(339): CodeIgniter\CodeIgniter->handleRequest(NULL, Object(Config\Cache), false)
#7 D:\INHS WEBSITE\inhsDev\public\index.php(36): CodeIgniter\CodeIgniter->run()
#8 D:\INHS WEBSITE\inhsDev\vendor\codeigniter4\framework\system\Commands\Server\rewrite.php(45): require_once('D:\\INHS WEBSITE...')
#9 {main}
CRITICAL - 2022-04-08 11:44:20 --> syntax error, unexpected 'return' (T_RETURN)
#0 D:\INHS WEBSITE\inhsDev\vendor\codeigniter4\framework\system\Autoloader\Autoloader.php(282): CodeIgniter\Autoloader\Autoloader->includeFile('D:\\INHS WEBSITE...')
#1 D:\INHS WEBSITE\inhsDev\vendor\codeigniter4\framework\system\Autoloader\Autoloader.php(247): CodeIgniter\Autoloader\Autoloader->loadInNamespace('App\\Controllers...')
#2 [internal function]: CodeIgniter\Autoloader\Autoloader->loadClass('App\\Controllers...')
#3 [internal function]: spl_autoload_call('App\\Controllers...')
#4 D:\INHS WEBSITE\inhsDev\vendor\codeigniter4\framework\system\CodeIgniter.php(888): class_exists('\\App\\Controller...', true)
#5 D:\INHS WEBSITE\inhsDev\vendor\codeigniter4\framework\system\CodeIgniter.php(424): CodeIgniter\CodeIgniter->startController()
#6 D:\INHS WEBSITE\inhsDev\vendor\codeigniter4\framework\system\CodeIgniter.php(339): CodeIgniter\CodeIgniter->handleRequest(NULL, Object(Config\Cache), false)
#7 D:\INHS WEBSITE\inhsDev\public\index.php(36): CodeIgniter\CodeIgniter->run()
#8 D:\INHS WEBSITE\inhsDev\vendor\codeigniter4\framework\system\Commands\Server\rewrite.php(45): require_once('D:\\INHS WEBSITE...')
#9 {main}
CRITICAL - 2022-04-08 11:55:49 --> rename(upload/student_files/1646871014790DE FRANCIA, J GRADE 6 BACK.jpg,upload/student_files/deleted_admission_files/): The system cannot find the file specified. (code: 2)
#0 [internal function]: CodeIgniter\Debug\Exceptions->errorHandler(2, 'rename(upload/s...', 'D:\\INHS WEBSITE...', 861, Array)
#1 D:\INHS WEBSITE\inhsDev\app\Controllers\Application.php(861): rename('upload/student_...', 'upload/student_...')
#2 D:\INHS WEBSITE\inhsDev\vendor\codeigniter4\framework\system\CodeIgniter.php(931): App\Controllers\Application->adminDeleteFile()
#3 D:\INHS WEBSITE\inhsDev\vendor\codeigniter4\framework\system\CodeIgniter.php(439): CodeIgniter\CodeIgniter->runController(Object(App\Controllers\Application))
#4 D:\INHS WEBSITE\inhsDev\vendor\codeigniter4\framework\system\CodeIgniter.php(339): CodeIgniter\CodeIgniter->handleRequest(NULL, Object(Config\Cache), false)
#5 D:\INHS WEBSITE\inhsDev\public\index.php(36): CodeIgniter\CodeIgniter->run()
#6 D:\INHS WEBSITE\inhsDev\vendor\codeigniter4\framework\system\Commands\Server\rewrite.php(45): require_once('D:\\INHS WEBSITE...')
#7 {main}
CRITICAL - 2022-04-08 20:12:45 --> rename(upload/student_files/1646871014790DE FRANCIA, J GRADE 6 BACK.jpg,upload/student_files/deleted_admission_files/1646871014790DE FRANCIA, J GRADE 6 BACK.jpg): The system cannot find the file specified. (code: 2)
#0 [internal function]: CodeIgniter\Debug\Exceptions->errorHandler(2, 'rename(upload/s...', 'D:\\INHS WEBSITE...', 861, Array)
#1 D:\INHS WEBSITE\inhsDev\app\Controllers\Application.php(861): rename('upload/student_...', 'upload/student_...')
#2 D:\INHS WEBSITE\inhsDev\vendor\codeigniter4\framework\system\CodeIgniter.php(931): App\Controllers\Application->adminDeleteFile()
#3 D:\INHS WEBSITE\inhsDev\vendor\codeigniter4\framework\system\CodeIgniter.php(439): CodeIgniter\CodeIgniter->runController(Object(App\Controllers\Application))
#4 D:\INHS WEBSITE\inhsDev\vendor\codeigniter4\framework\system\CodeIgniter.php(339): CodeIgniter\CodeIgniter->handleRequest(NULL, Object(Config\Cache), false)
#5 D:\INHS WEBSITE\inhsDev\public\index.php(36): CodeIgniter\CodeIgniter->run()
#6 D:\INHS WEBSITE\inhsDev\vendor\codeigniter4\framework\system\Commands\Server\rewrite.php(45): require_once('D:\\INHS WEBSITE...')
#7 {main}
CRITICAL - 2022-04-08 20:14:06 --> rename(upload/student_files/1646871010942DE FRANCIA , J GRADE 6 FRONT.jpg,upload/student_files/deleted_admission_files/1646871010942DE FRANCIA , J GRADE 6 FRONT.jpg): The system cannot find the file specified. (code: 2)
#0 [internal function]: CodeIgniter\Debug\Exceptions->errorHandler(2, 'rename(upload/s...', 'D:\\INHS WEBSITE...', 861, Array)
#1 D:\INHS WEBSITE\inhsDev\app\Controllers\Application.php(861): rename('upload/student_...', 'upload/student_...')
#2 D:\INHS WEBSITE\inhsDev\vendor\codeigniter4\framework\system\CodeIgniter.php(931): App\Controllers\Application->adminDeleteFile()
#3 D:\INHS WEBSITE\inhsDev\vendor\codeigniter4\framework\system\CodeIgniter.php(439): CodeIgniter\CodeIgniter->runController(Object(App\Controllers\Application))
#4 D:\INHS WEBSITE\inhsDev\vendor\codeigniter4\framework\system\CodeIgniter.php(339): CodeIgniter\CodeIgniter->handleRequest(NULL, Object(Config\Cache), false)
#5 D:\INHS WEBSITE\inhsDev\public\index.php(36): CodeIgniter\CodeIgniter->run()
#6 D:\INHS WEBSITE\inhsDev\vendor\codeigniter4\framework\system\Commands\Server\rewrite.php(45): require_once('D:\\INHS WEBSITE...')
#7 {main}
CRITICAL - 2022-04-08 20:15:06 --> rename(upload\student_files\1646871014790DE FRANCIA, J GRADE 6 BACK.jpg,upload\student_files\deleted_admission_files\1646871014790DE FRANCIA, J GRADE 6 BACK.jpg): The system cannot find the file specified. (code: 2)
#0 [internal function]: CodeIgniter\Debug\Exceptions->errorHandler(2, 'rename(upload\\s...', 'D:\\INHS WEBSITE...', 861, Array)
#1 D:\INHS WEBSITE\inhsDev\app\Controllers\Application.php(861): rename('upload\\student_...', 'upload\\student_...')
#2 D:\INHS WEBSITE\inhsDev\vendor\codeigniter4\framework\system\CodeIgniter.php(931): App\Controllers\Application->adminDeleteFile()
#3 D:\INHS WEBSITE\inhsDev\vendor\codeigniter4\framework\system\CodeIgniter.php(439): CodeIgniter\CodeIgniter->runController(Object(App\Controllers\Application))
#4 D:\INHS WEBSITE\inhsDev\vendor\codeigniter4\framework\system\CodeIgniter.php(339): CodeIgniter\CodeIgniter->handleRequest(NULL, Object(Config\Cache), false)
#5 D:\INHS WEBSITE\inhsDev\public\index.php(36): CodeIgniter\CodeIgniter->run()
#6 D:\INHS WEBSITE\inhsDev\vendor\codeigniter4\framework\system\Commands\Server\rewrite.php(45): require_once('D:\\INHS WEBSITE...')
#7 {main}
CRITICAL - 2022-04-08 20:21:19 --> rename(upload/student_files/1646639793484DE FRANCIA JACE L 2.jpg,upload/student_files/deleted_admission_files/1646639793484DE FRANCIA JACE L 2.jpg): The system cannot find the file specified. (code: 2)
#0 [internal function]: CodeIgniter\Debug\Exceptions->errorHandler(2, 'rename(upload/s...', 'D:\\INHS WEBSITE...', 863, Array)
#1 D:\INHS WEBSITE\inhsDev\app\Controllers\Application.php(863): rename('upload/student_...', 'upload/student_...')
#2 D:\INHS WEBSITE\inhsDev\vendor\codeigniter4\framework\system\CodeIgniter.php(931): App\Controllers\Application->adminDeleteFile()
#3 D:\INHS WEBSITE\inhsDev\vendor\codeigniter4\framework\system\CodeIgniter.php(439): CodeIgniter\CodeIgniter->runController(Object(App\Controllers\Application))
#4 D:\INHS WEBSITE\inhsDev\vendor\codeigniter4\framework\system\CodeIgniter.php(339): CodeIgniter\CodeIgniter->handleRequest(NULL, Object(Config\Cache), false)
#5 D:\INHS WEBSITE\inhsDev\public\index.php(36): CodeIgniter\CodeIgniter->run()
#6 D:\INHS WEBSITE\inhsDev\vendor\codeigniter4\framework\system\Commands\Server\rewrite.php(45): require_once('D:\\INHS WEBSITE...')
#7 {main}
CRITICAL - 2022-04-08 20:45:46 --> rename(D:/INHS WEBSITE/inhsDev/public/upload/student_files/admission_files1646639731446DE FRANCIA , J GRADE 6 FRONT.jpg,D:/INHS WEBSITE/inhsDev/public/upload/student_files/deleted_admission_files1646639731446DE FRANCIA , J GRADE 6 FRONT.jpg): The system cannot find the file specified. (code: 2)
#0 [internal function]: CodeIgniter\Debug\Exceptions->errorHandler(2, 'rename(D:/INHS ...', 'D:\\INHS WEBSITE...', 863, Array)
#1 D:\INHS WEBSITE\inhsDev\app\Controllers\Application.php(863): rename('D:/INHS WEBSITE...', 'D:/INHS WEBSITE...')
#2 D:\INHS WEBSITE\inhsDev\vendor\codeigniter4\framework\system\CodeIgniter.php(931): App\Controllers\Application->adminDeleteFile()
#3 D:\INHS WEBSITE\inhsDev\vendor\codeigniter4\framework\system\CodeIgniter.php(439): CodeIgniter\CodeIgniter->runController(Object(App\Controllers\Application))
#4 D:\INHS WEBSITE\inhsDev\vendor\codeigniter4\framework\system\CodeIgniter.php(339): CodeIgniter\CodeIgniter->handleRequest(NULL, Object(Config\Cache), false)
#5 D:\INHS WEBSITE\inhsDev\public\index.php(36): CodeIgniter\CodeIgniter->run()
#6 D:\INHS WEBSITE\inhsDev\vendor\codeigniter4\framework\system\Commands\Server\rewrite.php(45): require_once('D:\\INHS WEBSITE...')
#7 {main}
CRITICAL - 2022-04-08 20:47:38 --> rename(Resource id #1441646639793484DE FRANCIA JACE L 2.jpg,Resource id #1451646639793484DE FRANCIA JACE L 2.jpg): The system cannot find the file specified. (code: 2)
#0 [internal function]: CodeIgniter\Debug\Exceptions->errorHandler(2, 'rename(Resource...', 'D:\\INHS WEBSITE...', 863, Array)
#1 D:\INHS WEBSITE\inhsDev\app\Controllers\Application.php(863): rename('Resource id #14...', 'Resource id #14...')
#2 D:\INHS WEBSITE\inhsDev\vendor\codeigniter4\framework\system\CodeIgniter.php(931): App\Controllers\Application->adminDeleteFile()
#3 D:\INHS WEBSITE\inhsDev\vendor\codeigniter4\framework\system\CodeIgniter.php(439): CodeIgniter\CodeIgniter->runController(Object(App\Controllers\Application))
#4 D:\INHS WEBSITE\inhsDev\vendor\codeigniter4\framework\system\CodeIgniter.php(339): CodeIgniter\CodeIgniter->handleRequest(NULL, Object(Config\Cache), false)
#5 D:\INHS WEBSITE\inhsDev\public\index.php(36): CodeIgniter\CodeIgniter->run()
#6 D:\INHS WEBSITE\inhsDev\vendor\codeigniter4\framework\system\Commands\Server\rewrite.php(45): require_once('D:\\INHS WEBSITE...')
#7 {main}
CRITICAL - 2022-04-08 20:48:08 --> rename(upload/student_files/admission_files1646639793484DE FRANCIA JACE L 2.jpg,upload/student_files/deleted_admission_files1646639793484DE FRANCIA JACE L 2.jpg): The system cannot find the file specified. (code: 2)
#0 [internal function]: CodeIgniter\Debug\Exceptions->errorHandler(2, 'rename(upload/s...', 'D:\\INHS WEBSITE...', 863, Array)
#1 D:\INHS WEBSITE\inhsDev\app\Controllers\Application.php(863): rename('upload/student_...', 'upload/student_...')
#2 D:\INHS WEBSITE\inhsDev\vendor\codeigniter4\framework\system\CodeIgniter.php(931): App\Controllers\Application->adminDeleteFile()
#3 D:\INHS WEBSITE\inhsDev\vendor\codeigniter4\framework\system\CodeIgniter.php(439): CodeIgniter\CodeIgniter->runController(Object(App\Controllers\Application))
#4 D:\INHS WEBSITE\inhsDev\vendor\codeigniter4\framework\system\CodeIgniter.php(339): CodeIgniter\CodeIgniter->handleRequest(NULL, Object(Config\Cache), false)
#5 D:\INHS WEBSITE\inhsDev\public\index.php(36): CodeIgniter\CodeIgniter->run()
#6 D:\INHS WEBSITE\inhsDev\vendor\codeigniter4\framework\system\Commands\Server\rewrite.php(45): require_once('D:\\INHS WEBSITE...')
#7 {main}
CRITICAL - 2022-04-08 20:50:21 --> readdir() expects parameter 1 to be resource, string given
#0 [internal function]: CodeIgniter\Debug\Exceptions->errorHandler(2, 'readdir() expec...', 'D:\\INHS WEBSITE...', 863, Array)
#1 D:\INHS WEBSITE\inhsDev\app\Controllers\Application.php(863): readdir('Resource id #14...')
#2 D:\INHS WEBSITE\inhsDev\vendor\codeigniter4\framework\system\CodeIgniter.php(931): App\Controllers\Application->adminDeleteFile()
#3 D:\INHS WEBSITE\inhsDev\vendor\codeigniter4\framework\system\CodeIgniter.php(439): CodeIgniter\CodeIgniter->runController(Object(App\Controllers\Application))
#4 D:\INHS WEBSITE\inhsDev\vendor\codeigniter4\framework\system\CodeIgniter.php(339): CodeIgniter\CodeIgniter->handleRequest(NULL, Object(Config\Cache), false)
#5 D:\INHS WEBSITE\inhsDev\public\index.php(36): CodeIgniter\CodeIgniter->run()
#6 D:\INHS WEBSITE\inhsDev\vendor\codeigniter4\framework\system\Commands\Server\rewrite.php(45): require_once('D:\\INHS WEBSITE...')
#7 {main}
CRITICAL - 2022-04-08 20:55:23 --> rename(upload/student_files/admission_files1646639793484DE FRANCIA JACE L 2.jpg,upload/student_files/deleted_admission_files1646639793484DE FRANCIA JACE L 2.jpg): The system cannot find the file specified. (code: 2)
#0 [internal function]: CodeIgniter\Debug\Exceptions->errorHandler(2, 'rename(upload/s...', 'D:\\INHS WEBSITE...', 868, Array)
#1 D:\INHS WEBSITE\inhsDev\app\Controllers\Application.php(868): rename('upload/student_...', 'upload/student_...')
#2 D:\INHS WEBSITE\inhsDev\vendor\codeigniter4\framework\system\CodeIgniter.php(931): App\Controllers\Application->adminDeleteFile()
#3 D:\INHS WEBSITE\inhsDev\vendor\codeigniter4\framework\system\CodeIgniter.php(439): CodeIgniter\CodeIgniter->runController(Object(App\Controllers\Application))
#4 D:\INHS WEBSITE\inhsDev\vendor\codeigniter4\framework\system\CodeIgniter.php(339): CodeIgniter\CodeIgniter->handleRequest(NULL, Object(Config\Cache), false)
#5 D:\INHS WEBSITE\inhsDev\public\index.php(36): CodeIgniter\CodeIgniter->run()
#6 D:\INHS WEBSITE\inhsDev\vendor\codeigniter4\framework\system\Commands\Server\rewrite.php(45): require_once('D:\\INHS WEBSITE...')
#7 {main}
CRITICAL - 2022-04-08 20:55:30 --> rename(upload/student_files/admission_files1646639793484DE FRANCIA JACE L 2.jpg,upload/student_files/deleted_admission_files1646639793484DE FRANCIA JACE L 2.jpg): The system cannot find the file specified. (code: 2)
#0 [internal function]: CodeIgniter\Debug\Exceptions->errorHandler(2, 'rename(upload/s...', 'D:\\INHS WEBSITE...', 868, Array)
#1 D:\INHS WEBSITE\inhsDev\app\Controllers\Application.php(868): rename('upload/student_...', 'upload/student_...')
#2 D:\INHS WEBSITE\inhsDev\vendor\codeigniter4\framework\system\CodeIgniter.php(931): App\Controllers\Application->adminDeleteFile()
#3 D:\INHS WEBSITE\inhsDev\vendor\codeigniter4\framework\system\CodeIgniter.php(439): CodeIgniter\CodeIgniter->runController(Object(App\Controllers\Application))
#4 D:\INHS WEBSITE\inhsDev\vendor\codeigniter4\framework\system\CodeIgniter.php(339): CodeIgniter\CodeIgniter->handleRequest(NULL, Object(Config\Cache), false)
#5 D:\INHS WEBSITE\inhsDev\public\index.php(36): CodeIgniter\CodeIgniter->run()
#6 D:\INHS WEBSITE\inhsDev\vendor\codeigniter4\framework\system\Commands\Server\rewrite.php(45): require_once('D:\\INHS WEBSITE...')
#7 {main}
CRITICAL - 2022-04-08 20:57:20 --> rename(upload/student_files/admission_files1646639793484DE FRANCIA JACE L 2.jpg,upload/student_files/deleted_admission_files1646639793484DE FRANCIA JACE L 2.jpg): The system cannot find the file specified. (code: 2)
#0 [internal function]: CodeIgniter\Debug\Exceptions->errorHandler(2, 'rename(upload/s...', 'D:\\INHS WEBSITE...', 868, Array)
#1 D:\INHS WEBSITE\inhsDev\app\Controllers\Application.php(868): rename('upload/student_...', 'upload/student_...')
#2 D:\INHS WEBSITE\inhsDev\vendor\codeigniter4\framework\system\CodeIgniter.php(931): App\Controllers\Application->adminDeleteFile()
#3 D:\INHS WEBSITE\inhsDev\vendor\codeigniter4\framework\system\CodeIgniter.php(439): CodeIgniter\CodeIgniter->runController(Object(App\Controllers\Application))
#4 D:\INHS WEBSITE\inhsDev\vendor\codeigniter4\framework\system\CodeIgniter.php(339): CodeIgniter\CodeIgniter->handleRequest(NULL, Object(Config\Cache), false)
#5 D:\INHS WEBSITE\inhsDev\public\index.php(36): CodeIgniter\CodeIgniter->run()
#6 D:\INHS WEBSITE\inhsDev\vendor\codeigniter4\framework\system\Commands\Server\rewrite.php(45): require_once('D:\\INHS WEBSITE...')
#7 {main}
CRITICAL - 2022-04-08 20:59:07 --> rename(1646639793484DE FRANCIA JACE L 2.jpg,upload/student_files/deleted_admission_files1646639793484DE FRANCIA JACE L 2.jpg): The system cannot find the file specified. (code: 2)
#0 [internal function]: CodeIgniter\Debug\Exceptions->errorHandler(2, 'rename(16466397...', 'D:\\INHS WEBSITE...', 868, Array)
#1 D:\INHS WEBSITE\inhsDev\app\Controllers\Application.php(868): rename('1646639793484DE...', 'upload/student_...')
#2 D:\INHS WEBSITE\inhsDev\vendor\codeigniter4\framework\system\CodeIgniter.php(931): App\Controllers\Application->adminDeleteFile()
#3 D:\INHS WEBSITE\inhsDev\vendor\codeigniter4\framework\system\CodeIgniter.php(439): CodeIgniter\CodeIgniter->runController(Object(App\Controllers\Application))
#4 D:\INHS WEBSITE\inhsDev\vendor\codeigniter4\framework\system\CodeIgniter.php(339): CodeIgniter\CodeIgniter->handleRequest(NULL, Object(Config\Cache), false)
#5 D:\INHS WEBSITE\inhsDev\public\index.php(36): CodeIgniter\CodeIgniter->run()
#6 D:\INHS WEBSITE\inhsDev\vendor\codeigniter4\framework\system\Commands\Server\rewrite.php(45): require_once('D:\\INHS WEBSITE...')
#7 {main}
CRITICAL - 2022-04-08 20:59:23 --> rename(1646639793484DE FRANCIA JACE L 2.jpg,1646639793484DE FRANCIA JACE L 2.jpg): The system cannot find the file specified. (code: 2)
#0 [internal function]: CodeIgniter\Debug\Exceptions->errorHandler(2, 'rename(16466397...', 'D:\\INHS WEBSITE...', 868, Array)
#1 D:\INHS WEBSITE\inhsDev\app\Controllers\Application.php(868): rename('1646639793484DE...', '1646639793484DE...')
#2 D:\INHS WEBSITE\inhsDev\vendor\codeigniter4\framework\system\CodeIgniter.php(931): App\Controllers\Application->adminDeleteFile()
#3 D:\INHS WEBSITE\inhsDev\vendor\codeigniter4\framework\system\CodeIgniter.php(439): CodeIgniter\CodeIgniter->runController(Object(App\Controllers\Application))
#4 D:\INHS WEBSITE\inhsDev\vendor\codeigniter4\framework\system\CodeIgniter.php(339): CodeIgniter\CodeIgniter->handleRequest(NULL, Object(Config\Cache), false)
#5 D:\INHS WEBSITE\inhsDev\public\index.php(36): CodeIgniter\CodeIgniter->run()
#6 D:\INHS WEBSITE\inhsDev\vendor\codeigniter4\framework\system\Commands\Server\rewrite.php(45): require_once('D:\\INHS WEBSITE...')
#7 {main}
CRITICAL - 2022-04-08 21:01:38 --> copy(upload/student_files/admission_files1646639793484DE FRANCIA JACE L 2.jpg): failed to open stream: No such file or directory
#0 [internal function]: CodeIgniter\Debug\Exceptions->errorHandler(2, 'copy(upload/stu...', 'D:\\INHS WEBSITE...', 868, Array)
#1 D:\INHS WEBSITE\inhsDev\app\Controllers\Application.php(868): copy('upload/student_...', 'upload/student_...')
#2 D:\INHS WEBSITE\inhsDev\vendor\codeigniter4\framework\system\CodeIgniter.php(931): App\Controllers\Application->adminDeleteFile()
#3 D:\INHS WEBSITE\inhsDev\vendor\codeigniter4\framework\system\CodeIgniter.php(439): CodeIgniter\CodeIgniter->runController(Object(App\Controllers\Application))
#4 D:\INHS WEBSITE\inhsDev\vendor\codeigniter4\framework\system\CodeIgniter.php(339): CodeIgniter\CodeIgniter->handleRequest(NULL, Object(Config\Cache), false)
#5 D:\INHS WEBSITE\inhsDev\public\index.php(36): CodeIgniter\CodeIgniter->run()
#6 D:\INHS WEBSITE\inhsDev\vendor\codeigniter4\framework\system\Commands\Server\rewrite.php(45): require_once('D:\\INHS WEBSITE...')
#7 {main}
CRITICAL - 2022-04-08 21:15:18 --> Undefined variable: app_id
#0 D:\INHS WEBSITE\inhsDev\app\Views\f_application\f_view_application\view_documents.php(206): CodeIgniter\Debug\Exceptions->errorHandler(8, 'Undefined varia...', 'D:\\INHS WEBSITE...', 206, Array)
#1 D:\INHS WEBSITE\inhsDev\vendor\codeigniter4\framework\system\View\View.php(230): include('D:\\INHS WEBSITE...')
#2 D:\INHS WEBSITE\inhsDev\vendor\codeigniter4\framework\system\View\View.php(232): CodeIgniter\View\View->CodeIgniter\View\{closure}()
#3 D:\INHS WEBSITE\inhsDev\vendor\codeigniter4\framework\system\Common.php(1250): CodeIgniter\View\View->render('f_application/f...', Array, true)
#4 D:\INHS WEBSITE\inhsDev\app\Controllers\Application.php(792): view('f_application/f...', Array)
#5 D:\INHS WEBSITE\inhsDev\vendor\codeigniter4\framework\system\CodeIgniter.php(931): App\Controllers\Application->checkApplicationFiles()
#6 D:\INHS WEBSITE\inhsDev\vendor\codeigniter4\framework\system\CodeIgniter.php(439): CodeIgniter\CodeIgniter->runController(Object(App\Controllers\Application))
#7 D:\INHS WEBSITE\inhsDev\vendor\codeigniter4\framework\system\CodeIgniter.php(339): CodeIgniter\CodeIgniter->handleRequest(NULL, Object(Config\Cache), false)
#8 D:\INHS WEBSITE\inhsDev\public\index.php(36): CodeIgniter\CodeIgniter->run()
#9 D:\INHS WEBSITE\inhsDev\vendor\codeigniter4\framework\system\Commands\Server\rewrite.php(45): require_once('D:\\INHS WEBSITE...')
#10 {main}
CRITICAL - 2022-04-08 21:17:15 --> Undefined variable: app_id
#0 D:\INHS WEBSITE\inhsDev\app\Views\f_application\f_view_application\view_documents.php(206): CodeIgniter\Debug\Exceptions->errorHandler(8, 'Undefined varia...', 'D:\\INHS WEBSITE...', 206, Array)
#1 D:\INHS WEBSITE\inhsDev\vendor\codeigniter4\framework\system\View\View.php(230): include('D:\\INHS WEBSITE...')
#2 D:\INHS WEBSITE\inhsDev\vendor\codeigniter4\framework\system\View\View.php(232): CodeIgniter\View\View->CodeIgniter\View\{closure}()
#3 D:\INHS WEBSITE\inhsDev\vendor\codeigniter4\framework\system\Common.php(1250): CodeIgniter\View\View->render('f_application/f...', Array, true)
#4 D:\INHS WEBSITE\inhsDev\app\Controllers\Application.php(792): view('f_application/f...', Array)
#5 D:\INHS WEBSITE\inhsDev\vendor\codeigniter4\framework\system\CodeIgniter.php(931): App\Controllers\Application->checkApplicationFiles()
#6 D:\INHS WEBSITE\inhsDev\vendor\codeigniter4\framework\system\CodeIgniter.php(439): CodeIgniter\CodeIgniter->runController(Object(App\Controllers\Application))
#7 D:\INHS WEBSITE\inhsDev\vendor\codeigniter4\framework\system\CodeIgniter.php(339): CodeIgniter\CodeIgniter->handleRequest(NULL, Object(Config\Cache), false)
#8 D:\INHS WEBSITE\inhsDev\public\index.php(36): CodeIgniter\CodeIgniter->run()
#9 D:\INHS WEBSITE\inhsDev\vendor\codeigniter4\framework\system\Commands\Server\rewrite.php(45): require_once('D:\\INHS WEBSITE...')
#10 {main}
CRITICAL - 2022-04-08 21:29:58 --> unlink(upload/student_files/admission_files/&lt;?// $file['filename']; ?&gt;): No error
#0 [internal function]: CodeIgniter\Debug\Exceptions->errorHandler(2, 'unlink(upload/s...', 'D:\\INHS WEBSITE...', 840, Array)
#1 D:\INHS WEBSITE\inhsDev\app\Controllers\Application.php(840): unlink('upload/student_...')
#2 D:\INHS WEBSITE\inhsDev\vendor\codeigniter4\framework\system\CodeIgniter.php(931): App\Controllers\Application->deleteUpload()
#3 D:\INHS WEBSITE\inhsDev\vendor\codeigniter4\framework\system\CodeIgniter.php(439): CodeIgniter\CodeIgniter->runController(Object(App\Controllers\Application))
#4 D:\INHS WEBSITE\inhsDev\vendor\codeigniter4\framework\system\CodeIgniter.php(339): CodeIgniter\CodeIgniter->handleRequest(NULL, Object(Config\Cache), false)
#5 D:\INHS WEBSITE\inhsDev\public\index.php(36): CodeIgniter\CodeIgniter->run()
#6 D:\INHS WEBSITE\inhsDev\vendor\codeigniter4\framework\system\Commands\Server\rewrite.php(45): require_once('D:\\INHS WEBSITE...')
#7 {main}
CRITICAL - 2022-04-08 21:35:02 --> Undefined variable: app_id
#0 D:\INHS WEBSITE\inhsDev\app\Controllers\Application.php(773): CodeIgniter\Debug\Exceptions->errorHandler(8, 'Undefined varia...', 'D:\\INHS WEBSITE...', 773, Array)
#1 D:\INHS WEBSITE\inhsDev\vendor\codeigniter4\framework\system\CodeIgniter.php(931): App\Controllers\Application->checkApplicationFiles()
#2 D:\INHS WEBSITE\inhsDev\vendor\codeigniter4\framework\system\CodeIgniter.php(439): CodeIgniter\CodeIgniter->runController(Object(App\Controllers\Application))
#3 D:\INHS WEBSITE\inhsDev\vendor\codeigniter4\framework\system\CodeIgniter.php(339): CodeIgniter\CodeIgniter->handleRequest(NULL, Object(Config\Cache), false)
#4 D:\INHS WEBSITE\inhsDev\public\index.php(36): CodeIgniter\CodeIgniter->run()
#5 D:\INHS WEBSITE\inhsDev\vendor\codeigniter4\framework\system\Commands\Server\rewrite.php(45): require_once('D:\\INHS WEBSITE...')
#6 {main}
CRITICAL - 2022-04-08 21:42:57 -->  route cannot be found while reverse-routing.
#0 D:\INHS WEBSITE\inhsDev\vendor\codeigniter4\framework\system\HTTP\RedirectResponse.php(64): CodeIgniter\HTTP\Exceptions\HTTPException::forInvalidRedirectRoute('')
#1 D:\INHS WEBSITE\inhsDev\vendor\codeigniter4\framework\system\Common.php(951): CodeIgniter\HTTP\RedirectResponse->route(false)
#2 D:\INHS WEBSITE\inhsDev\app\Controllers\Application.php(870): redirect('/admin_delete_f...', 'refresh')
#3 D:\INHS WEBSITE\inhsDev\vendor\codeigniter4\framework\system\CodeIgniter.php(931): App\Controllers\Application->adminDeleteFile()
#4 D:\INHS WEBSITE\inhsDev\vendor\codeigniter4\framework\system\CodeIgniter.php(439): CodeIgniter\CodeIgniter->runController(Object(App\Controllers\Application))
#5 D:\INHS WEBSITE\inhsDev\vendor\codeigniter4\framework\system\CodeIgniter.php(339): CodeIgniter\CodeIgniter->handleRequest(NULL, Object(Config\Cache), false)
#6 D:\INHS WEBSITE\inhsDev\public\index.php(36): CodeIgniter\CodeIgniter->run()
#7 D:\INHS WEBSITE\inhsDev\vendor\codeigniter4\framework\system\Commands\Server\rewrite.php(45): require_once('D:\\INHS WEBSITE...')
#8 {main}
CRITICAL - 2022-04-08 21:43:45 -->  route cannot be found while reverse-routing.
#0 D:\INHS WEBSITE\inhsDev\vendor\codeigniter4\framework\system\HTTP\RedirectResponse.php(64): CodeIgniter\HTTP\Exceptions\HTTPException::forInvalidRedirectRoute('')
#1 D:\INHS WEBSITE\inhsDev\vendor\codeigniter4\framework\system\Common.php(951): CodeIgniter\HTTP\RedirectResponse->route(false)
#2 D:\INHS WEBSITE\inhsDev\app\Controllers\Application.php(870): redirect('/admin_delete_f...', 'refresh')
#3 D:\INHS WEBSITE\inhsDev\vendor\codeigniter4\framework\system\CodeIgniter.php(931): App\Controllers\Application->adminDeleteFile()
#4 D:\INHS WEBSITE\inhsDev\vendor\codeigniter4\framework\system\CodeIgniter.php(439): CodeIgniter\CodeIgniter->runController(Object(App\Controllers\Application))
#5 D:\INHS WEBSITE\inhsDev\vendor\codeigniter4\framework\system\CodeIgniter.php(339): CodeIgniter\CodeIgniter->handleRequest(NULL, Object(Config\Cache), false)
#6 D:\INHS WEBSITE\inhsDev\public\index.php(36): CodeIgniter\CodeIgniter->run()
#7 D:\INHS WEBSITE\inhsDev\vendor\codeigniter4\framework\system\Commands\Server\rewrite.php(45): require_once('D:\\INHS WEBSITE...')
#8 {main}
CRITICAL - 2022-04-08 21:52:11 --> rename(upload/student_files/admission_files/,upload/student_files/deleted_admission_files/): Access is denied. (code: 5)
#0 [internal function]: CodeIgniter\Debug\Exceptions->errorHandler(2, 'rename(upload/s...', 'D:\\INHS WEBSITE...', 866, Array)
#1 D:\INHS WEBSITE\inhsDev\app\Controllers\Application.php(866): rename('upload/student_...', 'upload/student_...')
#2 D:\INHS WEBSITE\inhsDev\vendor\codeigniter4\framework\system\CodeIgniter.php(931): App\Controllers\Application->adminDeleteFile()
#3 D:\INHS WEBSITE\inhsDev\vendor\codeigniter4\framework\system\CodeIgniter.php(439): CodeIgniter\CodeIgniter->runController(Object(App\Controllers\Application))
#4 D:\INHS WEBSITE\inhsDev\vendor\codeigniter4\framework\system\CodeIgniter.php(339): CodeIgniter\CodeIgniter->handleRequest(NULL, Object(Config\Cache), false)
#5 D:\INHS WEBSITE\inhsDev\public\index.php(36): CodeIgniter\CodeIgniter->run()
#6 D:\INHS WEBSITE\inhsDev\vendor\codeigniter4\framework\system\Commands\Server\rewrite.php(45): require_once('D:\\INHS WEBSITE...')
#7 {main}
CRITICAL - 2022-04-08 21:56:45 --> rename(upload/student_files/admission_files/,upload/student_files/deleted_admission_files/): Access is denied. (code: 5)
#0 [internal function]: CodeIgniter\Debug\Exceptions->errorHandler(2, 'rename(upload/s...', 'D:\\INHS WEBSITE...', 866, Array)
#1 D:\INHS WEBSITE\inhsDev\app\Controllers\Application.php(866): rename('upload/student_...', 'upload/student_...')
#2 D:\INHS WEBSITE\inhsDev\vendor\codeigniter4\framework\system\CodeIgniter.php(931): App\Controllers\Application->adminDeleteFile()
#3 D:\INHS WEBSITE\inhsDev\vendor\codeigniter4\framework\system\CodeIgniter.php(439): CodeIgniter\CodeIgniter->runController(Object(App\Controllers\Application))
#4 D:\INHS WEBSITE\inhsDev\vendor\codeigniter4\framework\system\CodeIgniter.php(339): CodeIgniter\CodeIgniter->handleRequest(NULL, Object(Config\Cache), false)
#5 D:\INHS WEBSITE\inhsDev\public\index.php(36): CodeIgniter\CodeIgniter->run()
#6 D:\INHS WEBSITE\inhsDev\vendor\codeigniter4\framework\system\Commands\Server\rewrite.php(45): require_once('D:\\INHS WEBSITE...')
#7 {main}
CRITICAL - 2022-04-08 21:58:57 --> rename(upload/student_files/admission_files/,upload/student_files/deleted_admission_files/): Access is denied. (code: 5)
#0 [internal function]: CodeIgniter\Debug\Exceptions->errorHandler(2, 'rename(upload/s...', 'D:\\INHS WEBSITE...', 866, Array)
#1 D:\INHS WEBSITE\inhsDev\app\Controllers\Application.php(866): rename('upload/student_...', 'upload/student_...')
#2 D:\INHS WEBSITE\inhsDev\vendor\codeigniter4\framework\system\CodeIgniter.php(931): App\Controllers\Application->adminDeleteFile()
#3 D:\INHS WEBSITE\inhsDev\vendor\codeigniter4\framework\system\CodeIgniter.php(439): CodeIgniter\CodeIgniter->runController(Object(App\Controllers\Application))
#4 D:\INHS WEBSITE\inhsDev\vendor\codeigniter4\framework\system\CodeIgniter.php(339): CodeIgniter\CodeIgniter->handleRequest(NULL, Object(Config\Cache), false)
#5 D:\INHS WEBSITE\inhsDev\public\index.php(36): CodeIgniter\CodeIgniter->run()
#6 D:\INHS WEBSITE\inhsDev\vendor\codeigniter4\framework\system\Commands\Server\rewrite.php(45): require_once('D:\\INHS WEBSITE...')
#7 {main}
CRITICAL - 2022-04-08 22:00:38 --> rename(upload/student_files/admission_files/,upload/student_files/deleted_admission_files/): Access is denied. (code: 5)
#0 [internal function]: CodeIgniter\Debug\Exceptions->errorHandler(2, 'rename(upload/s...', 'D:\\INHS WEBSITE...', 866, Array)
#1 D:\INHS WEBSITE\inhsDev\app\Controllers\Application.php(866): rename('upload/student_...', 'upload/student_...')
#2 D:\INHS WEBSITE\inhsDev\vendor\codeigniter4\framework\system\CodeIgniter.php(931): App\Controllers\Application->adminDeleteFile()
#3 D:\INHS WEBSITE\inhsDev\vendor\codeigniter4\framework\system\CodeIgniter.php(439): CodeIgniter\CodeIgniter->runController(Object(App\Controllers\Application))
#4 D:\INHS WEBSITE\inhsDev\vendor\codeigniter4\framework\system\CodeIgniter.php(339): CodeIgniter\CodeIgniter->handleRequest(NULL, Object(Config\Cache), false)
#5 D:\INHS WEBSITE\inhsDev\public\index.php(36): CodeIgniter\CodeIgniter->run()
#6 D:\INHS WEBSITE\inhsDev\vendor\codeigniter4\framework\system\Commands\Server\rewrite.php(45): require_once('D:\\INHS WEBSITE...')
#7 {main}
CRITICAL - 2022-04-08 22:23:05 --> rename(upload/student_files/admission_files/,upload/student_files/deleted_admission_files/): Access is denied. (code: 5)
#0 [internal function]: CodeIgniter\Debug\Exceptions->errorHandler(2, 'rename(upload/s...', 'D:\\INHS WEBSITE...', 863, Array)
#1 D:\INHS WEBSITE\inhsDev\app\Controllers\Application.php(863): rename('upload/student_...', 'upload/student_...')
#2 D:\INHS WEBSITE\inhsDev\vendor\codeigniter4\framework\system\CodeIgniter.php(931): App\Controllers\Application->adminDeleteFile()
#3 D:\INHS WEBSITE\inhsDev\vendor\codeigniter4\framework\system\CodeIgniter.php(439): CodeIgniter\CodeIgniter->runController(Object(App\Controllers\Application))
#4 D:\INHS WEBSITE\inhsDev\vendor\codeigniter4\framework\system\CodeIgniter.php(339): CodeIgniter\CodeIgniter->handleRequest(NULL, Object(Config\Cache), false)
#5 D:\INHS WEBSITE\inhsDev\public\index.php(36): CodeIgniter\CodeIgniter->run()
#6 D:\INHS WEBSITE\inhsDev\vendor\codeigniter4\framework\system\Commands\Server\rewrite.php(45): require_once('D:\\INHS WEBSITE...')
#7 {main}
CRITICAL - 2022-04-08 22:27:32 --> rename(upload/student_files/admission_files/,upload/student_files/deleted_admission_files/): Access is denied. (code: 5)
#0 [internal function]: CodeIgniter\Debug\Exceptions->errorHandler(2, 'rename(upload/s...', 'D:\\INHS WEBSITE...', 863, Array)
#1 D:\INHS WEBSITE\inhsDev\app\Controllers\Application.php(863): rename('upload/student_...', 'upload/student_...')
#2 D:\INHS WEBSITE\inhsDev\vendor\codeigniter4\framework\system\CodeIgniter.php(931): App\Controllers\Application->adminDeleteFile()
#3 D:\INHS WEBSITE\inhsDev\vendor\codeigniter4\framework\system\CodeIgniter.php(439): CodeIgniter\CodeIgniter->runController(Object(App\Controllers\Application))
#4 D:\INHS WEBSITE\inhsDev\vendor\codeigniter4\framework\system\CodeIgniter.php(339): CodeIgniter\CodeIgniter->handleRequest(NULL, Object(Config\Cache), false)
#5 D:\INHS WEBSITE\inhsDev\public\index.php(36): CodeIgniter\CodeIgniter->run()
#6 D:\INHS WEBSITE\inhsDev\vendor\codeigniter4\framework\system\Commands\Server\rewrite.php(45): require_once('D:\\INHS WEBSITE...')
#7 {main}
