ERROR - 2023-01-07 07:38:30 --> Unknown column 'random_filename' in 'field list'
CRITICAL - 2023-01-07 07:38:30 --> Unknown column 'random_filename' in 'field list'
#0 C:\Users\yvesk\OneDrive - iloilonhs.edu.ph\Desktop\INHS WEBSITE NEW\inhs_ingetrated_github\nasyo_integrated\vendor\codeigniter4\framework\system\Database\MySQLi\Connection.php(329): mysqli->query('SELECT `random_...')
#1 C:\Users\yvesk\OneDrive - iloilonhs.edu.ph\Desktop\INHS WEBSITE NEW\inhs_ingetrated_github\nasyo_integrated\vendor\codeigniter4\framework\system\Database\BaseConnection.php(732): CodeIgniter\Database\MySQLi\Connection->execute('SELECT `random_...')
#2 C:\Users\yvesk\OneDrive - iloilonhs.edu.ph\Desktop\INHS WEBSITE NEW\inhs_ingetrated_github\nasyo_integrated\vendor\codeigniter4\framework\system\Database\BaseConnection.php(647): CodeIgniter\Database\BaseConnection->simpleQuery('SELECT `random_...')
#3 C:\Users\yvesk\OneDrive - iloilonhs.edu.ph\Desktop\INHS WEBSITE NEW\inhs_ingetrated_github\nasyo_integrated\vendor\codeigniter4\framework\system\Database\BaseBuilder.php(1881): CodeIgniter\Database\BaseConnection->query('SELECT `random_...', Array, false)
#4 C:\Users\yvesk\OneDrive - iloilonhs.edu.ph\Desktop\INHS WEBSITE NEW\inhs_ingetrated_github\nasyo_integrated\vendor\codeigniter4\framework\system\Model.php(228): CodeIgniter\Database\BaseBuilder->get()
#5 C:\Users\yvesk\OneDrive - iloilonhs.edu.ph\Desktop\INHS WEBSITE NEW\inhs_ingetrated_github\nasyo_integrated\vendor\codeigniter4\framework\system\BaseModel.php(644): CodeIgniter\Model->doFirst()
#6 C:\Users\yvesk\OneDrive - iloilonhs.edu.ph\Desktop\INHS WEBSITE NEW\inhs_ingetrated_github\nasyo_integrated\app\Controllers\ApplicantProfile.php(51): CodeIgniter\BaseModel->first()
#7 C:\Users\yvesk\OneDrive - iloilonhs.edu.ph\Desktop\INHS WEBSITE NEW\inhs_ingetrated_github\nasyo_integrated\vendor\codeigniter4\framework\system\CodeIgniter.php(931): App\Controllers\ApplicantProfile->index()
#8 C:\Users\yvesk\OneDrive - iloilonhs.edu.ph\Desktop\INHS WEBSITE NEW\inhs_ingetrated_github\nasyo_integrated\vendor\codeigniter4\framework\system\CodeIgniter.php(439): CodeIgniter\CodeIgniter->runController(Object(App\Controllers\ApplicantProfile))
#9 C:\Users\yvesk\OneDrive - iloilonhs.edu.ph\Desktop\INHS WEBSITE NEW\inhs_ingetrated_github\nasyo_integrated\vendor\codeigniter4\framework\system\CodeIgniter.php(339): CodeIgniter\CodeIgniter->handleRequest(NULL, Object(Config\Cache), false)
#10 C:\Users\yvesk\OneDrive - iloilonhs.edu.ph\Desktop\INHS WEBSITE NEW\inhs_ingetrated_github\nasyo_integrated\public\index.php(36): CodeIgniter\CodeIgniter->run()
#11 C:\Users\yvesk\OneDrive - iloilonhs.edu.ph\Desktop\INHS WEBSITE NEW\inhs_ingetrated_github\nasyo_integrated\vendor\codeigniter4\framework\system\Commands\Server\rewrite.php(45): require_once('C:\\Users\\yvesk\\...')
#12 {main}
CRITICAL - 2023-01-07 08:22:24 --> Array to string conversion
#0 C:\Users\yvesk\OneDrive - iloilonhs.edu.ph\Desktop\INHS WEBSITE NEW\inhs_ingetrated_github\nasyo_integrated\app\Views\f_application\index.php(93): CodeIgniter\Debug\Exceptions->errorHandler(8, 'Array to string...', 'C:\\Users\\yvesk\\...', 93, Array)
#1 C:\Users\yvesk\OneDrive - iloilonhs.edu.ph\Desktop\INHS WEBSITE NEW\inhs_ingetrated_github\nasyo_integrated\vendor\codeigniter4\framework\system\View\View.php(230): include('C:\\Users\\yvesk\\...')
#2 C:\Users\yvesk\OneDrive - iloilonhs.edu.ph\Desktop\INHS WEBSITE NEW\inhs_ingetrated_github\nasyo_integrated\vendor\codeigniter4\framework\system\View\View.php(232): CodeIgniter\View\View->CodeIgniter\View\{closure}()
#3 C:\Users\yvesk\OneDrive - iloilonhs.edu.ph\Desktop\INHS WEBSITE NEW\inhs_ingetrated_github\nasyo_integrated\vendor\codeigniter4\framework\system\Common.php(1250): CodeIgniter\View\View->render('f_application/i...', Array, true)
#4 C:\Users\yvesk\OneDrive - iloilonhs.edu.ph\Desktop\INHS WEBSITE NEW\inhs_ingetrated_github\nasyo_integrated\app\Controllers\ApplicantProfile.php(62): view('f_application/i...', Array)
#5 C:\Users\yvesk\OneDrive - iloilonhs.edu.ph\Desktop\INHS WEBSITE NEW\inhs_ingetrated_github\nasyo_integrated\vendor\codeigniter4\framework\system\CodeIgniter.php(931): App\Controllers\ApplicantProfile->index()
#6 C:\Users\yvesk\OneDrive - iloilonhs.edu.ph\Desktop\INHS WEBSITE NEW\inhs_ingetrated_github\nasyo_integrated\vendor\codeigniter4\framework\system\CodeIgniter.php(439): CodeIgniter\CodeIgniter->runController(Object(App\Controllers\ApplicantProfile))
#7 C:\Users\yvesk\OneDrive - iloilonhs.edu.ph\Desktop\INHS WEBSITE NEW\inhs_ingetrated_github\nasyo_integrated\vendor\codeigniter4\framework\system\CodeIgniter.php(339): CodeIgniter\CodeIgniter->handleRequest(NULL, Object(Config\Cache), false)
#8 C:\Users\yvesk\OneDrive - iloilonhs.edu.ph\Desktop\INHS WEBSITE NEW\inhs_ingetrated_github\nasyo_integrated\public\index.php(36): CodeIgniter\CodeIgniter->run()
#9 C:\Users\yvesk\OneDrive - iloilonhs.edu.ph\Desktop\INHS WEBSITE NEW\inhs_ingetrated_github\nasyo_integrated\vendor\codeigniter4\framework\system\Commands\Server\rewrite.php(45): require_once('C:\\Users\\yvesk\\...')
#10 {main}
CRITICAL - 2023-01-07 08:25:49 --> Array to string conversion
#0 C:\Users\yvesk\OneDrive - iloilonhs.edu.ph\Desktop\INHS WEBSITE NEW\inhs_ingetrated_github\nasyo_integrated\app\Views\f_application\index.php(93): CodeIgniter\Debug\Exceptions->errorHandler(8, 'Array to string...', 'C:\\Users\\yvesk\\...', 93, Array)
#1 C:\Users\yvesk\OneDrive - iloilonhs.edu.ph\Desktop\INHS WEBSITE NEW\inhs_ingetrated_github\nasyo_integrated\vendor\codeigniter4\framework\system\View\View.php(230): include('C:\\Users\\yvesk\\...')
#2 C:\Users\yvesk\OneDrive - iloilonhs.edu.ph\Desktop\INHS WEBSITE NEW\inhs_ingetrated_github\nasyo_integrated\vendor\codeigniter4\framework\system\View\View.php(232): CodeIgniter\View\View->CodeIgniter\View\{closure}()
#3 C:\Users\yvesk\OneDrive - iloilonhs.edu.ph\Desktop\INHS WEBSITE NEW\inhs_ingetrated_github\nasyo_integrated\vendor\codeigniter4\framework\system\Common.php(1250): CodeIgniter\View\View->render('f_application/i...', Array, true)
#4 C:\Users\yvesk\OneDrive - iloilonhs.edu.ph\Desktop\INHS WEBSITE NEW\inhs_ingetrated_github\nasyo_integrated\app\Controllers\ApplicantProfile.php(62): view('f_application/i...', Array)
#5 C:\Users\yvesk\OneDrive - iloilonhs.edu.ph\Desktop\INHS WEBSITE NEW\inhs_ingetrated_github\nasyo_integrated\vendor\codeigniter4\framework\system\CodeIgniter.php(931): App\Controllers\ApplicantProfile->index()
#6 C:\Users\yvesk\OneDrive - iloilonhs.edu.ph\Desktop\INHS WEBSITE NEW\inhs_ingetrated_github\nasyo_integrated\vendor\codeigniter4\framework\system\CodeIgniter.php(439): CodeIgniter\CodeIgniter->runController(Object(App\Controllers\ApplicantProfile))
#7 C:\Users\yvesk\OneDrive - iloilonhs.edu.ph\Desktop\INHS WEBSITE NEW\inhs_ingetrated_github\nasyo_integrated\vendor\codeigniter4\framework\system\CodeIgniter.php(339): CodeIgniter\CodeIgniter->handleRequest(NULL, Object(Config\Cache), false)
#8 C:\Users\yvesk\OneDrive - iloilonhs.edu.ph\Desktop\INHS WEBSITE NEW\inhs_ingetrated_github\nasyo_integrated\public\index.php(36): CodeIgniter\CodeIgniter->run()
#9 C:\Users\yvesk\OneDrive - iloilonhs.edu.ph\Desktop\INHS WEBSITE NEW\inhs_ingetrated_github\nasyo_integrated\vendor\codeigniter4\framework\system\Commands\Server\rewrite.php(45): require_once('C:\\Users\\yvesk\\...')
#10 {main}
CRITICAL - 2023-01-07 08:39:19 --> Array to string conversion
#0 C:\Users\yvesk\OneDrive - iloilonhs.edu.ph\Desktop\INHS WEBSITE NEW\inhs_ingetrated_github\nasyo_integrated\app\Views\f_application\index.php(93): CodeIgniter\Debug\Exceptions->errorHandler(8, 'Array to string...', 'C:\\Users\\yvesk\\...', 93, Array)
#1 C:\Users\yvesk\OneDrive - iloilonhs.edu.ph\Desktop\INHS WEBSITE NEW\inhs_ingetrated_github\nasyo_integrated\vendor\codeigniter4\framework\system\View\View.php(230): include('C:\\Users\\yvesk\\...')
#2 C:\Users\yvesk\OneDrive - iloilonhs.edu.ph\Desktop\INHS WEBSITE NEW\inhs_ingetrated_github\nasyo_integrated\vendor\codeigniter4\framework\system\View\View.php(232): CodeIgniter\View\View->CodeIgniter\View\{closure}()
#3 C:\Users\yvesk\OneDrive - iloilonhs.edu.ph\Desktop\INHS WEBSITE NEW\inhs_ingetrated_github\nasyo_integrated\vendor\codeigniter4\framework\system\Common.php(1250): CodeIgniter\View\View->render('f_application/i...', Array, true)
#4 C:\Users\yvesk\OneDrive - iloilonhs.edu.ph\Desktop\INHS WEBSITE NEW\inhs_ingetrated_github\nasyo_integrated\app\Controllers\ApplicantProfile.php(62): view('f_application/i...', Array)
#5 C:\Users\yvesk\OneDrive - iloilonhs.edu.ph\Desktop\INHS WEBSITE NEW\inhs_ingetrated_github\nasyo_integrated\vendor\codeigniter4\framework\system\CodeIgniter.php(931): App\Controllers\ApplicantProfile->index()
#6 C:\Users\yvesk\OneDrive - iloilonhs.edu.ph\Desktop\INHS WEBSITE NEW\inhs_ingetrated_github\nasyo_integrated\vendor\codeigniter4\framework\system\CodeIgniter.php(439): CodeIgniter\CodeIgniter->runController(Object(App\Controllers\ApplicantProfile))
#7 C:\Users\yvesk\OneDrive - iloilonhs.edu.ph\Desktop\INHS WEBSITE NEW\inhs_ingetrated_github\nasyo_integrated\vendor\codeigniter4\framework\system\CodeIgniter.php(339): CodeIgniter\CodeIgniter->handleRequest(NULL, Object(Config\Cache), false)
#8 C:\Users\yvesk\OneDrive - iloilonhs.edu.ph\Desktop\INHS WEBSITE NEW\inhs_ingetrated_github\nasyo_integrated\public\index.php(36): CodeIgniter\CodeIgniter->run()
#9 C:\Users\yvesk\OneDrive - iloilonhs.edu.ph\Desktop\INHS WEBSITE NEW\inhs_ingetrated_github\nasyo_integrated\vendor\codeigniter4\framework\system\Commands\Server\rewrite.php(45): require_once('C:\\Users\\yvesk\\...')
#10 {main}
CRITICAL - 2023-01-07 08:39:30 --> Array to string conversion
#0 C:\Users\yvesk\OneDrive - iloilonhs.edu.ph\Desktop\INHS WEBSITE NEW\inhs_ingetrated_github\nasyo_integrated\app\Views\f_application\index.php(93): CodeIgniter\Debug\Exceptions->errorHandler(8, 'Array to string...', 'C:\\Users\\yvesk\\...', 93, Array)
#1 C:\Users\yvesk\OneDrive - iloilonhs.edu.ph\Desktop\INHS WEBSITE NEW\inhs_ingetrated_github\nasyo_integrated\vendor\codeigniter4\framework\system\View\View.php(230): include('C:\\Users\\yvesk\\...')
#2 C:\Users\yvesk\OneDrive - iloilonhs.edu.ph\Desktop\INHS WEBSITE NEW\inhs_ingetrated_github\nasyo_integrated\vendor\codeigniter4\framework\system\View\View.php(232): CodeIgniter\View\View->CodeIgniter\View\{closure}()
#3 C:\Users\yvesk\OneDrive - iloilonhs.edu.ph\Desktop\INHS WEBSITE NEW\inhs_ingetrated_github\nasyo_integrated\vendor\codeigniter4\framework\system\Common.php(1250): CodeIgniter\View\View->render('f_application/i...', Array, true)
#4 C:\Users\yvesk\OneDrive - iloilonhs.edu.ph\Desktop\INHS WEBSITE NEW\inhs_ingetrated_github\nasyo_integrated\app\Controllers\ApplicantProfile.php(62): view('f_application/i...', Array)
#5 C:\Users\yvesk\OneDrive - iloilonhs.edu.ph\Desktop\INHS WEBSITE NEW\inhs_ingetrated_github\nasyo_integrated\vendor\codeigniter4\framework\system\CodeIgniter.php(931): App\Controllers\ApplicantProfile->index()
#6 C:\Users\yvesk\OneDrive - iloilonhs.edu.ph\Desktop\INHS WEBSITE NEW\inhs_ingetrated_github\nasyo_integrated\vendor\codeigniter4\framework\system\CodeIgniter.php(439): CodeIgniter\CodeIgniter->runController(Object(App\Controllers\ApplicantProfile))
#7 C:\Users\yvesk\OneDrive - iloilonhs.edu.ph\Desktop\INHS WEBSITE NEW\inhs_ingetrated_github\nasyo_integrated\vendor\codeigniter4\framework\system\CodeIgniter.php(339): CodeIgniter\CodeIgniter->handleRequest(NULL, Object(Config\Cache), false)
#8 C:\Users\yvesk\OneDrive - iloilonhs.edu.ph\Desktop\INHS WEBSITE NEW\inhs_ingetrated_github\nasyo_integrated\public\index.php(36): CodeIgniter\CodeIgniter->run()
#9 C:\Users\yvesk\OneDrive - iloilonhs.edu.ph\Desktop\INHS WEBSITE NEW\inhs_ingetrated_github\nasyo_integrated\vendor\codeigniter4\framework\system\Commands\Server\rewrite.php(45): require_once('C:\\Users\\yvesk\\...')
#10 {main}
CRITICAL - 2023-01-07 08:39:42 --> Array to string conversion
#0 C:\Users\yvesk\OneDrive - iloilonhs.edu.ph\Desktop\INHS WEBSITE NEW\inhs_ingetrated_github\nasyo_integrated\app\Views\f_application\index.php(93): CodeIgniter\Debug\Exceptions->errorHandler(8, 'Array to string...', 'C:\\Users\\yvesk\\...', 93, Array)
#1 C:\Users\yvesk\OneDrive - iloilonhs.edu.ph\Desktop\INHS WEBSITE NEW\inhs_ingetrated_github\nasyo_integrated\vendor\codeigniter4\framework\system\View\View.php(230): include('C:\\Users\\yvesk\\...')
#2 C:\Users\yvesk\OneDrive - iloilonhs.edu.ph\Desktop\INHS WEBSITE NEW\inhs_ingetrated_github\nasyo_integrated\vendor\codeigniter4\framework\system\View\View.php(232): CodeIgniter\View\View->CodeIgniter\View\{closure}()
#3 C:\Users\yvesk\OneDrive - iloilonhs.edu.ph\Desktop\INHS WEBSITE NEW\inhs_ingetrated_github\nasyo_integrated\vendor\codeigniter4\framework\system\Common.php(1250): CodeIgniter\View\View->render('f_application/i...', Array, true)
#4 C:\Users\yvesk\OneDrive - iloilonhs.edu.ph\Desktop\INHS WEBSITE NEW\inhs_ingetrated_github\nasyo_integrated\app\Controllers\ApplicantProfile.php(62): view('f_application/i...', Array)
#5 C:\Users\yvesk\OneDrive - iloilonhs.edu.ph\Desktop\INHS WEBSITE NEW\inhs_ingetrated_github\nasyo_integrated\vendor\codeigniter4\framework\system\CodeIgniter.php(931): App\Controllers\ApplicantProfile->index()
#6 C:\Users\yvesk\OneDrive - iloilonhs.edu.ph\Desktop\INHS WEBSITE NEW\inhs_ingetrated_github\nasyo_integrated\vendor\codeigniter4\framework\system\CodeIgniter.php(439): CodeIgniter\CodeIgniter->runController(Object(App\Controllers\ApplicantProfile))
#7 C:\Users\yvesk\OneDrive - iloilonhs.edu.ph\Desktop\INHS WEBSITE NEW\inhs_ingetrated_github\nasyo_integrated\vendor\codeigniter4\framework\system\CodeIgniter.php(339): CodeIgniter\CodeIgniter->handleRequest(NULL, Object(Config\Cache), false)
#8 C:\Users\yvesk\OneDrive - iloilonhs.edu.ph\Desktop\INHS WEBSITE NEW\inhs_ingetrated_github\nasyo_integrated\public\index.php(36): CodeIgniter\CodeIgniter->run()
#9 C:\Users\yvesk\OneDrive - iloilonhs.edu.ph\Desktop\INHS WEBSITE NEW\inhs_ingetrated_github\nasyo_integrated\vendor\codeigniter4\framework\system\Commands\Server\rewrite.php(45): require_once('C:\\Users\\yvesk\\...')
#10 {main}
CRITICAL - 2023-01-07 18:08:07 --> Array to string conversion
#0 C:\Users\yvesk\OneDrive - iloilonhs.edu.ph\Desktop\INHS WEBSITE NEW\inhs_ingetrated_github\nasyo_integrated\app\Views\f_application\index.php(93): CodeIgniter\Debug\Exceptions->errorHandler(8, 'Array to string...', 'C:\\Users\\yvesk\\...', 93, Array)
#1 C:\Users\yvesk\OneDrive - iloilonhs.edu.ph\Desktop\INHS WEBSITE NEW\inhs_ingetrated_github\nasyo_integrated\vendor\codeigniter4\framework\system\View\View.php(230): include('C:\\Users\\yvesk\\...')
#2 C:\Users\yvesk\OneDrive - iloilonhs.edu.ph\Desktop\INHS WEBSITE NEW\inhs_ingetrated_github\nasyo_integrated\vendor\codeigniter4\framework\system\View\View.php(232): CodeIgniter\View\View->CodeIgniter\View\{closure}()
#3 C:\Users\yvesk\OneDrive - iloilonhs.edu.ph\Desktop\INHS WEBSITE NEW\inhs_ingetrated_github\nasyo_integrated\vendor\codeigniter4\framework\system\Common.php(1250): CodeIgniter\View\View->render('f_application/i...', Array, true)
#4 C:\Users\yvesk\OneDrive - iloilonhs.edu.ph\Desktop\INHS WEBSITE NEW\inhs_ingetrated_github\nasyo_integrated\app\Controllers\ApplicantProfile.php(62): view('f_application/i...', Array)
#5 C:\Users\yvesk\OneDrive - iloilonhs.edu.ph\Desktop\INHS WEBSITE NEW\inhs_ingetrated_github\nasyo_integrated\vendor\codeigniter4\framework\system\CodeIgniter.php(931): App\Controllers\ApplicantProfile->index()
#6 C:\Users\yvesk\OneDrive - iloilonhs.edu.ph\Desktop\INHS WEBSITE NEW\inhs_ingetrated_github\nasyo_integrated\vendor\codeigniter4\framework\system\CodeIgniter.php(439): CodeIgniter\CodeIgniter->runController(Object(App\Controllers\ApplicantProfile))
#7 C:\Users\yvesk\OneDrive - iloilonhs.edu.ph\Desktop\INHS WEBSITE NEW\inhs_ingetrated_github\nasyo_integrated\vendor\codeigniter4\framework\system\CodeIgniter.php(339): CodeIgniter\CodeIgniter->handleRequest(NULL, Object(Config\Cache), false)
#8 C:\Users\yvesk\OneDrive - iloilonhs.edu.ph\Desktop\INHS WEBSITE NEW\inhs_ingetrated_github\nasyo_integrated\public\index.php(36): CodeIgniter\CodeIgniter->run()
#9 C:\Users\yvesk\OneDrive - iloilonhs.edu.ph\Desktop\INHS WEBSITE NEW\inhs_ingetrated_github\nasyo_integrated\vendor\codeigniter4\framework\system\Commands\Server\rewrite.php(45): require_once('C:\\Users\\yvesk\\...')
#10 {main}
CRITICAL - 2023-01-07 18:08:23 --> Array to string conversion
#0 C:\Users\yvesk\OneDrive - iloilonhs.edu.ph\Desktop\INHS WEBSITE NEW\inhs_ingetrated_github\nasyo_integrated\app\Views\f_application\index.php(93): CodeIgniter\Debug\Exceptions->errorHandler(8, 'Array to string...', 'C:\\Users\\yvesk\\...', 93, Array)
#1 C:\Users\yvesk\OneDrive - iloilonhs.edu.ph\Desktop\INHS WEBSITE NEW\inhs_ingetrated_github\nasyo_integrated\vendor\codeigniter4\framework\system\View\View.php(230): include('C:\\Users\\yvesk\\...')
#2 C:\Users\yvesk\OneDrive - iloilonhs.edu.ph\Desktop\INHS WEBSITE NEW\inhs_ingetrated_github\nasyo_integrated\vendor\codeigniter4\framework\system\View\View.php(232): CodeIgniter\View\View->CodeIgniter\View\{closure}()
#3 C:\Users\yvesk\OneDrive - iloilonhs.edu.ph\Desktop\INHS WEBSITE NEW\inhs_ingetrated_github\nasyo_integrated\vendor\codeigniter4\framework\system\Common.php(1250): CodeIgniter\View\View->render('f_application/i...', Array, true)
#4 C:\Users\yvesk\OneDrive - iloilonhs.edu.ph\Desktop\INHS WEBSITE NEW\inhs_ingetrated_github\nasyo_integrated\app\Controllers\ApplicantProfile.php(62): view('f_application/i...', Array)
#5 C:\Users\yvesk\OneDrive - iloilonhs.edu.ph\Desktop\INHS WEBSITE NEW\inhs_ingetrated_github\nasyo_integrated\vendor\codeigniter4\framework\system\CodeIgniter.php(931): App\Controllers\ApplicantProfile->index()
#6 C:\Users\yvesk\OneDrive - iloilonhs.edu.ph\Desktop\INHS WEBSITE NEW\inhs_ingetrated_github\nasyo_integrated\vendor\codeigniter4\framework\system\CodeIgniter.php(439): CodeIgniter\CodeIgniter->runController(Object(App\Controllers\ApplicantProfile))
#7 C:\Users\yvesk\OneDrive - iloilonhs.edu.ph\Desktop\INHS WEBSITE NEW\inhs_ingetrated_github\nasyo_integrated\vendor\codeigniter4\framework\system\CodeIgniter.php(339): CodeIgniter\CodeIgniter->handleRequest(NULL, Object(Config\Cache), false)
#8 C:\Users\yvesk\OneDrive - iloilonhs.edu.ph\Desktop\INHS WEBSITE NEW\inhs_ingetrated_github\nasyo_integrated\public\index.php(36): CodeIgniter\CodeIgniter->run()
#9 C:\Users\yvesk\OneDrive - iloilonhs.edu.ph\Desktop\INHS WEBSITE NEW\inhs_ingetrated_github\nasyo_integrated\vendor\codeigniter4\framework\system\Commands\Server\rewrite.php(45): require_once('C:\\Users\\yvesk\\...')
#10 {main}
CRITICAL - 2023-01-07 18:12:35 --> Array to string conversion
#0 C:\Users\yvesk\OneDrive - iloilonhs.edu.ph\Desktop\INHS WEBSITE NEW\inhs_ingetrated_github\nasyo_integrated\app\Views\f_application\index.php(93): CodeIgniter\Debug\Exceptions->errorHandler(8, 'Array to string...', 'C:\\Users\\yvesk\\...', 93, Array)
#1 C:\Users\yvesk\OneDrive - iloilonhs.edu.ph\Desktop\INHS WEBSITE NEW\inhs_ingetrated_github\nasyo_integrated\vendor\codeigniter4\framework\system\View\View.php(230): include('C:\\Users\\yvesk\\...')
#2 C:\Users\yvesk\OneDrive - iloilonhs.edu.ph\Desktop\INHS WEBSITE NEW\inhs_ingetrated_github\nasyo_integrated\vendor\codeigniter4\framework\system\View\View.php(232): CodeIgniter\View\View->CodeIgniter\View\{closure}()
#3 C:\Users\yvesk\OneDrive - iloilonhs.edu.ph\Desktop\INHS WEBSITE NEW\inhs_ingetrated_github\nasyo_integrated\vendor\codeigniter4\framework\system\Common.php(1250): CodeIgniter\View\View->render('f_application/i...', Array, true)
#4 C:\Users\yvesk\OneDrive - iloilonhs.edu.ph\Desktop\INHS WEBSITE NEW\inhs_ingetrated_github\nasyo_integrated\app\Controllers\ApplicantProfile.php(62): view('f_application/i...', Array)
#5 C:\Users\yvesk\OneDrive - iloilonhs.edu.ph\Desktop\INHS WEBSITE NEW\inhs_ingetrated_github\nasyo_integrated\vendor\codeigniter4\framework\system\CodeIgniter.php(931): App\Controllers\ApplicantProfile->index()
#6 C:\Users\yvesk\OneDrive - iloilonhs.edu.ph\Desktop\INHS WEBSITE NEW\inhs_ingetrated_github\nasyo_integrated\vendor\codeigniter4\framework\system\CodeIgniter.php(439): CodeIgniter\CodeIgniter->runController(Object(App\Controllers\ApplicantProfile))
#7 C:\Users\yvesk\OneDrive - iloilonhs.edu.ph\Desktop\INHS WEBSITE NEW\inhs_ingetrated_github\nasyo_integrated\vendor\codeigniter4\framework\system\CodeIgniter.php(339): CodeIgniter\CodeIgniter->handleRequest(NULL, Object(Config\Cache), false)
#8 C:\Users\yvesk\OneDrive - iloilonhs.edu.ph\Desktop\INHS WEBSITE NEW\inhs_ingetrated_github\nasyo_integrated\public\index.php(36): CodeIgniter\CodeIgniter->run()
#9 C:\Users\yvesk\OneDrive - iloilonhs.edu.ph\Desktop\INHS WEBSITE NEW\inhs_ingetrated_github\nasyo_integrated\vendor\codeigniter4\framework\system\Commands\Server\rewrite.php(45): require_once('C:\\Users\\yvesk\\...')
#10 {main}
CRITICAL - 2023-01-07 18:14:13 --> Array to string conversion
#0 C:\Users\yvesk\OneDrive - iloilonhs.edu.ph\Desktop\INHS WEBSITE NEW\inhs_ingetrated_github\nasyo_integrated\app\Views\f_application\index.php(93): CodeIgniter\Debug\Exceptions->errorHandler(8, 'Array to string...', 'C:\\Users\\yvesk\\...', 93, Array)
#1 C:\Users\yvesk\OneDrive - iloilonhs.edu.ph\Desktop\INHS WEBSITE NEW\inhs_ingetrated_github\nasyo_integrated\vendor\codeigniter4\framework\system\View\View.php(230): include('C:\\Users\\yvesk\\...')
#2 C:\Users\yvesk\OneDrive - iloilonhs.edu.ph\Desktop\INHS WEBSITE NEW\inhs_ingetrated_github\nasyo_integrated\vendor\codeigniter4\framework\system\View\View.php(232): CodeIgniter\View\View->CodeIgniter\View\{closure}()
#3 C:\Users\yvesk\OneDrive - iloilonhs.edu.ph\Desktop\INHS WEBSITE NEW\inhs_ingetrated_github\nasyo_integrated\vendor\codeigniter4\framework\system\Common.php(1250): CodeIgniter\View\View->render('f_application/i...', Array, true)
#4 C:\Users\yvesk\OneDrive - iloilonhs.edu.ph\Desktop\INHS WEBSITE NEW\inhs_ingetrated_github\nasyo_integrated\app\Controllers\ApplicantProfile.php(62): view('f_application/i...', Array)
#5 C:\Users\yvesk\OneDrive - iloilonhs.edu.ph\Desktop\INHS WEBSITE NEW\inhs_ingetrated_github\nasyo_integrated\vendor\codeigniter4\framework\system\CodeIgniter.php(931): App\Controllers\ApplicantProfile->index()
#6 C:\Users\yvesk\OneDrive - iloilonhs.edu.ph\Desktop\INHS WEBSITE NEW\inhs_ingetrated_github\nasyo_integrated\vendor\codeigniter4\framework\system\CodeIgniter.php(439): CodeIgniter\CodeIgniter->runController(Object(App\Controllers\ApplicantProfile))
#7 C:\Users\yvesk\OneDrive - iloilonhs.edu.ph\Desktop\INHS WEBSITE NEW\inhs_ingetrated_github\nasyo_integrated\vendor\codeigniter4\framework\system\CodeIgniter.php(339): CodeIgniter\CodeIgniter->handleRequest(NULL, Object(Config\Cache), false)
#8 C:\Users\yvesk\OneDrive - iloilonhs.edu.ph\Desktop\INHS WEBSITE NEW\inhs_ingetrated_github\nasyo_integrated\public\index.php(36): CodeIgniter\CodeIgniter->run()
#9 C:\Users\yvesk\OneDrive - iloilonhs.edu.ph\Desktop\INHS WEBSITE NEW\inhs_ingetrated_github\nasyo_integrated\vendor\codeigniter4\framework\system\Commands\Server\rewrite.php(45): require_once('C:\\Users\\yvesk\\...')
#10 {main}
CRITICAL - 2023-01-07 18:41:37 --> Array to string conversion
#0 C:\Users\yvesk\OneDrive - iloilonhs.edu.ph\Desktop\INHS WEBSITE NEW\inhs_ingetrated_github\nasyo_integrated\app\Views\f_application\index.php(93): CodeIgniter\Debug\Exceptions->errorHandler(8, 'Array to string...', 'C:\\Users\\yvesk\\...', 93, Array)
#1 C:\Users\yvesk\OneDrive - iloilonhs.edu.ph\Desktop\INHS WEBSITE NEW\inhs_ingetrated_github\nasyo_integrated\vendor\codeigniter4\framework\system\View\View.php(230): include('C:\\Users\\yvesk\\...')
#2 C:\Users\yvesk\OneDrive - iloilonhs.edu.ph\Desktop\INHS WEBSITE NEW\inhs_ingetrated_github\nasyo_integrated\vendor\codeigniter4\framework\system\View\View.php(232): CodeIgniter\View\View->CodeIgniter\View\{closure}()
#3 C:\Users\yvesk\OneDrive - iloilonhs.edu.ph\Desktop\INHS WEBSITE NEW\inhs_ingetrated_github\nasyo_integrated\vendor\codeigniter4\framework\system\Common.php(1250): CodeIgniter\View\View->render('f_application/i...', Array, true)
#4 C:\Users\yvesk\OneDrive - iloilonhs.edu.ph\Desktop\INHS WEBSITE NEW\inhs_ingetrated_github\nasyo_integrated\app\Controllers\ApplicantProfile.php(66): view('f_application/i...', Array)
#5 C:\Users\yvesk\OneDrive - iloilonhs.edu.ph\Desktop\INHS WEBSITE NEW\inhs_ingetrated_github\nasyo_integrated\vendor\codeigniter4\framework\system\CodeIgniter.php(931): App\Controllers\ApplicantProfile->index()
#6 C:\Users\yvesk\OneDrive - iloilonhs.edu.ph\Desktop\INHS WEBSITE NEW\inhs_ingetrated_github\nasyo_integrated\vendor\codeigniter4\framework\system\CodeIgniter.php(439): CodeIgniter\CodeIgniter->runController(Object(App\Controllers\ApplicantProfile))
#7 C:\Users\yvesk\OneDrive - iloilonhs.edu.ph\Desktop\INHS WEBSITE NEW\inhs_ingetrated_github\nasyo_integrated\vendor\codeigniter4\framework\system\CodeIgniter.php(339): CodeIgniter\CodeIgniter->handleRequest(NULL, Object(Config\Cache), false)
#8 C:\Users\yvesk\OneDrive - iloilonhs.edu.ph\Desktop\INHS WEBSITE NEW\inhs_ingetrated_github\nasyo_integrated\public\index.php(36): CodeIgniter\CodeIgniter->run()
#9 C:\Users\yvesk\OneDrive - iloilonhs.edu.ph\Desktop\INHS WEBSITE NEW\inhs_ingetrated_github\nasyo_integrated\vendor\codeigniter4\framework\system\Commands\Server\rewrite.php(45): require_once('C:\\Users\\yvesk\\...')
#10 {main}
CRITICAL - 2023-01-07 18:42:19 --> Array to string conversion
#0 C:\Users\yvesk\OneDrive - iloilonhs.edu.ph\Desktop\INHS WEBSITE NEW\inhs_ingetrated_github\nasyo_integrated\app\Views\f_application\index.php(93): CodeIgniter\Debug\Exceptions->errorHandler(8, 'Array to string...', 'C:\\Users\\yvesk\\...', 93, Array)
#1 C:\Users\yvesk\OneDrive - iloilonhs.edu.ph\Desktop\INHS WEBSITE NEW\inhs_ingetrated_github\nasyo_integrated\vendor\codeigniter4\framework\system\View\View.php(230): include('C:\\Users\\yvesk\\...')
#2 C:\Users\yvesk\OneDrive - iloilonhs.edu.ph\Desktop\INHS WEBSITE NEW\inhs_ingetrated_github\nasyo_integrated\vendor\codeigniter4\framework\system\View\View.php(232): CodeIgniter\View\View->CodeIgniter\View\{closure}()
#3 C:\Users\yvesk\OneDrive - iloilonhs.edu.ph\Desktop\INHS WEBSITE NEW\inhs_ingetrated_github\nasyo_integrated\vendor\codeigniter4\framework\system\Common.php(1250): CodeIgniter\View\View->render('f_application/i...', Array, true)
#4 C:\Users\yvesk\OneDrive - iloilonhs.edu.ph\Desktop\INHS WEBSITE NEW\inhs_ingetrated_github\nasyo_integrated\app\Controllers\ApplicantProfile.php(66): view('f_application/i...', Array)
#5 C:\Users\yvesk\OneDrive - iloilonhs.edu.ph\Desktop\INHS WEBSITE NEW\inhs_ingetrated_github\nasyo_integrated\vendor\codeigniter4\framework\system\CodeIgniter.php(931): App\Controllers\ApplicantProfile->index()
#6 C:\Users\yvesk\OneDrive - iloilonhs.edu.ph\Desktop\INHS WEBSITE NEW\inhs_ingetrated_github\nasyo_integrated\vendor\codeigniter4\framework\system\CodeIgniter.php(439): CodeIgniter\CodeIgniter->runController(Object(App\Controllers\ApplicantProfile))
#7 C:\Users\yvesk\OneDrive - iloilonhs.edu.ph\Desktop\INHS WEBSITE NEW\inhs_ingetrated_github\nasyo_integrated\vendor\codeigniter4\framework\system\CodeIgniter.php(339): CodeIgniter\CodeIgniter->handleRequest(NULL, Object(Config\Cache), false)
#8 C:\Users\yvesk\OneDrive - iloilonhs.edu.ph\Desktop\INHS WEBSITE NEW\inhs_ingetrated_github\nasyo_integrated\public\index.php(36): CodeIgniter\CodeIgniter->run()
#9 C:\Users\yvesk\OneDrive - iloilonhs.edu.ph\Desktop\INHS WEBSITE NEW\inhs_ingetrated_github\nasyo_integrated\vendor\codeigniter4\framework\system\Commands\Server\rewrite.php(45): require_once('C:\\Users\\yvesk\\...')
#10 {main}
CRITICAL - 2023-01-07 18:44:19 --> Array to string conversion
#0 C:\Users\yvesk\OneDrive - iloilonhs.edu.ph\Desktop\INHS WEBSITE NEW\inhs_ingetrated_github\nasyo_integrated\app\Views\f_application\index.php(93): CodeIgniter\Debug\Exceptions->errorHandler(8, 'Array to string...', 'C:\\Users\\yvesk\\...', 93, Array)
#1 C:\Users\yvesk\OneDrive - iloilonhs.edu.ph\Desktop\INHS WEBSITE NEW\inhs_ingetrated_github\nasyo_integrated\vendor\codeigniter4\framework\system\View\View.php(230): include('C:\\Users\\yvesk\\...')
#2 C:\Users\yvesk\OneDrive - iloilonhs.edu.ph\Desktop\INHS WEBSITE NEW\inhs_ingetrated_github\nasyo_integrated\vendor\codeigniter4\framework\system\View\View.php(232): CodeIgniter\View\View->CodeIgniter\View\{closure}()
#3 C:\Users\yvesk\OneDrive - iloilonhs.edu.ph\Desktop\INHS WEBSITE NEW\inhs_ingetrated_github\nasyo_integrated\vendor\codeigniter4\framework\system\Common.php(1250): CodeIgniter\View\View->render('f_application/i...', Array, true)
#4 C:\Users\yvesk\OneDrive - iloilonhs.edu.ph\Desktop\INHS WEBSITE NEW\inhs_ingetrated_github\nasyo_integrated\app\Controllers\ApplicantProfile.php(63): view('f_application/i...', Array)
#5 C:\Users\yvesk\OneDrive - iloilonhs.edu.ph\Desktop\INHS WEBSITE NEW\inhs_ingetrated_github\nasyo_integrated\vendor\codeigniter4\framework\system\CodeIgniter.php(931): App\Controllers\ApplicantProfile->index()
#6 C:\Users\yvesk\OneDrive - iloilonhs.edu.ph\Desktop\INHS WEBSITE NEW\inhs_ingetrated_github\nasyo_integrated\vendor\codeigniter4\framework\system\CodeIgniter.php(439): CodeIgniter\CodeIgniter->runController(Object(App\Controllers\ApplicantProfile))
#7 C:\Users\yvesk\OneDrive - iloilonhs.edu.ph\Desktop\INHS WEBSITE NEW\inhs_ingetrated_github\nasyo_integrated\vendor\codeigniter4\framework\system\CodeIgniter.php(339): CodeIgniter\CodeIgniter->handleRequest(NULL, Object(Config\Cache), false)
#8 C:\Users\yvesk\OneDrive - iloilonhs.edu.ph\Desktop\INHS WEBSITE NEW\inhs_ingetrated_github\nasyo_integrated\public\index.php(36): CodeIgniter\CodeIgniter->run()
#9 C:\Users\yvesk\OneDrive - iloilonhs.edu.ph\Desktop\INHS WEBSITE NEW\inhs_ingetrated_github\nasyo_integrated\vendor\codeigniter4\framework\system\Commands\Server\rewrite.php(45): require_once('C:\\Users\\yvesk\\...')
#10 {main}
CRITICAL - 2023-01-07 18:44:25 --> Array to string conversion
#0 C:\Users\yvesk\OneDrive - iloilonhs.edu.ph\Desktop\INHS WEBSITE NEW\inhs_ingetrated_github\nasyo_integrated\app\Views\f_application\index.php(93): CodeIgniter\Debug\Exceptions->errorHandler(8, 'Array to string...', 'C:\\Users\\yvesk\\...', 93, Array)
#1 C:\Users\yvesk\OneDrive - iloilonhs.edu.ph\Desktop\INHS WEBSITE NEW\inhs_ingetrated_github\nasyo_integrated\vendor\codeigniter4\framework\system\View\View.php(230): include('C:\\Users\\yvesk\\...')
#2 C:\Users\yvesk\OneDrive - iloilonhs.edu.ph\Desktop\INHS WEBSITE NEW\inhs_ingetrated_github\nasyo_integrated\vendor\codeigniter4\framework\system\View\View.php(232): CodeIgniter\View\View->CodeIgniter\View\{closure}()
#3 C:\Users\yvesk\OneDrive - iloilonhs.edu.ph\Desktop\INHS WEBSITE NEW\inhs_ingetrated_github\nasyo_integrated\vendor\codeigniter4\framework\system\Common.php(1250): CodeIgniter\View\View->render('f_application/i...', Array, true)
#4 C:\Users\yvesk\OneDrive - iloilonhs.edu.ph\Desktop\INHS WEBSITE NEW\inhs_ingetrated_github\nasyo_integrated\app\Controllers\ApplicantProfile.php(63): view('f_application/i...', Array)
#5 C:\Users\yvesk\OneDrive - iloilonhs.edu.ph\Desktop\INHS WEBSITE NEW\inhs_ingetrated_github\nasyo_integrated\vendor\codeigniter4\framework\system\CodeIgniter.php(931): App\Controllers\ApplicantProfile->index()
#6 C:\Users\yvesk\OneDrive - iloilonhs.edu.ph\Desktop\INHS WEBSITE NEW\inhs_ingetrated_github\nasyo_integrated\vendor\codeigniter4\framework\system\CodeIgniter.php(439): CodeIgniter\CodeIgniter->runController(Object(App\Controllers\ApplicantProfile))
#7 C:\Users\yvesk\OneDrive - iloilonhs.edu.ph\Desktop\INHS WEBSITE NEW\inhs_ingetrated_github\nasyo_integrated\vendor\codeigniter4\framework\system\CodeIgniter.php(339): CodeIgniter\CodeIgniter->handleRequest(NULL, Object(Config\Cache), false)
#8 C:\Users\yvesk\OneDrive - iloilonhs.edu.ph\Desktop\INHS WEBSITE NEW\inhs_ingetrated_github\nasyo_integrated\public\index.php(36): CodeIgniter\CodeIgniter->run()
#9 C:\Users\yvesk\OneDrive - iloilonhs.edu.ph\Desktop\INHS WEBSITE NEW\inhs_ingetrated_github\nasyo_integrated\vendor\codeigniter4\framework\system\Commands\Server\rewrite.php(45): require_once('C:\\Users\\yvesk\\...')
#10 {main}
CRITICAL - 2023-01-07 18:45:40 --> Array to string conversion
#0 C:\Users\yvesk\OneDrive - iloilonhs.edu.ph\Desktop\INHS WEBSITE NEW\inhs_ingetrated_github\nasyo_integrated\app\Views\f_application\index.php(98): CodeIgniter\Debug\Exceptions->errorHandler(8, 'Array to string...', 'C:\\Users\\yvesk\\...', 98, Array)
#1 C:\Users\yvesk\OneDrive - iloilonhs.edu.ph\Desktop\INHS WEBSITE NEW\inhs_ingetrated_github\nasyo_integrated\vendor\codeigniter4\framework\system\View\View.php(230): include('C:\\Users\\yvesk\\...')
#2 C:\Users\yvesk\OneDrive - iloilonhs.edu.ph\Desktop\INHS WEBSITE NEW\inhs_ingetrated_github\nasyo_integrated\vendor\codeigniter4\framework\system\View\View.php(232): CodeIgniter\View\View->CodeIgniter\View\{closure}()
#3 C:\Users\yvesk\OneDrive - iloilonhs.edu.ph\Desktop\INHS WEBSITE NEW\inhs_ingetrated_github\nasyo_integrated\vendor\codeigniter4\framework\system\Common.php(1250): CodeIgniter\View\View->render('f_application/i...', Array, true)
#4 C:\Users\yvesk\OneDrive - iloilonhs.edu.ph\Desktop\INHS WEBSITE NEW\inhs_ingetrated_github\nasyo_integrated\app\Controllers\ApplicantProfile.php(63): view('f_application/i...', Array)
#5 C:\Users\yvesk\OneDrive - iloilonhs.edu.ph\Desktop\INHS WEBSITE NEW\inhs_ingetrated_github\nasyo_integrated\vendor\codeigniter4\framework\system\CodeIgniter.php(931): App\Controllers\ApplicantProfile->index()
#6 C:\Users\yvesk\OneDrive - iloilonhs.edu.ph\Desktop\INHS WEBSITE NEW\inhs_ingetrated_github\nasyo_integrated\vendor\codeigniter4\framework\system\CodeIgniter.php(439): CodeIgniter\CodeIgniter->runController(Object(App\Controllers\ApplicantProfile))
#7 C:\Users\yvesk\OneDrive - iloilonhs.edu.ph\Desktop\INHS WEBSITE NEW\inhs_ingetrated_github\nasyo_integrated\vendor\codeigniter4\framework\system\CodeIgniter.php(339): CodeIgniter\CodeIgniter->handleRequest(NULL, Object(Config\Cache), false)
#8 C:\Users\yvesk\OneDrive - iloilonhs.edu.ph\Desktop\INHS WEBSITE NEW\inhs_ingetrated_github\nasyo_integrated\public\index.php(36): CodeIgniter\CodeIgniter->run()
#9 C:\Users\yvesk\OneDrive - iloilonhs.edu.ph\Desktop\INHS WEBSITE NEW\inhs_ingetrated_github\nasyo_integrated\vendor\codeigniter4\framework\system\Commands\Server\rewrite.php(45): require_once('C:\\Users\\yvesk\\...')
#10 {main}
CRITICAL - 2023-01-07 18:46:02 --> Array to string conversion
#0 C:\Users\yvesk\OneDrive - iloilonhs.edu.ph\Desktop\INHS WEBSITE NEW\inhs_ingetrated_github\nasyo_integrated\app\Views\f_application\index.php(98): CodeIgniter\Debug\Exceptions->errorHandler(8, 'Array to string...', 'C:\\Users\\yvesk\\...', 98, Array)
#1 C:\Users\yvesk\OneDrive - iloilonhs.edu.ph\Desktop\INHS WEBSITE NEW\inhs_ingetrated_github\nasyo_integrated\vendor\codeigniter4\framework\system\View\View.php(230): include('C:\\Users\\yvesk\\...')
#2 C:\Users\yvesk\OneDrive - iloilonhs.edu.ph\Desktop\INHS WEBSITE NEW\inhs_ingetrated_github\nasyo_integrated\vendor\codeigniter4\framework\system\View\View.php(232): CodeIgniter\View\View->CodeIgniter\View\{closure}()
#3 C:\Users\yvesk\OneDrive - iloilonhs.edu.ph\Desktop\INHS WEBSITE NEW\inhs_ingetrated_github\nasyo_integrated\vendor\codeigniter4\framework\system\Common.php(1250): CodeIgniter\View\View->render('f_application/i...', Array, true)
#4 C:\Users\yvesk\OneDrive - iloilonhs.edu.ph\Desktop\INHS WEBSITE NEW\inhs_ingetrated_github\nasyo_integrated\app\Controllers\ApplicantProfile.php(63): view('f_application/i...', Array)
#5 C:\Users\yvesk\OneDrive - iloilonhs.edu.ph\Desktop\INHS WEBSITE NEW\inhs_ingetrated_github\nasyo_integrated\vendor\codeigniter4\framework\system\CodeIgniter.php(931): App\Controllers\ApplicantProfile->index()
#6 C:\Users\yvesk\OneDrive - iloilonhs.edu.ph\Desktop\INHS WEBSITE NEW\inhs_ingetrated_github\nasyo_integrated\vendor\codeigniter4\framework\system\CodeIgniter.php(439): CodeIgniter\CodeIgniter->runController(Object(App\Controllers\ApplicantProfile))
#7 C:\Users\yvesk\OneDrive - iloilonhs.edu.ph\Desktop\INHS WEBSITE NEW\inhs_ingetrated_github\nasyo_integrated\vendor\codeigniter4\framework\system\CodeIgniter.php(339): CodeIgniter\CodeIgniter->handleRequest(NULL, Object(Config\Cache), false)
#8 C:\Users\yvesk\OneDrive - iloilonhs.edu.ph\Desktop\INHS WEBSITE NEW\inhs_ingetrated_github\nasyo_integrated\public\index.php(36): CodeIgniter\CodeIgniter->run()
#9 C:\Users\yvesk\OneDrive - iloilonhs.edu.ph\Desktop\INHS WEBSITE NEW\inhs_ingetrated_github\nasyo_integrated\vendor\codeigniter4\framework\system\Commands\Server\rewrite.php(45): require_once('C:\\Users\\yvesk\\...')
#10 {main}
CRITICAL - 2023-01-07 18:48:07 --> A non-numeric value encountered
#0 C:\Users\yvesk\OneDrive - iloilonhs.edu.ph\Desktop\INHS WEBSITE NEW\inhs_ingetrated_github\nasyo_integrated\app\Views\f_application\index.php(98): CodeIgniter\Debug\Exceptions->errorHandler(2, 'A non-numeric v...', 'C:\\Users\\yvesk\\...', 98, Array)
#1 C:\Users\yvesk\OneDrive - iloilonhs.edu.ph\Desktop\INHS WEBSITE NEW\inhs_ingetrated_github\nasyo_integrated\vendor\codeigniter4\framework\system\View\View.php(230): include('C:\\Users\\yvesk\\...')
#2 C:\Users\yvesk\OneDrive - iloilonhs.edu.ph\Desktop\INHS WEBSITE NEW\inhs_ingetrated_github\nasyo_integrated\vendor\codeigniter4\framework\system\View\View.php(232): CodeIgniter\View\View->CodeIgniter\View\{closure}()
#3 C:\Users\yvesk\OneDrive - iloilonhs.edu.ph\Desktop\INHS WEBSITE NEW\inhs_ingetrated_github\nasyo_integrated\vendor\codeigniter4\framework\system\Common.php(1250): CodeIgniter\View\View->render('f_application/i...', Array, true)
#4 C:\Users\yvesk\OneDrive - iloilonhs.edu.ph\Desktop\INHS WEBSITE NEW\inhs_ingetrated_github\nasyo_integrated\app\Controllers\ApplicantProfile.php(63): view('f_application/i...', Array)
#5 C:\Users\yvesk\OneDrive - iloilonhs.edu.ph\Desktop\INHS WEBSITE NEW\inhs_ingetrated_github\nasyo_integrated\vendor\codeigniter4\framework\system\CodeIgniter.php(931): App\Controllers\ApplicantProfile->index()
#6 C:\Users\yvesk\OneDrive - iloilonhs.edu.ph\Desktop\INHS WEBSITE NEW\inhs_ingetrated_github\nasyo_integrated\vendor\codeigniter4\framework\system\CodeIgniter.php(439): CodeIgniter\CodeIgniter->runController(Object(App\Controllers\ApplicantProfile))
#7 C:\Users\yvesk\OneDrive - iloilonhs.edu.ph\Desktop\INHS WEBSITE NEW\inhs_ingetrated_github\nasyo_integrated\vendor\codeigniter4\framework\system\CodeIgniter.php(339): CodeIgniter\CodeIgniter->handleRequest(NULL, Object(Config\Cache), false)
#8 C:\Users\yvesk\OneDrive - iloilonhs.edu.ph\Desktop\INHS WEBSITE NEW\inhs_ingetrated_github\nasyo_integrated\public\index.php(36): CodeIgniter\CodeIgniter->run()
#9 C:\Users\yvesk\OneDrive - iloilonhs.edu.ph\Desktop\INHS WEBSITE NEW\inhs_ingetrated_github\nasyo_integrated\vendor\codeigniter4\framework\system\Commands\Server\rewrite.php(45): require_once('C:\\Users\\yvesk\\...')
#10 {main}
