CRITICAL - 2023-07-22 19:30:11 --> Argument 1 passed to CodeIgniter\HTTP\RedirectResponse::to() must be of the type string, null given, called in C:\Users\yvesk\OneDrive - iloilonhs.edu.ph\Desktop\nasyo_integrated_2\app\Controllers\Enrollment.php on line 1001
#0 C:\Users\yvesk\OneDrive - iloilonhs.edu.ph\Desktop\nasyo_integrated_2\app\Controllers\Enrollment.php(1001): CodeIgniter\HTTP\RedirectResponse->to(NULL)
#1 C:\Users\yvesk\OneDrive - iloilonhs.edu.ph\Desktop\nasyo_integrated_2\vendor\codeigniter4\framework\system\CodeIgniter.php(802): App\Controllers\Enrollment->generateEF()
#2 C:\Users\yvesk\OneDrive - iloilonhs.edu.ph\Desktop\nasyo_integrated_2\vendor\codeigniter4\framework\system\CodeIgniter.php(399): CodeIgniter\CodeIgniter->runController(Object(App\Controllers\Enrollment))
#3 C:\Users\yvesk\OneDrive - iloilonhs.edu.ph\Desktop\nasyo_integrated_2\vendor\codeigniter4\framework\system\CodeIgniter.php(317): CodeIgniter\CodeIgniter->handleRequest(NULL, Object(Config\Cache), false)
#4 C:\Users\yvesk\OneDrive - iloilonhs.edu.ph\Desktop\nasyo_integrated_2\public\index.php(36): CodeIgniter\CodeIgniter->run()
#5 C:\Users\yvesk\OneDrive - iloilonhs.edu.ph\Desktop\nasyo_integrated_2\vendor\codeigniter4\framework\system\Commands\Server\rewrite.php(43): require_once('C:\\Users\\yvesk\\...')
#6 {main}
CRITICAL - 2023-07-22 19:44:59 --> Argument 1 passed to CodeIgniter\HTTP\RedirectResponse::to() must be of the type string, null given, called in C:\Users\yvesk\OneDrive - iloilonhs.edu.ph\Desktop\nasyo_integrated_2\app\Controllers\Enrollment.php on line 922
#0 C:\Users\yvesk\OneDrive - iloilonhs.edu.ph\Desktop\nasyo_integrated_2\app\Controllers\Enrollment.php(922): CodeIgniter\HTTP\RedirectResponse->to(NULL)
#1 C:\Users\yvesk\OneDrive - iloilonhs.edu.ph\Desktop\nasyo_integrated_2\vendor\codeigniter4\framework\system\CodeIgniter.php(802): App\Controllers\Enrollment->generateEF()
#2 C:\Users\yvesk\OneDrive - iloilonhs.edu.ph\Desktop\nasyo_integrated_2\vendor\codeigniter4\framework\system\CodeIgniter.php(399): CodeIgniter\CodeIgniter->runController(Object(App\Controllers\Enrollment))
#3 C:\Users\yvesk\OneDrive - iloilonhs.edu.ph\Desktop\nasyo_integrated_2\vendor\codeigniter4\framework\system\CodeIgniter.php(317): CodeIgniter\CodeIgniter->handleRequest(NULL, Object(Config\Cache), false)
#4 C:\Users\yvesk\OneDrive - iloilonhs.edu.ph\Desktop\nasyo_integrated_2\public\index.php(36): CodeIgniter\CodeIgniter->run()
#5 C:\Users\yvesk\OneDrive - iloilonhs.edu.ph\Desktop\nasyo_integrated_2\vendor\codeigniter4\framework\system\Commands\Server\rewrite.php(43): require_once('C:\\Users\\yvesk\\...')
#6 {main}
CRITICAL - 2023-07-22 19:57:30 --> Argument 1 passed to CodeIgniter\HTTP\RedirectResponse::to() must be of the type string, null given, called in C:\Users\yvesk\OneDrive - iloilonhs.edu.ph\Desktop\nasyo_integrated_2\app\Controllers\Enrollment.php on line 921
#0 C:\Users\yvesk\OneDrive - iloilonhs.edu.ph\Desktop\nasyo_integrated_2\app\Controllers\Enrollment.php(921): CodeIgniter\HTTP\RedirectResponse->to(NULL)
#1 C:\Users\yvesk\OneDrive - iloilonhs.edu.ph\Desktop\nasyo_integrated_2\vendor\codeigniter4\framework\system\CodeIgniter.php(802): App\Controllers\Enrollment->generateEF()
#2 C:\Users\yvesk\OneDrive - iloilonhs.edu.ph\Desktop\nasyo_integrated_2\vendor\codeigniter4\framework\system\CodeIgniter.php(399): CodeIgniter\CodeIgniter->runController(Object(App\Controllers\Enrollment))
#3 C:\Users\yvesk\OneDrive - iloilonhs.edu.ph\Desktop\nasyo_integrated_2\vendor\codeigniter4\framework\system\CodeIgniter.php(317): CodeIgniter\CodeIgniter->handleRequest(NULL, Object(Config\Cache), false)
#4 C:\Users\yvesk\OneDrive - iloilonhs.edu.ph\Desktop\nasyo_integrated_2\public\index.php(36): CodeIgniter\CodeIgniter->run()
#5 C:\Users\yvesk\OneDrive - iloilonhs.edu.ph\Desktop\nasyo_integrated_2\vendor\codeigniter4\framework\system\Commands\Server\rewrite.php(43): require_once('C:\\Users\\yvesk\\...')
#6 {main}
CRITICAL - 2023-07-22 19:57:43 --> Argument 1 passed to CodeIgniter\HTTP\RedirectResponse::to() must be of the type string, null given, called in C:\Users\yvesk\OneDrive - iloilonhs.edu.ph\Desktop\nasyo_integrated_2\app\Controllers\Enrollment.php on line 922
#0 C:\Users\yvesk\OneDrive - iloilonhs.edu.ph\Desktop\nasyo_integrated_2\app\Controllers\Enrollment.php(922): CodeIgniter\HTTP\RedirectResponse->to(NULL)
#1 C:\Users\yvesk\OneDrive - iloilonhs.edu.ph\Desktop\nasyo_integrated_2\vendor\codeigniter4\framework\system\CodeIgniter.php(802): App\Controllers\Enrollment->generateEF()
#2 C:\Users\yvesk\OneDrive - iloilonhs.edu.ph\Desktop\nasyo_integrated_2\vendor\codeigniter4\framework\system\CodeIgniter.php(399): CodeIgniter\CodeIgniter->runController(Object(App\Controllers\Enrollment))
#3 C:\Users\yvesk\OneDrive - iloilonhs.edu.ph\Desktop\nasyo_integrated_2\vendor\codeigniter4\framework\system\CodeIgniter.php(317): CodeIgniter\CodeIgniter->handleRequest(NULL, Object(Config\Cache), false)
#4 C:\Users\yvesk\OneDrive - iloilonhs.edu.ph\Desktop\nasyo_integrated_2\public\index.php(36): CodeIgniter\CodeIgniter->run()
#5 C:\Users\yvesk\OneDrive - iloilonhs.edu.ph\Desktop\nasyo_integrated_2\vendor\codeigniter4\framework\system\Commands\Server\rewrite.php(43): require_once('C:\\Users\\yvesk\\...')
#6 {main}
CRITICAL - 2023-07-22 19:58:14 --> Argument 1 passed to CodeIgniter\HTTP\RedirectResponse::to() must be of the type string, null given, called in C:\Users\yvesk\OneDrive - iloilonhs.edu.ph\Desktop\nasyo_integrated_2\app\Controllers\Enrollment.php on line 922
#0 C:\Users\yvesk\OneDrive - iloilonhs.edu.ph\Desktop\nasyo_integrated_2\app\Controllers\Enrollment.php(922): CodeIgniter\HTTP\RedirectResponse->to(NULL)
#1 C:\Users\yvesk\OneDrive - iloilonhs.edu.ph\Desktop\nasyo_integrated_2\vendor\codeigniter4\framework\system\CodeIgniter.php(802): App\Controllers\Enrollment->generateEF()
#2 C:\Users\yvesk\OneDrive - iloilonhs.edu.ph\Desktop\nasyo_integrated_2\vendor\codeigniter4\framework\system\CodeIgniter.php(399): CodeIgniter\CodeIgniter->runController(Object(App\Controllers\Enrollment))
#3 C:\Users\yvesk\OneDrive - iloilonhs.edu.ph\Desktop\nasyo_integrated_2\vendor\codeigniter4\framework\system\CodeIgniter.php(317): CodeIgniter\CodeIgniter->handleRequest(NULL, Object(Config\Cache), false)
#4 C:\Users\yvesk\OneDrive - iloilonhs.edu.ph\Desktop\nasyo_integrated_2\public\index.php(36): CodeIgniter\CodeIgniter->run()
#5 C:\Users\yvesk\OneDrive - iloilonhs.edu.ph\Desktop\nasyo_integrated_2\vendor\codeigniter4\framework\system\Commands\Server\rewrite.php(43): require_once('C:\\Users\\yvesk\\...')
#6 {main}
CRITICAL - 2023-07-22 19:58:31 --> Argument 1 passed to CodeIgniter\HTTP\RedirectResponse::to() must be of the type string, null given, called in C:\Users\yvesk\OneDrive - iloilonhs.edu.ph\Desktop\nasyo_integrated_2\app\Controllers\Enrollment.php on line 922
#0 C:\Users\yvesk\OneDrive - iloilonhs.edu.ph\Desktop\nasyo_integrated_2\app\Controllers\Enrollment.php(922): CodeIgniter\HTTP\RedirectResponse->to(NULL)
#1 C:\Users\yvesk\OneDrive - iloilonhs.edu.ph\Desktop\nasyo_integrated_2\vendor\codeigniter4\framework\system\CodeIgniter.php(802): App\Controllers\Enrollment->generateEF()
#2 C:\Users\yvesk\OneDrive - iloilonhs.edu.ph\Desktop\nasyo_integrated_2\vendor\codeigniter4\framework\system\CodeIgniter.php(399): CodeIgniter\CodeIgniter->runController(Object(App\Controllers\Enrollment))
#3 C:\Users\yvesk\OneDrive - iloilonhs.edu.ph\Desktop\nasyo_integrated_2\vendor\codeigniter4\framework\system\CodeIgniter.php(317): CodeIgniter\CodeIgniter->handleRequest(NULL, Object(Config\Cache), false)
#4 C:\Users\yvesk\OneDrive - iloilonhs.edu.ph\Desktop\nasyo_integrated_2\public\index.php(36): CodeIgniter\CodeIgniter->run()
#5 C:\Users\yvesk\OneDrive - iloilonhs.edu.ph\Desktop\nasyo_integrated_2\vendor\codeigniter4\framework\system\Commands\Server\rewrite.php(43): require_once('C:\\Users\\yvesk\\...')
#6 {main}
CRITICAL - 2023-07-22 19:58:39 --> Argument 1 passed to CodeIgniter\HTTP\RedirectResponse::to() must be of the type string, null given, called in C:\Users\yvesk\OneDrive - iloilonhs.edu.ph\Desktop\nasyo_integrated_2\app\Controllers\Enrollment.php on line 922
#0 C:\Users\yvesk\OneDrive - iloilonhs.edu.ph\Desktop\nasyo_integrated_2\app\Controllers\Enrollment.php(922): CodeIgniter\HTTP\RedirectResponse->to(NULL)
#1 C:\Users\yvesk\OneDrive - iloilonhs.edu.ph\Desktop\nasyo_integrated_2\vendor\codeigniter4\framework\system\CodeIgniter.php(802): App\Controllers\Enrollment->generateEF()
#2 C:\Users\yvesk\OneDrive - iloilonhs.edu.ph\Desktop\nasyo_integrated_2\vendor\codeigniter4\framework\system\CodeIgniter.php(399): CodeIgniter\CodeIgniter->runController(Object(App\Controllers\Enrollment))
#3 C:\Users\yvesk\OneDrive - iloilonhs.edu.ph\Desktop\nasyo_integrated_2\vendor\codeigniter4\framework\system\CodeIgniter.php(317): CodeIgniter\CodeIgniter->handleRequest(NULL, Object(Config\Cache), false)
#4 C:\Users\yvesk\OneDrive - iloilonhs.edu.ph\Desktop\nasyo_integrated_2\public\index.php(36): CodeIgniter\CodeIgniter->run()
#5 C:\Users\yvesk\OneDrive - iloilonhs.edu.ph\Desktop\nasyo_integrated_2\vendor\codeigniter4\framework\system\Commands\Server\rewrite.php(43): require_once('C:\\Users\\yvesk\\...')
#6 {main}
CRITICAL - 2023-07-22 20:13:33 --> Argument 1 passed to CodeIgniter\HTTP\RedirectResponse::to() must be of the type string, null given, called in C:\Users\yvesk\OneDrive - iloilonhs.edu.ph\Desktop\nasyo_integrated_2\app\Controllers\Enrollment.php on line 924
#0 C:\Users\yvesk\OneDrive - iloilonhs.edu.ph\Desktop\nasyo_integrated_2\app\Controllers\Enrollment.php(924): CodeIgniter\HTTP\RedirectResponse->to(NULL)
#1 C:\Users\yvesk\OneDrive - iloilonhs.edu.ph\Desktop\nasyo_integrated_2\vendor\codeigniter4\framework\system\CodeIgniter.php(802): App\Controllers\Enrollment->generateEF()
#2 C:\Users\yvesk\OneDrive - iloilonhs.edu.ph\Desktop\nasyo_integrated_2\vendor\codeigniter4\framework\system\CodeIgniter.php(399): CodeIgniter\CodeIgniter->runController(Object(App\Controllers\Enrollment))
#3 C:\Users\yvesk\OneDrive - iloilonhs.edu.ph\Desktop\nasyo_integrated_2\vendor\codeigniter4\framework\system\CodeIgniter.php(317): CodeIgniter\CodeIgniter->handleRequest(NULL, Object(Config\Cache), false)
#4 C:\Users\yvesk\OneDrive - iloilonhs.edu.ph\Desktop\nasyo_integrated_2\public\index.php(36): CodeIgniter\CodeIgniter->run()
#5 C:\Users\yvesk\OneDrive - iloilonhs.edu.ph\Desktop\nasyo_integrated_2\vendor\codeigniter4\framework\system\Commands\Server\rewrite.php(43): require_once('C:\\Users\\yvesk\\...')
#6 {main}
CRITICAL - 2023-07-22 20:13:50 --> Argument 1 passed to CodeIgniter\HTTP\RedirectResponse::to() must be of the type string, null given, called in C:\Users\yvesk\OneDrive - iloilonhs.edu.ph\Desktop\nasyo_integrated_2\app\Controllers\Enrollment.php on line 924
#0 C:\Users\yvesk\OneDrive - iloilonhs.edu.ph\Desktop\nasyo_integrated_2\app\Controllers\Enrollment.php(924): CodeIgniter\HTTP\RedirectResponse->to(NULL)
#1 C:\Users\yvesk\OneDrive - iloilonhs.edu.ph\Desktop\nasyo_integrated_2\vendor\codeigniter4\framework\system\CodeIgniter.php(802): App\Controllers\Enrollment->generateEF()
#2 C:\Users\yvesk\OneDrive - iloilonhs.edu.ph\Desktop\nasyo_integrated_2\vendor\codeigniter4\framework\system\CodeIgniter.php(399): CodeIgniter\CodeIgniter->runController(Object(App\Controllers\Enrollment))
#3 C:\Users\yvesk\OneDrive - iloilonhs.edu.ph\Desktop\nasyo_integrated_2\vendor\codeigniter4\framework\system\CodeIgniter.php(317): CodeIgniter\CodeIgniter->handleRequest(NULL, Object(Config\Cache), false)
#4 C:\Users\yvesk\OneDrive - iloilonhs.edu.ph\Desktop\nasyo_integrated_2\public\index.php(36): CodeIgniter\CodeIgniter->run()
#5 C:\Users\yvesk\OneDrive - iloilonhs.edu.ph\Desktop\nasyo_integrated_2\vendor\codeigniter4\framework\system\Commands\Server\rewrite.php(43): require_once('C:\\Users\\yvesk\\...')
#6 {main}
CRITICAL - 2023-07-22 20:14:21 --> Argument 1 passed to CodeIgniter\HTTP\RedirectResponse::to() must be of the type string, null given, called in C:\Users\yvesk\OneDrive - iloilonhs.edu.ph\Desktop\nasyo_integrated_2\app\Controllers\Enrollment.php on line 924
#0 C:\Users\yvesk\OneDrive - iloilonhs.edu.ph\Desktop\nasyo_integrated_2\app\Controllers\Enrollment.php(924): CodeIgniter\HTTP\RedirectResponse->to(NULL)
#1 C:\Users\yvesk\OneDrive - iloilonhs.edu.ph\Desktop\nasyo_integrated_2\vendor\codeigniter4\framework\system\CodeIgniter.php(802): App\Controllers\Enrollment->generateEF()
#2 C:\Users\yvesk\OneDrive - iloilonhs.edu.ph\Desktop\nasyo_integrated_2\vendor\codeigniter4\framework\system\CodeIgniter.php(399): CodeIgniter\CodeIgniter->runController(Object(App\Controllers\Enrollment))
#3 C:\Users\yvesk\OneDrive - iloilonhs.edu.ph\Desktop\nasyo_integrated_2\vendor\codeigniter4\framework\system\CodeIgniter.php(317): CodeIgniter\CodeIgniter->handleRequest(NULL, Object(Config\Cache), false)
#4 C:\Users\yvesk\OneDrive - iloilonhs.edu.ph\Desktop\nasyo_integrated_2\public\index.php(36): CodeIgniter\CodeIgniter->run()
#5 C:\Users\yvesk\OneDrive - iloilonhs.edu.ph\Desktop\nasyo_integrated_2\vendor\codeigniter4\framework\system\Commands\Server\rewrite.php(43): require_once('C:\\Users\\yvesk\\...')
#6 {main}
CRITICAL - 2023-07-22 20:15:07 --> Argument 1 passed to CodeIgniter\HTTP\RedirectResponse::to() must be of the type string, null given, called in C:\Users\yvesk\OneDrive - iloilonhs.edu.ph\Desktop\nasyo_integrated_2\app\Controllers\Enrollment.php on line 924
#0 C:\Users\yvesk\OneDrive - iloilonhs.edu.ph\Desktop\nasyo_integrated_2\app\Controllers\Enrollment.php(924): CodeIgniter\HTTP\RedirectResponse->to(NULL)
#1 C:\Users\yvesk\OneDrive - iloilonhs.edu.ph\Desktop\nasyo_integrated_2\vendor\codeigniter4\framework\system\CodeIgniter.php(802): App\Controllers\Enrollment->generateEF()
#2 C:\Users\yvesk\OneDrive - iloilonhs.edu.ph\Desktop\nasyo_integrated_2\vendor\codeigniter4\framework\system\CodeIgniter.php(399): CodeIgniter\CodeIgniter->runController(Object(App\Controllers\Enrollment))
#3 C:\Users\yvesk\OneDrive - iloilonhs.edu.ph\Desktop\nasyo_integrated_2\vendor\codeigniter4\framework\system\CodeIgniter.php(317): CodeIgniter\CodeIgniter->handleRequest(NULL, Object(Config\Cache), false)
#4 C:\Users\yvesk\OneDrive - iloilonhs.edu.ph\Desktop\nasyo_integrated_2\public\index.php(36): CodeIgniter\CodeIgniter->run()
#5 C:\Users\yvesk\OneDrive - iloilonhs.edu.ph\Desktop\nasyo_integrated_2\vendor\codeigniter4\framework\system\Commands\Server\rewrite.php(43): require_once('C:\\Users\\yvesk\\...')
#6 {main}
CRITICAL - 2023-07-22 20:16:14 --> Argument 1 passed to CodeIgniter\HTTP\RedirectResponse::to() must be of the type string, null given, called in C:\Users\yvesk\OneDrive - iloilonhs.edu.ph\Desktop\nasyo_integrated_2\app\Controllers\Enrollment.php on line 924
#0 C:\Users\yvesk\OneDrive - iloilonhs.edu.ph\Desktop\nasyo_integrated_2\app\Controllers\Enrollment.php(924): CodeIgniter\HTTP\RedirectResponse->to(NULL)
#1 C:\Users\yvesk\OneDrive - iloilonhs.edu.ph\Desktop\nasyo_integrated_2\vendor\codeigniter4\framework\system\CodeIgniter.php(802): App\Controllers\Enrollment->generateEF()
#2 C:\Users\yvesk\OneDrive - iloilonhs.edu.ph\Desktop\nasyo_integrated_2\vendor\codeigniter4\framework\system\CodeIgniter.php(399): CodeIgniter\CodeIgniter->runController(Object(App\Controllers\Enrollment))
#3 C:\Users\yvesk\OneDrive - iloilonhs.edu.ph\Desktop\nasyo_integrated_2\vendor\codeigniter4\framework\system\CodeIgniter.php(317): CodeIgniter\CodeIgniter->handleRequest(NULL, Object(Config\Cache), false)
#4 C:\Users\yvesk\OneDrive - iloilonhs.edu.ph\Desktop\nasyo_integrated_2\public\index.php(36): CodeIgniter\CodeIgniter->run()
#5 C:\Users\yvesk\OneDrive - iloilonhs.edu.ph\Desktop\nasyo_integrated_2\vendor\codeigniter4\framework\system\Commands\Server\rewrite.php(43): require_once('C:\\Users\\yvesk\\...')
#6 {main}
CRITICAL - 2023-07-22 20:18:48 --> Argument 1 passed to CodeIgniter\HTTP\RedirectResponse::to() must be of the type string, null given, called in C:\Users\yvesk\OneDrive - iloilonhs.edu.ph\Desktop\nasyo_integrated_2\app\Controllers\Enrollment.php on line 924
#0 C:\Users\yvesk\OneDrive - iloilonhs.edu.ph\Desktop\nasyo_integrated_2\app\Controllers\Enrollment.php(924): CodeIgniter\HTTP\RedirectResponse->to(NULL)
#1 C:\Users\yvesk\OneDrive - iloilonhs.edu.ph\Desktop\nasyo_integrated_2\vendor\codeigniter4\framework\system\CodeIgniter.php(802): App\Controllers\Enrollment->generateEF()
#2 C:\Users\yvesk\OneDrive - iloilonhs.edu.ph\Desktop\nasyo_integrated_2\vendor\codeigniter4\framework\system\CodeIgniter.php(399): CodeIgniter\CodeIgniter->runController(Object(App\Controllers\Enrollment))
#3 C:\Users\yvesk\OneDrive - iloilonhs.edu.ph\Desktop\nasyo_integrated_2\vendor\codeigniter4\framework\system\CodeIgniter.php(317): CodeIgniter\CodeIgniter->handleRequest(NULL, Object(Config\Cache), false)
#4 C:\Users\yvesk\OneDrive - iloilonhs.edu.ph\Desktop\nasyo_integrated_2\public\index.php(36): CodeIgniter\CodeIgniter->run()
#5 C:\Users\yvesk\OneDrive - iloilonhs.edu.ph\Desktop\nasyo_integrated_2\vendor\codeigniter4\framework\system\Commands\Server\rewrite.php(43): require_once('C:\\Users\\yvesk\\...')
#6 {main}
CRITICAL - 2023-07-22 20:19:46 --> Argument 1 passed to CodeIgniter\HTTP\RedirectResponse::to() must be of the type string, null given, called in C:\Users\yvesk\OneDrive - iloilonhs.edu.ph\Desktop\nasyo_integrated_2\app\Controllers\Enrollment.php on line 924
#0 C:\Users\yvesk\OneDrive - iloilonhs.edu.ph\Desktop\nasyo_integrated_2\app\Controllers\Enrollment.php(924): CodeIgniter\HTTP\RedirectResponse->to(NULL)
#1 C:\Users\yvesk\OneDrive - iloilonhs.edu.ph\Desktop\nasyo_integrated_2\vendor\codeigniter4\framework\system\CodeIgniter.php(802): App\Controllers\Enrollment->generateEF()
#2 C:\Users\yvesk\OneDrive - iloilonhs.edu.ph\Desktop\nasyo_integrated_2\vendor\codeigniter4\framework\system\CodeIgniter.php(399): CodeIgniter\CodeIgniter->runController(Object(App\Controllers\Enrollment))
#3 C:\Users\yvesk\OneDrive - iloilonhs.edu.ph\Desktop\nasyo_integrated_2\vendor\codeigniter4\framework\system\CodeIgniter.php(317): CodeIgniter\CodeIgniter->handleRequest(NULL, Object(Config\Cache), false)
#4 C:\Users\yvesk\OneDrive - iloilonhs.edu.ph\Desktop\nasyo_integrated_2\public\index.php(36): CodeIgniter\CodeIgniter->run()
#5 C:\Users\yvesk\OneDrive - iloilonhs.edu.ph\Desktop\nasyo_integrated_2\vendor\codeigniter4\framework\system\Commands\Server\rewrite.php(43): require_once('C:\\Users\\yvesk\\...')
#6 {main}
CRITICAL - 2023-07-22 20:20:00 --> Argument 1 passed to CodeIgniter\HTTP\RedirectResponse::to() must be of the type string, null given, called in C:\Users\yvesk\OneDrive - iloilonhs.edu.ph\Desktop\nasyo_integrated_2\app\Controllers\Enrollment.php on line 924
#0 C:\Users\yvesk\OneDrive - iloilonhs.edu.ph\Desktop\nasyo_integrated_2\app\Controllers\Enrollment.php(924): CodeIgniter\HTTP\RedirectResponse->to(NULL)
#1 C:\Users\yvesk\OneDrive - iloilonhs.edu.ph\Desktop\nasyo_integrated_2\vendor\codeigniter4\framework\system\CodeIgniter.php(802): App\Controllers\Enrollment->generateEF()
#2 C:\Users\yvesk\OneDrive - iloilonhs.edu.ph\Desktop\nasyo_integrated_2\vendor\codeigniter4\framework\system\CodeIgniter.php(399): CodeIgniter\CodeIgniter->runController(Object(App\Controllers\Enrollment))
#3 C:\Users\yvesk\OneDrive - iloilonhs.edu.ph\Desktop\nasyo_integrated_2\vendor\codeigniter4\framework\system\CodeIgniter.php(317): CodeIgniter\CodeIgniter->handleRequest(NULL, Object(Config\Cache), false)
#4 C:\Users\yvesk\OneDrive - iloilonhs.edu.ph\Desktop\nasyo_integrated_2\public\index.php(36): CodeIgniter\CodeIgniter->run()
#5 C:\Users\yvesk\OneDrive - iloilonhs.edu.ph\Desktop\nasyo_integrated_2\vendor\codeigniter4\framework\system\Commands\Server\rewrite.php(43): require_once('C:\\Users\\yvesk\\...')
#6 {main}
CRITICAL - 2023-07-22 20:21:13 --> Argument 1 passed to CodeIgniter\HTTP\RedirectResponse::to() must be of the type string, null given, called in C:\Users\yvesk\OneDrive - iloilonhs.edu.ph\Desktop\nasyo_integrated_2\app\Controllers\Enrollment.php on line 924
#0 C:\Users\yvesk\OneDrive - iloilonhs.edu.ph\Desktop\nasyo_integrated_2\app\Controllers\Enrollment.php(924): CodeIgniter\HTTP\RedirectResponse->to(NULL)
#1 C:\Users\yvesk\OneDrive - iloilonhs.edu.ph\Desktop\nasyo_integrated_2\vendor\codeigniter4\framework\system\CodeIgniter.php(802): App\Controllers\Enrollment->generateEF()
#2 C:\Users\yvesk\OneDrive - iloilonhs.edu.ph\Desktop\nasyo_integrated_2\vendor\codeigniter4\framework\system\CodeIgniter.php(399): CodeIgniter\CodeIgniter->runController(Object(App\Controllers\Enrollment))
#3 C:\Users\yvesk\OneDrive - iloilonhs.edu.ph\Desktop\nasyo_integrated_2\vendor\codeigniter4\framework\system\CodeIgniter.php(317): CodeIgniter\CodeIgniter->handleRequest(NULL, Object(Config\Cache), false)
#4 C:\Users\yvesk\OneDrive - iloilonhs.edu.ph\Desktop\nasyo_integrated_2\public\index.php(36): CodeIgniter\CodeIgniter->run()
#5 C:\Users\yvesk\OneDrive - iloilonhs.edu.ph\Desktop\nasyo_integrated_2\vendor\codeigniter4\framework\system\Commands\Server\rewrite.php(43): require_once('C:\\Users\\yvesk\\...')
#6 {main}
CRITICAL - 2023-07-22 20:21:37 --> Argument 1 passed to CodeIgniter\HTTP\RedirectResponse::to() must be of the type string, null given, called in C:\Users\yvesk\OneDrive - iloilonhs.edu.ph\Desktop\nasyo_integrated_2\app\Controllers\Enrollment.php on line 924
#0 C:\Users\yvesk\OneDrive - iloilonhs.edu.ph\Desktop\nasyo_integrated_2\app\Controllers\Enrollment.php(924): CodeIgniter\HTTP\RedirectResponse->to(NULL)
#1 C:\Users\yvesk\OneDrive - iloilonhs.edu.ph\Desktop\nasyo_integrated_2\vendor\codeigniter4\framework\system\CodeIgniter.php(802): App\Controllers\Enrollment->generateEF()
#2 C:\Users\yvesk\OneDrive - iloilonhs.edu.ph\Desktop\nasyo_integrated_2\vendor\codeigniter4\framework\system\CodeIgniter.php(399): CodeIgniter\CodeIgniter->runController(Object(App\Controllers\Enrollment))
#3 C:\Users\yvesk\OneDrive - iloilonhs.edu.ph\Desktop\nasyo_integrated_2\vendor\codeigniter4\framework\system\CodeIgniter.php(317): CodeIgniter\CodeIgniter->handleRequest(NULL, Object(Config\Cache), false)
#4 C:\Users\yvesk\OneDrive - iloilonhs.edu.ph\Desktop\nasyo_integrated_2\public\index.php(36): CodeIgniter\CodeIgniter->run()
#5 C:\Users\yvesk\OneDrive - iloilonhs.edu.ph\Desktop\nasyo_integrated_2\vendor\codeigniter4\framework\system\Commands\Server\rewrite.php(43): require_once('C:\\Users\\yvesk\\...')
#6 {main}
CRITICAL - 2023-07-22 20:21:57 --> Argument 1 passed to CodeIgniter\HTTP\RedirectResponse::to() must be of the type string, null given, called in C:\Users\yvesk\OneDrive - iloilonhs.edu.ph\Desktop\nasyo_integrated_2\app\Controllers\Enrollment.php on line 924
#0 C:\Users\yvesk\OneDrive - iloilonhs.edu.ph\Desktop\nasyo_integrated_2\app\Controllers\Enrollment.php(924): CodeIgniter\HTTP\RedirectResponse->to(NULL)
#1 C:\Users\yvesk\OneDrive - iloilonhs.edu.ph\Desktop\nasyo_integrated_2\vendor\codeigniter4\framework\system\CodeIgniter.php(802): App\Controllers\Enrollment->generateEF()
#2 C:\Users\yvesk\OneDrive - iloilonhs.edu.ph\Desktop\nasyo_integrated_2\vendor\codeigniter4\framework\system\CodeIgniter.php(399): CodeIgniter\CodeIgniter->runController(Object(App\Controllers\Enrollment))
#3 C:\Users\yvesk\OneDrive - iloilonhs.edu.ph\Desktop\nasyo_integrated_2\vendor\codeigniter4\framework\system\CodeIgniter.php(317): CodeIgniter\CodeIgniter->handleRequest(NULL, Object(Config\Cache), false)
#4 C:\Users\yvesk\OneDrive - iloilonhs.edu.ph\Desktop\nasyo_integrated_2\public\index.php(36): CodeIgniter\CodeIgniter->run()
#5 C:\Users\yvesk\OneDrive - iloilonhs.edu.ph\Desktop\nasyo_integrated_2\vendor\codeigniter4\framework\system\Commands\Server\rewrite.php(43): require_once('C:\\Users\\yvesk\\...')
#6 {main}
CRITICAL - 2023-07-22 20:24:34 --> Unknown page format 215.9, 317.5
#0 C:\Users\yvesk\OneDrive - iloilonhs.edu.ph\Desktop\nasyo_integrated_2\vendor\mpdf\mpdf\src\Mpdf.php(1666): Mpdf\PageFormat::getSizeFromName('215.9, 317.5')
#1 C:\Users\yvesk\OneDrive - iloilonhs.edu.ph\Desktop\nasyo_integrated_2\vendor\mpdf\mpdf\src\Mpdf.php(1299): Mpdf\Mpdf->_setPageSize('215.9, 317.5', 'P')
#2 C:\Users\yvesk\OneDrive - iloilonhs.edu.ph\Desktop\nasyo_integrated_2\app\Controllers\Enrollment.php(699): Mpdf\Mpdf->__construct(Array)
#3 C:\Users\yvesk\OneDrive - iloilonhs.edu.ph\Desktop\nasyo_integrated_2\vendor\codeigniter4\framework\system\CodeIgniter.php(802): App\Controllers\Enrollment->generateEF()
#4 C:\Users\yvesk\OneDrive - iloilonhs.edu.ph\Desktop\nasyo_integrated_2\vendor\codeigniter4\framework\system\CodeIgniter.php(399): CodeIgniter\CodeIgniter->runController(Object(App\Controllers\Enrollment))
#5 C:\Users\yvesk\OneDrive - iloilonhs.edu.ph\Desktop\nasyo_integrated_2\vendor\codeigniter4\framework\system\CodeIgniter.php(317): CodeIgniter\CodeIgniter->handleRequest(NULL, Object(Config\Cache), false)
#6 C:\Users\yvesk\OneDrive - iloilonhs.edu.ph\Desktop\nasyo_integrated_2\public\index.php(36): CodeIgniter\CodeIgniter->run()
#7 C:\Users\yvesk\OneDrive - iloilonhs.edu.ph\Desktop\nasyo_integrated_2\vendor\codeigniter4\framework\system\Commands\Server\rewrite.php(43): require_once('C:\\Users\\yvesk\\...')
#8 {main}
CRITICAL - 2023-07-22 20:24:47 --> Undefined offset: 1
#0 C:\Users\yvesk\OneDrive - iloilonhs.edu.ph\Desktop\nasyo_integrated_2\vendor\mpdf\mpdf\src\Mpdf.php(1673): CodeIgniter\Debug\Exceptions->errorHandler(8, 'Undefined offse...', 'C:\\Users\\yvesk\\...', 1673, Array)
#1 C:\Users\yvesk\OneDrive - iloilonhs.edu.ph\Desktop\nasyo_integrated_2\vendor\mpdf\mpdf\src\Mpdf.php(1299): Mpdf\Mpdf->_setPageSize(Array, 'P')
#2 C:\Users\yvesk\OneDrive - iloilonhs.edu.ph\Desktop\nasyo_integrated_2\app\Controllers\Enrollment.php(699): Mpdf\Mpdf->__construct(Array)
#3 C:\Users\yvesk\OneDrive - iloilonhs.edu.ph\Desktop\nasyo_integrated_2\vendor\codeigniter4\framework\system\CodeIgniter.php(802): App\Controllers\Enrollment->generateEF()
#4 C:\Users\yvesk\OneDrive - iloilonhs.edu.ph\Desktop\nasyo_integrated_2\vendor\codeigniter4\framework\system\CodeIgniter.php(399): CodeIgniter\CodeIgniter->runController(Object(App\Controllers\Enrollment))
#5 C:\Users\yvesk\OneDrive - iloilonhs.edu.ph\Desktop\nasyo_integrated_2\vendor\codeigniter4\framework\system\CodeIgniter.php(317): CodeIgniter\CodeIgniter->handleRequest(NULL, Object(Config\Cache), false)
#6 C:\Users\yvesk\OneDrive - iloilonhs.edu.ph\Desktop\nasyo_integrated_2\public\index.php(36): CodeIgniter\CodeIgniter->run()
#7 C:\Users\yvesk\OneDrive - iloilonhs.edu.ph\Desktop\nasyo_integrated_2\vendor\codeigniter4\framework\system\Commands\Server\rewrite.php(43): require_once('C:\\Users\\yvesk\\...')
#8 {main}
CRITICAL - 2023-07-22 20:24:57 --> Argument 1 passed to CodeIgniter\HTTP\RedirectResponse::to() must be of the type string, null given, called in C:\Users\yvesk\OneDrive - iloilonhs.edu.ph\Desktop\nasyo_integrated_2\app\Controllers\Enrollment.php on line 924
#0 C:\Users\yvesk\OneDrive - iloilonhs.edu.ph\Desktop\nasyo_integrated_2\app\Controllers\Enrollment.php(924): CodeIgniter\HTTP\RedirectResponse->to(NULL)
#1 C:\Users\yvesk\OneDrive - iloilonhs.edu.ph\Desktop\nasyo_integrated_2\vendor\codeigniter4\framework\system\CodeIgniter.php(802): App\Controllers\Enrollment->generateEF()
#2 C:\Users\yvesk\OneDrive - iloilonhs.edu.ph\Desktop\nasyo_integrated_2\vendor\codeigniter4\framework\system\CodeIgniter.php(399): CodeIgniter\CodeIgniter->runController(Object(App\Controllers\Enrollment))
#3 C:\Users\yvesk\OneDrive - iloilonhs.edu.ph\Desktop\nasyo_integrated_2\vendor\codeigniter4\framework\system\CodeIgniter.php(317): CodeIgniter\CodeIgniter->handleRequest(NULL, Object(Config\Cache), false)
#4 C:\Users\yvesk\OneDrive - iloilonhs.edu.ph\Desktop\nasyo_integrated_2\public\index.php(36): CodeIgniter\CodeIgniter->run()
#5 C:\Users\yvesk\OneDrive - iloilonhs.edu.ph\Desktop\nasyo_integrated_2\vendor\codeigniter4\framework\system\Commands\Server\rewrite.php(43): require_once('C:\\Users\\yvesk\\...')
#6 {main}
CRITICAL - 2023-07-22 20:25:35 --> Unknown page format [215.9, 317.5]
#0 C:\Users\yvesk\OneDrive - iloilonhs.edu.ph\Desktop\nasyo_integrated_2\vendor\mpdf\mpdf\src\Mpdf.php(1666): Mpdf\PageFormat::getSizeFromName('[215.9, 317.5]')
#1 C:\Users\yvesk\OneDrive - iloilonhs.edu.ph\Desktop\nasyo_integrated_2\vendor\mpdf\mpdf\src\Mpdf.php(1299): Mpdf\Mpdf->_setPageSize('[215.9, 317.5]', 'P')
#2 C:\Users\yvesk\OneDrive - iloilonhs.edu.ph\Desktop\nasyo_integrated_2\app\Controllers\Enrollment.php(699): Mpdf\Mpdf->__construct(Array)
#3 C:\Users\yvesk\OneDrive - iloilonhs.edu.ph\Desktop\nasyo_integrated_2\vendor\codeigniter4\framework\system\CodeIgniter.php(802): App\Controllers\Enrollment->generateEF()
#4 C:\Users\yvesk\OneDrive - iloilonhs.edu.ph\Desktop\nasyo_integrated_2\vendor\codeigniter4\framework\system\CodeIgniter.php(399): CodeIgniter\CodeIgniter->runController(Object(App\Controllers\Enrollment))
#5 C:\Users\yvesk\OneDrive - iloilonhs.edu.ph\Desktop\nasyo_integrated_2\vendor\codeigniter4\framework\system\CodeIgniter.php(317): CodeIgniter\CodeIgniter->handleRequest(NULL, Object(Config\Cache), false)
#6 C:\Users\yvesk\OneDrive - iloilonhs.edu.ph\Desktop\nasyo_integrated_2\public\index.php(36): CodeIgniter\CodeIgniter->run()
#7 C:\Users\yvesk\OneDrive - iloilonhs.edu.ph\Desktop\nasyo_integrated_2\vendor\codeigniter4\framework\system\Commands\Server\rewrite.php(43): require_once('C:\\Users\\yvesk\\...')
#8 {main}
CRITICAL - 2023-07-22 20:26:44 --> Argument 1 passed to CodeIgniter\HTTP\RedirectResponse::to() must be of the type string, null given, called in C:\Users\yvesk\OneDrive - iloilonhs.edu.ph\Desktop\nasyo_integrated_2\app\Controllers\Enrollment.php on line 928
#0 C:\Users\yvesk\OneDrive - iloilonhs.edu.ph\Desktop\nasyo_integrated_2\app\Controllers\Enrollment.php(928): CodeIgniter\HTTP\RedirectResponse->to(NULL)
#1 C:\Users\yvesk\OneDrive - iloilonhs.edu.ph\Desktop\nasyo_integrated_2\vendor\codeigniter4\framework\system\CodeIgniter.php(802): App\Controllers\Enrollment->generateEF()
#2 C:\Users\yvesk\OneDrive - iloilonhs.edu.ph\Desktop\nasyo_integrated_2\vendor\codeigniter4\framework\system\CodeIgniter.php(399): CodeIgniter\CodeIgniter->runController(Object(App\Controllers\Enrollment))
#3 C:\Users\yvesk\OneDrive - iloilonhs.edu.ph\Desktop\nasyo_integrated_2\vendor\codeigniter4\framework\system\CodeIgniter.php(317): CodeIgniter\CodeIgniter->handleRequest(NULL, Object(Config\Cache), false)
#4 C:\Users\yvesk\OneDrive - iloilonhs.edu.ph\Desktop\nasyo_integrated_2\public\index.php(36): CodeIgniter\CodeIgniter->run()
#5 C:\Users\yvesk\OneDrive - iloilonhs.edu.ph\Desktop\nasyo_integrated_2\vendor\codeigniter4\framework\system\Commands\Server\rewrite.php(43): require_once('C:\\Users\\yvesk\\...')
#6 {main}
CRITICAL - 2023-07-22 20:27:03 --> Argument 1 passed to CodeIgniter\HTTP\RedirectResponse::to() must be of the type string, null given, called in C:\Users\yvesk\OneDrive - iloilonhs.edu.ph\Desktop\nasyo_integrated_2\app\Controllers\Enrollment.php on line 928
#0 C:\Users\yvesk\OneDrive - iloilonhs.edu.ph\Desktop\nasyo_integrated_2\app\Controllers\Enrollment.php(928): CodeIgniter\HTTP\RedirectResponse->to(NULL)
#1 C:\Users\yvesk\OneDrive - iloilonhs.edu.ph\Desktop\nasyo_integrated_2\vendor\codeigniter4\framework\system\CodeIgniter.php(802): App\Controllers\Enrollment->generateEF()
#2 C:\Users\yvesk\OneDrive - iloilonhs.edu.ph\Desktop\nasyo_integrated_2\vendor\codeigniter4\framework\system\CodeIgniter.php(399): CodeIgniter\CodeIgniter->runController(Object(App\Controllers\Enrollment))
#3 C:\Users\yvesk\OneDrive - iloilonhs.edu.ph\Desktop\nasyo_integrated_2\vendor\codeigniter4\framework\system\CodeIgniter.php(317): CodeIgniter\CodeIgniter->handleRequest(NULL, Object(Config\Cache), false)
#4 C:\Users\yvesk\OneDrive - iloilonhs.edu.ph\Desktop\nasyo_integrated_2\public\index.php(36): CodeIgniter\CodeIgniter->run()
#5 C:\Users\yvesk\OneDrive - iloilonhs.edu.ph\Desktop\nasyo_integrated_2\vendor\codeigniter4\framework\system\Commands\Server\rewrite.php(43): require_once('C:\\Users\\yvesk\\...')
#6 {main}
CRITICAL - 2023-07-22 20:27:58 --> Argument 1 passed to CodeIgniter\HTTP\RedirectResponse::to() must be of the type string, null given, called in C:\Users\yvesk\OneDrive - iloilonhs.edu.ph\Desktop\nasyo_integrated_2\app\Controllers\Enrollment.php on line 924
#0 C:\Users\yvesk\OneDrive - iloilonhs.edu.ph\Desktop\nasyo_integrated_2\app\Controllers\Enrollment.php(924): CodeIgniter\HTTP\RedirectResponse->to(NULL)
#1 C:\Users\yvesk\OneDrive - iloilonhs.edu.ph\Desktop\nasyo_integrated_2\vendor\codeigniter4\framework\system\CodeIgniter.php(802): App\Controllers\Enrollment->generateEF()
#2 C:\Users\yvesk\OneDrive - iloilonhs.edu.ph\Desktop\nasyo_integrated_2\vendor\codeigniter4\framework\system\CodeIgniter.php(399): CodeIgniter\CodeIgniter->runController(Object(App\Controllers\Enrollment))
#3 C:\Users\yvesk\OneDrive - iloilonhs.edu.ph\Desktop\nasyo_integrated_2\vendor\codeigniter4\framework\system\CodeIgniter.php(317): CodeIgniter\CodeIgniter->handleRequest(NULL, Object(Config\Cache), false)
#4 C:\Users\yvesk\OneDrive - iloilonhs.edu.ph\Desktop\nasyo_integrated_2\public\index.php(36): CodeIgniter\CodeIgniter->run()
#5 C:\Users\yvesk\OneDrive - iloilonhs.edu.ph\Desktop\nasyo_integrated_2\vendor\codeigniter4\framework\system\Commands\Server\rewrite.php(43): require_once('C:\\Users\\yvesk\\...')
#6 {main}
CRITICAL - 2023-07-22 20:29:47 --> Argument 1 passed to CodeIgniter\HTTP\RedirectResponse::to() must be of the type string, null given, called in C:\Users\yvesk\OneDrive - iloilonhs.edu.ph\Desktop\nasyo_integrated_2\app\Controllers\Enrollment.php on line 931
#0 C:\Users\yvesk\OneDrive - iloilonhs.edu.ph\Desktop\nasyo_integrated_2\app\Controllers\Enrollment.php(931): CodeIgniter\HTTP\RedirectResponse->to(NULL)
#1 C:\Users\yvesk\OneDrive - iloilonhs.edu.ph\Desktop\nasyo_integrated_2\vendor\codeigniter4\framework\system\CodeIgniter.php(802): App\Controllers\Enrollment->generateEF()
#2 C:\Users\yvesk\OneDrive - iloilonhs.edu.ph\Desktop\nasyo_integrated_2\vendor\codeigniter4\framework\system\CodeIgniter.php(399): CodeIgniter\CodeIgniter->runController(Object(App\Controllers\Enrollment))
#3 C:\Users\yvesk\OneDrive - iloilonhs.edu.ph\Desktop\nasyo_integrated_2\vendor\codeigniter4\framework\system\CodeIgniter.php(317): CodeIgniter\CodeIgniter->handleRequest(NULL, Object(Config\Cache), false)
#4 C:\Users\yvesk\OneDrive - iloilonhs.edu.ph\Desktop\nasyo_integrated_2\public\index.php(36): CodeIgniter\CodeIgniter->run()
#5 C:\Users\yvesk\OneDrive - iloilonhs.edu.ph\Desktop\nasyo_integrated_2\vendor\codeigniter4\framework\system\Commands\Server\rewrite.php(43): require_once('C:\\Users\\yvesk\\...')
#6 {main}
CRITICAL - 2023-07-22 20:30:07 --> Argument 1 passed to CodeIgniter\HTTP\RedirectResponse::to() must be of the type string, null given, called in C:\Users\yvesk\OneDrive - iloilonhs.edu.ph\Desktop\nasyo_integrated_2\app\Controllers\Enrollment.php on line 931
#0 C:\Users\yvesk\OneDrive - iloilonhs.edu.ph\Desktop\nasyo_integrated_2\app\Controllers\Enrollment.php(931): CodeIgniter\HTTP\RedirectResponse->to(NULL)
#1 C:\Users\yvesk\OneDrive - iloilonhs.edu.ph\Desktop\nasyo_integrated_2\vendor\codeigniter4\framework\system\CodeIgniter.php(802): App\Controllers\Enrollment->generateEF()
#2 C:\Users\yvesk\OneDrive - iloilonhs.edu.ph\Desktop\nasyo_integrated_2\vendor\codeigniter4\framework\system\CodeIgniter.php(399): CodeIgniter\CodeIgniter->runController(Object(App\Controllers\Enrollment))
#3 C:\Users\yvesk\OneDrive - iloilonhs.edu.ph\Desktop\nasyo_integrated_2\vendor\codeigniter4\framework\system\CodeIgniter.php(317): CodeIgniter\CodeIgniter->handleRequest(NULL, Object(Config\Cache), false)
#4 C:\Users\yvesk\OneDrive - iloilonhs.edu.ph\Desktop\nasyo_integrated_2\public\index.php(36): CodeIgniter\CodeIgniter->run()
#5 C:\Users\yvesk\OneDrive - iloilonhs.edu.ph\Desktop\nasyo_integrated_2\vendor\codeigniter4\framework\system\Commands\Server\rewrite.php(43): require_once('C:\\Users\\yvesk\\...')
#6 {main}
CRITICAL - 2023-07-22 20:30:48 --> Argument 1 passed to CodeIgniter\HTTP\RedirectResponse::to() must be of the type string, null given, called in C:\Users\yvesk\OneDrive - iloilonhs.edu.ph\Desktop\nasyo_integrated_2\app\Controllers\Enrollment.php on line 931
#0 C:\Users\yvesk\OneDrive - iloilonhs.edu.ph\Desktop\nasyo_integrated_2\app\Controllers\Enrollment.php(931): CodeIgniter\HTTP\RedirectResponse->to(NULL)
#1 C:\Users\yvesk\OneDrive - iloilonhs.edu.ph\Desktop\nasyo_integrated_2\vendor\codeigniter4\framework\system\CodeIgniter.php(802): App\Controllers\Enrollment->generateEF()
#2 C:\Users\yvesk\OneDrive - iloilonhs.edu.ph\Desktop\nasyo_integrated_2\vendor\codeigniter4\framework\system\CodeIgniter.php(399): CodeIgniter\CodeIgniter->runController(Object(App\Controllers\Enrollment))
#3 C:\Users\yvesk\OneDrive - iloilonhs.edu.ph\Desktop\nasyo_integrated_2\vendor\codeigniter4\framework\system\CodeIgniter.php(317): CodeIgniter\CodeIgniter->handleRequest(NULL, Object(Config\Cache), false)
#4 C:\Users\yvesk\OneDrive - iloilonhs.edu.ph\Desktop\nasyo_integrated_2\public\index.php(36): CodeIgniter\CodeIgniter->run()
#5 C:\Users\yvesk\OneDrive - iloilonhs.edu.ph\Desktop\nasyo_integrated_2\vendor\codeigniter4\framework\system\Commands\Server\rewrite.php(43): require_once('C:\\Users\\yvesk\\...')
#6 {main}
CRITICAL - 2023-07-22 20:31:05 --> Argument 1 passed to CodeIgniter\HTTP\RedirectResponse::to() must be of the type string, null given, called in C:\Users\yvesk\OneDrive - iloilonhs.edu.ph\Desktop\nasyo_integrated_2\app\Controllers\Enrollment.php on line 931
#0 C:\Users\yvesk\OneDrive - iloilonhs.edu.ph\Desktop\nasyo_integrated_2\app\Controllers\Enrollment.php(931): CodeIgniter\HTTP\RedirectResponse->to(NULL)
#1 C:\Users\yvesk\OneDrive - iloilonhs.edu.ph\Desktop\nasyo_integrated_2\vendor\codeigniter4\framework\system\CodeIgniter.php(802): App\Controllers\Enrollment->generateEF()
#2 C:\Users\yvesk\OneDrive - iloilonhs.edu.ph\Desktop\nasyo_integrated_2\vendor\codeigniter4\framework\system\CodeIgniter.php(399): CodeIgniter\CodeIgniter->runController(Object(App\Controllers\Enrollment))
#3 C:\Users\yvesk\OneDrive - iloilonhs.edu.ph\Desktop\nasyo_integrated_2\vendor\codeigniter4\framework\system\CodeIgniter.php(317): CodeIgniter\CodeIgniter->handleRequest(NULL, Object(Config\Cache), false)
#4 C:\Users\yvesk\OneDrive - iloilonhs.edu.ph\Desktop\nasyo_integrated_2\public\index.php(36): CodeIgniter\CodeIgniter->run()
#5 C:\Users\yvesk\OneDrive - iloilonhs.edu.ph\Desktop\nasyo_integrated_2\vendor\codeigniter4\framework\system\Commands\Server\rewrite.php(43): require_once('C:\\Users\\yvesk\\...')
#6 {main}
CRITICAL - 2023-07-22 20:31:11 --> Argument 1 passed to CodeIgniter\HTTP\RedirectResponse::to() must be of the type string, null given, called in C:\Users\yvesk\OneDrive - iloilonhs.edu.ph\Desktop\nasyo_integrated_2\app\Controllers\Enrollment.php on line 931
#0 C:\Users\yvesk\OneDrive - iloilonhs.edu.ph\Desktop\nasyo_integrated_2\app\Controllers\Enrollment.php(931): CodeIgniter\HTTP\RedirectResponse->to(NULL)
#1 C:\Users\yvesk\OneDrive - iloilonhs.edu.ph\Desktop\nasyo_integrated_2\vendor\codeigniter4\framework\system\CodeIgniter.php(802): App\Controllers\Enrollment->generateEF()
#2 C:\Users\yvesk\OneDrive - iloilonhs.edu.ph\Desktop\nasyo_integrated_2\vendor\codeigniter4\framework\system\CodeIgniter.php(399): CodeIgniter\CodeIgniter->runController(Object(App\Controllers\Enrollment))
#3 C:\Users\yvesk\OneDrive - iloilonhs.edu.ph\Desktop\nasyo_integrated_2\vendor\codeigniter4\framework\system\CodeIgniter.php(317): CodeIgniter\CodeIgniter->handleRequest(NULL, Object(Config\Cache), false)
#4 C:\Users\yvesk\OneDrive - iloilonhs.edu.ph\Desktop\nasyo_integrated_2\public\index.php(36): CodeIgniter\CodeIgniter->run()
#5 C:\Users\yvesk\OneDrive - iloilonhs.edu.ph\Desktop\nasyo_integrated_2\vendor\codeigniter4\framework\system\Commands\Server\rewrite.php(43): require_once('C:\\Users\\yvesk\\...')
#6 {main}
CRITICAL - 2023-07-22 20:31:40 --> Argument 1 passed to CodeIgniter\HTTP\RedirectResponse::to() must be of the type string, null given, called in C:\Users\yvesk\OneDrive - iloilonhs.edu.ph\Desktop\nasyo_integrated_2\app\Controllers\Enrollment.php on line 931
#0 C:\Users\yvesk\OneDrive - iloilonhs.edu.ph\Desktop\nasyo_integrated_2\app\Controllers\Enrollment.php(931): CodeIgniter\HTTP\RedirectResponse->to(NULL)
#1 C:\Users\yvesk\OneDrive - iloilonhs.edu.ph\Desktop\nasyo_integrated_2\vendor\codeigniter4\framework\system\CodeIgniter.php(802): App\Controllers\Enrollment->generateEF()
#2 C:\Users\yvesk\OneDrive - iloilonhs.edu.ph\Desktop\nasyo_integrated_2\vendor\codeigniter4\framework\system\CodeIgniter.php(399): CodeIgniter\CodeIgniter->runController(Object(App\Controllers\Enrollment))
#3 C:\Users\yvesk\OneDrive - iloilonhs.edu.ph\Desktop\nasyo_integrated_2\vendor\codeigniter4\framework\system\CodeIgniter.php(317): CodeIgniter\CodeIgniter->handleRequest(NULL, Object(Config\Cache), false)
#4 C:\Users\yvesk\OneDrive - iloilonhs.edu.ph\Desktop\nasyo_integrated_2\public\index.php(36): CodeIgniter\CodeIgniter->run()
#5 C:\Users\yvesk\OneDrive - iloilonhs.edu.ph\Desktop\nasyo_integrated_2\vendor\codeigniter4\framework\system\Commands\Server\rewrite.php(43): require_once('C:\\Users\\yvesk\\...')
#6 {main}
CRITICAL - 2023-07-22 20:32:00 --> Argument 1 passed to CodeIgniter\HTTP\RedirectResponse::to() must be of the type string, null given, called in C:\Users\yvesk\OneDrive - iloilonhs.edu.ph\Desktop\nasyo_integrated_2\app\Controllers\Enrollment.php on line 931
#0 C:\Users\yvesk\OneDrive - iloilonhs.edu.ph\Desktop\nasyo_integrated_2\app\Controllers\Enrollment.php(931): CodeIgniter\HTTP\RedirectResponse->to(NULL)
#1 C:\Users\yvesk\OneDrive - iloilonhs.edu.ph\Desktop\nasyo_integrated_2\vendor\codeigniter4\framework\system\CodeIgniter.php(802): App\Controllers\Enrollment->generateEF()
#2 C:\Users\yvesk\OneDrive - iloilonhs.edu.ph\Desktop\nasyo_integrated_2\vendor\codeigniter4\framework\system\CodeIgniter.php(399): CodeIgniter\CodeIgniter->runController(Object(App\Controllers\Enrollment))
#3 C:\Users\yvesk\OneDrive - iloilonhs.edu.ph\Desktop\nasyo_integrated_2\vendor\codeigniter4\framework\system\CodeIgniter.php(317): CodeIgniter\CodeIgniter->handleRequest(NULL, Object(Config\Cache), false)
#4 C:\Users\yvesk\OneDrive - iloilonhs.edu.ph\Desktop\nasyo_integrated_2\public\index.php(36): CodeIgniter\CodeIgniter->run()
#5 C:\Users\yvesk\OneDrive - iloilonhs.edu.ph\Desktop\nasyo_integrated_2\vendor\codeigniter4\framework\system\Commands\Server\rewrite.php(43): require_once('C:\\Users\\yvesk\\...')
#6 {main}
CRITICAL - 2023-07-22 20:32:54 --> Argument 1 passed to CodeIgniter\HTTP\RedirectResponse::to() must be of the type string, null given, called in C:\Users\yvesk\OneDrive - iloilonhs.edu.ph\Desktop\nasyo_integrated_2\app\Controllers\Enrollment.php on line 931
#0 C:\Users\yvesk\OneDrive - iloilonhs.edu.ph\Desktop\nasyo_integrated_2\app\Controllers\Enrollment.php(931): CodeIgniter\HTTP\RedirectResponse->to(NULL)
#1 C:\Users\yvesk\OneDrive - iloilonhs.edu.ph\Desktop\nasyo_integrated_2\vendor\codeigniter4\framework\system\CodeIgniter.php(802): App\Controllers\Enrollment->generateEF()
#2 C:\Users\yvesk\OneDrive - iloilonhs.edu.ph\Desktop\nasyo_integrated_2\vendor\codeigniter4\framework\system\CodeIgniter.php(399): CodeIgniter\CodeIgniter->runController(Object(App\Controllers\Enrollment))
#3 C:\Users\yvesk\OneDrive - iloilonhs.edu.ph\Desktop\nasyo_integrated_2\vendor\codeigniter4\framework\system\CodeIgniter.php(317): CodeIgniter\CodeIgniter->handleRequest(NULL, Object(Config\Cache), false)
#4 C:\Users\yvesk\OneDrive - iloilonhs.edu.ph\Desktop\nasyo_integrated_2\public\index.php(36): CodeIgniter\CodeIgniter->run()
#5 C:\Users\yvesk\OneDrive - iloilonhs.edu.ph\Desktop\nasyo_integrated_2\vendor\codeigniter4\framework\system\Commands\Server\rewrite.php(43): require_once('C:\\Users\\yvesk\\...')
#6 {main}
CRITICAL - 2023-07-22 20:33:26 --> Argument 1 passed to CodeIgniter\HTTP\RedirectResponse::to() must be of the type string, null given, called in C:\Users\yvesk\OneDrive - iloilonhs.edu.ph\Desktop\nasyo_integrated_2\app\Controllers\Enrollment.php on line 931
#0 C:\Users\yvesk\OneDrive - iloilonhs.edu.ph\Desktop\nasyo_integrated_2\app\Controllers\Enrollment.php(931): CodeIgniter\HTTP\RedirectResponse->to(NULL)
#1 C:\Users\yvesk\OneDrive - iloilonhs.edu.ph\Desktop\nasyo_integrated_2\vendor\codeigniter4\framework\system\CodeIgniter.php(802): App\Controllers\Enrollment->generateEF()
#2 C:\Users\yvesk\OneDrive - iloilonhs.edu.ph\Desktop\nasyo_integrated_2\vendor\codeigniter4\framework\system\CodeIgniter.php(399): CodeIgniter\CodeIgniter->runController(Object(App\Controllers\Enrollment))
#3 C:\Users\yvesk\OneDrive - iloilonhs.edu.ph\Desktop\nasyo_integrated_2\vendor\codeigniter4\framework\system\CodeIgniter.php(317): CodeIgniter\CodeIgniter->handleRequest(NULL, Object(Config\Cache), false)
#4 C:\Users\yvesk\OneDrive - iloilonhs.edu.ph\Desktop\nasyo_integrated_2\public\index.php(36): CodeIgniter\CodeIgniter->run()
#5 C:\Users\yvesk\OneDrive - iloilonhs.edu.ph\Desktop\nasyo_integrated_2\vendor\codeigniter4\framework\system\Commands\Server\rewrite.php(43): require_once('C:\\Users\\yvesk\\...')
#6 {main}
CRITICAL - 2023-07-22 20:33:34 --> Argument 1 passed to CodeIgniter\HTTP\RedirectResponse::to() must be of the type string, null given, called in C:\Users\yvesk\OneDrive - iloilonhs.edu.ph\Desktop\nasyo_integrated_2\app\Controllers\Enrollment.php on line 931
#0 C:\Users\yvesk\OneDrive - iloilonhs.edu.ph\Desktop\nasyo_integrated_2\app\Controllers\Enrollment.php(931): CodeIgniter\HTTP\RedirectResponse->to(NULL)
#1 C:\Users\yvesk\OneDrive - iloilonhs.edu.ph\Desktop\nasyo_integrated_2\vendor\codeigniter4\framework\system\CodeIgniter.php(802): App\Controllers\Enrollment->generateEF()
#2 C:\Users\yvesk\OneDrive - iloilonhs.edu.ph\Desktop\nasyo_integrated_2\vendor\codeigniter4\framework\system\CodeIgniter.php(399): CodeIgniter\CodeIgniter->runController(Object(App\Controllers\Enrollment))
#3 C:\Users\yvesk\OneDrive - iloilonhs.edu.ph\Desktop\nasyo_integrated_2\vendor\codeigniter4\framework\system\CodeIgniter.php(317): CodeIgniter\CodeIgniter->handleRequest(NULL, Object(Config\Cache), false)
#4 C:\Users\yvesk\OneDrive - iloilonhs.edu.ph\Desktop\nasyo_integrated_2\public\index.php(36): CodeIgniter\CodeIgniter->run()
#5 C:\Users\yvesk\OneDrive - iloilonhs.edu.ph\Desktop\nasyo_integrated_2\vendor\codeigniter4\framework\system\Commands\Server\rewrite.php(43): require_once('C:\\Users\\yvesk\\...')
#6 {main}
CRITICAL - 2023-07-22 20:34:09 --> Argument 1 passed to CodeIgniter\HTTP\RedirectResponse::to() must be of the type string, null given, called in C:\Users\yvesk\OneDrive - iloilonhs.edu.ph\Desktop\nasyo_integrated_2\app\Controllers\Enrollment.php on line 929
#0 C:\Users\yvesk\OneDrive - iloilonhs.edu.ph\Desktop\nasyo_integrated_2\app\Controllers\Enrollment.php(929): CodeIgniter\HTTP\RedirectResponse->to(NULL)
#1 C:\Users\yvesk\OneDrive - iloilonhs.edu.ph\Desktop\nasyo_integrated_2\vendor\codeigniter4\framework\system\CodeIgniter.php(802): App\Controllers\Enrollment->generateEF()
#2 C:\Users\yvesk\OneDrive - iloilonhs.edu.ph\Desktop\nasyo_integrated_2\vendor\codeigniter4\framework\system\CodeIgniter.php(399): CodeIgniter\CodeIgniter->runController(Object(App\Controllers\Enrollment))
#3 C:\Users\yvesk\OneDrive - iloilonhs.edu.ph\Desktop\nasyo_integrated_2\vendor\codeigniter4\framework\system\CodeIgniter.php(317): CodeIgniter\CodeIgniter->handleRequest(NULL, Object(Config\Cache), false)
#4 C:\Users\yvesk\OneDrive - iloilonhs.edu.ph\Desktop\nasyo_integrated_2\public\index.php(36): CodeIgniter\CodeIgniter->run()
#5 C:\Users\yvesk\OneDrive - iloilonhs.edu.ph\Desktop\nasyo_integrated_2\vendor\codeigniter4\framework\system\Commands\Server\rewrite.php(43): require_once('C:\\Users\\yvesk\\...')
#6 {main}
CRITICAL - 2023-07-22 20:34:29 --> Argument 1 passed to CodeIgniter\HTTP\RedirectResponse::to() must be of the type string, null given, called in C:\Users\yvesk\OneDrive - iloilonhs.edu.ph\Desktop\nasyo_integrated_2\app\Controllers\Enrollment.php on line 929
#0 C:\Users\yvesk\OneDrive - iloilonhs.edu.ph\Desktop\nasyo_integrated_2\app\Controllers\Enrollment.php(929): CodeIgniter\HTTP\RedirectResponse->to(NULL)
#1 C:\Users\yvesk\OneDrive - iloilonhs.edu.ph\Desktop\nasyo_integrated_2\vendor\codeigniter4\framework\system\CodeIgniter.php(802): App\Controllers\Enrollment->generateEF()
#2 C:\Users\yvesk\OneDrive - iloilonhs.edu.ph\Desktop\nasyo_integrated_2\vendor\codeigniter4\framework\system\CodeIgniter.php(399): CodeIgniter\CodeIgniter->runController(Object(App\Controllers\Enrollment))
#3 C:\Users\yvesk\OneDrive - iloilonhs.edu.ph\Desktop\nasyo_integrated_2\vendor\codeigniter4\framework\system\CodeIgniter.php(317): CodeIgniter\CodeIgniter->handleRequest(NULL, Object(Config\Cache), false)
#4 C:\Users\yvesk\OneDrive - iloilonhs.edu.ph\Desktop\nasyo_integrated_2\public\index.php(36): CodeIgniter\CodeIgniter->run()
#5 C:\Users\yvesk\OneDrive - iloilonhs.edu.ph\Desktop\nasyo_integrated_2\vendor\codeigniter4\framework\system\Commands\Server\rewrite.php(43): require_once('C:\\Users\\yvesk\\...')
#6 {main}
CRITICAL - 2023-07-22 20:34:34 --> Argument 1 passed to CodeIgniter\HTTP\RedirectResponse::to() must be of the type string, null given, called in C:\Users\yvesk\OneDrive - iloilonhs.edu.ph\Desktop\nasyo_integrated_2\app\Controllers\Enrollment.php on line 929
#0 C:\Users\yvesk\OneDrive - iloilonhs.edu.ph\Desktop\nasyo_integrated_2\app\Controllers\Enrollment.php(929): CodeIgniter\HTTP\RedirectResponse->to(NULL)
#1 C:\Users\yvesk\OneDrive - iloilonhs.edu.ph\Desktop\nasyo_integrated_2\vendor\codeigniter4\framework\system\CodeIgniter.php(802): App\Controllers\Enrollment->generateEF()
#2 C:\Users\yvesk\OneDrive - iloilonhs.edu.ph\Desktop\nasyo_integrated_2\vendor\codeigniter4\framework\system\CodeIgniter.php(399): CodeIgniter\CodeIgniter->runController(Object(App\Controllers\Enrollment))
#3 C:\Users\yvesk\OneDrive - iloilonhs.edu.ph\Desktop\nasyo_integrated_2\vendor\codeigniter4\framework\system\CodeIgniter.php(317): CodeIgniter\CodeIgniter->handleRequest(NULL, Object(Config\Cache), false)
#4 C:\Users\yvesk\OneDrive - iloilonhs.edu.ph\Desktop\nasyo_integrated_2\public\index.php(36): CodeIgniter\CodeIgniter->run()
#5 C:\Users\yvesk\OneDrive - iloilonhs.edu.ph\Desktop\nasyo_integrated_2\vendor\codeigniter4\framework\system\Commands\Server\rewrite.php(43): require_once('C:\\Users\\yvesk\\...')
#6 {main}
CRITICAL - 2023-07-22 20:34:39 --> Argument 1 passed to CodeIgniter\HTTP\RedirectResponse::to() must be of the type string, null given, called in C:\Users\yvesk\OneDrive - iloilonhs.edu.ph\Desktop\nasyo_integrated_2\app\Controllers\Enrollment.php on line 929
#0 C:\Users\yvesk\OneDrive - iloilonhs.edu.ph\Desktop\nasyo_integrated_2\app\Controllers\Enrollment.php(929): CodeIgniter\HTTP\RedirectResponse->to(NULL)
#1 C:\Users\yvesk\OneDrive - iloilonhs.edu.ph\Desktop\nasyo_integrated_2\vendor\codeigniter4\framework\system\CodeIgniter.php(802): App\Controllers\Enrollment->generateEF()
#2 C:\Users\yvesk\OneDrive - iloilonhs.edu.ph\Desktop\nasyo_integrated_2\vendor\codeigniter4\framework\system\CodeIgniter.php(399): CodeIgniter\CodeIgniter->runController(Object(App\Controllers\Enrollment))
#3 C:\Users\yvesk\OneDrive - iloilonhs.edu.ph\Desktop\nasyo_integrated_2\vendor\codeigniter4\framework\system\CodeIgniter.php(317): CodeIgniter\CodeIgniter->handleRequest(NULL, Object(Config\Cache), false)
#4 C:\Users\yvesk\OneDrive - iloilonhs.edu.ph\Desktop\nasyo_integrated_2\public\index.php(36): CodeIgniter\CodeIgniter->run()
#5 C:\Users\yvesk\OneDrive - iloilonhs.edu.ph\Desktop\nasyo_integrated_2\vendor\codeigniter4\framework\system\Commands\Server\rewrite.php(43): require_once('C:\\Users\\yvesk\\...')
#6 {main}
