CRITICAL - 2022-06-17 03:38:14 --> Trying to access array offset on value of type null
#0 C:\Users\SERVER\Desktop\ICTD_INHS_WEBSITE\INHS_Integrated_v3\app\Views\f_application\application_header.php(100): CodeIgniter\Debug\Exceptions->errorHandler(2, 'Trying to acces...', 'C:\\Users\\SERVER...', 100)
#1 C:\Users\SERVER\Desktop\ICTD_INHS_WEBSITE\INHS_Integrated_v3\vendor\codeigniter4\framework\system\View\View.php(230): include('C:\\Users\\SERVER...')
#2 C:\Users\SERVER\Desktop\ICTD_INHS_WEBSITE\INHS_Integrated_v3\vendor\codeigniter4\framework\system\View\View.php(232): CodeIgniter\View\View->CodeIgniter\View\{closure}()
#3 C:\Users\SERVER\Desktop\ICTD_INHS_WEBSITE\INHS_Integrated_v3\vendor\codeigniter4\framework\system\Common.php(1250): CodeIgniter\View\View->render('f_application/a...', Array, true)
#4 C:\Users\SERVER\Desktop\ICTD_INHS_WEBSITE\INHS_Integrated_v3\app\Controllers\Application.php(840): view('f_application/a...', Array)
#5 C:\Users\SERVER\Desktop\ICTD_INHS_WEBSITE\INHS_Integrated_v3\vendor\codeigniter4\framework\system\CodeIgniter.php(931): App\Controllers\Application->reprocessAppForm()
#6 C:\Users\SERVER\Desktop\ICTD_INHS_WEBSITE\INHS_Integrated_v3\vendor\codeigniter4\framework\system\CodeIgniter.php(439): CodeIgniter\CodeIgniter->runController(Object(App\Controllers\Application))
#7 C:\Users\SERVER\Desktop\ICTD_INHS_WEBSITE\INHS_Integrated_v3\vendor\codeigniter4\framework\system\CodeIgniter.php(339): CodeIgniter\CodeIgniter->handleRequest(NULL, Object(Config\Cache), false)
#8 C:\Users\SERVER\Desktop\ICTD_INHS_WEBSITE\INHS_Integrated_v3\public\index.php(36): CodeIgniter\CodeIgniter->run()
#9 C:\Users\SERVER\Desktop\ICTD_INHS_WEBSITE\INHS_Integrated_v3\vendor\codeigniter4\framework\system\Commands\Server\rewrite.php(45): require_once('C:\\Users\\SERVER...')
#10 {main}
CRITICAL - 2022-06-17 03:49:41 --> Trying to access array offset on value of type null
#0 C:\Users\SERVER\Desktop\ICTD_INHS_WEBSITE\INHS_Integrated_v3\app\Controllers\Application.php(1051): CodeIgniter\Debug\Exceptions->errorHandler(2, 'Trying to acces...', 'C:\\Users\\SERVER...', 1051)
#1 C:\Users\SERVER\Desktop\ICTD_INHS_WEBSITE\INHS_Integrated_v3\vendor\codeigniter4\framework\system\CodeIgniter.php(931): App\Controllers\Application->viewProfile()
#2 C:\Users\SERVER\Desktop\ICTD_INHS_WEBSITE\INHS_Integrated_v3\vendor\codeigniter4\framework\system\CodeIgniter.php(439): CodeIgniter\CodeIgniter->runController(Object(App\Controllers\Application))
#3 C:\Users\SERVER\Desktop\ICTD_INHS_WEBSITE\INHS_Integrated_v3\vendor\codeigniter4\framework\system\CodeIgniter.php(339): CodeIgniter\CodeIgniter->handleRequest(NULL, Object(Config\Cache), false)
#4 C:\Users\SERVER\Desktop\ICTD_INHS_WEBSITE\INHS_Integrated_v3\public\index.php(36): CodeIgniter\CodeIgniter->run()
#5 C:\Users\SERVER\Desktop\ICTD_INHS_WEBSITE\INHS_Integrated_v3\vendor\codeigniter4\framework\system\Commands\Server\rewrite.php(45): require_once('C:\\Users\\SERVER...')
#6 {main}
CRITICAL - 2022-06-17 03:49:48 --> Trying to access array offset on value of type null
#0 C:\Users\SERVER\Desktop\ICTD_INHS_WEBSITE\INHS_Integrated_v3\app\Controllers\Application.php(1010): CodeIgniter\Debug\Exceptions->errorHandler(2, 'Trying to acces...', 'C:\\Users\\SERVER...', 1010)
#1 C:\Users\SERVER\Desktop\ICTD_INHS_WEBSITE\INHS_Integrated_v3\vendor\codeigniter4\framework\system\CodeIgniter.php(931): App\Controllers\Application->viewApplication()
#2 C:\Users\SERVER\Desktop\ICTD_INHS_WEBSITE\INHS_Integrated_v3\vendor\codeigniter4\framework\system\CodeIgniter.php(439): CodeIgniter\CodeIgniter->runController(Object(App\Controllers\Application))
#3 C:\Users\SERVER\Desktop\ICTD_INHS_WEBSITE\INHS_Integrated_v3\vendor\codeigniter4\framework\system\CodeIgniter.php(339): CodeIgniter\CodeIgniter->handleRequest(NULL, Object(Config\Cache), false)
#4 C:\Users\SERVER\Desktop\ICTD_INHS_WEBSITE\INHS_Integrated_v3\public\index.php(36): CodeIgniter\CodeIgniter->run()
#5 C:\Users\SERVER\Desktop\ICTD_INHS_WEBSITE\INHS_Integrated_v3\vendor\codeigniter4\framework\system\Commands\Server\rewrite.php(45): require_once('C:\\Users\\SERVER...')
#6 {main}
CRITICAL - 2022-06-17 03:49:50 --> Trying to access array offset on value of type null
#0 C:\Users\SERVER\Desktop\ICTD_INHS_WEBSITE\INHS_Integrated_v3\app\Controllers\Application.php(1051): CodeIgniter\Debug\Exceptions->errorHandler(2, 'Trying to acces...', 'C:\\Users\\SERVER...', 1051)
#1 C:\Users\SERVER\Desktop\ICTD_INHS_WEBSITE\INHS_Integrated_v3\vendor\codeigniter4\framework\system\CodeIgniter.php(931): App\Controllers\Application->viewProfile()
#2 C:\Users\SERVER\Desktop\ICTD_INHS_WEBSITE\INHS_Integrated_v3\vendor\codeigniter4\framework\system\CodeIgniter.php(439): CodeIgniter\CodeIgniter->runController(Object(App\Controllers\Application))
#3 C:\Users\SERVER\Desktop\ICTD_INHS_WEBSITE\INHS_Integrated_v3\vendor\codeigniter4\framework\system\CodeIgniter.php(339): CodeIgniter\CodeIgniter->handleRequest(NULL, Object(Config\Cache), false)
#4 C:\Users\SERVER\Desktop\ICTD_INHS_WEBSITE\INHS_Integrated_v3\public\index.php(36): CodeIgniter\CodeIgniter->run()
#5 C:\Users\SERVER\Desktop\ICTD_INHS_WEBSITE\INHS_Integrated_v3\vendor\codeigniter4\framework\system\Commands\Server\rewrite.php(45): require_once('C:\\Users\\SERVER...')
#6 {main}
CRITICAL - 2022-06-17 03:49:50 --> Trying to access array offset on value of type null
#0 C:\Users\SERVER\Desktop\ICTD_INHS_WEBSITE\INHS_Integrated_v3\app\Controllers\Application.php(1051): CodeIgniter\Debug\Exceptions->errorHandler(2, 'Trying to acces...', 'C:\\Users\\SERVER...', 1051)
#1 C:\Users\SERVER\Desktop\ICTD_INHS_WEBSITE\INHS_Integrated_v3\vendor\codeigniter4\framework\system\CodeIgniter.php(931): App\Controllers\Application->viewProfile()
#2 C:\Users\SERVER\Desktop\ICTD_INHS_WEBSITE\INHS_Integrated_v3\vendor\codeigniter4\framework\system\CodeIgniter.php(439): CodeIgniter\CodeIgniter->runController(Object(App\Controllers\Application))
#3 C:\Users\SERVER\Desktop\ICTD_INHS_WEBSITE\INHS_Integrated_v3\vendor\codeigniter4\framework\system\CodeIgniter.php(339): CodeIgniter\CodeIgniter->handleRequest(NULL, Object(Config\Cache), false)
#4 C:\Users\SERVER\Desktop\ICTD_INHS_WEBSITE\INHS_Integrated_v3\public\index.php(36): CodeIgniter\CodeIgniter->run()
#5 C:\Users\SERVER\Desktop\ICTD_INHS_WEBSITE\INHS_Integrated_v3\vendor\codeigniter4\framework\system\Commands\Server\rewrite.php(45): require_once('C:\\Users\\SERVER...')
#6 {main}
CRITICAL - 2022-06-17 07:58:24 --> Trying to access array offset on value of type null
#0 C:\Users\SERVER\Desktop\ICTD_INHS_WEBSITE\INHS_Integrated_v3\app\Views\f_application\application_header.php(100): CodeIgniter\Debug\Exceptions->errorHandler(2, 'Trying to acces...', 'C:\\Users\\SERVER...', 100)
#1 C:\Users\SERVER\Desktop\ICTD_INHS_WEBSITE\INHS_Integrated_v3\vendor\codeigniter4\framework\system\View\View.php(230): include('C:\\Users\\SERVER...')
#2 C:\Users\SERVER\Desktop\ICTD_INHS_WEBSITE\INHS_Integrated_v3\vendor\codeigniter4\framework\system\View\View.php(232): CodeIgniter\View\View->CodeIgniter\View\{closure}()
#3 C:\Users\SERVER\Desktop\ICTD_INHS_WEBSITE\INHS_Integrated_v3\vendor\codeigniter4\framework\system\Common.php(1250): CodeIgniter\View\View->render('f_application/a...', Array, true)
#4 C:\Users\SERVER\Desktop\ICTD_INHS_WEBSITE\INHS_Integrated_v3\app\Controllers\Application.php(840): view('f_application/a...', Array)
#5 C:\Users\SERVER\Desktop\ICTD_INHS_WEBSITE\INHS_Integrated_v3\vendor\codeigniter4\framework\system\CodeIgniter.php(931): App\Controllers\Application->reprocessAppForm()
#6 C:\Users\SERVER\Desktop\ICTD_INHS_WEBSITE\INHS_Integrated_v3\vendor\codeigniter4\framework\system\CodeIgniter.php(439): CodeIgniter\CodeIgniter->runController(Object(App\Controllers\Application))
#7 C:\Users\SERVER\Desktop\ICTD_INHS_WEBSITE\INHS_Integrated_v3\vendor\codeigniter4\framework\system\CodeIgniter.php(339): CodeIgniter\CodeIgniter->handleRequest(NULL, Object(Config\Cache), false)
#8 C:\Users\SERVER\Desktop\ICTD_INHS_WEBSITE\INHS_Integrated_v3\public\index.php(36): CodeIgniter\CodeIgniter->run()
#9 C:\Users\SERVER\Desktop\ICTD_INHS_WEBSITE\INHS_Integrated_v3\vendor\codeigniter4\framework\system\Commands\Server\rewrite.php(45): require_once('C:\\Users\\SERVER...')
#10 {main}
CRITICAL - 2022-06-17 07:58:35 --> Trying to access array offset on value of type null
#0 C:\Users\SERVER\Desktop\ICTD_INHS_WEBSITE\INHS_Integrated_v3\app\Views\f_application\application_header.php(100): CodeIgniter\Debug\Exceptions->errorHandler(2, 'Trying to acces...', 'C:\\Users\\SERVER...', 100)
#1 C:\Users\SERVER\Desktop\ICTD_INHS_WEBSITE\INHS_Integrated_v3\vendor\codeigniter4\framework\system\View\View.php(230): include('C:\\Users\\SERVER...')
#2 C:\Users\SERVER\Desktop\ICTD_INHS_WEBSITE\INHS_Integrated_v3\vendor\codeigniter4\framework\system\View\View.php(232): CodeIgniter\View\View->CodeIgniter\View\{closure}()
#3 C:\Users\SERVER\Desktop\ICTD_INHS_WEBSITE\INHS_Integrated_v3\vendor\codeigniter4\framework\system\Common.php(1250): CodeIgniter\View\View->render('f_application/a...', Array, true)
#4 C:\Users\SERVER\Desktop\ICTD_INHS_WEBSITE\INHS_Integrated_v3\app\Controllers\Application.php(840): view('f_application/a...', Array)
#5 C:\Users\SERVER\Desktop\ICTD_INHS_WEBSITE\INHS_Integrated_v3\vendor\codeigniter4\framework\system\CodeIgniter.php(931): App\Controllers\Application->reprocessAppForm()
#6 C:\Users\SERVER\Desktop\ICTD_INHS_WEBSITE\INHS_Integrated_v3\vendor\codeigniter4\framework\system\CodeIgniter.php(439): CodeIgniter\CodeIgniter->runController(Object(App\Controllers\Application))
#7 C:\Users\SERVER\Desktop\ICTD_INHS_WEBSITE\INHS_Integrated_v3\vendor\codeigniter4\framework\system\CodeIgniter.php(339): CodeIgniter\CodeIgniter->handleRequest(NULL, Object(Config\Cache), false)
#8 C:\Users\SERVER\Desktop\ICTD_INHS_WEBSITE\INHS_Integrated_v3\public\index.php(36): CodeIgniter\CodeIgniter->run()
#9 C:\Users\SERVER\Desktop\ICTD_INHS_WEBSITE\INHS_Integrated_v3\vendor\codeigniter4\framework\system\Commands\Server\rewrite.php(45): require_once('C:\\Users\\SERVER...')
#10 {main}
CRITICAL - 2022-06-17 16:27:33 --> Trying to access array offset on value of type null
#0 C:\Users\SERVER\Desktop\ICTD_INHS_WEBSITE\INHS_Integrated_v3\app\Controllers\Application.php(1051): CodeIgniter\Debug\Exceptions->errorHandler(2, 'Trying to acces...', 'C:\\Users\\SERVER...', 1051)
#1 C:\Users\SERVER\Desktop\ICTD_INHS_WEBSITE\INHS_Integrated_v3\vendor\codeigniter4\framework\system\CodeIgniter.php(931): App\Controllers\Application->viewProfile()
#2 C:\Users\SERVER\Desktop\ICTD_INHS_WEBSITE\INHS_Integrated_v3\vendor\codeigniter4\framework\system\CodeIgniter.php(439): CodeIgniter\CodeIgniter->runController(Object(App\Controllers\Application))
#3 C:\Users\SERVER\Desktop\ICTD_INHS_WEBSITE\INHS_Integrated_v3\vendor\codeigniter4\framework\system\CodeIgniter.php(339): CodeIgniter\CodeIgniter->handleRequest(NULL, Object(Config\Cache), false)
#4 C:\Users\SERVER\Desktop\ICTD_INHS_WEBSITE\INHS_Integrated_v3\public\index.php(36): CodeIgniter\CodeIgniter->run()
#5 C:\Users\SERVER\Desktop\ICTD_INHS_WEBSITE\INHS_Integrated_v3\vendor\codeigniter4\framework\system\Commands\Server\rewrite.php(45): require_once('C:\\Users\\SERVER...')
#6 {main}
CRITICAL - 2022-06-17 16:27:37 --> Trying to access array offset on value of type null
#0 C:\Users\SERVER\Desktop\ICTD_INHS_WEBSITE\INHS_Integrated_v3\app\Controllers\Application.php(1051): CodeIgniter\Debug\Exceptions->errorHandler(2, 'Trying to acces...', 'C:\\Users\\SERVER...', 1051)
#1 C:\Users\SERVER\Desktop\ICTD_INHS_WEBSITE\INHS_Integrated_v3\vendor\codeigniter4\framework\system\CodeIgniter.php(931): App\Controllers\Application->viewProfile()
#2 C:\Users\SERVER\Desktop\ICTD_INHS_WEBSITE\INHS_Integrated_v3\vendor\codeigniter4\framework\system\CodeIgniter.php(439): CodeIgniter\CodeIgniter->runController(Object(App\Controllers\Application))
#3 C:\Users\SERVER\Desktop\ICTD_INHS_WEBSITE\INHS_Integrated_v3\vendor\codeigniter4\framework\system\CodeIgniter.php(339): CodeIgniter\CodeIgniter->handleRequest(NULL, Object(Config\Cache), false)
#4 C:\Users\SERVER\Desktop\ICTD_INHS_WEBSITE\INHS_Integrated_v3\public\index.php(36): CodeIgniter\CodeIgniter->run()
#5 C:\Users\SERVER\Desktop\ICTD_INHS_WEBSITE\INHS_Integrated_v3\vendor\codeigniter4\framework\system\Commands\Server\rewrite.php(45): require_once('C:\\Users\\SERVER...')
#6 {main}
CRITICAL - 2022-06-17 19:02:12 --> Trying to access array offset on value of type null
#0 C:\Users\SERVER\Desktop\ICTD_INHS_WEBSITE\INHS_Integrated_v3\app\Views\f_application\application_header.php(100): CodeIgniter\Debug\Exceptions->errorHandler(2, 'Trying to acces...', 'C:\\Users\\SERVER...', 100)
#1 C:\Users\SERVER\Desktop\ICTD_INHS_WEBSITE\INHS_Integrated_v3\vendor\codeigniter4\framework\system\View\View.php(230): include('C:\\Users\\SERVER...')
#2 C:\Users\SERVER\Desktop\ICTD_INHS_WEBSITE\INHS_Integrated_v3\vendor\codeigniter4\framework\system\View\View.php(232): CodeIgniter\View\View->CodeIgniter\View\{closure}()
#3 C:\Users\SERVER\Desktop\ICTD_INHS_WEBSITE\INHS_Integrated_v3\vendor\codeigniter4\framework\system\Common.php(1250): CodeIgniter\View\View->render('f_application/a...', Array, true)
#4 C:\Users\SERVER\Desktop\ICTD_INHS_WEBSITE\INHS_Integrated_v3\app\Controllers\Application.php(221): view('f_application/a...', Array)
#5 C:\Users\SERVER\Desktop\ICTD_INHS_WEBSITE\INHS_Integrated_v3\vendor\codeigniter4\framework\system\CodeIgniter.php(931): App\Controllers\Application->getForm()
#6 C:\Users\SERVER\Desktop\ICTD_INHS_WEBSITE\INHS_Integrated_v3\vendor\codeigniter4\framework\system\CodeIgniter.php(439): CodeIgniter\CodeIgniter->runController(Object(App\Controllers\Application))
#7 C:\Users\SERVER\Desktop\ICTD_INHS_WEBSITE\INHS_Integrated_v3\vendor\codeigniter4\framework\system\CodeIgniter.php(339): CodeIgniter\CodeIgniter->handleRequest(NULL, Object(Config\Cache), false)
#8 C:\Users\SERVER\Desktop\ICTD_INHS_WEBSITE\INHS_Integrated_v3\public\index.php(36): CodeIgniter\CodeIgniter->run()
#9 C:\Users\SERVER\Desktop\ICTD_INHS_WEBSITE\INHS_Integrated_v3\vendor\codeigniter4\framework\system\Commands\Server\rewrite.php(45): require_once('C:\\Users\\SERVER...')
#10 {main}
CRITICAL - 2022-06-17 19:40:47 --> Trying to access array offset on value of type null
#0 C:\Users\SERVER\Desktop\ICTD_INHS_WEBSITE\INHS_Integrated_v3\app\Controllers\Application.php(1010): CodeIgniter\Debug\Exceptions->errorHandler(2, 'Trying to acces...', 'C:\\Users\\SERVER...', 1010)
#1 C:\Users\SERVER\Desktop\ICTD_INHS_WEBSITE\INHS_Integrated_v3\vendor\codeigniter4\framework\system\CodeIgniter.php(931): App\Controllers\Application->viewApplication()
#2 C:\Users\SERVER\Desktop\ICTD_INHS_WEBSITE\INHS_Integrated_v3\vendor\codeigniter4\framework\system\CodeIgniter.php(439): CodeIgniter\CodeIgniter->runController(Object(App\Controllers\Application))
#3 C:\Users\SERVER\Desktop\ICTD_INHS_WEBSITE\INHS_Integrated_v3\vendor\codeigniter4\framework\system\CodeIgniter.php(339): CodeIgniter\CodeIgniter->handleRequest(NULL, Object(Config\Cache), false)
#4 C:\Users\SERVER\Desktop\ICTD_INHS_WEBSITE\INHS_Integrated_v3\public\index.php(36): CodeIgniter\CodeIgniter->run()
#5 C:\Users\SERVER\Desktop\ICTD_INHS_WEBSITE\INHS_Integrated_v3\vendor\codeigniter4\framework\system\Commands\Server\rewrite.php(45): require_once('C:\\Users\\SERVER...')
#6 {main}
CRITICAL - 2022-06-17 20:38:48 --> Trying to access array offset on value of type null
#0 C:\Users\SERVER\Desktop\ICTD_INHS_WEBSITE\INHS_Integrated_v3\app\Views\f_application\application_header.php(100): CodeIgniter\Debug\Exceptions->errorHandler(2, 'Trying to acces...', 'C:\\Users\\SERVER...', 100)
#1 C:\Users\SERVER\Desktop\ICTD_INHS_WEBSITE\INHS_Integrated_v3\vendor\codeigniter4\framework\system\View\View.php(230): include('C:\\Users\\SERVER...')
#2 C:\Users\SERVER\Desktop\ICTD_INHS_WEBSITE\INHS_Integrated_v3\vendor\codeigniter4\framework\system\View\View.php(232): CodeIgniter\View\View->CodeIgniter\View\{closure}()
#3 C:\Users\SERVER\Desktop\ICTD_INHS_WEBSITE\INHS_Integrated_v3\vendor\codeigniter4\framework\system\Common.php(1250): CodeIgniter\View\View->render('f_application/a...', Array, true)
#4 C:\Users\SERVER\Desktop\ICTD_INHS_WEBSITE\INHS_Integrated_v3\app\Controllers\Application.php(221): view('f_application/a...', Array)
#5 C:\Users\SERVER\Desktop\ICTD_INHS_WEBSITE\INHS_Integrated_v3\vendor\codeigniter4\framework\system\CodeIgniter.php(931): App\Controllers\Application->getForm()
#6 C:\Users\SERVER\Desktop\ICTD_INHS_WEBSITE\INHS_Integrated_v3\vendor\codeigniter4\framework\system\CodeIgniter.php(439): CodeIgniter\CodeIgniter->runController(Object(App\Controllers\Application))
#7 C:\Users\SERVER\Desktop\ICTD_INHS_WEBSITE\INHS_Integrated_v3\vendor\codeigniter4\framework\system\CodeIgniter.php(339): CodeIgniter\CodeIgniter->handleRequest(NULL, Object(Config\Cache), false)
#8 C:\Users\SERVER\Desktop\ICTD_INHS_WEBSITE\INHS_Integrated_v3\public\index.php(36): CodeIgniter\CodeIgniter->run()
#9 C:\Users\SERVER\Desktop\ICTD_INHS_WEBSITE\INHS_Integrated_v3\vendor\codeigniter4\framework\system\Commands\Server\rewrite.php(45): require_once('C:\\Users\\SERVER...')
#10 {main}
CRITICAL - 2022-06-17 22:35:12 --> Trying to access array offset on value of type null
#0 C:\Users\SERVER\Desktop\ICTD_INHS_WEBSITE\INHS_Integrated_v3\app\Views\f_application\application_header.php(100): CodeIgniter\Debug\Exceptions->errorHandler(2, 'Trying to acces...', 'C:\\Users\\SERVER...', 100)
#1 C:\Users\SERVER\Desktop\ICTD_INHS_WEBSITE\INHS_Integrated_v3\vendor\codeigniter4\framework\system\View\View.php(230): include('C:\\Users\\SERVER...')
#2 C:\Users\SERVER\Desktop\ICTD_INHS_WEBSITE\INHS_Integrated_v3\vendor\codeigniter4\framework\system\View\View.php(232): CodeIgniter\View\View->CodeIgniter\View\{closure}()
#3 C:\Users\SERVER\Desktop\ICTD_INHS_WEBSITE\INHS_Integrated_v3\vendor\codeigniter4\framework\system\Common.php(1250): CodeIgniter\View\View->render('f_application/a...', Array, true)
#4 C:\Users\SERVER\Desktop\ICTD_INHS_WEBSITE\INHS_Integrated_v3\app\Controllers\Application.php(221): view('f_application/a...', Array)
#5 C:\Users\SERVER\Desktop\ICTD_INHS_WEBSITE\INHS_Integrated_v3\vendor\codeigniter4\framework\system\CodeIgniter.php(931): App\Controllers\Application->getForm()
#6 C:\Users\SERVER\Desktop\ICTD_INHS_WEBSITE\INHS_Integrated_v3\vendor\codeigniter4\framework\system\CodeIgniter.php(439): CodeIgniter\CodeIgniter->runController(Object(App\Controllers\Application))
#7 C:\Users\SERVER\Desktop\ICTD_INHS_WEBSITE\INHS_Integrated_v3\vendor\codeigniter4\framework\system\CodeIgniter.php(339): CodeIgniter\CodeIgniter->handleRequest(NULL, Object(Config\Cache), false)
#8 C:\Users\SERVER\Desktop\ICTD_INHS_WEBSITE\INHS_Integrated_v3\public\index.php(36): CodeIgniter\CodeIgniter->run()
#9 C:\Users\SERVER\Desktop\ICTD_INHS_WEBSITE\INHS_Integrated_v3\vendor\codeigniter4\framework\system\Commands\Server\rewrite.php(45): require_once('C:\\Users\\SERVER...')
#10 {main}
CRITICAL - 2022-06-17 22:35:14 --> Trying to access array offset on value of type null
#0 C:\Users\SERVER\Desktop\ICTD_INHS_WEBSITE\INHS_Integrated_v3\app\Views\f_application\application_header.php(100): CodeIgniter\Debug\Exceptions->errorHandler(2, 'Trying to acces...', 'C:\\Users\\SERVER...', 100)
#1 C:\Users\SERVER\Desktop\ICTD_INHS_WEBSITE\INHS_Integrated_v3\vendor\codeigniter4\framework\system\View\View.php(230): include('C:\\Users\\SERVER...')
#2 C:\Users\SERVER\Desktop\ICTD_INHS_WEBSITE\INHS_Integrated_v3\vendor\codeigniter4\framework\system\View\View.php(232): CodeIgniter\View\View->CodeIgniter\View\{closure}()
#3 C:\Users\SERVER\Desktop\ICTD_INHS_WEBSITE\INHS_Integrated_v3\vendor\codeigniter4\framework\system\Common.php(1250): CodeIgniter\View\View->render('f_application/a...', Array, true)
#4 C:\Users\SERVER\Desktop\ICTD_INHS_WEBSITE\INHS_Integrated_v3\app\Controllers\Application.php(221): view('f_application/a...', Array)
#5 C:\Users\SERVER\Desktop\ICTD_INHS_WEBSITE\INHS_Integrated_v3\vendor\codeigniter4\framework\system\CodeIgniter.php(931): App\Controllers\Application->getForm()
#6 C:\Users\SERVER\Desktop\ICTD_INHS_WEBSITE\INHS_Integrated_v3\vendor\codeigniter4\framework\system\CodeIgniter.php(439): CodeIgniter\CodeIgniter->runController(Object(App\Controllers\Application))
#7 C:\Users\SERVER\Desktop\ICTD_INHS_WEBSITE\INHS_Integrated_v3\vendor\codeigniter4\framework\system\CodeIgniter.php(339): CodeIgniter\CodeIgniter->handleRequest(NULL, Object(Config\Cache), false)
#8 C:\Users\SERVER\Desktop\ICTD_INHS_WEBSITE\INHS_Integrated_v3\public\index.php(36): CodeIgniter\CodeIgniter->run()
#9 C:\Users\SERVER\Desktop\ICTD_INHS_WEBSITE\INHS_Integrated_v3\vendor\codeigniter4\framework\system\Commands\Server\rewrite.php(45): require_once('C:\\Users\\SERVER...')
#10 {main}
