CRITICAL - 2021-12-13 01:29:03 --> Undefined variable $to
#0 C:\xampp\htdocs\NsoftDevNew\git_file\ci4\inhsDev\app\Controllers\Admission.php(310): CodeIgniter\Debug\Exceptions->errorHandler(2, 'Undefined varia...', 'C:\\xampp\\htdocs...', 310)
#1 C:\xampp\htdocs\NsoftDevNew\git_file\ci4\inhsDev\vendor\codeigniter4\framework\system\CodeIgniter.php(931): App\Controllers\Admission->acceptRequest()
#2 C:\xampp\htdocs\NsoftDevNew\git_file\ci4\inhsDev\vendor\codeigniter4\framework\system\CodeIgniter.php(439): CodeIgniter\CodeIgniter->runController(Object(App\Controllers\Admission))
#3 C:\xampp\htdocs\NsoftDevNew\git_file\ci4\inhsDev\vendor\codeigniter4\framework\system\CodeIgniter.php(339): CodeIgniter\CodeIgniter->handleRequest(NULL, Object(Config\Cache), false)
#4 C:\xampp\htdocs\NsoftDevNew\git_file\ci4\inhsDev\public\index.php(36): CodeIgniter\CodeIgniter->run()
#5 C:\xampp\htdocs\NsoftDevNew\git_file\ci4\inhsDev\vendor\codeigniter4\framework\system\Commands\Server\rewrite.php(45): require_once('C:\\xampp\\htdocs...')
#6 {main}
CRITICAL - 2021-12-13 01:29:06 --> Undefined variable $to
#0 C:\xampp\htdocs\NsoftDevNew\git_file\ci4\inhsDev\app\Controllers\Admission.php(310): CodeIgniter\Debug\Exceptions->errorHandler(2, 'Undefined varia...', 'C:\\xampp\\htdocs...', 310)
#1 C:\xampp\htdocs\NsoftDevNew\git_file\ci4\inhsDev\vendor\codeigniter4\framework\system\CodeIgniter.php(931): App\Controllers\Admission->acceptRequest()
#2 C:\xampp\htdocs\NsoftDevNew\git_file\ci4\inhsDev\vendor\codeigniter4\framework\system\CodeIgniter.php(439): CodeIgniter\CodeIgniter->runController(Object(App\Controllers\Admission))
#3 C:\xampp\htdocs\NsoftDevNew\git_file\ci4\inhsDev\vendor\codeigniter4\framework\system\CodeIgniter.php(339): CodeIgniter\CodeIgniter->handleRequest(NULL, Object(Config\Cache), false)
#4 C:\xampp\htdocs\NsoftDevNew\git_file\ci4\inhsDev\public\index.php(36): CodeIgniter\CodeIgniter->run()
#5 C:\xampp\htdocs\NsoftDevNew\git_file\ci4\inhsDev\vendor\codeigniter4\framework\system\Commands\Server\rewrite.php(45): require_once('C:\\xampp\\htdocs...')
#6 {main}
CRITICAL - 2021-12-13 01:29:08 --> Undefined variable $to
#0 C:\xampp\htdocs\NsoftDevNew\git_file\ci4\inhsDev\app\Controllers\Admission.php(310): CodeIgniter\Debug\Exceptions->errorHandler(2, 'Undefined varia...', 'C:\\xampp\\htdocs...', 310)
#1 C:\xampp\htdocs\NsoftDevNew\git_file\ci4\inhsDev\vendor\codeigniter4\framework\system\CodeIgniter.php(931): App\Controllers\Admission->acceptRequest()
#2 C:\xampp\htdocs\NsoftDevNew\git_file\ci4\inhsDev\vendor\codeigniter4\framework\system\CodeIgniter.php(439): CodeIgniter\CodeIgniter->runController(Object(App\Controllers\Admission))
#3 C:\xampp\htdocs\NsoftDevNew\git_file\ci4\inhsDev\vendor\codeigniter4\framework\system\CodeIgniter.php(339): CodeIgniter\CodeIgniter->handleRequest(NULL, Object(Config\Cache), false)
#4 C:\xampp\htdocs\NsoftDevNew\git_file\ci4\inhsDev\public\index.php(36): CodeIgniter\CodeIgniter->run()
#5 C:\xampp\htdocs\NsoftDevNew\git_file\ci4\inhsDev\vendor\codeigniter4\framework\system\Commands\Server\rewrite.php(45): require_once('C:\\xampp\\htdocs...')
#6 {main}
CRITICAL - 2021-12-13 01:29:08 --> Undefined variable $to
#0 C:\xampp\htdocs\NsoftDevNew\git_file\ci4\inhsDev\app\Controllers\Admission.php(310): CodeIgniter\Debug\Exceptions->errorHandler(2, 'Undefined varia...', 'C:\\xampp\\htdocs...', 310)
#1 C:\xampp\htdocs\NsoftDevNew\git_file\ci4\inhsDev\vendor\codeigniter4\framework\system\CodeIgniter.php(931): App\Controllers\Admission->acceptRequest()
#2 C:\xampp\htdocs\NsoftDevNew\git_file\ci4\inhsDev\vendor\codeigniter4\framework\system\CodeIgniter.php(439): CodeIgniter\CodeIgniter->runController(Object(App\Controllers\Admission))
#3 C:\xampp\htdocs\NsoftDevNew\git_file\ci4\inhsDev\vendor\codeigniter4\framework\system\CodeIgniter.php(339): CodeIgniter\CodeIgniter->handleRequest(NULL, Object(Config\Cache), false)
#4 C:\xampp\htdocs\NsoftDevNew\git_file\ci4\inhsDev\public\index.php(36): CodeIgniter\CodeIgniter->run()
#5 C:\xampp\htdocs\NsoftDevNew\git_file\ci4\inhsDev\vendor\codeigniter4\framework\system\Commands\Server\rewrite.php(45): require_once('C:\\xampp\\htdocs...')
#6 {main}
CRITICAL - 2021-12-13 01:29:08 --> Undefined variable $to
#0 C:\xampp\htdocs\NsoftDevNew\git_file\ci4\inhsDev\app\Controllers\Admission.php(310): CodeIgniter\Debug\Exceptions->errorHandler(2, 'Undefined varia...', 'C:\\xampp\\htdocs...', 310)
#1 C:\xampp\htdocs\NsoftDevNew\git_file\ci4\inhsDev\vendor\codeigniter4\framework\system\CodeIgniter.php(931): App\Controllers\Admission->acceptRequest()
#2 C:\xampp\htdocs\NsoftDevNew\git_file\ci4\inhsDev\vendor\codeigniter4\framework\system\CodeIgniter.php(439): CodeIgniter\CodeIgniter->runController(Object(App\Controllers\Admission))
#3 C:\xampp\htdocs\NsoftDevNew\git_file\ci4\inhsDev\vendor\codeigniter4\framework\system\CodeIgniter.php(339): CodeIgniter\CodeIgniter->handleRequest(NULL, Object(Config\Cache), false)
#4 C:\xampp\htdocs\NsoftDevNew\git_file\ci4\inhsDev\public\index.php(36): CodeIgniter\CodeIgniter->run()
#5 C:\xampp\htdocs\NsoftDevNew\git_file\ci4\inhsDev\vendor\codeigniter4\framework\system\Commands\Server\rewrite.php(45): require_once('C:\\xampp\\htdocs...')
#6 {main}
CRITICAL - 2021-12-13 01:29:09 --> Undefined variable $to
#0 C:\xampp\htdocs\NsoftDevNew\git_file\ci4\inhsDev\app\Controllers\Admission.php(310): CodeIgniter\Debug\Exceptions->errorHandler(2, 'Undefined varia...', 'C:\\xampp\\htdocs...', 310)
#1 C:\xampp\htdocs\NsoftDevNew\git_file\ci4\inhsDev\vendor\codeigniter4\framework\system\CodeIgniter.php(931): App\Controllers\Admission->acceptRequest()
#2 C:\xampp\htdocs\NsoftDevNew\git_file\ci4\inhsDev\vendor\codeigniter4\framework\system\CodeIgniter.php(439): CodeIgniter\CodeIgniter->runController(Object(App\Controllers\Admission))
#3 C:\xampp\htdocs\NsoftDevNew\git_file\ci4\inhsDev\vendor\codeigniter4\framework\system\CodeIgniter.php(339): CodeIgniter\CodeIgniter->handleRequest(NULL, Object(Config\Cache), false)
#4 C:\xampp\htdocs\NsoftDevNew\git_file\ci4\inhsDev\public\index.php(36): CodeIgniter\CodeIgniter->run()
#5 C:\xampp\htdocs\NsoftDevNew\git_file\ci4\inhsDev\vendor\codeigniter4\framework\system\Commands\Server\rewrite.php(45): require_once('C:\\xampp\\htdocs...')
#6 {main}
CRITICAL - 2021-12-13 01:29:09 --> Undefined variable $to
#0 C:\xampp\htdocs\NsoftDevNew\git_file\ci4\inhsDev\app\Controllers\Admission.php(310): CodeIgniter\Debug\Exceptions->errorHandler(2, 'Undefined varia...', 'C:\\xampp\\htdocs...', 310)
#1 C:\xampp\htdocs\NsoftDevNew\git_file\ci4\inhsDev\vendor\codeigniter4\framework\system\CodeIgniter.php(931): App\Controllers\Admission->acceptRequest()
#2 C:\xampp\htdocs\NsoftDevNew\git_file\ci4\inhsDev\vendor\codeigniter4\framework\system\CodeIgniter.php(439): CodeIgniter\CodeIgniter->runController(Object(App\Controllers\Admission))
#3 C:\xampp\htdocs\NsoftDevNew\git_file\ci4\inhsDev\vendor\codeigniter4\framework\system\CodeIgniter.php(339): CodeIgniter\CodeIgniter->handleRequest(NULL, Object(Config\Cache), false)
#4 C:\xampp\htdocs\NsoftDevNew\git_file\ci4\inhsDev\public\index.php(36): CodeIgniter\CodeIgniter->run()
#5 C:\xampp\htdocs\NsoftDevNew\git_file\ci4\inhsDev\vendor\codeigniter4\framework\system\Commands\Server\rewrite.php(45): require_once('C:\\xampp\\htdocs...')
#6 {main}
CRITICAL - 2021-12-13 01:29:09 --> Undefined variable $to
#0 C:\xampp\htdocs\NsoftDevNew\git_file\ci4\inhsDev\app\Controllers\Admission.php(310): CodeIgniter\Debug\Exceptions->errorHandler(2, 'Undefined varia...', 'C:\\xampp\\htdocs...', 310)
#1 C:\xampp\htdocs\NsoftDevNew\git_file\ci4\inhsDev\vendor\codeigniter4\framework\system\CodeIgniter.php(931): App\Controllers\Admission->acceptRequest()
#2 C:\xampp\htdocs\NsoftDevNew\git_file\ci4\inhsDev\vendor\codeigniter4\framework\system\CodeIgniter.php(439): CodeIgniter\CodeIgniter->runController(Object(App\Controllers\Admission))
#3 C:\xampp\htdocs\NsoftDevNew\git_file\ci4\inhsDev\vendor\codeigniter4\framework\system\CodeIgniter.php(339): CodeIgniter\CodeIgniter->handleRequest(NULL, Object(Config\Cache), false)
#4 C:\xampp\htdocs\NsoftDevNew\git_file\ci4\inhsDev\public\index.php(36): CodeIgniter\CodeIgniter->run()
#5 C:\xampp\htdocs\NsoftDevNew\git_file\ci4\inhsDev\vendor\codeigniter4\framework\system\Commands\Server\rewrite.php(45): require_once('C:\\xampp\\htdocs...')
#6 {main}
CRITICAL - 2021-12-13 01:29:09 --> Undefined variable $to
#0 C:\xampp\htdocs\NsoftDevNew\git_file\ci4\inhsDev\app\Controllers\Admission.php(310): CodeIgniter\Debug\Exceptions->errorHandler(2, 'Undefined varia...', 'C:\\xampp\\htdocs...', 310)
#1 C:\xampp\htdocs\NsoftDevNew\git_file\ci4\inhsDev\vendor\codeigniter4\framework\system\CodeIgniter.php(931): App\Controllers\Admission->acceptRequest()
#2 C:\xampp\htdocs\NsoftDevNew\git_file\ci4\inhsDev\vendor\codeigniter4\framework\system\CodeIgniter.php(439): CodeIgniter\CodeIgniter->runController(Object(App\Controllers\Admission))
#3 C:\xampp\htdocs\NsoftDevNew\git_file\ci4\inhsDev\vendor\codeigniter4\framework\system\CodeIgniter.php(339): CodeIgniter\CodeIgniter->handleRequest(NULL, Object(Config\Cache), false)
#4 C:\xampp\htdocs\NsoftDevNew\git_file\ci4\inhsDev\public\index.php(36): CodeIgniter\CodeIgniter->run()
#5 C:\xampp\htdocs\NsoftDevNew\git_file\ci4\inhsDev\vendor\codeigniter4\framework\system\Commands\Server\rewrite.php(45): require_once('C:\\xampp\\htdocs...')
#6 {main}
CRITICAL - 2021-12-13 09:19:47 --> Undefined index: stud_firstname
#0 C:\xampp\htdocs\INHS_Dev\git\inhsDev\app\Controllers\Admission.php(290): CodeIgniter\Debug\Exceptions->errorHandler(8, 'Undefined index...', 'C:\\xampp\\htdocs...', 290, Array)
#1 C:\xampp\htdocs\INHS_Dev\git\inhsDev\vendor\codeigniter4\framework\system\CodeIgniter.php(802): App\Controllers\Admission->acceptRequest()
#2 C:\xampp\htdocs\INHS_Dev\git\inhsDev\vendor\codeigniter4\framework\system\CodeIgniter.php(399): CodeIgniter\CodeIgniter->runController(Object(App\Controllers\Admission))
#3 C:\xampp\htdocs\INHS_Dev\git\inhsDev\vendor\codeigniter4\framework\system\CodeIgniter.php(317): CodeIgniter\CodeIgniter->handleRequest(NULL, Object(Config\Cache), false)
#4 C:\xampp\htdocs\INHS_Dev\git\inhsDev\public\index.php(36): CodeIgniter\CodeIgniter->run()
#5 C:\xampp\htdocs\INHS_Dev\git\inhsDev\vendor\codeigniter4\framework\system\Commands\Server\rewrite.php(43): require_once('C:\\xampp\\htdocs...')
#6 {main}
CRITICAL - 2021-12-13 09:20:01 --> Undefined index: stud_firstname
#0 C:\xampp\htdocs\INHS_Dev\git\inhsDev\app\Controllers\Admission.php(290): CodeIgniter\Debug\Exceptions->errorHandler(8, 'Undefined index...', 'C:\\xampp\\htdocs...', 290, Array)
#1 C:\xampp\htdocs\INHS_Dev\git\inhsDev\vendor\codeigniter4\framework\system\CodeIgniter.php(802): App\Controllers\Admission->acceptRequest()
#2 C:\xampp\htdocs\INHS_Dev\git\inhsDev\vendor\codeigniter4\framework\system\CodeIgniter.php(399): CodeIgniter\CodeIgniter->runController(Object(App\Controllers\Admission))
#3 C:\xampp\htdocs\INHS_Dev\git\inhsDev\vendor\codeigniter4\framework\system\CodeIgniter.php(317): CodeIgniter\CodeIgniter->handleRequest(NULL, Object(Config\Cache), false)
#4 C:\xampp\htdocs\INHS_Dev\git\inhsDev\public\index.php(36): CodeIgniter\CodeIgniter->run()
#5 C:\xampp\htdocs\INHS_Dev\git\inhsDev\vendor\codeigniter4\framework\system\Commands\Server\rewrite.php(43): require_once('C:\\xampp\\htdocs...')
#6 {main}
CRITICAL - 2021-12-13 09:20:50 --> Undefined index: stud_firstname
#0 C:\xampp\htdocs\INHS_Dev\git\inhsDev\app\Controllers\Admission.php(290): CodeIgniter\Debug\Exceptions->errorHandler(8, 'Undefined index...', 'C:\\xampp\\htdocs...', 290, Array)
#1 C:\xampp\htdocs\INHS_Dev\git\inhsDev\vendor\codeigniter4\framework\system\CodeIgniter.php(802): App\Controllers\Admission->acceptRequest()
#2 C:\xampp\htdocs\INHS_Dev\git\inhsDev\vendor\codeigniter4\framework\system\CodeIgniter.php(399): CodeIgniter\CodeIgniter->runController(Object(App\Controllers\Admission))
#3 C:\xampp\htdocs\INHS_Dev\git\inhsDev\vendor\codeigniter4\framework\system\CodeIgniter.php(317): CodeIgniter\CodeIgniter->handleRequest(NULL, Object(Config\Cache), false)
#4 C:\xampp\htdocs\INHS_Dev\git\inhsDev\public\index.php(36): CodeIgniter\CodeIgniter->run()
#5 C:\xampp\htdocs\INHS_Dev\git\inhsDev\vendor\codeigniter4\framework\system\Commands\Server\rewrite.php(43): require_once('C:\\xampp\\htdocs...')
#6 {main}
CRITICAL - 2021-12-13 09:21:00 --> Undefined index: stud_firstname
#0 C:\xampp\htdocs\INHS_Dev\git\inhsDev\app\Controllers\Admission.php(290): CodeIgniter\Debug\Exceptions->errorHandler(8, 'Undefined index...', 'C:\\xampp\\htdocs...', 290, Array)
#1 C:\xampp\htdocs\INHS_Dev\git\inhsDev\vendor\codeigniter4\framework\system\CodeIgniter.php(802): App\Controllers\Admission->acceptRequest()
#2 C:\xampp\htdocs\INHS_Dev\git\inhsDev\vendor\codeigniter4\framework\system\CodeIgniter.php(399): CodeIgniter\CodeIgniter->runController(Object(App\Controllers\Admission))
#3 C:\xampp\htdocs\INHS_Dev\git\inhsDev\vendor\codeigniter4\framework\system\CodeIgniter.php(317): CodeIgniter\CodeIgniter->handleRequest(NULL, Object(Config\Cache), false)
#4 C:\xampp\htdocs\INHS_Dev\git\inhsDev\public\index.php(36): CodeIgniter\CodeIgniter->run()
#5 C:\xampp\htdocs\INHS_Dev\git\inhsDev\vendor\codeigniter4\framework\system\Commands\Server\rewrite.php(43): require_once('C:\\xampp\\htdocs...')
#6 {main}
CRITICAL - 2021-12-13 09:21:01 --> Undefined index: stud_firstname
#0 C:\xampp\htdocs\INHS_Dev\git\inhsDev\app\Controllers\Admission.php(290): CodeIgniter\Debug\Exceptions->errorHandler(8, 'Undefined index...', 'C:\\xampp\\htdocs...', 290, Array)
#1 C:\xampp\htdocs\INHS_Dev\git\inhsDev\vendor\codeigniter4\framework\system\CodeIgniter.php(802): App\Controllers\Admission->acceptRequest()
#2 C:\xampp\htdocs\INHS_Dev\git\inhsDev\vendor\codeigniter4\framework\system\CodeIgniter.php(399): CodeIgniter\CodeIgniter->runController(Object(App\Controllers\Admission))
#3 C:\xampp\htdocs\INHS_Dev\git\inhsDev\vendor\codeigniter4\framework\system\CodeIgniter.php(317): CodeIgniter\CodeIgniter->handleRequest(NULL, Object(Config\Cache), false)
#4 C:\xampp\htdocs\INHS_Dev\git\inhsDev\public\index.php(36): CodeIgniter\CodeIgniter->run()
#5 C:\xampp\htdocs\INHS_Dev\git\inhsDev\vendor\codeigniter4\framework\system\Commands\Server\rewrite.php(43): require_once('C:\\xampp\\htdocs...')
#6 {main}
CRITICAL - 2021-12-13 09:21:42 --> Undefined index: stud_firstname
#0 C:\xampp\htdocs\INHS_Dev\git\inhsDev\app\Controllers\Admission.php(290): CodeIgniter\Debug\Exceptions->errorHandler(8, 'Undefined index...', 'C:\\xampp\\htdocs...', 290, Array)
#1 C:\xampp\htdocs\INHS_Dev\git\inhsDev\vendor\codeigniter4\framework\system\CodeIgniter.php(802): App\Controllers\Admission->acceptRequest()
#2 C:\xampp\htdocs\INHS_Dev\git\inhsDev\vendor\codeigniter4\framework\system\CodeIgniter.php(399): CodeIgniter\CodeIgniter->runController(Object(App\Controllers\Admission))
#3 C:\xampp\htdocs\INHS_Dev\git\inhsDev\vendor\codeigniter4\framework\system\CodeIgniter.php(317): CodeIgniter\CodeIgniter->handleRequest(NULL, Object(Config\Cache), false)
#4 C:\xampp\htdocs\INHS_Dev\git\inhsDev\public\index.php(36): CodeIgniter\CodeIgniter->run()
#5 C:\xampp\htdocs\INHS_Dev\git\inhsDev\vendor\codeigniter4\framework\system\Commands\Server\rewrite.php(43): require_once('C:\\xampp\\htdocs...')
#6 {main}
CRITICAL - 2021-12-13 09:22:54 --> syntax error, unexpected ','
#0 C:\xampp\htdocs\INHS_Dev\git\inhsDev\vendor\codeigniter4\framework\system\Autoloader\Autoloader.php(241): CodeIgniter\Autoloader\Autoloader->includeFile('C:\\xampp\\htdocs...')
#1 C:\xampp\htdocs\INHS_Dev\git\inhsDev\vendor\codeigniter4\framework\system\Autoloader\Autoloader.php(219): CodeIgniter\Autoloader\Autoloader->loadInNamespace('App\\Controllers...')
#2 [internal function]: CodeIgniter\Autoloader\Autoloader->loadClass('App\\Controllers...')
#3 [internal function]: spl_autoload_call('App\\Controllers...')
#4 C:\xampp\htdocs\INHS_Dev\git\inhsDev\vendor\codeigniter4\framework\system\CodeIgniter.php(767): class_exists('\\App\\Controller...', true)
#5 C:\xampp\htdocs\INHS_Dev\git\inhsDev\vendor\codeigniter4\framework\system\CodeIgniter.php(386): CodeIgniter\CodeIgniter->startController()
#6 C:\xampp\htdocs\INHS_Dev\git\inhsDev\vendor\codeigniter4\framework\system\CodeIgniter.php(317): CodeIgniter\CodeIgniter->handleRequest(NULL, Object(Config\Cache), false)
#7 C:\xampp\htdocs\INHS_Dev\git\inhsDev\public\index.php(36): CodeIgniter\CodeIgniter->run()
#8 C:\xampp\htdocs\INHS_Dev\git\inhsDev\vendor\codeigniter4\framework\system\Commands\Server\rewrite.php(43): require_once('C:\\xampp\\htdocs...')
#9 {main}
CRITICAL - 2021-12-13 09:34:15 --> Class 'App\Controllers\UsersModel' not found
#0 C:\xampp\htdocs\INHS_Dev\git\inhsDev\vendor\codeigniter4\framework\system\CodeIgniter.php(802): App\Controllers\Admission->acceptRequest()
#1 C:\xampp\htdocs\INHS_Dev\git\inhsDev\vendor\codeigniter4\framework\system\CodeIgniter.php(399): CodeIgniter\CodeIgniter->runController(Object(App\Controllers\Admission))
#2 C:\xampp\htdocs\INHS_Dev\git\inhsDev\vendor\codeigniter4\framework\system\CodeIgniter.php(317): CodeIgniter\CodeIgniter->handleRequest(NULL, Object(Config\Cache), false)
#3 C:\xampp\htdocs\INHS_Dev\git\inhsDev\public\index.php(36): CodeIgniter\CodeIgniter->run()
#4 C:\xampp\htdocs\INHS_Dev\git\inhsDev\vendor\codeigniter4\framework\system\Commands\Server\rewrite.php(43): require_once('C:\\xampp\\htdocs...')
#5 {main}
CRITICAL - 2021-12-13 09:38:45 --> There is no primary key defined when trying to make insert.
#0 C:\xampp\htdocs\INHS_Dev\git\inhsDev\vendor\codeigniter4\framework\system\Model.php(229): CodeIgniter\Database\Exceptions\DataException::forEmptyPrimaryKey('insert')
#1 C:\xampp\htdocs\INHS_Dev\git\inhsDev\vendor\codeigniter4\framework\system\BaseModel.php(738): CodeIgniter\Model->doInsert(Array)
#2 C:\xampp\htdocs\INHS_Dev\git\inhsDev\vendor\codeigniter4\framework\system\Model.php(620): CodeIgniter\BaseModel->insert(Array, true)
#3 C:\xampp\htdocs\INHS_Dev\git\inhsDev\app\Controllers\Admission.php(354): CodeIgniter\Model->insert(Array)
#4 C:\xampp\htdocs\INHS_Dev\git\inhsDev\vendor\codeigniter4\framework\system\CodeIgniter.php(802): App\Controllers\Admission->acceptRequest()
#5 C:\xampp\htdocs\INHS_Dev\git\inhsDev\vendor\codeigniter4\framework\system\CodeIgniter.php(399): CodeIgniter\CodeIgniter->runController(Object(App\Controllers\Admission))
#6 C:\xampp\htdocs\INHS_Dev\git\inhsDev\vendor\codeigniter4\framework\system\CodeIgniter.php(317): CodeIgniter\CodeIgniter->handleRequest(NULL, Object(Config\Cache), false)
#7 C:\xampp\htdocs\INHS_Dev\git\inhsDev\public\index.php(36): CodeIgniter\CodeIgniter->run()
#8 C:\xampp\htdocs\INHS_Dev\git\inhsDev\vendor\codeigniter4\framework\system\Commands\Server\rewrite.php(43): require_once('C:\\xampp\\htdocs...')
#9 {main}
CRITICAL - 2021-12-13 10:18:17 --> syntax error, unexpected '*'
#0 C:\xampp\htdocs\INHS_Dev\git\inhsDev\vendor\codeigniter4\framework\system\Autoloader\Autoloader.php(241): CodeIgniter\Autoloader\Autoloader->includeFile('C:\\xampp\\htdocs...')
#1 C:\xampp\htdocs\INHS_Dev\git\inhsDev\vendor\codeigniter4\framework\system\Autoloader\Autoloader.php(219): CodeIgniter\Autoloader\Autoloader->loadInNamespace('App\\Controllers...')
#2 [internal function]: CodeIgniter\Autoloader\Autoloader->loadClass('App\\Controllers...')
#3 [internal function]: spl_autoload_call('App\\Controllers...')
#4 C:\xampp\htdocs\INHS_Dev\git\inhsDev\vendor\codeigniter4\framework\system\CodeIgniter.php(767): class_exists('\\App\\Controller...', true)
#5 C:\xampp\htdocs\INHS_Dev\git\inhsDev\vendor\codeigniter4\framework\system\CodeIgniter.php(386): CodeIgniter\CodeIgniter->startController()
#6 C:\xampp\htdocs\INHS_Dev\git\inhsDev\vendor\codeigniter4\framework\system\CodeIgniter.php(317): CodeIgniter\CodeIgniter->handleRequest(NULL, Object(Config\Cache), false)
#7 C:\xampp\htdocs\INHS_Dev\git\inhsDev\public\index.php(36): CodeIgniter\CodeIgniter->run()
#8 C:\xampp\htdocs\INHS_Dev\git\inhsDev\vendor\codeigniter4\framework\system\Commands\Server\rewrite.php(43): require_once('C:\\xampp\\htdocs...')
#9 {main}
CRITICAL - 2021-12-13 10:18:18 --> syntax error, unexpected '*'
#0 C:\xampp\htdocs\INHS_Dev\git\inhsDev\vendor\codeigniter4\framework\system\Autoloader\Autoloader.php(241): CodeIgniter\Autoloader\Autoloader->includeFile('C:\\xampp\\htdocs...')
#1 C:\xampp\htdocs\INHS_Dev\git\inhsDev\vendor\codeigniter4\framework\system\Autoloader\Autoloader.php(219): CodeIgniter\Autoloader\Autoloader->loadInNamespace('App\\Controllers...')
#2 [internal function]: CodeIgniter\Autoloader\Autoloader->loadClass('App\\Controllers...')
#3 [internal function]: spl_autoload_call('App\\Controllers...')
#4 C:\xampp\htdocs\INHS_Dev\git\inhsDev\vendor\codeigniter4\framework\system\CodeIgniter.php(767): class_exists('\\App\\Controller...', true)
#5 C:\xampp\htdocs\INHS_Dev\git\inhsDev\vendor\codeigniter4\framework\system\CodeIgniter.php(386): CodeIgniter\CodeIgniter->startController()
#6 C:\xampp\htdocs\INHS_Dev\git\inhsDev\vendor\codeigniter4\framework\system\CodeIgniter.php(317): CodeIgniter\CodeIgniter->handleRequest(NULL, Object(Config\Cache), false)
#7 C:\xampp\htdocs\INHS_Dev\git\inhsDev\public\index.php(36): CodeIgniter\CodeIgniter->run()
#8 C:\xampp\htdocs\INHS_Dev\git\inhsDev\vendor\codeigniter4\framework\system\Commands\Server\rewrite.php(43): require_once('C:\\xampp\\htdocs...')
#9 {main}
CRITICAL - 2021-12-13 10:19:46 --> syntax error, unexpected end of file
#0 C:\xampp\htdocs\INHS_Dev\git\inhsDev\vendor\codeigniter4\framework\system\Autoloader\Autoloader.php(241): CodeIgniter\Autoloader\Autoloader->includeFile('C:\\xampp\\htdocs...')
#1 C:\xampp\htdocs\INHS_Dev\git\inhsDev\vendor\codeigniter4\framework\system\Autoloader\Autoloader.php(219): CodeIgniter\Autoloader\Autoloader->loadInNamespace('App\\Controllers...')
#2 [internal function]: CodeIgniter\Autoloader\Autoloader->loadClass('App\\Controllers...')
#3 [internal function]: spl_autoload_call('App\\Controllers...')
#4 C:\xampp\htdocs\INHS_Dev\git\inhsDev\vendor\codeigniter4\framework\system\CodeIgniter.php(767): class_exists('\\App\\Controller...', true)
#5 C:\xampp\htdocs\INHS_Dev\git\inhsDev\vendor\codeigniter4\framework\system\CodeIgniter.php(386): CodeIgniter\CodeIgniter->startController()
#6 C:\xampp\htdocs\INHS_Dev\git\inhsDev\vendor\codeigniter4\framework\system\CodeIgniter.php(317): CodeIgniter\CodeIgniter->handleRequest(NULL, Object(Config\Cache), false)
#7 C:\xampp\htdocs\INHS_Dev\git\inhsDev\public\index.php(36): CodeIgniter\CodeIgniter->run()
#8 C:\xampp\htdocs\INHS_Dev\git\inhsDev\vendor\codeigniter4\framework\system\Commands\Server\rewrite.php(43): require_once('C:\\xampp\\htdocs...')
#9 {main}
CRITICAL - 2021-12-13 10:19:47 --> syntax error, unexpected end of file
#0 C:\xampp\htdocs\INHS_Dev\git\inhsDev\vendor\codeigniter4\framework\system\Autoloader\Autoloader.php(241): CodeIgniter\Autoloader\Autoloader->includeFile('C:\\xampp\\htdocs...')
#1 C:\xampp\htdocs\INHS_Dev\git\inhsDev\vendor\codeigniter4\framework\system\Autoloader\Autoloader.php(219): CodeIgniter\Autoloader\Autoloader->loadInNamespace('App\\Controllers...')
#2 [internal function]: CodeIgniter\Autoloader\Autoloader->loadClass('App\\Controllers...')
#3 [internal function]: spl_autoload_call('App\\Controllers...')
#4 C:\xampp\htdocs\INHS_Dev\git\inhsDev\vendor\codeigniter4\framework\system\CodeIgniter.php(767): class_exists('\\App\\Controller...', true)
#5 C:\xampp\htdocs\INHS_Dev\git\inhsDev\vendor\codeigniter4\framework\system\CodeIgniter.php(386): CodeIgniter\CodeIgniter->startController()
#6 C:\xampp\htdocs\INHS_Dev\git\inhsDev\vendor\codeigniter4\framework\system\CodeIgniter.php(317): CodeIgniter\CodeIgniter->handleRequest(NULL, Object(Config\Cache), false)
#7 C:\xampp\htdocs\INHS_Dev\git\inhsDev\public\index.php(36): CodeIgniter\CodeIgniter->run()
#8 C:\xampp\htdocs\INHS_Dev\git\inhsDev\vendor\codeigniter4\framework\system\Commands\Server\rewrite.php(43): require_once('C:\\xampp\\htdocs...')
#9 {main}
CRITICAL - 2021-12-13 10:19:48 --> syntax error, unexpected end of file
#0 C:\xampp\htdocs\INHS_Dev\git\inhsDev\vendor\codeigniter4\framework\system\Autoloader\Autoloader.php(241): CodeIgniter\Autoloader\Autoloader->includeFile('C:\\xampp\\htdocs...')
#1 C:\xampp\htdocs\INHS_Dev\git\inhsDev\vendor\codeigniter4\framework\system\Autoloader\Autoloader.php(219): CodeIgniter\Autoloader\Autoloader->loadInNamespace('App\\Controllers...')
#2 [internal function]: CodeIgniter\Autoloader\Autoloader->loadClass('App\\Controllers...')
#3 [internal function]: spl_autoload_call('App\\Controllers...')
#4 C:\xampp\htdocs\INHS_Dev\git\inhsDev\vendor\codeigniter4\framework\system\CodeIgniter.php(767): class_exists('\\App\\Controller...', true)
#5 C:\xampp\htdocs\INHS_Dev\git\inhsDev\vendor\codeigniter4\framework\system\CodeIgniter.php(386): CodeIgniter\CodeIgniter->startController()
#6 C:\xampp\htdocs\INHS_Dev\git\inhsDev\vendor\codeigniter4\framework\system\CodeIgniter.php(317): CodeIgniter\CodeIgniter->handleRequest(NULL, Object(Config\Cache), false)
#7 C:\xampp\htdocs\INHS_Dev\git\inhsDev\public\index.php(36): CodeIgniter\CodeIgniter->run()
#8 C:\xampp\htdocs\INHS_Dev\git\inhsDev\vendor\codeigniter4\framework\system\Commands\Server\rewrite.php(43): require_once('C:\\xampp\\htdocs...')
#9 {main}
CRITICAL - 2021-12-13 10:21:14 --> Class 'App\Controllers\UsersModel' not found
#0 C:\xampp\htdocs\INHS_Dev\git\inhsDev\vendor\codeigniter4\framework\system\CodeIgniter.php(802): App\Controllers\Admission->acceptRequest()
#1 C:\xampp\htdocs\INHS_Dev\git\inhsDev\vendor\codeigniter4\framework\system\CodeIgniter.php(399): CodeIgniter\CodeIgniter->runController(Object(App\Controllers\Admission))
#2 C:\xampp\htdocs\INHS_Dev\git\inhsDev\vendor\codeigniter4\framework\system\CodeIgniter.php(317): CodeIgniter\CodeIgniter->handleRequest(NULL, Object(Config\Cache), false)
#3 C:\xampp\htdocs\INHS_Dev\git\inhsDev\public\index.php(36): CodeIgniter\CodeIgniter->run()
#4 C:\xampp\htdocs\INHS_Dev\git\inhsDev\vendor\codeigniter4\framework\system\Commands\Server\rewrite.php(43): require_once('C:\\xampp\\htdocs...')
#5 {main}
CRITICAL - 2021-12-13 10:25:06 --> Undefined variable: usersModel
#0 C:\xampp\htdocs\INHS_Dev\git\inhsDev\app\Controllers\Admission.php(354): CodeIgniter\Debug\Exceptions->errorHandler(8, 'Undefined varia...', 'C:\\xampp\\htdocs...', 354, Array)
#1 C:\xampp\htdocs\INHS_Dev\git\inhsDev\vendor\codeigniter4\framework\system\CodeIgniter.php(802): App\Controllers\Admission->acceptRequest()
#2 C:\xampp\htdocs\INHS_Dev\git\inhsDev\vendor\codeigniter4\framework\system\CodeIgniter.php(399): CodeIgniter\CodeIgniter->runController(Object(App\Controllers\Admission))
#3 C:\xampp\htdocs\INHS_Dev\git\inhsDev\vendor\codeigniter4\framework\system\CodeIgniter.php(317): CodeIgniter\CodeIgniter->handleRequest(NULL, Object(Config\Cache), false)
#4 C:\xampp\htdocs\INHS_Dev\git\inhsDev\public\index.php(36): CodeIgniter\CodeIgniter->run()
#5 C:\xampp\htdocs\INHS_Dev\git\inhsDev\vendor\codeigniter4\framework\system\Commands\Server\rewrite.php(43): require_once('C:\\xampp\\htdocs...')
#6 {main}
CRITICAL - 2021-12-13 10:25:06 --> Uncaught CodeIgniter\Format\Exceptions\FormatException: Failed to parse json string, error: "Type is not supported". in C:\xampp\htdocs\INHS_Dev\git\inhsDev\vendor\codeigniter4\framework\system\Format\JSONFormatter.php:41
Stack trace:
#0 C:\xampp\htdocs\INHS_Dev\git\inhsDev\vendor\codeigniter4\framework\system\Format\JSONFormatter.php(41): CodeIgniter\Format\Exceptions\FormatException::forInvalidJSON('Type is not sup...')
#1 C:\xampp\htdocs\INHS_Dev\git\inhsDev\vendor\codeigniter4\framework\system\API\ResponseTrait.php(341): CodeIgniter\Format\JSONFormatter->format(Array)
#2 C:\xampp\htdocs\INHS_Dev\git\inhsDev\vendor\codeigniter4\framework\system\API\ResponseTrait.php(99): CodeIgniter\Debug\Exceptions->format(Array)
#3 C:\xampp\htdocs\INHS_Dev\git\inhsDev\vendor\codeigniter4\framework\system\Debug\Exceptions.php(126): CodeIgniter\Debug\Exceptions->respond(Array, 500)
#4 [internal function]: CodeIgniter\Debug\Exceptions->exceptionHandler(Object(ErrorException))
#5 {main}
  thrown
#0 [internal function]: CodeIgniter\Debug\Exceptions->shutdownHandler()
#1 {main}
CRITICAL - 2021-12-13 10:27:51 --> There is no primary key defined when trying to make insert.
#0 C:\xampp\htdocs\INHS_Dev\git\inhsDev\vendor\codeigniter4\framework\system\Model.php(229): CodeIgniter\Database\Exceptions\DataException::forEmptyPrimaryKey('insert')
#1 C:\xampp\htdocs\INHS_Dev\git\inhsDev\vendor\codeigniter4\framework\system\BaseModel.php(738): CodeIgniter\Model->doInsert(Array)
#2 C:\xampp\htdocs\INHS_Dev\git\inhsDev\vendor\codeigniter4\framework\system\Model.php(620): CodeIgniter\BaseModel->insert(Array, true)
#3 C:\xampp\htdocs\INHS_Dev\git\inhsDev\app\Controllers\Admission.php(354): CodeIgniter\Model->insert(Array)
#4 C:\xampp\htdocs\INHS_Dev\git\inhsDev\vendor\codeigniter4\framework\system\CodeIgniter.php(802): App\Controllers\Admission->acceptRequest()
#5 C:\xampp\htdocs\INHS_Dev\git\inhsDev\vendor\codeigniter4\framework\system\CodeIgniter.php(399): CodeIgniter\CodeIgniter->runController(Object(App\Controllers\Admission))
#6 C:\xampp\htdocs\INHS_Dev\git\inhsDev\vendor\codeigniter4\framework\system\CodeIgniter.php(317): CodeIgniter\CodeIgniter->handleRequest(NULL, Object(Config\Cache), false)
#7 C:\xampp\htdocs\INHS_Dev\git\inhsDev\public\index.php(36): CodeIgniter\CodeIgniter->run()
#8 C:\xampp\htdocs\INHS_Dev\git\inhsDev\vendor\codeigniter4\framework\system\Commands\Server\rewrite.php(43): require_once('C:\\xampp\\htdocs...')
#9 {main}
CRITICAL - 2021-12-13 10:35:26 --> There is no primary key defined when trying to make insert.
#0 C:\xampp\htdocs\INHS_Dev\git\inhsDev\vendor\codeigniter4\framework\system\Model.php(229): CodeIgniter\Database\Exceptions\DataException::forEmptyPrimaryKey('insert')
#1 C:\xampp\htdocs\INHS_Dev\git\inhsDev\vendor\codeigniter4\framework\system\BaseModel.php(738): CodeIgniter\Model->doInsert(Array)
#2 C:\xampp\htdocs\INHS_Dev\git\inhsDev\vendor\codeigniter4\framework\system\Model.php(620): CodeIgniter\BaseModel->insert(Array, true)
#3 C:\xampp\htdocs\INHS_Dev\git\inhsDev\app\Controllers\Admission.php(351): CodeIgniter\Model->insert(Array)
#4 C:\xampp\htdocs\INHS_Dev\git\inhsDev\vendor\codeigniter4\framework\system\CodeIgniter.php(802): App\Controllers\Admission->acceptRequest()
#5 C:\xampp\htdocs\INHS_Dev\git\inhsDev\vendor\codeigniter4\framework\system\CodeIgniter.php(399): CodeIgniter\CodeIgniter->runController(Object(App\Controllers\Admission))
#6 C:\xampp\htdocs\INHS_Dev\git\inhsDev\vendor\codeigniter4\framework\system\CodeIgniter.php(317): CodeIgniter\CodeIgniter->handleRequest(NULL, Object(Config\Cache), false)
#7 C:\xampp\htdocs\INHS_Dev\git\inhsDev\public\index.php(36): CodeIgniter\CodeIgniter->run()
#8 C:\xampp\htdocs\INHS_Dev\git\inhsDev\vendor\codeigniter4\framework\system\Commands\Server\rewrite.php(43): require_once('C:\\xampp\\htdocs...')
#9 {main}
