ERROR - 2023-05-09 10:43:10 --> Duplicate entry '' for key 'emp_school_id'
ERROR - 2023-05-09 10:43:25 --> Duplicate entry '' for key 'emp_school_id'
ERROR - 2023-05-09 10:44:24 --> Duplicate entry '' for key 'emp_school_id'
ERROR - 2023-05-09 10:49:32 --> Cannot add or update a child row: a foreign key constraint fails (`nasyo_integrated_2`.`employment_status_tbl`, CONSTRAINT `employment_status_tbl_ibfk_2` FOREIGN KEY (`emp_id`) REFERENCES `employee_t` (`emp_id`) ON DELETE CASCADE ON UPDATE CASCADE)
ERROR - 2023-05-09 10:50:23 --> Cannot add or update a child row: a foreign key constraint fails (`nasyo_integrated_2`.`employment_status_tbl`, CONSTRAINT `employment_status_tbl_ibfk_2` FOREIGN KEY (`emp_id`) REFERENCES `employee_t` (`emp_id`) ON DELETE CASCADE ON UPDATE CASCADE)
ERROR - 2023-05-09 10:53:52 --> Cannot add or update a child row: a foreign key constraint fails (`nasyo_integrated_2`.`employment_status_tbl`, CONSTRAINT `employment_status_tbl_ibfk_2` FOREIGN KEY (`emp_id`) REFERENCES `employee_t` (`emp_id`) ON DELETE CASCADE ON UPDATE CASCADE)
ERROR - 2023-05-09 11:00:14 --> Column 'emp_id' cannot be null
ERROR - 2023-05-09 11:00:52 --> Cannot add or update a child row: a foreign key constraint fails (`nasyo_integrated_2`.`employment_status_tbl`, CONSTRAINT `employment_status_tbl_ibfk_1` FOREIGN KEY (`plantilla_id`) REFERENCES `plantilla_tbl` (`plant_id`) ON DELETE CASCADE ON UPDATE CASCADE)
ERROR - 2023-05-09 11:02:02 --> Cannot add or update a child row: a foreign key constraint fails (`nasyo_integrated_2`.`employment_status_tbl`, CONSTRAINT `employment_status_tbl_ibfk_3` FOREIGN KEY (`category_id`) REFERENCES `category_tbl` (`cat_id`) ON DELETE CASCADE ON UPDATE CASCADE)
ERROR - 2023-05-09 11:06:04 --> Cannot add or update a child row: a foreign key constraint fails (`nasyo_integrated_2`.`employment_status_tbl`, CONSTRAINT `employment_status_tbl_ibfk_3` FOREIGN KEY (`category_id`) REFERENCES `category_tbl` (`cat_id`) ON DELETE CASCADE ON UPDATE CASCADE)
ERROR - 2023-05-09 11:06:25 --> Cannot add or update a child row: a foreign key constraint fails (`nasyo_integrated_2`.`employment_status_tbl`, CONSTRAINT `employment_status_tbl_ibfk_3` FOREIGN KEY (`category_id`) REFERENCES `category_tbl` (`cat_id`) ON DELETE CASCADE ON UPDATE CASCADE)
ERROR - 2023-05-09 11:25:36 --> Cannot add or update a child row: a foreign key constraint fails (`nasyo_integrated_2`.`employment_status_tbl`, CONSTRAINT `employment_status_tbl_ibfk_3` FOREIGN KEY (`category_id`) REFERENCES `category_tbl` (`cat_id`) ON DELETE CASCADE ON UPDATE CASCADE)
ERROR - 2023-05-09 11:27:10 --> Cannot add or update a child row: a foreign key constraint fails (`nasyo_integrated_2`.`employment_status_tbl`, CONSTRAINT `employment_status_tbl_ibfk_3` FOREIGN KEY (`category_id`) REFERENCES `category_tbl` (`cat_id`) ON DELETE CASCADE ON UPDATE CASCADE)
ERROR - 2023-05-09 11:39:32 --> Unknown column 'plantilla_tbl.plant_id' in 'on clause'
CRITICAL - 2023-05-09 11:39:32 --> Unknown column 'plantilla_tbl.plant_id' in 'on clause'
#0 C:\Users\yvesk\OneDrive - iloilonhs.edu.ph\Desktop\nasyo_integrated_2\vendor\codeigniter4\framework\system\Database\MySQLi\Connection.php(280): mysqli->query('SELECT *\nFROM `...')
#1 C:\Users\yvesk\OneDrive - iloilonhs.edu.ph\Desktop\nasyo_integrated_2\vendor\codeigniter4\framework\system\Database\BaseConnection.php(663): CodeIgniter\Database\MySQLi\Connection->execute('SELECT *\nFROM `...')
#2 C:\Users\yvesk\OneDrive - iloilonhs.edu.ph\Desktop\nasyo_integrated_2\vendor\codeigniter4\framework\system\Database\BaseConnection.php(591): CodeIgniter\Database\BaseConnection->simpleQuery('SELECT *\nFROM `...')
#3 C:\Users\yvesk\OneDrive - iloilonhs.edu.ph\Desktop\nasyo_integrated_2\vendor\codeigniter4\framework\system\Database\BaseBuilder.php(1428): CodeIgniter\Database\BaseConnection->query('SELECT *\nFROM `...', Array, false)
#4 C:\Users\yvesk\OneDrive - iloilonhs.edu.ph\Desktop\nasyo_integrated_2\vendor\codeigniter4\framework\system\Model.php(145): CodeIgniter\Database\BaseBuilder->get()
#5 C:\Users\yvesk\OneDrive - iloilonhs.edu.ph\Desktop\nasyo_integrated_2\vendor\codeigniter4\framework\system\BaseModel.php(523): CodeIgniter\Model->doFind(false, NULL)
#6 C:\Users\yvesk\OneDrive - iloilonhs.edu.ph\Desktop\nasyo_integrated_2\app\Controllers\Employee.php(44): CodeIgniter\BaseModel->find()
#7 C:\Users\yvesk\OneDrive - iloilonhs.edu.ph\Desktop\nasyo_integrated_2\vendor\codeigniter4\framework\system\CodeIgniter.php(802): App\Controllers\Employee->getAllActiveEmpNoPlantilla()
#8 C:\Users\yvesk\OneDrive - iloilonhs.edu.ph\Desktop\nasyo_integrated_2\vendor\codeigniter4\framework\system\CodeIgniter.php(399): CodeIgniter\CodeIgniter->runController(Object(App\Controllers\Employee))
#9 C:\Users\yvesk\OneDrive - iloilonhs.edu.ph\Desktop\nasyo_integrated_2\vendor\codeigniter4\framework\system\CodeIgniter.php(317): CodeIgniter\CodeIgniter->handleRequest(NULL, Object(Config\Cache), false)
#10 C:\Users\yvesk\OneDrive - iloilonhs.edu.ph\Desktop\nasyo_integrated_2\public\index.php(36): CodeIgniter\CodeIgniter->run()
#11 C:\Users\yvesk\OneDrive - iloilonhs.edu.ph\Desktop\nasyo_integrated_2\vendor\codeigniter4\framework\system\Commands\Server\rewrite.php(43): require_once('C:\\Users\\yvesk\\...')
#12 {main}
ERROR - 2023-05-09 11:43:06 --> Cannot add or update a child row: a foreign key constraint fails (`nasyo_integrated_2`.`employment_status_tbl`, CONSTRAINT `employment_status_tbl_ibfk_3` FOREIGN KEY (`category_id`) REFERENCES `category_tbl` (`cat_id`) ON DELETE CASCADE ON UPDATE CASCADE)
ERROR - 2023-05-09 11:52:19 --> Table 'nasyo_integrated_2.employee_position_tbl' doesn't exist
CRITICAL - 2023-05-09 11:52:19 --> Table 'nasyo_integrated_2.employee_position_tbl' doesn't exist
#0 C:\Users\yvesk\OneDrive - iloilonhs.edu.ph\Desktop\nasyo_integrated_2\vendor\codeigniter4\framework\system\Database\MySQLi\Connection.php(280): mysqli->query('SELECT *\nFROM `...')
#1 C:\Users\yvesk\OneDrive - iloilonhs.edu.ph\Desktop\nasyo_integrated_2\vendor\codeigniter4\framework\system\Database\BaseConnection.php(663): CodeIgniter\Database\MySQLi\Connection->execute('SELECT *\nFROM `...')
#2 C:\Users\yvesk\OneDrive - iloilonhs.edu.ph\Desktop\nasyo_integrated_2\vendor\codeigniter4\framework\system\Database\BaseConnection.php(591): CodeIgniter\Database\BaseConnection->simpleQuery('SELECT *\nFROM `...')
#3 C:\Users\yvesk\OneDrive - iloilonhs.edu.ph\Desktop\nasyo_integrated_2\vendor\codeigniter4\framework\system\Database\BaseBuilder.php(1428): CodeIgniter\Database\BaseConnection->query('SELECT *\nFROM `...', Array, false)
#4 C:\Users\yvesk\OneDrive - iloilonhs.edu.ph\Desktop\nasyo_integrated_2\vendor\codeigniter4\framework\system\Model.php(145): CodeIgniter\Database\BaseBuilder->get()
#5 C:\Users\yvesk\OneDrive - iloilonhs.edu.ph\Desktop\nasyo_integrated_2\vendor\codeigniter4\framework\system\BaseModel.php(523): CodeIgniter\Model->doFind(false, NULL)
#6 C:\Users\yvesk\OneDrive - iloilonhs.edu.ph\Desktop\nasyo_integrated_2\app\Controllers\Admin.php(533): CodeIgniter\BaseModel->find()
#7 C:\Users\yvesk\OneDrive - iloilonhs.edu.ph\Desktop\nasyo_integrated_2\vendor\codeigniter4\framework\system\CodeIgniter.php(802): App\Controllers\Admin->getPosition()
#8 C:\Users\yvesk\OneDrive - iloilonhs.edu.ph\Desktop\nasyo_integrated_2\vendor\codeigniter4\framework\system\CodeIgniter.php(399): CodeIgniter\CodeIgniter->runController(Object(App\Controllers\Admin))
#9 C:\Users\yvesk\OneDrive - iloilonhs.edu.ph\Desktop\nasyo_integrated_2\vendor\codeigniter4\framework\system\CodeIgniter.php(317): CodeIgniter\CodeIgniter->handleRequest(NULL, Object(Config\Cache), false)
#10 C:\Users\yvesk\OneDrive - iloilonhs.edu.ph\Desktop\nasyo_integrated_2\public\index.php(36): CodeIgniter\CodeIgniter->run()
#11 C:\Users\yvesk\OneDrive - iloilonhs.edu.ph\Desktop\nasyo_integrated_2\vendor\codeigniter4\framework\system\Commands\Server\rewrite.php(43): require_once('C:\\Users\\yvesk\\...')
#12 {main}
ERROR - 2023-05-09 11:52:24 --> Table 'nasyo_integrated_2.employee_position_tbl' doesn't exist
CRITICAL - 2023-05-09 11:52:24 --> Table 'nasyo_integrated_2.employee_position_tbl' doesn't exist
#0 C:\Users\yvesk\OneDrive - iloilonhs.edu.ph\Desktop\nasyo_integrated_2\vendor\codeigniter4\framework\system\Database\MySQLi\Connection.php(280): mysqli->query('SELECT *\nFROM `...')
#1 C:\Users\yvesk\OneDrive - iloilonhs.edu.ph\Desktop\nasyo_integrated_2\vendor\codeigniter4\framework\system\Database\BaseConnection.php(663): CodeIgniter\Database\MySQLi\Connection->execute('SELECT *\nFROM `...')
#2 C:\Users\yvesk\OneDrive - iloilonhs.edu.ph\Desktop\nasyo_integrated_2\vendor\codeigniter4\framework\system\Database\BaseConnection.php(591): CodeIgniter\Database\BaseConnection->simpleQuery('SELECT *\nFROM `...')
#3 C:\Users\yvesk\OneDrive - iloilonhs.edu.ph\Desktop\nasyo_integrated_2\vendor\codeigniter4\framework\system\Database\BaseBuilder.php(1428): CodeIgniter\Database\BaseConnection->query('SELECT *\nFROM `...', Array, false)
#4 C:\Users\yvesk\OneDrive - iloilonhs.edu.ph\Desktop\nasyo_integrated_2\vendor\codeigniter4\framework\system\Model.php(145): CodeIgniter\Database\BaseBuilder->get()
#5 C:\Users\yvesk\OneDrive - iloilonhs.edu.ph\Desktop\nasyo_integrated_2\vendor\codeigniter4\framework\system\BaseModel.php(523): CodeIgniter\Model->doFind(false, NULL)
#6 C:\Users\yvesk\OneDrive - iloilonhs.edu.ph\Desktop\nasyo_integrated_2\app\Controllers\Admin.php(533): CodeIgniter\BaseModel->find()
#7 C:\Users\yvesk\OneDrive - iloilonhs.edu.ph\Desktop\nasyo_integrated_2\vendor\codeigniter4\framework\system\CodeIgniter.php(802): App\Controllers\Admin->getPosition()
#8 C:\Users\yvesk\OneDrive - iloilonhs.edu.ph\Desktop\nasyo_integrated_2\vendor\codeigniter4\framework\system\CodeIgniter.php(399): CodeIgniter\CodeIgniter->runController(Object(App\Controllers\Admin))
#9 C:\Users\yvesk\OneDrive - iloilonhs.edu.ph\Desktop\nasyo_integrated_2\vendor\codeigniter4\framework\system\CodeIgniter.php(317): CodeIgniter\CodeIgniter->handleRequest(NULL, Object(Config\Cache), false)
#10 C:\Users\yvesk\OneDrive - iloilonhs.edu.ph\Desktop\nasyo_integrated_2\public\index.php(36): CodeIgniter\CodeIgniter->run()
#11 C:\Users\yvesk\OneDrive - iloilonhs.edu.ph\Desktop\nasyo_integrated_2\vendor\codeigniter4\framework\system\Commands\Server\rewrite.php(43): require_once('C:\\Users\\yvesk\\...')
#12 {main}
CRITICAL - 2023-05-09 11:56:49 --> Cannot use App\Models\EmploymentStatusModel as EmploymentStatusModel because the name is already in use
#0 [internal function]: CodeIgniter\Debug\Exceptions->shutdownHandler()
#1 {main}
ERROR - 2023-05-09 12:27:04 --> Unknown column 'employment_status_tbl.cat_id' in 'on clause'
CRITICAL - 2023-05-09 12:27:04 --> Unknown column 'employment_status_tbl.cat_id' in 'on clause'
#0 C:\Users\yvesk\OneDrive - iloilonhs.edu.ph\Desktop\nasyo_integrated_2\vendor\codeigniter4\framework\system\Database\MySQLi\Connection.php(280): mysqli->query('SELECT *\nFROM `...')
#1 C:\Users\yvesk\OneDrive - iloilonhs.edu.ph\Desktop\nasyo_integrated_2\vendor\codeigniter4\framework\system\Database\BaseConnection.php(663): CodeIgniter\Database\MySQLi\Connection->execute('SELECT *\nFROM `...')
#2 C:\Users\yvesk\OneDrive - iloilonhs.edu.ph\Desktop\nasyo_integrated_2\vendor\codeigniter4\framework\system\Database\BaseConnection.php(591): CodeIgniter\Database\BaseConnection->simpleQuery('SELECT *\nFROM `...')
#3 C:\Users\yvesk\OneDrive - iloilonhs.edu.ph\Desktop\nasyo_integrated_2\vendor\codeigniter4\framework\system\Database\BaseBuilder.php(1428): CodeIgniter\Database\BaseConnection->query('SELECT *\nFROM `...', Array, false)
#4 C:\Users\yvesk\OneDrive - iloilonhs.edu.ph\Desktop\nasyo_integrated_2\vendor\codeigniter4\framework\system\Model.php(210): CodeIgniter\Database\BaseBuilder->get()
#5 C:\Users\yvesk\OneDrive - iloilonhs.edu.ph\Desktop\nasyo_integrated_2\vendor\codeigniter4\framework\system\BaseModel.php(622): CodeIgniter\Model->doFirst()
#6 C:\Users\yvesk\OneDrive - iloilonhs.edu.ph\Desktop\nasyo_integrated_2\app\Controllers\Admin.php(487): CodeIgniter\BaseModel->first()
#7 C:\Users\yvesk\OneDrive - iloilonhs.edu.ph\Desktop\nasyo_integrated_2\vendor\codeigniter4\framework\system\CodeIgniter.php(802): App\Controllers\Admin->viewEachEmp()
#8 C:\Users\yvesk\OneDrive - iloilonhs.edu.ph\Desktop\nasyo_integrated_2\vendor\codeigniter4\framework\system\CodeIgniter.php(399): CodeIgniter\CodeIgniter->runController(Object(App\Controllers\Admin))
#9 C:\Users\yvesk\OneDrive - iloilonhs.edu.ph\Desktop\nasyo_integrated_2\vendor\codeigniter4\framework\system\CodeIgniter.php(317): CodeIgniter\CodeIgniter->handleRequest(NULL, Object(Config\Cache), false)
#10 C:\Users\yvesk\OneDrive - iloilonhs.edu.ph\Desktop\nasyo_integrated_2\public\index.php(36): CodeIgniter\CodeIgniter->run()
#11 C:\Users\yvesk\OneDrive - iloilonhs.edu.ph\Desktop\nasyo_integrated_2\vendor\codeigniter4\framework\system\Commands\Server\rewrite.php(43): require_once('C:\\Users\\yvesk\\...')
#12 {main}
ERROR - 2023-05-09 12:27:06 --> Unknown column 'employment_status_tbl.cat_id' in 'on clause'
CRITICAL - 2023-05-09 12:27:06 --> Unknown column 'employment_status_tbl.cat_id' in 'on clause'
#0 C:\Users\yvesk\OneDrive - iloilonhs.edu.ph\Desktop\nasyo_integrated_2\vendor\codeigniter4\framework\system\Database\MySQLi\Connection.php(280): mysqli->query('SELECT *\nFROM `...')
#1 C:\Users\yvesk\OneDrive - iloilonhs.edu.ph\Desktop\nasyo_integrated_2\vendor\codeigniter4\framework\system\Database\BaseConnection.php(663): CodeIgniter\Database\MySQLi\Connection->execute('SELECT *\nFROM `...')
#2 C:\Users\yvesk\OneDrive - iloilonhs.edu.ph\Desktop\nasyo_integrated_2\vendor\codeigniter4\framework\system\Database\BaseConnection.php(591): CodeIgniter\Database\BaseConnection->simpleQuery('SELECT *\nFROM `...')
#3 C:\Users\yvesk\OneDrive - iloilonhs.edu.ph\Desktop\nasyo_integrated_2\vendor\codeigniter4\framework\system\Database\BaseBuilder.php(1428): CodeIgniter\Database\BaseConnection->query('SELECT *\nFROM `...', Array, false)
#4 C:\Users\yvesk\OneDrive - iloilonhs.edu.ph\Desktop\nasyo_integrated_2\vendor\codeigniter4\framework\system\Model.php(210): CodeIgniter\Database\BaseBuilder->get()
#5 C:\Users\yvesk\OneDrive - iloilonhs.edu.ph\Desktop\nasyo_integrated_2\vendor\codeigniter4\framework\system\BaseModel.php(622): CodeIgniter\Model->doFirst()
#6 C:\Users\yvesk\OneDrive - iloilonhs.edu.ph\Desktop\nasyo_integrated_2\app\Controllers\Admin.php(487): CodeIgniter\BaseModel->first()
#7 C:\Users\yvesk\OneDrive - iloilonhs.edu.ph\Desktop\nasyo_integrated_2\vendor\codeigniter4\framework\system\CodeIgniter.php(802): App\Controllers\Admin->viewEachEmp()
#8 C:\Users\yvesk\OneDrive - iloilonhs.edu.ph\Desktop\nasyo_integrated_2\vendor\codeigniter4\framework\system\CodeIgniter.php(399): CodeIgniter\CodeIgniter->runController(Object(App\Controllers\Admin))
#9 C:\Users\yvesk\OneDrive - iloilonhs.edu.ph\Desktop\nasyo_integrated_2\vendor\codeigniter4\framework\system\CodeIgniter.php(317): CodeIgniter\CodeIgniter->handleRequest(NULL, Object(Config\Cache), false)
#10 C:\Users\yvesk\OneDrive - iloilonhs.edu.ph\Desktop\nasyo_integrated_2\public\index.php(36): CodeIgniter\CodeIgniter->run()
#11 C:\Users\yvesk\OneDrive - iloilonhs.edu.ph\Desktop\nasyo_integrated_2\vendor\codeigniter4\framework\system\Commands\Server\rewrite.php(43): require_once('C:\\Users\\yvesk\\...')
#12 {main}
ERROR - 2023-05-09 12:27:12 --> Unknown column 'employment_status_tbl.cat_id' in 'on clause'
CRITICAL - 2023-05-09 12:27:12 --> Unknown column 'employment_status_tbl.cat_id' in 'on clause'
#0 C:\Users\yvesk\OneDrive - iloilonhs.edu.ph\Desktop\nasyo_integrated_2\vendor\codeigniter4\framework\system\Database\MySQLi\Connection.php(280): mysqli->query('SELECT *\nFROM `...')
#1 C:\Users\yvesk\OneDrive - iloilonhs.edu.ph\Desktop\nasyo_integrated_2\vendor\codeigniter4\framework\system\Database\BaseConnection.php(663): CodeIgniter\Database\MySQLi\Connection->execute('SELECT *\nFROM `...')
#2 C:\Users\yvesk\OneDrive - iloilonhs.edu.ph\Desktop\nasyo_integrated_2\vendor\codeigniter4\framework\system\Database\BaseConnection.php(591): CodeIgniter\Database\BaseConnection->simpleQuery('SELECT *\nFROM `...')
#3 C:\Users\yvesk\OneDrive - iloilonhs.edu.ph\Desktop\nasyo_integrated_2\vendor\codeigniter4\framework\system\Database\BaseBuilder.php(1428): CodeIgniter\Database\BaseConnection->query('SELECT *\nFROM `...', Array, false)
#4 C:\Users\yvesk\OneDrive - iloilonhs.edu.ph\Desktop\nasyo_integrated_2\vendor\codeigniter4\framework\system\Model.php(210): CodeIgniter\Database\BaseBuilder->get()
#5 C:\Users\yvesk\OneDrive - iloilonhs.edu.ph\Desktop\nasyo_integrated_2\vendor\codeigniter4\framework\system\BaseModel.php(622): CodeIgniter\Model->doFirst()
#6 C:\Users\yvesk\OneDrive - iloilonhs.edu.ph\Desktop\nasyo_integrated_2\app\Controllers\Admin.php(487): CodeIgniter\BaseModel->first()
#7 C:\Users\yvesk\OneDrive - iloilonhs.edu.ph\Desktop\nasyo_integrated_2\vendor\codeigniter4\framework\system\CodeIgniter.php(802): App\Controllers\Admin->viewEachEmp()
#8 C:\Users\yvesk\OneDrive - iloilonhs.edu.ph\Desktop\nasyo_integrated_2\vendor\codeigniter4\framework\system\CodeIgniter.php(399): CodeIgniter\CodeIgniter->runController(Object(App\Controllers\Admin))
#9 C:\Users\yvesk\OneDrive - iloilonhs.edu.ph\Desktop\nasyo_integrated_2\vendor\codeigniter4\framework\system\CodeIgniter.php(317): CodeIgniter\CodeIgniter->handleRequest(NULL, Object(Config\Cache), false)
#10 C:\Users\yvesk\OneDrive - iloilonhs.edu.ph\Desktop\nasyo_integrated_2\public\index.php(36): CodeIgniter\CodeIgniter->run()
#11 C:\Users\yvesk\OneDrive - iloilonhs.edu.ph\Desktop\nasyo_integrated_2\vendor\codeigniter4\framework\system\Commands\Server\rewrite.php(43): require_once('C:\\Users\\yvesk\\...')
#12 {main}
