CRITICAL - 2023-01-18 19:16:24 --> finfo_file(C:\xampp\tmp\phpA794.tmp): failed to open stream: Invalid argument
#0 [internal function]: CodeIgniter\Debug\Exceptions->errorHandler(2, 'finfo_file(C:\\x...', 'C:\\Users\\yvesk\\...', 125, Array)
#1 C:\Users\yvesk\OneDrive - iloilonhs.edu.ph\Desktop\INHS WEBSITE NEW\inhs_ingetrated_github\nasyo_integrated\vendor\codeigniter4\framework\system\Files\File.php(125): finfo_file(Resource id #141, 'C:\\xampp\\tmp\\ph...')
#2 C:\Users\yvesk\OneDrive - iloilonhs.edu.ph\Desktop\INHS WEBSITE NEW\inhs_ingetrated_github\nasyo_integrated\vendor\codeigniter4\framework\system\HTTP\Files\UploadedFile.php(333): CodeIgniter\Files\File->getMimeType()
#3 C:\Users\yvesk\OneDrive - iloilonhs.edu.ph\Desktop\INHS WEBSITE NEW\inhs_ingetrated_github\nasyo_integrated\vendor\codeigniter4\framework\system\HTTP\Files\UploadedFile.php(320): CodeIgniter\HTTP\Files\UploadedFile->guessExtension()
#4 C:\Users\yvesk\OneDrive - iloilonhs.edu.ph\Desktop\INHS WEBSITE NEW\inhs_ingetrated_github\nasyo_integrated\vendor\codeigniter4\framework\system\Files\File.php(140): CodeIgniter\HTTP\Files\UploadedFile->getExtension()
#5 C:\Users\yvesk\OneDrive - iloilonhs.edu.ph\Desktop\INHS WEBSITE NEW\inhs_ingetrated_github\nasyo_integrated\app\Controllers\ApplicantFiles.php(31): CodeIgniter\Files\File->getRandomName()
#6 C:\Users\yvesk\OneDrive - iloilonhs.edu.ph\Desktop\INHS WEBSITE NEW\inhs_ingetrated_github\nasyo_integrated\vendor\codeigniter4\framework\system\CodeIgniter.php(931): App\Controllers\ApplicantFiles->postApplicantDocument()
#7 C:\Users\yvesk\OneDrive - iloilonhs.edu.ph\Desktop\INHS WEBSITE NEW\inhs_ingetrated_github\nasyo_integrated\vendor\codeigniter4\framework\system\CodeIgniter.php(439): CodeIgniter\CodeIgniter->runController(Object(App\Controllers\ApplicantFiles))
#8 C:\Users\yvesk\OneDrive - iloilonhs.edu.ph\Desktop\INHS WEBSITE NEW\inhs_ingetrated_github\nasyo_integrated\vendor\codeigniter4\framework\system\CodeIgniter.php(339): CodeIgniter\CodeIgniter->handleRequest(NULL, Object(Config\Cache), false)
#9 C:\Users\yvesk\OneDrive - iloilonhs.edu.ph\Desktop\INHS WEBSITE NEW\inhs_ingetrated_github\nasyo_integrated\public\index.php(36): CodeIgniter\CodeIgniter->run()
#10 C:\Users\yvesk\OneDrive - iloilonhs.edu.ph\Desktop\INHS WEBSITE NEW\inhs_ingetrated_github\nasyo_integrated\vendor\codeigniter4\framework\system\Commands\Server\rewrite.php(45): require_once('C:\\Users\\yvesk\\...')
#11 {main}
CRITICAL - 2023-01-18 19:16:24 --> Uncaught CodeIgniter\Format\Exceptions\FormatException: Failed to parse json string, error: "Type is not supported". in C:\Users\yvesk\OneDrive - iloilonhs.edu.ph\Desktop\INHS WEBSITE NEW\inhs_ingetrated_github\nasyo_integrated\vendor\codeigniter4\framework\system\Format\JSONFormatter.php:42
Stack trace:
#0 C:\Users\yvesk\OneDrive - iloilonhs.edu.ph\Desktop\INHS WEBSITE NEW\inhs_ingetrated_github\nasyo_integrated\vendor\codeigniter4\framework\system\Format\JSONFormatter.php(42): CodeIgniter\Format\Exceptions\FormatException::forInvalidJSON('Type is not sup...')
#1 C:\Users\yvesk\OneDrive - iloilonhs.edu.ph\Desktop\INHS WEBSITE NEW\inhs_ingetrated_github\nasyo_integrated\vendor\codeigniter4\framework\system\API\ResponseTrait.php(423): CodeIgniter\Format\JSONFormatter->format(Array)
#2 C:\Users\yvesk\OneDrive - iloilonhs.edu.ph\Desktop\INHS WEBSITE NEW\inhs_ingetrated_github\nasyo_integrated\vendor\codeigniter4\framework\system\API\ResponseTrait.php(114): CodeIgniter\Debug\Exceptions->format(Array)
#3 C:\Users\
#0 [internal function]: CodeIgniter\Debug\Exceptions->shutdownHandler()
#1 {main}
