CRITICAL - 2022-07-24 22:02:14 --> Undefined variable $enStat
#0 G:\INHS WEBSITE\INHS_Integrated_v3\app\Controllers\Application.php(153): CodeIgniter\Debug\Exceptions->errorHandler(2, 'Undefined varia...', 'G:\\INHS WEBSITE...', 153)
#1 G:\INHS WEBSITE\INHS_Integrated_v3\vendor\codeigniter4\framework\system\CodeIgniter.php(931): App\Controllers\Application->index()
#2 G:\INHS WEBSITE\INHS_Integrated_v3\vendor\codeigniter4\framework\system\CodeIgniter.php(439): CodeIgniter\CodeIgniter->runController(Object(App\Controllers\Application))
#3 G:\INHS WEBSITE\INHS_Integrated_v3\vendor\codeigniter4\framework\system\CodeIgniter.php(339): CodeIgniter\CodeIgniter->handleRequest(NULL, Object(Config\Cache), false)
#4 G:\INHS WEBSITE\INHS_Integrated_v3\public\index.php(36): CodeIgniter\CodeIgniter->run()
#5 G:\INHS WEBSITE\INHS_Integrated_v3\vendor\codeigniter4\framework\system\Commands\Server\rewrite.php(45): require_once('G:\\INHS WEBSITE...')
#6 {main}
CRITICAL - 2022-07-24 22:03:44 --> Trying to access array offset on value of type null
#0 G:\INHS WEBSITE\INHS_Integrated_v3\app\Views\f_application\index.php(148): CodeIgniter\Debug\Exceptions->errorHandler(2, 'Trying to acces...', 'G:\\INHS WEBSITE...', 148)
#1 G:\INHS WEBSITE\INHS_Integrated_v3\vendor\codeigniter4\framework\system\View\View.php(230): include('G:\\INHS WEBSITE...')
#2 G:\INHS WEBSITE\INHS_Integrated_v3\vendor\codeigniter4\framework\system\View\View.php(232): CodeIgniter\View\View->CodeIgniter\View\{closure}()
#3 G:\INHS WEBSITE\INHS_Integrated_v3\vendor\codeigniter4\framework\system\Common.php(1250): CodeIgniter\View\View->render('f_application/i...', Array, true)
#4 G:\INHS WEBSITE\INHS_Integrated_v3\app\Controllers\Application.php(157): view('f_application/i...', Array)
#5 G:\INHS WEBSITE\INHS_Integrated_v3\vendor\codeigniter4\framework\system\CodeIgniter.php(931): App\Controllers\Application->index()
#6 G:\INHS WEBSITE\INHS_Integrated_v3\vendor\codeigniter4\framework\system\CodeIgniter.php(439): CodeIgniter\CodeIgniter->runController(Object(App\Controllers\Application))
#7 G:\INHS WEBSITE\INHS_Integrated_v3\vendor\codeigniter4\framework\system\CodeIgniter.php(339): CodeIgniter\CodeIgniter->handleRequest(NULL, Object(Config\Cache), false)
#8 G:\INHS WEBSITE\INHS_Integrated_v3\public\index.php(36): CodeIgniter\CodeIgniter->run()
#9 G:\INHS WEBSITE\INHS_Integrated_v3\vendor\codeigniter4\framework\system\Commands\Server\rewrite.php(45): require_once('G:\\INHS WEBSITE...')
#10 {main}
CRITICAL - 2022-07-24 22:05:40 --> Trying to access array offset on value of type null
#0 G:\INHS WEBSITE\INHS_Integrated_v3\app\Views\f_application\index.php(148): CodeIgniter\Debug\Exceptions->errorHandler(2, 'Trying to acces...', 'G:\\INHS WEBSITE...', 148)
#1 G:\INHS WEBSITE\INHS_Integrated_v3\vendor\codeigniter4\framework\system\View\View.php(230): include('G:\\INHS WEBSITE...')
#2 G:\INHS WEBSITE\INHS_Integrated_v3\vendor\codeigniter4\framework\system\View\View.php(232): CodeIgniter\View\View->CodeIgniter\View\{closure}()
#3 G:\INHS WEBSITE\INHS_Integrated_v3\vendor\codeigniter4\framework\system\Common.php(1250): CodeIgniter\View\View->render('f_application/i...', Array, true)
#4 G:\INHS WEBSITE\INHS_Integrated_v3\app\Controllers\Application.php(157): view('f_application/i...', Array)
#5 G:\INHS WEBSITE\INHS_Integrated_v3\vendor\codeigniter4\framework\system\CodeIgniter.php(931): App\Controllers\Application->index()
#6 G:\INHS WEBSITE\INHS_Integrated_v3\vendor\codeigniter4\framework\system\CodeIgniter.php(439): CodeIgniter\CodeIgniter->runController(Object(App\Controllers\Application))
#7 G:\INHS WEBSITE\INHS_Integrated_v3\vendor\codeigniter4\framework\system\CodeIgniter.php(339): CodeIgniter\CodeIgniter->handleRequest(NULL, Object(Config\Cache), false)
#8 G:\INHS WEBSITE\INHS_Integrated_v3\public\index.php(36): CodeIgniter\CodeIgniter->run()
#9 G:\INHS WEBSITE\INHS_Integrated_v3\vendor\codeigniter4\framework\system\Commands\Server\rewrite.php(45): require_once('G:\\INHS WEBSITE...')
#10 {main}
CRITICAL - 2022-07-24 22:07:03 --> Trying to access array offset on value of type null
#0 G:\INHS WEBSITE\INHS_Integrated_v3\app\Views\f_application\index.php(148): CodeIgniter\Debug\Exceptions->errorHandler(2, 'Trying to acces...', 'G:\\INHS WEBSITE...', 148)
#1 G:\INHS WEBSITE\INHS_Integrated_v3\vendor\codeigniter4\framework\system\View\View.php(230): include('G:\\INHS WEBSITE...')
#2 G:\INHS WEBSITE\INHS_Integrated_v3\vendor\codeigniter4\framework\system\View\View.php(232): CodeIgniter\View\View->CodeIgniter\View\{closure}()
#3 G:\INHS WEBSITE\INHS_Integrated_v3\vendor\codeigniter4\framework\system\Common.php(1250): CodeIgniter\View\View->render('f_application/i...', Array, true)
#4 G:\INHS WEBSITE\INHS_Integrated_v3\app\Controllers\Application.php(157): view('f_application/i...', Array)
#5 G:\INHS WEBSITE\INHS_Integrated_v3\vendor\codeigniter4\framework\system\CodeIgniter.php(931): App\Controllers\Application->index()
#6 G:\INHS WEBSITE\INHS_Integrated_v3\vendor\codeigniter4\framework\system\CodeIgniter.php(439): CodeIgniter\CodeIgniter->runController(Object(App\Controllers\Application))
#7 G:\INHS WEBSITE\INHS_Integrated_v3\vendor\codeigniter4\framework\system\CodeIgniter.php(339): CodeIgniter\CodeIgniter->handleRequest(NULL, Object(Config\Cache), false)
#8 G:\INHS WEBSITE\INHS_Integrated_v3\public\index.php(36): CodeIgniter\CodeIgniter->run()
#9 G:\INHS WEBSITE\INHS_Integrated_v3\vendor\codeigniter4\framework\system\Commands\Server\rewrite.php(45): require_once('G:\\INHS WEBSITE...')
#10 {main}
CRITICAL - 2022-07-24 22:07:24 --> Trying to access array offset on value of type null
#0 G:\INHS WEBSITE\INHS_Integrated_v3\app\Views\f_application\index.php(148): CodeIgniter\Debug\Exceptions->errorHandler(2, 'Trying to acces...', 'G:\\INHS WEBSITE...', 148)
#1 G:\INHS WEBSITE\INHS_Integrated_v3\vendor\codeigniter4\framework\system\View\View.php(230): include('G:\\INHS WEBSITE...')
#2 G:\INHS WEBSITE\INHS_Integrated_v3\vendor\codeigniter4\framework\system\View\View.php(232): CodeIgniter\View\View->CodeIgniter\View\{closure}()
#3 G:\INHS WEBSITE\INHS_Integrated_v3\vendor\codeigniter4\framework\system\Common.php(1250): CodeIgniter\View\View->render('f_application/i...', Array, true)
#4 G:\INHS WEBSITE\INHS_Integrated_v3\app\Controllers\Application.php(157): view('f_application/i...', Array)
#5 G:\INHS WEBSITE\INHS_Integrated_v3\vendor\codeigniter4\framework\system\CodeIgniter.php(931): App\Controllers\Application->index()
#6 G:\INHS WEBSITE\INHS_Integrated_v3\vendor\codeigniter4\framework\system\CodeIgniter.php(439): CodeIgniter\CodeIgniter->runController(Object(App\Controllers\Application))
#7 G:\INHS WEBSITE\INHS_Integrated_v3\vendor\codeigniter4\framework\system\CodeIgniter.php(339): CodeIgniter\CodeIgniter->handleRequest(NULL, Object(Config\Cache), false)
#8 G:\INHS WEBSITE\INHS_Integrated_v3\public\index.php(36): CodeIgniter\CodeIgniter->run()
#9 G:\INHS WEBSITE\INHS_Integrated_v3\vendor\codeigniter4\framework\system\Commands\Server\rewrite.php(45): require_once('G:\\INHS WEBSITE...')
#10 {main}
CRITICAL - 2022-07-24 22:07:43 --> Trying to access array offset on value of type null
#0 G:\INHS WEBSITE\INHS_Integrated_v3\app\Views\f_application\index.php(366): CodeIgniter\Debug\Exceptions->errorHandler(2, 'Trying to acces...', 'G:\\INHS WEBSITE...', 366)
#1 G:\INHS WEBSITE\INHS_Integrated_v3\vendor\codeigniter4\framework\system\View\View.php(230): include('G:\\INHS WEBSITE...')
#2 G:\INHS WEBSITE\INHS_Integrated_v3\vendor\codeigniter4\framework\system\View\View.php(232): CodeIgniter\View\View->CodeIgniter\View\{closure}()
#3 G:\INHS WEBSITE\INHS_Integrated_v3\vendor\codeigniter4\framework\system\Common.php(1250): CodeIgniter\View\View->render('f_application/i...', Array, true)
#4 G:\INHS WEBSITE\INHS_Integrated_v3\app\Controllers\Application.php(157): view('f_application/i...', Array)
#5 G:\INHS WEBSITE\INHS_Integrated_v3\vendor\codeigniter4\framework\system\CodeIgniter.php(931): App\Controllers\Application->index()
#6 G:\INHS WEBSITE\INHS_Integrated_v3\vendor\codeigniter4\framework\system\CodeIgniter.php(439): CodeIgniter\CodeIgniter->runController(Object(App\Controllers\Application))
#7 G:\INHS WEBSITE\INHS_Integrated_v3\vendor\codeigniter4\framework\system\CodeIgniter.php(339): CodeIgniter\CodeIgniter->handleRequest(NULL, Object(Config\Cache), false)
#8 G:\INHS WEBSITE\INHS_Integrated_v3\public\index.php(36): CodeIgniter\CodeIgniter->run()
#9 G:\INHS WEBSITE\INHS_Integrated_v3\vendor\codeigniter4\framework\system\Commands\Server\rewrite.php(45): require_once('G:\\INHS WEBSITE...')
#10 {main}
CRITICAL - 2022-07-24 22:10:41 --> Trying to access array offset on value of type null
#0 G:\INHS WEBSITE\INHS_Integrated_v3\app\Views\f_application\index.php(148): CodeIgniter\Debug\Exceptions->errorHandler(2, 'Trying to acces...', 'G:\\INHS WEBSITE...', 148)
#1 G:\INHS WEBSITE\INHS_Integrated_v3\vendor\codeigniter4\framework\system\View\View.php(230): include('G:\\INHS WEBSITE...')
#2 G:\INHS WEBSITE\INHS_Integrated_v3\vendor\codeigniter4\framework\system\View\View.php(232): CodeIgniter\View\View->CodeIgniter\View\{closure}()
#3 G:\INHS WEBSITE\INHS_Integrated_v3\vendor\codeigniter4\framework\system\Common.php(1250): CodeIgniter\View\View->render('f_application/i...', Array, true)
#4 G:\INHS WEBSITE\INHS_Integrated_v3\app\Controllers\Application.php(158): view('f_application/i...', Array)
#5 G:\INHS WEBSITE\INHS_Integrated_v3\vendor\codeigniter4\framework\system\CodeIgniter.php(931): App\Controllers\Application->index()
#6 G:\INHS WEBSITE\INHS_Integrated_v3\vendor\codeigniter4\framework\system\CodeIgniter.php(439): CodeIgniter\CodeIgniter->runController(Object(App\Controllers\Application))
#7 G:\INHS WEBSITE\INHS_Integrated_v3\vendor\codeigniter4\framework\system\CodeIgniter.php(339): CodeIgniter\CodeIgniter->handleRequest(NULL, Object(Config\Cache), false)
#8 G:\INHS WEBSITE\INHS_Integrated_v3\public\index.php(36): CodeIgniter\CodeIgniter->run()
#9 G:\INHS WEBSITE\INHS_Integrated_v3\vendor\codeigniter4\framework\system\Commands\Server\rewrite.php(45): require_once('G:\\INHS WEBSITE...')
#10 {main}
CRITICAL - 2022-07-24 22:12:52 --> Trying to access array offset on value of type null
#0 G:\INHS WEBSITE\INHS_Integrated_v3\app\Views\f_application\index.php(148): CodeIgniter\Debug\Exceptions->errorHandler(2, 'Trying to acces...', 'G:\\INHS WEBSITE...', 148)
#1 G:\INHS WEBSITE\INHS_Integrated_v3\vendor\codeigniter4\framework\system\View\View.php(230): include('G:\\INHS WEBSITE...')
#2 G:\INHS WEBSITE\INHS_Integrated_v3\vendor\codeigniter4\framework\system\View\View.php(232): CodeIgniter\View\View->CodeIgniter\View\{closure}()
#3 G:\INHS WEBSITE\INHS_Integrated_v3\vendor\codeigniter4\framework\system\Common.php(1250): CodeIgniter\View\View->render('f_application/i...', Array, true)
#4 G:\INHS WEBSITE\INHS_Integrated_v3\app\Controllers\Application.php(156): view('f_application/i...', Array)
#5 G:\INHS WEBSITE\INHS_Integrated_v3\vendor\codeigniter4\framework\system\CodeIgniter.php(931): App\Controllers\Application->index()
#6 G:\INHS WEBSITE\INHS_Integrated_v3\vendor\codeigniter4\framework\system\CodeIgniter.php(439): CodeIgniter\CodeIgniter->runController(Object(App\Controllers\Application))
#7 G:\INHS WEBSITE\INHS_Integrated_v3\vendor\codeigniter4\framework\system\CodeIgniter.php(339): CodeIgniter\CodeIgniter->handleRequest(NULL, Object(Config\Cache), false)
#8 G:\INHS WEBSITE\INHS_Integrated_v3\public\index.php(36): CodeIgniter\CodeIgniter->run()
#9 G:\INHS WEBSITE\INHS_Integrated_v3\vendor\codeigniter4\framework\system\Commands\Server\rewrite.php(45): require_once('G:\\INHS WEBSITE...')
#10 {main}
CRITICAL - 2022-07-24 22:13:05 --> Trying to access array offset on value of type null
#0 G:\INHS WEBSITE\INHS_Integrated_v3\app\Views\f_application\index.php(148): CodeIgniter\Debug\Exceptions->errorHandler(2, 'Trying to acces...', 'G:\\INHS WEBSITE...', 148)
#1 G:\INHS WEBSITE\INHS_Integrated_v3\vendor\codeigniter4\framework\system\View\View.php(230): include('G:\\INHS WEBSITE...')
#2 G:\INHS WEBSITE\INHS_Integrated_v3\vendor\codeigniter4\framework\system\View\View.php(232): CodeIgniter\View\View->CodeIgniter\View\{closure}()
#3 G:\INHS WEBSITE\INHS_Integrated_v3\vendor\codeigniter4\framework\system\Common.php(1250): CodeIgniter\View\View->render('f_application/i...', Array, true)
#4 G:\INHS WEBSITE\INHS_Integrated_v3\app\Controllers\Application.php(156): view('f_application/i...', Array)
#5 G:\INHS WEBSITE\INHS_Integrated_v3\vendor\codeigniter4\framework\system\CodeIgniter.php(931): App\Controllers\Application->index()
#6 G:\INHS WEBSITE\INHS_Integrated_v3\vendor\codeigniter4\framework\system\CodeIgniter.php(439): CodeIgniter\CodeIgniter->runController(Object(App\Controllers\Application))
#7 G:\INHS WEBSITE\INHS_Integrated_v3\vendor\codeigniter4\framework\system\CodeIgniter.php(339): CodeIgniter\CodeIgniter->handleRequest(NULL, Object(Config\Cache), false)
#8 G:\INHS WEBSITE\INHS_Integrated_v3\public\index.php(36): CodeIgniter\CodeIgniter->run()
#9 G:\INHS WEBSITE\INHS_Integrated_v3\vendor\codeigniter4\framework\system\Commands\Server\rewrite.php(45): require_once('G:\\INHS WEBSITE...')
#10 {main}
CRITICAL - 2022-07-24 22:16:56 --> Trying to access array offset on value of type null
#0 G:\INHS WEBSITE\INHS_Integrated_v3\app\Views\f_application\index.php(366): CodeIgniter\Debug\Exceptions->errorHandler(2, 'Trying to acces...', 'G:\\INHS WEBSITE...', 366)
#1 G:\INHS WEBSITE\INHS_Integrated_v3\vendor\codeigniter4\framework\system\View\View.php(230): include('G:\\INHS WEBSITE...')
#2 G:\INHS WEBSITE\INHS_Integrated_v3\vendor\codeigniter4\framework\system\View\View.php(232): CodeIgniter\View\View->CodeIgniter\View\{closure}()
#3 G:\INHS WEBSITE\INHS_Integrated_v3\vendor\codeigniter4\framework\system\Common.php(1250): CodeIgniter\View\View->render('f_application/i...', Array, true)
#4 G:\INHS WEBSITE\INHS_Integrated_v3\app\Controllers\Application.php(156): view('f_application/i...', Array)
#5 G:\INHS WEBSITE\INHS_Integrated_v3\vendor\codeigniter4\framework\system\CodeIgniter.php(931): App\Controllers\Application->index()
#6 G:\INHS WEBSITE\INHS_Integrated_v3\vendor\codeigniter4\framework\system\CodeIgniter.php(439): CodeIgniter\CodeIgniter->runController(Object(App\Controllers\Application))
#7 G:\INHS WEBSITE\INHS_Integrated_v3\vendor\codeigniter4\framework\system\CodeIgniter.php(339): CodeIgniter\CodeIgniter->handleRequest(NULL, Object(Config\Cache), false)
#8 G:\INHS WEBSITE\INHS_Integrated_v3\public\index.php(36): CodeIgniter\CodeIgniter->run()
#9 G:\INHS WEBSITE\INHS_Integrated_v3\vendor\codeigniter4\framework\system\Commands\Server\rewrite.php(45): require_once('G:\\INHS WEBSITE...')
#10 {main}
CRITICAL - 2022-07-24 22:18:27 --> Trying to access array offset on value of type null
#0 G:\INHS WEBSITE\INHS_Integrated_v3\app\Views\f_application\index.php(367): CodeIgniter\Debug\Exceptions->errorHandler(2, 'Trying to acces...', 'G:\\INHS WEBSITE...', 367)
#1 G:\INHS WEBSITE\INHS_Integrated_v3\vendor\codeigniter4\framework\system\View\View.php(230): include('G:\\INHS WEBSITE...')
#2 G:\INHS WEBSITE\INHS_Integrated_v3\vendor\codeigniter4\framework\system\View\View.php(232): CodeIgniter\View\View->CodeIgniter\View\{closure}()
#3 G:\INHS WEBSITE\INHS_Integrated_v3\vendor\codeigniter4\framework\system\Common.php(1250): CodeIgniter\View\View->render('f_application/i...', Array, true)
#4 G:\INHS WEBSITE\INHS_Integrated_v3\app\Controllers\Application.php(156): view('f_application/i...', Array)
#5 G:\INHS WEBSITE\INHS_Integrated_v3\vendor\codeigniter4\framework\system\CodeIgniter.php(931): App\Controllers\Application->index()
#6 G:\INHS WEBSITE\INHS_Integrated_v3\vendor\codeigniter4\framework\system\CodeIgniter.php(439): CodeIgniter\CodeIgniter->runController(Object(App\Controllers\Application))
#7 G:\INHS WEBSITE\INHS_Integrated_v3\vendor\codeigniter4\framework\system\CodeIgniter.php(339): CodeIgniter\CodeIgniter->handleRequest(NULL, Object(Config\Cache), false)
#8 G:\INHS WEBSITE\INHS_Integrated_v3\public\index.php(36): CodeIgniter\CodeIgniter->run()
#9 G:\INHS WEBSITE\INHS_Integrated_v3\vendor\codeigniter4\framework\system\Commands\Server\rewrite.php(45): require_once('G:\\INHS WEBSITE...')
#10 {main}
CRITICAL - 2022-07-24 23:24:20 --> Trying to access array offset on value of type null
#0 G:\INHS WEBSITE\INHS_Integrated_v3\app\Views\f_application\index.php(148): CodeIgniter\Debug\Exceptions->errorHandler(2, 'Trying to acces...', 'G:\\INHS WEBSITE...', 148)
#1 G:\INHS WEBSITE\INHS_Integrated_v3\vendor\codeigniter4\framework\system\View\View.php(230): include('G:\\INHS WEBSITE...')
#2 G:\INHS WEBSITE\INHS_Integrated_v3\vendor\codeigniter4\framework\system\View\View.php(232): CodeIgniter\View\View->CodeIgniter\View\{closure}()
#3 G:\INHS WEBSITE\INHS_Integrated_v3\vendor\codeigniter4\framework\system\Common.php(1250): CodeIgniter\View\View->render('f_application/i...', Array, true)
#4 G:\INHS WEBSITE\INHS_Integrated_v3\app\Controllers\Application.php(156): view('f_application/i...', Array)
#5 G:\INHS WEBSITE\INHS_Integrated_v3\vendor\codeigniter4\framework\system\CodeIgniter.php(931): App\Controllers\Application->index()
#6 G:\INHS WEBSITE\INHS_Integrated_v3\vendor\codeigniter4\framework\system\CodeIgniter.php(439): CodeIgniter\CodeIgniter->runController(Object(App\Controllers\Application))
#7 G:\INHS WEBSITE\INHS_Integrated_v3\vendor\codeigniter4\framework\system\CodeIgniter.php(339): CodeIgniter\CodeIgniter->handleRequest(NULL, Object(Config\Cache), false)
#8 G:\INHS WEBSITE\INHS_Integrated_v3\public\index.php(36): CodeIgniter\CodeIgniter->run()
#9 G:\INHS WEBSITE\INHS_Integrated_v3\vendor\codeigniter4\framework\system\Commands\Server\rewrite.php(45): require_once('G:\\INHS WEBSITE...')
#10 {main}
CRITICAL - 2022-07-24 23:24:52 --> Trying to access array offset on value of type null
#0 G:\INHS WEBSITE\INHS_Integrated_v3\app\Views\f_application\index.php(148): CodeIgniter\Debug\Exceptions->errorHandler(2, 'Trying to acces...', 'G:\\INHS WEBSITE...', 148)
#1 G:\INHS WEBSITE\INHS_Integrated_v3\vendor\codeigniter4\framework\system\View\View.php(230): include('G:\\INHS WEBSITE...')
#2 G:\INHS WEBSITE\INHS_Integrated_v3\vendor\codeigniter4\framework\system\View\View.php(232): CodeIgniter\View\View->CodeIgniter\View\{closure}()
#3 G:\INHS WEBSITE\INHS_Integrated_v3\vendor\codeigniter4\framework\system\Common.php(1250): CodeIgniter\View\View->render('f_application/i...', Array, true)
#4 G:\INHS WEBSITE\INHS_Integrated_v3\app\Controllers\Application.php(156): view('f_application/i...', Array)
#5 G:\INHS WEBSITE\INHS_Integrated_v3\vendor\codeigniter4\framework\system\CodeIgniter.php(931): App\Controllers\Application->index()
#6 G:\INHS WEBSITE\INHS_Integrated_v3\vendor\codeigniter4\framework\system\CodeIgniter.php(439): CodeIgniter\CodeIgniter->runController(Object(App\Controllers\Application))
#7 G:\INHS WEBSITE\INHS_Integrated_v3\vendor\codeigniter4\framework\system\CodeIgniter.php(339): CodeIgniter\CodeIgniter->handleRequest(NULL, Object(Config\Cache), false)
#8 G:\INHS WEBSITE\INHS_Integrated_v3\public\index.php(36): CodeIgniter\CodeIgniter->run()
#9 G:\INHS WEBSITE\INHS_Integrated_v3\vendor\codeigniter4\framework\system\Commands\Server\rewrite.php(45): require_once('G:\\INHS WEBSITE...')
#10 {main}
CRITICAL - 2022-07-24 23:25:47 --> Call to undefined function isNull()
#0 G:\INHS WEBSITE\INHS_Integrated_v3\vendor\codeigniter4\framework\system\View\View.php(230): include()
#1 G:\INHS WEBSITE\INHS_Integrated_v3\vendor\codeigniter4\framework\system\View\View.php(232): CodeIgniter\View\View->CodeIgniter\View\{closure}()
#2 G:\INHS WEBSITE\INHS_Integrated_v3\vendor\codeigniter4\framework\system\Common.php(1250): CodeIgniter\View\View->render('f_application/i...', Array, true)
#3 G:\INHS WEBSITE\INHS_Integrated_v3\app\Controllers\Application.php(156): view('f_application/i...', Array)
#4 G:\INHS WEBSITE\INHS_Integrated_v3\vendor\codeigniter4\framework\system\CodeIgniter.php(931): App\Controllers\Application->index()
#5 G:\INHS WEBSITE\INHS_Integrated_v3\vendor\codeigniter4\framework\system\CodeIgniter.php(439): CodeIgniter\CodeIgniter->runController(Object(App\Controllers\Application))
#6 G:\INHS WEBSITE\INHS_Integrated_v3\vendor\codeigniter4\framework\system\CodeIgniter.php(339): CodeIgniter\CodeIgniter->handleRequest(NULL, Object(Config\Cache), false)
#7 G:\INHS WEBSITE\INHS_Integrated_v3\public\index.php(36): CodeIgniter\CodeIgniter->run()
#8 G:\INHS WEBSITE\INHS_Integrated_v3\vendor\codeigniter4\framework\system\Commands\Server\rewrite.php(45): require_once('G:\\INHS WEBSITE...')
#9 {main}
CRITICAL - 2022-07-24 23:25:57 --> Call to undefined function isnull()
#0 G:\INHS WEBSITE\INHS_Integrated_v3\vendor\codeigniter4\framework\system\View\View.php(230): include()
#1 G:\INHS WEBSITE\INHS_Integrated_v3\vendor\codeigniter4\framework\system\View\View.php(232): CodeIgniter\View\View->CodeIgniter\View\{closure}()
#2 G:\INHS WEBSITE\INHS_Integrated_v3\vendor\codeigniter4\framework\system\Common.php(1250): CodeIgniter\View\View->render('f_application/i...', Array, true)
#3 G:\INHS WEBSITE\INHS_Integrated_v3\app\Controllers\Application.php(156): view('f_application/i...', Array)
#4 G:\INHS WEBSITE\INHS_Integrated_v3\vendor\codeigniter4\framework\system\CodeIgniter.php(931): App\Controllers\Application->index()
#5 G:\INHS WEBSITE\INHS_Integrated_v3\vendor\codeigniter4\framework\system\CodeIgniter.php(439): CodeIgniter\CodeIgniter->runController(Object(App\Controllers\Application))
#6 G:\INHS WEBSITE\INHS_Integrated_v3\vendor\codeigniter4\framework\system\CodeIgniter.php(339): CodeIgniter\CodeIgniter->handleRequest(NULL, Object(Config\Cache), false)
#7 G:\INHS WEBSITE\INHS_Integrated_v3\public\index.php(36): CodeIgniter\CodeIgniter->run()
#8 G:\INHS WEBSITE\INHS_Integrated_v3\vendor\codeigniter4\framework\system\Commands\Server\rewrite.php(45): require_once('G:\\INHS WEBSITE...')
#9 {main}
CRITICAL - 2022-07-24 23:27:29 --> Call to undefined function isnull()
#0 G:\INHS WEBSITE\INHS_Integrated_v3\vendor\codeigniter4\framework\system\View\View.php(230): include()
#1 G:\INHS WEBSITE\INHS_Integrated_v3\vendor\codeigniter4\framework\system\View\View.php(232): CodeIgniter\View\View->CodeIgniter\View\{closure}()
#2 G:\INHS WEBSITE\INHS_Integrated_v3\vendor\codeigniter4\framework\system\Common.php(1250): CodeIgniter\View\View->render('f_application/i...', Array, true)
#3 G:\INHS WEBSITE\INHS_Integrated_v3\app\Controllers\Application.php(156): view('f_application/i...', Array)
#4 G:\INHS WEBSITE\INHS_Integrated_v3\vendor\codeigniter4\framework\system\CodeIgniter.php(931): App\Controllers\Application->index()
#5 G:\INHS WEBSITE\INHS_Integrated_v3\vendor\codeigniter4\framework\system\CodeIgniter.php(439): CodeIgniter\CodeIgniter->runController(Object(App\Controllers\Application))
#6 G:\INHS WEBSITE\INHS_Integrated_v3\vendor\codeigniter4\framework\system\CodeIgniter.php(339): CodeIgniter\CodeIgniter->handleRequest(NULL, Object(Config\Cache), false)
#7 G:\INHS WEBSITE\INHS_Integrated_v3\public\index.php(36): CodeIgniter\CodeIgniter->run()
#8 G:\INHS WEBSITE\INHS_Integrated_v3\vendor\codeigniter4\framework\system\Commands\Server\rewrite.php(45): require_once('G:\\INHS WEBSITE...')
#9 {main}
CRITICAL - 2022-07-24 23:27:47 --> Trying to access array offset on value of type null
#0 G:\INHS WEBSITE\INHS_Integrated_v3\app\Views\f_application\index.php(148): CodeIgniter\Debug\Exceptions->errorHandler(2, 'Trying to acces...', 'G:\\INHS WEBSITE...', 148)
#1 G:\INHS WEBSITE\INHS_Integrated_v3\vendor\codeigniter4\framework\system\View\View.php(230): include('G:\\INHS WEBSITE...')
#2 G:\INHS WEBSITE\INHS_Integrated_v3\vendor\codeigniter4\framework\system\View\View.php(232): CodeIgniter\View\View->CodeIgniter\View\{closure}()
#3 G:\INHS WEBSITE\INHS_Integrated_v3\vendor\codeigniter4\framework\system\Common.php(1250): CodeIgniter\View\View->render('f_application/i...', Array, true)
#4 G:\INHS WEBSITE\INHS_Integrated_v3\app\Controllers\Application.php(156): view('f_application/i...', Array)
#5 G:\INHS WEBSITE\INHS_Integrated_v3\vendor\codeigniter4\framework\system\CodeIgniter.php(931): App\Controllers\Application->index()
#6 G:\INHS WEBSITE\INHS_Integrated_v3\vendor\codeigniter4\framework\system\CodeIgniter.php(439): CodeIgniter\CodeIgniter->runController(Object(App\Controllers\Application))
#7 G:\INHS WEBSITE\INHS_Integrated_v3\vendor\codeigniter4\framework\system\CodeIgniter.php(339): CodeIgniter\CodeIgniter->handleRequest(NULL, Object(Config\Cache), false)
#8 G:\INHS WEBSITE\INHS_Integrated_v3\public\index.php(36): CodeIgniter\CodeIgniter->run()
#9 G:\INHS WEBSITE\INHS_Integrated_v3\vendor\codeigniter4\framework\system\Commands\Server\rewrite.php(45): require_once('G:\\INHS WEBSITE...')
#10 {main}
CRITICAL - 2022-07-24 23:28:09 --> Trying to access array offset on value of type null
#0 G:\INHS WEBSITE\INHS_Integrated_v3\app\Views\f_application\index.php(148): CodeIgniter\Debug\Exceptions->errorHandler(2, 'Trying to acces...', 'G:\\INHS WEBSITE...', 148)
#1 G:\INHS WEBSITE\INHS_Integrated_v3\vendor\codeigniter4\framework\system\View\View.php(230): include('G:\\INHS WEBSITE...')
#2 G:\INHS WEBSITE\INHS_Integrated_v3\vendor\codeigniter4\framework\system\View\View.php(232): CodeIgniter\View\View->CodeIgniter\View\{closure}()
#3 G:\INHS WEBSITE\INHS_Integrated_v3\vendor\codeigniter4\framework\system\Common.php(1250): CodeIgniter\View\View->render('f_application/i...', Array, true)
#4 G:\INHS WEBSITE\INHS_Integrated_v3\app\Controllers\Application.php(156): view('f_application/i...', Array)
#5 G:\INHS WEBSITE\INHS_Integrated_v3\vendor\codeigniter4\framework\system\CodeIgniter.php(931): App\Controllers\Application->index()
#6 G:\INHS WEBSITE\INHS_Integrated_v3\vendor\codeigniter4\framework\system\CodeIgniter.php(439): CodeIgniter\CodeIgniter->runController(Object(App\Controllers\Application))
#7 G:\INHS WEBSITE\INHS_Integrated_v3\vendor\codeigniter4\framework\system\CodeIgniter.php(339): CodeIgniter\CodeIgniter->handleRequest(NULL, Object(Config\Cache), false)
#8 G:\INHS WEBSITE\INHS_Integrated_v3\public\index.php(36): CodeIgniter\CodeIgniter->run()
#9 G:\INHS WEBSITE\INHS_Integrated_v3\vendor\codeigniter4\framework\system\Commands\Server\rewrite.php(45): require_once('G:\\INHS WEBSITE...')
#10 {main}
